[2024-01-28T22:57:36.639+0100] {processor.py:161} INFO - Started process (PID=15632) to work on /home/ubuntu/.local/lib/python3.10/site-packages/airflow/example_dags/example_python_operator.py
[2024-01-28T22:57:36.641+0100] {processor.py:830} INFO - Processing file /home/ubuntu/.local/lib/python3.10/site-packages/airflow/example_dags/example_python_operator.py for tasks to queue
[2024-01-28T22:57:36.644+0100] {logging_mixin.py:188} INFO - [2024-01-28T22:57:36.643+0100] {dagbag.py:538} INFO - Filling up the DagBag from /home/ubuntu/.local/lib/python3.10/site-packages/airflow/example_dags/example_python_operator.py
[2024-01-28T22:57:36.659+0100] {processor.py:840} INFO - DAG(s) 'example_python_operator' retrieved from /home/ubuntu/.local/lib/python3.10/site-packages/airflow/example_dags/example_python_operator.py
[2024-01-28T22:57:36.780+0100] {logging_mixin.py:188} INFO - [2024-01-28T22:57:36.780+0100] {dag.py:3033} INFO - Sync 1 DAGs
[2024-01-28T22:57:36.796+0100] {logging_mixin.py:188} INFO - [2024-01-28T22:57:36.795+0100] {dag.py:3820} INFO - Setting next_dagrun for example_python_operator to None, run_after=None
[2024-01-28T22:57:36.841+0100] {processor.py:183} INFO - Processing /home/ubuntu/.local/lib/python3.10/site-packages/airflow/example_dags/example_python_operator.py took 0.208 seconds
[2024-01-28T22:58:47.619+0100] {processor.py:161} INFO - Started process (PID=15729) to work on /home/ubuntu/.local/lib/python3.10/site-packages/airflow/example_dags/example_python_operator.py
[2024-01-28T22:58:47.621+0100] {processor.py:830} INFO - Processing file /home/ubuntu/.local/lib/python3.10/site-packages/airflow/example_dags/example_python_operator.py for tasks to queue
[2024-01-28T22:58:47.623+0100] {logging_mixin.py:188} INFO - [2024-01-28T22:58:47.622+0100] {dagbag.py:538} INFO - Filling up the DagBag from /home/ubuntu/.local/lib/python3.10/site-packages/airflow/example_dags/example_python_operator.py
[2024-01-28T22:58:47.638+0100] {processor.py:840} INFO - DAG(s) 'example_python_operator' retrieved from /home/ubuntu/.local/lib/python3.10/site-packages/airflow/example_dags/example_python_operator.py
[2024-01-28T22:58:47.666+0100] {logging_mixin.py:188} INFO - [2024-01-28T22:58:47.665+0100] {dag.py:3033} INFO - Sync 1 DAGs
[2024-01-28T22:58:47.685+0100] {logging_mixin.py:188} INFO - [2024-01-28T22:58:47.685+0100] {dag.py:3820} INFO - Setting next_dagrun for example_python_operator to None, run_after=None
[2024-01-28T22:58:47.726+0100] {processor.py:183} INFO - Processing /home/ubuntu/.local/lib/python3.10/site-packages/airflow/example_dags/example_python_operator.py took 0.111 seconds
[2024-01-28T22:59:41.000+0100] {processor.py:161} INFO - Started process (PID=15787) to work on /home/ubuntu/.local/lib/python3.10/site-packages/airflow/example_dags/example_python_operator.py
[2024-01-28T22:59:41.004+0100] {processor.py:830} INFO - Processing file /home/ubuntu/.local/lib/python3.10/site-packages/airflow/example_dags/example_python_operator.py for tasks to queue
[2024-01-28T22:59:41.006+0100] {logging_mixin.py:188} INFO - [2024-01-28T22:59:41.006+0100] {dagbag.py:538} INFO - Filling up the DagBag from /home/ubuntu/.local/lib/python3.10/site-packages/airflow/example_dags/example_python_operator.py
[2024-01-28T22:59:41.029+0100] {processor.py:840} INFO - DAG(s) 'example_python_operator' retrieved from /home/ubuntu/.local/lib/python3.10/site-packages/airflow/example_dags/example_python_operator.py
[2024-01-28T22:59:41.092+0100] {logging_mixin.py:188} INFO - [2024-01-28T22:59:41.090+0100] {dag.py:3033} INFO - Sync 1 DAGs
[2024-01-28T22:59:41.154+0100] {logging_mixin.py:188} INFO - [2024-01-28T22:59:41.153+0100] {dag.py:3820} INFO - Setting next_dagrun for example_python_operator to None, run_after=None
[2024-01-28T22:59:41.298+0100] {processor.py:183} INFO - Processing /home/ubuntu/.local/lib/python3.10/site-packages/airflow/example_dags/example_python_operator.py took 0.303 seconds
[2024-01-28T23:00:51.972+0100] {processor.py:161} INFO - Started process (PID=15868) to work on /home/ubuntu/.local/lib/python3.10/site-packages/airflow/example_dags/example_python_operator.py
[2024-01-28T23:00:51.974+0100] {processor.py:830} INFO - Processing file /home/ubuntu/.local/lib/python3.10/site-packages/airflow/example_dags/example_python_operator.py for tasks to queue
[2024-01-28T23:00:51.975+0100] {logging_mixin.py:188} INFO - [2024-01-28T23:00:51.974+0100] {dagbag.py:538} INFO - Filling up the DagBag from /home/ubuntu/.local/lib/python3.10/site-packages/airflow/example_dags/example_python_operator.py
[2024-01-28T23:00:51.987+0100] {processor.py:840} INFO - DAG(s) 'example_python_operator' retrieved from /home/ubuntu/.local/lib/python3.10/site-packages/airflow/example_dags/example_python_operator.py
[2024-01-28T23:00:52.007+0100] {logging_mixin.py:188} INFO - [2024-01-28T23:00:52.006+0100] {dag.py:3033} INFO - Sync 1 DAGs
[2024-01-28T23:00:52.019+0100] {logging_mixin.py:188} INFO - [2024-01-28T23:00:52.019+0100] {dag.py:3820} INFO - Setting next_dagrun for example_python_operator to None, run_after=None
[2024-01-28T23:00:52.047+0100] {processor.py:183} INFO - Processing /home/ubuntu/.local/lib/python3.10/site-packages/airflow/example_dags/example_python_operator.py took 0.080 seconds
[2024-01-28T23:01:57.849+0100] {processor.py:161} INFO - Started process (PID=15947) to work on /home/ubuntu/.local/lib/python3.10/site-packages/airflow/example_dags/example_python_operator.py
[2024-01-28T23:01:57.851+0100] {processor.py:830} INFO - Processing file /home/ubuntu/.local/lib/python3.10/site-packages/airflow/example_dags/example_python_operator.py for tasks to queue
[2024-01-28T23:01:57.853+0100] {logging_mixin.py:188} INFO - [2024-01-28T23:01:57.852+0100] {dagbag.py:538} INFO - Filling up the DagBag from /home/ubuntu/.local/lib/python3.10/site-packages/airflow/example_dags/example_python_operator.py
[2024-01-28T23:01:57.864+0100] {processor.py:840} INFO - DAG(s) 'example_python_operator' retrieved from /home/ubuntu/.local/lib/python3.10/site-packages/airflow/example_dags/example_python_operator.py
[2024-01-28T23:01:57.937+0100] {logging_mixin.py:188} INFO - [2024-01-28T23:01:57.937+0100] {dag.py:3033} INFO - Sync 1 DAGs
[2024-01-28T23:01:57.955+0100] {logging_mixin.py:188} INFO - [2024-01-28T23:01:57.955+0100] {dag.py:3820} INFO - Setting next_dagrun for example_python_operator to None, run_after=None
[2024-01-28T23:01:58.009+0100] {processor.py:183} INFO - Processing /home/ubuntu/.local/lib/python3.10/site-packages/airflow/example_dags/example_python_operator.py took 0.173 seconds
[2024-01-28T23:03:04.300+0100] {processor.py:161} INFO - Started process (PID=16027) to work on /home/ubuntu/.local/lib/python3.10/site-packages/airflow/example_dags/example_python_operator.py
[2024-01-28T23:03:04.305+0100] {processor.py:830} INFO - Processing file /home/ubuntu/.local/lib/python3.10/site-packages/airflow/example_dags/example_python_operator.py for tasks to queue
[2024-01-28T23:03:04.314+0100] {logging_mixin.py:188} INFO - [2024-01-28T23:03:04.313+0100] {dagbag.py:538} INFO - Filling up the DagBag from /home/ubuntu/.local/lib/python3.10/site-packages/airflow/example_dags/example_python_operator.py
[2024-01-28T23:03:04.333+0100] {processor.py:840} INFO - DAG(s) 'example_python_operator' retrieved from /home/ubuntu/.local/lib/python3.10/site-packages/airflow/example_dags/example_python_operator.py
[2024-01-28T23:03:04.413+0100] {logging_mixin.py:188} INFO - [2024-01-28T23:03:04.412+0100] {dag.py:3033} INFO - Sync 1 DAGs
[2024-01-28T23:03:04.444+0100] {logging_mixin.py:188} INFO - [2024-01-28T23:03:04.444+0100] {dag.py:3820} INFO - Setting next_dagrun for example_python_operator to None, run_after=None
[2024-01-28T23:03:04.525+0100] {processor.py:183} INFO - Processing /home/ubuntu/.local/lib/python3.10/site-packages/airflow/example_dags/example_python_operator.py took 0.239 seconds
[2024-01-28T23:04:22.980+0100] {processor.py:161} INFO - Started process (PID=16118) to work on /home/ubuntu/.local/lib/python3.10/site-packages/airflow/example_dags/example_python_operator.py
[2024-01-28T23:04:22.981+0100] {processor.py:830} INFO - Processing file /home/ubuntu/.local/lib/python3.10/site-packages/airflow/example_dags/example_python_operator.py for tasks to queue
[2024-01-28T23:04:22.983+0100] {logging_mixin.py:188} INFO - [2024-01-28T23:04:22.983+0100] {dagbag.py:538} INFO - Filling up the DagBag from /home/ubuntu/.local/lib/python3.10/site-packages/airflow/example_dags/example_python_operator.py
[2024-01-28T23:04:22.996+0100] {processor.py:840} INFO - DAG(s) 'example_python_operator' retrieved from /home/ubuntu/.local/lib/python3.10/site-packages/airflow/example_dags/example_python_operator.py
[2024-01-28T23:04:23.016+0100] {logging_mixin.py:188} INFO - [2024-01-28T23:04:23.016+0100] {dag.py:3033} INFO - Sync 1 DAGs
[2024-01-28T23:04:23.028+0100] {logging_mixin.py:188} INFO - [2024-01-28T23:04:23.027+0100] {dag.py:3820} INFO - Setting next_dagrun for example_python_operator to None, run_after=None
[2024-01-28T23:04:23.062+0100] {processor.py:183} INFO - Processing /home/ubuntu/.local/lib/python3.10/site-packages/airflow/example_dags/example_python_operator.py took 0.086 seconds
[2024-01-28T23:05:26.939+0100] {processor.py:161} INFO - Started process (PID=16190) to work on /home/ubuntu/.local/lib/python3.10/site-packages/airflow/example_dags/example_python_operator.py
[2024-01-28T23:05:26.942+0100] {processor.py:830} INFO - Processing file /home/ubuntu/.local/lib/python3.10/site-packages/airflow/example_dags/example_python_operator.py for tasks to queue
[2024-01-28T23:05:26.944+0100] {logging_mixin.py:188} INFO - [2024-01-28T23:05:26.944+0100] {dagbag.py:538} INFO - Filling up the DagBag from /home/ubuntu/.local/lib/python3.10/site-packages/airflow/example_dags/example_python_operator.py
[2024-01-28T23:05:26.960+0100] {processor.py:840} INFO - DAG(s) 'example_python_operator' retrieved from /home/ubuntu/.local/lib/python3.10/site-packages/airflow/example_dags/example_python_operator.py
[2024-01-28T23:05:26.984+0100] {logging_mixin.py:188} INFO - [2024-01-28T23:05:26.983+0100] {dag.py:3033} INFO - Sync 1 DAGs
[2024-01-28T23:05:26.996+0100] {logging_mixin.py:188} INFO - [2024-01-28T23:05:26.996+0100] {dag.py:3820} INFO - Setting next_dagrun for example_python_operator to None, run_after=None
[2024-01-28T23:05:27.027+0100] {processor.py:183} INFO - Processing /home/ubuntu/.local/lib/python3.10/site-packages/airflow/example_dags/example_python_operator.py took 0.094 seconds
[2024-01-28T23:06:28.391+0100] {processor.py:161} INFO - Started process (PID=16266) to work on /home/ubuntu/.local/lib/python3.10/site-packages/airflow/example_dags/example_python_operator.py
[2024-01-28T23:06:28.393+0100] {processor.py:830} INFO - Processing file /home/ubuntu/.local/lib/python3.10/site-packages/airflow/example_dags/example_python_operator.py for tasks to queue
[2024-01-28T23:06:28.399+0100] {logging_mixin.py:188} INFO - [2024-01-28T23:06:28.394+0100] {dagbag.py:538} INFO - Filling up the DagBag from /home/ubuntu/.local/lib/python3.10/site-packages/airflow/example_dags/example_python_operator.py
[2024-01-28T23:06:28.417+0100] {processor.py:840} INFO - DAG(s) 'example_python_operator' retrieved from /home/ubuntu/.local/lib/python3.10/site-packages/airflow/example_dags/example_python_operator.py
[2024-01-28T23:06:28.436+0100] {logging_mixin.py:188} INFO - [2024-01-28T23:06:28.436+0100] {dag.py:3033} INFO - Sync 1 DAGs
[2024-01-28T23:06:28.449+0100] {logging_mixin.py:188} INFO - [2024-01-28T23:06:28.449+0100] {dag.py:3820} INFO - Setting next_dagrun for example_python_operator to None, run_after=None
[2024-01-28T23:06:28.486+0100] {processor.py:183} INFO - Processing /home/ubuntu/.local/lib/python3.10/site-packages/airflow/example_dags/example_python_operator.py took 0.099 seconds
[2024-01-28T23:07:32.498+0100] {processor.py:161} INFO - Started process (PID=16336) to work on /home/ubuntu/.local/lib/python3.10/site-packages/airflow/example_dags/example_python_operator.py
[2024-01-28T23:07:32.500+0100] {processor.py:830} INFO - Processing file /home/ubuntu/.local/lib/python3.10/site-packages/airflow/example_dags/example_python_operator.py for tasks to queue
[2024-01-28T23:07:32.503+0100] {logging_mixin.py:188} INFO - [2024-01-28T23:07:32.503+0100] {dagbag.py:538} INFO - Filling up the DagBag from /home/ubuntu/.local/lib/python3.10/site-packages/airflow/example_dags/example_python_operator.py
[2024-01-28T23:07:32.515+0100] {processor.py:840} INFO - DAG(s) 'example_python_operator' retrieved from /home/ubuntu/.local/lib/python3.10/site-packages/airflow/example_dags/example_python_operator.py
[2024-01-28T23:07:32.533+0100] {logging_mixin.py:188} INFO - [2024-01-28T23:07:32.532+0100] {dag.py:3033} INFO - Sync 1 DAGs
[2024-01-28T23:07:32.544+0100] {logging_mixin.py:188} INFO - [2024-01-28T23:07:32.544+0100] {dag.py:3820} INFO - Setting next_dagrun for example_python_operator to None, run_after=None
[2024-01-28T23:07:32.573+0100] {processor.py:183} INFO - Processing /home/ubuntu/.local/lib/python3.10/site-packages/airflow/example_dags/example_python_operator.py took 0.078 seconds
[2024-01-28T23:08:35.951+0100] {processor.py:161} INFO - Started process (PID=16411) to work on /home/ubuntu/.local/lib/python3.10/site-packages/airflow/example_dags/example_python_operator.py
[2024-01-28T23:08:35.953+0100] {processor.py:830} INFO - Processing file /home/ubuntu/.local/lib/python3.10/site-packages/airflow/example_dags/example_python_operator.py for tasks to queue
[2024-01-28T23:08:35.955+0100] {logging_mixin.py:188} INFO - [2024-01-28T23:08:35.954+0100] {dagbag.py:538} INFO - Filling up the DagBag from /home/ubuntu/.local/lib/python3.10/site-packages/airflow/example_dags/example_python_operator.py
[2024-01-28T23:08:35.968+0100] {processor.py:840} INFO - DAG(s) 'example_python_operator' retrieved from /home/ubuntu/.local/lib/python3.10/site-packages/airflow/example_dags/example_python_operator.py
[2024-01-28T23:08:35.987+0100] {logging_mixin.py:188} INFO - [2024-01-28T23:08:35.986+0100] {dag.py:3033} INFO - Sync 1 DAGs
[2024-01-28T23:08:35.999+0100] {logging_mixin.py:188} INFO - [2024-01-28T23:08:35.999+0100] {dag.py:3820} INFO - Setting next_dagrun for example_python_operator to None, run_after=None
[2024-01-28T23:08:36.028+0100] {processor.py:183} INFO - Processing /home/ubuntu/.local/lib/python3.10/site-packages/airflow/example_dags/example_python_operator.py took 0.081 seconds
[2024-01-28T23:09:37.165+0100] {processor.py:161} INFO - Started process (PID=16482) to work on /home/ubuntu/.local/lib/python3.10/site-packages/airflow/example_dags/example_python_operator.py
[2024-01-28T23:09:37.167+0100] {processor.py:830} INFO - Processing file /home/ubuntu/.local/lib/python3.10/site-packages/airflow/example_dags/example_python_operator.py for tasks to queue
[2024-01-28T23:09:37.168+0100] {logging_mixin.py:188} INFO - [2024-01-28T23:09:37.168+0100] {dagbag.py:538} INFO - Filling up the DagBag from /home/ubuntu/.local/lib/python3.10/site-packages/airflow/example_dags/example_python_operator.py
[2024-01-28T23:09:37.180+0100] {processor.py:840} INFO - DAG(s) 'example_python_operator' retrieved from /home/ubuntu/.local/lib/python3.10/site-packages/airflow/example_dags/example_python_operator.py
[2024-01-28T23:09:37.198+0100] {logging_mixin.py:188} INFO - [2024-01-28T23:09:37.198+0100] {dag.py:3033} INFO - Sync 1 DAGs
[2024-01-28T23:09:37.211+0100] {logging_mixin.py:188} INFO - [2024-01-28T23:09:37.211+0100] {dag.py:3820} INFO - Setting next_dagrun for example_python_operator to None, run_after=None
[2024-01-28T23:09:37.259+0100] {processor.py:183} INFO - Processing /home/ubuntu/.local/lib/python3.10/site-packages/airflow/example_dags/example_python_operator.py took 0.098 seconds
[2024-01-28T23:10:40.028+0100] {processor.py:161} INFO - Started process (PID=16559) to work on /home/ubuntu/.local/lib/python3.10/site-packages/airflow/example_dags/example_python_operator.py
[2024-01-28T23:10:40.031+0100] {processor.py:830} INFO - Processing file /home/ubuntu/.local/lib/python3.10/site-packages/airflow/example_dags/example_python_operator.py for tasks to queue
[2024-01-28T23:10:40.032+0100] {logging_mixin.py:188} INFO - [2024-01-28T23:10:40.031+0100] {dagbag.py:538} INFO - Filling up the DagBag from /home/ubuntu/.local/lib/python3.10/site-packages/airflow/example_dags/example_python_operator.py
[2024-01-28T23:10:40.046+0100] {processor.py:840} INFO - DAG(s) 'example_python_operator' retrieved from /home/ubuntu/.local/lib/python3.10/site-packages/airflow/example_dags/example_python_operator.py
[2024-01-28T23:10:40.064+0100] {logging_mixin.py:188} INFO - [2024-01-28T23:10:40.064+0100] {dag.py:3033} INFO - Sync 1 DAGs
[2024-01-28T23:10:40.076+0100] {logging_mixin.py:188} INFO - [2024-01-28T23:10:40.076+0100] {dag.py:3820} INFO - Setting next_dagrun for example_python_operator to None, run_after=None
[2024-01-28T23:10:40.104+0100] {processor.py:183} INFO - Processing /home/ubuntu/.local/lib/python3.10/site-packages/airflow/example_dags/example_python_operator.py took 0.080 seconds
[2024-01-28T23:11:40.343+0100] {processor.py:161} INFO - Started process (PID=16629) to work on /home/ubuntu/.local/lib/python3.10/site-packages/airflow/example_dags/example_python_operator.py
[2024-01-28T23:11:40.345+0100] {processor.py:830} INFO - Processing file /home/ubuntu/.local/lib/python3.10/site-packages/airflow/example_dags/example_python_operator.py for tasks to queue
[2024-01-28T23:11:40.348+0100] {logging_mixin.py:188} INFO - [2024-01-28T23:11:40.347+0100] {dagbag.py:538} INFO - Filling up the DagBag from /home/ubuntu/.local/lib/python3.10/site-packages/airflow/example_dags/example_python_operator.py
[2024-01-28T23:11:40.368+0100] {processor.py:840} INFO - DAG(s) 'example_python_operator' retrieved from /home/ubuntu/.local/lib/python3.10/site-packages/airflow/example_dags/example_python_operator.py
[2024-01-28T23:11:40.394+0100] {logging_mixin.py:188} INFO - [2024-01-28T23:11:40.394+0100] {dag.py:3033} INFO - Sync 1 DAGs
[2024-01-28T23:11:40.409+0100] {logging_mixin.py:188} INFO - [2024-01-28T23:11:40.409+0100] {dag.py:3820} INFO - Setting next_dagrun for example_python_operator to None, run_after=None
[2024-01-28T23:11:40.535+0100] {processor.py:183} INFO - Processing /home/ubuntu/.local/lib/python3.10/site-packages/airflow/example_dags/example_python_operator.py took 0.197 seconds
[2024-01-28T23:12:55.868+0100] {processor.py:161} INFO - Started process (PID=16724) to work on /home/ubuntu/.local/lib/python3.10/site-packages/airflow/example_dags/example_python_operator.py
[2024-01-28T23:12:55.870+0100] {processor.py:830} INFO - Processing file /home/ubuntu/.local/lib/python3.10/site-packages/airflow/example_dags/example_python_operator.py for tasks to queue
[2024-01-28T23:12:55.872+0100] {logging_mixin.py:188} INFO - [2024-01-28T23:12:55.872+0100] {dagbag.py:538} INFO - Filling up the DagBag from /home/ubuntu/.local/lib/python3.10/site-packages/airflow/example_dags/example_python_operator.py
[2024-01-28T23:12:55.889+0100] {processor.py:840} INFO - DAG(s) 'example_python_operator' retrieved from /home/ubuntu/.local/lib/python3.10/site-packages/airflow/example_dags/example_python_operator.py
[2024-01-28T23:12:55.914+0100] {logging_mixin.py:188} INFO - [2024-01-28T23:12:55.913+0100] {dag.py:3033} INFO - Sync 1 DAGs
[2024-01-28T23:12:55.928+0100] {logging_mixin.py:188} INFO - [2024-01-28T23:12:55.928+0100] {dag.py:3820} INFO - Setting next_dagrun for example_python_operator to None, run_after=None
[2024-01-28T23:12:55.957+0100] {processor.py:183} INFO - Processing /home/ubuntu/.local/lib/python3.10/site-packages/airflow/example_dags/example_python_operator.py took 0.094 seconds
[2024-01-28T23:13:54.334+0100] {processor.py:161} INFO - Started process (PID=16792) to work on /home/ubuntu/.local/lib/python3.10/site-packages/airflow/example_dags/example_python_operator.py
[2024-01-28T23:13:54.336+0100] {processor.py:830} INFO - Processing file /home/ubuntu/.local/lib/python3.10/site-packages/airflow/example_dags/example_python_operator.py for tasks to queue
[2024-01-28T23:13:54.337+0100] {logging_mixin.py:188} INFO - [2024-01-28T23:13:54.337+0100] {dagbag.py:538} INFO - Filling up the DagBag from /home/ubuntu/.local/lib/python3.10/site-packages/airflow/example_dags/example_python_operator.py
[2024-01-28T23:13:54.348+0100] {processor.py:840} INFO - DAG(s) 'example_python_operator' retrieved from /home/ubuntu/.local/lib/python3.10/site-packages/airflow/example_dags/example_python_operator.py
[2024-01-28T23:13:54.367+0100] {logging_mixin.py:188} INFO - [2024-01-28T23:13:54.367+0100] {dag.py:3033} INFO - Sync 1 DAGs
[2024-01-28T23:13:54.377+0100] {logging_mixin.py:188} INFO - [2024-01-28T23:13:54.377+0100] {dag.py:3820} INFO - Setting next_dagrun for example_python_operator to None, run_after=None
[2024-01-28T23:13:54.406+0100] {processor.py:183} INFO - Processing /home/ubuntu/.local/lib/python3.10/site-packages/airflow/example_dags/example_python_operator.py took 0.075 seconds
[2024-01-28T23:14:56.611+0100] {processor.py:161} INFO - Started process (PID=16866) to work on /home/ubuntu/.local/lib/python3.10/site-packages/airflow/example_dags/example_python_operator.py
[2024-01-28T23:14:56.614+0100] {processor.py:830} INFO - Processing file /home/ubuntu/.local/lib/python3.10/site-packages/airflow/example_dags/example_python_operator.py for tasks to queue
[2024-01-28T23:14:56.615+0100] {logging_mixin.py:188} INFO - [2024-01-28T23:14:56.615+0100] {dagbag.py:538} INFO - Filling up the DagBag from /home/ubuntu/.local/lib/python3.10/site-packages/airflow/example_dags/example_python_operator.py
[2024-01-28T23:14:56.625+0100] {processor.py:840} INFO - DAG(s) 'example_python_operator' retrieved from /home/ubuntu/.local/lib/python3.10/site-packages/airflow/example_dags/example_python_operator.py
[2024-01-28T23:14:56.642+0100] {logging_mixin.py:188} INFO - [2024-01-28T23:14:56.642+0100] {dag.py:3033} INFO - Sync 1 DAGs
[2024-01-28T23:14:56.653+0100] {logging_mixin.py:188} INFO - [2024-01-28T23:14:56.653+0100] {dag.py:3820} INFO - Setting next_dagrun for example_python_operator to None, run_after=None
[2024-01-28T23:14:56.681+0100] {processor.py:183} INFO - Processing /home/ubuntu/.local/lib/python3.10/site-packages/airflow/example_dags/example_python_operator.py took 0.073 seconds
[2024-01-28T23:16:00.400+0100] {processor.py:161} INFO - Started process (PID=16953) to work on /home/ubuntu/.local/lib/python3.10/site-packages/airflow/example_dags/example_python_operator.py
[2024-01-28T23:16:00.403+0100] {processor.py:830} INFO - Processing file /home/ubuntu/.local/lib/python3.10/site-packages/airflow/example_dags/example_python_operator.py for tasks to queue
[2024-01-28T23:16:00.404+0100] {logging_mixin.py:188} INFO - [2024-01-28T23:16:00.404+0100] {dagbag.py:538} INFO - Filling up the DagBag from /home/ubuntu/.local/lib/python3.10/site-packages/airflow/example_dags/example_python_operator.py
[2024-01-28T23:16:00.417+0100] {processor.py:840} INFO - DAG(s) 'example_python_operator' retrieved from /home/ubuntu/.local/lib/python3.10/site-packages/airflow/example_dags/example_python_operator.py
[2024-01-28T23:16:00.435+0100] {logging_mixin.py:188} INFO - [2024-01-28T23:16:00.435+0100] {dag.py:3033} INFO - Sync 1 DAGs
[2024-01-28T23:16:00.448+0100] {logging_mixin.py:188} INFO - [2024-01-28T23:16:00.448+0100] {dag.py:3820} INFO - Setting next_dagrun for example_python_operator to None, run_after=None
[2024-01-28T23:16:00.477+0100] {processor.py:183} INFO - Processing /home/ubuntu/.local/lib/python3.10/site-packages/airflow/example_dags/example_python_operator.py took 0.080 seconds
[2024-01-28T23:17:06.043+0100] {processor.py:161} INFO - Started process (PID=17039) to work on /home/ubuntu/.local/lib/python3.10/site-packages/airflow/example_dags/example_python_operator.py
[2024-01-28T23:17:06.045+0100] {processor.py:830} INFO - Processing file /home/ubuntu/.local/lib/python3.10/site-packages/airflow/example_dags/example_python_operator.py for tasks to queue
[2024-01-28T23:17:06.046+0100] {logging_mixin.py:188} INFO - [2024-01-28T23:17:06.046+0100] {dagbag.py:538} INFO - Filling up the DagBag from /home/ubuntu/.local/lib/python3.10/site-packages/airflow/example_dags/example_python_operator.py
[2024-01-28T23:17:06.060+0100] {processor.py:840} INFO - DAG(s) 'example_python_operator' retrieved from /home/ubuntu/.local/lib/python3.10/site-packages/airflow/example_dags/example_python_operator.py
[2024-01-28T23:17:06.081+0100] {logging_mixin.py:188} INFO - [2024-01-28T23:17:06.081+0100] {dag.py:3033} INFO - Sync 1 DAGs
[2024-01-28T23:17:06.094+0100] {logging_mixin.py:188} INFO - [2024-01-28T23:17:06.093+0100] {dag.py:3820} INFO - Setting next_dagrun for example_python_operator to None, run_after=None
[2024-01-28T23:17:06.122+0100] {processor.py:183} INFO - Processing /home/ubuntu/.local/lib/python3.10/site-packages/airflow/example_dags/example_python_operator.py took 0.082 seconds
[2024-01-28T23:18:08.929+0100] {processor.py:161} INFO - Started process (PID=17109) to work on /home/ubuntu/.local/lib/python3.10/site-packages/airflow/example_dags/example_python_operator.py
[2024-01-28T23:18:08.932+0100] {processor.py:830} INFO - Processing file /home/ubuntu/.local/lib/python3.10/site-packages/airflow/example_dags/example_python_operator.py for tasks to queue
[2024-01-28T23:18:08.933+0100] {logging_mixin.py:188} INFO - [2024-01-28T23:18:08.933+0100] {dagbag.py:538} INFO - Filling up the DagBag from /home/ubuntu/.local/lib/python3.10/site-packages/airflow/example_dags/example_python_operator.py
[2024-01-28T23:18:08.945+0100] {processor.py:840} INFO - DAG(s) 'example_python_operator' retrieved from /home/ubuntu/.local/lib/python3.10/site-packages/airflow/example_dags/example_python_operator.py
[2024-01-28T23:18:08.964+0100] {logging_mixin.py:188} INFO - [2024-01-28T23:18:08.964+0100] {dag.py:3033} INFO - Sync 1 DAGs
[2024-01-28T23:18:08.975+0100] {logging_mixin.py:188} INFO - [2024-01-28T23:18:08.975+0100] {dag.py:3820} INFO - Setting next_dagrun for example_python_operator to None, run_after=None
[2024-01-28T23:18:09.002+0100] {processor.py:183} INFO - Processing /home/ubuntu/.local/lib/python3.10/site-packages/airflow/example_dags/example_python_operator.py took 0.076 seconds
[2024-01-28T23:19:12.398+0100] {processor.py:161} INFO - Started process (PID=17188) to work on /home/ubuntu/.local/lib/python3.10/site-packages/airflow/example_dags/example_python_operator.py
[2024-01-28T23:19:12.400+0100] {processor.py:830} INFO - Processing file /home/ubuntu/.local/lib/python3.10/site-packages/airflow/example_dags/example_python_operator.py for tasks to queue
[2024-01-28T23:19:12.402+0100] {logging_mixin.py:188} INFO - [2024-01-28T23:19:12.401+0100] {dagbag.py:538} INFO - Filling up the DagBag from /home/ubuntu/.local/lib/python3.10/site-packages/airflow/example_dags/example_python_operator.py
[2024-01-28T23:19:12.414+0100] {processor.py:840} INFO - DAG(s) 'example_python_operator' retrieved from /home/ubuntu/.local/lib/python3.10/site-packages/airflow/example_dags/example_python_operator.py
[2024-01-28T23:19:12.433+0100] {logging_mixin.py:188} INFO - [2024-01-28T23:19:12.433+0100] {dag.py:3033} INFO - Sync 1 DAGs
[2024-01-28T23:19:12.448+0100] {logging_mixin.py:188} INFO - [2024-01-28T23:19:12.447+0100] {dag.py:3820} INFO - Setting next_dagrun for example_python_operator to None, run_after=None
[2024-01-28T23:19:12.490+0100] {processor.py:183} INFO - Processing /home/ubuntu/.local/lib/python3.10/site-packages/airflow/example_dags/example_python_operator.py took 0.096 seconds
[2024-01-28T23:20:14.567+0100] {processor.py:161} INFO - Started process (PID=17257) to work on /home/ubuntu/.local/lib/python3.10/site-packages/airflow/example_dags/example_python_operator.py
[2024-01-28T23:20:14.569+0100] {processor.py:830} INFO - Processing file /home/ubuntu/.local/lib/python3.10/site-packages/airflow/example_dags/example_python_operator.py for tasks to queue
[2024-01-28T23:20:14.570+0100] {logging_mixin.py:188} INFO - [2024-01-28T23:20:14.569+0100] {dagbag.py:538} INFO - Filling up the DagBag from /home/ubuntu/.local/lib/python3.10/site-packages/airflow/example_dags/example_python_operator.py
[2024-01-28T23:20:14.581+0100] {processor.py:840} INFO - DAG(s) 'example_python_operator' retrieved from /home/ubuntu/.local/lib/python3.10/site-packages/airflow/example_dags/example_python_operator.py
[2024-01-28T23:20:14.602+0100] {logging_mixin.py:188} INFO - [2024-01-28T23:20:14.602+0100] {dag.py:3033} INFO - Sync 1 DAGs
[2024-01-28T23:20:14.613+0100] {logging_mixin.py:188} INFO - [2024-01-28T23:20:14.613+0100] {dag.py:3820} INFO - Setting next_dagrun for example_python_operator to None, run_after=None
[2024-01-28T23:20:14.641+0100] {processor.py:183} INFO - Processing /home/ubuntu/.local/lib/python3.10/site-packages/airflow/example_dags/example_python_operator.py took 0.078 seconds
[2024-01-28T23:21:17.887+0100] {processor.py:161} INFO - Started process (PID=17332) to work on /home/ubuntu/.local/lib/python3.10/site-packages/airflow/example_dags/example_python_operator.py
[2024-01-28T23:21:17.890+0100] {processor.py:830} INFO - Processing file /home/ubuntu/.local/lib/python3.10/site-packages/airflow/example_dags/example_python_operator.py for tasks to queue
[2024-01-28T23:21:17.892+0100] {logging_mixin.py:188} INFO - [2024-01-28T23:21:17.891+0100] {dagbag.py:538} INFO - Filling up the DagBag from /home/ubuntu/.local/lib/python3.10/site-packages/airflow/example_dags/example_python_operator.py
[2024-01-28T23:21:17.905+0100] {processor.py:840} INFO - DAG(s) 'example_python_operator' retrieved from /home/ubuntu/.local/lib/python3.10/site-packages/airflow/example_dags/example_python_operator.py
[2024-01-28T23:21:17.925+0100] {logging_mixin.py:188} INFO - [2024-01-28T23:21:17.925+0100] {dag.py:3033} INFO - Sync 1 DAGs
[2024-01-28T23:21:17.938+0100] {logging_mixin.py:188} INFO - [2024-01-28T23:21:17.938+0100] {dag.py:3820} INFO - Setting next_dagrun for example_python_operator to None, run_after=None
[2024-01-28T23:21:17.968+0100] {processor.py:183} INFO - Processing /home/ubuntu/.local/lib/python3.10/site-packages/airflow/example_dags/example_python_operator.py took 0.084 seconds
[2024-01-28T23:22:22.185+0100] {processor.py:161} INFO - Started process (PID=17404) to work on /home/ubuntu/.local/lib/python3.10/site-packages/airflow/example_dags/example_python_operator.py
[2024-01-28T23:22:22.187+0100] {processor.py:830} INFO - Processing file /home/ubuntu/.local/lib/python3.10/site-packages/airflow/example_dags/example_python_operator.py for tasks to queue
[2024-01-28T23:22:22.188+0100] {logging_mixin.py:188} INFO - [2024-01-28T23:22:22.188+0100] {dagbag.py:538} INFO - Filling up the DagBag from /home/ubuntu/.local/lib/python3.10/site-packages/airflow/example_dags/example_python_operator.py
[2024-01-28T23:22:22.198+0100] {processor.py:840} INFO - DAG(s) 'example_python_operator' retrieved from /home/ubuntu/.local/lib/python3.10/site-packages/airflow/example_dags/example_python_operator.py
[2024-01-28T23:22:22.214+0100] {logging_mixin.py:188} INFO - [2024-01-28T23:22:22.214+0100] {dag.py:3033} INFO - Sync 1 DAGs
[2024-01-28T23:22:22.224+0100] {logging_mixin.py:188} INFO - [2024-01-28T23:22:22.224+0100] {dag.py:3820} INFO - Setting next_dagrun for example_python_operator to None, run_after=None
[2024-01-28T23:22:22.259+0100] {processor.py:183} INFO - Processing /home/ubuntu/.local/lib/python3.10/site-packages/airflow/example_dags/example_python_operator.py took 0.078 seconds
[2024-01-28T23:23:25.800+0100] {processor.py:161} INFO - Started process (PID=17478) to work on /home/ubuntu/.local/lib/python3.10/site-packages/airflow/example_dags/example_python_operator.py
[2024-01-28T23:23:25.802+0100] {processor.py:830} INFO - Processing file /home/ubuntu/.local/lib/python3.10/site-packages/airflow/example_dags/example_python_operator.py for tasks to queue
[2024-01-28T23:23:25.803+0100] {logging_mixin.py:188} INFO - [2024-01-28T23:23:25.803+0100] {dagbag.py:538} INFO - Filling up the DagBag from /home/ubuntu/.local/lib/python3.10/site-packages/airflow/example_dags/example_python_operator.py
[2024-01-28T23:23:25.816+0100] {processor.py:840} INFO - DAG(s) 'example_python_operator' retrieved from /home/ubuntu/.local/lib/python3.10/site-packages/airflow/example_dags/example_python_operator.py
[2024-01-28T23:23:25.836+0100] {logging_mixin.py:188} INFO - [2024-01-28T23:23:25.836+0100] {dag.py:3033} INFO - Sync 1 DAGs
[2024-01-28T23:23:25.848+0100] {logging_mixin.py:188} INFO - [2024-01-28T23:23:25.848+0100] {dag.py:3820} INFO - Setting next_dagrun for example_python_operator to None, run_after=None
[2024-01-28T23:23:25.876+0100] {processor.py:183} INFO - Processing /home/ubuntu/.local/lib/python3.10/site-packages/airflow/example_dags/example_python_operator.py took 0.080 seconds
[2024-01-28T23:24:38.839+0100] {processor.py:161} INFO - Started process (PID=17554) to work on /home/ubuntu/.local/lib/python3.10/site-packages/airflow/example_dags/example_python_operator.py
[2024-01-28T23:24:38.841+0100] {processor.py:830} INFO - Processing file /home/ubuntu/.local/lib/python3.10/site-packages/airflow/example_dags/example_python_operator.py for tasks to queue
[2024-01-28T23:24:38.843+0100] {logging_mixin.py:188} INFO - [2024-01-28T23:24:38.843+0100] {dagbag.py:538} INFO - Filling up the DagBag from /home/ubuntu/.local/lib/python3.10/site-packages/airflow/example_dags/example_python_operator.py
[2024-01-28T23:24:38.854+0100] {processor.py:840} INFO - DAG(s) 'example_python_operator' retrieved from /home/ubuntu/.local/lib/python3.10/site-packages/airflow/example_dags/example_python_operator.py
[2024-01-28T23:24:38.873+0100] {logging_mixin.py:188} INFO - [2024-01-28T23:24:38.872+0100] {dag.py:3033} INFO - Sync 1 DAGs
[2024-01-28T23:24:38.886+0100] {logging_mixin.py:188} INFO - [2024-01-28T23:24:38.886+0100] {dag.py:3820} INFO - Setting next_dagrun for example_python_operator to None, run_after=None
[2024-01-28T23:24:38.917+0100] {processor.py:183} INFO - Processing /home/ubuntu/.local/lib/python3.10/site-packages/airflow/example_dags/example_python_operator.py took 0.081 seconds
[2024-01-28T23:25:50.502+0100] {processor.py:161} INFO - Started process (PID=17635) to work on /home/ubuntu/.local/lib/python3.10/site-packages/airflow/example_dags/example_python_operator.py
[2024-01-28T23:25:50.505+0100] {processor.py:830} INFO - Processing file /home/ubuntu/.local/lib/python3.10/site-packages/airflow/example_dags/example_python_operator.py for tasks to queue
[2024-01-28T23:25:50.506+0100] {logging_mixin.py:188} INFO - [2024-01-28T23:25:50.505+0100] {dagbag.py:538} INFO - Filling up the DagBag from /home/ubuntu/.local/lib/python3.10/site-packages/airflow/example_dags/example_python_operator.py
[2024-01-28T23:25:50.517+0100] {processor.py:840} INFO - DAG(s) 'example_python_operator' retrieved from /home/ubuntu/.local/lib/python3.10/site-packages/airflow/example_dags/example_python_operator.py
[2024-01-28T23:25:50.535+0100] {logging_mixin.py:188} INFO - [2024-01-28T23:25:50.535+0100] {dag.py:3033} INFO - Sync 1 DAGs
[2024-01-28T23:25:50.548+0100] {logging_mixin.py:188} INFO - [2024-01-28T23:25:50.548+0100] {dag.py:3820} INFO - Setting next_dagrun for example_python_operator to None, run_after=None
[2024-01-28T23:25:50.577+0100] {processor.py:183} INFO - Processing /home/ubuntu/.local/lib/python3.10/site-packages/airflow/example_dags/example_python_operator.py took 0.079 seconds
[2024-01-28T23:26:53.783+0100] {processor.py:161} INFO - Started process (PID=17708) to work on /home/ubuntu/.local/lib/python3.10/site-packages/airflow/example_dags/example_python_operator.py
[2024-01-28T23:26:53.786+0100] {processor.py:830} INFO - Processing file /home/ubuntu/.local/lib/python3.10/site-packages/airflow/example_dags/example_python_operator.py for tasks to queue
[2024-01-28T23:26:53.787+0100] {logging_mixin.py:188} INFO - [2024-01-28T23:26:53.786+0100] {dagbag.py:538} INFO - Filling up the DagBag from /home/ubuntu/.local/lib/python3.10/site-packages/airflow/example_dags/example_python_operator.py
[2024-01-28T23:26:53.799+0100] {processor.py:840} INFO - DAG(s) 'example_python_operator' retrieved from /home/ubuntu/.local/lib/python3.10/site-packages/airflow/example_dags/example_python_operator.py
[2024-01-28T23:26:53.817+0100] {logging_mixin.py:188} INFO - [2024-01-28T23:26:53.816+0100] {dag.py:3033} INFO - Sync 1 DAGs
[2024-01-28T23:26:53.830+0100] {logging_mixin.py:188} INFO - [2024-01-28T23:26:53.829+0100] {dag.py:3820} INFO - Setting next_dagrun for example_python_operator to None, run_after=None
[2024-01-28T23:26:53.859+0100] {processor.py:183} INFO - Processing /home/ubuntu/.local/lib/python3.10/site-packages/airflow/example_dags/example_python_operator.py took 0.079 seconds
[2024-01-28T23:27:56.224+0100] {processor.py:161} INFO - Started process (PID=17787) to work on /home/ubuntu/.local/lib/python3.10/site-packages/airflow/example_dags/example_python_operator.py
[2024-01-28T23:27:56.227+0100] {processor.py:830} INFO - Processing file /home/ubuntu/.local/lib/python3.10/site-packages/airflow/example_dags/example_python_operator.py for tasks to queue
[2024-01-28T23:27:56.228+0100] {logging_mixin.py:188} INFO - [2024-01-28T23:27:56.227+0100] {dagbag.py:538} INFO - Filling up the DagBag from /home/ubuntu/.local/lib/python3.10/site-packages/airflow/example_dags/example_python_operator.py
[2024-01-28T23:27:56.239+0100] {processor.py:840} INFO - DAG(s) 'example_python_operator' retrieved from /home/ubuntu/.local/lib/python3.10/site-packages/airflow/example_dags/example_python_operator.py
[2024-01-28T23:27:56.257+0100] {logging_mixin.py:188} INFO - [2024-01-28T23:27:56.257+0100] {dag.py:3033} INFO - Sync 1 DAGs
[2024-01-28T23:27:56.270+0100] {logging_mixin.py:188} INFO - [2024-01-28T23:27:56.270+0100] {dag.py:3820} INFO - Setting next_dagrun for example_python_operator to None, run_after=None
[2024-01-28T23:27:56.304+0100] {processor.py:183} INFO - Processing /home/ubuntu/.local/lib/python3.10/site-packages/airflow/example_dags/example_python_operator.py took 0.084 seconds
[2024-01-28T23:29:01.890+0100] {processor.py:161} INFO - Started process (PID=17862) to work on /home/ubuntu/.local/lib/python3.10/site-packages/airflow/example_dags/example_python_operator.py
[2024-01-28T23:29:01.893+0100] {processor.py:830} INFO - Processing file /home/ubuntu/.local/lib/python3.10/site-packages/airflow/example_dags/example_python_operator.py for tasks to queue
[2024-01-28T23:29:01.894+0100] {logging_mixin.py:188} INFO - [2024-01-28T23:29:01.893+0100] {dagbag.py:538} INFO - Filling up the DagBag from /home/ubuntu/.local/lib/python3.10/site-packages/airflow/example_dags/example_python_operator.py
[2024-01-28T23:29:01.906+0100] {processor.py:840} INFO - DAG(s) 'example_python_operator' retrieved from /home/ubuntu/.local/lib/python3.10/site-packages/airflow/example_dags/example_python_operator.py
[2024-01-28T23:29:01.926+0100] {logging_mixin.py:188} INFO - [2024-01-28T23:29:01.925+0100] {dag.py:3033} INFO - Sync 1 DAGs
[2024-01-28T23:29:01.938+0100] {logging_mixin.py:188} INFO - [2024-01-28T23:29:01.938+0100] {dag.py:3820} INFO - Setting next_dagrun for example_python_operator to None, run_after=None
[2024-01-28T23:29:01.969+0100] {processor.py:183} INFO - Processing /home/ubuntu/.local/lib/python3.10/site-packages/airflow/example_dags/example_python_operator.py took 0.082 seconds
[2024-01-28T23:30:09.290+0100] {processor.py:161} INFO - Started process (PID=17942) to work on /home/ubuntu/.local/lib/python3.10/site-packages/airflow/example_dags/example_python_operator.py
[2024-01-28T23:30:09.293+0100] {processor.py:830} INFO - Processing file /home/ubuntu/.local/lib/python3.10/site-packages/airflow/example_dags/example_python_operator.py for tasks to queue
[2024-01-28T23:30:09.294+0100] {logging_mixin.py:188} INFO - [2024-01-28T23:30:09.293+0100] {dagbag.py:538} INFO - Filling up the DagBag from /home/ubuntu/.local/lib/python3.10/site-packages/airflow/example_dags/example_python_operator.py
[2024-01-28T23:30:09.306+0100] {processor.py:840} INFO - DAG(s) 'example_python_operator' retrieved from /home/ubuntu/.local/lib/python3.10/site-packages/airflow/example_dags/example_python_operator.py
[2024-01-28T23:30:09.326+0100] {logging_mixin.py:188} INFO - [2024-01-28T23:30:09.326+0100] {dag.py:3033} INFO - Sync 1 DAGs
[2024-01-28T23:30:09.340+0100] {logging_mixin.py:188} INFO - [2024-01-28T23:30:09.340+0100] {dag.py:3820} INFO - Setting next_dagrun for example_python_operator to None, run_after=None
[2024-01-28T23:30:09.373+0100] {processor.py:183} INFO - Processing /home/ubuntu/.local/lib/python3.10/site-packages/airflow/example_dags/example_python_operator.py took 0.088 seconds
[2024-01-28T23:31:14.811+0100] {processor.py:161} INFO - Started process (PID=18013) to work on /home/ubuntu/.local/lib/python3.10/site-packages/airflow/example_dags/example_python_operator.py
[2024-01-28T23:31:14.813+0100] {processor.py:830} INFO - Processing file /home/ubuntu/.local/lib/python3.10/site-packages/airflow/example_dags/example_python_operator.py for tasks to queue
[2024-01-28T23:31:14.815+0100] {logging_mixin.py:188} INFO - [2024-01-28T23:31:14.814+0100] {dagbag.py:538} INFO - Filling up the DagBag from /home/ubuntu/.local/lib/python3.10/site-packages/airflow/example_dags/example_python_operator.py
[2024-01-28T23:31:14.827+0100] {processor.py:840} INFO - DAG(s) 'example_python_operator' retrieved from /home/ubuntu/.local/lib/python3.10/site-packages/airflow/example_dags/example_python_operator.py
[2024-01-28T23:31:14.846+0100] {logging_mixin.py:188} INFO - [2024-01-28T23:31:14.845+0100] {dag.py:3033} INFO - Sync 1 DAGs
[2024-01-28T23:31:14.857+0100] {logging_mixin.py:188} INFO - [2024-01-28T23:31:14.857+0100] {dag.py:3820} INFO - Setting next_dagrun for example_python_operator to None, run_after=None
[2024-01-28T23:31:14.886+0100] {processor.py:183} INFO - Processing /home/ubuntu/.local/lib/python3.10/site-packages/airflow/example_dags/example_python_operator.py took 0.080 seconds
[2024-01-28T23:32:26.383+0100] {processor.py:161} INFO - Started process (PID=18094) to work on /home/ubuntu/.local/lib/python3.10/site-packages/airflow/example_dags/example_python_operator.py
[2024-01-28T23:32:26.385+0100] {processor.py:830} INFO - Processing file /home/ubuntu/.local/lib/python3.10/site-packages/airflow/example_dags/example_python_operator.py for tasks to queue
[2024-01-28T23:32:26.386+0100] {logging_mixin.py:188} INFO - [2024-01-28T23:32:26.385+0100] {dagbag.py:538} INFO - Filling up the DagBag from /home/ubuntu/.local/lib/python3.10/site-packages/airflow/example_dags/example_python_operator.py
[2024-01-28T23:32:26.398+0100] {processor.py:840} INFO - DAG(s) 'example_python_operator' retrieved from /home/ubuntu/.local/lib/python3.10/site-packages/airflow/example_dags/example_python_operator.py
[2024-01-28T23:32:26.425+0100] {logging_mixin.py:188} INFO - [2024-01-28T23:32:26.425+0100] {dag.py:3033} INFO - Sync 1 DAGs
[2024-01-28T23:32:26.534+0100] {logging_mixin.py:188} INFO - [2024-01-28T23:32:26.533+0100] {dag.py:3820} INFO - Setting next_dagrun for example_python_operator to None, run_after=None
[2024-01-28T23:32:26.559+0100] {processor.py:183} INFO - Processing /home/ubuntu/.local/lib/python3.10/site-packages/airflow/example_dags/example_python_operator.py took 0.188 seconds
[2024-01-28T23:33:40.831+0100] {processor.py:161} INFO - Started process (PID=18177) to work on /home/ubuntu/.local/lib/python3.10/site-packages/airflow/example_dags/example_python_operator.py
[2024-01-28T23:33:40.835+0100] {processor.py:830} INFO - Processing file /home/ubuntu/.local/lib/python3.10/site-packages/airflow/example_dags/example_python_operator.py for tasks to queue
[2024-01-28T23:33:40.836+0100] {logging_mixin.py:188} INFO - [2024-01-28T23:33:40.836+0100] {dagbag.py:538} INFO - Filling up the DagBag from /home/ubuntu/.local/lib/python3.10/site-packages/airflow/example_dags/example_python_operator.py
[2024-01-28T23:33:40.849+0100] {processor.py:840} INFO - DAG(s) 'example_python_operator' retrieved from /home/ubuntu/.local/lib/python3.10/site-packages/airflow/example_dags/example_python_operator.py
[2024-01-28T23:33:40.870+0100] {logging_mixin.py:188} INFO - [2024-01-28T23:33:40.870+0100] {dag.py:3033} INFO - Sync 1 DAGs
[2024-01-28T23:33:40.882+0100] {logging_mixin.py:188} INFO - [2024-01-28T23:33:40.882+0100] {dag.py:3820} INFO - Setting next_dagrun for example_python_operator to None, run_after=None
[2024-01-28T23:33:40.913+0100] {processor.py:183} INFO - Processing /home/ubuntu/.local/lib/python3.10/site-packages/airflow/example_dags/example_python_operator.py took 0.084 seconds
[2024-01-28T23:34:46.404+0100] {processor.py:161} INFO - Started process (PID=18248) to work on /home/ubuntu/.local/lib/python3.10/site-packages/airflow/example_dags/example_python_operator.py
[2024-01-28T23:34:46.407+0100] {processor.py:830} INFO - Processing file /home/ubuntu/.local/lib/python3.10/site-packages/airflow/example_dags/example_python_operator.py for tasks to queue
[2024-01-28T23:34:46.408+0100] {logging_mixin.py:188} INFO - [2024-01-28T23:34:46.407+0100] {dagbag.py:538} INFO - Filling up the DagBag from /home/ubuntu/.local/lib/python3.10/site-packages/airflow/example_dags/example_python_operator.py
[2024-01-28T23:34:46.419+0100] {processor.py:840} INFO - DAG(s) 'example_python_operator' retrieved from /home/ubuntu/.local/lib/python3.10/site-packages/airflow/example_dags/example_python_operator.py
[2024-01-28T23:34:46.438+0100] {logging_mixin.py:188} INFO - [2024-01-28T23:34:46.438+0100] {dag.py:3033} INFO - Sync 1 DAGs
[2024-01-28T23:34:46.449+0100] {logging_mixin.py:188} INFO - [2024-01-28T23:34:46.449+0100] {dag.py:3820} INFO - Setting next_dagrun for example_python_operator to None, run_after=None
[2024-01-28T23:34:46.477+0100] {processor.py:183} INFO - Processing /home/ubuntu/.local/lib/python3.10/site-packages/airflow/example_dags/example_python_operator.py took 0.076 seconds
[2024-01-28T23:35:59.131+0100] {processor.py:161} INFO - Started process (PID=18327) to work on /home/ubuntu/.local/lib/python3.10/site-packages/airflow/example_dags/example_python_operator.py
[2024-01-28T23:35:59.133+0100] {processor.py:830} INFO - Processing file /home/ubuntu/.local/lib/python3.10/site-packages/airflow/example_dags/example_python_operator.py for tasks to queue
[2024-01-28T23:35:59.135+0100] {logging_mixin.py:188} INFO - [2024-01-28T23:35:59.134+0100] {dagbag.py:538} INFO - Filling up the DagBag from /home/ubuntu/.local/lib/python3.10/site-packages/airflow/example_dags/example_python_operator.py
[2024-01-28T23:35:59.151+0100] {processor.py:840} INFO - DAG(s) 'example_python_operator' retrieved from /home/ubuntu/.local/lib/python3.10/site-packages/airflow/example_dags/example_python_operator.py
[2024-01-28T23:35:59.172+0100] {logging_mixin.py:188} INFO - [2024-01-28T23:35:59.172+0100] {dag.py:3033} INFO - Sync 1 DAGs
[2024-01-28T23:35:59.285+0100] {logging_mixin.py:188} INFO - [2024-01-28T23:35:59.285+0100] {dag.py:3820} INFO - Setting next_dagrun for example_python_operator to None, run_after=None
[2024-01-28T23:35:59.318+0100] {processor.py:183} INFO - Processing /home/ubuntu/.local/lib/python3.10/site-packages/airflow/example_dags/example_python_operator.py took 0.190 seconds
[2024-01-28T23:37:10.550+0100] {processor.py:161} INFO - Started process (PID=18407) to work on /home/ubuntu/.local/lib/python3.10/site-packages/airflow/example_dags/example_python_operator.py
[2024-01-28T23:37:10.553+0100] {processor.py:830} INFO - Processing file /home/ubuntu/.local/lib/python3.10/site-packages/airflow/example_dags/example_python_operator.py for tasks to queue
[2024-01-28T23:37:10.554+0100] {logging_mixin.py:188} INFO - [2024-01-28T23:37:10.554+0100] {dagbag.py:538} INFO - Filling up the DagBag from /home/ubuntu/.local/lib/python3.10/site-packages/airflow/example_dags/example_python_operator.py
[2024-01-28T23:37:10.565+0100] {processor.py:840} INFO - DAG(s) 'example_python_operator' retrieved from /home/ubuntu/.local/lib/python3.10/site-packages/airflow/example_dags/example_python_operator.py
[2024-01-28T23:37:10.587+0100] {logging_mixin.py:188} INFO - [2024-01-28T23:37:10.587+0100] {dag.py:3033} INFO - Sync 1 DAGs
[2024-01-28T23:37:10.697+0100] {logging_mixin.py:188} INFO - [2024-01-28T23:37:10.696+0100] {dag.py:3820} INFO - Setting next_dagrun for example_python_operator to None, run_after=None
[2024-01-28T23:37:10.734+0100] {processor.py:183} INFO - Processing /home/ubuntu/.local/lib/python3.10/site-packages/airflow/example_dags/example_python_operator.py took 0.187 seconds
[2024-01-28T23:38:19.552+0100] {processor.py:161} INFO - Started process (PID=19169) to work on /home/ubuntu/.local/lib/python3.10/site-packages/airflow/example_dags/example_python_operator.py
[2024-01-28T23:38:19.562+0100] {processor.py:830} INFO - Processing file /home/ubuntu/.local/lib/python3.10/site-packages/airflow/example_dags/example_python_operator.py for tasks to queue
[2024-01-28T23:38:19.563+0100] {logging_mixin.py:188} INFO - [2024-01-28T23:38:19.563+0100] {dagbag.py:538} INFO - Filling up the DagBag from /home/ubuntu/.local/lib/python3.10/site-packages/airflow/example_dags/example_python_operator.py
[2024-01-28T23:38:19.577+0100] {processor.py:840} INFO - DAG(s) 'example_python_operator' retrieved from /home/ubuntu/.local/lib/python3.10/site-packages/airflow/example_dags/example_python_operator.py
[2024-01-28T23:38:19.597+0100] {logging_mixin.py:188} INFO - [2024-01-28T23:38:19.596+0100] {dag.py:3033} INFO - Sync 1 DAGs
[2024-01-28T23:38:19.609+0100] {logging_mixin.py:188} INFO - [2024-01-28T23:38:19.609+0100] {dag.py:3820} INFO - Setting next_dagrun for example_python_operator to None, run_after=None
[2024-01-28T23:38:19.673+0100] {processor.py:183} INFO - Processing /home/ubuntu/.local/lib/python3.10/site-packages/airflow/example_dags/example_python_operator.py took 0.125 seconds
[2024-01-28T23:39:16.248+0100] {processor.py:161} INFO - Started process (PID=19228) to work on /home/ubuntu/.local/lib/python3.10/site-packages/airflow/example_dags/example_python_operator.py
[2024-01-28T23:39:16.250+0100] {processor.py:830} INFO - Processing file /home/ubuntu/.local/lib/python3.10/site-packages/airflow/example_dags/example_python_operator.py for tasks to queue
[2024-01-28T23:39:16.252+0100] {logging_mixin.py:188} INFO - [2024-01-28T23:39:16.251+0100] {dagbag.py:538} INFO - Filling up the DagBag from /home/ubuntu/.local/lib/python3.10/site-packages/airflow/example_dags/example_python_operator.py
[2024-01-28T23:39:16.266+0100] {processor.py:840} INFO - DAG(s) 'example_python_operator' retrieved from /home/ubuntu/.local/lib/python3.10/site-packages/airflow/example_dags/example_python_operator.py
[2024-01-28T23:39:16.388+0100] {logging_mixin.py:188} INFO - [2024-01-28T23:39:16.388+0100] {dag.py:3033} INFO - Sync 1 DAGs
[2024-01-28T23:39:16.397+0100] {logging_mixin.py:188} INFO - [2024-01-28T23:39:16.397+0100] {dag.py:3820} INFO - Setting next_dagrun for example_python_operator to None, run_after=None
[2024-01-28T23:39:16.427+0100] {processor.py:183} INFO - Processing /home/ubuntu/.local/lib/python3.10/site-packages/airflow/example_dags/example_python_operator.py took 0.183 seconds
[2024-01-28T23:40:22.721+0100] {processor.py:161} INFO - Started process (PID=19301) to work on /home/ubuntu/.local/lib/python3.10/site-packages/airflow/example_dags/example_python_operator.py
[2024-01-28T23:40:22.732+0100] {processor.py:830} INFO - Processing file /home/ubuntu/.local/lib/python3.10/site-packages/airflow/example_dags/example_python_operator.py for tasks to queue
[2024-01-28T23:40:22.734+0100] {logging_mixin.py:188} INFO - [2024-01-28T23:40:22.733+0100] {dagbag.py:538} INFO - Filling up the DagBag from /home/ubuntu/.local/lib/python3.10/site-packages/airflow/example_dags/example_python_operator.py
[2024-01-28T23:40:22.745+0100] {processor.py:840} INFO - DAG(s) 'example_python_operator' retrieved from /home/ubuntu/.local/lib/python3.10/site-packages/airflow/example_dags/example_python_operator.py
[2024-01-28T23:40:22.763+0100] {logging_mixin.py:188} INFO - [2024-01-28T23:40:22.763+0100] {dag.py:3033} INFO - Sync 1 DAGs
[2024-01-28T23:40:22.773+0100] {logging_mixin.py:188} INFO - [2024-01-28T23:40:22.773+0100] {dag.py:3820} INFO - Setting next_dagrun for example_python_operator to None, run_after=None
[2024-01-28T23:40:22.811+0100] {processor.py:183} INFO - Processing /home/ubuntu/.local/lib/python3.10/site-packages/airflow/example_dags/example_python_operator.py took 0.093 seconds
[2024-01-28T23:41:23.693+0100] {processor.py:161} INFO - Started process (PID=19390) to work on /home/ubuntu/.local/lib/python3.10/site-packages/airflow/example_dags/example_python_operator.py
[2024-01-28T23:41:23.696+0100] {processor.py:830} INFO - Processing file /home/ubuntu/.local/lib/python3.10/site-packages/airflow/example_dags/example_python_operator.py for tasks to queue
[2024-01-28T23:41:23.697+0100] {logging_mixin.py:188} INFO - [2024-01-28T23:41:23.697+0100] {dagbag.py:538} INFO - Filling up the DagBag from /home/ubuntu/.local/lib/python3.10/site-packages/airflow/example_dags/example_python_operator.py
[2024-01-28T23:41:23.714+0100] {processor.py:840} INFO - DAG(s) 'example_python_operator' retrieved from /home/ubuntu/.local/lib/python3.10/site-packages/airflow/example_dags/example_python_operator.py
[2024-01-28T23:41:23.738+0100] {logging_mixin.py:188} INFO - [2024-01-28T23:41:23.738+0100] {dag.py:3033} INFO - Sync 1 DAGs
[2024-01-28T23:41:23.757+0100] {logging_mixin.py:188} INFO - [2024-01-28T23:41:23.757+0100] {dag.py:3820} INFO - Setting next_dagrun for example_python_operator to None, run_after=None
[2024-01-28T23:41:23.789+0100] {processor.py:183} INFO - Processing /home/ubuntu/.local/lib/python3.10/site-packages/airflow/example_dags/example_python_operator.py took 0.101 seconds
[2024-01-28T23:42:23.022+0100] {processor.py:161} INFO - Started process (PID=19457) to work on /home/ubuntu/.local/lib/python3.10/site-packages/airflow/example_dags/example_python_operator.py
[2024-01-28T23:42:23.025+0100] {processor.py:830} INFO - Processing file /home/ubuntu/.local/lib/python3.10/site-packages/airflow/example_dags/example_python_operator.py for tasks to queue
[2024-01-28T23:42:23.026+0100] {logging_mixin.py:188} INFO - [2024-01-28T23:42:23.025+0100] {dagbag.py:538} INFO - Filling up the DagBag from /home/ubuntu/.local/lib/python3.10/site-packages/airflow/example_dags/example_python_operator.py
[2024-01-28T23:42:23.038+0100] {processor.py:840} INFO - DAG(s) 'example_python_operator' retrieved from /home/ubuntu/.local/lib/python3.10/site-packages/airflow/example_dags/example_python_operator.py
[2024-01-28T23:42:23.059+0100] {logging_mixin.py:188} INFO - [2024-01-28T23:42:23.059+0100] {dag.py:3033} INFO - Sync 1 DAGs
[2024-01-28T23:42:23.072+0100] {logging_mixin.py:188} INFO - [2024-01-28T23:42:23.072+0100] {dag.py:3820} INFO - Setting next_dagrun for example_python_operator to None, run_after=None
[2024-01-28T23:42:23.115+0100] {processor.py:183} INFO - Processing /home/ubuntu/.local/lib/python3.10/site-packages/airflow/example_dags/example_python_operator.py took 0.097 seconds
[2024-01-28T23:43:30.655+0100] {processor.py:161} INFO - Started process (PID=19535) to work on /home/ubuntu/.local/lib/python3.10/site-packages/airflow/example_dags/example_python_operator.py
[2024-01-28T23:43:30.658+0100] {processor.py:830} INFO - Processing file /home/ubuntu/.local/lib/python3.10/site-packages/airflow/example_dags/example_python_operator.py for tasks to queue
[2024-01-28T23:43:30.659+0100] {logging_mixin.py:188} INFO - [2024-01-28T23:43:30.659+0100] {dagbag.py:538} INFO - Filling up the DagBag from /home/ubuntu/.local/lib/python3.10/site-packages/airflow/example_dags/example_python_operator.py
[2024-01-28T23:43:30.673+0100] {processor.py:840} INFO - DAG(s) 'example_python_operator' retrieved from /home/ubuntu/.local/lib/python3.10/site-packages/airflow/example_dags/example_python_operator.py
[2024-01-28T23:43:30.698+0100] {logging_mixin.py:188} INFO - [2024-01-28T23:43:30.698+0100] {dag.py:3033} INFO - Sync 1 DAGs
[2024-01-28T23:43:30.711+0100] {logging_mixin.py:188} INFO - [2024-01-28T23:43:30.711+0100] {dag.py:3820} INFO - Setting next_dagrun for example_python_operator to None, run_after=None
[2024-01-28T23:43:30.749+0100] {processor.py:183} INFO - Processing /home/ubuntu/.local/lib/python3.10/site-packages/airflow/example_dags/example_python_operator.py took 0.098 seconds
[2024-01-28T23:44:39.497+0100] {processor.py:161} INFO - Started process (PID=19609) to work on /home/ubuntu/.local/lib/python3.10/site-packages/airflow/example_dags/example_python_operator.py
[2024-01-28T23:44:39.500+0100] {processor.py:830} INFO - Processing file /home/ubuntu/.local/lib/python3.10/site-packages/airflow/example_dags/example_python_operator.py for tasks to queue
[2024-01-28T23:44:39.501+0100] {logging_mixin.py:188} INFO - [2024-01-28T23:44:39.500+0100] {dagbag.py:538} INFO - Filling up the DagBag from /home/ubuntu/.local/lib/python3.10/site-packages/airflow/example_dags/example_python_operator.py
[2024-01-28T23:44:39.514+0100] {processor.py:840} INFO - DAG(s) 'example_python_operator' retrieved from /home/ubuntu/.local/lib/python3.10/site-packages/airflow/example_dags/example_python_operator.py
[2024-01-28T23:44:39.535+0100] {logging_mixin.py:188} INFO - [2024-01-28T23:44:39.534+0100] {dag.py:3033} INFO - Sync 1 DAGs
[2024-01-28T23:44:39.547+0100] {logging_mixin.py:188} INFO - [2024-01-28T23:44:39.547+0100] {dag.py:3820} INFO - Setting next_dagrun for example_python_operator to None, run_after=None
[2024-01-28T23:44:39.580+0100] {processor.py:183} INFO - Processing /home/ubuntu/.local/lib/python3.10/site-packages/airflow/example_dags/example_python_operator.py took 0.087 seconds
[2024-01-28T23:45:48.396+0100] {processor.py:161} INFO - Started process (PID=19687) to work on /home/ubuntu/.local/lib/python3.10/site-packages/airflow/example_dags/example_python_operator.py
[2024-01-28T23:45:48.399+0100] {processor.py:830} INFO - Processing file /home/ubuntu/.local/lib/python3.10/site-packages/airflow/example_dags/example_python_operator.py for tasks to queue
[2024-01-28T23:45:48.400+0100] {logging_mixin.py:188} INFO - [2024-01-28T23:45:48.400+0100] {dagbag.py:538} INFO - Filling up the DagBag from /home/ubuntu/.local/lib/python3.10/site-packages/airflow/example_dags/example_python_operator.py
[2024-01-28T23:45:48.414+0100] {processor.py:840} INFO - DAG(s) 'example_python_operator' retrieved from /home/ubuntu/.local/lib/python3.10/site-packages/airflow/example_dags/example_python_operator.py
[2024-01-28T23:45:48.433+0100] {logging_mixin.py:188} INFO - [2024-01-28T23:45:48.433+0100] {dag.py:3033} INFO - Sync 1 DAGs
[2024-01-28T23:45:48.446+0100] {logging_mixin.py:188} INFO - [2024-01-28T23:45:48.446+0100] {dag.py:3820} INFO - Setting next_dagrun for example_python_operator to None, run_after=None
[2024-01-28T23:45:48.483+0100] {processor.py:183} INFO - Processing /home/ubuntu/.local/lib/python3.10/site-packages/airflow/example_dags/example_python_operator.py took 0.090 seconds
[2024-01-28T23:46:50.910+0100] {processor.py:161} INFO - Started process (PID=19763) to work on /home/ubuntu/.local/lib/python3.10/site-packages/airflow/example_dags/example_python_operator.py
[2024-01-28T23:46:50.913+0100] {processor.py:830} INFO - Processing file /home/ubuntu/.local/lib/python3.10/site-packages/airflow/example_dags/example_python_operator.py for tasks to queue
[2024-01-28T23:46:50.914+0100] {logging_mixin.py:188} INFO - [2024-01-28T23:46:50.914+0100] {dagbag.py:538} INFO - Filling up the DagBag from /home/ubuntu/.local/lib/python3.10/site-packages/airflow/example_dags/example_python_operator.py
[2024-01-28T23:46:50.929+0100] {processor.py:840} INFO - DAG(s) 'example_python_operator' retrieved from /home/ubuntu/.local/lib/python3.10/site-packages/airflow/example_dags/example_python_operator.py
[2024-01-28T23:46:50.954+0100] {logging_mixin.py:188} INFO - [2024-01-28T23:46:50.954+0100] {dag.py:3033} INFO - Sync 1 DAGs
[2024-01-28T23:46:50.966+0100] {logging_mixin.py:188} INFO - [2024-01-28T23:46:50.966+0100] {dag.py:3820} INFO - Setting next_dagrun for example_python_operator to None, run_after=None
[2024-01-28T23:46:50.993+0100] {processor.py:183} INFO - Processing /home/ubuntu/.local/lib/python3.10/site-packages/airflow/example_dags/example_python_operator.py took 0.086 seconds
[2024-01-28T23:47:46.839+0100] {processor.py:161} INFO - Started process (PID=19833) to work on /home/ubuntu/.local/lib/python3.10/site-packages/airflow/example_dags/example_python_operator.py
[2024-01-28T23:47:46.843+0100] {processor.py:830} INFO - Processing file /home/ubuntu/.local/lib/python3.10/site-packages/airflow/example_dags/example_python_operator.py for tasks to queue
[2024-01-28T23:47:46.844+0100] {logging_mixin.py:188} INFO - [2024-01-28T23:47:46.843+0100] {dagbag.py:538} INFO - Filling up the DagBag from /home/ubuntu/.local/lib/python3.10/site-packages/airflow/example_dags/example_python_operator.py
[2024-01-28T23:47:46.856+0100] {processor.py:840} INFO - DAG(s) 'example_python_operator' retrieved from /home/ubuntu/.local/lib/python3.10/site-packages/airflow/example_dags/example_python_operator.py
[2024-01-28T23:47:46.878+0100] {logging_mixin.py:188} INFO - [2024-01-28T23:47:46.878+0100] {dag.py:3033} INFO - Sync 1 DAGs
[2024-01-28T23:47:46.891+0100] {logging_mixin.py:188} INFO - [2024-01-28T23:47:46.891+0100] {dag.py:3820} INFO - Setting next_dagrun for example_python_operator to None, run_after=None
[2024-01-28T23:47:46.920+0100] {processor.py:183} INFO - Processing /home/ubuntu/.local/lib/python3.10/site-packages/airflow/example_dags/example_python_operator.py took 0.084 seconds
[2024-01-28T23:48:42.882+0100] {processor.py:161} INFO - Started process (PID=19899) to work on /home/ubuntu/.local/lib/python3.10/site-packages/airflow/example_dags/example_python_operator.py
[2024-01-28T23:48:42.884+0100] {processor.py:830} INFO - Processing file /home/ubuntu/.local/lib/python3.10/site-packages/airflow/example_dags/example_python_operator.py for tasks to queue
[2024-01-28T23:48:42.886+0100] {logging_mixin.py:188} INFO - [2024-01-28T23:48:42.885+0100] {dagbag.py:538} INFO - Filling up the DagBag from /home/ubuntu/.local/lib/python3.10/site-packages/airflow/example_dags/example_python_operator.py
[2024-01-28T23:48:42.899+0100] {processor.py:840} INFO - DAG(s) 'example_python_operator' retrieved from /home/ubuntu/.local/lib/python3.10/site-packages/airflow/example_dags/example_python_operator.py
[2024-01-28T23:48:42.918+0100] {logging_mixin.py:188} INFO - [2024-01-28T23:48:42.918+0100] {dag.py:3033} INFO - Sync 1 DAGs
[2024-01-28T23:48:42.930+0100] {logging_mixin.py:188} INFO - [2024-01-28T23:48:42.930+0100] {dag.py:3820} INFO - Setting next_dagrun for example_python_operator to None, run_after=None
[2024-01-28T23:48:42.961+0100] {processor.py:183} INFO - Processing /home/ubuntu/.local/lib/python3.10/site-packages/airflow/example_dags/example_python_operator.py took 0.082 seconds
[2024-01-28T23:49:37.234+0100] {processor.py:161} INFO - Started process (PID=19962) to work on /home/ubuntu/.local/lib/python3.10/site-packages/airflow/example_dags/example_python_operator.py
[2024-01-28T23:49:37.236+0100] {processor.py:830} INFO - Processing file /home/ubuntu/.local/lib/python3.10/site-packages/airflow/example_dags/example_python_operator.py for tasks to queue
[2024-01-28T23:49:37.238+0100] {logging_mixin.py:188} INFO - [2024-01-28T23:49:37.237+0100] {dagbag.py:538} INFO - Filling up the DagBag from /home/ubuntu/.local/lib/python3.10/site-packages/airflow/example_dags/example_python_operator.py
[2024-01-28T23:49:37.251+0100] {processor.py:840} INFO - DAG(s) 'example_python_operator' retrieved from /home/ubuntu/.local/lib/python3.10/site-packages/airflow/example_dags/example_python_operator.py
[2024-01-28T23:49:37.273+0100] {logging_mixin.py:188} INFO - [2024-01-28T23:49:37.273+0100] {dag.py:3033} INFO - Sync 1 DAGs
[2024-01-28T23:49:37.284+0100] {logging_mixin.py:188} INFO - [2024-01-28T23:49:37.284+0100] {dag.py:3820} INFO - Setting next_dagrun for example_python_operator to None, run_after=None
[2024-01-28T23:49:37.323+0100] {processor.py:183} INFO - Processing /home/ubuntu/.local/lib/python3.10/site-packages/airflow/example_dags/example_python_operator.py took 0.093 seconds
[2024-01-28T23:50:38.509+0100] {processor.py:161} INFO - Started process (PID=20031) to work on /home/ubuntu/.local/lib/python3.10/site-packages/airflow/example_dags/example_python_operator.py
[2024-01-28T23:50:38.513+0100] {processor.py:830} INFO - Processing file /home/ubuntu/.local/lib/python3.10/site-packages/airflow/example_dags/example_python_operator.py for tasks to queue
[2024-01-28T23:50:38.516+0100] {logging_mixin.py:188} INFO - [2024-01-28T23:50:38.515+0100] {dagbag.py:538} INFO - Filling up the DagBag from /home/ubuntu/.local/lib/python3.10/site-packages/airflow/example_dags/example_python_operator.py
[2024-01-28T23:50:38.546+0100] {processor.py:840} INFO - DAG(s) 'example_python_operator' retrieved from /home/ubuntu/.local/lib/python3.10/site-packages/airflow/example_dags/example_python_operator.py
[2024-01-28T23:50:38.588+0100] {logging_mixin.py:188} INFO - [2024-01-28T23:50:38.588+0100] {dag.py:3033} INFO - Sync 1 DAGs
[2024-01-28T23:50:38.614+0100] {logging_mixin.py:188} INFO - [2024-01-28T23:50:38.614+0100] {dag.py:3820} INFO - Setting next_dagrun for example_python_operator to None, run_after=None
[2024-01-28T23:50:38.674+0100] {processor.py:183} INFO - Processing /home/ubuntu/.local/lib/python3.10/site-packages/airflow/example_dags/example_python_operator.py took 0.172 seconds
[2024-01-28T23:51:43.676+0100] {processor.py:161} INFO - Started process (PID=20108) to work on /home/ubuntu/.local/lib/python3.10/site-packages/airflow/example_dags/example_python_operator.py
[2024-01-28T23:51:43.679+0100] {processor.py:830} INFO - Processing file /home/ubuntu/.local/lib/python3.10/site-packages/airflow/example_dags/example_python_operator.py for tasks to queue
[2024-01-28T23:51:43.680+0100] {logging_mixin.py:188} INFO - [2024-01-28T23:51:43.680+0100] {dagbag.py:538} INFO - Filling up the DagBag from /home/ubuntu/.local/lib/python3.10/site-packages/airflow/example_dags/example_python_operator.py
[2024-01-28T23:51:43.695+0100] {processor.py:840} INFO - DAG(s) 'example_python_operator' retrieved from /home/ubuntu/.local/lib/python3.10/site-packages/airflow/example_dags/example_python_operator.py
[2024-01-28T23:51:43.717+0100] {logging_mixin.py:188} INFO - [2024-01-28T23:51:43.717+0100] {dag.py:3033} INFO - Sync 1 DAGs
[2024-01-28T23:51:43.733+0100] {logging_mixin.py:188} INFO - [2024-01-28T23:51:43.732+0100] {dag.py:3820} INFO - Setting next_dagrun for example_python_operator to None, run_after=None
[2024-01-28T23:51:43.777+0100] {processor.py:183} INFO - Processing /home/ubuntu/.local/lib/python3.10/site-packages/airflow/example_dags/example_python_operator.py took 0.104 seconds
[2024-01-28T23:52:45.806+0100] {processor.py:161} INFO - Started process (PID=20180) to work on /home/ubuntu/.local/lib/python3.10/site-packages/airflow/example_dags/example_python_operator.py
[2024-01-28T23:52:45.809+0100] {processor.py:830} INFO - Processing file /home/ubuntu/.local/lib/python3.10/site-packages/airflow/example_dags/example_python_operator.py for tasks to queue
[2024-01-28T23:52:45.810+0100] {logging_mixin.py:188} INFO - [2024-01-28T23:52:45.809+0100] {dagbag.py:538} INFO - Filling up the DagBag from /home/ubuntu/.local/lib/python3.10/site-packages/airflow/example_dags/example_python_operator.py
[2024-01-28T23:52:45.823+0100] {processor.py:840} INFO - DAG(s) 'example_python_operator' retrieved from /home/ubuntu/.local/lib/python3.10/site-packages/airflow/example_dags/example_python_operator.py
[2024-01-28T23:52:45.843+0100] {logging_mixin.py:188} INFO - [2024-01-28T23:52:45.842+0100] {dag.py:3033} INFO - Sync 1 DAGs
[2024-01-28T23:52:45.855+0100] {logging_mixin.py:188} INFO - [2024-01-28T23:52:45.855+0100] {dag.py:3820} INFO - Setting next_dagrun for example_python_operator to None, run_after=None
[2024-01-28T23:52:45.884+0100] {processor.py:183} INFO - Processing /home/ubuntu/.local/lib/python3.10/site-packages/airflow/example_dags/example_python_operator.py took 0.081 seconds
[2024-01-28T23:53:46.094+0100] {processor.py:161} INFO - Started process (PID=20254) to work on /home/ubuntu/.local/lib/python3.10/site-packages/airflow/example_dags/example_python_operator.py
[2024-01-28T23:53:46.096+0100] {processor.py:830} INFO - Processing file /home/ubuntu/.local/lib/python3.10/site-packages/airflow/example_dags/example_python_operator.py for tasks to queue
[2024-01-28T23:53:46.098+0100] {logging_mixin.py:188} INFO - [2024-01-28T23:53:46.097+0100] {dagbag.py:538} INFO - Filling up the DagBag from /home/ubuntu/.local/lib/python3.10/site-packages/airflow/example_dags/example_python_operator.py
[2024-01-28T23:53:46.109+0100] {processor.py:840} INFO - DAG(s) 'example_python_operator' retrieved from /home/ubuntu/.local/lib/python3.10/site-packages/airflow/example_dags/example_python_operator.py
[2024-01-28T23:53:46.127+0100] {logging_mixin.py:188} INFO - [2024-01-28T23:53:46.127+0100] {dag.py:3033} INFO - Sync 1 DAGs
[2024-01-28T23:53:46.143+0100] {logging_mixin.py:188} INFO - [2024-01-28T23:53:46.143+0100] {dag.py:3820} INFO - Setting next_dagrun for example_python_operator to None, run_after=None
[2024-01-28T23:53:46.183+0100] {processor.py:183} INFO - Processing /home/ubuntu/.local/lib/python3.10/site-packages/airflow/example_dags/example_python_operator.py took 0.092 seconds
[2024-01-28T23:54:51.723+0100] {processor.py:161} INFO - Started process (PID=20335) to work on /home/ubuntu/.local/lib/python3.10/site-packages/airflow/example_dags/example_python_operator.py
[2024-01-28T23:54:51.725+0100] {processor.py:830} INFO - Processing file /home/ubuntu/.local/lib/python3.10/site-packages/airflow/example_dags/example_python_operator.py for tasks to queue
[2024-01-28T23:54:51.727+0100] {logging_mixin.py:188} INFO - [2024-01-28T23:54:51.727+0100] {dagbag.py:538} INFO - Filling up the DagBag from /home/ubuntu/.local/lib/python3.10/site-packages/airflow/example_dags/example_python_operator.py
[2024-01-28T23:54:51.750+0100] {processor.py:840} INFO - DAG(s) 'example_python_operator' retrieved from /home/ubuntu/.local/lib/python3.10/site-packages/airflow/example_dags/example_python_operator.py
[2024-01-28T23:54:51.769+0100] {logging_mixin.py:188} INFO - [2024-01-28T23:54:51.769+0100] {dag.py:3033} INFO - Sync 1 DAGs
[2024-01-28T23:54:51.782+0100] {logging_mixin.py:188} INFO - [2024-01-28T23:54:51.782+0100] {dag.py:3820} INFO - Setting next_dagrun for example_python_operator to None, run_after=None
[2024-01-28T23:54:51.816+0100] {processor.py:183} INFO - Processing /home/ubuntu/.local/lib/python3.10/site-packages/airflow/example_dags/example_python_operator.py took 0.097 seconds
[2024-01-28T23:55:48.846+0100] {processor.py:161} INFO - Started process (PID=20407) to work on /home/ubuntu/.local/lib/python3.10/site-packages/airflow/example_dags/example_python_operator.py
[2024-01-28T23:55:48.848+0100] {processor.py:830} INFO - Processing file /home/ubuntu/.local/lib/python3.10/site-packages/airflow/example_dags/example_python_operator.py for tasks to queue
[2024-01-28T23:55:48.849+0100] {logging_mixin.py:188} INFO - [2024-01-28T23:55:48.849+0100] {dagbag.py:538} INFO - Filling up the DagBag from /home/ubuntu/.local/lib/python3.10/site-packages/airflow/example_dags/example_python_operator.py
[2024-01-28T23:55:48.860+0100] {processor.py:840} INFO - DAG(s) 'example_python_operator' retrieved from /home/ubuntu/.local/lib/python3.10/site-packages/airflow/example_dags/example_python_operator.py
[2024-01-28T23:55:48.877+0100] {logging_mixin.py:188} INFO - [2024-01-28T23:55:48.876+0100] {dag.py:3033} INFO - Sync 1 DAGs
[2024-01-28T23:55:48.888+0100] {logging_mixin.py:188} INFO - [2024-01-28T23:55:48.888+0100] {dag.py:3820} INFO - Setting next_dagrun for example_python_operator to None, run_after=None
[2024-01-28T23:55:48.917+0100] {processor.py:183} INFO - Processing /home/ubuntu/.local/lib/python3.10/site-packages/airflow/example_dags/example_python_operator.py took 0.074 seconds
[2024-01-28T23:56:50.457+0100] {processor.py:161} INFO - Started process (PID=20486) to work on /home/ubuntu/.local/lib/python3.10/site-packages/airflow/example_dags/example_python_operator.py
[2024-01-28T23:56:50.460+0100] {processor.py:830} INFO - Processing file /home/ubuntu/.local/lib/python3.10/site-packages/airflow/example_dags/example_python_operator.py for tasks to queue
[2024-01-28T23:56:50.461+0100] {logging_mixin.py:188} INFO - [2024-01-28T23:56:50.461+0100] {dagbag.py:538} INFO - Filling up the DagBag from /home/ubuntu/.local/lib/python3.10/site-packages/airflow/example_dags/example_python_operator.py
[2024-01-28T23:56:50.473+0100] {processor.py:840} INFO - DAG(s) 'example_python_operator' retrieved from /home/ubuntu/.local/lib/python3.10/site-packages/airflow/example_dags/example_python_operator.py
[2024-01-28T23:56:50.493+0100] {logging_mixin.py:188} INFO - [2024-01-28T23:56:50.492+0100] {dag.py:3033} INFO - Sync 1 DAGs
[2024-01-28T23:56:50.505+0100] {logging_mixin.py:188} INFO - [2024-01-28T23:56:50.505+0100] {dag.py:3820} INFO - Setting next_dagrun for example_python_operator to None, run_after=None
[2024-01-28T23:56:50.534+0100] {processor.py:183} INFO - Processing /home/ubuntu/.local/lib/python3.10/site-packages/airflow/example_dags/example_python_operator.py took 0.079 seconds
[2024-01-28T23:57:49.154+0100] {processor.py:161} INFO - Started process (PID=20553) to work on /home/ubuntu/.local/lib/python3.10/site-packages/airflow/example_dags/example_python_operator.py
[2024-01-28T23:57:49.157+0100] {processor.py:830} INFO - Processing file /home/ubuntu/.local/lib/python3.10/site-packages/airflow/example_dags/example_python_operator.py for tasks to queue
[2024-01-28T23:57:49.173+0100] {logging_mixin.py:188} INFO - [2024-01-28T23:57:49.172+0100] {dagbag.py:538} INFO - Filling up the DagBag from /home/ubuntu/.local/lib/python3.10/site-packages/airflow/example_dags/example_python_operator.py
[2024-01-28T23:57:49.184+0100] {processor.py:840} INFO - DAG(s) 'example_python_operator' retrieved from /home/ubuntu/.local/lib/python3.10/site-packages/airflow/example_dags/example_python_operator.py
[2024-01-28T23:57:49.202+0100] {logging_mixin.py:188} INFO - [2024-01-28T23:57:49.202+0100] {dag.py:3033} INFO - Sync 1 DAGs
[2024-01-28T23:57:49.214+0100] {logging_mixin.py:188} INFO - [2024-01-28T23:57:49.214+0100] {dag.py:3820} INFO - Setting next_dagrun for example_python_operator to None, run_after=None
[2024-01-28T23:57:49.241+0100] {processor.py:183} INFO - Processing /home/ubuntu/.local/lib/python3.10/site-packages/airflow/example_dags/example_python_operator.py took 0.090 seconds
[2024-01-28T23:58:50.668+0100] {processor.py:161} INFO - Started process (PID=20622) to work on /home/ubuntu/.local/lib/python3.10/site-packages/airflow/example_dags/example_python_operator.py
[2024-01-28T23:58:50.672+0100] {processor.py:830} INFO - Processing file /home/ubuntu/.local/lib/python3.10/site-packages/airflow/example_dags/example_python_operator.py for tasks to queue
[2024-01-28T23:58:50.673+0100] {logging_mixin.py:188} INFO - [2024-01-28T23:58:50.673+0100] {dagbag.py:538} INFO - Filling up the DagBag from /home/ubuntu/.local/lib/python3.10/site-packages/airflow/example_dags/example_python_operator.py
[2024-01-28T23:58:50.692+0100] {processor.py:840} INFO - DAG(s) 'example_python_operator' retrieved from /home/ubuntu/.local/lib/python3.10/site-packages/airflow/example_dags/example_python_operator.py
[2024-01-28T23:58:50.710+0100] {logging_mixin.py:188} INFO - [2024-01-28T23:58:50.710+0100] {dag.py:3033} INFO - Sync 1 DAGs
[2024-01-28T23:58:50.722+0100] {logging_mixin.py:188} INFO - [2024-01-28T23:58:50.722+0100] {dag.py:3820} INFO - Setting next_dagrun for example_python_operator to None, run_after=None
[2024-01-28T23:58:50.755+0100] {processor.py:183} INFO - Processing /home/ubuntu/.local/lib/python3.10/site-packages/airflow/example_dags/example_python_operator.py took 0.092 seconds
[2024-01-28T23:59:54.474+0100] {processor.py:161} INFO - Started process (PID=20697) to work on /home/ubuntu/.local/lib/python3.10/site-packages/airflow/example_dags/example_python_operator.py
[2024-01-28T23:59:54.476+0100] {processor.py:830} INFO - Processing file /home/ubuntu/.local/lib/python3.10/site-packages/airflow/example_dags/example_python_operator.py for tasks to queue
[2024-01-28T23:59:54.477+0100] {logging_mixin.py:188} INFO - [2024-01-28T23:59:54.476+0100] {dagbag.py:538} INFO - Filling up the DagBag from /home/ubuntu/.local/lib/python3.10/site-packages/airflow/example_dags/example_python_operator.py
[2024-01-28T23:59:54.488+0100] {processor.py:840} INFO - DAG(s) 'example_python_operator' retrieved from /home/ubuntu/.local/lib/python3.10/site-packages/airflow/example_dags/example_python_operator.py
[2024-01-28T23:59:54.507+0100] {logging_mixin.py:188} INFO - [2024-01-28T23:59:54.507+0100] {dag.py:3033} INFO - Sync 1 DAGs
[2024-01-28T23:59:54.518+0100] {logging_mixin.py:188} INFO - [2024-01-28T23:59:54.518+0100] {dag.py:3820} INFO - Setting next_dagrun for example_python_operator to None, run_after=None
[2024-01-28T23:59:54.544+0100] {processor.py:183} INFO - Processing /home/ubuntu/.local/lib/python3.10/site-packages/airflow/example_dags/example_python_operator.py took 0.074 seconds
[2024-01-29T00:00:56.408+0100] {processor.py:161} INFO - Started process (PID=20868) to work on /home/ubuntu/.local/lib/python3.10/site-packages/airflow/example_dags/example_python_operator.py
[2024-01-29T00:00:56.411+0100] {processor.py:830} INFO - Processing file /home/ubuntu/.local/lib/python3.10/site-packages/airflow/example_dags/example_python_operator.py for tasks to queue
[2024-01-29T00:00:56.412+0100] {logging_mixin.py:188} INFO - [2024-01-29T00:00:56.412+0100] {dagbag.py:538} INFO - Filling up the DagBag from /home/ubuntu/.local/lib/python3.10/site-packages/airflow/example_dags/example_python_operator.py
[2024-01-29T00:00:56.426+0100] {processor.py:840} INFO - DAG(s) 'example_python_operator' retrieved from /home/ubuntu/.local/lib/python3.10/site-packages/airflow/example_dags/example_python_operator.py
[2024-01-29T00:00:56.450+0100] {logging_mixin.py:188} INFO - [2024-01-29T00:00:56.450+0100] {dag.py:3033} INFO - Sync 1 DAGs
[2024-01-29T00:00:56.464+0100] {logging_mixin.py:188} INFO - [2024-01-29T00:00:56.464+0100] {dag.py:3820} INFO - Setting next_dagrun for example_python_operator to None, run_after=None
[2024-01-29T00:00:56.493+0100] {processor.py:183} INFO - Processing /home/ubuntu/.local/lib/python3.10/site-packages/airflow/example_dags/example_python_operator.py took 0.088 seconds
[2024-01-29T00:01:54.703+0100] {processor.py:161} INFO - Started process (PID=20948) to work on /home/ubuntu/.local/lib/python3.10/site-packages/airflow/example_dags/example_python_operator.py
[2024-01-29T00:01:54.705+0100] {processor.py:830} INFO - Processing file /home/ubuntu/.local/lib/python3.10/site-packages/airflow/example_dags/example_python_operator.py for tasks to queue
[2024-01-29T00:01:54.707+0100] {logging_mixin.py:188} INFO - [2024-01-29T00:01:54.707+0100] {dagbag.py:538} INFO - Filling up the DagBag from /home/ubuntu/.local/lib/python3.10/site-packages/airflow/example_dags/example_python_operator.py
[2024-01-29T00:01:54.720+0100] {processor.py:840} INFO - DAG(s) 'example_python_operator' retrieved from /home/ubuntu/.local/lib/python3.10/site-packages/airflow/example_dags/example_python_operator.py
[2024-01-29T00:01:54.742+0100] {logging_mixin.py:188} INFO - [2024-01-29T00:01:54.742+0100] {dag.py:3033} INFO - Sync 1 DAGs
[2024-01-29T00:01:54.755+0100] {logging_mixin.py:188} INFO - [2024-01-29T00:01:54.755+0100] {dag.py:3820} INFO - Setting next_dagrun for example_python_operator to None, run_after=None
[2024-01-29T00:01:54.788+0100] {processor.py:183} INFO - Processing /home/ubuntu/.local/lib/python3.10/site-packages/airflow/example_dags/example_python_operator.py took 0.089 seconds
