[2024-01-28T22:57:35.273+0100] {processor.py:161} INFO - Started process (PID=15631) to work on /home/ubuntu/.local/lib/python3.10/site-packages/airflow/example_dags/example_complex.py
[2024-01-28T22:57:35.274+0100] {processor.py:830} INFO - Processing file /home/ubuntu/.local/lib/python3.10/site-packages/airflow/example_dags/example_complex.py for tasks to queue
[2024-01-28T22:57:35.277+0100] {logging_mixin.py:188} INFO - [2024-01-28T22:57:35.276+0100] {dagbag.py:538} INFO - Filling up the DagBag from /home/ubuntu/.local/lib/python3.10/site-packages/airflow/example_dags/example_complex.py
[2024-01-28T22:57:35.307+0100] {processor.py:840} INFO - DAG(s) 'example_complex' retrieved from /home/ubuntu/.local/lib/python3.10/site-packages/airflow/example_dags/example_complex.py
[2024-01-28T22:57:35.497+0100] {logging_mixin.py:188} INFO - [2024-01-28T22:57:35.497+0100] {dag.py:3033} INFO - Sync 1 DAGs
[2024-01-28T22:57:35.509+0100] {logging_mixin.py:188} INFO - [2024-01-28T22:57:35.509+0100] {dag.py:3820} INFO - Setting next_dagrun for example_complex to None, run_after=None
[2024-01-28T22:57:35.551+0100] {processor.py:183} INFO - Processing /home/ubuntu/.local/lib/python3.10/site-packages/airflow/example_dags/example_complex.py took 0.286 seconds
[2024-01-28T22:58:46.380+0100] {processor.py:161} INFO - Started process (PID=15728) to work on /home/ubuntu/.local/lib/python3.10/site-packages/airflow/example_dags/example_complex.py
[2024-01-28T22:58:46.384+0100] {processor.py:830} INFO - Processing file /home/ubuntu/.local/lib/python3.10/site-packages/airflow/example_dags/example_complex.py for tasks to queue
[2024-01-28T22:58:46.385+0100] {logging_mixin.py:188} INFO - [2024-01-28T22:58:46.385+0100] {dagbag.py:538} INFO - Filling up the DagBag from /home/ubuntu/.local/lib/python3.10/site-packages/airflow/example_dags/example_complex.py
[2024-01-28T22:58:46.405+0100] {processor.py:840} INFO - DAG(s) 'example_complex' retrieved from /home/ubuntu/.local/lib/python3.10/site-packages/airflow/example_dags/example_complex.py
[2024-01-28T22:58:46.486+0100] {logging_mixin.py:188} INFO - [2024-01-28T22:58:46.486+0100] {dag.py:3033} INFO - Sync 1 DAGs
[2024-01-28T22:58:46.502+0100] {logging_mixin.py:188} INFO - [2024-01-28T22:58:46.502+0100] {dag.py:3820} INFO - Setting next_dagrun for example_complex to None, run_after=None
[2024-01-28T22:58:46.537+0100] {processor.py:183} INFO - Processing /home/ubuntu/.local/lib/python3.10/site-packages/airflow/example_dags/example_complex.py took 0.162 seconds
[2024-01-28T22:59:39.853+0100] {processor.py:161} INFO - Started process (PID=15786) to work on /home/ubuntu/.local/lib/python3.10/site-packages/airflow/example_dags/example_complex.py
[2024-01-28T22:59:39.855+0100] {processor.py:830} INFO - Processing file /home/ubuntu/.local/lib/python3.10/site-packages/airflow/example_dags/example_complex.py for tasks to queue
[2024-01-28T22:59:39.856+0100] {logging_mixin.py:188} INFO - [2024-01-28T22:59:39.856+0100] {dagbag.py:538} INFO - Filling up the DagBag from /home/ubuntu/.local/lib/python3.10/site-packages/airflow/example_dags/example_complex.py
[2024-01-28T22:59:39.871+0100] {processor.py:840} INFO - DAG(s) 'example_complex' retrieved from /home/ubuntu/.local/lib/python3.10/site-packages/airflow/example_dags/example_complex.py
[2024-01-28T22:59:39.898+0100] {logging_mixin.py:188} INFO - [2024-01-28T22:59:39.898+0100] {dag.py:3033} INFO - Sync 1 DAGs
[2024-01-28T22:59:39.911+0100] {logging_mixin.py:188} INFO - [2024-01-28T22:59:39.910+0100] {dag.py:3820} INFO - Setting next_dagrun for example_complex to None, run_after=None
[2024-01-28T22:59:39.940+0100] {processor.py:183} INFO - Processing /home/ubuntu/.local/lib/python3.10/site-packages/airflow/example_dags/example_complex.py took 0.091 seconds
[2024-01-28T23:00:51.636+0100] {processor.py:161} INFO - Started process (PID=15867) to work on /home/ubuntu/.local/lib/python3.10/site-packages/airflow/example_dags/example_complex.py
[2024-01-28T23:00:51.638+0100] {processor.py:830} INFO - Processing file /home/ubuntu/.local/lib/python3.10/site-packages/airflow/example_dags/example_complex.py for tasks to queue
[2024-01-28T23:00:51.640+0100] {logging_mixin.py:188} INFO - [2024-01-28T23:00:51.640+0100] {dagbag.py:538} INFO - Filling up the DagBag from /home/ubuntu/.local/lib/python3.10/site-packages/airflow/example_dags/example_complex.py
[2024-01-28T23:00:51.661+0100] {processor.py:840} INFO - DAG(s) 'example_complex' retrieved from /home/ubuntu/.local/lib/python3.10/site-packages/airflow/example_dags/example_complex.py
[2024-01-28T23:00:51.704+0100] {logging_mixin.py:188} INFO - [2024-01-28T23:00:51.704+0100] {dag.py:3033} INFO - Sync 1 DAGs
[2024-01-28T23:00:51.725+0100] {logging_mixin.py:188} INFO - [2024-01-28T23:00:51.725+0100] {dag.py:3820} INFO - Setting next_dagrun for example_complex to None, run_after=None
[2024-01-28T23:00:51.770+0100] {processor.py:183} INFO - Processing /home/ubuntu/.local/lib/python3.10/site-packages/airflow/example_dags/example_complex.py took 0.140 seconds
[2024-01-28T23:01:56.687+0100] {processor.py:161} INFO - Started process (PID=15944) to work on /home/ubuntu/.local/lib/python3.10/site-packages/airflow/example_dags/example_complex.py
[2024-01-28T23:01:56.689+0100] {processor.py:830} INFO - Processing file /home/ubuntu/.local/lib/python3.10/site-packages/airflow/example_dags/example_complex.py for tasks to queue
[2024-01-28T23:01:56.691+0100] {logging_mixin.py:188} INFO - [2024-01-28T23:01:56.691+0100] {dagbag.py:538} INFO - Filling up the DagBag from /home/ubuntu/.local/lib/python3.10/site-packages/airflow/example_dags/example_complex.py
[2024-01-28T23:01:56.704+0100] {processor.py:840} INFO - DAG(s) 'example_complex' retrieved from /home/ubuntu/.local/lib/python3.10/site-packages/airflow/example_dags/example_complex.py
[2024-01-28T23:01:56.730+0100] {logging_mixin.py:188} INFO - [2024-01-28T23:01:56.730+0100] {dag.py:3033} INFO - Sync 1 DAGs
[2024-01-28T23:01:56.742+0100] {logging_mixin.py:188} INFO - [2024-01-28T23:01:56.742+0100] {dag.py:3820} INFO - Setting next_dagrun for example_complex to None, run_after=None
[2024-01-28T23:01:56.772+0100] {processor.py:183} INFO - Processing /home/ubuntu/.local/lib/python3.10/site-packages/airflow/example_dags/example_complex.py took 0.089 seconds
[2024-01-28T23:03:03.569+0100] {processor.py:161} INFO - Started process (PID=16026) to work on /home/ubuntu/.local/lib/python3.10/site-packages/airflow/example_dags/example_complex.py
[2024-01-28T23:03:03.572+0100] {processor.py:830} INFO - Processing file /home/ubuntu/.local/lib/python3.10/site-packages/airflow/example_dags/example_complex.py for tasks to queue
[2024-01-28T23:03:03.575+0100] {logging_mixin.py:188} INFO - [2024-01-28T23:03:03.574+0100] {dagbag.py:538} INFO - Filling up the DagBag from /home/ubuntu/.local/lib/python3.10/site-packages/airflow/example_dags/example_complex.py
[2024-01-28T23:03:03.600+0100] {processor.py:840} INFO - DAG(s) 'example_complex' retrieved from /home/ubuntu/.local/lib/python3.10/site-packages/airflow/example_dags/example_complex.py
[2024-01-28T23:03:03.635+0100] {logging_mixin.py:188} INFO - [2024-01-28T23:03:03.635+0100] {dag.py:3033} INFO - Sync 1 DAGs
[2024-01-28T23:03:03.653+0100] {logging_mixin.py:188} INFO - [2024-01-28T23:03:03.653+0100] {dag.py:3820} INFO - Setting next_dagrun for example_complex to None, run_after=None
[2024-01-28T23:03:03.689+0100] {processor.py:183} INFO - Processing /home/ubuntu/.local/lib/python3.10/site-packages/airflow/example_dags/example_complex.py took 0.125 seconds
[2024-01-28T23:03:59.771+0100] {processor.py:161} INFO - Started process (PID=16090) to work on /home/ubuntu/.local/lib/python3.10/site-packages/airflow/example_dags/example_complex.py
[2024-01-28T23:03:59.775+0100] {processor.py:830} INFO - Processing file /home/ubuntu/.local/lib/python3.10/site-packages/airflow/example_dags/example_complex.py for tasks to queue
[2024-01-28T23:03:59.776+0100] {logging_mixin.py:188} INFO - [2024-01-28T23:03:59.776+0100] {dagbag.py:538} INFO - Filling up the DagBag from /home/ubuntu/.local/lib/python3.10/site-packages/airflow/example_dags/example_complex.py
[2024-01-28T23:03:59.786+0100] {processor.py:840} INFO - DAG(s) 'example_complex' retrieved from /home/ubuntu/.local/lib/python3.10/site-packages/airflow/example_dags/example_complex.py
[2024-01-28T23:03:59.809+0100] {logging_mixin.py:188} INFO - [2024-01-28T23:03:59.809+0100] {dag.py:3033} INFO - Sync 1 DAGs
[2024-01-28T23:03:59.819+0100] {logging_mixin.py:188} INFO - [2024-01-28T23:03:59.819+0100] {dag.py:3820} INFO - Setting next_dagrun for example_complex to None, run_after=None
[2024-01-28T23:03:59.854+0100] {processor.py:183} INFO - Processing /home/ubuntu/.local/lib/python3.10/site-packages/airflow/example_dags/example_complex.py took 0.086 seconds
[2024-01-28T23:05:07.079+0100] {processor.py:161} INFO - Started process (PID=16170) to work on /home/ubuntu/.local/lib/python3.10/site-packages/airflow/example_dags/example_complex.py
[2024-01-28T23:05:07.081+0100] {processor.py:830} INFO - Processing file /home/ubuntu/.local/lib/python3.10/site-packages/airflow/example_dags/example_complex.py for tasks to queue
[2024-01-28T23:05:07.083+0100] {logging_mixin.py:188} INFO - [2024-01-28T23:05:07.082+0100] {dagbag.py:538} INFO - Filling up the DagBag from /home/ubuntu/.local/lib/python3.10/site-packages/airflow/example_dags/example_complex.py
[2024-01-28T23:05:07.101+0100] {processor.py:840} INFO - DAG(s) 'example_complex' retrieved from /home/ubuntu/.local/lib/python3.10/site-packages/airflow/example_dags/example_complex.py
[2024-01-28T23:05:07.130+0100] {logging_mixin.py:188} INFO - [2024-01-28T23:05:07.130+0100] {dag.py:3033} INFO - Sync 1 DAGs
[2024-01-28T23:05:07.142+0100] {logging_mixin.py:188} INFO - [2024-01-28T23:05:07.142+0100] {dag.py:3820} INFO - Setting next_dagrun for example_complex to None, run_after=None
[2024-01-28T23:05:07.187+0100] {processor.py:183} INFO - Processing /home/ubuntu/.local/lib/python3.10/site-packages/airflow/example_dags/example_complex.py took 0.111 seconds
[2024-01-28T23:06:08.870+0100] {processor.py:161} INFO - Started process (PID=16242) to work on /home/ubuntu/.local/lib/python3.10/site-packages/airflow/example_dags/example_complex.py
[2024-01-28T23:06:08.873+0100] {processor.py:830} INFO - Processing file /home/ubuntu/.local/lib/python3.10/site-packages/airflow/example_dags/example_complex.py for tasks to queue
[2024-01-28T23:06:08.874+0100] {logging_mixin.py:188} INFO - [2024-01-28T23:06:08.874+0100] {dagbag.py:538} INFO - Filling up the DagBag from /home/ubuntu/.local/lib/python3.10/site-packages/airflow/example_dags/example_complex.py
[2024-01-28T23:06:08.888+0100] {processor.py:840} INFO - DAG(s) 'example_complex' retrieved from /home/ubuntu/.local/lib/python3.10/site-packages/airflow/example_dags/example_complex.py
[2024-01-28T23:06:08.917+0100] {logging_mixin.py:188} INFO - [2024-01-28T23:06:08.917+0100] {dag.py:3033} INFO - Sync 1 DAGs
[2024-01-28T23:06:08.931+0100] {logging_mixin.py:188} INFO - [2024-01-28T23:06:08.931+0100] {dag.py:3820} INFO - Setting next_dagrun for example_complex to None, run_after=None
[2024-01-28T23:06:08.961+0100] {processor.py:183} INFO - Processing /home/ubuntu/.local/lib/python3.10/site-packages/airflow/example_dags/example_complex.py took 0.096 seconds
[2024-01-28T23:07:13.042+0100] {processor.py:161} INFO - Started process (PID=16317) to work on /home/ubuntu/.local/lib/python3.10/site-packages/airflow/example_dags/example_complex.py
[2024-01-28T23:07:13.046+0100] {processor.py:830} INFO - Processing file /home/ubuntu/.local/lib/python3.10/site-packages/airflow/example_dags/example_complex.py for tasks to queue
[2024-01-28T23:07:13.047+0100] {logging_mixin.py:188} INFO - [2024-01-28T23:07:13.047+0100] {dagbag.py:538} INFO - Filling up the DagBag from /home/ubuntu/.local/lib/python3.10/site-packages/airflow/example_dags/example_complex.py
[2024-01-28T23:07:13.058+0100] {processor.py:840} INFO - DAG(s) 'example_complex' retrieved from /home/ubuntu/.local/lib/python3.10/site-packages/airflow/example_dags/example_complex.py
[2024-01-28T23:07:13.081+0100] {logging_mixin.py:188} INFO - [2024-01-28T23:07:13.081+0100] {dag.py:3033} INFO - Sync 1 DAGs
[2024-01-28T23:07:13.092+0100] {logging_mixin.py:188} INFO - [2024-01-28T23:07:13.092+0100] {dag.py:3820} INFO - Setting next_dagrun for example_complex to None, run_after=None
[2024-01-28T23:07:13.122+0100] {processor.py:183} INFO - Processing /home/ubuntu/.local/lib/python3.10/site-packages/airflow/example_dags/example_complex.py took 0.082 seconds
[2024-01-28T23:08:16.551+0100] {processor.py:161} INFO - Started process (PID=16386) to work on /home/ubuntu/.local/lib/python3.10/site-packages/airflow/example_dags/example_complex.py
[2024-01-28T23:08:16.552+0100] {processor.py:830} INFO - Processing file /home/ubuntu/.local/lib/python3.10/site-packages/airflow/example_dags/example_complex.py for tasks to queue
[2024-01-28T23:08:16.554+0100] {logging_mixin.py:188} INFO - [2024-01-28T23:08:16.553+0100] {dagbag.py:538} INFO - Filling up the DagBag from /home/ubuntu/.local/lib/python3.10/site-packages/airflow/example_dags/example_complex.py
[2024-01-28T23:08:16.565+0100] {processor.py:840} INFO - DAG(s) 'example_complex' retrieved from /home/ubuntu/.local/lib/python3.10/site-packages/airflow/example_dags/example_complex.py
[2024-01-28T23:08:16.590+0100] {logging_mixin.py:188} INFO - [2024-01-28T23:08:16.590+0100] {dag.py:3033} INFO - Sync 1 DAGs
[2024-01-28T23:08:16.602+0100] {logging_mixin.py:188} INFO - [2024-01-28T23:08:16.602+0100] {dag.py:3820} INFO - Setting next_dagrun for example_complex to None, run_after=None
[2024-01-28T23:08:16.644+0100] {processor.py:183} INFO - Processing /home/ubuntu/.local/lib/python3.10/site-packages/airflow/example_dags/example_complex.py took 0.098 seconds
[2024-01-28T23:09:17.575+0100] {processor.py:161} INFO - Started process (PID=16463) to work on /home/ubuntu/.local/lib/python3.10/site-packages/airflow/example_dags/example_complex.py
[2024-01-28T23:09:17.578+0100] {processor.py:830} INFO - Processing file /home/ubuntu/.local/lib/python3.10/site-packages/airflow/example_dags/example_complex.py for tasks to queue
[2024-01-28T23:09:17.579+0100] {logging_mixin.py:188} INFO - [2024-01-28T23:09:17.578+0100] {dagbag.py:538} INFO - Filling up the DagBag from /home/ubuntu/.local/lib/python3.10/site-packages/airflow/example_dags/example_complex.py
[2024-01-28T23:09:17.589+0100] {processor.py:840} INFO - DAG(s) 'example_complex' retrieved from /home/ubuntu/.local/lib/python3.10/site-packages/airflow/example_dags/example_complex.py
[2024-01-28T23:09:17.615+0100] {logging_mixin.py:188} INFO - [2024-01-28T23:09:17.615+0100] {dag.py:3033} INFO - Sync 1 DAGs
[2024-01-28T23:09:17.627+0100] {logging_mixin.py:188} INFO - [2024-01-28T23:09:17.627+0100] {dag.py:3820} INFO - Setting next_dagrun for example_complex to None, run_after=None
[2024-01-28T23:09:17.672+0100] {processor.py:183} INFO - Processing /home/ubuntu/.local/lib/python3.10/site-packages/airflow/example_dags/example_complex.py took 0.101 seconds
[2024-01-28T23:10:22.786+0100] {processor.py:161} INFO - Started process (PID=16534) to work on /home/ubuntu/.local/lib/python3.10/site-packages/airflow/example_dags/example_complex.py
[2024-01-28T23:10:22.789+0100] {processor.py:830} INFO - Processing file /home/ubuntu/.local/lib/python3.10/site-packages/airflow/example_dags/example_complex.py for tasks to queue
[2024-01-28T23:10:22.792+0100] {logging_mixin.py:188} INFO - [2024-01-28T23:10:22.792+0100] {dagbag.py:538} INFO - Filling up the DagBag from /home/ubuntu/.local/lib/python3.10/site-packages/airflow/example_dags/example_complex.py
[2024-01-28T23:10:22.805+0100] {processor.py:840} INFO - DAG(s) 'example_complex' retrieved from /home/ubuntu/.local/lib/python3.10/site-packages/airflow/example_dags/example_complex.py
[2024-01-28T23:10:22.830+0100] {logging_mixin.py:188} INFO - [2024-01-28T23:10:22.830+0100] {dag.py:3033} INFO - Sync 1 DAGs
[2024-01-28T23:10:22.841+0100] {logging_mixin.py:188} INFO - [2024-01-28T23:10:22.841+0100] {dag.py:3820} INFO - Setting next_dagrun for example_complex to None, run_after=None
[2024-01-28T23:10:22.884+0100] {processor.py:183} INFO - Processing /home/ubuntu/.local/lib/python3.10/site-packages/airflow/example_dags/example_complex.py took 0.103 seconds
[2024-01-28T23:11:21.425+0100] {processor.py:161} INFO - Started process (PID=16610) to work on /home/ubuntu/.local/lib/python3.10/site-packages/airflow/example_dags/example_complex.py
[2024-01-28T23:11:21.427+0100] {processor.py:830} INFO - Processing file /home/ubuntu/.local/lib/python3.10/site-packages/airflow/example_dags/example_complex.py for tasks to queue
[2024-01-28T23:11:21.429+0100] {logging_mixin.py:188} INFO - [2024-01-28T23:11:21.428+0100] {dagbag.py:538} INFO - Filling up the DagBag from /home/ubuntu/.local/lib/python3.10/site-packages/airflow/example_dags/example_complex.py
[2024-01-28T23:11:21.440+0100] {processor.py:840} INFO - DAG(s) 'example_complex' retrieved from /home/ubuntu/.local/lib/python3.10/site-packages/airflow/example_dags/example_complex.py
[2024-01-28T23:11:21.463+0100] {logging_mixin.py:188} INFO - [2024-01-28T23:11:21.463+0100] {dag.py:3033} INFO - Sync 1 DAGs
[2024-01-28T23:11:21.475+0100] {logging_mixin.py:188} INFO - [2024-01-28T23:11:21.475+0100] {dag.py:3820} INFO - Setting next_dagrun for example_complex to None, run_after=None
[2024-01-28T23:11:21.510+0100] {processor.py:183} INFO - Processing /home/ubuntu/.local/lib/python3.10/site-packages/airflow/example_dags/example_complex.py took 0.088 seconds
[2024-01-28T23:12:33.876+0100] {processor.py:161} INFO - Started process (PID=16698) to work on /home/ubuntu/.local/lib/python3.10/site-packages/airflow/example_dags/example_complex.py
[2024-01-28T23:12:33.878+0100] {processor.py:830} INFO - Processing file /home/ubuntu/.local/lib/python3.10/site-packages/airflow/example_dags/example_complex.py for tasks to queue
[2024-01-28T23:12:33.880+0100] {logging_mixin.py:188} INFO - [2024-01-28T23:12:33.879+0100] {dagbag.py:538} INFO - Filling up the DagBag from /home/ubuntu/.local/lib/python3.10/site-packages/airflow/example_dags/example_complex.py
[2024-01-28T23:12:33.891+0100] {processor.py:840} INFO - DAG(s) 'example_complex' retrieved from /home/ubuntu/.local/lib/python3.10/site-packages/airflow/example_dags/example_complex.py
[2024-01-28T23:12:33.918+0100] {logging_mixin.py:188} INFO - [2024-01-28T23:12:33.918+0100] {dag.py:3033} INFO - Sync 1 DAGs
[2024-01-28T23:12:33.930+0100] {logging_mixin.py:188} INFO - [2024-01-28T23:12:33.930+0100] {dag.py:3820} INFO - Setting next_dagrun for example_complex to None, run_after=None
[2024-01-28T23:12:33.959+0100] {processor.py:183} INFO - Processing /home/ubuntu/.local/lib/python3.10/site-packages/airflow/example_dags/example_complex.py took 0.087 seconds
[2024-01-28T23:13:36.994+0100] {processor.py:161} INFO - Started process (PID=16774) to work on /home/ubuntu/.local/lib/python3.10/site-packages/airflow/example_dags/example_complex.py
[2024-01-28T23:13:36.996+0100] {processor.py:830} INFO - Processing file /home/ubuntu/.local/lib/python3.10/site-packages/airflow/example_dags/example_complex.py for tasks to queue
[2024-01-28T23:13:36.997+0100] {logging_mixin.py:188} INFO - [2024-01-28T23:13:36.996+0100] {dagbag.py:538} INFO - Filling up the DagBag from /home/ubuntu/.local/lib/python3.10/site-packages/airflow/example_dags/example_complex.py
[2024-01-28T23:13:37.008+0100] {processor.py:840} INFO - DAG(s) 'example_complex' retrieved from /home/ubuntu/.local/lib/python3.10/site-packages/airflow/example_dags/example_complex.py
[2024-01-28T23:13:37.036+0100] {logging_mixin.py:188} INFO - [2024-01-28T23:13:37.035+0100] {dag.py:3033} INFO - Sync 1 DAGs
[2024-01-28T23:13:37.048+0100] {logging_mixin.py:188} INFO - [2024-01-28T23:13:37.047+0100] {dag.py:3820} INFO - Setting next_dagrun for example_complex to None, run_after=None
[2024-01-28T23:13:37.077+0100] {processor.py:183} INFO - Processing /home/ubuntu/.local/lib/python3.10/site-packages/airflow/example_dags/example_complex.py took 0.087 seconds
[2024-01-28T23:14:37.137+0100] {processor.py:161} INFO - Started process (PID=16843) to work on /home/ubuntu/.local/lib/python3.10/site-packages/airflow/example_dags/example_complex.py
[2024-01-28T23:14:37.139+0100] {processor.py:830} INFO - Processing file /home/ubuntu/.local/lib/python3.10/site-packages/airflow/example_dags/example_complex.py for tasks to queue
[2024-01-28T23:14:37.140+0100] {logging_mixin.py:188} INFO - [2024-01-28T23:14:37.140+0100] {dagbag.py:538} INFO - Filling up the DagBag from /home/ubuntu/.local/lib/python3.10/site-packages/airflow/example_dags/example_complex.py
[2024-01-28T23:14:37.151+0100] {processor.py:840} INFO - DAG(s) 'example_complex' retrieved from /home/ubuntu/.local/lib/python3.10/site-packages/airflow/example_dags/example_complex.py
[2024-01-28T23:14:37.177+0100] {logging_mixin.py:188} INFO - [2024-01-28T23:14:37.176+0100] {dag.py:3033} INFO - Sync 1 DAGs
[2024-01-28T23:14:37.191+0100] {logging_mixin.py:188} INFO - [2024-01-28T23:14:37.190+0100] {dag.py:3820} INFO - Setting next_dagrun for example_complex to None, run_after=None
[2024-01-28T23:14:37.220+0100] {processor.py:183} INFO - Processing /home/ubuntu/.local/lib/python3.10/site-packages/airflow/example_dags/example_complex.py took 0.086 seconds
[2024-01-28T23:15:41.382+0100] {processor.py:161} INFO - Started process (PID=16930) to work on /home/ubuntu/.local/lib/python3.10/site-packages/airflow/example_dags/example_complex.py
[2024-01-28T23:15:41.384+0100] {processor.py:830} INFO - Processing file /home/ubuntu/.local/lib/python3.10/site-packages/airflow/example_dags/example_complex.py for tasks to queue
[2024-01-28T23:15:41.385+0100] {logging_mixin.py:188} INFO - [2024-01-28T23:15:41.385+0100] {dagbag.py:538} INFO - Filling up the DagBag from /home/ubuntu/.local/lib/python3.10/site-packages/airflow/example_dags/example_complex.py
[2024-01-28T23:15:41.397+0100] {processor.py:840} INFO - DAG(s) 'example_complex' retrieved from /home/ubuntu/.local/lib/python3.10/site-packages/airflow/example_dags/example_complex.py
[2024-01-28T23:15:41.422+0100] {logging_mixin.py:188} INFO - [2024-01-28T23:15:41.422+0100] {dag.py:3033} INFO - Sync 1 DAGs
[2024-01-28T23:15:41.435+0100] {logging_mixin.py:188} INFO - [2024-01-28T23:15:41.435+0100] {dag.py:3820} INFO - Setting next_dagrun for example_complex to None, run_after=None
[2024-01-28T23:15:41.462+0100] {processor.py:183} INFO - Processing /home/ubuntu/.local/lib/python3.10/site-packages/airflow/example_dags/example_complex.py took 0.084 seconds
[2024-01-28T23:16:47.741+0100] {processor.py:161} INFO - Started process (PID=17010) to work on /home/ubuntu/.local/lib/python3.10/site-packages/airflow/example_dags/example_complex.py
[2024-01-28T23:16:47.743+0100] {processor.py:830} INFO - Processing file /home/ubuntu/.local/lib/python3.10/site-packages/airflow/example_dags/example_complex.py for tasks to queue
[2024-01-28T23:16:47.744+0100] {logging_mixin.py:188} INFO - [2024-01-28T23:16:47.744+0100] {dagbag.py:538} INFO - Filling up the DagBag from /home/ubuntu/.local/lib/python3.10/site-packages/airflow/example_dags/example_complex.py
[2024-01-28T23:16:47.754+0100] {processor.py:840} INFO - DAG(s) 'example_complex' retrieved from /home/ubuntu/.local/lib/python3.10/site-packages/airflow/example_dags/example_complex.py
[2024-01-28T23:16:47.778+0100] {logging_mixin.py:188} INFO - [2024-01-28T23:16:47.778+0100] {dag.py:3033} INFO - Sync 1 DAGs
[2024-01-28T23:16:47.790+0100] {logging_mixin.py:188} INFO - [2024-01-28T23:16:47.790+0100] {dag.py:3820} INFO - Setting next_dagrun for example_complex to None, run_after=None
[2024-01-28T23:16:47.819+0100] {processor.py:183} INFO - Processing /home/ubuntu/.local/lib/python3.10/site-packages/airflow/example_dags/example_complex.py took 0.081 seconds
[2024-01-28T23:17:49.841+0100] {processor.py:161} INFO - Started process (PID=17088) to work on /home/ubuntu/.local/lib/python3.10/site-packages/airflow/example_dags/example_complex.py
[2024-01-28T23:17:49.844+0100] {processor.py:830} INFO - Processing file /home/ubuntu/.local/lib/python3.10/site-packages/airflow/example_dags/example_complex.py for tasks to queue
[2024-01-28T23:17:49.845+0100] {logging_mixin.py:188} INFO - [2024-01-28T23:17:49.845+0100] {dagbag.py:538} INFO - Filling up the DagBag from /home/ubuntu/.local/lib/python3.10/site-packages/airflow/example_dags/example_complex.py
[2024-01-28T23:17:49.857+0100] {processor.py:840} INFO - DAG(s) 'example_complex' retrieved from /home/ubuntu/.local/lib/python3.10/site-packages/airflow/example_dags/example_complex.py
[2024-01-28T23:17:49.883+0100] {logging_mixin.py:188} INFO - [2024-01-28T23:17:49.882+0100] {dag.py:3033} INFO - Sync 1 DAGs
[2024-01-28T23:17:49.896+0100] {logging_mixin.py:188} INFO - [2024-01-28T23:17:49.895+0100] {dag.py:3820} INFO - Setting next_dagrun for example_complex to None, run_after=None
[2024-01-28T23:17:49.925+0100] {processor.py:183} INFO - Processing /home/ubuntu/.local/lib/python3.10/site-packages/airflow/example_dags/example_complex.py took 0.088 seconds
[2024-01-28T23:18:53.561+0100] {processor.py:161} INFO - Started process (PID=17160) to work on /home/ubuntu/.local/lib/python3.10/site-packages/airflow/example_dags/example_complex.py
[2024-01-28T23:18:53.563+0100] {processor.py:830} INFO - Processing file /home/ubuntu/.local/lib/python3.10/site-packages/airflow/example_dags/example_complex.py for tasks to queue
[2024-01-28T23:18:53.564+0100] {logging_mixin.py:188} INFO - [2024-01-28T23:18:53.564+0100] {dagbag.py:538} INFO - Filling up the DagBag from /home/ubuntu/.local/lib/python3.10/site-packages/airflow/example_dags/example_complex.py
[2024-01-28T23:18:53.576+0100] {processor.py:840} INFO - DAG(s) 'example_complex' retrieved from /home/ubuntu/.local/lib/python3.10/site-packages/airflow/example_dags/example_complex.py
[2024-01-28T23:18:53.606+0100] {logging_mixin.py:188} INFO - [2024-01-28T23:18:53.606+0100] {dag.py:3033} INFO - Sync 1 DAGs
[2024-01-28T23:18:53.620+0100] {logging_mixin.py:188} INFO - [2024-01-28T23:18:53.620+0100] {dag.py:3820} INFO - Setting next_dagrun for example_complex to None, run_after=None
[2024-01-28T23:18:53.672+0100] {processor.py:183} INFO - Processing /home/ubuntu/.local/lib/python3.10/site-packages/airflow/example_dags/example_complex.py took 0.117 seconds
[2024-01-28T23:19:54.510+0100] {processor.py:161} INFO - Started process (PID=17236) to work on /home/ubuntu/.local/lib/python3.10/site-packages/airflow/example_dags/example_complex.py
[2024-01-28T23:19:54.512+0100] {processor.py:830} INFO - Processing file /home/ubuntu/.local/lib/python3.10/site-packages/airflow/example_dags/example_complex.py for tasks to queue
[2024-01-28T23:19:54.513+0100] {logging_mixin.py:188} INFO - [2024-01-28T23:19:54.513+0100] {dagbag.py:538} INFO - Filling up the DagBag from /home/ubuntu/.local/lib/python3.10/site-packages/airflow/example_dags/example_complex.py
[2024-01-28T23:19:54.524+0100] {processor.py:840} INFO - DAG(s) 'example_complex' retrieved from /home/ubuntu/.local/lib/python3.10/site-packages/airflow/example_dags/example_complex.py
[2024-01-28T23:19:54.550+0100] {logging_mixin.py:188} INFO - [2024-01-28T23:19:54.550+0100] {dag.py:3033} INFO - Sync 1 DAGs
[2024-01-28T23:19:54.563+0100] {logging_mixin.py:188} INFO - [2024-01-28T23:19:54.563+0100] {dag.py:3820} INFO - Setting next_dagrun for example_complex to None, run_after=None
[2024-01-28T23:19:54.596+0100] {processor.py:183} INFO - Processing /home/ubuntu/.local/lib/python3.10/site-packages/airflow/example_dags/example_complex.py took 0.089 seconds
[2024-01-28T23:20:58.745+0100] {processor.py:161} INFO - Started process (PID=17309) to work on /home/ubuntu/.local/lib/python3.10/site-packages/airflow/example_dags/example_complex.py
[2024-01-28T23:20:58.747+0100] {processor.py:830} INFO - Processing file /home/ubuntu/.local/lib/python3.10/site-packages/airflow/example_dags/example_complex.py for tasks to queue
[2024-01-28T23:20:58.748+0100] {logging_mixin.py:188} INFO - [2024-01-28T23:20:58.748+0100] {dagbag.py:538} INFO - Filling up the DagBag from /home/ubuntu/.local/lib/python3.10/site-packages/airflow/example_dags/example_complex.py
[2024-01-28T23:20:58.759+0100] {processor.py:840} INFO - DAG(s) 'example_complex' retrieved from /home/ubuntu/.local/lib/python3.10/site-packages/airflow/example_dags/example_complex.py
[2024-01-28T23:20:58.786+0100] {logging_mixin.py:188} INFO - [2024-01-28T23:20:58.786+0100] {dag.py:3033} INFO - Sync 1 DAGs
[2024-01-28T23:20:58.797+0100] {logging_mixin.py:188} INFO - [2024-01-28T23:20:58.797+0100] {dag.py:3820} INFO - Setting next_dagrun for example_complex to None, run_after=None
[2024-01-28T23:20:58.824+0100] {processor.py:183} INFO - Processing /home/ubuntu/.local/lib/python3.10/site-packages/airflow/example_dags/example_complex.py took 0.083 seconds
[2024-01-28T23:22:02.117+0100] {processor.py:161} INFO - Started process (PID=17383) to work on /home/ubuntu/.local/lib/python3.10/site-packages/airflow/example_dags/example_complex.py
[2024-01-28T23:22:02.120+0100] {processor.py:830} INFO - Processing file /home/ubuntu/.local/lib/python3.10/site-packages/airflow/example_dags/example_complex.py for tasks to queue
[2024-01-28T23:22:02.122+0100] {logging_mixin.py:188} INFO - [2024-01-28T23:22:02.121+0100] {dagbag.py:538} INFO - Filling up the DagBag from /home/ubuntu/.local/lib/python3.10/site-packages/airflow/example_dags/example_complex.py
[2024-01-28T23:22:02.134+0100] {processor.py:840} INFO - DAG(s) 'example_complex' retrieved from /home/ubuntu/.local/lib/python3.10/site-packages/airflow/example_dags/example_complex.py
[2024-01-28T23:22:02.163+0100] {logging_mixin.py:188} INFO - [2024-01-28T23:22:02.163+0100] {dag.py:3033} INFO - Sync 1 DAGs
[2024-01-28T23:22:02.176+0100] {logging_mixin.py:188} INFO - [2024-01-28T23:22:02.175+0100] {dag.py:3820} INFO - Setting next_dagrun for example_complex to None, run_after=None
[2024-01-28T23:22:02.204+0100] {processor.py:183} INFO - Processing /home/ubuntu/.local/lib/python3.10/site-packages/airflow/example_dags/example_complex.py took 0.091 seconds
[2024-01-28T23:23:05.452+0100] {processor.py:161} INFO - Started process (PID=17453) to work on /home/ubuntu/.local/lib/python3.10/site-packages/airflow/example_dags/example_complex.py
[2024-01-28T23:23:05.454+0100] {processor.py:830} INFO - Processing file /home/ubuntu/.local/lib/python3.10/site-packages/airflow/example_dags/example_complex.py for tasks to queue
[2024-01-28T23:23:05.455+0100] {logging_mixin.py:188} INFO - [2024-01-28T23:23:05.455+0100] {dagbag.py:538} INFO - Filling up the DagBag from /home/ubuntu/.local/lib/python3.10/site-packages/airflow/example_dags/example_complex.py
[2024-01-28T23:23:05.466+0100] {processor.py:840} INFO - DAG(s) 'example_complex' retrieved from /home/ubuntu/.local/lib/python3.10/site-packages/airflow/example_dags/example_complex.py
[2024-01-28T23:23:05.494+0100] {logging_mixin.py:188} INFO - [2024-01-28T23:23:05.494+0100] {dag.py:3033} INFO - Sync 1 DAGs
[2024-01-28T23:23:05.506+0100] {logging_mixin.py:188} INFO - [2024-01-28T23:23:05.506+0100] {dag.py:3820} INFO - Setting next_dagrun for example_complex to None, run_after=None
[2024-01-28T23:23:05.540+0100] {processor.py:183} INFO - Processing /home/ubuntu/.local/lib/python3.10/site-packages/airflow/example_dags/example_complex.py took 0.093 seconds
[2024-01-28T23:24:14.725+0100] {processor.py:161} INFO - Started process (PID=17534) to work on /home/ubuntu/.local/lib/python3.10/site-packages/airflow/example_dags/example_complex.py
[2024-01-28T23:24:14.727+0100] {processor.py:830} INFO - Processing file /home/ubuntu/.local/lib/python3.10/site-packages/airflow/example_dags/example_complex.py for tasks to queue
[2024-01-28T23:24:14.729+0100] {logging_mixin.py:188} INFO - [2024-01-28T23:24:14.728+0100] {dagbag.py:538} INFO - Filling up the DagBag from /home/ubuntu/.local/lib/python3.10/site-packages/airflow/example_dags/example_complex.py
[2024-01-28T23:24:14.748+0100] {processor.py:840} INFO - DAG(s) 'example_complex' retrieved from /home/ubuntu/.local/lib/python3.10/site-packages/airflow/example_dags/example_complex.py
[2024-01-28T23:24:14.800+0100] {logging_mixin.py:188} INFO - [2024-01-28T23:24:14.800+0100] {dag.py:3033} INFO - Sync 1 DAGs
[2024-01-28T23:24:14.824+0100] {logging_mixin.py:188} INFO - [2024-01-28T23:24:14.823+0100] {dag.py:3820} INFO - Setting next_dagrun for example_complex to None, run_after=None
[2024-01-28T23:24:14.880+0100] {processor.py:183} INFO - Processing /home/ubuntu/.local/lib/python3.10/site-packages/airflow/example_dags/example_complex.py took 0.160 seconds
[2024-01-28T23:25:29.486+0100] {processor.py:161} INFO - Started process (PID=17609) to work on /home/ubuntu/.local/lib/python3.10/site-packages/airflow/example_dags/example_complex.py
[2024-01-28T23:25:29.493+0100] {processor.py:830} INFO - Processing file /home/ubuntu/.local/lib/python3.10/site-packages/airflow/example_dags/example_complex.py for tasks to queue
[2024-01-28T23:25:29.495+0100] {logging_mixin.py:188} INFO - [2024-01-28T23:25:29.494+0100] {dagbag.py:538} INFO - Filling up the DagBag from /home/ubuntu/.local/lib/python3.10/site-packages/airflow/example_dags/example_complex.py
[2024-01-28T23:25:29.505+0100] {processor.py:840} INFO - DAG(s) 'example_complex' retrieved from /home/ubuntu/.local/lib/python3.10/site-packages/airflow/example_dags/example_complex.py
[2024-01-28T23:25:29.528+0100] {logging_mixin.py:188} INFO - [2024-01-28T23:25:29.528+0100] {dag.py:3033} INFO - Sync 1 DAGs
[2024-01-28T23:25:29.539+0100] {logging_mixin.py:188} INFO - [2024-01-28T23:25:29.538+0100] {dag.py:3820} INFO - Setting next_dagrun for example_complex to None, run_after=None
[2024-01-28T23:25:29.575+0100] {processor.py:183} INFO - Processing /home/ubuntu/.local/lib/python3.10/site-packages/airflow/example_dags/example_complex.py took 0.092 seconds
[2024-01-28T23:26:34.514+0100] {processor.py:161} INFO - Started process (PID=17689) to work on /home/ubuntu/.local/lib/python3.10/site-packages/airflow/example_dags/example_complex.py
[2024-01-28T23:26:34.516+0100] {processor.py:830} INFO - Processing file /home/ubuntu/.local/lib/python3.10/site-packages/airflow/example_dags/example_complex.py for tasks to queue
[2024-01-28T23:26:34.517+0100] {logging_mixin.py:188} INFO - [2024-01-28T23:26:34.516+0100] {dagbag.py:538} INFO - Filling up the DagBag from /home/ubuntu/.local/lib/python3.10/site-packages/airflow/example_dags/example_complex.py
[2024-01-28T23:26:34.527+0100] {processor.py:840} INFO - DAG(s) 'example_complex' retrieved from /home/ubuntu/.local/lib/python3.10/site-packages/airflow/example_dags/example_complex.py
[2024-01-28T23:26:34.552+0100] {logging_mixin.py:188} INFO - [2024-01-28T23:26:34.552+0100] {dag.py:3033} INFO - Sync 1 DAGs
[2024-01-28T23:26:34.564+0100] {logging_mixin.py:188} INFO - [2024-01-28T23:26:34.564+0100] {dag.py:3820} INFO - Setting next_dagrun for example_complex to None, run_after=None
[2024-01-28T23:26:34.592+0100] {processor.py:183} INFO - Processing /home/ubuntu/.local/lib/python3.10/site-packages/airflow/example_dags/example_complex.py took 0.083 seconds
[2024-01-28T23:27:37.945+0100] {processor.py:161} INFO - Started process (PID=17763) to work on /home/ubuntu/.local/lib/python3.10/site-packages/airflow/example_dags/example_complex.py
[2024-01-28T23:27:37.948+0100] {processor.py:830} INFO - Processing file /home/ubuntu/.local/lib/python3.10/site-packages/airflow/example_dags/example_complex.py for tasks to queue
[2024-01-28T23:27:37.950+0100] {logging_mixin.py:188} INFO - [2024-01-28T23:27:37.949+0100] {dagbag.py:538} INFO - Filling up the DagBag from /home/ubuntu/.local/lib/python3.10/site-packages/airflow/example_dags/example_complex.py
[2024-01-28T23:27:37.963+0100] {processor.py:840} INFO - DAG(s) 'example_complex' retrieved from /home/ubuntu/.local/lib/python3.10/site-packages/airflow/example_dags/example_complex.py
[2024-01-28T23:27:37.999+0100] {logging_mixin.py:188} INFO - [2024-01-28T23:27:37.999+0100] {dag.py:3033} INFO - Sync 1 DAGs
[2024-01-28T23:27:38.011+0100] {logging_mixin.py:188} INFO - [2024-01-28T23:27:38.011+0100] {dag.py:3820} INFO - Setting next_dagrun for example_complex to None, run_after=None
[2024-01-28T23:27:38.045+0100] {processor.py:183} INFO - Processing /home/ubuntu/.local/lib/python3.10/site-packages/airflow/example_dags/example_complex.py took 0.110 seconds
[2024-01-28T23:28:42.164+0100] {processor.py:161} INFO - Started process (PID=17838) to work on /home/ubuntu/.local/lib/python3.10/site-packages/airflow/example_dags/example_complex.py
[2024-01-28T23:28:42.167+0100] {processor.py:830} INFO - Processing file /home/ubuntu/.local/lib/python3.10/site-packages/airflow/example_dags/example_complex.py for tasks to queue
[2024-01-28T23:28:42.169+0100] {logging_mixin.py:188} INFO - [2024-01-28T23:28:42.168+0100] {dagbag.py:538} INFO - Filling up the DagBag from /home/ubuntu/.local/lib/python3.10/site-packages/airflow/example_dags/example_complex.py
[2024-01-28T23:28:42.179+0100] {processor.py:840} INFO - DAG(s) 'example_complex' retrieved from /home/ubuntu/.local/lib/python3.10/site-packages/airflow/example_dags/example_complex.py
[2024-01-28T23:28:42.202+0100] {logging_mixin.py:188} INFO - [2024-01-28T23:28:42.202+0100] {dag.py:3033} INFO - Sync 1 DAGs
[2024-01-28T23:28:42.213+0100] {logging_mixin.py:188} INFO - [2024-01-28T23:28:42.213+0100] {dag.py:3820} INFO - Setting next_dagrun for example_complex to None, run_after=None
[2024-01-28T23:28:42.243+0100] {processor.py:183} INFO - Processing /home/ubuntu/.local/lib/python3.10/site-packages/airflow/example_dags/example_complex.py took 0.081 seconds
[2024-01-28T23:29:49.027+0100] {processor.py:161} INFO - Started process (PID=17912) to work on /home/ubuntu/.local/lib/python3.10/site-packages/airflow/example_dags/example_complex.py
[2024-01-28T23:29:49.029+0100] {processor.py:830} INFO - Processing file /home/ubuntu/.local/lib/python3.10/site-packages/airflow/example_dags/example_complex.py for tasks to queue
[2024-01-28T23:29:49.031+0100] {logging_mixin.py:188} INFO - [2024-01-28T23:29:49.030+0100] {dagbag.py:538} INFO - Filling up the DagBag from /home/ubuntu/.local/lib/python3.10/site-packages/airflow/example_dags/example_complex.py
[2024-01-28T23:29:49.042+0100] {processor.py:840} INFO - DAG(s) 'example_complex' retrieved from /home/ubuntu/.local/lib/python3.10/site-packages/airflow/example_dags/example_complex.py
[2024-01-28T23:29:49.069+0100] {logging_mixin.py:188} INFO - [2024-01-28T23:29:49.069+0100] {dag.py:3033} INFO - Sync 1 DAGs
[2024-01-28T23:29:49.093+0100] {logging_mixin.py:188} INFO - [2024-01-28T23:29:49.092+0100] {dag.py:3820} INFO - Setting next_dagrun for example_complex to None, run_after=None
[2024-01-28T23:29:49.122+0100] {processor.py:183} INFO - Processing /home/ubuntu/.local/lib/python3.10/site-packages/airflow/example_dags/example_complex.py took 0.099 seconds
[2024-01-28T23:30:54.456+0100] {processor.py:161} INFO - Started process (PID=17992) to work on /home/ubuntu/.local/lib/python3.10/site-packages/airflow/example_dags/example_complex.py
[2024-01-28T23:30:54.458+0100] {processor.py:830} INFO - Processing file /home/ubuntu/.local/lib/python3.10/site-packages/airflow/example_dags/example_complex.py for tasks to queue
[2024-01-28T23:30:54.459+0100] {logging_mixin.py:188} INFO - [2024-01-28T23:30:54.459+0100] {dagbag.py:538} INFO - Filling up the DagBag from /home/ubuntu/.local/lib/python3.10/site-packages/airflow/example_dags/example_complex.py
[2024-01-28T23:30:54.470+0100] {processor.py:840} INFO - DAG(s) 'example_complex' retrieved from /home/ubuntu/.local/lib/python3.10/site-packages/airflow/example_dags/example_complex.py
[2024-01-28T23:30:54.496+0100] {logging_mixin.py:188} INFO - [2024-01-28T23:30:54.496+0100] {dag.py:3033} INFO - Sync 1 DAGs
[2024-01-28T23:30:54.509+0100] {logging_mixin.py:188} INFO - [2024-01-28T23:30:54.509+0100] {dag.py:3820} INFO - Setting next_dagrun for example_complex to None, run_after=None
[2024-01-28T23:30:54.635+0100] {processor.py:183} INFO - Processing /home/ubuntu/.local/lib/python3.10/site-packages/airflow/example_dags/example_complex.py took 0.182 seconds
[2024-01-28T23:32:04.800+0100] {processor.py:161} INFO - Started process (PID=18068) to work on /home/ubuntu/.local/lib/python3.10/site-packages/airflow/example_dags/example_complex.py
[2024-01-28T23:32:04.801+0100] {processor.py:830} INFO - Processing file /home/ubuntu/.local/lib/python3.10/site-packages/airflow/example_dags/example_complex.py for tasks to queue
[2024-01-28T23:32:04.802+0100] {logging_mixin.py:188} INFO - [2024-01-28T23:32:04.802+0100] {dagbag.py:538} INFO - Filling up the DagBag from /home/ubuntu/.local/lib/python3.10/site-packages/airflow/example_dags/example_complex.py
[2024-01-28T23:32:04.813+0100] {processor.py:840} INFO - DAG(s) 'example_complex' retrieved from /home/ubuntu/.local/lib/python3.10/site-packages/airflow/example_dags/example_complex.py
[2024-01-28T23:32:04.847+0100] {logging_mixin.py:188} INFO - [2024-01-28T23:32:04.846+0100] {dag.py:3033} INFO - Sync 1 DAGs
[2024-01-28T23:32:04.859+0100] {logging_mixin.py:188} INFO - [2024-01-28T23:32:04.859+0100] {dag.py:3820} INFO - Setting next_dagrun for example_complex to None, run_after=None
[2024-01-28T23:32:04.890+0100] {processor.py:183} INFO - Processing /home/ubuntu/.local/lib/python3.10/site-packages/airflow/example_dags/example_complex.py took 0.094 seconds
[2024-01-28T23:33:39.552+0100] {processor.py:161} INFO - Started process (PID=18176) to work on /home/ubuntu/.local/lib/python3.10/site-packages/airflow/example_dags/example_complex.py
[2024-01-28T23:33:39.555+0100] {processor.py:830} INFO - Processing file /home/ubuntu/.local/lib/python3.10/site-packages/airflow/example_dags/example_complex.py for tasks to queue
[2024-01-28T23:33:39.557+0100] {logging_mixin.py:188} INFO - [2024-01-28T23:33:39.556+0100] {dagbag.py:538} INFO - Filling up the DagBag from /home/ubuntu/.local/lib/python3.10/site-packages/airflow/example_dags/example_complex.py
[2024-01-28T23:33:39.568+0100] {processor.py:840} INFO - DAG(s) 'example_complex' retrieved from /home/ubuntu/.local/lib/python3.10/site-packages/airflow/example_dags/example_complex.py
[2024-01-28T23:33:39.596+0100] {logging_mixin.py:188} INFO - [2024-01-28T23:33:39.596+0100] {dag.py:3033} INFO - Sync 1 DAGs
[2024-01-28T23:33:39.613+0100] {logging_mixin.py:188} INFO - [2024-01-28T23:33:39.613+0100] {dag.py:3820} INFO - Setting next_dagrun for example_complex to None, run_after=None
[2024-01-28T23:33:39.649+0100] {processor.py:183} INFO - Processing /home/ubuntu/.local/lib/python3.10/site-packages/airflow/example_dags/example_complex.py took 0.100 seconds
[2024-01-28T23:34:45.146+0100] {processor.py:161} INFO - Started process (PID=18247) to work on /home/ubuntu/.local/lib/python3.10/site-packages/airflow/example_dags/example_complex.py
[2024-01-28T23:34:45.148+0100] {processor.py:830} INFO - Processing file /home/ubuntu/.local/lib/python3.10/site-packages/airflow/example_dags/example_complex.py for tasks to queue
[2024-01-28T23:34:45.149+0100] {logging_mixin.py:188} INFO - [2024-01-28T23:34:45.149+0100] {dagbag.py:538} INFO - Filling up the DagBag from /home/ubuntu/.local/lib/python3.10/site-packages/airflow/example_dags/example_complex.py
[2024-01-28T23:34:45.162+0100] {processor.py:840} INFO - DAG(s) 'example_complex' retrieved from /home/ubuntu/.local/lib/python3.10/site-packages/airflow/example_dags/example_complex.py
[2024-01-28T23:34:45.187+0100] {logging_mixin.py:188} INFO - [2024-01-28T23:34:45.187+0100] {dag.py:3033} INFO - Sync 1 DAGs
[2024-01-28T23:34:45.200+0100] {logging_mixin.py:188} INFO - [2024-01-28T23:34:45.199+0100] {dag.py:3820} INFO - Setting next_dagrun for example_complex to None, run_after=None
[2024-01-28T23:34:45.240+0100] {processor.py:183} INFO - Processing /home/ubuntu/.local/lib/python3.10/site-packages/airflow/example_dags/example_complex.py took 0.098 seconds
[2024-01-28T23:35:57.864+0100] {processor.py:161} INFO - Started process (PID=18326) to work on /home/ubuntu/.local/lib/python3.10/site-packages/airflow/example_dags/example_complex.py
[2024-01-28T23:35:57.866+0100] {processor.py:830} INFO - Processing file /home/ubuntu/.local/lib/python3.10/site-packages/airflow/example_dags/example_complex.py for tasks to queue
[2024-01-28T23:35:57.867+0100] {logging_mixin.py:188} INFO - [2024-01-28T23:35:57.867+0100] {dagbag.py:538} INFO - Filling up the DagBag from /home/ubuntu/.local/lib/python3.10/site-packages/airflow/example_dags/example_complex.py
[2024-01-28T23:35:57.880+0100] {processor.py:840} INFO - DAG(s) 'example_complex' retrieved from /home/ubuntu/.local/lib/python3.10/site-packages/airflow/example_dags/example_complex.py
[2024-01-28T23:35:58.007+0100] {logging_mixin.py:188} INFO - [2024-01-28T23:35:58.006+0100] {dag.py:3033} INFO - Sync 1 DAGs
[2024-01-28T23:35:58.017+0100] {logging_mixin.py:188} INFO - [2024-01-28T23:35:58.017+0100] {dag.py:3820} INFO - Setting next_dagrun for example_complex to None, run_after=None
[2024-01-28T23:35:58.046+0100] {processor.py:183} INFO - Processing /home/ubuntu/.local/lib/python3.10/site-packages/airflow/example_dags/example_complex.py took 0.186 seconds
[2024-01-28T23:37:09.201+0100] {processor.py:161} INFO - Started process (PID=18406) to work on /home/ubuntu/.local/lib/python3.10/site-packages/airflow/example_dags/example_complex.py
[2024-01-28T23:37:09.204+0100] {processor.py:830} INFO - Processing file /home/ubuntu/.local/lib/python3.10/site-packages/airflow/example_dags/example_complex.py for tasks to queue
[2024-01-28T23:37:09.206+0100] {logging_mixin.py:188} INFO - [2024-01-28T23:37:09.205+0100] {dagbag.py:538} INFO - Filling up the DagBag from /home/ubuntu/.local/lib/python3.10/site-packages/airflow/example_dags/example_complex.py
[2024-01-28T23:37:09.226+0100] {processor.py:840} INFO - DAG(s) 'example_complex' retrieved from /home/ubuntu/.local/lib/python3.10/site-packages/airflow/example_dags/example_complex.py
[2024-01-28T23:37:09.284+0100] {logging_mixin.py:188} INFO - [2024-01-28T23:37:09.284+0100] {dag.py:3033} INFO - Sync 1 DAGs
[2024-01-28T23:37:09.462+0100] {logging_mixin.py:188} INFO - [2024-01-28T23:37:09.461+0100] {dag.py:3820} INFO - Setting next_dagrun for example_complex to None, run_after=None
[2024-01-28T23:37:09.487+0100] {processor.py:183} INFO - Processing /home/ubuntu/.local/lib/python3.10/site-packages/airflow/example_dags/example_complex.py took 0.290 seconds
[2024-01-28T23:38:18.761+0100] {processor.py:161} INFO - Started process (PID=19168) to work on /home/ubuntu/.local/lib/python3.10/site-packages/airflow/example_dags/example_complex.py
[2024-01-28T23:38:18.763+0100] {processor.py:830} INFO - Processing file /home/ubuntu/.local/lib/python3.10/site-packages/airflow/example_dags/example_complex.py for tasks to queue
[2024-01-28T23:38:18.764+0100] {logging_mixin.py:188} INFO - [2024-01-28T23:38:18.764+0100] {dagbag.py:538} INFO - Filling up the DagBag from /home/ubuntu/.local/lib/python3.10/site-packages/airflow/example_dags/example_complex.py
[2024-01-28T23:38:18.777+0100] {processor.py:840} INFO - DAG(s) 'example_complex' retrieved from /home/ubuntu/.local/lib/python3.10/site-packages/airflow/example_dags/example_complex.py
[2024-01-28T23:38:18.805+0100] {logging_mixin.py:188} INFO - [2024-01-28T23:38:18.804+0100] {dag.py:3033} INFO - Sync 1 DAGs
[2024-01-28T23:38:18.818+0100] {logging_mixin.py:188} INFO - [2024-01-28T23:38:18.817+0100] {dag.py:3820} INFO - Setting next_dagrun for example_complex to None, run_after=None
[2024-01-28T23:38:18.896+0100] {processor.py:183} INFO - Processing /home/ubuntu/.local/lib/python3.10/site-packages/airflow/example_dags/example_complex.py took 0.138 seconds
[2024-01-28T23:39:14.955+0100] {processor.py:161} INFO - Started process (PID=19227) to work on /home/ubuntu/.local/lib/python3.10/site-packages/airflow/example_dags/example_complex.py
[2024-01-28T23:39:14.967+0100] {processor.py:830} INFO - Processing file /home/ubuntu/.local/lib/python3.10/site-packages/airflow/example_dags/example_complex.py for tasks to queue
[2024-01-28T23:39:14.969+0100] {logging_mixin.py:188} INFO - [2024-01-28T23:39:14.968+0100] {dagbag.py:538} INFO - Filling up the DagBag from /home/ubuntu/.local/lib/python3.10/site-packages/airflow/example_dags/example_complex.py
[2024-01-28T23:39:14.979+0100] {processor.py:840} INFO - DAG(s) 'example_complex' retrieved from /home/ubuntu/.local/lib/python3.10/site-packages/airflow/example_dags/example_complex.py
[2024-01-28T23:39:15.089+0100] {logging_mixin.py:188} INFO - [2024-01-28T23:39:15.089+0100] {dag.py:3033} INFO - Sync 1 DAGs
[2024-01-28T23:39:15.104+0100] {logging_mixin.py:188} INFO - [2024-01-28T23:39:15.104+0100] {dag.py:3820} INFO - Setting next_dagrun for example_complex to None, run_after=None
[2024-01-28T23:39:15.136+0100] {processor.py:183} INFO - Processing /home/ubuntu/.local/lib/python3.10/site-packages/airflow/example_dags/example_complex.py took 0.183 seconds
[2024-01-28T23:40:21.457+0100] {processor.py:161} INFO - Started process (PID=19300) to work on /home/ubuntu/.local/lib/python3.10/site-packages/airflow/example_dags/example_complex.py
[2024-01-28T23:40:21.459+0100] {processor.py:830} INFO - Processing file /home/ubuntu/.local/lib/python3.10/site-packages/airflow/example_dags/example_complex.py for tasks to queue
[2024-01-28T23:40:21.460+0100] {logging_mixin.py:188} INFO - [2024-01-28T23:40:21.460+0100] {dagbag.py:538} INFO - Filling up the DagBag from /home/ubuntu/.local/lib/python3.10/site-packages/airflow/example_dags/example_complex.py
[2024-01-28T23:40:21.472+0100] {processor.py:840} INFO - DAG(s) 'example_complex' retrieved from /home/ubuntu/.local/lib/python3.10/site-packages/airflow/example_dags/example_complex.py
[2024-01-28T23:40:21.499+0100] {logging_mixin.py:188} INFO - [2024-01-28T23:40:21.498+0100] {dag.py:3033} INFO - Sync 1 DAGs
[2024-01-28T23:40:21.510+0100] {logging_mixin.py:188} INFO - [2024-01-28T23:40:21.510+0100] {dag.py:3820} INFO - Setting next_dagrun for example_complex to None, run_after=None
[2024-01-28T23:40:21.554+0100] {processor.py:183} INFO - Processing /home/ubuntu/.local/lib/python3.10/site-packages/airflow/example_dags/example_complex.py took 0.101 seconds
[2024-01-28T23:41:23.346+0100] {processor.py:161} INFO - Started process (PID=19389) to work on /home/ubuntu/.local/lib/python3.10/site-packages/airflow/example_dags/example_complex.py
[2024-01-28T23:41:23.348+0100] {processor.py:830} INFO - Processing file /home/ubuntu/.local/lib/python3.10/site-packages/airflow/example_dags/example_complex.py for tasks to queue
[2024-01-28T23:41:23.349+0100] {logging_mixin.py:188} INFO - [2024-01-28T23:41:23.349+0100] {dagbag.py:538} INFO - Filling up the DagBag from /home/ubuntu/.local/lib/python3.10/site-packages/airflow/example_dags/example_complex.py
[2024-01-28T23:41:23.362+0100] {processor.py:840} INFO - DAG(s) 'example_complex' retrieved from /home/ubuntu/.local/lib/python3.10/site-packages/airflow/example_dags/example_complex.py
[2024-01-28T23:41:23.396+0100] {logging_mixin.py:188} INFO - [2024-01-28T23:41:23.395+0100] {dag.py:3033} INFO - Sync 1 DAGs
[2024-01-28T23:41:23.413+0100] {logging_mixin.py:188} INFO - [2024-01-28T23:41:23.413+0100] {dag.py:3820} INFO - Setting next_dagrun for example_complex to None, run_after=None
[2024-01-28T23:41:23.442+0100] {processor.py:183} INFO - Processing /home/ubuntu/.local/lib/python3.10/site-packages/airflow/example_dags/example_complex.py took 0.103 seconds
[2024-01-28T23:42:21.847+0100] {processor.py:161} INFO - Started process (PID=19456) to work on /home/ubuntu/.local/lib/python3.10/site-packages/airflow/example_dags/example_complex.py
[2024-01-28T23:42:21.849+0100] {processor.py:830} INFO - Processing file /home/ubuntu/.local/lib/python3.10/site-packages/airflow/example_dags/example_complex.py for tasks to queue
[2024-01-28T23:42:21.851+0100] {logging_mixin.py:188} INFO - [2024-01-28T23:42:21.850+0100] {dagbag.py:538} INFO - Filling up the DagBag from /home/ubuntu/.local/lib/python3.10/site-packages/airflow/example_dags/example_complex.py
[2024-01-28T23:42:21.861+0100] {processor.py:840} INFO - DAG(s) 'example_complex' retrieved from /home/ubuntu/.local/lib/python3.10/site-packages/airflow/example_dags/example_complex.py
[2024-01-28T23:42:21.892+0100] {logging_mixin.py:188} INFO - [2024-01-28T23:42:21.892+0100] {dag.py:3033} INFO - Sync 1 DAGs
[2024-01-28T23:42:21.911+0100] {logging_mixin.py:188} INFO - [2024-01-28T23:42:21.911+0100] {dag.py:3820} INFO - Setting next_dagrun for example_complex to None, run_after=None
[2024-01-28T23:42:21.939+0100] {processor.py:183} INFO - Processing /home/ubuntu/.local/lib/python3.10/site-packages/airflow/example_dags/example_complex.py took 0.095 seconds
[2024-01-28T23:43:29.372+0100] {processor.py:161} INFO - Started process (PID=19534) to work on /home/ubuntu/.local/lib/python3.10/site-packages/airflow/example_dags/example_complex.py
[2024-01-28T23:43:29.374+0100] {processor.py:830} INFO - Processing file /home/ubuntu/.local/lib/python3.10/site-packages/airflow/example_dags/example_complex.py for tasks to queue
[2024-01-28T23:43:29.375+0100] {logging_mixin.py:188} INFO - [2024-01-28T23:43:29.375+0100] {dagbag.py:538} INFO - Filling up the DagBag from /home/ubuntu/.local/lib/python3.10/site-packages/airflow/example_dags/example_complex.py
[2024-01-28T23:43:29.393+0100] {processor.py:840} INFO - DAG(s) 'example_complex' retrieved from /home/ubuntu/.local/lib/python3.10/site-packages/airflow/example_dags/example_complex.py
[2024-01-28T23:43:29.430+0100] {logging_mixin.py:188} INFO - [2024-01-28T23:43:29.430+0100] {dag.py:3033} INFO - Sync 1 DAGs
[2024-01-28T23:43:29.454+0100] {logging_mixin.py:188} INFO - [2024-01-28T23:43:29.453+0100] {dag.py:3820} INFO - Setting next_dagrun for example_complex to None, run_after=None
[2024-01-28T23:43:29.492+0100] {processor.py:183} INFO - Processing /home/ubuntu/.local/lib/python3.10/site-packages/airflow/example_dags/example_complex.py took 0.124 seconds
[2024-01-28T23:44:38.347+0100] {processor.py:161} INFO - Started process (PID=19608) to work on /home/ubuntu/.local/lib/python3.10/site-packages/airflow/example_dags/example_complex.py
[2024-01-28T23:44:38.350+0100] {processor.py:830} INFO - Processing file /home/ubuntu/.local/lib/python3.10/site-packages/airflow/example_dags/example_complex.py for tasks to queue
[2024-01-28T23:44:38.351+0100] {logging_mixin.py:188} INFO - [2024-01-28T23:44:38.351+0100] {dagbag.py:538} INFO - Filling up the DagBag from /home/ubuntu/.local/lib/python3.10/site-packages/airflow/example_dags/example_complex.py
[2024-01-28T23:44:38.363+0100] {processor.py:840} INFO - DAG(s) 'example_complex' retrieved from /home/ubuntu/.local/lib/python3.10/site-packages/airflow/example_dags/example_complex.py
[2024-01-28T23:44:38.392+0100] {logging_mixin.py:188} INFO - [2024-01-28T23:44:38.392+0100] {dag.py:3033} INFO - Sync 1 DAGs
[2024-01-28T23:44:38.405+0100] {logging_mixin.py:188} INFO - [2024-01-28T23:44:38.405+0100] {dag.py:3820} INFO - Setting next_dagrun for example_complex to None, run_after=None
[2024-01-28T23:44:38.438+0100] {processor.py:183} INFO - Processing /home/ubuntu/.local/lib/python3.10/site-packages/airflow/example_dags/example_complex.py took 0.095 seconds
[2024-01-28T23:45:47.235+0100] {processor.py:161} INFO - Started process (PID=19686) to work on /home/ubuntu/.local/lib/python3.10/site-packages/airflow/example_dags/example_complex.py
[2024-01-28T23:45:47.238+0100] {processor.py:830} INFO - Processing file /home/ubuntu/.local/lib/python3.10/site-packages/airflow/example_dags/example_complex.py for tasks to queue
[2024-01-28T23:45:47.240+0100] {logging_mixin.py:188} INFO - [2024-01-28T23:45:47.239+0100] {dagbag.py:538} INFO - Filling up the DagBag from /home/ubuntu/.local/lib/python3.10/site-packages/airflow/example_dags/example_complex.py
[2024-01-28T23:45:47.250+0100] {processor.py:840} INFO - DAG(s) 'example_complex' retrieved from /home/ubuntu/.local/lib/python3.10/site-packages/airflow/example_dags/example_complex.py
[2024-01-28T23:45:47.279+0100] {logging_mixin.py:188} INFO - [2024-01-28T23:45:47.279+0100] {dag.py:3033} INFO - Sync 1 DAGs
[2024-01-28T23:45:47.291+0100] {logging_mixin.py:188} INFO - [2024-01-28T23:45:47.291+0100] {dag.py:3820} INFO - Setting next_dagrun for example_complex to None, run_after=None
[2024-01-28T23:45:47.329+0100] {processor.py:183} INFO - Processing /home/ubuntu/.local/lib/python3.10/site-packages/airflow/example_dags/example_complex.py took 0.098 seconds
[2024-01-28T23:46:49.765+0100] {processor.py:161} INFO - Started process (PID=19762) to work on /home/ubuntu/.local/lib/python3.10/site-packages/airflow/example_dags/example_complex.py
[2024-01-28T23:46:49.767+0100] {processor.py:830} INFO - Processing file /home/ubuntu/.local/lib/python3.10/site-packages/airflow/example_dags/example_complex.py for tasks to queue
[2024-01-28T23:46:49.768+0100] {logging_mixin.py:188} INFO - [2024-01-28T23:46:49.768+0100] {dagbag.py:538} INFO - Filling up the DagBag from /home/ubuntu/.local/lib/python3.10/site-packages/airflow/example_dags/example_complex.py
[2024-01-28T23:46:49.779+0100] {processor.py:840} INFO - DAG(s) 'example_complex' retrieved from /home/ubuntu/.local/lib/python3.10/site-packages/airflow/example_dags/example_complex.py
[2024-01-28T23:46:49.806+0100] {logging_mixin.py:188} INFO - [2024-01-28T23:46:49.805+0100] {dag.py:3033} INFO - Sync 1 DAGs
[2024-01-28T23:46:49.827+0100] {logging_mixin.py:188} INFO - [2024-01-28T23:46:49.827+0100] {dag.py:3820} INFO - Setting next_dagrun for example_complex to None, run_after=None
[2024-01-28T23:46:49.857+0100] {processor.py:183} INFO - Processing /home/ubuntu/.local/lib/python3.10/site-packages/airflow/example_dags/example_complex.py took 0.096 seconds
[2024-01-28T23:47:45.670+0100] {processor.py:161} INFO - Started process (PID=19832) to work on /home/ubuntu/.local/lib/python3.10/site-packages/airflow/example_dags/example_complex.py
[2024-01-28T23:47:45.672+0100] {processor.py:830} INFO - Processing file /home/ubuntu/.local/lib/python3.10/site-packages/airflow/example_dags/example_complex.py for tasks to queue
[2024-01-28T23:47:45.673+0100] {logging_mixin.py:188} INFO - [2024-01-28T23:47:45.673+0100] {dagbag.py:538} INFO - Filling up the DagBag from /home/ubuntu/.local/lib/python3.10/site-packages/airflow/example_dags/example_complex.py
[2024-01-28T23:47:45.688+0100] {processor.py:840} INFO - DAG(s) 'example_complex' retrieved from /home/ubuntu/.local/lib/python3.10/site-packages/airflow/example_dags/example_complex.py
[2024-01-28T23:47:45.719+0100] {logging_mixin.py:188} INFO - [2024-01-28T23:47:45.719+0100] {dag.py:3033} INFO - Sync 1 DAGs
[2024-01-28T23:47:45.735+0100] {logging_mixin.py:188} INFO - [2024-01-28T23:47:45.734+0100] {dag.py:3820} INFO - Setting next_dagrun for example_complex to None, run_after=None
[2024-01-28T23:47:45.765+0100] {processor.py:183} INFO - Processing /home/ubuntu/.local/lib/python3.10/site-packages/airflow/example_dags/example_complex.py took 0.099 seconds
[2024-01-28T23:48:42.722+0100] {processor.py:161} INFO - Started process (PID=19898) to work on /home/ubuntu/.local/lib/python3.10/site-packages/airflow/example_dags/example_complex.py
[2024-01-28T23:48:42.724+0100] {processor.py:830} INFO - Processing file /home/ubuntu/.local/lib/python3.10/site-packages/airflow/example_dags/example_complex.py for tasks to queue
[2024-01-28T23:48:42.725+0100] {logging_mixin.py:188} INFO - [2024-01-28T23:48:42.725+0100] {dagbag.py:538} INFO - Filling up the DagBag from /home/ubuntu/.local/lib/python3.10/site-packages/airflow/example_dags/example_complex.py
[2024-01-28T23:48:42.735+0100] {processor.py:840} INFO - DAG(s) 'example_complex' retrieved from /home/ubuntu/.local/lib/python3.10/site-packages/airflow/example_dags/example_complex.py
[2024-01-28T23:48:42.762+0100] {logging_mixin.py:188} INFO - [2024-01-28T23:48:42.762+0100] {dag.py:3033} INFO - Sync 1 DAGs
[2024-01-28T23:48:42.774+0100] {logging_mixin.py:188} INFO - [2024-01-28T23:48:42.774+0100] {dag.py:3820} INFO - Setting next_dagrun for example_complex to None, run_after=None
[2024-01-28T23:48:42.805+0100] {processor.py:183} INFO - Processing /home/ubuntu/.local/lib/python3.10/site-packages/airflow/example_dags/example_complex.py took 0.088 seconds
[2024-01-28T23:49:36.093+0100] {processor.py:161} INFO - Started process (PID=19961) to work on /home/ubuntu/.local/lib/python3.10/site-packages/airflow/example_dags/example_complex.py
[2024-01-28T23:49:36.095+0100] {processor.py:830} INFO - Processing file /home/ubuntu/.local/lib/python3.10/site-packages/airflow/example_dags/example_complex.py for tasks to queue
[2024-01-28T23:49:36.096+0100] {logging_mixin.py:188} INFO - [2024-01-28T23:49:36.095+0100] {dagbag.py:538} INFO - Filling up the DagBag from /home/ubuntu/.local/lib/python3.10/site-packages/airflow/example_dags/example_complex.py
[2024-01-28T23:49:36.106+0100] {processor.py:840} INFO - DAG(s) 'example_complex' retrieved from /home/ubuntu/.local/lib/python3.10/site-packages/airflow/example_dags/example_complex.py
[2024-01-28T23:49:36.133+0100] {logging_mixin.py:188} INFO - [2024-01-28T23:49:36.133+0100] {dag.py:3033} INFO - Sync 1 DAGs
[2024-01-28T23:49:36.145+0100] {logging_mixin.py:188} INFO - [2024-01-28T23:49:36.145+0100] {dag.py:3820} INFO - Setting next_dagrun for example_complex to None, run_after=None
[2024-01-28T23:49:36.177+0100] {processor.py:183} INFO - Processing /home/ubuntu/.local/lib/python3.10/site-packages/airflow/example_dags/example_complex.py took 0.088 seconds
[2024-01-28T23:50:37.142+0100] {processor.py:161} INFO - Started process (PID=20030) to work on /home/ubuntu/.local/lib/python3.10/site-packages/airflow/example_dags/example_complex.py
[2024-01-28T23:50:37.147+0100] {processor.py:830} INFO - Processing file /home/ubuntu/.local/lib/python3.10/site-packages/airflow/example_dags/example_complex.py for tasks to queue
[2024-01-28T23:50:37.150+0100] {logging_mixin.py:188} INFO - [2024-01-28T23:50:37.149+0100] {dagbag.py:538} INFO - Filling up the DagBag from /home/ubuntu/.local/lib/python3.10/site-packages/airflow/example_dags/example_complex.py
[2024-01-28T23:50:37.174+0100] {processor.py:840} INFO - DAG(s) 'example_complex' retrieved from /home/ubuntu/.local/lib/python3.10/site-packages/airflow/example_dags/example_complex.py
[2024-01-28T23:50:37.235+0100] {logging_mixin.py:188} INFO - [2024-01-28T23:50:37.235+0100] {dag.py:3033} INFO - Sync 1 DAGs
[2024-01-28T23:50:37.275+0100] {logging_mixin.py:188} INFO - [2024-01-28T23:50:37.273+0100] {dag.py:3820} INFO - Setting next_dagrun for example_complex to None, run_after=None
[2024-01-28T23:50:37.352+0100] {processor.py:183} INFO - Processing /home/ubuntu/.local/lib/python3.10/site-packages/airflow/example_dags/example_complex.py took 0.220 seconds
[2024-01-28T23:51:42.529+0100] {processor.py:161} INFO - Started process (PID=20107) to work on /home/ubuntu/.local/lib/python3.10/site-packages/airflow/example_dags/example_complex.py
[2024-01-28T23:51:42.531+0100] {processor.py:830} INFO - Processing file /home/ubuntu/.local/lib/python3.10/site-packages/airflow/example_dags/example_complex.py for tasks to queue
[2024-01-28T23:51:42.533+0100] {logging_mixin.py:188} INFO - [2024-01-28T23:51:42.532+0100] {dagbag.py:538} INFO - Filling up the DagBag from /home/ubuntu/.local/lib/python3.10/site-packages/airflow/example_dags/example_complex.py
[2024-01-28T23:51:42.543+0100] {processor.py:840} INFO - DAG(s) 'example_complex' retrieved from /home/ubuntu/.local/lib/python3.10/site-packages/airflow/example_dags/example_complex.py
[2024-01-28T23:51:42.567+0100] {logging_mixin.py:188} INFO - [2024-01-28T23:51:42.566+0100] {dag.py:3033} INFO - Sync 1 DAGs
[2024-01-28T23:51:42.578+0100] {logging_mixin.py:188} INFO - [2024-01-28T23:51:42.578+0100] {dag.py:3820} INFO - Setting next_dagrun for example_complex to None, run_after=None
[2024-01-28T23:51:42.608+0100] {processor.py:183} INFO - Processing /home/ubuntu/.local/lib/python3.10/site-packages/airflow/example_dags/example_complex.py took 0.083 seconds
[2024-01-28T23:52:44.668+0100] {processor.py:161} INFO - Started process (PID=20179) to work on /home/ubuntu/.local/lib/python3.10/site-packages/airflow/example_dags/example_complex.py
[2024-01-28T23:52:44.669+0100] {processor.py:830} INFO - Processing file /home/ubuntu/.local/lib/python3.10/site-packages/airflow/example_dags/example_complex.py for tasks to queue
[2024-01-28T23:52:44.675+0100] {logging_mixin.py:188} INFO - [2024-01-28T23:52:44.674+0100] {dagbag.py:538} INFO - Filling up the DagBag from /home/ubuntu/.local/lib/python3.10/site-packages/airflow/example_dags/example_complex.py
[2024-01-28T23:52:44.686+0100] {processor.py:840} INFO - DAG(s) 'example_complex' retrieved from /home/ubuntu/.local/lib/python3.10/site-packages/airflow/example_dags/example_complex.py
[2024-01-28T23:52:44.712+0100] {logging_mixin.py:188} INFO - [2024-01-28T23:52:44.712+0100] {dag.py:3033} INFO - Sync 1 DAGs
[2024-01-28T23:52:44.724+0100] {logging_mixin.py:188} INFO - [2024-01-28T23:52:44.723+0100] {dag.py:3820} INFO - Setting next_dagrun for example_complex to None, run_after=None
[2024-01-28T23:52:44.752+0100] {processor.py:183} INFO - Processing /home/ubuntu/.local/lib/python3.10/site-packages/airflow/example_dags/example_complex.py took 0.087 seconds
[2024-01-28T23:53:45.110+0100] {processor.py:161} INFO - Started process (PID=20253) to work on /home/ubuntu/.local/lib/python3.10/site-packages/airflow/example_dags/example_complex.py
[2024-01-28T23:53:45.113+0100] {processor.py:830} INFO - Processing file /home/ubuntu/.local/lib/python3.10/site-packages/airflow/example_dags/example_complex.py for tasks to queue
[2024-01-28T23:53:45.115+0100] {logging_mixin.py:188} INFO - [2024-01-28T23:53:45.114+0100] {dagbag.py:538} INFO - Filling up the DagBag from /home/ubuntu/.local/lib/python3.10/site-packages/airflow/example_dags/example_complex.py
[2024-01-28T23:53:45.124+0100] {processor.py:840} INFO - DAG(s) 'example_complex' retrieved from /home/ubuntu/.local/lib/python3.10/site-packages/airflow/example_dags/example_complex.py
[2024-01-28T23:53:45.147+0100] {logging_mixin.py:188} INFO - [2024-01-28T23:53:45.147+0100] {dag.py:3033} INFO - Sync 1 DAGs
[2024-01-28T23:53:45.160+0100] {logging_mixin.py:188} INFO - [2024-01-28T23:53:45.160+0100] {dag.py:3820} INFO - Setting next_dagrun for example_complex to None, run_after=None
[2024-01-28T23:53:45.189+0100] {processor.py:183} INFO - Processing /home/ubuntu/.local/lib/python3.10/site-packages/airflow/example_dags/example_complex.py took 0.082 seconds
[2024-01-28T23:54:51.150+0100] {processor.py:161} INFO - Started process (PID=20334) to work on /home/ubuntu/.local/lib/python3.10/site-packages/airflow/example_dags/example_complex.py
[2024-01-28T23:54:51.152+0100] {processor.py:830} INFO - Processing file /home/ubuntu/.local/lib/python3.10/site-packages/airflow/example_dags/example_complex.py for tasks to queue
[2024-01-28T23:54:51.153+0100] {logging_mixin.py:188} INFO - [2024-01-28T23:54:51.152+0100] {dagbag.py:538} INFO - Filling up the DagBag from /home/ubuntu/.local/lib/python3.10/site-packages/airflow/example_dags/example_complex.py
[2024-01-28T23:54:51.162+0100] {processor.py:840} INFO - DAG(s) 'example_complex' retrieved from /home/ubuntu/.local/lib/python3.10/site-packages/airflow/example_dags/example_complex.py
[2024-01-28T23:54:51.185+0100] {logging_mixin.py:188} INFO - [2024-01-28T23:54:51.185+0100] {dag.py:3033} INFO - Sync 1 DAGs
[2024-01-28T23:54:51.195+0100] {logging_mixin.py:188} INFO - [2024-01-28T23:54:51.195+0100] {dag.py:3820} INFO - Setting next_dagrun for example_complex to None, run_after=None
[2024-01-28T23:54:51.227+0100] {processor.py:183} INFO - Processing /home/ubuntu/.local/lib/python3.10/site-packages/airflow/example_dags/example_complex.py took 0.080 seconds
[2024-01-28T23:55:47.588+0100] {processor.py:161} INFO - Started process (PID=20406) to work on /home/ubuntu/.local/lib/python3.10/site-packages/airflow/example_dags/example_complex.py
[2024-01-28T23:55:47.590+0100] {processor.py:830} INFO - Processing file /home/ubuntu/.local/lib/python3.10/site-packages/airflow/example_dags/example_complex.py for tasks to queue
[2024-01-28T23:55:47.592+0100] {logging_mixin.py:188} INFO - [2024-01-28T23:55:47.591+0100] {dagbag.py:538} INFO - Filling up the DagBag from /home/ubuntu/.local/lib/python3.10/site-packages/airflow/example_dags/example_complex.py
[2024-01-28T23:55:47.602+0100] {processor.py:840} INFO - DAG(s) 'example_complex' retrieved from /home/ubuntu/.local/lib/python3.10/site-packages/airflow/example_dags/example_complex.py
[2024-01-28T23:55:47.644+0100] {logging_mixin.py:188} INFO - [2024-01-28T23:55:47.644+0100] {dag.py:3033} INFO - Sync 1 DAGs
[2024-01-28T23:55:47.657+0100] {logging_mixin.py:188} INFO - [2024-01-28T23:55:47.656+0100] {dag.py:3820} INFO - Setting next_dagrun for example_complex to None, run_after=None
[2024-01-28T23:55:47.685+0100] {processor.py:183} INFO - Processing /home/ubuntu/.local/lib/python3.10/site-packages/airflow/example_dags/example_complex.py took 0.100 seconds
[2024-01-28T23:56:49.319+0100] {processor.py:161} INFO - Started process (PID=20485) to work on /home/ubuntu/.local/lib/python3.10/site-packages/airflow/example_dags/example_complex.py
[2024-01-28T23:56:49.320+0100] {processor.py:830} INFO - Processing file /home/ubuntu/.local/lib/python3.10/site-packages/airflow/example_dags/example_complex.py for tasks to queue
[2024-01-28T23:56:49.322+0100] {logging_mixin.py:188} INFO - [2024-01-28T23:56:49.321+0100] {dagbag.py:538} INFO - Filling up the DagBag from /home/ubuntu/.local/lib/python3.10/site-packages/airflow/example_dags/example_complex.py
[2024-01-28T23:56:49.332+0100] {processor.py:840} INFO - DAG(s) 'example_complex' retrieved from /home/ubuntu/.local/lib/python3.10/site-packages/airflow/example_dags/example_complex.py
[2024-01-28T23:56:49.358+0100] {logging_mixin.py:188} INFO - [2024-01-28T23:56:49.357+0100] {dag.py:3033} INFO - Sync 1 DAGs
[2024-01-28T23:56:49.372+0100] {logging_mixin.py:188} INFO - [2024-01-28T23:56:49.372+0100] {dag.py:3820} INFO - Setting next_dagrun for example_complex to None, run_after=None
[2024-01-28T23:56:49.403+0100] {processor.py:183} INFO - Processing /home/ubuntu/.local/lib/python3.10/site-packages/airflow/example_dags/example_complex.py took 0.088 seconds
[2024-01-28T23:57:48.076+0100] {processor.py:161} INFO - Started process (PID=20552) to work on /home/ubuntu/.local/lib/python3.10/site-packages/airflow/example_dags/example_complex.py
[2024-01-28T23:57:48.079+0100] {processor.py:830} INFO - Processing file /home/ubuntu/.local/lib/python3.10/site-packages/airflow/example_dags/example_complex.py for tasks to queue
[2024-01-28T23:57:48.081+0100] {logging_mixin.py:188} INFO - [2024-01-28T23:57:48.080+0100] {dagbag.py:538} INFO - Filling up the DagBag from /home/ubuntu/.local/lib/python3.10/site-packages/airflow/example_dags/example_complex.py
[2024-01-28T23:57:48.093+0100] {processor.py:840} INFO - DAG(s) 'example_complex' retrieved from /home/ubuntu/.local/lib/python3.10/site-packages/airflow/example_dags/example_complex.py
[2024-01-28T23:57:48.125+0100] {logging_mixin.py:188} INFO - [2024-01-28T23:57:48.125+0100] {dag.py:3033} INFO - Sync 1 DAGs
[2024-01-28T23:57:48.137+0100] {logging_mixin.py:188} INFO - [2024-01-28T23:57:48.137+0100] {dag.py:3820} INFO - Setting next_dagrun for example_complex to None, run_after=None
[2024-01-28T23:57:48.173+0100] {processor.py:183} INFO - Processing /home/ubuntu/.local/lib/python3.10/site-packages/airflow/example_dags/example_complex.py took 0.100 seconds
[2024-01-28T23:58:49.524+0100] {processor.py:161} INFO - Started process (PID=20621) to work on /home/ubuntu/.local/lib/python3.10/site-packages/airflow/example_dags/example_complex.py
[2024-01-28T23:58:49.526+0100] {processor.py:830} INFO - Processing file /home/ubuntu/.local/lib/python3.10/site-packages/airflow/example_dags/example_complex.py for tasks to queue
[2024-01-28T23:58:49.527+0100] {logging_mixin.py:188} INFO - [2024-01-28T23:58:49.527+0100] {dagbag.py:538} INFO - Filling up the DagBag from /home/ubuntu/.local/lib/python3.10/site-packages/airflow/example_dags/example_complex.py
[2024-01-28T23:58:49.537+0100] {processor.py:840} INFO - DAG(s) 'example_complex' retrieved from /home/ubuntu/.local/lib/python3.10/site-packages/airflow/example_dags/example_complex.py
[2024-01-28T23:58:49.564+0100] {logging_mixin.py:188} INFO - [2024-01-28T23:58:49.564+0100] {dag.py:3033} INFO - Sync 1 DAGs
[2024-01-28T23:58:49.576+0100] {logging_mixin.py:188} INFO - [2024-01-28T23:58:49.576+0100] {dag.py:3820} INFO - Setting next_dagrun for example_complex to None, run_after=None
[2024-01-28T23:58:49.603+0100] {processor.py:183} INFO - Processing /home/ubuntu/.local/lib/python3.10/site-packages/airflow/example_dags/example_complex.py took 0.083 seconds
[2024-01-28T23:59:54.296+0100] {processor.py:161} INFO - Started process (PID=20696) to work on /home/ubuntu/.local/lib/python3.10/site-packages/airflow/example_dags/example_complex.py
[2024-01-28T23:59:54.297+0100] {processor.py:830} INFO - Processing file /home/ubuntu/.local/lib/python3.10/site-packages/airflow/example_dags/example_complex.py for tasks to queue
[2024-01-28T23:59:54.299+0100] {logging_mixin.py:188} INFO - [2024-01-28T23:59:54.298+0100] {dagbag.py:538} INFO - Filling up the DagBag from /home/ubuntu/.local/lib/python3.10/site-packages/airflow/example_dags/example_complex.py
[2024-01-28T23:59:54.320+0100] {processor.py:840} INFO - DAG(s) 'example_complex' retrieved from /home/ubuntu/.local/lib/python3.10/site-packages/airflow/example_dags/example_complex.py
[2024-01-28T23:59:54.346+0100] {logging_mixin.py:188} INFO - [2024-01-28T23:59:54.346+0100] {dag.py:3033} INFO - Sync 1 DAGs
[2024-01-28T23:59:54.358+0100] {logging_mixin.py:188} INFO - [2024-01-28T23:59:54.357+0100] {dag.py:3820} INFO - Setting next_dagrun for example_complex to None, run_after=None
[2024-01-28T23:59:54.385+0100] {processor.py:183} INFO - Processing /home/ubuntu/.local/lib/python3.10/site-packages/airflow/example_dags/example_complex.py took 0.096 seconds
[2024-01-29T00:00:56.154+0100] {processor.py:161} INFO - Started process (PID=20867) to work on /home/ubuntu/.local/lib/python3.10/site-packages/airflow/example_dags/example_complex.py
[2024-01-29T00:00:56.156+0100] {processor.py:830} INFO - Processing file /home/ubuntu/.local/lib/python3.10/site-packages/airflow/example_dags/example_complex.py for tasks to queue
[2024-01-29T00:00:56.157+0100] {logging_mixin.py:188} INFO - [2024-01-29T00:00:56.157+0100] {dagbag.py:538} INFO - Filling up the DagBag from /home/ubuntu/.local/lib/python3.10/site-packages/airflow/example_dags/example_complex.py
[2024-01-29T00:00:56.169+0100] {processor.py:840} INFO - DAG(s) 'example_complex' retrieved from /home/ubuntu/.local/lib/python3.10/site-packages/airflow/example_dags/example_complex.py
[2024-01-29T00:00:56.196+0100] {logging_mixin.py:188} INFO - [2024-01-29T00:00:56.196+0100] {dag.py:3033} INFO - Sync 1 DAGs
[2024-01-29T00:00:56.209+0100] {logging_mixin.py:188} INFO - [2024-01-29T00:00:56.209+0100] {dag.py:3820} INFO - Setting next_dagrun for example_complex to None, run_after=None
[2024-01-29T00:00:56.241+0100] {processor.py:183} INFO - Processing /home/ubuntu/.local/lib/python3.10/site-packages/airflow/example_dags/example_complex.py took 0.091 seconds
[2024-01-29T00:01:53.430+0100] {processor.py:161} INFO - Started process (PID=20947) to work on /home/ubuntu/.local/lib/python3.10/site-packages/airflow/example_dags/example_complex.py
[2024-01-29T00:01:53.433+0100] {processor.py:830} INFO - Processing file /home/ubuntu/.local/lib/python3.10/site-packages/airflow/example_dags/example_complex.py for tasks to queue
[2024-01-29T00:01:53.436+0100] {logging_mixin.py:188} INFO - [2024-01-29T00:01:53.435+0100] {dagbag.py:538} INFO - Filling up the DagBag from /home/ubuntu/.local/lib/python3.10/site-packages/airflow/example_dags/example_complex.py
[2024-01-29T00:01:53.455+0100] {processor.py:840} INFO - DAG(s) 'example_complex' retrieved from /home/ubuntu/.local/lib/python3.10/site-packages/airflow/example_dags/example_complex.py
[2024-01-29T00:01:53.483+0100] {logging_mixin.py:188} INFO - [2024-01-29T00:01:53.483+0100] {dag.py:3033} INFO - Sync 1 DAGs
[2024-01-29T00:01:53.495+0100] {logging_mixin.py:188} INFO - [2024-01-29T00:01:53.494+0100] {dag.py:3820} INFO - Setting next_dagrun for example_complex to None, run_after=None
[2024-01-29T00:01:53.533+0100] {processor.py:183} INFO - Processing /home/ubuntu/.local/lib/python3.10/site-packages/airflow/example_dags/example_complex.py took 0.110 seconds
