[2024-01-28T22:57:23.679+0100] {processor.py:161} INFO - Started process (PID=15623) to work on /home/ubuntu/.local/lib/python3.10/site-packages/airflow/example_dags/example_setup_teardown_taskflow.py
[2024-01-28T22:57:23.682+0100] {processor.py:830} INFO - Processing file /home/ubuntu/.local/lib/python3.10/site-packages/airflow/example_dags/example_setup_teardown_taskflow.py for tasks to queue
[2024-01-28T22:57:23.687+0100] {logging_mixin.py:188} INFO - [2024-01-28T22:57:23.685+0100] {dagbag.py:538} INFO - Filling up the DagBag from /home/ubuntu/.local/lib/python3.10/site-packages/airflow/example_dags/example_setup_teardown_taskflow.py
[2024-01-28T22:57:23.776+0100] {processor.py:840} INFO - DAG(s) 'example_setup_teardown_taskflow' retrieved from /home/ubuntu/.local/lib/python3.10/site-packages/airflow/example_dags/example_setup_teardown_taskflow.py
[2024-01-28T22:57:23.921+0100] {logging_mixin.py:188} INFO - [2024-01-28T22:57:23.921+0100] {dag.py:3033} INFO - Sync 1 DAGs
[2024-01-28T22:57:23.941+0100] {logging_mixin.py:188} INFO - [2024-01-28T22:57:23.941+0100] {dag.py:3820} INFO - Setting next_dagrun for example_setup_teardown_taskflow to 2024-01-27T00:00:00+00:00, run_after=2024-01-28T00:00:00+00:00
[2024-01-28T22:57:23.979+0100] {processor.py:183} INFO - Processing /home/ubuntu/.local/lib/python3.10/site-packages/airflow/example_dags/example_setup_teardown_taskflow.py took 0.311 seconds
[2024-01-28T22:58:33.205+0100] {processor.py:161} INFO - Started process (PID=15695) to work on /home/ubuntu/.local/lib/python3.10/site-packages/airflow/example_dags/example_setup_teardown_taskflow.py
[2024-01-28T22:58:33.220+0100] {processor.py:830} INFO - Processing file /home/ubuntu/.local/lib/python3.10/site-packages/airflow/example_dags/example_setup_teardown_taskflow.py for tasks to queue
[2024-01-28T22:58:33.226+0100] {logging_mixin.py:188} INFO - [2024-01-28T22:58:33.222+0100] {dagbag.py:538} INFO - Filling up the DagBag from /home/ubuntu/.local/lib/python3.10/site-packages/airflow/example_dags/example_setup_teardown_taskflow.py
[2024-01-28T22:58:33.368+0100] {processor.py:840} INFO - DAG(s) 'example_setup_teardown_taskflow' retrieved from /home/ubuntu/.local/lib/python3.10/site-packages/airflow/example_dags/example_setup_teardown_taskflow.py
[2024-01-28T22:58:33.571+0100] {logging_mixin.py:188} INFO - [2024-01-28T22:58:33.570+0100] {dag.py:3033} INFO - Sync 1 DAGs
[2024-01-28T22:58:33.787+0100] {logging_mixin.py:188} INFO - [2024-01-28T22:58:33.691+0100] {dag.py:3820} INFO - Setting next_dagrun for example_setup_teardown_taskflow to 2024-01-27T00:00:00+00:00, run_after=2024-01-28T00:00:00+00:00
[2024-01-28T22:58:34.232+0100] {processor.py:183} INFO - Processing /home/ubuntu/.local/lib/python3.10/site-packages/airflow/example_dags/example_setup_teardown_taskflow.py took 1.054 seconds
[2024-01-28T22:59:32.137+0100] {processor.py:161} INFO - Started process (PID=15778) to work on /home/ubuntu/.local/lib/python3.10/site-packages/airflow/example_dags/example_setup_teardown_taskflow.py
[2024-01-28T22:59:32.139+0100] {processor.py:830} INFO - Processing file /home/ubuntu/.local/lib/python3.10/site-packages/airflow/example_dags/example_setup_teardown_taskflow.py for tasks to queue
[2024-01-28T22:59:32.140+0100] {logging_mixin.py:188} INFO - [2024-01-28T22:59:32.139+0100] {dagbag.py:538} INFO - Filling up the DagBag from /home/ubuntu/.local/lib/python3.10/site-packages/airflow/example_dags/example_setup_teardown_taskflow.py
[2024-01-28T22:59:32.152+0100] {processor.py:840} INFO - DAG(s) 'example_setup_teardown_taskflow' retrieved from /home/ubuntu/.local/lib/python3.10/site-packages/airflow/example_dags/example_setup_teardown_taskflow.py
[2024-01-28T22:59:32.173+0100] {logging_mixin.py:188} INFO - [2024-01-28T22:59:32.173+0100] {dag.py:3033} INFO - Sync 1 DAGs
[2024-01-28T22:59:32.204+0100] {logging_mixin.py:188} INFO - [2024-01-28T22:59:32.203+0100] {dag.py:3820} INFO - Setting next_dagrun for example_setup_teardown_taskflow to 2024-01-27T00:00:00+00:00, run_after=2024-01-28T00:00:00+00:00
[2024-01-28T22:59:32.234+0100] {processor.py:183} INFO - Processing /home/ubuntu/.local/lib/python3.10/site-packages/airflow/example_dags/example_setup_teardown_taskflow.py took 0.101 seconds
[2024-01-28T23:00:25.034+0100] {processor.py:161} INFO - Started process (PID=15836) to work on /home/ubuntu/.local/lib/python3.10/site-packages/airflow/example_dags/example_setup_teardown_taskflow.py
[2024-01-28T23:00:25.036+0100] {processor.py:830} INFO - Processing file /home/ubuntu/.local/lib/python3.10/site-packages/airflow/example_dags/example_setup_teardown_taskflow.py for tasks to queue
[2024-01-28T23:00:25.038+0100] {logging_mixin.py:188} INFO - [2024-01-28T23:00:25.037+0100] {dagbag.py:538} INFO - Filling up the DagBag from /home/ubuntu/.local/lib/python3.10/site-packages/airflow/example_dags/example_setup_teardown_taskflow.py
[2024-01-28T23:00:25.050+0100] {processor.py:840} INFO - DAG(s) 'example_setup_teardown_taskflow' retrieved from /home/ubuntu/.local/lib/python3.10/site-packages/airflow/example_dags/example_setup_teardown_taskflow.py
[2024-01-28T23:00:25.073+0100] {logging_mixin.py:188} INFO - [2024-01-28T23:00:25.073+0100] {dag.py:3033} INFO - Sync 1 DAGs
[2024-01-28T23:00:25.098+0100] {logging_mixin.py:188} INFO - [2024-01-28T23:00:25.098+0100] {dag.py:3820} INFO - Setting next_dagrun for example_setup_teardown_taskflow to 2024-01-27T00:00:00+00:00, run_after=2024-01-28T00:00:00+00:00
[2024-01-28T23:00:25.128+0100] {processor.py:183} INFO - Processing /home/ubuntu/.local/lib/python3.10/site-packages/airflow/example_dags/example_setup_teardown_taskflow.py took 0.098 seconds
[2024-01-28T23:01:32.552+0100] {processor.py:161} INFO - Started process (PID=15912) to work on /home/ubuntu/.local/lib/python3.10/site-packages/airflow/example_dags/example_setup_teardown_taskflow.py
[2024-01-28T23:01:32.553+0100] {processor.py:830} INFO - Processing file /home/ubuntu/.local/lib/python3.10/site-packages/airflow/example_dags/example_setup_teardown_taskflow.py for tasks to queue
[2024-01-28T23:01:32.555+0100] {logging_mixin.py:188} INFO - [2024-01-28T23:01:32.554+0100] {dagbag.py:538} INFO - Filling up the DagBag from /home/ubuntu/.local/lib/python3.10/site-packages/airflow/example_dags/example_setup_teardown_taskflow.py
[2024-01-28T23:01:32.566+0100] {processor.py:840} INFO - DAG(s) 'example_setup_teardown_taskflow' retrieved from /home/ubuntu/.local/lib/python3.10/site-packages/airflow/example_dags/example_setup_teardown_taskflow.py
[2024-01-28T23:01:32.582+0100] {logging_mixin.py:188} INFO - [2024-01-28T23:01:32.582+0100] {dag.py:3033} INFO - Sync 1 DAGs
[2024-01-28T23:01:32.604+0100] {logging_mixin.py:188} INFO - [2024-01-28T23:01:32.604+0100] {dag.py:3820} INFO - Setting next_dagrun for example_setup_teardown_taskflow to 2024-01-27T00:00:00+00:00, run_after=2024-01-28T00:00:00+00:00
[2024-01-28T23:01:32.659+0100] {processor.py:183} INFO - Processing /home/ubuntu/.local/lib/python3.10/site-packages/airflow/example_dags/example_setup_teardown_taskflow.py took 0.111 seconds
[2024-01-28T23:02:39.764+0100] {processor.py:161} INFO - Started process (PID=16001) to work on /home/ubuntu/.local/lib/python3.10/site-packages/airflow/example_dags/example_setup_teardown_taskflow.py
[2024-01-28T23:02:39.766+0100] {processor.py:830} INFO - Processing file /home/ubuntu/.local/lib/python3.10/site-packages/airflow/example_dags/example_setup_teardown_taskflow.py for tasks to queue
[2024-01-28T23:02:39.767+0100] {logging_mixin.py:188} INFO - [2024-01-28T23:02:39.767+0100] {dagbag.py:538} INFO - Filling up the DagBag from /home/ubuntu/.local/lib/python3.10/site-packages/airflow/example_dags/example_setup_teardown_taskflow.py
[2024-01-28T23:02:39.778+0100] {processor.py:840} INFO - DAG(s) 'example_setup_teardown_taskflow' retrieved from /home/ubuntu/.local/lib/python3.10/site-packages/airflow/example_dags/example_setup_teardown_taskflow.py
[2024-01-28T23:02:39.794+0100] {logging_mixin.py:188} INFO - [2024-01-28T23:02:39.794+0100] {dag.py:3033} INFO - Sync 1 DAGs
[2024-01-28T23:02:39.811+0100] {logging_mixin.py:188} INFO - [2024-01-28T23:02:39.811+0100] {dag.py:3820} INFO - Setting next_dagrun for example_setup_teardown_taskflow to 2024-01-27T00:00:00+00:00, run_after=2024-01-28T00:00:00+00:00
[2024-01-28T23:02:39.841+0100] {processor.py:183} INFO - Processing /home/ubuntu/.local/lib/python3.10/site-packages/airflow/example_dags/example_setup_teardown_taskflow.py took 0.080 seconds
[2024-01-28T23:03:50.385+0100] {processor.py:161} INFO - Started process (PID=16073) to work on /home/ubuntu/.local/lib/python3.10/site-packages/airflow/example_dags/example_setup_teardown_taskflow.py
[2024-01-28T23:03:50.393+0100] {processor.py:830} INFO - Processing file /home/ubuntu/.local/lib/python3.10/site-packages/airflow/example_dags/example_setup_teardown_taskflow.py for tasks to queue
[2024-01-28T23:03:50.396+0100] {logging_mixin.py:188} INFO - [2024-01-28T23:03:50.396+0100] {dagbag.py:538} INFO - Filling up the DagBag from /home/ubuntu/.local/lib/python3.10/site-packages/airflow/example_dags/example_setup_teardown_taskflow.py
[2024-01-28T23:03:50.416+0100] {processor.py:840} INFO - DAG(s) 'example_setup_teardown_taskflow' retrieved from /home/ubuntu/.local/lib/python3.10/site-packages/airflow/example_dags/example_setup_teardown_taskflow.py
[2024-01-28T23:03:50.448+0100] {logging_mixin.py:188} INFO - [2024-01-28T23:03:50.448+0100] {dag.py:3033} INFO - Sync 1 DAGs
[2024-01-28T23:03:50.473+0100] {logging_mixin.py:188} INFO - [2024-01-28T23:03:50.473+0100] {dag.py:3820} INFO - Setting next_dagrun for example_setup_teardown_taskflow to 2024-01-27T00:00:00+00:00, run_after=2024-01-28T00:00:00+00:00
[2024-01-28T23:03:50.507+0100] {processor.py:183} INFO - Processing /home/ubuntu/.local/lib/python3.10/site-packages/airflow/example_dags/example_setup_teardown_taskflow.py took 0.128 seconds
[2024-01-28T23:04:42.506+0100] {processor.py:161} INFO - Started process (PID=16139) to work on /home/ubuntu/.local/lib/python3.10/site-packages/airflow/example_dags/example_setup_teardown_taskflow.py
[2024-01-28T23:04:42.508+0100] {processor.py:830} INFO - Processing file /home/ubuntu/.local/lib/python3.10/site-packages/airflow/example_dags/example_setup_teardown_taskflow.py for tasks to queue
[2024-01-28T23:04:42.509+0100] {logging_mixin.py:188} INFO - [2024-01-28T23:04:42.509+0100] {dagbag.py:538} INFO - Filling up the DagBag from /home/ubuntu/.local/lib/python3.10/site-packages/airflow/example_dags/example_setup_teardown_taskflow.py
[2024-01-28T23:04:42.520+0100] {processor.py:840} INFO - DAG(s) 'example_setup_teardown_taskflow' retrieved from /home/ubuntu/.local/lib/python3.10/site-packages/airflow/example_dags/example_setup_teardown_taskflow.py
[2024-01-28T23:04:42.550+0100] {logging_mixin.py:188} INFO - [2024-01-28T23:04:42.550+0100] {dag.py:3033} INFO - Sync 1 DAGs
[2024-01-28T23:04:42.568+0100] {logging_mixin.py:188} INFO - [2024-01-28T23:04:42.568+0100] {dag.py:3820} INFO - Setting next_dagrun for example_setup_teardown_taskflow to 2024-01-27T00:00:00+00:00, run_after=2024-01-28T00:00:00+00:00
[2024-01-28T23:04:42.622+0100] {processor.py:183} INFO - Processing /home/ubuntu/.local/lib/python3.10/site-packages/airflow/example_dags/example_setup_teardown_taskflow.py took 0.119 seconds
[2024-01-28T23:05:45.448+0100] {processor.py:161} INFO - Started process (PID=16214) to work on /home/ubuntu/.local/lib/python3.10/site-packages/airflow/example_dags/example_setup_teardown_taskflow.py
[2024-01-28T23:05:45.451+0100] {processor.py:830} INFO - Processing file /home/ubuntu/.local/lib/python3.10/site-packages/airflow/example_dags/example_setup_teardown_taskflow.py for tasks to queue
[2024-01-28T23:05:45.453+0100] {logging_mixin.py:188} INFO - [2024-01-28T23:05:45.452+0100] {dagbag.py:538} INFO - Filling up the DagBag from /home/ubuntu/.local/lib/python3.10/site-packages/airflow/example_dags/example_setup_teardown_taskflow.py
[2024-01-28T23:05:45.465+0100] {processor.py:840} INFO - DAG(s) 'example_setup_teardown_taskflow' retrieved from /home/ubuntu/.local/lib/python3.10/site-packages/airflow/example_dags/example_setup_teardown_taskflow.py
[2024-01-28T23:05:45.482+0100] {logging_mixin.py:188} INFO - [2024-01-28T23:05:45.482+0100] {dag.py:3033} INFO - Sync 1 DAGs
[2024-01-28T23:05:45.502+0100] {logging_mixin.py:188} INFO - [2024-01-28T23:05:45.502+0100] {dag.py:3820} INFO - Setting next_dagrun for example_setup_teardown_taskflow to 2024-01-27T00:00:00+00:00, run_after=2024-01-28T00:00:00+00:00
[2024-01-28T23:05:45.528+0100] {processor.py:183} INFO - Processing /home/ubuntu/.local/lib/python3.10/site-packages/airflow/example_dags/example_setup_teardown_taskflow.py took 0.084 seconds
[2024-01-28T23:06:48.288+0100] {processor.py:161} INFO - Started process (PID=16285) to work on /home/ubuntu/.local/lib/python3.10/site-packages/airflow/example_dags/example_setup_teardown_taskflow.py
[2024-01-28T23:06:48.293+0100] {processor.py:830} INFO - Processing file /home/ubuntu/.local/lib/python3.10/site-packages/airflow/example_dags/example_setup_teardown_taskflow.py for tasks to queue
[2024-01-28T23:06:48.295+0100] {logging_mixin.py:188} INFO - [2024-01-28T23:06:48.294+0100] {dagbag.py:538} INFO - Filling up the DagBag from /home/ubuntu/.local/lib/python3.10/site-packages/airflow/example_dags/example_setup_teardown_taskflow.py
[2024-01-28T23:06:48.307+0100] {processor.py:840} INFO - DAG(s) 'example_setup_teardown_taskflow' retrieved from /home/ubuntu/.local/lib/python3.10/site-packages/airflow/example_dags/example_setup_teardown_taskflow.py
[2024-01-28T23:06:48.325+0100] {logging_mixin.py:188} INFO - [2024-01-28T23:06:48.325+0100] {dag.py:3033} INFO - Sync 1 DAGs
[2024-01-28T23:06:48.353+0100] {logging_mixin.py:188} INFO - [2024-01-28T23:06:48.353+0100] {dag.py:3820} INFO - Setting next_dagrun for example_setup_teardown_taskflow to 2024-01-27T00:00:00+00:00, run_after=2024-01-28T00:00:00+00:00
[2024-01-28T23:06:48.392+0100] {processor.py:183} INFO - Processing /home/ubuntu/.local/lib/python3.10/site-packages/airflow/example_dags/example_setup_teardown_taskflow.py took 0.108 seconds
[2024-01-28T23:07:51.118+0100] {processor.py:161} INFO - Started process (PID=16360) to work on /home/ubuntu/.local/lib/python3.10/site-packages/airflow/example_dags/example_setup_teardown_taskflow.py
[2024-01-28T23:07:51.120+0100] {processor.py:830} INFO - Processing file /home/ubuntu/.local/lib/python3.10/site-packages/airflow/example_dags/example_setup_teardown_taskflow.py for tasks to queue
[2024-01-28T23:07:51.123+0100] {logging_mixin.py:188} INFO - [2024-01-28T23:07:51.122+0100] {dagbag.py:538} INFO - Filling up the DagBag from /home/ubuntu/.local/lib/python3.10/site-packages/airflow/example_dags/example_setup_teardown_taskflow.py
[2024-01-28T23:07:51.137+0100] {processor.py:840} INFO - DAG(s) 'example_setup_teardown_taskflow' retrieved from /home/ubuntu/.local/lib/python3.10/site-packages/airflow/example_dags/example_setup_teardown_taskflow.py
[2024-01-28T23:07:51.159+0100] {logging_mixin.py:188} INFO - [2024-01-28T23:07:51.158+0100] {dag.py:3033} INFO - Sync 1 DAGs
[2024-01-28T23:07:51.181+0100] {logging_mixin.py:188} INFO - [2024-01-28T23:07:51.181+0100] {dag.py:3820} INFO - Setting next_dagrun for example_setup_teardown_taskflow to 2024-01-27T00:00:00+00:00, run_after=2024-01-28T00:00:00+00:00
[2024-01-28T23:07:51.214+0100] {processor.py:183} INFO - Processing /home/ubuntu/.local/lib/python3.10/site-packages/airflow/example_dags/example_setup_teardown_taskflow.py took 0.100 seconds
[2024-01-28T23:08:52.623+0100] {processor.py:161} INFO - Started process (PID=16429) to work on /home/ubuntu/.local/lib/python3.10/site-packages/airflow/example_dags/example_setup_teardown_taskflow.py
[2024-01-28T23:08:52.625+0100] {processor.py:830} INFO - Processing file /home/ubuntu/.local/lib/python3.10/site-packages/airflow/example_dags/example_setup_teardown_taskflow.py for tasks to queue
[2024-01-28T23:08:52.627+0100] {logging_mixin.py:188} INFO - [2024-01-28T23:08:52.627+0100] {dagbag.py:538} INFO - Filling up the DagBag from /home/ubuntu/.local/lib/python3.10/site-packages/airflow/example_dags/example_setup_teardown_taskflow.py
[2024-01-28T23:08:52.640+0100] {processor.py:840} INFO - DAG(s) 'example_setup_teardown_taskflow' retrieved from /home/ubuntu/.local/lib/python3.10/site-packages/airflow/example_dags/example_setup_teardown_taskflow.py
[2024-01-28T23:08:52.659+0100] {logging_mixin.py:188} INFO - [2024-01-28T23:08:52.658+0100] {dag.py:3033} INFO - Sync 1 DAGs
[2024-01-28T23:08:52.681+0100] {logging_mixin.py:188} INFO - [2024-01-28T23:08:52.681+0100] {dag.py:3820} INFO - Setting next_dagrun for example_setup_teardown_taskflow to 2024-01-27T00:00:00+00:00, run_after=2024-01-28T00:00:00+00:00
[2024-01-28T23:08:52.722+0100] {processor.py:183} INFO - Processing /home/ubuntu/.local/lib/python3.10/site-packages/airflow/example_dags/example_setup_teardown_taskflow.py took 0.103 seconds
[2024-01-28T23:09:56.675+0100] {processor.py:161} INFO - Started process (PID=16507) to work on /home/ubuntu/.local/lib/python3.10/site-packages/airflow/example_dags/example_setup_teardown_taskflow.py
[2024-01-28T23:09:56.688+0100] {processor.py:830} INFO - Processing file /home/ubuntu/.local/lib/python3.10/site-packages/airflow/example_dags/example_setup_teardown_taskflow.py for tasks to queue
[2024-01-28T23:09:56.689+0100] {logging_mixin.py:188} INFO - [2024-01-28T23:09:56.689+0100] {dagbag.py:538} INFO - Filling up the DagBag from /home/ubuntu/.local/lib/python3.10/site-packages/airflow/example_dags/example_setup_teardown_taskflow.py
[2024-01-28T23:09:56.701+0100] {processor.py:840} INFO - DAG(s) 'example_setup_teardown_taskflow' retrieved from /home/ubuntu/.local/lib/python3.10/site-packages/airflow/example_dags/example_setup_teardown_taskflow.py
[2024-01-28T23:09:56.719+0100] {logging_mixin.py:188} INFO - [2024-01-28T23:09:56.718+0100] {dag.py:3033} INFO - Sync 1 DAGs
[2024-01-28T23:09:56.739+0100] {logging_mixin.py:188} INFO - [2024-01-28T23:09:56.738+0100] {dag.py:3820} INFO - Setting next_dagrun for example_setup_teardown_taskflow to 2024-01-27T00:00:00+00:00, run_after=2024-01-28T00:00:00+00:00
[2024-01-28T23:09:56.768+0100] {processor.py:183} INFO - Processing /home/ubuntu/.local/lib/python3.10/site-packages/airflow/example_dags/example_setup_teardown_taskflow.py took 0.097 seconds
[2024-01-28T23:10:57.812+0100] {processor.py:161} INFO - Started process (PID=16576) to work on /home/ubuntu/.local/lib/python3.10/site-packages/airflow/example_dags/example_setup_teardown_taskflow.py
[2024-01-28T23:10:57.827+0100] {processor.py:830} INFO - Processing file /home/ubuntu/.local/lib/python3.10/site-packages/airflow/example_dags/example_setup_teardown_taskflow.py for tasks to queue
[2024-01-28T23:10:57.828+0100] {logging_mixin.py:188} INFO - [2024-01-28T23:10:57.828+0100] {dagbag.py:538} INFO - Filling up the DagBag from /home/ubuntu/.local/lib/python3.10/site-packages/airflow/example_dags/example_setup_teardown_taskflow.py
[2024-01-28T23:10:57.839+0100] {processor.py:840} INFO - DAG(s) 'example_setup_teardown_taskflow' retrieved from /home/ubuntu/.local/lib/python3.10/site-packages/airflow/example_dags/example_setup_teardown_taskflow.py
[2024-01-28T23:10:57.855+0100] {logging_mixin.py:188} INFO - [2024-01-28T23:10:57.854+0100] {dag.py:3033} INFO - Sync 1 DAGs
[2024-01-28T23:10:57.874+0100] {logging_mixin.py:188} INFO - [2024-01-28T23:10:57.874+0100] {dag.py:3820} INFO - Setting next_dagrun for example_setup_teardown_taskflow to 2024-01-27T00:00:00+00:00, run_after=2024-01-28T00:00:00+00:00
[2024-01-28T23:10:57.920+0100] {processor.py:183} INFO - Processing /home/ubuntu/.local/lib/python3.10/site-packages/airflow/example_dags/example_setup_teardown_taskflow.py took 0.112 seconds
[2024-01-28T23:12:04.732+0100] {processor.py:161} INFO - Started process (PID=16666) to work on /home/ubuntu/.local/lib/python3.10/site-packages/airflow/example_dags/example_setup_teardown_taskflow.py
[2024-01-28T23:12:04.735+0100] {processor.py:830} INFO - Processing file /home/ubuntu/.local/lib/python3.10/site-packages/airflow/example_dags/example_setup_teardown_taskflow.py for tasks to queue
[2024-01-28T23:12:04.737+0100] {logging_mixin.py:188} INFO - [2024-01-28T23:12:04.737+0100] {dagbag.py:538} INFO - Filling up the DagBag from /home/ubuntu/.local/lib/python3.10/site-packages/airflow/example_dags/example_setup_teardown_taskflow.py
[2024-01-28T23:12:04.757+0100] {processor.py:840} INFO - DAG(s) 'example_setup_teardown_taskflow' retrieved from /home/ubuntu/.local/lib/python3.10/site-packages/airflow/example_dags/example_setup_teardown_taskflow.py
[2024-01-28T23:12:04.783+0100] {logging_mixin.py:188} INFO - [2024-01-28T23:12:04.782+0100] {dag.py:3033} INFO - Sync 1 DAGs
[2024-01-28T23:12:04.814+0100] {logging_mixin.py:188} INFO - [2024-01-28T23:12:04.814+0100] {dag.py:3820} INFO - Setting next_dagrun for example_setup_teardown_taskflow to 2024-01-27T00:00:00+00:00, run_after=2024-01-28T00:00:00+00:00
[2024-01-28T23:12:04.859+0100] {processor.py:183} INFO - Processing /home/ubuntu/.local/lib/python3.10/site-packages/airflow/example_dags/example_setup_teardown_taskflow.py took 0.134 seconds
[2024-01-28T23:12:54.721+0100] {processor.py:161} INFO - Started process (PID=16723) to work on /home/ubuntu/.local/lib/python3.10/site-packages/airflow/example_dags/example_setup_teardown_taskflow.py
[2024-01-28T23:12:54.723+0100] {processor.py:830} INFO - Processing file /home/ubuntu/.local/lib/python3.10/site-packages/airflow/example_dags/example_setup_teardown_taskflow.py for tasks to queue
[2024-01-28T23:12:54.724+0100] {logging_mixin.py:188} INFO - [2024-01-28T23:12:54.724+0100] {dagbag.py:538} INFO - Filling up the DagBag from /home/ubuntu/.local/lib/python3.10/site-packages/airflow/example_dags/example_setup_teardown_taskflow.py
[2024-01-28T23:12:54.735+0100] {processor.py:840} INFO - DAG(s) 'example_setup_teardown_taskflow' retrieved from /home/ubuntu/.local/lib/python3.10/site-packages/airflow/example_dags/example_setup_teardown_taskflow.py
[2024-01-28T23:12:54.755+0100] {logging_mixin.py:188} INFO - [2024-01-28T23:12:54.755+0100] {dag.py:3033} INFO - Sync 1 DAGs
[2024-01-28T23:12:54.775+0100] {logging_mixin.py:188} INFO - [2024-01-28T23:12:54.775+0100] {dag.py:3820} INFO - Setting next_dagrun for example_setup_teardown_taskflow to 2024-01-27T00:00:00+00:00, run_after=2024-01-28T00:00:00+00:00
[2024-01-28T23:12:54.809+0100] {processor.py:183} INFO - Processing /home/ubuntu/.local/lib/python3.10/site-packages/airflow/example_dags/example_setup_teardown_taskflow.py took 0.092 seconds
[2024-01-28T23:13:54.080+0100] {processor.py:161} INFO - Started process (PID=16791) to work on /home/ubuntu/.local/lib/python3.10/site-packages/airflow/example_dags/example_setup_teardown_taskflow.py
[2024-01-28T23:13:54.083+0100] {processor.py:830} INFO - Processing file /home/ubuntu/.local/lib/python3.10/site-packages/airflow/example_dags/example_setup_teardown_taskflow.py for tasks to queue
[2024-01-28T23:13:54.084+0100] {logging_mixin.py:188} INFO - [2024-01-28T23:13:54.083+0100] {dagbag.py:538} INFO - Filling up the DagBag from /home/ubuntu/.local/lib/python3.10/site-packages/airflow/example_dags/example_setup_teardown_taskflow.py
[2024-01-28T23:13:54.094+0100] {processor.py:840} INFO - DAG(s) 'example_setup_teardown_taskflow' retrieved from /home/ubuntu/.local/lib/python3.10/site-packages/airflow/example_dags/example_setup_teardown_taskflow.py
[2024-01-28T23:13:54.112+0100] {logging_mixin.py:188} INFO - [2024-01-28T23:13:54.112+0100] {dag.py:3033} INFO - Sync 1 DAGs
[2024-01-28T23:13:54.131+0100] {logging_mixin.py:188} INFO - [2024-01-28T23:13:54.131+0100] {dag.py:3820} INFO - Setting next_dagrun for example_setup_teardown_taskflow to 2024-01-27T00:00:00+00:00, run_after=2024-01-28T00:00:00+00:00
[2024-01-28T23:13:54.158+0100] {processor.py:183} INFO - Processing /home/ubuntu/.local/lib/python3.10/site-packages/airflow/example_dags/example_setup_teardown_taskflow.py took 0.081 seconds
[2024-01-28T23:14:55.470+0100] {processor.py:161} INFO - Started process (PID=16865) to work on /home/ubuntu/.local/lib/python3.10/site-packages/airflow/example_dags/example_setup_teardown_taskflow.py
[2024-01-28T23:14:55.473+0100] {processor.py:830} INFO - Processing file /home/ubuntu/.local/lib/python3.10/site-packages/airflow/example_dags/example_setup_teardown_taskflow.py for tasks to queue
[2024-01-28T23:14:55.475+0100] {logging_mixin.py:188} INFO - [2024-01-28T23:14:55.475+0100] {dagbag.py:538} INFO - Filling up the DagBag from /home/ubuntu/.local/lib/python3.10/site-packages/airflow/example_dags/example_setup_teardown_taskflow.py
[2024-01-28T23:14:55.485+0100] {processor.py:840} INFO - DAG(s) 'example_setup_teardown_taskflow' retrieved from /home/ubuntu/.local/lib/python3.10/site-packages/airflow/example_dags/example_setup_teardown_taskflow.py
[2024-01-28T23:14:55.502+0100] {logging_mixin.py:188} INFO - [2024-01-28T23:14:55.502+0100] {dag.py:3033} INFO - Sync 1 DAGs
[2024-01-28T23:14:55.518+0100] {logging_mixin.py:188} INFO - [2024-01-28T23:14:55.518+0100] {dag.py:3820} INFO - Setting next_dagrun for example_setup_teardown_taskflow to 2024-01-27T00:00:00+00:00, run_after=2024-01-28T00:00:00+00:00
[2024-01-28T23:14:55.558+0100] {processor.py:183} INFO - Processing /home/ubuntu/.local/lib/python3.10/site-packages/airflow/example_dags/example_setup_teardown_taskflow.py took 0.090 seconds
[2024-01-28T23:15:59.408+0100] {processor.py:161} INFO - Started process (PID=16951) to work on /home/ubuntu/.local/lib/python3.10/site-packages/airflow/example_dags/example_setup_teardown_taskflow.py
[2024-01-28T23:15:59.410+0100] {processor.py:830} INFO - Processing file /home/ubuntu/.local/lib/python3.10/site-packages/airflow/example_dags/example_setup_teardown_taskflow.py for tasks to queue
[2024-01-28T23:15:59.412+0100] {logging_mixin.py:188} INFO - [2024-01-28T23:15:59.411+0100] {dagbag.py:538} INFO - Filling up the DagBag from /home/ubuntu/.local/lib/python3.10/site-packages/airflow/example_dags/example_setup_teardown_taskflow.py
[2024-01-28T23:15:59.423+0100] {processor.py:840} INFO - DAG(s) 'example_setup_teardown_taskflow' retrieved from /home/ubuntu/.local/lib/python3.10/site-packages/airflow/example_dags/example_setup_teardown_taskflow.py
[2024-01-28T23:15:59.440+0100] {logging_mixin.py:188} INFO - [2024-01-28T23:15:59.439+0100] {dag.py:3033} INFO - Sync 1 DAGs
[2024-01-28T23:15:59.461+0100] {logging_mixin.py:188} INFO - [2024-01-28T23:15:59.461+0100] {dag.py:3820} INFO - Setting next_dagrun for example_setup_teardown_taskflow to 2024-01-27T00:00:00+00:00, run_after=2024-01-28T00:00:00+00:00
[2024-01-28T23:15:59.487+0100] {processor.py:183} INFO - Processing /home/ubuntu/.local/lib/python3.10/site-packages/airflow/example_dags/example_setup_teardown_taskflow.py took 0.082 seconds
[2024-01-28T23:17:04.782+0100] {processor.py:161} INFO - Started process (PID=17038) to work on /home/ubuntu/.local/lib/python3.10/site-packages/airflow/example_dags/example_setup_teardown_taskflow.py
[2024-01-28T23:17:04.785+0100] {processor.py:830} INFO - Processing file /home/ubuntu/.local/lib/python3.10/site-packages/airflow/example_dags/example_setup_teardown_taskflow.py for tasks to queue
[2024-01-28T23:17:04.787+0100] {logging_mixin.py:188} INFO - [2024-01-28T23:17:04.786+0100] {dagbag.py:538} INFO - Filling up the DagBag from /home/ubuntu/.local/lib/python3.10/site-packages/airflow/example_dags/example_setup_teardown_taskflow.py
[2024-01-28T23:17:04.798+0100] {processor.py:840} INFO - DAG(s) 'example_setup_teardown_taskflow' retrieved from /home/ubuntu/.local/lib/python3.10/site-packages/airflow/example_dags/example_setup_teardown_taskflow.py
[2024-01-28T23:17:04.816+0100] {logging_mixin.py:188} INFO - [2024-01-28T23:17:04.816+0100] {dag.py:3033} INFO - Sync 1 DAGs
[2024-01-28T23:17:04.842+0100] {logging_mixin.py:188} INFO - [2024-01-28T23:17:04.842+0100] {dag.py:3820} INFO - Setting next_dagrun for example_setup_teardown_taskflow to 2024-01-27T00:00:00+00:00, run_after=2024-01-28T00:00:00+00:00
[2024-01-28T23:17:04.880+0100] {processor.py:183} INFO - Processing /home/ubuntu/.local/lib/python3.10/site-packages/airflow/example_dags/example_setup_teardown_taskflow.py took 0.102 seconds
[2024-01-28T23:18:07.786+0100] {processor.py:161} INFO - Started process (PID=17108) to work on /home/ubuntu/.local/lib/python3.10/site-packages/airflow/example_dags/example_setup_teardown_taskflow.py
[2024-01-28T23:18:07.789+0100] {processor.py:830} INFO - Processing file /home/ubuntu/.local/lib/python3.10/site-packages/airflow/example_dags/example_setup_teardown_taskflow.py for tasks to queue
[2024-01-28T23:18:07.790+0100] {logging_mixin.py:188} INFO - [2024-01-28T23:18:07.789+0100] {dagbag.py:538} INFO - Filling up the DagBag from /home/ubuntu/.local/lib/python3.10/site-packages/airflow/example_dags/example_setup_teardown_taskflow.py
[2024-01-28T23:18:07.800+0100] {processor.py:840} INFO - DAG(s) 'example_setup_teardown_taskflow' retrieved from /home/ubuntu/.local/lib/python3.10/site-packages/airflow/example_dags/example_setup_teardown_taskflow.py
[2024-01-28T23:18:07.827+0100] {logging_mixin.py:188} INFO - [2024-01-28T23:18:07.827+0100] {dag.py:3033} INFO - Sync 1 DAGs
[2024-01-28T23:18:07.845+0100] {logging_mixin.py:188} INFO - [2024-01-28T23:18:07.845+0100] {dag.py:3820} INFO - Setting next_dagrun for example_setup_teardown_taskflow to 2024-01-27T00:00:00+00:00, run_after=2024-01-28T00:00:00+00:00
[2024-01-28T23:18:07.873+0100] {processor.py:183} INFO - Processing /home/ubuntu/.local/lib/python3.10/site-packages/airflow/example_dags/example_setup_teardown_taskflow.py took 0.090 seconds
[2024-01-28T23:19:11.955+0100] {processor.py:161} INFO - Started process (PID=17187) to work on /home/ubuntu/.local/lib/python3.10/site-packages/airflow/example_dags/example_setup_teardown_taskflow.py
[2024-01-28T23:19:11.958+0100] {processor.py:830} INFO - Processing file /home/ubuntu/.local/lib/python3.10/site-packages/airflow/example_dags/example_setup_teardown_taskflow.py for tasks to queue
[2024-01-28T23:19:11.960+0100] {logging_mixin.py:188} INFO - [2024-01-28T23:19:11.960+0100] {dagbag.py:538} INFO - Filling up the DagBag from /home/ubuntu/.local/lib/python3.10/site-packages/airflow/example_dags/example_setup_teardown_taskflow.py
[2024-01-28T23:19:11.971+0100] {processor.py:840} INFO - DAG(s) 'example_setup_teardown_taskflow' retrieved from /home/ubuntu/.local/lib/python3.10/site-packages/airflow/example_dags/example_setup_teardown_taskflow.py
[2024-01-28T23:19:11.990+0100] {logging_mixin.py:188} INFO - [2024-01-28T23:19:11.989+0100] {dag.py:3033} INFO - Sync 1 DAGs
[2024-01-28T23:19:12.009+0100] {logging_mixin.py:188} INFO - [2024-01-28T23:19:12.009+0100] {dag.py:3820} INFO - Setting next_dagrun for example_setup_teardown_taskflow to 2024-01-27T00:00:00+00:00, run_after=2024-01-28T00:00:00+00:00
[2024-01-28T23:19:12.043+0100] {processor.py:183} INFO - Processing /home/ubuntu/.local/lib/python3.10/site-packages/airflow/example_dags/example_setup_teardown_taskflow.py took 0.091 seconds
[2024-01-28T23:20:13.999+0100] {processor.py:161} INFO - Started process (PID=17256) to work on /home/ubuntu/.local/lib/python3.10/site-packages/airflow/example_dags/example_setup_teardown_taskflow.py
[2024-01-28T23:20:14.002+0100] {processor.py:830} INFO - Processing file /home/ubuntu/.local/lib/python3.10/site-packages/airflow/example_dags/example_setup_teardown_taskflow.py for tasks to queue
[2024-01-28T23:20:14.004+0100] {logging_mixin.py:188} INFO - [2024-01-28T23:20:14.004+0100] {dagbag.py:538} INFO - Filling up the DagBag from /home/ubuntu/.local/lib/python3.10/site-packages/airflow/example_dags/example_setup_teardown_taskflow.py
[2024-01-28T23:20:14.014+0100] {processor.py:840} INFO - DAG(s) 'example_setup_teardown_taskflow' retrieved from /home/ubuntu/.local/lib/python3.10/site-packages/airflow/example_dags/example_setup_teardown_taskflow.py
[2024-01-28T23:20:14.030+0100] {logging_mixin.py:188} INFO - [2024-01-28T23:20:14.029+0100] {dag.py:3033} INFO - Sync 1 DAGs
[2024-01-28T23:20:14.047+0100] {logging_mixin.py:188} INFO - [2024-01-28T23:20:14.046+0100] {dag.py:3820} INFO - Setting next_dagrun for example_setup_teardown_taskflow to 2024-01-27T00:00:00+00:00, run_after=2024-01-28T00:00:00+00:00
[2024-01-28T23:20:14.076+0100] {processor.py:183} INFO - Processing /home/ubuntu/.local/lib/python3.10/site-packages/airflow/example_dags/example_setup_teardown_taskflow.py took 0.080 seconds
[2024-01-28T23:21:16.620+0100] {processor.py:161} INFO - Started process (PID=17331) to work on /home/ubuntu/.local/lib/python3.10/site-packages/airflow/example_dags/example_setup_teardown_taskflow.py
[2024-01-28T23:21:16.634+0100] {processor.py:830} INFO - Processing file /home/ubuntu/.local/lib/python3.10/site-packages/airflow/example_dags/example_setup_teardown_taskflow.py for tasks to queue
[2024-01-28T23:21:16.635+0100] {logging_mixin.py:188} INFO - [2024-01-28T23:21:16.634+0100] {dagbag.py:538} INFO - Filling up the DagBag from /home/ubuntu/.local/lib/python3.10/site-packages/airflow/example_dags/example_setup_teardown_taskflow.py
[2024-01-28T23:21:16.646+0100] {processor.py:840} INFO - DAG(s) 'example_setup_teardown_taskflow' retrieved from /home/ubuntu/.local/lib/python3.10/site-packages/airflow/example_dags/example_setup_teardown_taskflow.py
[2024-01-28T23:21:16.665+0100] {logging_mixin.py:188} INFO - [2024-01-28T23:21:16.664+0100] {dag.py:3033} INFO - Sync 1 DAGs
[2024-01-28T23:21:16.685+0100] {logging_mixin.py:188} INFO - [2024-01-28T23:21:16.685+0100] {dag.py:3820} INFO - Setting next_dagrun for example_setup_teardown_taskflow to 2024-01-27T00:00:00+00:00, run_after=2024-01-28T00:00:00+00:00
[2024-01-28T23:21:16.722+0100] {processor.py:183} INFO - Processing /home/ubuntu/.local/lib/python3.10/site-packages/airflow/example_dags/example_setup_teardown_taskflow.py took 0.105 seconds
[2024-01-28T23:22:20.931+0100] {processor.py:161} INFO - Started process (PID=17403) to work on /home/ubuntu/.local/lib/python3.10/site-packages/airflow/example_dags/example_setup_teardown_taskflow.py
[2024-01-28T23:22:20.952+0100] {processor.py:830} INFO - Processing file /home/ubuntu/.local/lib/python3.10/site-packages/airflow/example_dags/example_setup_teardown_taskflow.py for tasks to queue
[2024-01-28T23:22:20.953+0100] {logging_mixin.py:188} INFO - [2024-01-28T23:22:20.952+0100] {dagbag.py:538} INFO - Filling up the DagBag from /home/ubuntu/.local/lib/python3.10/site-packages/airflow/example_dags/example_setup_teardown_taskflow.py
[2024-01-28T23:22:20.963+0100] {processor.py:840} INFO - DAG(s) 'example_setup_teardown_taskflow' retrieved from /home/ubuntu/.local/lib/python3.10/site-packages/airflow/example_dags/example_setup_teardown_taskflow.py
[2024-01-28T23:22:20.982+0100] {logging_mixin.py:188} INFO - [2024-01-28T23:22:20.981+0100] {dag.py:3033} INFO - Sync 1 DAGs
[2024-01-28T23:22:21.001+0100] {logging_mixin.py:188} INFO - [2024-01-28T23:22:21.001+0100] {dag.py:3820} INFO - Setting next_dagrun for example_setup_teardown_taskflow to 2024-01-27T00:00:00+00:00, run_after=2024-01-28T00:00:00+00:00
[2024-01-28T23:22:21.032+0100] {processor.py:183} INFO - Processing /home/ubuntu/.local/lib/python3.10/site-packages/airflow/example_dags/example_setup_teardown_taskflow.py took 0.104 seconds
[2024-01-28T23:23:24.506+0100] {processor.py:161} INFO - Started process (PID=17477) to work on /home/ubuntu/.local/lib/python3.10/site-packages/airflow/example_dags/example_setup_teardown_taskflow.py
[2024-01-28T23:23:24.509+0100] {processor.py:830} INFO - Processing file /home/ubuntu/.local/lib/python3.10/site-packages/airflow/example_dags/example_setup_teardown_taskflow.py for tasks to queue
[2024-01-28T23:23:24.511+0100] {logging_mixin.py:188} INFO - [2024-01-28T23:23:24.511+0100] {dagbag.py:538} INFO - Filling up the DagBag from /home/ubuntu/.local/lib/python3.10/site-packages/airflow/example_dags/example_setup_teardown_taskflow.py
[2024-01-28T23:23:24.528+0100] {processor.py:840} INFO - DAG(s) 'example_setup_teardown_taskflow' retrieved from /home/ubuntu/.local/lib/python3.10/site-packages/airflow/example_dags/example_setup_teardown_taskflow.py
[2024-01-28T23:23:24.550+0100] {logging_mixin.py:188} INFO - [2024-01-28T23:23:24.550+0100] {dag.py:3033} INFO - Sync 1 DAGs
[2024-01-28T23:23:24.585+0100] {logging_mixin.py:188} INFO - [2024-01-28T23:23:24.584+0100] {dag.py:3820} INFO - Setting next_dagrun for example_setup_teardown_taskflow to 2024-01-27T00:00:00+00:00, run_after=2024-01-28T00:00:00+00:00
[2024-01-28T23:23:24.640+0100] {processor.py:183} INFO - Processing /home/ubuntu/.local/lib/python3.10/site-packages/airflow/example_dags/example_setup_teardown_taskflow.py took 0.138 seconds
[2024-01-28T23:24:37.921+0100] {processor.py:161} INFO - Started process (PID=17553) to work on /home/ubuntu/.local/lib/python3.10/site-packages/airflow/example_dags/example_setup_teardown_taskflow.py
[2024-01-28T23:24:37.924+0100] {processor.py:830} INFO - Processing file /home/ubuntu/.local/lib/python3.10/site-packages/airflow/example_dags/example_setup_teardown_taskflow.py for tasks to queue
[2024-01-28T23:24:37.925+0100] {logging_mixin.py:188} INFO - [2024-01-28T23:24:37.925+0100] {dagbag.py:538} INFO - Filling up the DagBag from /home/ubuntu/.local/lib/python3.10/site-packages/airflow/example_dags/example_setup_teardown_taskflow.py
[2024-01-28T23:24:37.944+0100] {processor.py:840} INFO - DAG(s) 'example_setup_teardown_taskflow' retrieved from /home/ubuntu/.local/lib/python3.10/site-packages/airflow/example_dags/example_setup_teardown_taskflow.py
[2024-01-28T23:24:37.966+0100] {logging_mixin.py:188} INFO - [2024-01-28T23:24:37.966+0100] {dag.py:3033} INFO - Sync 1 DAGs
[2024-01-28T23:24:37.990+0100] {logging_mixin.py:188} INFO - [2024-01-28T23:24:37.989+0100] {dag.py:3820} INFO - Setting next_dagrun for example_setup_teardown_taskflow to 2024-01-27T00:00:00+00:00, run_after=2024-01-28T00:00:00+00:00
[2024-01-28T23:24:38.022+0100] {processor.py:183} INFO - Processing /home/ubuntu/.local/lib/python3.10/site-packages/airflow/example_dags/example_setup_teardown_taskflow.py took 0.105 seconds
[2024-01-28T23:25:49.257+0100] {processor.py:161} INFO - Started process (PID=17634) to work on /home/ubuntu/.local/lib/python3.10/site-packages/airflow/example_dags/example_setup_teardown_taskflow.py
[2024-01-28T23:25:49.259+0100] {processor.py:830} INFO - Processing file /home/ubuntu/.local/lib/python3.10/site-packages/airflow/example_dags/example_setup_teardown_taskflow.py for tasks to queue
[2024-01-28T23:25:49.260+0100] {logging_mixin.py:188} INFO - [2024-01-28T23:25:49.259+0100] {dagbag.py:538} INFO - Filling up the DagBag from /home/ubuntu/.local/lib/python3.10/site-packages/airflow/example_dags/example_setup_teardown_taskflow.py
[2024-01-28T23:25:49.275+0100] {processor.py:840} INFO - DAG(s) 'example_setup_teardown_taskflow' retrieved from /home/ubuntu/.local/lib/python3.10/site-packages/airflow/example_dags/example_setup_teardown_taskflow.py
[2024-01-28T23:25:49.295+0100] {logging_mixin.py:188} INFO - [2024-01-28T23:25:49.295+0100] {dag.py:3033} INFO - Sync 1 DAGs
[2024-01-28T23:25:49.333+0100] {logging_mixin.py:188} INFO - [2024-01-28T23:25:49.333+0100] {dag.py:3820} INFO - Setting next_dagrun for example_setup_teardown_taskflow to 2024-01-27T00:00:00+00:00, run_after=2024-01-28T00:00:00+00:00
[2024-01-28T23:25:49.360+0100] {processor.py:183} INFO - Processing /home/ubuntu/.local/lib/python3.10/site-packages/airflow/example_dags/example_setup_teardown_taskflow.py took 0.108 seconds
[2024-01-28T23:26:53.387+0100] {processor.py:161} INFO - Started process (PID=17707) to work on /home/ubuntu/.local/lib/python3.10/site-packages/airflow/example_dags/example_setup_teardown_taskflow.py
[2024-01-28T23:26:53.390+0100] {processor.py:830} INFO - Processing file /home/ubuntu/.local/lib/python3.10/site-packages/airflow/example_dags/example_setup_teardown_taskflow.py for tasks to queue
[2024-01-28T23:26:53.391+0100] {logging_mixin.py:188} INFO - [2024-01-28T23:26:53.390+0100] {dagbag.py:538} INFO - Filling up the DagBag from /home/ubuntu/.local/lib/python3.10/site-packages/airflow/example_dags/example_setup_teardown_taskflow.py
[2024-01-28T23:26:53.402+0100] {processor.py:840} INFO - DAG(s) 'example_setup_teardown_taskflow' retrieved from /home/ubuntu/.local/lib/python3.10/site-packages/airflow/example_dags/example_setup_teardown_taskflow.py
[2024-01-28T23:26:53.420+0100] {logging_mixin.py:188} INFO - [2024-01-28T23:26:53.419+0100] {dag.py:3033} INFO - Sync 1 DAGs
[2024-01-28T23:26:53.440+0100] {logging_mixin.py:188} INFO - [2024-01-28T23:26:53.440+0100] {dag.py:3820} INFO - Setting next_dagrun for example_setup_teardown_taskflow to 2024-01-27T00:00:00+00:00, run_after=2024-01-28T00:00:00+00:00
[2024-01-28T23:26:53.468+0100] {processor.py:183} INFO - Processing /home/ubuntu/.local/lib/python3.10/site-packages/airflow/example_dags/example_setup_teardown_taskflow.py took 0.085 seconds
[2024-01-28T23:27:55.782+0100] {processor.py:161} INFO - Started process (PID=17786) to work on /home/ubuntu/.local/lib/python3.10/site-packages/airflow/example_dags/example_setup_teardown_taskflow.py
[2024-01-28T23:27:55.802+0100] {processor.py:830} INFO - Processing file /home/ubuntu/.local/lib/python3.10/site-packages/airflow/example_dags/example_setup_teardown_taskflow.py for tasks to queue
[2024-01-28T23:27:55.803+0100] {logging_mixin.py:188} INFO - [2024-01-28T23:27:55.803+0100] {dagbag.py:538} INFO - Filling up the DagBag from /home/ubuntu/.local/lib/python3.10/site-packages/airflow/example_dags/example_setup_teardown_taskflow.py
[2024-01-28T23:27:55.814+0100] {processor.py:840} INFO - DAG(s) 'example_setup_teardown_taskflow' retrieved from /home/ubuntu/.local/lib/python3.10/site-packages/airflow/example_dags/example_setup_teardown_taskflow.py
[2024-01-28T23:27:55.829+0100] {logging_mixin.py:188} INFO - [2024-01-28T23:27:55.829+0100] {dag.py:3033} INFO - Sync 1 DAGs
[2024-01-28T23:27:55.847+0100] {logging_mixin.py:188} INFO - [2024-01-28T23:27:55.847+0100] {dag.py:3820} INFO - Setting next_dagrun for example_setup_teardown_taskflow to 2024-01-27T00:00:00+00:00, run_after=2024-01-28T00:00:00+00:00
[2024-01-28T23:27:55.875+0100] {processor.py:183} INFO - Processing /home/ubuntu/.local/lib/python3.10/site-packages/airflow/example_dags/example_setup_teardown_taskflow.py took 0.096 seconds
[2024-01-28T23:29:00.643+0100] {processor.py:161} INFO - Started process (PID=17861) to work on /home/ubuntu/.local/lib/python3.10/site-packages/airflow/example_dags/example_setup_teardown_taskflow.py
[2024-01-28T23:29:00.645+0100] {processor.py:830} INFO - Processing file /home/ubuntu/.local/lib/python3.10/site-packages/airflow/example_dags/example_setup_teardown_taskflow.py for tasks to queue
[2024-01-28T23:29:00.646+0100] {logging_mixin.py:188} INFO - [2024-01-28T23:29:00.645+0100] {dagbag.py:538} INFO - Filling up the DagBag from /home/ubuntu/.local/lib/python3.10/site-packages/airflow/example_dags/example_setup_teardown_taskflow.py
[2024-01-28T23:29:00.658+0100] {processor.py:840} INFO - DAG(s) 'example_setup_teardown_taskflow' retrieved from /home/ubuntu/.local/lib/python3.10/site-packages/airflow/example_dags/example_setup_teardown_taskflow.py
[2024-01-28T23:29:00.688+0100] {logging_mixin.py:188} INFO - [2024-01-28T23:29:00.688+0100] {dag.py:3033} INFO - Sync 1 DAGs
[2024-01-28T23:29:00.708+0100] {logging_mixin.py:188} INFO - [2024-01-28T23:29:00.708+0100] {dag.py:3820} INFO - Setting next_dagrun for example_setup_teardown_taskflow to 2024-01-27T00:00:00+00:00, run_after=2024-01-28T00:00:00+00:00
[2024-01-28T23:29:00.740+0100] {processor.py:183} INFO - Processing /home/ubuntu/.local/lib/python3.10/site-packages/airflow/example_dags/example_setup_teardown_taskflow.py took 0.101 seconds
[2024-01-28T23:30:08.129+0100] {processor.py:161} INFO - Started process (PID=17941) to work on /home/ubuntu/.local/lib/python3.10/site-packages/airflow/example_dags/example_setup_teardown_taskflow.py
[2024-01-28T23:30:08.131+0100] {processor.py:830} INFO - Processing file /home/ubuntu/.local/lib/python3.10/site-packages/airflow/example_dags/example_setup_teardown_taskflow.py for tasks to queue
[2024-01-28T23:30:08.132+0100] {logging_mixin.py:188} INFO - [2024-01-28T23:30:08.132+0100] {dagbag.py:538} INFO - Filling up the DagBag from /home/ubuntu/.local/lib/python3.10/site-packages/airflow/example_dags/example_setup_teardown_taskflow.py
[2024-01-28T23:30:08.144+0100] {processor.py:840} INFO - DAG(s) 'example_setup_teardown_taskflow' retrieved from /home/ubuntu/.local/lib/python3.10/site-packages/airflow/example_dags/example_setup_teardown_taskflow.py
[2024-01-28T23:30:08.162+0100] {logging_mixin.py:188} INFO - [2024-01-28T23:30:08.161+0100] {dag.py:3033} INFO - Sync 1 DAGs
[2024-01-28T23:30:08.182+0100] {logging_mixin.py:188} INFO - [2024-01-28T23:30:08.181+0100] {dag.py:3820} INFO - Setting next_dagrun for example_setup_teardown_taskflow to 2024-01-27T00:00:00+00:00, run_after=2024-01-28T00:00:00+00:00
[2024-01-28T23:30:08.208+0100] {processor.py:183} INFO - Processing /home/ubuntu/.local/lib/python3.10/site-packages/airflow/example_dags/example_setup_teardown_taskflow.py took 0.083 seconds
[2024-01-28T23:31:13.663+0100] {processor.py:161} INFO - Started process (PID=18012) to work on /home/ubuntu/.local/lib/python3.10/site-packages/airflow/example_dags/example_setup_teardown_taskflow.py
[2024-01-28T23:31:13.666+0100] {processor.py:830} INFO - Processing file /home/ubuntu/.local/lib/python3.10/site-packages/airflow/example_dags/example_setup_teardown_taskflow.py for tasks to queue
[2024-01-28T23:31:13.667+0100] {logging_mixin.py:188} INFO - [2024-01-28T23:31:13.667+0100] {dagbag.py:538} INFO - Filling up the DagBag from /home/ubuntu/.local/lib/python3.10/site-packages/airflow/example_dags/example_setup_teardown_taskflow.py
[2024-01-28T23:31:13.679+0100] {processor.py:840} INFO - DAG(s) 'example_setup_teardown_taskflow' retrieved from /home/ubuntu/.local/lib/python3.10/site-packages/airflow/example_dags/example_setup_teardown_taskflow.py
[2024-01-28T23:31:13.699+0100] {logging_mixin.py:188} INFO - [2024-01-28T23:31:13.699+0100] {dag.py:3033} INFO - Sync 1 DAGs
[2024-01-28T23:31:13.721+0100] {logging_mixin.py:188} INFO - [2024-01-28T23:31:13.721+0100] {dag.py:3820} INFO - Setting next_dagrun for example_setup_teardown_taskflow to 2024-01-27T00:00:00+00:00, run_after=2024-01-28T00:00:00+00:00
[2024-01-28T23:31:13.756+0100] {processor.py:183} INFO - Processing /home/ubuntu/.local/lib/python3.10/site-packages/airflow/example_dags/example_setup_teardown_taskflow.py took 0.097 seconds
[2024-01-28T23:32:25.140+0100] {processor.py:161} INFO - Started process (PID=18093) to work on /home/ubuntu/.local/lib/python3.10/site-packages/airflow/example_dags/example_setup_teardown_taskflow.py
[2024-01-28T23:32:25.142+0100] {processor.py:830} INFO - Processing file /home/ubuntu/.local/lib/python3.10/site-packages/airflow/example_dags/example_setup_teardown_taskflow.py for tasks to queue
[2024-01-28T23:32:25.143+0100] {logging_mixin.py:188} INFO - [2024-01-28T23:32:25.142+0100] {dagbag.py:538} INFO - Filling up the DagBag from /home/ubuntu/.local/lib/python3.10/site-packages/airflow/example_dags/example_setup_teardown_taskflow.py
[2024-01-28T23:32:25.154+0100] {processor.py:840} INFO - DAG(s) 'example_setup_teardown_taskflow' retrieved from /home/ubuntu/.local/lib/python3.10/site-packages/airflow/example_dags/example_setup_teardown_taskflow.py
[2024-01-28T23:32:25.171+0100] {logging_mixin.py:188} INFO - [2024-01-28T23:32:25.171+0100] {dag.py:3033} INFO - Sync 1 DAGs
[2024-01-28T23:32:25.288+0100] {logging_mixin.py:188} INFO - [2024-01-28T23:32:25.288+0100] {dag.py:3820} INFO - Setting next_dagrun for example_setup_teardown_taskflow to 2024-01-27T00:00:00+00:00, run_after=2024-01-28T00:00:00+00:00
[2024-01-28T23:32:25.321+0100] {processor.py:183} INFO - Processing /home/ubuntu/.local/lib/python3.10/site-packages/airflow/example_dags/example_setup_teardown_taskflow.py took 0.186 seconds
[2024-01-28T23:33:34.987+0100] {processor.py:161} INFO - Started process (PID=18173) to work on /home/ubuntu/.local/lib/python3.10/site-packages/airflow/example_dags/example_setup_teardown_taskflow.py
[2024-01-28T23:33:34.991+0100] {processor.py:830} INFO - Processing file /home/ubuntu/.local/lib/python3.10/site-packages/airflow/example_dags/example_setup_teardown_taskflow.py for tasks to queue
[2024-01-28T23:33:34.993+0100] {logging_mixin.py:188} INFO - [2024-01-28T23:33:34.992+0100] {dagbag.py:538} INFO - Filling up the DagBag from /home/ubuntu/.local/lib/python3.10/site-packages/airflow/example_dags/example_setup_teardown_taskflow.py
[2024-01-28T23:33:35.016+0100] {processor.py:840} INFO - DAG(s) 'example_setup_teardown_taskflow' retrieved from /home/ubuntu/.local/lib/python3.10/site-packages/airflow/example_dags/example_setup_teardown_taskflow.py
[2024-01-28T23:33:35.049+0100] {logging_mixin.py:188} INFO - [2024-01-28T23:33:35.049+0100] {dag.py:3033} INFO - Sync 1 DAGs
[2024-01-28T23:33:35.107+0100] {logging_mixin.py:188} INFO - [2024-01-28T23:33:35.107+0100] {dag.py:3820} INFO - Setting next_dagrun for example_setup_teardown_taskflow to 2024-01-27T00:00:00+00:00, run_after=2024-01-28T00:00:00+00:00
[2024-01-28T23:33:35.219+0100] {processor.py:183} INFO - Processing /home/ubuntu/.local/lib/python3.10/site-packages/airflow/example_dags/example_setup_teardown_taskflow.py took 0.238 seconds
[2024-01-28T23:34:41.150+0100] {processor.py:161} INFO - Started process (PID=18244) to work on /home/ubuntu/.local/lib/python3.10/site-packages/airflow/example_dags/example_setup_teardown_taskflow.py
[2024-01-28T23:34:41.152+0100] {processor.py:830} INFO - Processing file /home/ubuntu/.local/lib/python3.10/site-packages/airflow/example_dags/example_setup_teardown_taskflow.py for tasks to queue
[2024-01-28T23:34:41.153+0100] {logging_mixin.py:188} INFO - [2024-01-28T23:34:41.153+0100] {dagbag.py:538} INFO - Filling up the DagBag from /home/ubuntu/.local/lib/python3.10/site-packages/airflow/example_dags/example_setup_teardown_taskflow.py
[2024-01-28T23:34:41.165+0100] {processor.py:840} INFO - DAG(s) 'example_setup_teardown_taskflow' retrieved from /home/ubuntu/.local/lib/python3.10/site-packages/airflow/example_dags/example_setup_teardown_taskflow.py
[2024-01-28T23:34:41.182+0100] {logging_mixin.py:188} INFO - [2024-01-28T23:34:41.182+0100] {dag.py:3033} INFO - Sync 1 DAGs
[2024-01-28T23:34:41.310+0100] {logging_mixin.py:188} INFO - [2024-01-28T23:34:41.310+0100] {dag.py:3820} INFO - Setting next_dagrun for example_setup_teardown_taskflow to 2024-01-27T00:00:00+00:00, run_after=2024-01-28T00:00:00+00:00
[2024-01-28T23:34:41.340+0100] {processor.py:183} INFO - Processing /home/ubuntu/.local/lib/python3.10/site-packages/airflow/example_dags/example_setup_teardown_taskflow.py took 0.193 seconds
[2024-01-28T23:35:33.370+0100] {processor.py:161} INFO - Started process (PID=18300) to work on /home/ubuntu/.local/lib/python3.10/site-packages/airflow/example_dags/example_setup_teardown_taskflow.py
[2024-01-28T23:35:33.373+0100] {processor.py:830} INFO - Processing file /home/ubuntu/.local/lib/python3.10/site-packages/airflow/example_dags/example_setup_teardown_taskflow.py for tasks to queue
[2024-01-28T23:35:33.374+0100] {logging_mixin.py:188} INFO - [2024-01-28T23:35:33.374+0100] {dagbag.py:538} INFO - Filling up the DagBag from /home/ubuntu/.local/lib/python3.10/site-packages/airflow/example_dags/example_setup_teardown_taskflow.py
[2024-01-28T23:35:33.384+0100] {processor.py:840} INFO - DAG(s) 'example_setup_teardown_taskflow' retrieved from /home/ubuntu/.local/lib/python3.10/site-packages/airflow/example_dags/example_setup_teardown_taskflow.py
[2024-01-28T23:35:33.401+0100] {logging_mixin.py:188} INFO - [2024-01-28T23:35:33.400+0100] {dag.py:3033} INFO - Sync 1 DAGs
[2024-01-28T23:35:33.418+0100] {logging_mixin.py:188} INFO - [2024-01-28T23:35:33.417+0100] {dag.py:3820} INFO - Setting next_dagrun for example_setup_teardown_taskflow to 2024-01-27T00:00:00+00:00, run_after=2024-01-28T00:00:00+00:00
[2024-01-28T23:35:33.452+0100] {processor.py:183} INFO - Processing /home/ubuntu/.local/lib/python3.10/site-packages/airflow/example_dags/example_setup_teardown_taskflow.py took 0.086 seconds
[2024-01-28T23:36:45.240+0100] {processor.py:161} INFO - Started process (PID=18378) to work on /home/ubuntu/.local/lib/python3.10/site-packages/airflow/example_dags/example_setup_teardown_taskflow.py
[2024-01-28T23:36:45.243+0100] {processor.py:830} INFO - Processing file /home/ubuntu/.local/lib/python3.10/site-packages/airflow/example_dags/example_setup_teardown_taskflow.py for tasks to queue
[2024-01-28T23:36:45.244+0100] {logging_mixin.py:188} INFO - [2024-01-28T23:36:45.244+0100] {dagbag.py:538} INFO - Filling up the DagBag from /home/ubuntu/.local/lib/python3.10/site-packages/airflow/example_dags/example_setup_teardown_taskflow.py
[2024-01-28T23:36:45.255+0100] {processor.py:840} INFO - DAG(s) 'example_setup_teardown_taskflow' retrieved from /home/ubuntu/.local/lib/python3.10/site-packages/airflow/example_dags/example_setup_teardown_taskflow.py
[2024-01-28T23:36:45.279+0100] {logging_mixin.py:188} INFO - [2024-01-28T23:36:45.279+0100] {dag.py:3033} INFO - Sync 1 DAGs
[2024-01-28T23:36:45.298+0100] {logging_mixin.py:188} INFO - [2024-01-28T23:36:45.298+0100] {dag.py:3820} INFO - Setting next_dagrun for example_setup_teardown_taskflow to 2024-01-27T00:00:00+00:00, run_after=2024-01-28T00:00:00+00:00
[2024-01-28T23:36:45.331+0100] {processor.py:183} INFO - Processing /home/ubuntu/.local/lib/python3.10/site-packages/airflow/example_dags/example_setup_teardown_taskflow.py took 0.094 seconds
[2024-01-28T23:38:14.554+0100] {processor.py:161} INFO - Started process (PID=19165) to work on /home/ubuntu/.local/lib/python3.10/site-packages/airflow/example_dags/example_setup_teardown_taskflow.py
[2024-01-28T23:38:14.560+0100] {processor.py:830} INFO - Processing file /home/ubuntu/.local/lib/python3.10/site-packages/airflow/example_dags/example_setup_teardown_taskflow.py for tasks to queue
[2024-01-28T23:38:14.561+0100] {logging_mixin.py:188} INFO - [2024-01-28T23:38:14.561+0100] {dagbag.py:538} INFO - Filling up the DagBag from /home/ubuntu/.local/lib/python3.10/site-packages/airflow/example_dags/example_setup_teardown_taskflow.py
[2024-01-28T23:38:14.575+0100] {processor.py:840} INFO - DAG(s) 'example_setup_teardown_taskflow' retrieved from /home/ubuntu/.local/lib/python3.10/site-packages/airflow/example_dags/example_setup_teardown_taskflow.py
[2024-01-28T23:38:14.596+0100] {logging_mixin.py:188} INFO - [2024-01-28T23:38:14.596+0100] {dag.py:3033} INFO - Sync 1 DAGs
[2024-01-28T23:38:14.617+0100] {logging_mixin.py:188} INFO - [2024-01-28T23:38:14.617+0100] {dag.py:3820} INFO - Setting next_dagrun for example_setup_teardown_taskflow to 2024-01-27T00:00:00+00:00, run_after=2024-01-28T00:00:00+00:00
[2024-01-28T23:38:14.646+0100] {processor.py:183} INFO - Processing /home/ubuntu/.local/lib/python3.10/site-packages/airflow/example_dags/example_setup_teardown_taskflow.py took 0.096 seconds
[2024-01-28T23:39:12.402+0100] {processor.py:161} INFO - Started process (PID=19224) to work on /home/ubuntu/.local/lib/python3.10/site-packages/airflow/example_dags/example_setup_teardown_taskflow.py
[2024-01-28T23:39:12.404+0100] {processor.py:830} INFO - Processing file /home/ubuntu/.local/lib/python3.10/site-packages/airflow/example_dags/example_setup_teardown_taskflow.py for tasks to queue
[2024-01-28T23:39:12.406+0100] {logging_mixin.py:188} INFO - [2024-01-28T23:39:12.405+0100] {dagbag.py:538} INFO - Filling up the DagBag from /home/ubuntu/.local/lib/python3.10/site-packages/airflow/example_dags/example_setup_teardown_taskflow.py
[2024-01-28T23:39:12.417+0100] {processor.py:840} INFO - DAG(s) 'example_setup_teardown_taskflow' retrieved from /home/ubuntu/.local/lib/python3.10/site-packages/airflow/example_dags/example_setup_teardown_taskflow.py
[2024-01-28T23:39:12.444+0100] {logging_mixin.py:188} INFO - [2024-01-28T23:39:12.444+0100] {dag.py:3033} INFO - Sync 1 DAGs
[2024-01-28T23:39:12.566+0100] {logging_mixin.py:188} INFO - [2024-01-28T23:39:12.566+0100] {dag.py:3820} INFO - Setting next_dagrun for example_setup_teardown_taskflow to 2024-01-27T00:00:00+00:00, run_after=2024-01-28T00:00:00+00:00
[2024-01-28T23:39:12.597+0100] {processor.py:183} INFO - Processing /home/ubuntu/.local/lib/python3.10/site-packages/airflow/example_dags/example_setup_teardown_taskflow.py took 0.199 seconds
[2024-01-28T23:39:59.113+0100] {processor.py:161} INFO - Started process (PID=19275) to work on /home/ubuntu/.local/lib/python3.10/site-packages/airflow/example_dags/example_setup_teardown_taskflow.py
[2024-01-28T23:39:59.117+0100] {processor.py:830} INFO - Processing file /home/ubuntu/.local/lib/python3.10/site-packages/airflow/example_dags/example_setup_teardown_taskflow.py for tasks to queue
[2024-01-28T23:39:59.119+0100] {logging_mixin.py:188} INFO - [2024-01-28T23:39:59.119+0100] {dagbag.py:538} INFO - Filling up the DagBag from /home/ubuntu/.local/lib/python3.10/site-packages/airflow/example_dags/example_setup_teardown_taskflow.py
[2024-01-28T23:39:59.129+0100] {processor.py:840} INFO - DAG(s) 'example_setup_teardown_taskflow' retrieved from /home/ubuntu/.local/lib/python3.10/site-packages/airflow/example_dags/example_setup_teardown_taskflow.py
[2024-01-28T23:39:59.160+0100] {logging_mixin.py:188} INFO - [2024-01-28T23:39:59.160+0100] {dag.py:3033} INFO - Sync 1 DAGs
[2024-01-28T23:39:59.198+0100] {logging_mixin.py:188} INFO - [2024-01-28T23:39:59.197+0100] {dag.py:3820} INFO - Setting next_dagrun for example_setup_teardown_taskflow to 2024-01-27T00:00:00+00:00, run_after=2024-01-28T00:00:00+00:00
[2024-01-28T23:39:59.228+0100] {processor.py:183} INFO - Processing /home/ubuntu/.local/lib/python3.10/site-packages/airflow/example_dags/example_setup_teardown_taskflow.py took 0.118 seconds
[2024-01-28T23:40:58.374+0100] {processor.py:161} INFO - Started process (PID=19343) to work on /home/ubuntu/.local/lib/python3.10/site-packages/airflow/example_dags/example_setup_teardown_taskflow.py
[2024-01-28T23:40:58.376+0100] {processor.py:830} INFO - Processing file /home/ubuntu/.local/lib/python3.10/site-packages/airflow/example_dags/example_setup_teardown_taskflow.py for tasks to queue
[2024-01-28T23:40:58.377+0100] {logging_mixin.py:188} INFO - [2024-01-28T23:40:58.377+0100] {dagbag.py:538} INFO - Filling up the DagBag from /home/ubuntu/.local/lib/python3.10/site-packages/airflow/example_dags/example_setup_teardown_taskflow.py
[2024-01-28T23:40:58.393+0100] {processor.py:840} INFO - DAG(s) 'example_setup_teardown_taskflow' retrieved from /home/ubuntu/.local/lib/python3.10/site-packages/airflow/example_dags/example_setup_teardown_taskflow.py
[2024-01-28T23:40:58.417+0100] {logging_mixin.py:188} INFO - [2024-01-28T23:40:58.416+0100] {dag.py:3033} INFO - Sync 1 DAGs
[2024-01-28T23:40:58.439+0100] {logging_mixin.py:188} INFO - [2024-01-28T23:40:58.439+0100] {dag.py:3820} INFO - Setting next_dagrun for example_setup_teardown_taskflow to 2024-01-27T00:00:00+00:00, run_after=2024-01-28T00:00:00+00:00
[2024-01-28T23:40:58.471+0100] {processor.py:183} INFO - Processing /home/ubuntu/.local/lib/python3.10/site-packages/airflow/example_dags/example_setup_teardown_taskflow.py took 0.101 seconds
[2024-01-28T23:41:58.319+0100] {processor.py:161} INFO - Started process (PID=19431) to work on /home/ubuntu/.local/lib/python3.10/site-packages/airflow/example_dags/example_setup_teardown_taskflow.py
[2024-01-28T23:41:58.322+0100] {processor.py:830} INFO - Processing file /home/ubuntu/.local/lib/python3.10/site-packages/airflow/example_dags/example_setup_teardown_taskflow.py for tasks to queue
[2024-01-28T23:41:58.323+0100] {logging_mixin.py:188} INFO - [2024-01-28T23:41:58.323+0100] {dagbag.py:538} INFO - Filling up the DagBag from /home/ubuntu/.local/lib/python3.10/site-packages/airflow/example_dags/example_setup_teardown_taskflow.py
[2024-01-28T23:41:58.335+0100] {processor.py:840} INFO - DAG(s) 'example_setup_teardown_taskflow' retrieved from /home/ubuntu/.local/lib/python3.10/site-packages/airflow/example_dags/example_setup_teardown_taskflow.py
[2024-01-28T23:41:58.356+0100] {logging_mixin.py:188} INFO - [2024-01-28T23:41:58.356+0100] {dag.py:3033} INFO - Sync 1 DAGs
[2024-01-28T23:41:58.376+0100] {logging_mixin.py:188} INFO - [2024-01-28T23:41:58.376+0100] {dag.py:3820} INFO - Setting next_dagrun for example_setup_teardown_taskflow to 2024-01-27T00:00:00+00:00, run_after=2024-01-28T00:00:00+00:00
[2024-01-28T23:41:58.407+0100] {processor.py:183} INFO - Processing /home/ubuntu/.local/lib/python3.10/site-packages/airflow/example_dags/example_setup_teardown_taskflow.py took 0.091 seconds
[2024-01-28T23:43:04.741+0100] {processor.py:161} INFO - Started process (PID=19505) to work on /home/ubuntu/.local/lib/python3.10/site-packages/airflow/example_dags/example_setup_teardown_taskflow.py
[2024-01-28T23:43:04.744+0100] {processor.py:830} INFO - Processing file /home/ubuntu/.local/lib/python3.10/site-packages/airflow/example_dags/example_setup_teardown_taskflow.py for tasks to queue
[2024-01-28T23:43:04.745+0100] {logging_mixin.py:188} INFO - [2024-01-28T23:43:04.744+0100] {dagbag.py:538} INFO - Filling up the DagBag from /home/ubuntu/.local/lib/python3.10/site-packages/airflow/example_dags/example_setup_teardown_taskflow.py
[2024-01-28T23:43:04.757+0100] {processor.py:840} INFO - DAG(s) 'example_setup_teardown_taskflow' retrieved from /home/ubuntu/.local/lib/python3.10/site-packages/airflow/example_dags/example_setup_teardown_taskflow.py
[2024-01-28T23:43:04.775+0100] {logging_mixin.py:188} INFO - [2024-01-28T23:43:04.775+0100] {dag.py:3033} INFO - Sync 1 DAGs
[2024-01-28T23:43:04.794+0100] {logging_mixin.py:188} INFO - [2024-01-28T23:43:04.794+0100] {dag.py:3820} INFO - Setting next_dagrun for example_setup_teardown_taskflow to 2024-01-27T00:00:00+00:00, run_after=2024-01-28T00:00:00+00:00
[2024-01-28T23:43:04.825+0100] {processor.py:183} INFO - Processing /home/ubuntu/.local/lib/python3.10/site-packages/airflow/example_dags/example_setup_teardown_taskflow.py took 0.087 seconds
[2024-01-28T23:44:11.651+0100] {processor.py:161} INFO - Started process (PID=19582) to work on /home/ubuntu/.local/lib/python3.10/site-packages/airflow/example_dags/example_setup_teardown_taskflow.py
[2024-01-28T23:44:11.655+0100] {processor.py:830} INFO - Processing file /home/ubuntu/.local/lib/python3.10/site-packages/airflow/example_dags/example_setup_teardown_taskflow.py for tasks to queue
[2024-01-28T23:44:11.656+0100] {logging_mixin.py:188} INFO - [2024-01-28T23:44:11.656+0100] {dagbag.py:538} INFO - Filling up the DagBag from /home/ubuntu/.local/lib/python3.10/site-packages/airflow/example_dags/example_setup_teardown_taskflow.py
[2024-01-28T23:44:11.667+0100] {processor.py:840} INFO - DAG(s) 'example_setup_teardown_taskflow' retrieved from /home/ubuntu/.local/lib/python3.10/site-packages/airflow/example_dags/example_setup_teardown_taskflow.py
[2024-01-28T23:44:11.684+0100] {logging_mixin.py:188} INFO - [2024-01-28T23:44:11.684+0100] {dag.py:3033} INFO - Sync 1 DAGs
[2024-01-28T23:44:11.705+0100] {logging_mixin.py:188} INFO - [2024-01-28T23:44:11.705+0100] {dag.py:3820} INFO - Setting next_dagrun for example_setup_teardown_taskflow to 2024-01-27T00:00:00+00:00, run_after=2024-01-28T00:00:00+00:00
[2024-01-28T23:44:11.736+0100] {processor.py:183} INFO - Processing /home/ubuntu/.local/lib/python3.10/site-packages/airflow/example_dags/example_setup_teardown_taskflow.py took 0.088 seconds
[2024-01-28T23:45:03.707+0100] {processor.py:161} INFO - Started process (PID=19639) to work on /home/ubuntu/.local/lib/python3.10/site-packages/airflow/example_dags/example_setup_teardown_taskflow.py
[2024-01-28T23:45:03.710+0100] {processor.py:830} INFO - Processing file /home/ubuntu/.local/lib/python3.10/site-packages/airflow/example_dags/example_setup_teardown_taskflow.py for tasks to queue
[2024-01-28T23:45:03.712+0100] {logging_mixin.py:188} INFO - [2024-01-28T23:45:03.711+0100] {dagbag.py:538} INFO - Filling up the DagBag from /home/ubuntu/.local/lib/python3.10/site-packages/airflow/example_dags/example_setup_teardown_taskflow.py
[2024-01-28T23:45:03.725+0100] {processor.py:840} INFO - DAG(s) 'example_setup_teardown_taskflow' retrieved from /home/ubuntu/.local/lib/python3.10/site-packages/airflow/example_dags/example_setup_teardown_taskflow.py
[2024-01-28T23:45:03.744+0100] {logging_mixin.py:188} INFO - [2024-01-28T23:45:03.744+0100] {dag.py:3033} INFO - Sync 1 DAGs
[2024-01-28T23:45:03.770+0100] {logging_mixin.py:188} INFO - [2024-01-28T23:45:03.770+0100] {dag.py:3820} INFO - Setting next_dagrun for example_setup_teardown_taskflow to 2024-01-27T00:00:00+00:00, run_after=2024-01-28T00:00:00+00:00
[2024-01-28T23:45:03.814+0100] {processor.py:183} INFO - Processing /home/ubuntu/.local/lib/python3.10/site-packages/airflow/example_dags/example_setup_teardown_taskflow.py took 0.114 seconds
[2024-01-28T23:46:12.075+0100] {processor.py:161} INFO - Started process (PID=19718) to work on /home/ubuntu/.local/lib/python3.10/site-packages/airflow/example_dags/example_setup_teardown_taskflow.py
[2024-01-28T23:46:12.078+0100] {processor.py:830} INFO - Processing file /home/ubuntu/.local/lib/python3.10/site-packages/airflow/example_dags/example_setup_teardown_taskflow.py for tasks to queue
[2024-01-28T23:46:12.080+0100] {logging_mixin.py:188} INFO - [2024-01-28T23:46:12.079+0100] {dagbag.py:538} INFO - Filling up the DagBag from /home/ubuntu/.local/lib/python3.10/site-packages/airflow/example_dags/example_setup_teardown_taskflow.py
[2024-01-28T23:46:12.093+0100] {processor.py:840} INFO - DAG(s) 'example_setup_teardown_taskflow' retrieved from /home/ubuntu/.local/lib/python3.10/site-packages/airflow/example_dags/example_setup_teardown_taskflow.py
[2024-01-28T23:46:12.113+0100] {logging_mixin.py:188} INFO - [2024-01-28T23:46:12.113+0100] {dag.py:3033} INFO - Sync 1 DAGs
[2024-01-28T23:46:12.140+0100] {logging_mixin.py:188} INFO - [2024-01-28T23:46:12.140+0100] {dag.py:3820} INFO - Setting next_dagrun for example_setup_teardown_taskflow to 2024-01-27T00:00:00+00:00, run_after=2024-01-28T00:00:00+00:00
[2024-01-28T23:46:12.175+0100] {processor.py:183} INFO - Processing /home/ubuntu/.local/lib/python3.10/site-packages/airflow/example_dags/example_setup_teardown_taskflow.py took 0.105 seconds
[2024-01-28T23:47:09.027+0100] {processor.py:161} INFO - Started process (PID=19789) to work on /home/ubuntu/.local/lib/python3.10/site-packages/airflow/example_dags/example_setup_teardown_taskflow.py
[2024-01-28T23:47:09.029+0100] {processor.py:830} INFO - Processing file /home/ubuntu/.local/lib/python3.10/site-packages/airflow/example_dags/example_setup_teardown_taskflow.py for tasks to queue
[2024-01-28T23:47:09.031+0100] {logging_mixin.py:188} INFO - [2024-01-28T23:47:09.030+0100] {dagbag.py:538} INFO - Filling up the DagBag from /home/ubuntu/.local/lib/python3.10/site-packages/airflow/example_dags/example_setup_teardown_taskflow.py
[2024-01-28T23:47:09.043+0100] {processor.py:840} INFO - DAG(s) 'example_setup_teardown_taskflow' retrieved from /home/ubuntu/.local/lib/python3.10/site-packages/airflow/example_dags/example_setup_teardown_taskflow.py
[2024-01-28T23:47:09.061+0100] {logging_mixin.py:188} INFO - [2024-01-28T23:47:09.060+0100] {dag.py:3033} INFO - Sync 1 DAGs
[2024-01-28T23:47:09.082+0100] {logging_mixin.py:188} INFO - [2024-01-28T23:47:09.082+0100] {dag.py:3820} INFO - Setting next_dagrun for example_setup_teardown_taskflow to 2024-01-27T00:00:00+00:00, run_after=2024-01-28T00:00:00+00:00
[2024-01-28T23:47:09.113+0100] {processor.py:183} INFO - Processing /home/ubuntu/.local/lib/python3.10/site-packages/airflow/example_dags/example_setup_teardown_taskflow.py took 0.090 seconds
[2024-01-28T23:48:05.609+0100] {processor.py:161} INFO - Started process (PID=19854) to work on /home/ubuntu/.local/lib/python3.10/site-packages/airflow/example_dags/example_setup_teardown_taskflow.py
[2024-01-28T23:48:05.612+0100] {processor.py:830} INFO - Processing file /home/ubuntu/.local/lib/python3.10/site-packages/airflow/example_dags/example_setup_teardown_taskflow.py for tasks to queue
[2024-01-28T23:48:05.614+0100] {logging_mixin.py:188} INFO - [2024-01-28T23:48:05.613+0100] {dagbag.py:538} INFO - Filling up the DagBag from /home/ubuntu/.local/lib/python3.10/site-packages/airflow/example_dags/example_setup_teardown_taskflow.py
[2024-01-28T23:48:05.626+0100] {processor.py:840} INFO - DAG(s) 'example_setup_teardown_taskflow' retrieved from /home/ubuntu/.local/lib/python3.10/site-packages/airflow/example_dags/example_setup_teardown_taskflow.py
[2024-01-28T23:48:05.644+0100] {logging_mixin.py:188} INFO - [2024-01-28T23:48:05.644+0100] {dag.py:3033} INFO - Sync 1 DAGs
[2024-01-28T23:48:05.670+0100] {logging_mixin.py:188} INFO - [2024-01-28T23:48:05.670+0100] {dag.py:3820} INFO - Setting next_dagrun for example_setup_teardown_taskflow to 2024-01-27T00:00:00+00:00, run_after=2024-01-28T00:00:00+00:00
[2024-01-28T23:48:05.702+0100] {processor.py:183} INFO - Processing /home/ubuntu/.local/lib/python3.10/site-packages/airflow/example_dags/example_setup_teardown_taskflow.py took 0.096 seconds
[2024-01-28T23:48:59.606+0100] {processor.py:161} INFO - Started process (PID=19917) to work on /home/ubuntu/.local/lib/python3.10/site-packages/airflow/example_dags/example_setup_teardown_taskflow.py
[2024-01-28T23:48:59.617+0100] {processor.py:830} INFO - Processing file /home/ubuntu/.local/lib/python3.10/site-packages/airflow/example_dags/example_setup_teardown_taskflow.py for tasks to queue
[2024-01-28T23:48:59.618+0100] {logging_mixin.py:188} INFO - [2024-01-28T23:48:59.617+0100] {dagbag.py:538} INFO - Filling up the DagBag from /home/ubuntu/.local/lib/python3.10/site-packages/airflow/example_dags/example_setup_teardown_taskflow.py
[2024-01-28T23:48:59.630+0100] {processor.py:840} INFO - DAG(s) 'example_setup_teardown_taskflow' retrieved from /home/ubuntu/.local/lib/python3.10/site-packages/airflow/example_dags/example_setup_teardown_taskflow.py
[2024-01-28T23:48:59.649+0100] {logging_mixin.py:188} INFO - [2024-01-28T23:48:59.649+0100] {dag.py:3033} INFO - Sync 1 DAGs
[2024-01-28T23:48:59.670+0100] {logging_mixin.py:188} INFO - [2024-01-28T23:48:59.670+0100] {dag.py:3820} INFO - Setting next_dagrun for example_setup_teardown_taskflow to 2024-01-27T00:00:00+00:00, run_after=2024-01-28T00:00:00+00:00
[2024-01-28T23:48:59.698+0100] {processor.py:183} INFO - Processing /home/ubuntu/.local/lib/python3.10/site-packages/airflow/example_dags/example_setup_teardown_taskflow.py took 0.095 seconds
[2024-01-28T23:49:56.837+0100] {processor.py:161} INFO - Started process (PID=19983) to work on /home/ubuntu/.local/lib/python3.10/site-packages/airflow/example_dags/example_setup_teardown_taskflow.py
[2024-01-28T23:49:56.839+0100] {processor.py:830} INFO - Processing file /home/ubuntu/.local/lib/python3.10/site-packages/airflow/example_dags/example_setup_teardown_taskflow.py for tasks to queue
[2024-01-28T23:49:56.840+0100] {logging_mixin.py:188} INFO - [2024-01-28T23:49:56.840+0100] {dagbag.py:538} INFO - Filling up the DagBag from /home/ubuntu/.local/lib/python3.10/site-packages/airflow/example_dags/example_setup_teardown_taskflow.py
[2024-01-28T23:49:56.852+0100] {processor.py:840} INFO - DAG(s) 'example_setup_teardown_taskflow' retrieved from /home/ubuntu/.local/lib/python3.10/site-packages/airflow/example_dags/example_setup_teardown_taskflow.py
[2024-01-28T23:49:56.870+0100] {logging_mixin.py:188} INFO - [2024-01-28T23:49:56.870+0100] {dag.py:3033} INFO - Sync 1 DAGs
[2024-01-28T23:49:56.890+0100] {logging_mixin.py:188} INFO - [2024-01-28T23:49:56.890+0100] {dag.py:3820} INFO - Setting next_dagrun for example_setup_teardown_taskflow to 2024-01-27T00:00:00+00:00, run_after=2024-01-28T00:00:00+00:00
[2024-01-28T23:49:56.922+0100] {processor.py:183} INFO - Processing /home/ubuntu/.local/lib/python3.10/site-packages/airflow/example_dags/example_setup_teardown_taskflow.py took 0.088 seconds
[2024-01-28T23:50:59.908+0100] {processor.py:161} INFO - Started process (PID=20058) to work on /home/ubuntu/.local/lib/python3.10/site-packages/airflow/example_dags/example_setup_teardown_taskflow.py
[2024-01-28T23:50:59.910+0100] {processor.py:830} INFO - Processing file /home/ubuntu/.local/lib/python3.10/site-packages/airflow/example_dags/example_setup_teardown_taskflow.py for tasks to queue
[2024-01-28T23:50:59.912+0100] {logging_mixin.py:188} INFO - [2024-01-28T23:50:59.911+0100] {dagbag.py:538} INFO - Filling up the DagBag from /home/ubuntu/.local/lib/python3.10/site-packages/airflow/example_dags/example_setup_teardown_taskflow.py
[2024-01-28T23:50:59.925+0100] {processor.py:840} INFO - DAG(s) 'example_setup_teardown_taskflow' retrieved from /home/ubuntu/.local/lib/python3.10/site-packages/airflow/example_dags/example_setup_teardown_taskflow.py
[2024-01-28T23:50:59.947+0100] {logging_mixin.py:188} INFO - [2024-01-28T23:50:59.946+0100] {dag.py:3033} INFO - Sync 1 DAGs
[2024-01-28T23:50:59.971+0100] {logging_mixin.py:188} INFO - [2024-01-28T23:50:59.971+0100] {dag.py:3820} INFO - Setting next_dagrun for example_setup_teardown_taskflow to 2024-01-27T00:00:00+00:00, run_after=2024-01-28T00:00:00+00:00
[2024-01-28T23:51:00.019+0100] {processor.py:183} INFO - Processing /home/ubuntu/.local/lib/python3.10/site-packages/airflow/example_dags/example_setup_teardown_taskflow.py took 0.115 seconds
[2024-01-28T23:52:03.023+0100] {processor.py:161} INFO - Started process (PID=20130) to work on /home/ubuntu/.local/lib/python3.10/site-packages/airflow/example_dags/example_setup_teardown_taskflow.py
[2024-01-28T23:52:03.027+0100] {processor.py:830} INFO - Processing file /home/ubuntu/.local/lib/python3.10/site-packages/airflow/example_dags/example_setup_teardown_taskflow.py for tasks to queue
[2024-01-28T23:52:03.028+0100] {logging_mixin.py:188} INFO - [2024-01-28T23:52:03.028+0100] {dagbag.py:538} INFO - Filling up the DagBag from /home/ubuntu/.local/lib/python3.10/site-packages/airflow/example_dags/example_setup_teardown_taskflow.py
[2024-01-28T23:52:03.040+0100] {processor.py:840} INFO - DAG(s) 'example_setup_teardown_taskflow' retrieved from /home/ubuntu/.local/lib/python3.10/site-packages/airflow/example_dags/example_setup_teardown_taskflow.py
[2024-01-28T23:52:03.058+0100] {logging_mixin.py:188} INFO - [2024-01-28T23:52:03.058+0100] {dag.py:3033} INFO - Sync 1 DAGs
[2024-01-28T23:52:03.078+0100] {logging_mixin.py:188} INFO - [2024-01-28T23:52:03.078+0100] {dag.py:3820} INFO - Setting next_dagrun for example_setup_teardown_taskflow to 2024-01-27T00:00:00+00:00, run_after=2024-01-28T00:00:00+00:00
[2024-01-28T23:52:03.120+0100] {processor.py:183} INFO - Processing /home/ubuntu/.local/lib/python3.10/site-packages/airflow/example_dags/example_setup_teardown_taskflow.py took 0.100 seconds
[2024-01-28T23:53:04.960+0100] {processor.py:161} INFO - Started process (PID=20208) to work on /home/ubuntu/.local/lib/python3.10/site-packages/airflow/example_dags/example_setup_teardown_taskflow.py
[2024-01-28T23:53:04.962+0100] {processor.py:830} INFO - Processing file /home/ubuntu/.local/lib/python3.10/site-packages/airflow/example_dags/example_setup_teardown_taskflow.py for tasks to queue
[2024-01-28T23:53:04.964+0100] {logging_mixin.py:188} INFO - [2024-01-28T23:53:04.964+0100] {dagbag.py:538} INFO - Filling up the DagBag from /home/ubuntu/.local/lib/python3.10/site-packages/airflow/example_dags/example_setup_teardown_taskflow.py
[2024-01-28T23:53:04.976+0100] {processor.py:840} INFO - DAG(s) 'example_setup_teardown_taskflow' retrieved from /home/ubuntu/.local/lib/python3.10/site-packages/airflow/example_dags/example_setup_teardown_taskflow.py
[2024-01-28T23:53:04.995+0100] {logging_mixin.py:188} INFO - [2024-01-28T23:53:04.995+0100] {dag.py:3033} INFO - Sync 1 DAGs
[2024-01-28T23:53:05.016+0100] {logging_mixin.py:188} INFO - [2024-01-28T23:53:05.016+0100] {dag.py:3820} INFO - Setting next_dagrun for example_setup_teardown_taskflow to 2024-01-27T00:00:00+00:00, run_after=2024-01-28T00:00:00+00:00
[2024-01-28T23:53:05.046+0100] {processor.py:183} INFO - Processing /home/ubuntu/.local/lib/python3.10/site-packages/airflow/example_dags/example_setup_teardown_taskflow.py took 0.090 seconds
[2024-01-28T23:54:08.595+0100] {processor.py:161} INFO - Started process (PID=20278) to work on /home/ubuntu/.local/lib/python3.10/site-packages/airflow/example_dags/example_setup_teardown_taskflow.py
[2024-01-28T23:54:08.600+0100] {processor.py:830} INFO - Processing file /home/ubuntu/.local/lib/python3.10/site-packages/airflow/example_dags/example_setup_teardown_taskflow.py for tasks to queue
[2024-01-28T23:54:08.601+0100] {logging_mixin.py:188} INFO - [2024-01-28T23:54:08.601+0100] {dagbag.py:538} INFO - Filling up the DagBag from /home/ubuntu/.local/lib/python3.10/site-packages/airflow/example_dags/example_setup_teardown_taskflow.py
[2024-01-28T23:54:08.613+0100] {processor.py:840} INFO - DAG(s) 'example_setup_teardown_taskflow' retrieved from /home/ubuntu/.local/lib/python3.10/site-packages/airflow/example_dags/example_setup_teardown_taskflow.py
[2024-01-28T23:54:08.631+0100] {logging_mixin.py:188} INFO - [2024-01-28T23:54:08.631+0100] {dag.py:3033} INFO - Sync 1 DAGs
[2024-01-28T23:54:08.650+0100] {logging_mixin.py:188} INFO - [2024-01-28T23:54:08.650+0100] {dag.py:3820} INFO - Setting next_dagrun for example_setup_teardown_taskflow to 2024-01-27T00:00:00+00:00, run_after=2024-01-28T00:00:00+00:00
[2024-01-28T23:54:08.681+0100] {processor.py:183} INFO - Processing /home/ubuntu/.local/lib/python3.10/site-packages/airflow/example_dags/example_setup_teardown_taskflow.py took 0.089 seconds
[2024-01-28T23:55:09.804+0100] {processor.py:161} INFO - Started process (PID=20361) to work on /home/ubuntu/.local/lib/python3.10/site-packages/airflow/example_dags/example_setup_teardown_taskflow.py
[2024-01-28T23:55:09.807+0100] {processor.py:830} INFO - Processing file /home/ubuntu/.local/lib/python3.10/site-packages/airflow/example_dags/example_setup_teardown_taskflow.py for tasks to queue
[2024-01-28T23:55:09.808+0100] {logging_mixin.py:188} INFO - [2024-01-28T23:55:09.808+0100] {dagbag.py:538} INFO - Filling up the DagBag from /home/ubuntu/.local/lib/python3.10/site-packages/airflow/example_dags/example_setup_teardown_taskflow.py
[2024-01-28T23:55:09.820+0100] {processor.py:840} INFO - DAG(s) 'example_setup_teardown_taskflow' retrieved from /home/ubuntu/.local/lib/python3.10/site-packages/airflow/example_dags/example_setup_teardown_taskflow.py
[2024-01-28T23:55:09.838+0100] {logging_mixin.py:188} INFO - [2024-01-28T23:55:09.838+0100] {dag.py:3033} INFO - Sync 1 DAGs
[2024-01-28T23:55:09.856+0100] {logging_mixin.py:188} INFO - [2024-01-28T23:55:09.856+0100] {dag.py:3820} INFO - Setting next_dagrun for example_setup_teardown_taskflow to 2024-01-27T00:00:00+00:00, run_after=2024-01-28T00:00:00+00:00
[2024-01-28T23:55:09.885+0100] {processor.py:183} INFO - Processing /home/ubuntu/.local/lib/python3.10/site-packages/airflow/example_dags/example_setup_teardown_taskflow.py took 0.084 seconds
[2024-01-28T23:56:09.986+0100] {processor.py:161} INFO - Started process (PID=20437) to work on /home/ubuntu/.local/lib/python3.10/site-packages/airflow/example_dags/example_setup_teardown_taskflow.py
[2024-01-28T23:56:09.988+0100] {processor.py:830} INFO - Processing file /home/ubuntu/.local/lib/python3.10/site-packages/airflow/example_dags/example_setup_teardown_taskflow.py for tasks to queue
[2024-01-28T23:56:09.989+0100] {logging_mixin.py:188} INFO - [2024-01-28T23:56:09.989+0100] {dagbag.py:538} INFO - Filling up the DagBag from /home/ubuntu/.local/lib/python3.10/site-packages/airflow/example_dags/example_setup_teardown_taskflow.py
[2024-01-28T23:56:10.000+0100] {processor.py:840} INFO - DAG(s) 'example_setup_teardown_taskflow' retrieved from /home/ubuntu/.local/lib/python3.10/site-packages/airflow/example_dags/example_setup_teardown_taskflow.py
[2024-01-28T23:56:10.019+0100] {logging_mixin.py:188} INFO - [2024-01-28T23:56:10.019+0100] {dag.py:3033} INFO - Sync 1 DAGs
[2024-01-28T23:56:10.041+0100] {logging_mixin.py:188} INFO - [2024-01-28T23:56:10.040+0100] {dag.py:3820} INFO - Setting next_dagrun for example_setup_teardown_taskflow to 2024-01-27T00:00:00+00:00, run_after=2024-01-28T00:00:00+00:00
[2024-01-28T23:56:10.073+0100] {processor.py:183} INFO - Processing /home/ubuntu/.local/lib/python3.10/site-packages/airflow/example_dags/example_setup_teardown_taskflow.py took 0.090 seconds
[2024-01-28T23:57:08.725+0100] {processor.py:161} INFO - Started process (PID=20507) to work on /home/ubuntu/.local/lib/python3.10/site-packages/airflow/example_dags/example_setup_teardown_taskflow.py
[2024-01-28T23:57:08.728+0100] {processor.py:830} INFO - Processing file /home/ubuntu/.local/lib/python3.10/site-packages/airflow/example_dags/example_setup_teardown_taskflow.py for tasks to queue
[2024-01-28T23:57:08.729+0100] {logging_mixin.py:188} INFO - [2024-01-28T23:57:08.728+0100] {dagbag.py:538} INFO - Filling up the DagBag from /home/ubuntu/.local/lib/python3.10/site-packages/airflow/example_dags/example_setup_teardown_taskflow.py
[2024-01-28T23:57:08.740+0100] {processor.py:840} INFO - DAG(s) 'example_setup_teardown_taskflow' retrieved from /home/ubuntu/.local/lib/python3.10/site-packages/airflow/example_dags/example_setup_teardown_taskflow.py
[2024-01-28T23:57:08.759+0100] {logging_mixin.py:188} INFO - [2024-01-28T23:57:08.759+0100] {dag.py:3033} INFO - Sync 1 DAGs
[2024-01-28T23:57:08.781+0100] {logging_mixin.py:188} INFO - [2024-01-28T23:57:08.781+0100] {dag.py:3820} INFO - Setting next_dagrun for example_setup_teardown_taskflow to 2024-01-27T00:00:00+00:00, run_after=2024-01-28T00:00:00+00:00
[2024-01-28T23:57:08.810+0100] {processor.py:183} INFO - Processing /home/ubuntu/.local/lib/python3.10/site-packages/airflow/example_dags/example_setup_teardown_taskflow.py took 0.088 seconds
[2024-01-28T23:58:10.952+0100] {processor.py:161} INFO - Started process (PID=20576) to work on /home/ubuntu/.local/lib/python3.10/site-packages/airflow/example_dags/example_setup_teardown_taskflow.py
[2024-01-28T23:58:10.955+0100] {processor.py:830} INFO - Processing file /home/ubuntu/.local/lib/python3.10/site-packages/airflow/example_dags/example_setup_teardown_taskflow.py for tasks to queue
[2024-01-28T23:58:10.956+0100] {logging_mixin.py:188} INFO - [2024-01-28T23:58:10.956+0100] {dagbag.py:538} INFO - Filling up the DagBag from /home/ubuntu/.local/lib/python3.10/site-packages/airflow/example_dags/example_setup_teardown_taskflow.py
[2024-01-28T23:58:10.968+0100] {processor.py:840} INFO - DAG(s) 'example_setup_teardown_taskflow' retrieved from /home/ubuntu/.local/lib/python3.10/site-packages/airflow/example_dags/example_setup_teardown_taskflow.py
[2024-01-28T23:58:10.987+0100] {logging_mixin.py:188} INFO - [2024-01-28T23:58:10.987+0100] {dag.py:3033} INFO - Sync 1 DAGs
[2024-01-28T23:58:11.008+0100] {logging_mixin.py:188} INFO - [2024-01-28T23:58:11.008+0100] {dag.py:3820} INFO - Setting next_dagrun for example_setup_teardown_taskflow to 2024-01-27T00:00:00+00:00, run_after=2024-01-28T00:00:00+00:00
[2024-01-28T23:58:11.039+0100] {processor.py:183} INFO - Processing /home/ubuntu/.local/lib/python3.10/site-packages/airflow/example_dags/example_setup_teardown_taskflow.py took 0.092 seconds
[2024-01-28T23:59:10.199+0100] {processor.py:161} INFO - Started process (PID=20649) to work on /home/ubuntu/.local/lib/python3.10/site-packages/airflow/example_dags/example_setup_teardown_taskflow.py
[2024-01-28T23:59:10.201+0100] {processor.py:830} INFO - Processing file /home/ubuntu/.local/lib/python3.10/site-packages/airflow/example_dags/example_setup_teardown_taskflow.py for tasks to queue
[2024-01-28T23:59:10.203+0100] {logging_mixin.py:188} INFO - [2024-01-28T23:59:10.202+0100] {dagbag.py:538} INFO - Filling up the DagBag from /home/ubuntu/.local/lib/python3.10/site-packages/airflow/example_dags/example_setup_teardown_taskflow.py
[2024-01-28T23:59:10.214+0100] {processor.py:840} INFO - DAG(s) 'example_setup_teardown_taskflow' retrieved from /home/ubuntu/.local/lib/python3.10/site-packages/airflow/example_dags/example_setup_teardown_taskflow.py
[2024-01-28T23:59:10.235+0100] {logging_mixin.py:188} INFO - [2024-01-28T23:59:10.234+0100] {dag.py:3033} INFO - Sync 1 DAGs
[2024-01-28T23:59:10.257+0100] {logging_mixin.py:188} INFO - [2024-01-28T23:59:10.256+0100] {dag.py:3820} INFO - Setting next_dagrun for example_setup_teardown_taskflow to 2024-01-27T00:00:00+00:00, run_after=2024-01-28T00:00:00+00:00
[2024-01-28T23:59:10.288+0100] {processor.py:183} INFO - Processing /home/ubuntu/.local/lib/python3.10/site-packages/airflow/example_dags/example_setup_teardown_taskflow.py took 0.093 seconds
[2024-01-29T00:00:16.577+0100] {processor.py:161} INFO - Started process (PID=20728) to work on /home/ubuntu/.local/lib/python3.10/site-packages/airflow/example_dags/example_setup_teardown_taskflow.py
[2024-01-29T00:00:16.580+0100] {processor.py:830} INFO - Processing file /home/ubuntu/.local/lib/python3.10/site-packages/airflow/example_dags/example_setup_teardown_taskflow.py for tasks to queue
[2024-01-29T00:00:16.584+0100] {logging_mixin.py:188} INFO - [2024-01-29T00:00:16.583+0100] {dagbag.py:538} INFO - Filling up the DagBag from /home/ubuntu/.local/lib/python3.10/site-packages/airflow/example_dags/example_setup_teardown_taskflow.py
[2024-01-29T00:00:16.596+0100] {processor.py:840} INFO - DAG(s) 'example_setup_teardown_taskflow' retrieved from /home/ubuntu/.local/lib/python3.10/site-packages/airflow/example_dags/example_setup_teardown_taskflow.py
[2024-01-29T00:00:16.613+0100] {logging_mixin.py:188} INFO - [2024-01-29T00:00:16.613+0100] {dag.py:3033} INFO - Sync 1 DAGs
[2024-01-29T00:00:16.632+0100] {logging_mixin.py:188} INFO - [2024-01-29T00:00:16.632+0100] {dag.py:3820} INFO - Setting next_dagrun for example_setup_teardown_taskflow to 2024-01-27T00:00:00+00:00, run_after=2024-01-28T00:00:00+00:00
[2024-01-29T00:00:16.666+0100] {processor.py:183} INFO - Processing /home/ubuntu/.local/lib/python3.10/site-packages/airflow/example_dags/example_setup_teardown_taskflow.py took 0.092 seconds
[2024-01-29T00:01:16.559+0100] {processor.py:161} INFO - Started process (PID=20895) to work on /home/ubuntu/.local/lib/python3.10/site-packages/airflow/example_dags/example_setup_teardown_taskflow.py
[2024-01-29T00:01:16.562+0100] {processor.py:830} INFO - Processing file /home/ubuntu/.local/lib/python3.10/site-packages/airflow/example_dags/example_setup_teardown_taskflow.py for tasks to queue
[2024-01-29T00:01:16.564+0100] {logging_mixin.py:188} INFO - [2024-01-29T00:01:16.563+0100] {dagbag.py:538} INFO - Filling up the DagBag from /home/ubuntu/.local/lib/python3.10/site-packages/airflow/example_dags/example_setup_teardown_taskflow.py
[2024-01-29T00:01:16.574+0100] {processor.py:840} INFO - DAG(s) 'example_setup_teardown_taskflow' retrieved from /home/ubuntu/.local/lib/python3.10/site-packages/airflow/example_dags/example_setup_teardown_taskflow.py
[2024-01-29T00:01:16.600+0100] {logging_mixin.py:188} INFO - [2024-01-29T00:01:16.600+0100] {dag.py:3033} INFO - Sync 1 DAGs
[2024-01-29T00:01:16.619+0100] {logging_mixin.py:188} INFO - [2024-01-29T00:01:16.619+0100] {dag.py:3820} INFO - Setting next_dagrun for example_setup_teardown_taskflow to 2024-01-27T00:00:00+00:00, run_after=2024-01-28T00:00:00+00:00
[2024-01-29T00:01:16.649+0100] {processor.py:183} INFO - Processing /home/ubuntu/.local/lib/python3.10/site-packages/airflow/example_dags/example_setup_teardown_taskflow.py took 0.092 seconds
[2024-01-29T00:02:13.627+0100] {processor.py:161} INFO - Started process (PID=20969) to work on /home/ubuntu/.local/lib/python3.10/site-packages/airflow/example_dags/example_setup_teardown_taskflow.py
[2024-01-29T00:02:13.630+0100] {processor.py:830} INFO - Processing file /home/ubuntu/.local/lib/python3.10/site-packages/airflow/example_dags/example_setup_teardown_taskflow.py for tasks to queue
[2024-01-29T00:02:13.632+0100] {logging_mixin.py:188} INFO - [2024-01-29T00:02:13.631+0100] {dagbag.py:538} INFO - Filling up the DagBag from /home/ubuntu/.local/lib/python3.10/site-packages/airflow/example_dags/example_setup_teardown_taskflow.py
[2024-01-29T00:02:13.644+0100] {processor.py:840} INFO - DAG(s) 'example_setup_teardown_taskflow' retrieved from /home/ubuntu/.local/lib/python3.10/site-packages/airflow/example_dags/example_setup_teardown_taskflow.py
[2024-01-29T00:02:13.668+0100] {logging_mixin.py:188} INFO - [2024-01-29T00:02:13.668+0100] {dag.py:3033} INFO - Sync 1 DAGs
[2024-01-29T00:02:13.690+0100] {logging_mixin.py:188} INFO - [2024-01-29T00:02:13.690+0100] {dag.py:3820} INFO - Setting next_dagrun for example_setup_teardown_taskflow to 2024-01-27T00:00:00+00:00, run_after=2024-01-28T00:00:00+00:00
[2024-01-29T00:02:13.730+0100] {processor.py:183} INFO - Processing /home/ubuntu/.local/lib/python3.10/site-packages/airflow/example_dags/example_setup_teardown_taskflow.py took 0.107 seconds
