[2024-01-28T22:57:27.655+0100] {processor.py:161} INFO - Started process (PID=15626) to work on /home/ubuntu/.local/lib/python3.10/site-packages/airflow/example_dags/example_latest_only_with_trigger.py
[2024-01-28T22:57:27.657+0100] {processor.py:830} INFO - Processing file /home/ubuntu/.local/lib/python3.10/site-packages/airflow/example_dags/example_latest_only_with_trigger.py for tasks to queue
[2024-01-28T22:57:27.658+0100] {logging_mixin.py:188} INFO - [2024-01-28T22:57:27.658+0100] {dagbag.py:538} INFO - Filling up the DagBag from /home/ubuntu/.local/lib/python3.10/site-packages/airflow/example_dags/example_latest_only_with_trigger.py
[2024-01-28T22:57:27.670+0100] {processor.py:840} INFO - DAG(s) 'latest_only_with_trigger' retrieved from /home/ubuntu/.local/lib/python3.10/site-packages/airflow/example_dags/example_latest_only_with_trigger.py
[2024-01-28T22:57:27.846+0100] {logging_mixin.py:188} INFO - [2024-01-28T22:57:27.846+0100] {dag.py:3033} INFO - Sync 1 DAGs
[2024-01-28T22:57:27.887+0100] {logging_mixin.py:188} INFO - [2024-01-28T22:57:27.887+0100] {dag.py:3820} INFO - Setting next_dagrun for latest_only_with_trigger to 2024-01-28T16:00:00+00:00, run_after=2024-01-28T20:00:00+00:00
[2024-01-28T22:57:27.932+0100] {processor.py:183} INFO - Processing /home/ubuntu/.local/lib/python3.10/site-packages/airflow/example_dags/example_latest_only_with_trigger.py took 0.282 seconds
[2024-01-28T22:58:39.104+0100] {processor.py:161} INFO - Started process (PID=15708) to work on /home/ubuntu/.local/lib/python3.10/site-packages/airflow/example_dags/example_latest_only_with_trigger.py
[2024-01-28T22:58:39.109+0100] {processor.py:830} INFO - Processing file /home/ubuntu/.local/lib/python3.10/site-packages/airflow/example_dags/example_latest_only_with_trigger.py for tasks to queue
[2024-01-28T22:58:39.121+0100] {logging_mixin.py:188} INFO - [2024-01-28T22:58:39.119+0100] {dagbag.py:538} INFO - Filling up the DagBag from /home/ubuntu/.local/lib/python3.10/site-packages/airflow/example_dags/example_latest_only_with_trigger.py
[2024-01-28T22:58:39.144+0100] {processor.py:840} INFO - DAG(s) 'latest_only_with_trigger' retrieved from /home/ubuntu/.local/lib/python3.10/site-packages/airflow/example_dags/example_latest_only_with_trigger.py
[2024-01-28T22:58:39.240+0100] {logging_mixin.py:188} INFO - [2024-01-28T22:58:39.240+0100] {dag.py:3033} INFO - Sync 1 DAGs
[2024-01-28T22:58:39.345+0100] {logging_mixin.py:188} INFO - [2024-01-28T22:58:39.342+0100] {dag.py:3820} INFO - Setting next_dagrun for latest_only_with_trigger to 2024-01-28T16:00:00+00:00, run_after=2024-01-28T20:00:00+00:00
[2024-01-28T22:58:39.526+0100] {processor.py:183} INFO - Processing /home/ubuntu/.local/lib/python3.10/site-packages/airflow/example_dags/example_latest_only_with_trigger.py took 0.430 seconds
[2024-01-28T22:59:35.747+0100] {processor.py:161} INFO - Started process (PID=15781) to work on /home/ubuntu/.local/lib/python3.10/site-packages/airflow/example_dags/example_latest_only_with_trigger.py
[2024-01-28T22:59:35.760+0100] {processor.py:830} INFO - Processing file /home/ubuntu/.local/lib/python3.10/site-packages/airflow/example_dags/example_latest_only_with_trigger.py for tasks to queue
[2024-01-28T22:59:35.762+0100] {logging_mixin.py:188} INFO - [2024-01-28T22:59:35.761+0100] {dagbag.py:538} INFO - Filling up the DagBag from /home/ubuntu/.local/lib/python3.10/site-packages/airflow/example_dags/example_latest_only_with_trigger.py
[2024-01-28T22:59:35.769+0100] {processor.py:840} INFO - DAG(s) 'latest_only_with_trigger' retrieved from /home/ubuntu/.local/lib/python3.10/site-packages/airflow/example_dags/example_latest_only_with_trigger.py
[2024-01-28T22:59:35.788+0100] {logging_mixin.py:188} INFO - [2024-01-28T22:59:35.787+0100] {dag.py:3033} INFO - Sync 1 DAGs
[2024-01-28T22:59:35.809+0100] {logging_mixin.py:188} INFO - [2024-01-28T22:59:35.809+0100] {dag.py:3820} INFO - Setting next_dagrun for latest_only_with_trigger to 2024-01-28T16:00:00+00:00, run_after=2024-01-28T20:00:00+00:00
[2024-01-28T22:59:35.853+0100] {processor.py:183} INFO - Processing /home/ubuntu/.local/lib/python3.10/site-packages/airflow/example_dags/example_latest_only_with_trigger.py took 0.108 seconds
[2024-01-28T23:00:27.880+0100] {processor.py:161} INFO - Started process (PID=15840) to work on /home/ubuntu/.local/lib/python3.10/site-packages/airflow/example_dags/example_latest_only_with_trigger.py
[2024-01-28T23:00:27.882+0100] {processor.py:830} INFO - Processing file /home/ubuntu/.local/lib/python3.10/site-packages/airflow/example_dags/example_latest_only_with_trigger.py for tasks to queue
[2024-01-28T23:00:27.884+0100] {logging_mixin.py:188} INFO - [2024-01-28T23:00:27.883+0100] {dagbag.py:538} INFO - Filling up the DagBag from /home/ubuntu/.local/lib/python3.10/site-packages/airflow/example_dags/example_latest_only_with_trigger.py
[2024-01-28T23:00:27.891+0100] {processor.py:840} INFO - DAG(s) 'latest_only_with_trigger' retrieved from /home/ubuntu/.local/lib/python3.10/site-packages/airflow/example_dags/example_latest_only_with_trigger.py
[2024-01-28T23:00:27.912+0100] {logging_mixin.py:188} INFO - [2024-01-28T23:00:27.912+0100] {dag.py:3033} INFO - Sync 1 DAGs
[2024-01-28T23:00:27.939+0100] {logging_mixin.py:188} INFO - [2024-01-28T23:00:27.939+0100] {dag.py:3820} INFO - Setting next_dagrun for latest_only_with_trigger to 2024-01-28T16:00:00+00:00, run_after=2024-01-28T20:00:00+00:00
[2024-01-28T23:00:27.979+0100] {processor.py:183} INFO - Processing /home/ubuntu/.local/lib/python3.10/site-packages/airflow/example_dags/example_latest_only_with_trigger.py took 0.103 seconds
[2024-01-28T23:01:35.806+0100] {processor.py:161} INFO - Started process (PID=15917) to work on /home/ubuntu/.local/lib/python3.10/site-packages/airflow/example_dags/example_latest_only_with_trigger.py
[2024-01-28T23:01:35.830+0100] {processor.py:830} INFO - Processing file /home/ubuntu/.local/lib/python3.10/site-packages/airflow/example_dags/example_latest_only_with_trigger.py for tasks to queue
[2024-01-28T23:01:35.832+0100] {logging_mixin.py:188} INFO - [2024-01-28T23:01:35.831+0100] {dagbag.py:538} INFO - Filling up the DagBag from /home/ubuntu/.local/lib/python3.10/site-packages/airflow/example_dags/example_latest_only_with_trigger.py
[2024-01-28T23:01:35.858+0100] {processor.py:840} INFO - DAG(s) 'latest_only_with_trigger' retrieved from /home/ubuntu/.local/lib/python3.10/site-packages/airflow/example_dags/example_latest_only_with_trigger.py
[2024-01-28T23:01:35.887+0100] {logging_mixin.py:188} INFO - [2024-01-28T23:01:35.887+0100] {dag.py:3033} INFO - Sync 1 DAGs
[2024-01-28T23:01:35.911+0100] {logging_mixin.py:188} INFO - [2024-01-28T23:01:35.911+0100] {dag.py:3820} INFO - Setting next_dagrun for latest_only_with_trigger to 2024-01-28T16:00:00+00:00, run_after=2024-01-28T20:00:00+00:00
[2024-01-28T23:01:35.945+0100] {processor.py:183} INFO - Processing /home/ubuntu/.local/lib/python3.10/site-packages/airflow/example_dags/example_latest_only_with_trigger.py took 0.145 seconds
[2024-01-28T23:02:43.496+0100] {processor.py:161} INFO - Started process (PID=16004) to work on /home/ubuntu/.local/lib/python3.10/site-packages/airflow/example_dags/example_latest_only_with_trigger.py
[2024-01-28T23:02:43.499+0100] {processor.py:830} INFO - Processing file /home/ubuntu/.local/lib/python3.10/site-packages/airflow/example_dags/example_latest_only_with_trigger.py for tasks to queue
[2024-01-28T23:02:43.500+0100] {logging_mixin.py:188} INFO - [2024-01-28T23:02:43.499+0100] {dagbag.py:538} INFO - Filling up the DagBag from /home/ubuntu/.local/lib/python3.10/site-packages/airflow/example_dags/example_latest_only_with_trigger.py
[2024-01-28T23:02:43.509+0100] {processor.py:840} INFO - DAG(s) 'latest_only_with_trigger' retrieved from /home/ubuntu/.local/lib/python3.10/site-packages/airflow/example_dags/example_latest_only_with_trigger.py
[2024-01-28T23:02:43.529+0100] {logging_mixin.py:188} INFO - [2024-01-28T23:02:43.529+0100] {dag.py:3033} INFO - Sync 1 DAGs
[2024-01-28T23:02:43.551+0100] {logging_mixin.py:188} INFO - [2024-01-28T23:02:43.551+0100] {dag.py:3820} INFO - Setting next_dagrun for latest_only_with_trigger to 2024-01-28T16:00:00+00:00, run_after=2024-01-28T20:00:00+00:00
[2024-01-28T23:02:43.581+0100] {processor.py:183} INFO - Processing /home/ubuntu/.local/lib/python3.10/site-packages/airflow/example_dags/example_latest_only_with_trigger.py took 0.089 seconds
[2024-01-28T23:03:54.133+0100] {processor.py:161} INFO - Started process (PID=16076) to work on /home/ubuntu/.local/lib/python3.10/site-packages/airflow/example_dags/example_latest_only_with_trigger.py
[2024-01-28T23:03:54.136+0100] {processor.py:830} INFO - Processing file /home/ubuntu/.local/lib/python3.10/site-packages/airflow/example_dags/example_latest_only_with_trigger.py for tasks to queue
[2024-01-28T23:03:54.137+0100] {logging_mixin.py:188} INFO - [2024-01-28T23:03:54.137+0100] {dagbag.py:538} INFO - Filling up the DagBag from /home/ubuntu/.local/lib/python3.10/site-packages/airflow/example_dags/example_latest_only_with_trigger.py
[2024-01-28T23:03:54.145+0100] {processor.py:840} INFO - DAG(s) 'latest_only_with_trigger' retrieved from /home/ubuntu/.local/lib/python3.10/site-packages/airflow/example_dags/example_latest_only_with_trigger.py
[2024-01-28T23:03:54.164+0100] {logging_mixin.py:188} INFO - [2024-01-28T23:03:54.164+0100] {dag.py:3033} INFO - Sync 1 DAGs
[2024-01-28T23:03:54.185+0100] {logging_mixin.py:188} INFO - [2024-01-28T23:03:54.185+0100] {dag.py:3820} INFO - Setting next_dagrun for latest_only_with_trigger to 2024-01-28T16:00:00+00:00, run_after=2024-01-28T20:00:00+00:00
[2024-01-28T23:03:54.219+0100] {processor.py:183} INFO - Processing /home/ubuntu/.local/lib/python3.10/site-packages/airflow/example_dags/example_latest_only_with_trigger.py took 0.089 seconds
[2024-01-28T23:04:45.349+0100] {processor.py:161} INFO - Started process (PID=16142) to work on /home/ubuntu/.local/lib/python3.10/site-packages/airflow/example_dags/example_latest_only_with_trigger.py
[2024-01-28T23:04:45.352+0100] {processor.py:830} INFO - Processing file /home/ubuntu/.local/lib/python3.10/site-packages/airflow/example_dags/example_latest_only_with_trigger.py for tasks to queue
[2024-01-28T23:04:45.353+0100] {logging_mixin.py:188} INFO - [2024-01-28T23:04:45.352+0100] {dagbag.py:538} INFO - Filling up the DagBag from /home/ubuntu/.local/lib/python3.10/site-packages/airflow/example_dags/example_latest_only_with_trigger.py
[2024-01-28T23:04:45.363+0100] {processor.py:840} INFO - DAG(s) 'latest_only_with_trigger' retrieved from /home/ubuntu/.local/lib/python3.10/site-packages/airflow/example_dags/example_latest_only_with_trigger.py
[2024-01-28T23:04:45.387+0100] {logging_mixin.py:188} INFO - [2024-01-28T23:04:45.387+0100] {dag.py:3033} INFO - Sync 1 DAGs
[2024-01-28T23:04:45.412+0100] {logging_mixin.py:188} INFO - [2024-01-28T23:04:45.412+0100] {dag.py:3820} INFO - Setting next_dagrun for latest_only_with_trigger to 2024-01-28T16:00:00+00:00, run_after=2024-01-28T20:00:00+00:00
[2024-01-28T23:04:45.442+0100] {processor.py:183} INFO - Processing /home/ubuntu/.local/lib/python3.10/site-packages/airflow/example_dags/example_latest_only_with_trigger.py took 0.097 seconds
[2024-01-28T23:05:48.209+0100] {processor.py:161} INFO - Started process (PID=16217) to work on /home/ubuntu/.local/lib/python3.10/site-packages/airflow/example_dags/example_latest_only_with_trigger.py
[2024-01-28T23:05:48.211+0100] {processor.py:830} INFO - Processing file /home/ubuntu/.local/lib/python3.10/site-packages/airflow/example_dags/example_latest_only_with_trigger.py for tasks to queue
[2024-01-28T23:05:48.213+0100] {logging_mixin.py:188} INFO - [2024-01-28T23:05:48.212+0100] {dagbag.py:538} INFO - Filling up the DagBag from /home/ubuntu/.local/lib/python3.10/site-packages/airflow/example_dags/example_latest_only_with_trigger.py
[2024-01-28T23:05:48.220+0100] {processor.py:840} INFO - DAG(s) 'latest_only_with_trigger' retrieved from /home/ubuntu/.local/lib/python3.10/site-packages/airflow/example_dags/example_latest_only_with_trigger.py
[2024-01-28T23:05:48.237+0100] {logging_mixin.py:188} INFO - [2024-01-28T23:05:48.237+0100] {dag.py:3033} INFO - Sync 1 DAGs
[2024-01-28T23:05:48.258+0100] {logging_mixin.py:188} INFO - [2024-01-28T23:05:48.257+0100] {dag.py:3820} INFO - Setting next_dagrun for latest_only_with_trigger to 2024-01-28T16:00:00+00:00, run_after=2024-01-28T20:00:00+00:00
[2024-01-28T23:05:48.290+0100] {processor.py:183} INFO - Processing /home/ubuntu/.local/lib/python3.10/site-packages/airflow/example_dags/example_latest_only_with_trigger.py took 0.084 seconds
[2024-01-28T23:06:51.137+0100] {processor.py:161} INFO - Started process (PID=16288) to work on /home/ubuntu/.local/lib/python3.10/site-packages/airflow/example_dags/example_latest_only_with_trigger.py
[2024-01-28T23:06:51.140+0100] {processor.py:830} INFO - Processing file /home/ubuntu/.local/lib/python3.10/site-packages/airflow/example_dags/example_latest_only_with_trigger.py for tasks to queue
[2024-01-28T23:06:51.141+0100] {logging_mixin.py:188} INFO - [2024-01-28T23:06:51.140+0100] {dagbag.py:538} INFO - Filling up the DagBag from /home/ubuntu/.local/lib/python3.10/site-packages/airflow/example_dags/example_latest_only_with_trigger.py
[2024-01-28T23:06:51.150+0100] {processor.py:840} INFO - DAG(s) 'latest_only_with_trigger' retrieved from /home/ubuntu/.local/lib/python3.10/site-packages/airflow/example_dags/example_latest_only_with_trigger.py
[2024-01-28T23:06:51.168+0100] {logging_mixin.py:188} INFO - [2024-01-28T23:06:51.168+0100] {dag.py:3033} INFO - Sync 1 DAGs
[2024-01-28T23:06:51.188+0100] {logging_mixin.py:188} INFO - [2024-01-28T23:06:51.188+0100] {dag.py:3820} INFO - Setting next_dagrun for latest_only_with_trigger to 2024-01-28T16:00:00+00:00, run_after=2024-01-28T20:00:00+00:00
[2024-01-28T23:06:51.216+0100] {processor.py:183} INFO - Processing /home/ubuntu/.local/lib/python3.10/site-packages/airflow/example_dags/example_latest_only_with_trigger.py took 0.082 seconds
[2024-01-28T23:07:54.550+0100] {processor.py:161} INFO - Started process (PID=16363) to work on /home/ubuntu/.local/lib/python3.10/site-packages/airflow/example_dags/example_latest_only_with_trigger.py
[2024-01-28T23:07:54.552+0100] {processor.py:830} INFO - Processing file /home/ubuntu/.local/lib/python3.10/site-packages/airflow/example_dags/example_latest_only_with_trigger.py for tasks to queue
[2024-01-28T23:07:54.553+0100] {logging_mixin.py:188} INFO - [2024-01-28T23:07:54.553+0100] {dagbag.py:538} INFO - Filling up the DagBag from /home/ubuntu/.local/lib/python3.10/site-packages/airflow/example_dags/example_latest_only_with_trigger.py
[2024-01-28T23:07:54.561+0100] {processor.py:840} INFO - DAG(s) 'latest_only_with_trigger' retrieved from /home/ubuntu/.local/lib/python3.10/site-packages/airflow/example_dags/example_latest_only_with_trigger.py
[2024-01-28T23:07:54.581+0100] {logging_mixin.py:188} INFO - [2024-01-28T23:07:54.581+0100] {dag.py:3033} INFO - Sync 1 DAGs
[2024-01-28T23:07:54.605+0100] {logging_mixin.py:188} INFO - [2024-01-28T23:07:54.604+0100] {dag.py:3820} INFO - Setting next_dagrun for latest_only_with_trigger to 2024-01-28T16:00:00+00:00, run_after=2024-01-28T20:00:00+00:00
[2024-01-28T23:07:54.637+0100] {processor.py:183} INFO - Processing /home/ubuntu/.local/lib/python3.10/site-packages/airflow/example_dags/example_latest_only_with_trigger.py took 0.091 seconds
[2024-01-28T23:08:55.538+0100] {processor.py:161} INFO - Started process (PID=16434) to work on /home/ubuntu/.local/lib/python3.10/site-packages/airflow/example_dags/example_latest_only_with_trigger.py
[2024-01-28T23:08:55.541+0100] {processor.py:830} INFO - Processing file /home/ubuntu/.local/lib/python3.10/site-packages/airflow/example_dags/example_latest_only_with_trigger.py for tasks to queue
[2024-01-28T23:08:55.542+0100] {logging_mixin.py:188} INFO - [2024-01-28T23:08:55.542+0100] {dagbag.py:538} INFO - Filling up the DagBag from /home/ubuntu/.local/lib/python3.10/site-packages/airflow/example_dags/example_latest_only_with_trigger.py
[2024-01-28T23:08:55.550+0100] {processor.py:840} INFO - DAG(s) 'latest_only_with_trigger' retrieved from /home/ubuntu/.local/lib/python3.10/site-packages/airflow/example_dags/example_latest_only_with_trigger.py
[2024-01-28T23:08:55.568+0100] {logging_mixin.py:188} INFO - [2024-01-28T23:08:55.567+0100] {dag.py:3033} INFO - Sync 1 DAGs
[2024-01-28T23:08:55.590+0100] {logging_mixin.py:188} INFO - [2024-01-28T23:08:55.589+0100] {dag.py:3820} INFO - Setting next_dagrun for latest_only_with_trigger to 2024-01-28T16:00:00+00:00, run_after=2024-01-28T20:00:00+00:00
[2024-01-28T23:08:55.618+0100] {processor.py:183} INFO - Processing /home/ubuntu/.local/lib/python3.10/site-packages/airflow/example_dags/example_latest_only_with_trigger.py took 0.083 seconds
[2024-01-28T23:09:59.725+0100] {processor.py:161} INFO - Started process (PID=16512) to work on /home/ubuntu/.local/lib/python3.10/site-packages/airflow/example_dags/example_latest_only_with_trigger.py
[2024-01-28T23:09:59.737+0100] {processor.py:830} INFO - Processing file /home/ubuntu/.local/lib/python3.10/site-packages/airflow/example_dags/example_latest_only_with_trigger.py for tasks to queue
[2024-01-28T23:09:59.739+0100] {logging_mixin.py:188} INFO - [2024-01-28T23:09:59.739+0100] {dagbag.py:538} INFO - Filling up the DagBag from /home/ubuntu/.local/lib/python3.10/site-packages/airflow/example_dags/example_latest_only_with_trigger.py
[2024-01-28T23:09:59.750+0100] {processor.py:840} INFO - DAG(s) 'latest_only_with_trigger' retrieved from /home/ubuntu/.local/lib/python3.10/site-packages/airflow/example_dags/example_latest_only_with_trigger.py
[2024-01-28T23:09:59.771+0100] {logging_mixin.py:188} INFO - [2024-01-28T23:09:59.770+0100] {dag.py:3033} INFO - Sync 1 DAGs
[2024-01-28T23:09:59.795+0100] {logging_mixin.py:188} INFO - [2024-01-28T23:09:59.794+0100] {dag.py:3820} INFO - Setting next_dagrun for latest_only_with_trigger to 2024-01-28T16:00:00+00:00, run_after=2024-01-28T20:00:00+00:00
[2024-01-28T23:09:59.830+0100] {processor.py:183} INFO - Processing /home/ubuntu/.local/lib/python3.10/site-packages/airflow/example_dags/example_latest_only_with_trigger.py took 0.110 seconds
[2024-01-28T23:11:00.641+0100] {processor.py:161} INFO - Started process (PID=16583) to work on /home/ubuntu/.local/lib/python3.10/site-packages/airflow/example_dags/example_latest_only_with_trigger.py
[2024-01-28T23:11:00.642+0100] {processor.py:830} INFO - Processing file /home/ubuntu/.local/lib/python3.10/site-packages/airflow/example_dags/example_latest_only_with_trigger.py for tasks to queue
[2024-01-28T23:11:00.644+0100] {logging_mixin.py:188} INFO - [2024-01-28T23:11:00.643+0100] {dagbag.py:538} INFO - Filling up the DagBag from /home/ubuntu/.local/lib/python3.10/site-packages/airflow/example_dags/example_latest_only_with_trigger.py
[2024-01-28T23:11:00.651+0100] {processor.py:840} INFO - DAG(s) 'latest_only_with_trigger' retrieved from /home/ubuntu/.local/lib/python3.10/site-packages/airflow/example_dags/example_latest_only_with_trigger.py
[2024-01-28T23:11:00.671+0100] {logging_mixin.py:188} INFO - [2024-01-28T23:11:00.670+0100] {dag.py:3033} INFO - Sync 1 DAGs
[2024-01-28T23:11:00.690+0100] {logging_mixin.py:188} INFO - [2024-01-28T23:11:00.690+0100] {dag.py:3820} INFO - Setting next_dagrun for latest_only_with_trigger to 2024-01-28T16:00:00+00:00, run_after=2024-01-28T20:00:00+00:00
[2024-01-28T23:11:00.733+0100] {processor.py:183} INFO - Processing /home/ubuntu/.local/lib/python3.10/site-packages/airflow/example_dags/example_latest_only_with_trigger.py took 0.096 seconds
[2024-01-28T23:12:08.040+0100] {processor.py:161} INFO - Started process (PID=16669) to work on /home/ubuntu/.local/lib/python3.10/site-packages/airflow/example_dags/example_latest_only_with_trigger.py
[2024-01-28T23:12:08.043+0100] {processor.py:830} INFO - Processing file /home/ubuntu/.local/lib/python3.10/site-packages/airflow/example_dags/example_latest_only_with_trigger.py for tasks to queue
[2024-01-28T23:12:08.045+0100] {logging_mixin.py:188} INFO - [2024-01-28T23:12:08.044+0100] {dagbag.py:538} INFO - Filling up the DagBag from /home/ubuntu/.local/lib/python3.10/site-packages/airflow/example_dags/example_latest_only_with_trigger.py
[2024-01-28T23:12:08.056+0100] {processor.py:840} INFO - DAG(s) 'latest_only_with_trigger' retrieved from /home/ubuntu/.local/lib/python3.10/site-packages/airflow/example_dags/example_latest_only_with_trigger.py
[2024-01-28T23:12:08.088+0100] {logging_mixin.py:188} INFO - [2024-01-28T23:12:08.088+0100] {dag.py:3033} INFO - Sync 1 DAGs
[2024-01-28T23:12:08.132+0100] {logging_mixin.py:188} INFO - [2024-01-28T23:12:08.132+0100] {dag.py:3820} INFO - Setting next_dagrun for latest_only_with_trigger to 2024-01-28T16:00:00+00:00, run_after=2024-01-28T20:00:00+00:00
[2024-01-28T23:12:08.185+0100] {processor.py:183} INFO - Processing /home/ubuntu/.local/lib/python3.10/site-packages/airflow/example_dags/example_latest_only_with_trigger.py took 0.150 seconds
[2024-01-28T23:13:16.706+0100] {processor.py:161} INFO - Started process (PID=16748) to work on /home/ubuntu/.local/lib/python3.10/site-packages/airflow/example_dags/example_latest_only_with_trigger.py
[2024-01-28T23:13:16.711+0100] {processor.py:830} INFO - Processing file /home/ubuntu/.local/lib/python3.10/site-packages/airflow/example_dags/example_latest_only_with_trigger.py for tasks to queue
[2024-01-28T23:13:16.712+0100] {logging_mixin.py:188} INFO - [2024-01-28T23:13:16.712+0100] {dagbag.py:538} INFO - Filling up the DagBag from /home/ubuntu/.local/lib/python3.10/site-packages/airflow/example_dags/example_latest_only_with_trigger.py
[2024-01-28T23:13:16.721+0100] {processor.py:840} INFO - DAG(s) 'latest_only_with_trigger' retrieved from /home/ubuntu/.local/lib/python3.10/site-packages/airflow/example_dags/example_latest_only_with_trigger.py
[2024-01-28T23:13:16.738+0100] {logging_mixin.py:188} INFO - [2024-01-28T23:13:16.738+0100] {dag.py:3033} INFO - Sync 1 DAGs
[2024-01-28T23:13:16.759+0100] {logging_mixin.py:188} INFO - [2024-01-28T23:13:16.759+0100] {dag.py:3820} INFO - Setting next_dagrun for latest_only_with_trigger to 2024-01-28T16:00:00+00:00, run_after=2024-01-28T20:00:00+00:00
[2024-01-28T23:13:16.786+0100] {processor.py:183} INFO - Processing /home/ubuntu/.local/lib/python3.10/site-packages/airflow/example_dags/example_latest_only_with_trigger.py took 0.084 seconds
[2024-01-28T23:14:15.669+0100] {processor.py:161} INFO - Started process (PID=16821) to work on /home/ubuntu/.local/lib/python3.10/site-packages/airflow/example_dags/example_latest_only_with_trigger.py
[2024-01-28T23:14:15.672+0100] {processor.py:830} INFO - Processing file /home/ubuntu/.local/lib/python3.10/site-packages/airflow/example_dags/example_latest_only_with_trigger.py for tasks to queue
[2024-01-28T23:14:15.673+0100] {logging_mixin.py:188} INFO - [2024-01-28T23:14:15.673+0100] {dagbag.py:538} INFO - Filling up the DagBag from /home/ubuntu/.local/lib/python3.10/site-packages/airflow/example_dags/example_latest_only_with_trigger.py
[2024-01-28T23:14:15.681+0100] {processor.py:840} INFO - DAG(s) 'latest_only_with_trigger' retrieved from /home/ubuntu/.local/lib/python3.10/site-packages/airflow/example_dags/example_latest_only_with_trigger.py
[2024-01-28T23:14:15.696+0100] {logging_mixin.py:188} INFO - [2024-01-28T23:14:15.696+0100] {dag.py:3033} INFO - Sync 1 DAGs
[2024-01-28T23:14:15.714+0100] {logging_mixin.py:188} INFO - [2024-01-28T23:14:15.713+0100] {dag.py:3820} INFO - Setting next_dagrun for latest_only_with_trigger to 2024-01-28T16:00:00+00:00, run_after=2024-01-28T20:00:00+00:00
[2024-01-28T23:14:15.743+0100] {processor.py:183} INFO - Processing /home/ubuntu/.local/lib/python3.10/site-packages/airflow/example_dags/example_latest_only_with_trigger.py took 0.076 seconds
[2024-01-28T23:15:18.466+0100] {processor.py:161} INFO - Started process (PID=16890) to work on /home/ubuntu/.local/lib/python3.10/site-packages/airflow/example_dags/example_latest_only_with_trigger.py
[2024-01-28T23:15:18.468+0100] {processor.py:830} INFO - Processing file /home/ubuntu/.local/lib/python3.10/site-packages/airflow/example_dags/example_latest_only_with_trigger.py for tasks to queue
[2024-01-28T23:15:18.469+0100] {logging_mixin.py:188} INFO - [2024-01-28T23:15:18.468+0100] {dagbag.py:538} INFO - Filling up the DagBag from /home/ubuntu/.local/lib/python3.10/site-packages/airflow/example_dags/example_latest_only_with_trigger.py
[2024-01-28T23:15:18.478+0100] {processor.py:840} INFO - DAG(s) 'latest_only_with_trigger' retrieved from /home/ubuntu/.local/lib/python3.10/site-packages/airflow/example_dags/example_latest_only_with_trigger.py
[2024-01-28T23:15:18.496+0100] {logging_mixin.py:188} INFO - [2024-01-28T23:15:18.495+0100] {dag.py:3033} INFO - Sync 1 DAGs
[2024-01-28T23:15:18.514+0100] {logging_mixin.py:188} INFO - [2024-01-28T23:15:18.514+0100] {dag.py:3820} INFO - Setting next_dagrun for latest_only_with_trigger to 2024-01-28T16:00:00+00:00, run_after=2024-01-28T20:00:00+00:00
[2024-01-28T23:15:18.543+0100] {processor.py:183} INFO - Processing /home/ubuntu/.local/lib/python3.10/site-packages/airflow/example_dags/example_latest_only_with_trigger.py took 0.081 seconds
[2024-01-28T23:16:25.053+0100] {processor.py:161} INFO - Started process (PID=16984) to work on /home/ubuntu/.local/lib/python3.10/site-packages/airflow/example_dags/example_latest_only_with_trigger.py
[2024-01-28T23:16:25.057+0100] {processor.py:830} INFO - Processing file /home/ubuntu/.local/lib/python3.10/site-packages/airflow/example_dags/example_latest_only_with_trigger.py for tasks to queue
[2024-01-28T23:16:25.058+0100] {logging_mixin.py:188} INFO - [2024-01-28T23:16:25.058+0100] {dagbag.py:538} INFO - Filling up the DagBag from /home/ubuntu/.local/lib/python3.10/site-packages/airflow/example_dags/example_latest_only_with_trigger.py
[2024-01-28T23:16:25.067+0100] {processor.py:840} INFO - DAG(s) 'latest_only_with_trigger' retrieved from /home/ubuntu/.local/lib/python3.10/site-packages/airflow/example_dags/example_latest_only_with_trigger.py
[2024-01-28T23:16:25.083+0100] {logging_mixin.py:188} INFO - [2024-01-28T23:16:25.083+0100] {dag.py:3033} INFO - Sync 1 DAGs
[2024-01-28T23:16:25.100+0100] {logging_mixin.py:188} INFO - [2024-01-28T23:16:25.100+0100] {dag.py:3820} INFO - Setting next_dagrun for latest_only_with_trigger to 2024-01-28T16:00:00+00:00, run_after=2024-01-28T20:00:00+00:00
[2024-01-28T23:16:25.135+0100] {processor.py:183} INFO - Processing /home/ubuntu/.local/lib/python3.10/site-packages/airflow/example_dags/example_latest_only_with_trigger.py took 0.085 seconds
[2024-01-28T23:17:27.957+0100] {processor.py:161} INFO - Started process (PID=17061) to work on /home/ubuntu/.local/lib/python3.10/site-packages/airflow/example_dags/example_latest_only_with_trigger.py
[2024-01-28T23:17:27.960+0100] {processor.py:830} INFO - Processing file /home/ubuntu/.local/lib/python3.10/site-packages/airflow/example_dags/example_latest_only_with_trigger.py for tasks to queue
[2024-01-28T23:17:27.961+0100] {logging_mixin.py:188} INFO - [2024-01-28T23:17:27.961+0100] {dagbag.py:538} INFO - Filling up the DagBag from /home/ubuntu/.local/lib/python3.10/site-packages/airflow/example_dags/example_latest_only_with_trigger.py
[2024-01-28T23:17:27.969+0100] {processor.py:840} INFO - DAG(s) 'latest_only_with_trigger' retrieved from /home/ubuntu/.local/lib/python3.10/site-packages/airflow/example_dags/example_latest_only_with_trigger.py
[2024-01-28T23:17:27.985+0100] {logging_mixin.py:188} INFO - [2024-01-28T23:17:27.985+0100] {dag.py:3033} INFO - Sync 1 DAGs
[2024-01-28T23:17:28.005+0100] {logging_mixin.py:188} INFO - [2024-01-28T23:17:28.005+0100] {dag.py:3820} INFO - Setting next_dagrun for latest_only_with_trigger to 2024-01-28T16:00:00+00:00, run_after=2024-01-28T20:00:00+00:00
[2024-01-28T23:17:28.041+0100] {processor.py:183} INFO - Processing /home/ubuntu/.local/lib/python3.10/site-packages/airflow/example_dags/example_latest_only_with_trigger.py took 0.088 seconds
[2024-01-28T23:18:31.335+0100] {processor.py:161} INFO - Started process (PID=17138) to work on /home/ubuntu/.local/lib/python3.10/site-packages/airflow/example_dags/example_latest_only_with_trigger.py
[2024-01-28T23:18:31.337+0100] {processor.py:830} INFO - Processing file /home/ubuntu/.local/lib/python3.10/site-packages/airflow/example_dags/example_latest_only_with_trigger.py for tasks to queue
[2024-01-28T23:18:31.338+0100] {logging_mixin.py:188} INFO - [2024-01-28T23:18:31.338+0100] {dagbag.py:538} INFO - Filling up the DagBag from /home/ubuntu/.local/lib/python3.10/site-packages/airflow/example_dags/example_latest_only_with_trigger.py
[2024-01-28T23:18:31.346+0100] {processor.py:840} INFO - DAG(s) 'latest_only_with_trigger' retrieved from /home/ubuntu/.local/lib/python3.10/site-packages/airflow/example_dags/example_latest_only_with_trigger.py
[2024-01-28T23:18:31.364+0100] {logging_mixin.py:188} INFO - [2024-01-28T23:18:31.364+0100] {dag.py:3033} INFO - Sync 1 DAGs
[2024-01-28T23:18:31.386+0100] {logging_mixin.py:188} INFO - [2024-01-28T23:18:31.386+0100] {dag.py:3820} INFO - Setting next_dagrun for latest_only_with_trigger to 2024-01-28T16:00:00+00:00, run_after=2024-01-28T20:00:00+00:00
[2024-01-28T23:18:31.420+0100] {processor.py:183} INFO - Processing /home/ubuntu/.local/lib/python3.10/site-packages/airflow/example_dags/example_latest_only_with_trigger.py took 0.090 seconds
[2024-01-28T23:19:32.987+0100] {processor.py:161} INFO - Started process (PID=17209) to work on /home/ubuntu/.local/lib/python3.10/site-packages/airflow/example_dags/example_latest_only_with_trigger.py
[2024-01-28T23:19:32.989+0100] {processor.py:830} INFO - Processing file /home/ubuntu/.local/lib/python3.10/site-packages/airflow/example_dags/example_latest_only_with_trigger.py for tasks to queue
[2024-01-28T23:19:32.990+0100] {logging_mixin.py:188} INFO - [2024-01-28T23:19:32.989+0100] {dagbag.py:538} INFO - Filling up the DagBag from /home/ubuntu/.local/lib/python3.10/site-packages/airflow/example_dags/example_latest_only_with_trigger.py
[2024-01-28T23:19:32.997+0100] {processor.py:840} INFO - DAG(s) 'latest_only_with_trigger' retrieved from /home/ubuntu/.local/lib/python3.10/site-packages/airflow/example_dags/example_latest_only_with_trigger.py
[2024-01-28T23:19:33.016+0100] {logging_mixin.py:188} INFO - [2024-01-28T23:19:33.015+0100] {dag.py:3033} INFO - Sync 1 DAGs
[2024-01-28T23:19:33.032+0100] {logging_mixin.py:188} INFO - [2024-01-28T23:19:33.032+0100] {dag.py:3820} INFO - Setting next_dagrun for latest_only_with_trigger to 2024-01-28T16:00:00+00:00, run_after=2024-01-28T20:00:00+00:00
[2024-01-28T23:19:33.063+0100] {processor.py:183} INFO - Processing /home/ubuntu/.local/lib/python3.10/site-packages/airflow/example_dags/example_latest_only_with_trigger.py took 0.079 seconds
[2024-01-28T23:20:36.285+0100] {processor.py:161} INFO - Started process (PID=17285) to work on /home/ubuntu/.local/lib/python3.10/site-packages/airflow/example_dags/example_latest_only_with_trigger.py
[2024-01-28T23:20:36.287+0100] {processor.py:830} INFO - Processing file /home/ubuntu/.local/lib/python3.10/site-packages/airflow/example_dags/example_latest_only_with_trigger.py for tasks to queue
[2024-01-28T23:20:36.288+0100] {logging_mixin.py:188} INFO - [2024-01-28T23:20:36.288+0100] {dagbag.py:538} INFO - Filling up the DagBag from /home/ubuntu/.local/lib/python3.10/site-packages/airflow/example_dags/example_latest_only_with_trigger.py
[2024-01-28T23:20:36.296+0100] {processor.py:840} INFO - DAG(s) 'latest_only_with_trigger' retrieved from /home/ubuntu/.local/lib/python3.10/site-packages/airflow/example_dags/example_latest_only_with_trigger.py
[2024-01-28T23:20:36.312+0100] {logging_mixin.py:188} INFO - [2024-01-28T23:20:36.312+0100] {dag.py:3033} INFO - Sync 1 DAGs
[2024-01-28T23:20:36.331+0100] {logging_mixin.py:188} INFO - [2024-01-28T23:20:36.331+0100] {dag.py:3820} INFO - Setting next_dagrun for latest_only_with_trigger to 2024-01-28T16:00:00+00:00, run_after=2024-01-28T20:00:00+00:00
[2024-01-28T23:20:36.363+0100] {processor.py:183} INFO - Processing /home/ubuntu/.local/lib/python3.10/site-packages/airflow/example_dags/example_latest_only_with_trigger.py took 0.081 seconds
[2024-01-28T23:21:40.777+0100] {processor.py:161} INFO - Started process (PID=17355) to work on /home/ubuntu/.local/lib/python3.10/site-packages/airflow/example_dags/example_latest_only_with_trigger.py
[2024-01-28T23:21:40.779+0100] {processor.py:830} INFO - Processing file /home/ubuntu/.local/lib/python3.10/site-packages/airflow/example_dags/example_latest_only_with_trigger.py for tasks to queue
[2024-01-28T23:21:40.781+0100] {logging_mixin.py:188} INFO - [2024-01-28T23:21:40.780+0100] {dagbag.py:538} INFO - Filling up the DagBag from /home/ubuntu/.local/lib/python3.10/site-packages/airflow/example_dags/example_latest_only_with_trigger.py
[2024-01-28T23:21:40.789+0100] {processor.py:840} INFO - DAG(s) 'latest_only_with_trigger' retrieved from /home/ubuntu/.local/lib/python3.10/site-packages/airflow/example_dags/example_latest_only_with_trigger.py
[2024-01-28T23:21:40.807+0100] {logging_mixin.py:188} INFO - [2024-01-28T23:21:40.806+0100] {dag.py:3033} INFO - Sync 1 DAGs
[2024-01-28T23:21:40.827+0100] {logging_mixin.py:188} INFO - [2024-01-28T23:21:40.827+0100] {dag.py:3820} INFO - Setting next_dagrun for latest_only_with_trigger to 2024-01-28T16:00:00+00:00, run_after=2024-01-28T20:00:00+00:00
[2024-01-28T23:21:40.855+0100] {processor.py:183} INFO - Processing /home/ubuntu/.local/lib/python3.10/site-packages/airflow/example_dags/example_latest_only_with_trigger.py took 0.082 seconds
[2024-01-28T23:22:43.150+0100] {processor.py:161} INFO - Started process (PID=17431) to work on /home/ubuntu/.local/lib/python3.10/site-packages/airflow/example_dags/example_latest_only_with_trigger.py
[2024-01-28T23:22:43.153+0100] {processor.py:830} INFO - Processing file /home/ubuntu/.local/lib/python3.10/site-packages/airflow/example_dags/example_latest_only_with_trigger.py for tasks to queue
[2024-01-28T23:22:43.155+0100] {logging_mixin.py:188} INFO - [2024-01-28T23:22:43.155+0100] {dagbag.py:538} INFO - Filling up the DagBag from /home/ubuntu/.local/lib/python3.10/site-packages/airflow/example_dags/example_latest_only_with_trigger.py
[2024-01-28T23:22:43.163+0100] {processor.py:840} INFO - DAG(s) 'latest_only_with_trigger' retrieved from /home/ubuntu/.local/lib/python3.10/site-packages/airflow/example_dags/example_latest_only_with_trigger.py
[2024-01-28T23:22:43.180+0100] {logging_mixin.py:188} INFO - [2024-01-28T23:22:43.180+0100] {dag.py:3033} INFO - Sync 1 DAGs
[2024-01-28T23:22:43.200+0100] {logging_mixin.py:188} INFO - [2024-01-28T23:22:43.200+0100] {dag.py:3820} INFO - Setting next_dagrun for latest_only_with_trigger to 2024-01-28T16:00:00+00:00, run_after=2024-01-28T20:00:00+00:00
[2024-01-28T23:22:43.233+0100] {processor.py:183} INFO - Processing /home/ubuntu/.local/lib/python3.10/site-packages/airflow/example_dags/example_latest_only_with_trigger.py took 0.086 seconds
[2024-01-28T23:23:49.925+0100] {processor.py:161} INFO - Started process (PID=17501) to work on /home/ubuntu/.local/lib/python3.10/site-packages/airflow/example_dags/example_latest_only_with_trigger.py
[2024-01-28T23:23:49.928+0100] {processor.py:830} INFO - Processing file /home/ubuntu/.local/lib/python3.10/site-packages/airflow/example_dags/example_latest_only_with_trigger.py for tasks to queue
[2024-01-28T23:23:49.929+0100] {logging_mixin.py:188} INFO - [2024-01-28T23:23:49.928+0100] {dagbag.py:538} INFO - Filling up the DagBag from /home/ubuntu/.local/lib/python3.10/site-packages/airflow/example_dags/example_latest_only_with_trigger.py
[2024-01-28T23:23:49.937+0100] {processor.py:840} INFO - DAG(s) 'latest_only_with_trigger' retrieved from /home/ubuntu/.local/lib/python3.10/site-packages/airflow/example_dags/example_latest_only_with_trigger.py
[2024-01-28T23:23:49.956+0100] {logging_mixin.py:188} INFO - [2024-01-28T23:23:49.956+0100] {dag.py:3033} INFO - Sync 1 DAGs
[2024-01-28T23:23:49.976+0100] {logging_mixin.py:188} INFO - [2024-01-28T23:23:49.976+0100] {dag.py:3820} INFO - Setting next_dagrun for latest_only_with_trigger to 2024-01-28T16:00:00+00:00, run_after=2024-01-28T20:00:00+00:00
[2024-01-28T23:23:50.007+0100] {processor.py:183} INFO - Processing /home/ubuntu/.local/lib/python3.10/site-packages/airflow/example_dags/example_latest_only_with_trigger.py took 0.086 seconds
[2024-01-28T23:25:04.310+0100] {processor.py:161} INFO - Started process (PID=17586) to work on /home/ubuntu/.local/lib/python3.10/site-packages/airflow/example_dags/example_latest_only_with_trigger.py
[2024-01-28T23:25:04.355+0100] {processor.py:830} INFO - Processing file /home/ubuntu/.local/lib/python3.10/site-packages/airflow/example_dags/example_latest_only_with_trigger.py for tasks to queue
[2024-01-28T23:25:04.356+0100] {logging_mixin.py:188} INFO - [2024-01-28T23:25:04.356+0100] {dagbag.py:538} INFO - Filling up the DagBag from /home/ubuntu/.local/lib/python3.10/site-packages/airflow/example_dags/example_latest_only_with_trigger.py
[2024-01-28T23:25:04.364+0100] {processor.py:840} INFO - DAG(s) 'latest_only_with_trigger' retrieved from /home/ubuntu/.local/lib/python3.10/site-packages/airflow/example_dags/example_latest_only_with_trigger.py
[2024-01-28T23:25:04.381+0100] {logging_mixin.py:188} INFO - [2024-01-28T23:25:04.380+0100] {dag.py:3033} INFO - Sync 1 DAGs
[2024-01-28T23:25:04.402+0100] {logging_mixin.py:188} INFO - [2024-01-28T23:25:04.401+0100] {dag.py:3820} INFO - Setting next_dagrun for latest_only_with_trigger to 2024-01-28T16:00:00+00:00, run_after=2024-01-28T20:00:00+00:00
[2024-01-28T23:25:04.426+0100] {processor.py:183} INFO - Processing /home/ubuntu/.local/lib/python3.10/site-packages/airflow/example_dags/example_latest_only_with_trigger.py took 0.120 seconds
[2024-01-28T23:26:12.136+0100] {processor.py:161} INFO - Started process (PID=17661) to work on /home/ubuntu/.local/lib/python3.10/site-packages/airflow/example_dags/example_latest_only_with_trigger.py
[2024-01-28T23:26:12.145+0100] {processor.py:830} INFO - Processing file /home/ubuntu/.local/lib/python3.10/site-packages/airflow/example_dags/example_latest_only_with_trigger.py for tasks to queue
[2024-01-28T23:26:12.149+0100] {logging_mixin.py:188} INFO - [2024-01-28T23:26:12.149+0100] {dagbag.py:538} INFO - Filling up the DagBag from /home/ubuntu/.local/lib/python3.10/site-packages/airflow/example_dags/example_latest_only_with_trigger.py
[2024-01-28T23:26:12.174+0100] {processor.py:840} INFO - DAG(s) 'latest_only_with_trigger' retrieved from /home/ubuntu/.local/lib/python3.10/site-packages/airflow/example_dags/example_latest_only_with_trigger.py
[2024-01-28T23:26:12.196+0100] {logging_mixin.py:188} INFO - [2024-01-28T23:26:12.195+0100] {dag.py:3033} INFO - Sync 1 DAGs
[2024-01-28T23:26:12.226+0100] {logging_mixin.py:188} INFO - [2024-01-28T23:26:12.226+0100] {dag.py:3820} INFO - Setting next_dagrun for latest_only_with_trigger to 2024-01-28T16:00:00+00:00, run_after=2024-01-28T20:00:00+00:00
[2024-01-28T23:26:12.280+0100] {processor.py:183} INFO - Processing /home/ubuntu/.local/lib/python3.10/site-packages/airflow/example_dags/example_latest_only_with_trigger.py took 0.148 seconds
[2024-01-28T23:27:14.628+0100] {processor.py:161} INFO - Started process (PID=17736) to work on /home/ubuntu/.local/lib/python3.10/site-packages/airflow/example_dags/example_latest_only_with_trigger.py
[2024-01-28T23:27:14.630+0100] {processor.py:830} INFO - Processing file /home/ubuntu/.local/lib/python3.10/site-packages/airflow/example_dags/example_latest_only_with_trigger.py for tasks to queue
[2024-01-28T23:27:14.631+0100] {logging_mixin.py:188} INFO - [2024-01-28T23:27:14.631+0100] {dagbag.py:538} INFO - Filling up the DagBag from /home/ubuntu/.local/lib/python3.10/site-packages/airflow/example_dags/example_latest_only_with_trigger.py
[2024-01-28T23:27:14.638+0100] {processor.py:840} INFO - DAG(s) 'latest_only_with_trigger' retrieved from /home/ubuntu/.local/lib/python3.10/site-packages/airflow/example_dags/example_latest_only_with_trigger.py
[2024-01-28T23:27:14.654+0100] {logging_mixin.py:188} INFO - [2024-01-28T23:27:14.653+0100] {dag.py:3033} INFO - Sync 1 DAGs
[2024-01-28T23:27:14.673+0100] {logging_mixin.py:188} INFO - [2024-01-28T23:27:14.673+0100] {dag.py:3820} INFO - Setting next_dagrun for latest_only_with_trigger to 2024-01-28T16:00:00+00:00, run_after=2024-01-28T20:00:00+00:00
[2024-01-28T23:27:14.700+0100] {processor.py:183} INFO - Processing /home/ubuntu/.local/lib/python3.10/site-packages/airflow/example_dags/example_latest_only_with_trigger.py took 0.076 seconds
[2024-01-28T23:28:17.758+0100] {processor.py:161} INFO - Started process (PID=17809) to work on /home/ubuntu/.local/lib/python3.10/site-packages/airflow/example_dags/example_latest_only_with_trigger.py
[2024-01-28T23:28:17.761+0100] {processor.py:830} INFO - Processing file /home/ubuntu/.local/lib/python3.10/site-packages/airflow/example_dags/example_latest_only_with_trigger.py for tasks to queue
[2024-01-28T23:28:17.762+0100] {logging_mixin.py:188} INFO - [2024-01-28T23:28:17.761+0100] {dagbag.py:538} INFO - Filling up the DagBag from /home/ubuntu/.local/lib/python3.10/site-packages/airflow/example_dags/example_latest_only_with_trigger.py
[2024-01-28T23:28:17.769+0100] {processor.py:840} INFO - DAG(s) 'latest_only_with_trigger' retrieved from /home/ubuntu/.local/lib/python3.10/site-packages/airflow/example_dags/example_latest_only_with_trigger.py
[2024-01-28T23:28:17.785+0100] {logging_mixin.py:188} INFO - [2024-01-28T23:28:17.785+0100] {dag.py:3033} INFO - Sync 1 DAGs
[2024-01-28T23:28:17.806+0100] {logging_mixin.py:188} INFO - [2024-01-28T23:28:17.806+0100] {dag.py:3820} INFO - Setting next_dagrun for latest_only_with_trigger to 2024-01-28T16:00:00+00:00, run_after=2024-01-28T20:00:00+00:00
[2024-01-28T23:28:17.833+0100] {processor.py:183} INFO - Processing /home/ubuntu/.local/lib/python3.10/site-packages/airflow/example_dags/example_latest_only_with_trigger.py took 0.079 seconds
[2024-01-28T23:29:24.339+0100] {processor.py:161} INFO - Started process (PID=17888) to work on /home/ubuntu/.local/lib/python3.10/site-packages/airflow/example_dags/example_latest_only_with_trigger.py
[2024-01-28T23:29:24.342+0100] {processor.py:830} INFO - Processing file /home/ubuntu/.local/lib/python3.10/site-packages/airflow/example_dags/example_latest_only_with_trigger.py for tasks to queue
[2024-01-28T23:29:24.343+0100] {logging_mixin.py:188} INFO - [2024-01-28T23:29:24.343+0100] {dagbag.py:538} INFO - Filling up the DagBag from /home/ubuntu/.local/lib/python3.10/site-packages/airflow/example_dags/example_latest_only_with_trigger.py
[2024-01-28T23:29:24.351+0100] {processor.py:840} INFO - DAG(s) 'latest_only_with_trigger' retrieved from /home/ubuntu/.local/lib/python3.10/site-packages/airflow/example_dags/example_latest_only_with_trigger.py
[2024-01-28T23:29:24.369+0100] {logging_mixin.py:188} INFO - [2024-01-28T23:29:24.368+0100] {dag.py:3033} INFO - Sync 1 DAGs
[2024-01-28T23:29:24.389+0100] {logging_mixin.py:188} INFO - [2024-01-28T23:29:24.388+0100] {dag.py:3820} INFO - Setting next_dagrun for latest_only_with_trigger to 2024-01-28T16:00:00+00:00, run_after=2024-01-28T20:00:00+00:00
[2024-01-28T23:29:24.548+0100] {processor.py:183} INFO - Processing /home/ubuntu/.local/lib/python3.10/site-packages/airflow/example_dags/example_latest_only_with_trigger.py took 0.212 seconds
[2024-01-28T23:30:31.050+0100] {processor.py:161} INFO - Started process (PID=17964) to work on /home/ubuntu/.local/lib/python3.10/site-packages/airflow/example_dags/example_latest_only_with_trigger.py
[2024-01-28T23:30:31.053+0100] {processor.py:830} INFO - Processing file /home/ubuntu/.local/lib/python3.10/site-packages/airflow/example_dags/example_latest_only_with_trigger.py for tasks to queue
[2024-01-28T23:30:31.054+0100] {logging_mixin.py:188} INFO - [2024-01-28T23:30:31.053+0100] {dagbag.py:538} INFO - Filling up the DagBag from /home/ubuntu/.local/lib/python3.10/site-packages/airflow/example_dags/example_latest_only_with_trigger.py
[2024-01-28T23:30:31.061+0100] {processor.py:840} INFO - DAG(s) 'latest_only_with_trigger' retrieved from /home/ubuntu/.local/lib/python3.10/site-packages/airflow/example_dags/example_latest_only_with_trigger.py
[2024-01-28T23:30:31.079+0100] {logging_mixin.py:188} INFO - [2024-01-28T23:30:31.079+0100] {dag.py:3033} INFO - Sync 1 DAGs
[2024-01-28T23:30:31.099+0100] {logging_mixin.py:188} INFO - [2024-01-28T23:30:31.098+0100] {dag.py:3820} INFO - Setting next_dagrun for latest_only_with_trigger to 2024-01-28T16:00:00+00:00, run_after=2024-01-28T20:00:00+00:00
[2024-01-28T23:30:31.128+0100] {processor.py:183} INFO - Processing /home/ubuntu/.local/lib/python3.10/site-packages/airflow/example_dags/example_latest_only_with_trigger.py took 0.081 seconds
[2024-01-28T23:31:39.470+0100] {processor.py:161} INFO - Started process (PID=18042) to work on /home/ubuntu/.local/lib/python3.10/site-packages/airflow/example_dags/example_latest_only_with_trigger.py
[2024-01-28T23:31:39.473+0100] {processor.py:830} INFO - Processing file /home/ubuntu/.local/lib/python3.10/site-packages/airflow/example_dags/example_latest_only_with_trigger.py for tasks to queue
[2024-01-28T23:31:39.475+0100] {logging_mixin.py:188} INFO - [2024-01-28T23:31:39.474+0100] {dagbag.py:538} INFO - Filling up the DagBag from /home/ubuntu/.local/lib/python3.10/site-packages/airflow/example_dags/example_latest_only_with_trigger.py
[2024-01-28T23:31:39.482+0100] {processor.py:840} INFO - DAG(s) 'latest_only_with_trigger' retrieved from /home/ubuntu/.local/lib/python3.10/site-packages/airflow/example_dags/example_latest_only_with_trigger.py
[2024-01-28T23:31:39.498+0100] {logging_mixin.py:188} INFO - [2024-01-28T23:31:39.498+0100] {dag.py:3033} INFO - Sync 1 DAGs
[2024-01-28T23:31:39.516+0100] {logging_mixin.py:188} INFO - [2024-01-28T23:31:39.516+0100] {dag.py:3820} INFO - Setting next_dagrun for latest_only_with_trigger to 2024-01-28T16:00:00+00:00, run_after=2024-01-28T20:00:00+00:00
[2024-01-28T23:31:39.552+0100] {processor.py:183} INFO - Processing /home/ubuntu/.local/lib/python3.10/site-packages/airflow/example_dags/example_latest_only_with_trigger.py took 0.084 seconds
[2024-01-28T23:32:54.177+0100] {processor.py:161} INFO - Started process (PID=18126) to work on /home/ubuntu/.local/lib/python3.10/site-packages/airflow/example_dags/example_latest_only_with_trigger.py
[2024-01-28T23:32:54.180+0100] {processor.py:830} INFO - Processing file /home/ubuntu/.local/lib/python3.10/site-packages/airflow/example_dags/example_latest_only_with_trigger.py for tasks to queue
[2024-01-28T23:32:54.181+0100] {logging_mixin.py:188} INFO - [2024-01-28T23:32:54.181+0100] {dagbag.py:538} INFO - Filling up the DagBag from /home/ubuntu/.local/lib/python3.10/site-packages/airflow/example_dags/example_latest_only_with_trigger.py
[2024-01-28T23:32:54.192+0100] {processor.py:840} INFO - DAG(s) 'latest_only_with_trigger' retrieved from /home/ubuntu/.local/lib/python3.10/site-packages/airflow/example_dags/example_latest_only_with_trigger.py
[2024-01-28T23:32:54.218+0100] {logging_mixin.py:188} INFO - [2024-01-28T23:32:54.217+0100] {dag.py:3033} INFO - Sync 1 DAGs
[2024-01-28T23:32:54.258+0100] {logging_mixin.py:188} INFO - [2024-01-28T23:32:54.258+0100] {dag.py:3820} INFO - Setting next_dagrun for latest_only_with_trigger to 2024-01-28T16:00:00+00:00, run_after=2024-01-28T20:00:00+00:00
[2024-01-28T23:32:54.305+0100] {processor.py:183} INFO - Processing /home/ubuntu/.local/lib/python3.10/site-packages/airflow/example_dags/example_latest_only_with_trigger.py took 0.133 seconds
[2024-01-28T23:34:15.130+0100] {processor.py:161} INFO - Started process (PID=18217) to work on /home/ubuntu/.local/lib/python3.10/site-packages/airflow/example_dags/example_latest_only_with_trigger.py
[2024-01-28T23:34:15.134+0100] {processor.py:830} INFO - Processing file /home/ubuntu/.local/lib/python3.10/site-packages/airflow/example_dags/example_latest_only_with_trigger.py for tasks to queue
[2024-01-28T23:34:15.136+0100] {logging_mixin.py:188} INFO - [2024-01-28T23:34:15.136+0100] {dagbag.py:538} INFO - Filling up the DagBag from /home/ubuntu/.local/lib/python3.10/site-packages/airflow/example_dags/example_latest_only_with_trigger.py
[2024-01-28T23:34:15.144+0100] {processor.py:840} INFO - DAG(s) 'latest_only_with_trigger' retrieved from /home/ubuntu/.local/lib/python3.10/site-packages/airflow/example_dags/example_latest_only_with_trigger.py
[2024-01-28T23:34:15.170+0100] {logging_mixin.py:188} INFO - [2024-01-28T23:34:15.170+0100] {dag.py:3033} INFO - Sync 1 DAGs
[2024-01-28T23:34:15.389+0100] {logging_mixin.py:188} INFO - [2024-01-28T23:34:15.388+0100] {dag.py:3820} INFO - Setting next_dagrun for latest_only_with_trigger to 2024-01-28T16:00:00+00:00, run_after=2024-01-28T20:00:00+00:00
[2024-01-28T23:34:15.459+0100] {processor.py:183} INFO - Processing /home/ubuntu/.local/lib/python3.10/site-packages/airflow/example_dags/example_latest_only_with_trigger.py took 0.332 seconds
[2024-01-28T23:35:11.094+0100] {processor.py:161} INFO - Started process (PID=18274) to work on /home/ubuntu/.local/lib/python3.10/site-packages/airflow/example_dags/example_latest_only_with_trigger.py
[2024-01-28T23:35:11.097+0100] {processor.py:830} INFO - Processing file /home/ubuntu/.local/lib/python3.10/site-packages/airflow/example_dags/example_latest_only_with_trigger.py for tasks to queue
[2024-01-28T23:35:11.098+0100] {logging_mixin.py:188} INFO - [2024-01-28T23:35:11.097+0100] {dagbag.py:538} INFO - Filling up the DagBag from /home/ubuntu/.local/lib/python3.10/site-packages/airflow/example_dags/example_latest_only_with_trigger.py
[2024-01-28T23:35:11.105+0100] {processor.py:840} INFO - DAG(s) 'latest_only_with_trigger' retrieved from /home/ubuntu/.local/lib/python3.10/site-packages/airflow/example_dags/example_latest_only_with_trigger.py
[2024-01-28T23:35:11.121+0100] {logging_mixin.py:188} INFO - [2024-01-28T23:35:11.121+0100] {dag.py:3033} INFO - Sync 1 DAGs
[2024-01-28T23:35:11.140+0100] {logging_mixin.py:188} INFO - [2024-01-28T23:35:11.140+0100] {dag.py:3820} INFO - Setting next_dagrun for latest_only_with_trigger to 2024-01-28T16:00:00+00:00, run_after=2024-01-28T20:00:00+00:00
[2024-01-28T23:35:11.167+0100] {processor.py:183} INFO - Processing /home/ubuntu/.local/lib/python3.10/site-packages/airflow/example_dags/example_latest_only_with_trigger.py took 0.077 seconds
[2024-01-28T23:36:23.625+0100] {processor.py:161} INFO - Started process (PID=18355) to work on /home/ubuntu/.local/lib/python3.10/site-packages/airflow/example_dags/example_latest_only_with_trigger.py
[2024-01-28T23:36:23.628+0100] {processor.py:830} INFO - Processing file /home/ubuntu/.local/lib/python3.10/site-packages/airflow/example_dags/example_latest_only_with_trigger.py for tasks to queue
[2024-01-28T23:36:23.629+0100] {logging_mixin.py:188} INFO - [2024-01-28T23:36:23.628+0100] {dagbag.py:538} INFO - Filling up the DagBag from /home/ubuntu/.local/lib/python3.10/site-packages/airflow/example_dags/example_latest_only_with_trigger.py
[2024-01-28T23:36:23.636+0100] {processor.py:840} INFO - DAG(s) 'latest_only_with_trigger' retrieved from /home/ubuntu/.local/lib/python3.10/site-packages/airflow/example_dags/example_latest_only_with_trigger.py
[2024-01-28T23:36:23.654+0100] {logging_mixin.py:188} INFO - [2024-01-28T23:36:23.653+0100] {dag.py:3033} INFO - Sync 1 DAGs
[2024-01-28T23:36:23.673+0100] {logging_mixin.py:188} INFO - [2024-01-28T23:36:23.673+0100] {dag.py:3820} INFO - Setting next_dagrun for latest_only_with_trigger to 2024-01-28T16:00:00+00:00, run_after=2024-01-28T20:00:00+00:00
[2024-01-28T23:36:23.704+0100] {processor.py:183} INFO - Processing /home/ubuntu/.local/lib/python3.10/site-packages/airflow/example_dags/example_latest_only_with_trigger.py took 0.084 seconds
[2024-01-28T23:37:36.935+0100] {processor.py:161} INFO - Started process (PID=18429) to work on /home/ubuntu/.local/lib/python3.10/site-packages/airflow/example_dags/example_latest_only_with_trigger.py
[2024-01-28T23:37:36.939+0100] {processor.py:830} INFO - Processing file /home/ubuntu/.local/lib/python3.10/site-packages/airflow/example_dags/example_latest_only_with_trigger.py for tasks to queue
[2024-01-28T23:37:36.941+0100] {logging_mixin.py:188} INFO - [2024-01-28T23:37:36.940+0100] {dagbag.py:538} INFO - Filling up the DagBag from /home/ubuntu/.local/lib/python3.10/site-packages/airflow/example_dags/example_latest_only_with_trigger.py
[2024-01-28T23:37:36.951+0100] {processor.py:840} INFO - DAG(s) 'latest_only_with_trigger' retrieved from /home/ubuntu/.local/lib/python3.10/site-packages/airflow/example_dags/example_latest_only_with_trigger.py
[2024-01-28T23:37:37.082+0100] {logging_mixin.py:188} INFO - [2024-01-28T23:37:37.082+0100] {dag.py:3033} INFO - Sync 1 DAGs
[2024-01-28T23:37:37.101+0100] {logging_mixin.py:188} INFO - [2024-01-28T23:37:37.101+0100] {dag.py:3820} INFO - Setting next_dagrun for latest_only_with_trigger to 2024-01-28T16:00:00+00:00, run_after=2024-01-28T20:00:00+00:00
[2024-01-28T23:37:37.130+0100] {processor.py:183} INFO - Processing /home/ubuntu/.local/lib/python3.10/site-packages/airflow/example_dags/example_latest_only_with_trigger.py took 0.199 seconds
[2024-01-28T23:38:49.676+0100] {processor.py:161} INFO - Started process (PID=19197) to work on /home/ubuntu/.local/lib/python3.10/site-packages/airflow/example_dags/example_latest_only_with_trigger.py
[2024-01-28T23:38:49.680+0100] {processor.py:830} INFO - Processing file /home/ubuntu/.local/lib/python3.10/site-packages/airflow/example_dags/example_latest_only_with_trigger.py for tasks to queue
[2024-01-28T23:38:49.682+0100] {logging_mixin.py:188} INFO - [2024-01-28T23:38:49.681+0100] {dagbag.py:538} INFO - Filling up the DagBag from /home/ubuntu/.local/lib/python3.10/site-packages/airflow/example_dags/example_latest_only_with_trigger.py
[2024-01-28T23:38:49.693+0100] {processor.py:840} INFO - DAG(s) 'latest_only_with_trigger' retrieved from /home/ubuntu/.local/lib/python3.10/site-packages/airflow/example_dags/example_latest_only_with_trigger.py
[2024-01-28T23:38:49.717+0100] {logging_mixin.py:188} INFO - [2024-01-28T23:38:49.716+0100] {dag.py:3033} INFO - Sync 1 DAGs
[2024-01-28T23:38:49.856+0100] {logging_mixin.py:188} INFO - [2024-01-28T23:38:49.856+0100] {dag.py:3820} INFO - Setting next_dagrun for latest_only_with_trigger to 2024-01-28T16:00:00+00:00, run_after=2024-01-28T20:00:00+00:00
[2024-01-28T23:38:49.882+0100] {processor.py:183} INFO - Processing /home/ubuntu/.local/lib/python3.10/site-packages/airflow/example_dags/example_latest_only_with_trigger.py took 0.212 seconds
[2024-01-28T23:40:00.795+0100] {processor.py:161} INFO - Started process (PID=19279) to work on /home/ubuntu/.local/lib/python3.10/site-packages/airflow/example_dags/example_latest_only_with_trigger.py
[2024-01-28T23:40:00.798+0100] {processor.py:830} INFO - Processing file /home/ubuntu/.local/lib/python3.10/site-packages/airflow/example_dags/example_latest_only_with_trigger.py for tasks to queue
[2024-01-28T23:40:00.799+0100] {logging_mixin.py:188} INFO - [2024-01-28T23:40:00.799+0100] {dagbag.py:538} INFO - Filling up the DagBag from /home/ubuntu/.local/lib/python3.10/site-packages/airflow/example_dags/example_latest_only_with_trigger.py
[2024-01-28T23:40:00.807+0100] {processor.py:840} INFO - DAG(s) 'latest_only_with_trigger' retrieved from /home/ubuntu/.local/lib/python3.10/site-packages/airflow/example_dags/example_latest_only_with_trigger.py
[2024-01-28T23:40:00.825+0100] {logging_mixin.py:188} INFO - [2024-01-28T23:40:00.825+0100] {dag.py:3033} INFO - Sync 1 DAGs
[2024-01-28T23:40:00.847+0100] {logging_mixin.py:188} INFO - [2024-01-28T23:40:00.847+0100] {dag.py:3820} INFO - Setting next_dagrun for latest_only_with_trigger to 2024-01-28T16:00:00+00:00, run_after=2024-01-28T20:00:00+00:00
[2024-01-28T23:40:00.877+0100] {processor.py:183} INFO - Processing /home/ubuntu/.local/lib/python3.10/site-packages/airflow/example_dags/example_latest_only_with_trigger.py took 0.085 seconds
[2024-01-28T23:41:00.902+0100] {processor.py:161} INFO - Started process (PID=19352) to work on /home/ubuntu/.local/lib/python3.10/site-packages/airflow/example_dags/example_latest_only_with_trigger.py
[2024-01-28T23:41:00.904+0100] {processor.py:830} INFO - Processing file /home/ubuntu/.local/lib/python3.10/site-packages/airflow/example_dags/example_latest_only_with_trigger.py for tasks to queue
[2024-01-28T23:41:00.905+0100] {logging_mixin.py:188} INFO - [2024-01-28T23:41:00.905+0100] {dagbag.py:538} INFO - Filling up the DagBag from /home/ubuntu/.local/lib/python3.10/site-packages/airflow/example_dags/example_latest_only_with_trigger.py
[2024-01-28T23:41:00.915+0100] {processor.py:840} INFO - DAG(s) 'latest_only_with_trigger' retrieved from /home/ubuntu/.local/lib/python3.10/site-packages/airflow/example_dags/example_latest_only_with_trigger.py
[2024-01-28T23:41:00.936+0100] {logging_mixin.py:188} INFO - [2024-01-28T23:41:00.936+0100] {dag.py:3033} INFO - Sync 1 DAGs
[2024-01-28T23:41:00.962+0100] {logging_mixin.py:188} INFO - [2024-01-28T23:41:00.962+0100] {dag.py:3820} INFO - Setting next_dagrun for latest_only_with_trigger to 2024-01-28T16:00:00+00:00, run_after=2024-01-28T20:00:00+00:00
[2024-01-28T23:41:00.997+0100] {processor.py:183} INFO - Processing /home/ubuntu/.local/lib/python3.10/site-packages/airflow/example_dags/example_latest_only_with_trigger.py took 0.099 seconds
[2024-01-28T23:42:00.724+0100] {processor.py:161} INFO - Started process (PID=19435) to work on /home/ubuntu/.local/lib/python3.10/site-packages/airflow/example_dags/example_latest_only_with_trigger.py
[2024-01-28T23:42:00.729+0100] {processor.py:830} INFO - Processing file /home/ubuntu/.local/lib/python3.10/site-packages/airflow/example_dags/example_latest_only_with_trigger.py for tasks to queue
[2024-01-28T23:42:00.734+0100] {logging_mixin.py:188} INFO - [2024-01-28T23:42:00.731+0100] {dagbag.py:538} INFO - Filling up the DagBag from /home/ubuntu/.local/lib/python3.10/site-packages/airflow/example_dags/example_latest_only_with_trigger.py
[2024-01-28T23:42:00.747+0100] {processor.py:840} INFO - DAG(s) 'latest_only_with_trigger' retrieved from /home/ubuntu/.local/lib/python3.10/site-packages/airflow/example_dags/example_latest_only_with_trigger.py
[2024-01-28T23:42:00.792+0100] {logging_mixin.py:188} INFO - [2024-01-28T23:42:00.791+0100] {dag.py:3033} INFO - Sync 1 DAGs
[2024-01-28T23:42:00.829+0100] {logging_mixin.py:188} INFO - [2024-01-28T23:42:00.828+0100] {dag.py:3820} INFO - Setting next_dagrun for latest_only_with_trigger to 2024-01-28T16:00:00+00:00, run_after=2024-01-28T20:00:00+00:00
[2024-01-28T23:42:00.880+0100] {processor.py:183} INFO - Processing /home/ubuntu/.local/lib/python3.10/site-packages/airflow/example_dags/example_latest_only_with_trigger.py took 0.163 seconds
[2024-01-28T23:43:06.224+0100] {processor.py:161} INFO - Started process (PID=19507) to work on /home/ubuntu/.local/lib/python3.10/site-packages/airflow/example_dags/example_latest_only_with_trigger.py
[2024-01-28T23:43:06.226+0100] {processor.py:830} INFO - Processing file /home/ubuntu/.local/lib/python3.10/site-packages/airflow/example_dags/example_latest_only_with_trigger.py for tasks to queue
[2024-01-28T23:43:06.227+0100] {logging_mixin.py:188} INFO - [2024-01-28T23:43:06.227+0100] {dagbag.py:538} INFO - Filling up the DagBag from /home/ubuntu/.local/lib/python3.10/site-packages/airflow/example_dags/example_latest_only_with_trigger.py
[2024-01-28T23:43:06.236+0100] {processor.py:840} INFO - DAG(s) 'latest_only_with_trigger' retrieved from /home/ubuntu/.local/lib/python3.10/site-packages/airflow/example_dags/example_latest_only_with_trigger.py
[2024-01-28T23:43:06.254+0100] {logging_mixin.py:188} INFO - [2024-01-28T23:43:06.254+0100] {dag.py:3033} INFO - Sync 1 DAGs
[2024-01-28T23:43:06.275+0100] {logging_mixin.py:188} INFO - [2024-01-28T23:43:06.274+0100] {dag.py:3820} INFO - Setting next_dagrun for latest_only_with_trigger to 2024-01-28T16:00:00+00:00, run_after=2024-01-28T20:00:00+00:00
[2024-01-28T23:43:06.305+0100] {processor.py:183} INFO - Processing /home/ubuntu/.local/lib/python3.10/site-packages/airflow/example_dags/example_latest_only_with_trigger.py took 0.086 seconds
[2024-01-28T23:44:14.071+0100] {processor.py:161} INFO - Started process (PID=19584) to work on /home/ubuntu/.local/lib/python3.10/site-packages/airflow/example_dags/example_latest_only_with_trigger.py
[2024-01-28T23:44:14.073+0100] {processor.py:830} INFO - Processing file /home/ubuntu/.local/lib/python3.10/site-packages/airflow/example_dags/example_latest_only_with_trigger.py for tasks to queue
[2024-01-28T23:44:14.074+0100] {logging_mixin.py:188} INFO - [2024-01-28T23:44:14.074+0100] {dagbag.py:538} INFO - Filling up the DagBag from /home/ubuntu/.local/lib/python3.10/site-packages/airflow/example_dags/example_latest_only_with_trigger.py
[2024-01-28T23:44:14.083+0100] {processor.py:840} INFO - DAG(s) 'latest_only_with_trigger' retrieved from /home/ubuntu/.local/lib/python3.10/site-packages/airflow/example_dags/example_latest_only_with_trigger.py
[2024-01-28T23:44:14.111+0100] {logging_mixin.py:188} INFO - [2024-01-28T23:44:14.111+0100] {dag.py:3033} INFO - Sync 1 DAGs
[2024-01-28T23:44:14.143+0100] {logging_mixin.py:188} INFO - [2024-01-28T23:44:14.142+0100] {dag.py:3820} INFO - Setting next_dagrun for latest_only_with_trigger to 2024-01-28T16:00:00+00:00, run_after=2024-01-28T20:00:00+00:00
[2024-01-28T23:44:14.177+0100] {processor.py:183} INFO - Processing /home/ubuntu/.local/lib/python3.10/site-packages/airflow/example_dags/example_latest_only_with_trigger.py took 0.111 seconds
[2024-01-28T23:45:22.876+0100] {processor.py:161} INFO - Started process (PID=19658) to work on /home/ubuntu/.local/lib/python3.10/site-packages/airflow/example_dags/example_latest_only_with_trigger.py
[2024-01-28T23:45:22.879+0100] {processor.py:830} INFO - Processing file /home/ubuntu/.local/lib/python3.10/site-packages/airflow/example_dags/example_latest_only_with_trigger.py for tasks to queue
[2024-01-28T23:45:22.881+0100] {logging_mixin.py:188} INFO - [2024-01-28T23:45:22.881+0100] {dagbag.py:538} INFO - Filling up the DagBag from /home/ubuntu/.local/lib/python3.10/site-packages/airflow/example_dags/example_latest_only_with_trigger.py
[2024-01-28T23:45:22.899+0100] {processor.py:840} INFO - DAG(s) 'latest_only_with_trigger' retrieved from /home/ubuntu/.local/lib/python3.10/site-packages/airflow/example_dags/example_latest_only_with_trigger.py
[2024-01-28T23:45:22.925+0100] {logging_mixin.py:188} INFO - [2024-01-28T23:45:22.924+0100] {dag.py:3033} INFO - Sync 1 DAGs
[2024-01-28T23:45:22.956+0100] {logging_mixin.py:188} INFO - [2024-01-28T23:45:22.956+0100] {dag.py:3820} INFO - Setting next_dagrun for latest_only_with_trigger to 2024-01-28T16:00:00+00:00, run_after=2024-01-28T20:00:00+00:00
[2024-01-28T23:45:22.995+0100] {processor.py:183} INFO - Processing /home/ubuntu/.local/lib/python3.10/site-packages/airflow/example_dags/example_latest_only_with_trigger.py took 0.126 seconds
[2024-01-28T23:46:30.862+0100] {processor.py:161} INFO - Started process (PID=19743) to work on /home/ubuntu/.local/lib/python3.10/site-packages/airflow/example_dags/example_latest_only_with_trigger.py
[2024-01-28T23:46:30.864+0100] {processor.py:830} INFO - Processing file /home/ubuntu/.local/lib/python3.10/site-packages/airflow/example_dags/example_latest_only_with_trigger.py for tasks to queue
[2024-01-28T23:46:30.867+0100] {logging_mixin.py:188} INFO - [2024-01-28T23:46:30.866+0100] {dagbag.py:538} INFO - Filling up the DagBag from /home/ubuntu/.local/lib/python3.10/site-packages/airflow/example_dags/example_latest_only_with_trigger.py
[2024-01-28T23:46:30.875+0100] {processor.py:840} INFO - DAG(s) 'latest_only_with_trigger' retrieved from /home/ubuntu/.local/lib/python3.10/site-packages/airflow/example_dags/example_latest_only_with_trigger.py
[2024-01-28T23:46:30.893+0100] {logging_mixin.py:188} INFO - [2024-01-28T23:46:30.893+0100] {dag.py:3033} INFO - Sync 1 DAGs
[2024-01-28T23:46:30.915+0100] {logging_mixin.py:188} INFO - [2024-01-28T23:46:30.915+0100] {dag.py:3820} INFO - Setting next_dagrun for latest_only_with_trigger to 2024-01-28T16:00:00+00:00, run_after=2024-01-28T20:00:00+00:00
[2024-01-28T23:46:30.945+0100] {processor.py:183} INFO - Processing /home/ubuntu/.local/lib/python3.10/site-packages/airflow/example_dags/example_latest_only_with_trigger.py took 0.086 seconds
[2024-01-28T23:47:26.080+0100] {processor.py:161} INFO - Started process (PID=19807) to work on /home/ubuntu/.local/lib/python3.10/site-packages/airflow/example_dags/example_latest_only_with_trigger.py
[2024-01-28T23:47:26.084+0100] {processor.py:830} INFO - Processing file /home/ubuntu/.local/lib/python3.10/site-packages/airflow/example_dags/example_latest_only_with_trigger.py for tasks to queue
[2024-01-28T23:47:26.086+0100] {logging_mixin.py:188} INFO - [2024-01-28T23:47:26.085+0100] {dagbag.py:538} INFO - Filling up the DagBag from /home/ubuntu/.local/lib/python3.10/site-packages/airflow/example_dags/example_latest_only_with_trigger.py
[2024-01-28T23:47:26.093+0100] {processor.py:840} INFO - DAG(s) 'latest_only_with_trigger' retrieved from /home/ubuntu/.local/lib/python3.10/site-packages/airflow/example_dags/example_latest_only_with_trigger.py
[2024-01-28T23:47:26.111+0100] {logging_mixin.py:188} INFO - [2024-01-28T23:47:26.111+0100] {dag.py:3033} INFO - Sync 1 DAGs
[2024-01-28T23:47:26.133+0100] {logging_mixin.py:188} INFO - [2024-01-28T23:47:26.133+0100] {dag.py:3820} INFO - Setting next_dagrun for latest_only_with_trigger to 2024-01-28T16:00:00+00:00, run_after=2024-01-28T20:00:00+00:00
[2024-01-28T23:47:26.168+0100] {processor.py:183} INFO - Processing /home/ubuntu/.local/lib/python3.10/site-packages/airflow/example_dags/example_latest_only_with_trigger.py took 0.091 seconds
[2024-01-28T23:48:22.560+0100] {processor.py:161} INFO - Started process (PID=19872) to work on /home/ubuntu/.local/lib/python3.10/site-packages/airflow/example_dags/example_latest_only_with_trigger.py
[2024-01-28T23:48:22.562+0100] {processor.py:830} INFO - Processing file /home/ubuntu/.local/lib/python3.10/site-packages/airflow/example_dags/example_latest_only_with_trigger.py for tasks to queue
[2024-01-28T23:48:22.563+0100] {logging_mixin.py:188} INFO - [2024-01-28T23:48:22.563+0100] {dagbag.py:538} INFO - Filling up the DagBag from /home/ubuntu/.local/lib/python3.10/site-packages/airflow/example_dags/example_latest_only_with_trigger.py
[2024-01-28T23:48:22.572+0100] {processor.py:840} INFO - DAG(s) 'latest_only_with_trigger' retrieved from /home/ubuntu/.local/lib/python3.10/site-packages/airflow/example_dags/example_latest_only_with_trigger.py
[2024-01-28T23:48:22.589+0100] {logging_mixin.py:188} INFO - [2024-01-28T23:48:22.589+0100] {dag.py:3033} INFO - Sync 1 DAGs
[2024-01-28T23:48:22.613+0100] {logging_mixin.py:188} INFO - [2024-01-28T23:48:22.613+0100] {dag.py:3820} INFO - Setting next_dagrun for latest_only_with_trigger to 2024-01-28T16:00:00+00:00, run_after=2024-01-28T20:00:00+00:00
[2024-01-28T23:48:22.646+0100] {processor.py:183} INFO - Processing /home/ubuntu/.local/lib/python3.10/site-packages/airflow/example_dags/example_latest_only_with_trigger.py took 0.091 seconds
[2024-01-28T23:49:15.273+0100] {processor.py:161} INFO - Started process (PID=19934) to work on /home/ubuntu/.local/lib/python3.10/site-packages/airflow/example_dags/example_latest_only_with_trigger.py
[2024-01-28T23:49:15.275+0100] {processor.py:830} INFO - Processing file /home/ubuntu/.local/lib/python3.10/site-packages/airflow/example_dags/example_latest_only_with_trigger.py for tasks to queue
[2024-01-28T23:49:15.277+0100] {logging_mixin.py:188} INFO - [2024-01-28T23:49:15.276+0100] {dagbag.py:538} INFO - Filling up the DagBag from /home/ubuntu/.local/lib/python3.10/site-packages/airflow/example_dags/example_latest_only_with_trigger.py
[2024-01-28T23:49:15.284+0100] {processor.py:840} INFO - DAG(s) 'latest_only_with_trigger' retrieved from /home/ubuntu/.local/lib/python3.10/site-packages/airflow/example_dags/example_latest_only_with_trigger.py
[2024-01-28T23:49:15.301+0100] {logging_mixin.py:188} INFO - [2024-01-28T23:49:15.301+0100] {dag.py:3033} INFO - Sync 1 DAGs
[2024-01-28T23:49:15.322+0100] {logging_mixin.py:188} INFO - [2024-01-28T23:49:15.322+0100] {dag.py:3820} INFO - Setting next_dagrun for latest_only_with_trigger to 2024-01-28T16:00:00+00:00, run_after=2024-01-28T20:00:00+00:00
[2024-01-28T23:49:15.367+0100] {processor.py:183} INFO - Processing /home/ubuntu/.local/lib/python3.10/site-packages/airflow/example_dags/example_latest_only_with_trigger.py took 0.098 seconds
[2024-01-28T23:50:15.818+0100] {processor.py:161} INFO - Started process (PID=20008) to work on /home/ubuntu/.local/lib/python3.10/site-packages/airflow/example_dags/example_latest_only_with_trigger.py
[2024-01-28T23:50:15.821+0100] {processor.py:830} INFO - Processing file /home/ubuntu/.local/lib/python3.10/site-packages/airflow/example_dags/example_latest_only_with_trigger.py for tasks to queue
[2024-01-28T23:50:15.831+0100] {logging_mixin.py:188} INFO - [2024-01-28T23:50:15.822+0100] {dagbag.py:538} INFO - Filling up the DagBag from /home/ubuntu/.local/lib/python3.10/site-packages/airflow/example_dags/example_latest_only_with_trigger.py
[2024-01-28T23:50:15.841+0100] {processor.py:840} INFO - DAG(s) 'latest_only_with_trigger' retrieved from /home/ubuntu/.local/lib/python3.10/site-packages/airflow/example_dags/example_latest_only_with_trigger.py
[2024-01-28T23:50:15.858+0100] {logging_mixin.py:188} INFO - [2024-01-28T23:50:15.858+0100] {dag.py:3033} INFO - Sync 1 DAGs
[2024-01-28T23:50:15.876+0100] {logging_mixin.py:188} INFO - [2024-01-28T23:50:15.876+0100] {dag.py:3820} INFO - Setting next_dagrun for latest_only_with_trigger to 2024-01-28T16:00:00+00:00, run_after=2024-01-28T20:00:00+00:00
[2024-01-28T23:50:15.966+0100] {processor.py:183} INFO - Processing /home/ubuntu/.local/lib/python3.10/site-packages/airflow/example_dags/example_latest_only_with_trigger.py took 0.151 seconds
[2024-01-28T23:51:19.549+0100] {processor.py:161} INFO - Started process (PID=20079) to work on /home/ubuntu/.local/lib/python3.10/site-packages/airflow/example_dags/example_latest_only_with_trigger.py
[2024-01-28T23:51:19.551+0100] {processor.py:830} INFO - Processing file /home/ubuntu/.local/lib/python3.10/site-packages/airflow/example_dags/example_latest_only_with_trigger.py for tasks to queue
[2024-01-28T23:51:19.552+0100] {logging_mixin.py:188} INFO - [2024-01-28T23:51:19.552+0100] {dagbag.py:538} INFO - Filling up the DagBag from /home/ubuntu/.local/lib/python3.10/site-packages/airflow/example_dags/example_latest_only_with_trigger.py
[2024-01-28T23:51:19.560+0100] {processor.py:840} INFO - DAG(s) 'latest_only_with_trigger' retrieved from /home/ubuntu/.local/lib/python3.10/site-packages/airflow/example_dags/example_latest_only_with_trigger.py
[2024-01-28T23:51:19.579+0100] {logging_mixin.py:188} INFO - [2024-01-28T23:51:19.578+0100] {dag.py:3033} INFO - Sync 1 DAGs
[2024-01-28T23:51:19.599+0100] {logging_mixin.py:188} INFO - [2024-01-28T23:51:19.599+0100] {dag.py:3820} INFO - Setting next_dagrun for latest_only_with_trigger to 2024-01-28T16:00:00+00:00, run_after=2024-01-28T20:00:00+00:00
[2024-01-28T23:51:19.628+0100] {processor.py:183} INFO - Processing /home/ubuntu/.local/lib/python3.10/site-packages/airflow/example_dags/example_latest_only_with_trigger.py took 0.083 seconds
[2024-01-28T23:52:22.647+0100] {processor.py:161} INFO - Started process (PID=20155) to work on /home/ubuntu/.local/lib/python3.10/site-packages/airflow/example_dags/example_latest_only_with_trigger.py
[2024-01-28T23:52:22.650+0100] {processor.py:830} INFO - Processing file /home/ubuntu/.local/lib/python3.10/site-packages/airflow/example_dags/example_latest_only_with_trigger.py for tasks to queue
[2024-01-28T23:52:22.652+0100] {logging_mixin.py:188} INFO - [2024-01-28T23:52:22.651+0100] {dagbag.py:538} INFO - Filling up the DagBag from /home/ubuntu/.local/lib/python3.10/site-packages/airflow/example_dags/example_latest_only_with_trigger.py
[2024-01-28T23:52:22.659+0100] {processor.py:840} INFO - DAG(s) 'latest_only_with_trigger' retrieved from /home/ubuntu/.local/lib/python3.10/site-packages/airflow/example_dags/example_latest_only_with_trigger.py
[2024-01-28T23:52:22.676+0100] {logging_mixin.py:188} INFO - [2024-01-28T23:52:22.675+0100] {dag.py:3033} INFO - Sync 1 DAGs
[2024-01-28T23:52:22.696+0100] {logging_mixin.py:188} INFO - [2024-01-28T23:52:22.696+0100] {dag.py:3820} INFO - Setting next_dagrun for latest_only_with_trigger to 2024-01-28T16:00:00+00:00, run_after=2024-01-28T20:00:00+00:00
[2024-01-28T23:52:22.726+0100] {processor.py:183} INFO - Processing /home/ubuntu/.local/lib/python3.10/site-packages/airflow/example_dags/example_latest_only_with_trigger.py took 0.082 seconds
[2024-01-28T23:53:23.105+0100] {processor.py:161} INFO - Started process (PID=20226) to work on /home/ubuntu/.local/lib/python3.10/site-packages/airflow/example_dags/example_latest_only_with_trigger.py
[2024-01-28T23:53:23.108+0100] {processor.py:830} INFO - Processing file /home/ubuntu/.local/lib/python3.10/site-packages/airflow/example_dags/example_latest_only_with_trigger.py for tasks to queue
[2024-01-28T23:53:23.109+0100] {logging_mixin.py:188} INFO - [2024-01-28T23:53:23.109+0100] {dagbag.py:538} INFO - Filling up the DagBag from /home/ubuntu/.local/lib/python3.10/site-packages/airflow/example_dags/example_latest_only_with_trigger.py
[2024-01-28T23:53:23.118+0100] {processor.py:840} INFO - DAG(s) 'latest_only_with_trigger' retrieved from /home/ubuntu/.local/lib/python3.10/site-packages/airflow/example_dags/example_latest_only_with_trigger.py
[2024-01-28T23:53:23.139+0100] {logging_mixin.py:188} INFO - [2024-01-28T23:53:23.139+0100] {dag.py:3033} INFO - Sync 1 DAGs
[2024-01-28T23:53:23.160+0100] {logging_mixin.py:188} INFO - [2024-01-28T23:53:23.160+0100] {dag.py:3820} INFO - Setting next_dagrun for latest_only_with_trigger to 2024-01-28T16:00:00+00:00, run_after=2024-01-28T20:00:00+00:00
[2024-01-28T23:53:23.193+0100] {processor.py:183} INFO - Processing /home/ubuntu/.local/lib/python3.10/site-packages/airflow/example_dags/example_latest_only_with_trigger.py took 0.091 seconds
[2024-01-28T23:54:30.650+0100] {processor.py:161} INFO - Started process (PID=20312) to work on /home/ubuntu/.local/lib/python3.10/site-packages/airflow/example_dags/example_latest_only_with_trigger.py
[2024-01-28T23:54:30.653+0100] {processor.py:830} INFO - Processing file /home/ubuntu/.local/lib/python3.10/site-packages/airflow/example_dags/example_latest_only_with_trigger.py for tasks to queue
[2024-01-28T23:54:30.654+0100] {logging_mixin.py:188} INFO - [2024-01-28T23:54:30.654+0100] {dagbag.py:538} INFO - Filling up the DagBag from /home/ubuntu/.local/lib/python3.10/site-packages/airflow/example_dags/example_latest_only_with_trigger.py
[2024-01-28T23:54:30.662+0100] {processor.py:840} INFO - DAG(s) 'latest_only_with_trigger' retrieved from /home/ubuntu/.local/lib/python3.10/site-packages/airflow/example_dags/example_latest_only_with_trigger.py
[2024-01-28T23:54:30.681+0100] {logging_mixin.py:188} INFO - [2024-01-28T23:54:30.681+0100] {dag.py:3033} INFO - Sync 1 DAGs
[2024-01-28T23:54:30.702+0100] {logging_mixin.py:188} INFO - [2024-01-28T23:54:30.702+0100] {dag.py:3820} INFO - Setting next_dagrun for latest_only_with_trigger to 2024-01-28T16:00:00+00:00, run_after=2024-01-28T20:00:00+00:00
[2024-01-28T23:54:30.739+0100] {processor.py:183} INFO - Processing /home/ubuntu/.local/lib/python3.10/site-packages/airflow/example_dags/example_latest_only_with_trigger.py took 0.093 seconds
[2024-01-28T23:55:26.651+0100] {processor.py:161} INFO - Started process (PID=20378) to work on /home/ubuntu/.local/lib/python3.10/site-packages/airflow/example_dags/example_latest_only_with_trigger.py
[2024-01-28T23:55:26.653+0100] {processor.py:830} INFO - Processing file /home/ubuntu/.local/lib/python3.10/site-packages/airflow/example_dags/example_latest_only_with_trigger.py for tasks to queue
[2024-01-28T23:55:26.655+0100] {logging_mixin.py:188} INFO - [2024-01-28T23:55:26.654+0100] {dagbag.py:538} INFO - Filling up the DagBag from /home/ubuntu/.local/lib/python3.10/site-packages/airflow/example_dags/example_latest_only_with_trigger.py
[2024-01-28T23:55:26.661+0100] {processor.py:840} INFO - DAG(s) 'latest_only_with_trigger' retrieved from /home/ubuntu/.local/lib/python3.10/site-packages/airflow/example_dags/example_latest_only_with_trigger.py
[2024-01-28T23:55:26.681+0100] {logging_mixin.py:188} INFO - [2024-01-28T23:55:26.681+0100] {dag.py:3033} INFO - Sync 1 DAGs
[2024-01-28T23:55:26.699+0100] {logging_mixin.py:188} INFO - [2024-01-28T23:55:26.698+0100] {dag.py:3820} INFO - Setting next_dagrun for latest_only_with_trigger to 2024-01-28T16:00:00+00:00, run_after=2024-01-28T20:00:00+00:00
[2024-01-28T23:55:26.726+0100] {processor.py:183} INFO - Processing /home/ubuntu/.local/lib/python3.10/site-packages/airflow/example_dags/example_latest_only_with_trigger.py took 0.079 seconds
[2024-01-28T23:56:29.468+0100] {processor.py:161} INFO - Started process (PID=20456) to work on /home/ubuntu/.local/lib/python3.10/site-packages/airflow/example_dags/example_latest_only_with_trigger.py
[2024-01-28T23:56:29.470+0100] {processor.py:830} INFO - Processing file /home/ubuntu/.local/lib/python3.10/site-packages/airflow/example_dags/example_latest_only_with_trigger.py for tasks to queue
[2024-01-28T23:56:29.471+0100] {logging_mixin.py:188} INFO - [2024-01-28T23:56:29.471+0100] {dagbag.py:538} INFO - Filling up the DagBag from /home/ubuntu/.local/lib/python3.10/site-packages/airflow/example_dags/example_latest_only_with_trigger.py
[2024-01-28T23:56:29.479+0100] {processor.py:840} INFO - DAG(s) 'latest_only_with_trigger' retrieved from /home/ubuntu/.local/lib/python3.10/site-packages/airflow/example_dags/example_latest_only_with_trigger.py
[2024-01-28T23:56:29.496+0100] {logging_mixin.py:188} INFO - [2024-01-28T23:56:29.496+0100] {dag.py:3033} INFO - Sync 1 DAGs
[2024-01-28T23:56:29.526+0100] {logging_mixin.py:188} INFO - [2024-01-28T23:56:29.526+0100] {dag.py:3820} INFO - Setting next_dagrun for latest_only_with_trigger to 2024-01-28T16:00:00+00:00, run_after=2024-01-28T20:00:00+00:00
[2024-01-28T23:56:29.557+0100] {processor.py:183} INFO - Processing /home/ubuntu/.local/lib/python3.10/site-packages/airflow/example_dags/example_latest_only_with_trigger.py took 0.092 seconds
[2024-01-28T23:57:26.864+0100] {processor.py:161} INFO - Started process (PID=20525) to work on /home/ubuntu/.local/lib/python3.10/site-packages/airflow/example_dags/example_latest_only_with_trigger.py
[2024-01-28T23:57:26.873+0100] {processor.py:830} INFO - Processing file /home/ubuntu/.local/lib/python3.10/site-packages/airflow/example_dags/example_latest_only_with_trigger.py for tasks to queue
[2024-01-28T23:57:26.874+0100] {logging_mixin.py:188} INFO - [2024-01-28T23:57:26.874+0100] {dagbag.py:538} INFO - Filling up the DagBag from /home/ubuntu/.local/lib/python3.10/site-packages/airflow/example_dags/example_latest_only_with_trigger.py
[2024-01-28T23:57:26.881+0100] {processor.py:840} INFO - DAG(s) 'latest_only_with_trigger' retrieved from /home/ubuntu/.local/lib/python3.10/site-packages/airflow/example_dags/example_latest_only_with_trigger.py
[2024-01-28T23:57:26.900+0100] {logging_mixin.py:188} INFO - [2024-01-28T23:57:26.900+0100] {dag.py:3033} INFO - Sync 1 DAGs
[2024-01-28T23:57:26.919+0100] {logging_mixin.py:188} INFO - [2024-01-28T23:57:26.919+0100] {dag.py:3820} INFO - Setting next_dagrun for latest_only_with_trigger to 2024-01-28T16:00:00+00:00, run_after=2024-01-28T20:00:00+00:00
[2024-01-28T23:57:26.949+0100] {processor.py:183} INFO - Processing /home/ubuntu/.local/lib/python3.10/site-packages/airflow/example_dags/example_latest_only_with_trigger.py took 0.089 seconds
[2024-01-28T23:58:29.779+0100] {processor.py:161} INFO - Started process (PID=20601) to work on /home/ubuntu/.local/lib/python3.10/site-packages/airflow/example_dags/example_latest_only_with_trigger.py
[2024-01-28T23:58:29.783+0100] {processor.py:830} INFO - Processing file /home/ubuntu/.local/lib/python3.10/site-packages/airflow/example_dags/example_latest_only_with_trigger.py for tasks to queue
[2024-01-28T23:58:29.784+0100] {logging_mixin.py:188} INFO - [2024-01-28T23:58:29.783+0100] {dagbag.py:538} INFO - Filling up the DagBag from /home/ubuntu/.local/lib/python3.10/site-packages/airflow/example_dags/example_latest_only_with_trigger.py
[2024-01-28T23:58:29.790+0100] {processor.py:840} INFO - DAG(s) 'latest_only_with_trigger' retrieved from /home/ubuntu/.local/lib/python3.10/site-packages/airflow/example_dags/example_latest_only_with_trigger.py
[2024-01-28T23:58:29.805+0100] {logging_mixin.py:188} INFO - [2024-01-28T23:58:29.805+0100] {dag.py:3033} INFO - Sync 1 DAGs
[2024-01-28T23:58:29.824+0100] {logging_mixin.py:188} INFO - [2024-01-28T23:58:29.824+0100] {dag.py:3820} INFO - Setting next_dagrun for latest_only_with_trigger to 2024-01-28T16:00:00+00:00, run_after=2024-01-28T20:00:00+00:00
[2024-01-28T23:58:29.868+0100] {processor.py:183} INFO - Processing /home/ubuntu/.local/lib/python3.10/site-packages/airflow/example_dags/example_latest_only_with_trigger.py took 0.092 seconds
[2024-01-28T23:59:29.760+0100] {processor.py:161} INFO - Started process (PID=20668) to work on /home/ubuntu/.local/lib/python3.10/site-packages/airflow/example_dags/example_latest_only_with_trigger.py
[2024-01-28T23:59:29.763+0100] {processor.py:830} INFO - Processing file /home/ubuntu/.local/lib/python3.10/site-packages/airflow/example_dags/example_latest_only_with_trigger.py for tasks to queue
[2024-01-28T23:59:29.765+0100] {logging_mixin.py:188} INFO - [2024-01-28T23:59:29.764+0100] {dagbag.py:538} INFO - Filling up the DagBag from /home/ubuntu/.local/lib/python3.10/site-packages/airflow/example_dags/example_latest_only_with_trigger.py
[2024-01-28T23:59:29.772+0100] {processor.py:840} INFO - DAG(s) 'latest_only_with_trigger' retrieved from /home/ubuntu/.local/lib/python3.10/site-packages/airflow/example_dags/example_latest_only_with_trigger.py
[2024-01-28T23:59:29.790+0100] {logging_mixin.py:188} INFO - [2024-01-28T23:59:29.789+0100] {dag.py:3033} INFO - Sync 1 DAGs
[2024-01-28T23:59:29.811+0100] {logging_mixin.py:188} INFO - [2024-01-28T23:59:29.811+0100] {dag.py:3820} INFO - Setting next_dagrun for latest_only_with_trigger to 2024-01-28T16:00:00+00:00, run_after=2024-01-28T20:00:00+00:00
[2024-01-28T23:59:29.839+0100] {processor.py:183} INFO - Processing /home/ubuntu/.local/lib/python3.10/site-packages/airflow/example_dags/example_latest_only_with_trigger.py took 0.082 seconds
[2024-01-29T00:00:35.676+0100] {processor.py:161} INFO - Started process (PID=20839) to work on /home/ubuntu/.local/lib/python3.10/site-packages/airflow/example_dags/example_latest_only_with_trigger.py
[2024-01-29T00:00:35.679+0100] {processor.py:830} INFO - Processing file /home/ubuntu/.local/lib/python3.10/site-packages/airflow/example_dags/example_latest_only_with_trigger.py for tasks to queue
[2024-01-29T00:00:35.680+0100] {logging_mixin.py:188} INFO - [2024-01-29T00:00:35.680+0100] {dagbag.py:538} INFO - Filling up the DagBag from /home/ubuntu/.local/lib/python3.10/site-packages/airflow/example_dags/example_latest_only_with_trigger.py
[2024-01-29T00:00:35.688+0100] {processor.py:840} INFO - DAG(s) 'latest_only_with_trigger' retrieved from /home/ubuntu/.local/lib/python3.10/site-packages/airflow/example_dags/example_latest_only_with_trigger.py
[2024-01-29T00:00:35.705+0100] {logging_mixin.py:188} INFO - [2024-01-29T00:00:35.705+0100] {dag.py:3033} INFO - Sync 1 DAGs
[2024-01-29T00:00:35.728+0100] {logging_mixin.py:188} INFO - [2024-01-29T00:00:35.727+0100] {dag.py:3820} INFO - Setting next_dagrun for latest_only_with_trigger to 2024-01-28T16:00:00+00:00, run_after=2024-01-28T20:00:00+00:00
[2024-01-29T00:00:35.757+0100] {processor.py:183} INFO - Processing /home/ubuntu/.local/lib/python3.10/site-packages/airflow/example_dags/example_latest_only_with_trigger.py took 0.085 seconds
[2024-01-29T00:01:34.346+0100] {processor.py:161} INFO - Started process (PID=20914) to work on /home/ubuntu/.local/lib/python3.10/site-packages/airflow/example_dags/example_latest_only_with_trigger.py
[2024-01-29T00:01:34.349+0100] {processor.py:830} INFO - Processing file /home/ubuntu/.local/lib/python3.10/site-packages/airflow/example_dags/example_latest_only_with_trigger.py for tasks to queue
[2024-01-29T00:01:34.350+0100] {logging_mixin.py:188} INFO - [2024-01-29T00:01:34.350+0100] {dagbag.py:538} INFO - Filling up the DagBag from /home/ubuntu/.local/lib/python3.10/site-packages/airflow/example_dags/example_latest_only_with_trigger.py
[2024-01-29T00:01:34.357+0100] {processor.py:840} INFO - DAG(s) 'latest_only_with_trigger' retrieved from /home/ubuntu/.local/lib/python3.10/site-packages/airflow/example_dags/example_latest_only_with_trigger.py
[2024-01-29T00:01:34.373+0100] {logging_mixin.py:188} INFO - [2024-01-29T00:01:34.373+0100] {dag.py:3033} INFO - Sync 1 DAGs
[2024-01-29T00:01:34.392+0100] {logging_mixin.py:188} INFO - [2024-01-29T00:01:34.392+0100] {dag.py:3820} INFO - Setting next_dagrun for latest_only_with_trigger to 2024-01-28T16:00:00+00:00, run_after=2024-01-28T20:00:00+00:00
[2024-01-29T00:01:34.428+0100] {processor.py:183} INFO - Processing /home/ubuntu/.local/lib/python3.10/site-packages/airflow/example_dags/example_latest_only_with_trigger.py took 0.084 seconds
