[2024-01-28T22:57:19.007+0100] {processor.py:161} INFO - Started process (PID=15618) to work on /home/ubuntu/.local/lib/python3.10/site-packages/airflow/example_dags/example_skip_dag.py
[2024-01-28T22:57:19.008+0100] {processor.py:830} INFO - Processing file /home/ubuntu/.local/lib/python3.10/site-packages/airflow/example_dags/example_skip_dag.py for tasks to queue
[2024-01-28T22:57:19.009+0100] {logging_mixin.py:188} INFO - [2024-01-28T22:57:19.009+0100] {dagbag.py:538} INFO - Filling up the DagBag from /home/ubuntu/.local/lib/python3.10/site-packages/airflow/example_dags/example_skip_dag.py
[2024-01-28T22:57:19.019+0100] {processor.py:840} INFO - DAG(s) 'example_skip_dag' retrieved from /home/ubuntu/.local/lib/python3.10/site-packages/airflow/example_dags/example_skip_dag.py
[2024-01-28T22:57:19.178+0100] {logging_mixin.py:188} INFO - [2024-01-28T22:57:19.177+0100] {dag.py:3033} INFO - Sync 1 DAGs
[2024-01-28T22:57:19.223+0100] {logging_mixin.py:188} INFO - [2024-01-28T22:57:19.222+0100] {dag.py:3820} INFO - Setting next_dagrun for example_skip_dag to 2024-01-27T00:00:00+00:00, run_after=2024-01-28T00:00:00+00:00
[2024-01-28T22:57:19.278+0100] {processor.py:183} INFO - Processing /home/ubuntu/.local/lib/python3.10/site-packages/airflow/example_dags/example_skip_dag.py took 0.275 seconds
[2024-01-28T22:58:28.138+0100] {processor.py:161} INFO - Started process (PID=15682) to work on /home/ubuntu/.local/lib/python3.10/site-packages/airflow/example_dags/example_skip_dag.py
[2024-01-28T22:58:28.141+0100] {processor.py:830} INFO - Processing file /home/ubuntu/.local/lib/python3.10/site-packages/airflow/example_dags/example_skip_dag.py for tasks to queue
[2024-01-28T22:58:28.143+0100] {logging_mixin.py:188} INFO - [2024-01-28T22:58:28.142+0100] {dagbag.py:538} INFO - Filling up the DagBag from /home/ubuntu/.local/lib/python3.10/site-packages/airflow/example_dags/example_skip_dag.py
[2024-01-28T22:58:28.157+0100] {processor.py:840} INFO - DAG(s) 'example_skip_dag' retrieved from /home/ubuntu/.local/lib/python3.10/site-packages/airflow/example_dags/example_skip_dag.py
[2024-01-28T22:58:28.181+0100] {logging_mixin.py:188} INFO - [2024-01-28T22:58:28.181+0100] {dag.py:3033} INFO - Sync 1 DAGs
[2024-01-28T22:58:28.215+0100] {logging_mixin.py:188} INFO - [2024-01-28T22:58:28.215+0100] {dag.py:3820} INFO - Setting next_dagrun for example_skip_dag to 2024-01-27T00:00:00+00:00, run_after=2024-01-28T00:00:00+00:00
[2024-01-28T22:58:28.262+0100] {processor.py:183} INFO - Processing /home/ubuntu/.local/lib/python3.10/site-packages/airflow/example_dags/example_skip_dag.py took 0.128 seconds
[2024-01-28T22:59:28.012+0100] {processor.py:161} INFO - Started process (PID=15774) to work on /home/ubuntu/.local/lib/python3.10/site-packages/airflow/example_dags/example_skip_dag.py
[2024-01-28T22:59:28.014+0100] {processor.py:830} INFO - Processing file /home/ubuntu/.local/lib/python3.10/site-packages/airflow/example_dags/example_skip_dag.py for tasks to queue
[2024-01-28T22:59:28.015+0100] {logging_mixin.py:188} INFO - [2024-01-28T22:59:28.014+0100] {dagbag.py:538} INFO - Filling up the DagBag from /home/ubuntu/.local/lib/python3.10/site-packages/airflow/example_dags/example_skip_dag.py
[2024-01-28T22:59:28.023+0100] {processor.py:840} INFO - DAG(s) 'example_skip_dag' retrieved from /home/ubuntu/.local/lib/python3.10/site-packages/airflow/example_dags/example_skip_dag.py
[2024-01-28T22:59:28.042+0100] {logging_mixin.py:188} INFO - [2024-01-28T22:59:28.042+0100] {dag.py:3033} INFO - Sync 1 DAGs
[2024-01-28T22:59:28.062+0100] {logging_mixin.py:188} INFO - [2024-01-28T22:59:28.062+0100] {dag.py:3820} INFO - Setting next_dagrun for example_skip_dag to 2024-01-27T00:00:00+00:00, run_after=2024-01-28T00:00:00+00:00
[2024-01-28T22:59:28.091+0100] {processor.py:183} INFO - Processing /home/ubuntu/.local/lib/python3.10/site-packages/airflow/example_dags/example_skip_dag.py took 0.083 seconds
[2024-01-28T23:00:21.115+0100] {processor.py:161} INFO - Started process (PID=15832) to work on /home/ubuntu/.local/lib/python3.10/site-packages/airflow/example_dags/example_skip_dag.py
[2024-01-28T23:00:21.119+0100] {processor.py:830} INFO - Processing file /home/ubuntu/.local/lib/python3.10/site-packages/airflow/example_dags/example_skip_dag.py for tasks to queue
[2024-01-28T23:00:21.123+0100] {logging_mixin.py:188} INFO - [2024-01-28T23:00:21.122+0100] {dagbag.py:538} INFO - Filling up the DagBag from /home/ubuntu/.local/lib/python3.10/site-packages/airflow/example_dags/example_skip_dag.py
[2024-01-28T23:00:21.132+0100] {processor.py:840} INFO - DAG(s) 'example_skip_dag' retrieved from /home/ubuntu/.local/lib/python3.10/site-packages/airflow/example_dags/example_skip_dag.py
[2024-01-28T23:00:21.150+0100] {logging_mixin.py:188} INFO - [2024-01-28T23:00:21.150+0100] {dag.py:3033} INFO - Sync 1 DAGs
[2024-01-28T23:00:21.181+0100] {logging_mixin.py:188} INFO - [2024-01-28T23:00:21.181+0100] {dag.py:3820} INFO - Setting next_dagrun for example_skip_dag to 2024-01-27T00:00:00+00:00, run_after=2024-01-28T00:00:00+00:00
[2024-01-28T23:00:21.230+0100] {processor.py:183} INFO - Processing /home/ubuntu/.local/lib/python3.10/site-packages/airflow/example_dags/example_skip_dag.py took 0.118 seconds
[2024-01-28T23:01:13.411+0100] {processor.py:161} INFO - Started process (PID=15893) to work on /home/ubuntu/.local/lib/python3.10/site-packages/airflow/example_dags/example_skip_dag.py
[2024-01-28T23:01:13.412+0100] {processor.py:830} INFO - Processing file /home/ubuntu/.local/lib/python3.10/site-packages/airflow/example_dags/example_skip_dag.py for tasks to queue
[2024-01-28T23:01:13.414+0100] {logging_mixin.py:188} INFO - [2024-01-28T23:01:13.413+0100] {dagbag.py:538} INFO - Filling up the DagBag from /home/ubuntu/.local/lib/python3.10/site-packages/airflow/example_dags/example_skip_dag.py
[2024-01-28T23:01:13.423+0100] {processor.py:840} INFO - DAG(s) 'example_skip_dag' retrieved from /home/ubuntu/.local/lib/python3.10/site-packages/airflow/example_dags/example_skip_dag.py
[2024-01-28T23:01:13.440+0100] {logging_mixin.py:188} INFO - [2024-01-28T23:01:13.440+0100] {dag.py:3033} INFO - Sync 1 DAGs
[2024-01-28T23:01:13.459+0100] {logging_mixin.py:188} INFO - [2024-01-28T23:01:13.459+0100] {dag.py:3820} INFO - Setting next_dagrun for example_skip_dag to 2024-01-27T00:00:00+00:00, run_after=2024-01-28T00:00:00+00:00
[2024-01-28T23:01:13.509+0100] {processor.py:183} INFO - Processing /home/ubuntu/.local/lib/python3.10/site-packages/airflow/example_dags/example_skip_dag.py took 0.102 seconds
[2024-01-28T23:02:20.406+0100] {processor.py:161} INFO - Started process (PID=15968) to work on /home/ubuntu/.local/lib/python3.10/site-packages/airflow/example_dags/example_skip_dag.py
[2024-01-28T23:02:20.412+0100] {processor.py:830} INFO - Processing file /home/ubuntu/.local/lib/python3.10/site-packages/airflow/example_dags/example_skip_dag.py for tasks to queue
[2024-01-28T23:02:20.415+0100] {logging_mixin.py:188} INFO - [2024-01-28T23:02:20.413+0100] {dagbag.py:538} INFO - Filling up the DagBag from /home/ubuntu/.local/lib/python3.10/site-packages/airflow/example_dags/example_skip_dag.py
[2024-01-28T23:02:20.430+0100] {processor.py:840} INFO - DAG(s) 'example_skip_dag' retrieved from /home/ubuntu/.local/lib/python3.10/site-packages/airflow/example_dags/example_skip_dag.py
[2024-01-28T23:02:20.462+0100] {logging_mixin.py:188} INFO - [2024-01-28T23:02:20.462+0100] {dag.py:3033} INFO - Sync 1 DAGs
[2024-01-28T23:02:20.496+0100] {logging_mixin.py:188} INFO - [2024-01-28T23:02:20.496+0100] {dag.py:3820} INFO - Setting next_dagrun for example_skip_dag to 2024-01-27T00:00:00+00:00, run_after=2024-01-28T00:00:00+00:00
[2024-01-28T23:02:20.532+0100] {processor.py:183} INFO - Processing /home/ubuntu/.local/lib/python3.10/site-packages/airflow/example_dags/example_skip_dag.py took 0.131 seconds
[2024-01-28T23:03:28.935+0100] {processor.py:161} INFO - Started process (PID=16054) to work on /home/ubuntu/.local/lib/python3.10/site-packages/airflow/example_dags/example_skip_dag.py
[2024-01-28T23:03:28.938+0100] {processor.py:830} INFO - Processing file /home/ubuntu/.local/lib/python3.10/site-packages/airflow/example_dags/example_skip_dag.py for tasks to queue
[2024-01-28T23:03:28.940+0100] {logging_mixin.py:188} INFO - [2024-01-28T23:03:28.940+0100] {dagbag.py:538} INFO - Filling up the DagBag from /home/ubuntu/.local/lib/python3.10/site-packages/airflow/example_dags/example_skip_dag.py
[2024-01-28T23:03:28.954+0100] {processor.py:840} INFO - DAG(s) 'example_skip_dag' retrieved from /home/ubuntu/.local/lib/python3.10/site-packages/airflow/example_dags/example_skip_dag.py
[2024-01-28T23:03:28.979+0100] {logging_mixin.py:188} INFO - [2024-01-28T23:03:28.978+0100] {dag.py:3033} INFO - Sync 1 DAGs
[2024-01-28T23:03:29.007+0100] {logging_mixin.py:188} INFO - [2024-01-28T23:03:29.007+0100] {dag.py:3820} INFO - Setting next_dagrun for example_skip_dag to 2024-01-27T00:00:00+00:00, run_after=2024-01-28T00:00:00+00:00
[2024-01-28T23:03:29.049+0100] {processor.py:183} INFO - Processing /home/ubuntu/.local/lib/python3.10/site-packages/airflow/example_dags/example_skip_dag.py took 0.120 seconds
[2024-01-28T23:04:20.690+0100] {processor.py:161} INFO - Started process (PID=16116) to work on /home/ubuntu/.local/lib/python3.10/site-packages/airflow/example_dags/example_skip_dag.py
[2024-01-28T23:04:20.693+0100] {processor.py:830} INFO - Processing file /home/ubuntu/.local/lib/python3.10/site-packages/airflow/example_dags/example_skip_dag.py for tasks to queue
[2024-01-28T23:04:20.694+0100] {logging_mixin.py:188} INFO - [2024-01-28T23:04:20.693+0100] {dagbag.py:538} INFO - Filling up the DagBag from /home/ubuntu/.local/lib/python3.10/site-packages/airflow/example_dags/example_skip_dag.py
[2024-01-28T23:04:20.702+0100] {processor.py:840} INFO - DAG(s) 'example_skip_dag' retrieved from /home/ubuntu/.local/lib/python3.10/site-packages/airflow/example_dags/example_skip_dag.py
[2024-01-28T23:04:20.720+0100] {logging_mixin.py:188} INFO - [2024-01-28T23:04:20.719+0100] {dag.py:3033} INFO - Sync 1 DAGs
[2024-01-28T23:04:20.739+0100] {logging_mixin.py:188} INFO - [2024-01-28T23:04:20.739+0100] {dag.py:3820} INFO - Setting next_dagrun for example_skip_dag to 2024-01-27T00:00:00+00:00, run_after=2024-01-28T00:00:00+00:00
[2024-01-28T23:04:20.772+0100] {processor.py:183} INFO - Processing /home/ubuntu/.local/lib/python3.10/site-packages/airflow/example_dags/example_skip_dag.py took 0.087 seconds
[2024-01-28T23:05:25.527+0100] {processor.py:161} INFO - Started process (PID=16188) to work on /home/ubuntu/.local/lib/python3.10/site-packages/airflow/example_dags/example_skip_dag.py
[2024-01-28T23:05:25.529+0100] {processor.py:830} INFO - Processing file /home/ubuntu/.local/lib/python3.10/site-packages/airflow/example_dags/example_skip_dag.py for tasks to queue
[2024-01-28T23:05:25.530+0100] {logging_mixin.py:188} INFO - [2024-01-28T23:05:25.530+0100] {dagbag.py:538} INFO - Filling up the DagBag from /home/ubuntu/.local/lib/python3.10/site-packages/airflow/example_dags/example_skip_dag.py
[2024-01-28T23:05:25.540+0100] {processor.py:840} INFO - DAG(s) 'example_skip_dag' retrieved from /home/ubuntu/.local/lib/python3.10/site-packages/airflow/example_dags/example_skip_dag.py
[2024-01-28T23:05:25.558+0100] {logging_mixin.py:188} INFO - [2024-01-28T23:05:25.558+0100] {dag.py:3033} INFO - Sync 1 DAGs
[2024-01-28T23:05:25.583+0100] {logging_mixin.py:188} INFO - [2024-01-28T23:05:25.582+0100] {dag.py:3820} INFO - Setting next_dagrun for example_skip_dag to 2024-01-27T00:00:00+00:00, run_after=2024-01-28T00:00:00+00:00
[2024-01-28T23:05:25.610+0100] {processor.py:183} INFO - Processing /home/ubuntu/.local/lib/python3.10/site-packages/airflow/example_dags/example_skip_dag.py took 0.087 seconds
[2024-01-28T23:06:26.090+0100] {processor.py:161} INFO - Started process (PID=16264) to work on /home/ubuntu/.local/lib/python3.10/site-packages/airflow/example_dags/example_skip_dag.py
[2024-01-28T23:06:26.092+0100] {processor.py:830} INFO - Processing file /home/ubuntu/.local/lib/python3.10/site-packages/airflow/example_dags/example_skip_dag.py for tasks to queue
[2024-01-28T23:06:26.093+0100] {logging_mixin.py:188} INFO - [2024-01-28T23:06:26.093+0100] {dagbag.py:538} INFO - Filling up the DagBag from /home/ubuntu/.local/lib/python3.10/site-packages/airflow/example_dags/example_skip_dag.py
[2024-01-28T23:06:26.103+0100] {processor.py:840} INFO - DAG(s) 'example_skip_dag' retrieved from /home/ubuntu/.local/lib/python3.10/site-packages/airflow/example_dags/example_skip_dag.py
[2024-01-28T23:06:26.120+0100] {logging_mixin.py:188} INFO - [2024-01-28T23:06:26.120+0100] {dag.py:3033} INFO - Sync 1 DAGs
[2024-01-28T23:06:26.140+0100] {logging_mixin.py:188} INFO - [2024-01-28T23:06:26.140+0100] {dag.py:3820} INFO - Setting next_dagrun for example_skip_dag to 2024-01-27T00:00:00+00:00, run_after=2024-01-28T00:00:00+00:00
[2024-01-28T23:06:26.174+0100] {processor.py:183} INFO - Processing /home/ubuntu/.local/lib/python3.10/site-packages/airflow/example_dags/example_skip_dag.py took 0.087 seconds
[2024-01-28T23:07:30.208+0100] {processor.py:161} INFO - Started process (PID=16334) to work on /home/ubuntu/.local/lib/python3.10/site-packages/airflow/example_dags/example_skip_dag.py
[2024-01-28T23:07:30.211+0100] {processor.py:830} INFO - Processing file /home/ubuntu/.local/lib/python3.10/site-packages/airflow/example_dags/example_skip_dag.py for tasks to queue
[2024-01-28T23:07:30.212+0100] {logging_mixin.py:188} INFO - [2024-01-28T23:07:30.212+0100] {dagbag.py:538} INFO - Filling up the DagBag from /home/ubuntu/.local/lib/python3.10/site-packages/airflow/example_dags/example_skip_dag.py
[2024-01-28T23:07:30.224+0100] {processor.py:840} INFO - DAG(s) 'example_skip_dag' retrieved from /home/ubuntu/.local/lib/python3.10/site-packages/airflow/example_dags/example_skip_dag.py
[2024-01-28T23:07:30.247+0100] {logging_mixin.py:188} INFO - [2024-01-28T23:07:30.246+0100] {dag.py:3033} INFO - Sync 1 DAGs
[2024-01-28T23:07:30.269+0100] {logging_mixin.py:188} INFO - [2024-01-28T23:07:30.269+0100] {dag.py:3820} INFO - Setting next_dagrun for example_skip_dag to 2024-01-27T00:00:00+00:00, run_after=2024-01-28T00:00:00+00:00
[2024-01-28T23:07:30.297+0100] {processor.py:183} INFO - Processing /home/ubuntu/.local/lib/python3.10/site-packages/airflow/example_dags/example_skip_dag.py took 0.093 seconds
[2024-01-28T23:08:33.600+0100] {processor.py:161} INFO - Started process (PID=16409) to work on /home/ubuntu/.local/lib/python3.10/site-packages/airflow/example_dags/example_skip_dag.py
[2024-01-28T23:08:33.602+0100] {processor.py:830} INFO - Processing file /home/ubuntu/.local/lib/python3.10/site-packages/airflow/example_dags/example_skip_dag.py for tasks to queue
[2024-01-28T23:08:33.603+0100] {logging_mixin.py:188} INFO - [2024-01-28T23:08:33.602+0100] {dagbag.py:538} INFO - Filling up the DagBag from /home/ubuntu/.local/lib/python3.10/site-packages/airflow/example_dags/example_skip_dag.py
[2024-01-28T23:08:33.612+0100] {processor.py:840} INFO - DAG(s) 'example_skip_dag' retrieved from /home/ubuntu/.local/lib/python3.10/site-packages/airflow/example_dags/example_skip_dag.py
[2024-01-28T23:08:33.630+0100] {logging_mixin.py:188} INFO - [2024-01-28T23:08:33.630+0100] {dag.py:3033} INFO - Sync 1 DAGs
[2024-01-28T23:08:33.651+0100] {logging_mixin.py:188} INFO - [2024-01-28T23:08:33.651+0100] {dag.py:3820} INFO - Setting next_dagrun for example_skip_dag to 2024-01-27T00:00:00+00:00, run_after=2024-01-28T00:00:00+00:00
[2024-01-28T23:08:33.681+0100] {processor.py:183} INFO - Processing /home/ubuntu/.local/lib/python3.10/site-packages/airflow/example_dags/example_skip_dag.py took 0.087 seconds
[2024-01-28T23:09:35.068+0100] {processor.py:161} INFO - Started process (PID=16480) to work on /home/ubuntu/.local/lib/python3.10/site-packages/airflow/example_dags/example_skip_dag.py
[2024-01-28T23:09:35.069+0100] {processor.py:830} INFO - Processing file /home/ubuntu/.local/lib/python3.10/site-packages/airflow/example_dags/example_skip_dag.py for tasks to queue
[2024-01-28T23:09:35.071+0100] {logging_mixin.py:188} INFO - [2024-01-28T23:09:35.071+0100] {dagbag.py:538} INFO - Filling up the DagBag from /home/ubuntu/.local/lib/python3.10/site-packages/airflow/example_dags/example_skip_dag.py
[2024-01-28T23:09:35.080+0100] {processor.py:840} INFO - DAG(s) 'example_skip_dag' retrieved from /home/ubuntu/.local/lib/python3.10/site-packages/airflow/example_dags/example_skip_dag.py
[2024-01-28T23:09:35.098+0100] {logging_mixin.py:188} INFO - [2024-01-28T23:09:35.098+0100] {dag.py:3033} INFO - Sync 1 DAGs
[2024-01-28T23:09:35.119+0100] {logging_mixin.py:188} INFO - [2024-01-28T23:09:35.118+0100] {dag.py:3820} INFO - Setting next_dagrun for example_skip_dag to 2024-01-27T00:00:00+00:00, run_after=2024-01-28T00:00:00+00:00
[2024-01-28T23:09:35.146+0100] {processor.py:183} INFO - Processing /home/ubuntu/.local/lib/python3.10/site-packages/airflow/example_dags/example_skip_dag.py took 0.082 seconds
[2024-01-28T23:10:38.694+0100] {processor.py:161} INFO - Started process (PID=16557) to work on /home/ubuntu/.local/lib/python3.10/site-packages/airflow/example_dags/example_skip_dag.py
[2024-01-28T23:10:38.697+0100] {processor.py:830} INFO - Processing file /home/ubuntu/.local/lib/python3.10/site-packages/airflow/example_dags/example_skip_dag.py for tasks to queue
[2024-01-28T23:10:38.699+0100] {logging_mixin.py:188} INFO - [2024-01-28T23:10:38.699+0100] {dagbag.py:538} INFO - Filling up the DagBag from /home/ubuntu/.local/lib/python3.10/site-packages/airflow/example_dags/example_skip_dag.py
[2024-01-28T23:10:38.708+0100] {processor.py:840} INFO - DAG(s) 'example_skip_dag' retrieved from /home/ubuntu/.local/lib/python3.10/site-packages/airflow/example_dags/example_skip_dag.py
[2024-01-28T23:10:38.727+0100] {logging_mixin.py:188} INFO - [2024-01-28T23:10:38.727+0100] {dag.py:3033} INFO - Sync 1 DAGs
[2024-01-28T23:10:38.749+0100] {logging_mixin.py:188} INFO - [2024-01-28T23:10:38.749+0100] {dag.py:3820} INFO - Setting next_dagrun for example_skip_dag to 2024-01-27T00:00:00+00:00, run_after=2024-01-28T00:00:00+00:00
[2024-01-28T23:10:38.785+0100] {processor.py:183} INFO - Processing /home/ubuntu/.local/lib/python3.10/site-packages/airflow/example_dags/example_skip_dag.py took 0.094 seconds
[2024-01-28T23:11:36.928+0100] {processor.py:161} INFO - Started process (PID=16626) to work on /home/ubuntu/.local/lib/python3.10/site-packages/airflow/example_dags/example_skip_dag.py
[2024-01-28T23:11:36.932+0100] {processor.py:830} INFO - Processing file /home/ubuntu/.local/lib/python3.10/site-packages/airflow/example_dags/example_skip_dag.py for tasks to queue
[2024-01-28T23:11:36.934+0100] {logging_mixin.py:188} INFO - [2024-01-28T23:11:36.933+0100] {dagbag.py:538} INFO - Filling up the DagBag from /home/ubuntu/.local/lib/python3.10/site-packages/airflow/example_dags/example_skip_dag.py
[2024-01-28T23:11:36.950+0100] {processor.py:840} INFO - DAG(s) 'example_skip_dag' retrieved from /home/ubuntu/.local/lib/python3.10/site-packages/airflow/example_dags/example_skip_dag.py
[2024-01-28T23:11:37.030+0100] {logging_mixin.py:188} INFO - [2024-01-28T23:11:37.029+0100] {dag.py:3033} INFO - Sync 1 DAGs
[2024-01-28T23:11:37.086+0100] {logging_mixin.py:188} INFO - [2024-01-28T23:11:37.085+0100] {dag.py:3820} INFO - Setting next_dagrun for example_skip_dag to 2024-01-27T00:00:00+00:00, run_after=2024-01-28T00:00:00+00:00
[2024-01-28T23:11:37.176+0100] {processor.py:183} INFO - Processing /home/ubuntu/.local/lib/python3.10/site-packages/airflow/example_dags/example_skip_dag.py took 0.254 seconds
[2024-01-28T23:12:29.347+0100] {processor.py:161} INFO - Started process (PID=16690) to work on /home/ubuntu/.local/lib/python3.10/site-packages/airflow/example_dags/example_skip_dag.py
[2024-01-28T23:12:29.349+0100] {processor.py:830} INFO - Processing file /home/ubuntu/.local/lib/python3.10/site-packages/airflow/example_dags/example_skip_dag.py for tasks to queue
[2024-01-28T23:12:29.350+0100] {logging_mixin.py:188} INFO - [2024-01-28T23:12:29.349+0100] {dagbag.py:538} INFO - Filling up the DagBag from /home/ubuntu/.local/lib/python3.10/site-packages/airflow/example_dags/example_skip_dag.py
[2024-01-28T23:12:29.358+0100] {processor.py:840} INFO - DAG(s) 'example_skip_dag' retrieved from /home/ubuntu/.local/lib/python3.10/site-packages/airflow/example_dags/example_skip_dag.py
[2024-01-28T23:12:29.377+0100] {logging_mixin.py:188} INFO - [2024-01-28T23:12:29.376+0100] {dag.py:3033} INFO - Sync 1 DAGs
[2024-01-28T23:12:29.397+0100] {logging_mixin.py:188} INFO - [2024-01-28T23:12:29.397+0100] {dag.py:3820} INFO - Setting next_dagrun for example_skip_dag to 2024-01-27T00:00:00+00:00, run_after=2024-01-28T00:00:00+00:00
[2024-01-28T23:12:29.429+0100] {processor.py:183} INFO - Processing /home/ubuntu/.local/lib/python3.10/site-packages/airflow/example_dags/example_skip_dag.py took 0.086 seconds
[2024-01-28T23:13:31.982+0100] {processor.py:161} INFO - Started process (PID=16769) to work on /home/ubuntu/.local/lib/python3.10/site-packages/airflow/example_dags/example_skip_dag.py
[2024-01-28T23:13:31.985+0100] {processor.py:830} INFO - Processing file /home/ubuntu/.local/lib/python3.10/site-packages/airflow/example_dags/example_skip_dag.py for tasks to queue
[2024-01-28T23:13:31.987+0100] {logging_mixin.py:188} INFO - [2024-01-28T23:13:31.986+0100] {dagbag.py:538} INFO - Filling up the DagBag from /home/ubuntu/.local/lib/python3.10/site-packages/airflow/example_dags/example_skip_dag.py
[2024-01-28T23:13:31.996+0100] {processor.py:840} INFO - DAG(s) 'example_skip_dag' retrieved from /home/ubuntu/.local/lib/python3.10/site-packages/airflow/example_dags/example_skip_dag.py
[2024-01-28T23:13:32.014+0100] {logging_mixin.py:188} INFO - [2024-01-28T23:13:32.013+0100] {dag.py:3033} INFO - Sync 1 DAGs
[2024-01-28T23:13:32.033+0100] {logging_mixin.py:188} INFO - [2024-01-28T23:13:32.033+0100] {dag.py:3820} INFO - Setting next_dagrun for example_skip_dag to 2024-01-27T00:00:00+00:00, run_after=2024-01-28T00:00:00+00:00
[2024-01-28T23:13:32.060+0100] {processor.py:183} INFO - Processing /home/ubuntu/.local/lib/python3.10/site-packages/airflow/example_dags/example_skip_dag.py took 0.082 seconds
[2024-01-28T23:14:32.873+0100] {processor.py:161} INFO - Started process (PID=16838) to work on /home/ubuntu/.local/lib/python3.10/site-packages/airflow/example_dags/example_skip_dag.py
[2024-01-28T23:14:32.875+0100] {processor.py:830} INFO - Processing file /home/ubuntu/.local/lib/python3.10/site-packages/airflow/example_dags/example_skip_dag.py for tasks to queue
[2024-01-28T23:14:32.876+0100] {logging_mixin.py:188} INFO - [2024-01-28T23:14:32.876+0100] {dagbag.py:538} INFO - Filling up the DagBag from /home/ubuntu/.local/lib/python3.10/site-packages/airflow/example_dags/example_skip_dag.py
[2024-01-28T23:14:32.884+0100] {processor.py:840} INFO - DAG(s) 'example_skip_dag' retrieved from /home/ubuntu/.local/lib/python3.10/site-packages/airflow/example_dags/example_skip_dag.py
[2024-01-28T23:14:32.902+0100] {logging_mixin.py:188} INFO - [2024-01-28T23:14:32.902+0100] {dag.py:3033} INFO - Sync 1 DAGs
[2024-01-28T23:14:32.922+0100] {logging_mixin.py:188} INFO - [2024-01-28T23:14:32.922+0100] {dag.py:3820} INFO - Setting next_dagrun for example_skip_dag to 2024-01-27T00:00:00+00:00, run_after=2024-01-28T00:00:00+00:00
[2024-01-28T23:14:32.952+0100] {processor.py:183} INFO - Processing /home/ubuntu/.local/lib/python3.10/site-packages/airflow/example_dags/example_skip_dag.py took 0.082 seconds
[2024-01-28T23:15:35.891+0100] {processor.py:161} INFO - Started process (PID=16923) to work on /home/ubuntu/.local/lib/python3.10/site-packages/airflow/example_dags/example_skip_dag.py
[2024-01-28T23:15:35.893+0100] {processor.py:830} INFO - Processing file /home/ubuntu/.local/lib/python3.10/site-packages/airflow/example_dags/example_skip_dag.py for tasks to queue
[2024-01-28T23:15:35.896+0100] {logging_mixin.py:188} INFO - [2024-01-28T23:15:35.895+0100] {dagbag.py:538} INFO - Filling up the DagBag from /home/ubuntu/.local/lib/python3.10/site-packages/airflow/example_dags/example_skip_dag.py
[2024-01-28T23:15:35.906+0100] {processor.py:840} INFO - DAG(s) 'example_skip_dag' retrieved from /home/ubuntu/.local/lib/python3.10/site-packages/airflow/example_dags/example_skip_dag.py
[2024-01-28T23:15:35.923+0100] {logging_mixin.py:188} INFO - [2024-01-28T23:15:35.923+0100] {dag.py:3033} INFO - Sync 1 DAGs
[2024-01-28T23:15:35.944+0100] {logging_mixin.py:188} INFO - [2024-01-28T23:15:35.944+0100] {dag.py:3820} INFO - Setting next_dagrun for example_skip_dag to 2024-01-27T00:00:00+00:00, run_after=2024-01-28T00:00:00+00:00
[2024-01-28T23:15:35.981+0100] {processor.py:183} INFO - Processing /home/ubuntu/.local/lib/python3.10/site-packages/airflow/example_dags/example_skip_dag.py took 0.094 seconds
[2024-01-28T23:16:41.755+0100] {processor.py:161} INFO - Started process (PID=17005) to work on /home/ubuntu/.local/lib/python3.10/site-packages/airflow/example_dags/example_skip_dag.py
[2024-01-28T23:16:41.757+0100] {processor.py:830} INFO - Processing file /home/ubuntu/.local/lib/python3.10/site-packages/airflow/example_dags/example_skip_dag.py for tasks to queue
[2024-01-28T23:16:41.759+0100] {logging_mixin.py:188} INFO - [2024-01-28T23:16:41.758+0100] {dagbag.py:538} INFO - Filling up the DagBag from /home/ubuntu/.local/lib/python3.10/site-packages/airflow/example_dags/example_skip_dag.py
[2024-01-28T23:16:41.768+0100] {processor.py:840} INFO - DAG(s) 'example_skip_dag' retrieved from /home/ubuntu/.local/lib/python3.10/site-packages/airflow/example_dags/example_skip_dag.py
[2024-01-28T23:16:41.785+0100] {logging_mixin.py:188} INFO - [2024-01-28T23:16:41.785+0100] {dag.py:3033} INFO - Sync 1 DAGs
[2024-01-28T23:16:41.804+0100] {logging_mixin.py:188} INFO - [2024-01-28T23:16:41.804+0100] {dag.py:3820} INFO - Setting next_dagrun for example_skip_dag to 2024-01-27T00:00:00+00:00, run_after=2024-01-28T00:00:00+00:00
[2024-01-28T23:16:41.833+0100] {processor.py:183} INFO - Processing /home/ubuntu/.local/lib/python3.10/site-packages/airflow/example_dags/example_skip_dag.py took 0.081 seconds
[2024-01-28T23:17:43.437+0100] {processor.py:161} INFO - Started process (PID=17083) to work on /home/ubuntu/.local/lib/python3.10/site-packages/airflow/example_dags/example_skip_dag.py
[2024-01-28T23:17:43.439+0100] {processor.py:830} INFO - Processing file /home/ubuntu/.local/lib/python3.10/site-packages/airflow/example_dags/example_skip_dag.py for tasks to queue
[2024-01-28T23:17:43.440+0100] {logging_mixin.py:188} INFO - [2024-01-28T23:17:43.440+0100] {dagbag.py:538} INFO - Filling up the DagBag from /home/ubuntu/.local/lib/python3.10/site-packages/airflow/example_dags/example_skip_dag.py
[2024-01-28T23:17:43.448+0100] {processor.py:840} INFO - DAG(s) 'example_skip_dag' retrieved from /home/ubuntu/.local/lib/python3.10/site-packages/airflow/example_dags/example_skip_dag.py
[2024-01-28T23:17:43.465+0100] {logging_mixin.py:188} INFO - [2024-01-28T23:17:43.465+0100] {dag.py:3033} INFO - Sync 1 DAGs
[2024-01-28T23:17:43.486+0100] {logging_mixin.py:188} INFO - [2024-01-28T23:17:43.486+0100] {dag.py:3820} INFO - Setting next_dagrun for example_skip_dag to 2024-01-27T00:00:00+00:00, run_after=2024-01-28T00:00:00+00:00
[2024-01-28T23:17:43.529+0100] {processor.py:183} INFO - Processing /home/ubuntu/.local/lib/python3.10/site-packages/airflow/example_dags/example_skip_dag.py took 0.095 seconds
[2024-01-28T23:18:48.257+0100] {processor.py:161} INFO - Started process (PID=17155) to work on /home/ubuntu/.local/lib/python3.10/site-packages/airflow/example_dags/example_skip_dag.py
[2024-01-28T23:18:48.259+0100] {processor.py:830} INFO - Processing file /home/ubuntu/.local/lib/python3.10/site-packages/airflow/example_dags/example_skip_dag.py for tasks to queue
[2024-01-28T23:18:48.261+0100] {logging_mixin.py:188} INFO - [2024-01-28T23:18:48.260+0100] {dagbag.py:538} INFO - Filling up the DagBag from /home/ubuntu/.local/lib/python3.10/site-packages/airflow/example_dags/example_skip_dag.py
[2024-01-28T23:18:48.270+0100] {processor.py:840} INFO - DAG(s) 'example_skip_dag' retrieved from /home/ubuntu/.local/lib/python3.10/site-packages/airflow/example_dags/example_skip_dag.py
[2024-01-28T23:18:48.286+0100] {logging_mixin.py:188} INFO - [2024-01-28T23:18:48.286+0100] {dag.py:3033} INFO - Sync 1 DAGs
[2024-01-28T23:18:48.303+0100] {logging_mixin.py:188} INFO - [2024-01-28T23:18:48.303+0100] {dag.py:3820} INFO - Setting next_dagrun for example_skip_dag to 2024-01-27T00:00:00+00:00, run_after=2024-01-28T00:00:00+00:00
[2024-01-28T23:18:48.338+0100] {processor.py:183} INFO - Processing /home/ubuntu/.local/lib/python3.10/site-packages/airflow/example_dags/example_skip_dag.py took 0.084 seconds
[2024-01-28T23:19:49.491+0100] {processor.py:161} INFO - Started process (PID=17231) to work on /home/ubuntu/.local/lib/python3.10/site-packages/airflow/example_dags/example_skip_dag.py
[2024-01-28T23:19:49.494+0100] {processor.py:830} INFO - Processing file /home/ubuntu/.local/lib/python3.10/site-packages/airflow/example_dags/example_skip_dag.py for tasks to queue
[2024-01-28T23:19:49.495+0100] {logging_mixin.py:188} INFO - [2024-01-28T23:19:49.494+0100] {dagbag.py:538} INFO - Filling up the DagBag from /home/ubuntu/.local/lib/python3.10/site-packages/airflow/example_dags/example_skip_dag.py
[2024-01-28T23:19:49.503+0100] {processor.py:840} INFO - DAG(s) 'example_skip_dag' retrieved from /home/ubuntu/.local/lib/python3.10/site-packages/airflow/example_dags/example_skip_dag.py
[2024-01-28T23:19:49.521+0100] {logging_mixin.py:188} INFO - [2024-01-28T23:19:49.520+0100] {dag.py:3033} INFO - Sync 1 DAGs
[2024-01-28T23:19:49.542+0100] {logging_mixin.py:188} INFO - [2024-01-28T23:19:49.541+0100] {dag.py:3820} INFO - Setting next_dagrun for example_skip_dag to 2024-01-27T00:00:00+00:00, run_after=2024-01-28T00:00:00+00:00
[2024-01-28T23:19:49.572+0100] {processor.py:183} INFO - Processing /home/ubuntu/.local/lib/python3.10/site-packages/airflow/example_dags/example_skip_dag.py took 0.084 seconds
[2024-01-28T23:20:53.498+0100] {processor.py:161} INFO - Started process (PID=17302) to work on /home/ubuntu/.local/lib/python3.10/site-packages/airflow/example_dags/example_skip_dag.py
[2024-01-28T23:20:53.510+0100] {processor.py:830} INFO - Processing file /home/ubuntu/.local/lib/python3.10/site-packages/airflow/example_dags/example_skip_dag.py for tasks to queue
[2024-01-28T23:20:53.512+0100] {logging_mixin.py:188} INFO - [2024-01-28T23:20:53.511+0100] {dagbag.py:538} INFO - Filling up the DagBag from /home/ubuntu/.local/lib/python3.10/site-packages/airflow/example_dags/example_skip_dag.py
[2024-01-28T23:20:53.521+0100] {processor.py:840} INFO - DAG(s) 'example_skip_dag' retrieved from /home/ubuntu/.local/lib/python3.10/site-packages/airflow/example_dags/example_skip_dag.py
[2024-01-28T23:20:53.539+0100] {logging_mixin.py:188} INFO - [2024-01-28T23:20:53.538+0100] {dag.py:3033} INFO - Sync 1 DAGs
[2024-01-28T23:20:53.559+0100] {logging_mixin.py:188} INFO - [2024-01-28T23:20:53.558+0100] {dag.py:3820} INFO - Setting next_dagrun for example_skip_dag to 2024-01-27T00:00:00+00:00, run_after=2024-01-28T00:00:00+00:00
[2024-01-28T23:20:53.600+0100] {processor.py:183} INFO - Processing /home/ubuntu/.local/lib/python3.10/site-packages/airflow/example_dags/example_skip_dag.py took 0.106 seconds
[2024-01-28T23:21:56.646+0100] {processor.py:161} INFO - Started process (PID=17376) to work on /home/ubuntu/.local/lib/python3.10/site-packages/airflow/example_dags/example_skip_dag.py
[2024-01-28T23:21:56.648+0100] {processor.py:830} INFO - Processing file /home/ubuntu/.local/lib/python3.10/site-packages/airflow/example_dags/example_skip_dag.py for tasks to queue
[2024-01-28T23:21:56.650+0100] {logging_mixin.py:188} INFO - [2024-01-28T23:21:56.649+0100] {dagbag.py:538} INFO - Filling up the DagBag from /home/ubuntu/.local/lib/python3.10/site-packages/airflow/example_dags/example_skip_dag.py
[2024-01-28T23:21:56.658+0100] {processor.py:840} INFO - DAG(s) 'example_skip_dag' retrieved from /home/ubuntu/.local/lib/python3.10/site-packages/airflow/example_dags/example_skip_dag.py
[2024-01-28T23:21:56.676+0100] {logging_mixin.py:188} INFO - [2024-01-28T23:21:56.676+0100] {dag.py:3033} INFO - Sync 1 DAGs
[2024-01-28T23:21:56.696+0100] {logging_mixin.py:188} INFO - [2024-01-28T23:21:56.696+0100] {dag.py:3820} INFO - Setting next_dagrun for example_skip_dag to 2024-01-27T00:00:00+00:00, run_after=2024-01-28T00:00:00+00:00
[2024-01-28T23:21:56.726+0100] {processor.py:183} INFO - Processing /home/ubuntu/.local/lib/python3.10/site-packages/airflow/example_dags/example_skip_dag.py took 0.084 seconds
[2024-01-28T23:22:59.042+0100] {processor.py:161} INFO - Started process (PID=17448) to work on /home/ubuntu/.local/lib/python3.10/site-packages/airflow/example_dags/example_skip_dag.py
[2024-01-28T23:22:59.091+0100] {processor.py:830} INFO - Processing file /home/ubuntu/.local/lib/python3.10/site-packages/airflow/example_dags/example_skip_dag.py for tasks to queue
[2024-01-28T23:22:59.092+0100] {logging_mixin.py:188} INFO - [2024-01-28T23:22:59.092+0100] {dagbag.py:538} INFO - Filling up the DagBag from /home/ubuntu/.local/lib/python3.10/site-packages/airflow/example_dags/example_skip_dag.py
[2024-01-28T23:22:59.102+0100] {processor.py:840} INFO - DAG(s) 'example_skip_dag' retrieved from /home/ubuntu/.local/lib/python3.10/site-packages/airflow/example_dags/example_skip_dag.py
[2024-01-28T23:22:59.119+0100] {logging_mixin.py:188} INFO - [2024-01-28T23:22:59.119+0100] {dag.py:3033} INFO - Sync 1 DAGs
[2024-01-28T23:22:59.140+0100] {logging_mixin.py:188} INFO - [2024-01-28T23:22:59.139+0100] {dag.py:3820} INFO - Setting next_dagrun for example_skip_dag to 2024-01-27T00:00:00+00:00, run_after=2024-01-28T00:00:00+00:00
[2024-01-28T23:22:59.178+0100] {processor.py:183} INFO - Processing /home/ubuntu/.local/lib/python3.10/site-packages/airflow/example_dags/example_skip_dag.py took 0.140 seconds
[2024-01-28T23:24:09.342+0100] {processor.py:161} INFO - Started process (PID=17528) to work on /home/ubuntu/.local/lib/python3.10/site-packages/airflow/example_dags/example_skip_dag.py
[2024-01-28T23:24:09.345+0100] {processor.py:830} INFO - Processing file /home/ubuntu/.local/lib/python3.10/site-packages/airflow/example_dags/example_skip_dag.py for tasks to queue
[2024-01-28T23:24:09.347+0100] {logging_mixin.py:188} INFO - [2024-01-28T23:24:09.346+0100] {dagbag.py:538} INFO - Filling up the DagBag from /home/ubuntu/.local/lib/python3.10/site-packages/airflow/example_dags/example_skip_dag.py
[2024-01-28T23:24:09.356+0100] {processor.py:840} INFO - DAG(s) 'example_skip_dag' retrieved from /home/ubuntu/.local/lib/python3.10/site-packages/airflow/example_dags/example_skip_dag.py
[2024-01-28T23:24:09.378+0100] {logging_mixin.py:188} INFO - [2024-01-28T23:24:09.378+0100] {dag.py:3033} INFO - Sync 1 DAGs
[2024-01-28T23:24:09.412+0100] {logging_mixin.py:188} INFO - [2024-01-28T23:24:09.411+0100] {dag.py:3820} INFO - Setting next_dagrun for example_skip_dag to 2024-01-27T00:00:00+00:00, run_after=2024-01-28T00:00:00+00:00
[2024-01-28T23:24:09.452+0100] {processor.py:183} INFO - Processing /home/ubuntu/.local/lib/python3.10/site-packages/airflow/example_dags/example_skip_dag.py took 0.114 seconds
[2024-01-28T23:25:00.251+0100] {processor.py:161} INFO - Started process (PID=17582) to work on /home/ubuntu/.local/lib/python3.10/site-packages/airflow/example_dags/example_skip_dag.py
[2024-01-28T23:25:00.260+0100] {processor.py:830} INFO - Processing file /home/ubuntu/.local/lib/python3.10/site-packages/airflow/example_dags/example_skip_dag.py for tasks to queue
[2024-01-28T23:25:00.261+0100] {logging_mixin.py:188} INFO - [2024-01-28T23:25:00.261+0100] {dagbag.py:538} INFO - Filling up the DagBag from /home/ubuntu/.local/lib/python3.10/site-packages/airflow/example_dags/example_skip_dag.py
[2024-01-28T23:25:00.270+0100] {processor.py:840} INFO - DAG(s) 'example_skip_dag' retrieved from /home/ubuntu/.local/lib/python3.10/site-packages/airflow/example_dags/example_skip_dag.py
[2024-01-28T23:25:00.285+0100] {logging_mixin.py:188} INFO - [2024-01-28T23:25:00.284+0100] {dag.py:3033} INFO - Sync 1 DAGs
[2024-01-28T23:25:00.313+0100] {logging_mixin.py:188} INFO - [2024-01-28T23:25:00.313+0100] {dag.py:3820} INFO - Setting next_dagrun for example_skip_dag to 2024-01-27T00:00:00+00:00, run_after=2024-01-28T00:00:00+00:00
[2024-01-28T23:25:00.355+0100] {processor.py:183} INFO - Processing /home/ubuntu/.local/lib/python3.10/site-packages/airflow/example_dags/example_skip_dag.py took 0.107 seconds
[2024-01-28T23:25:48.099+0100] {processor.py:161} INFO - Started process (PID=17633) to work on /home/ubuntu/.local/lib/python3.10/site-packages/airflow/example_dags/example_skip_dag.py
[2024-01-28T23:25:48.102+0100] {processor.py:830} INFO - Processing file /home/ubuntu/.local/lib/python3.10/site-packages/airflow/example_dags/example_skip_dag.py for tasks to queue
[2024-01-28T23:25:48.104+0100] {logging_mixin.py:188} INFO - [2024-01-28T23:25:48.103+0100] {dagbag.py:538} INFO - Filling up the DagBag from /home/ubuntu/.local/lib/python3.10/site-packages/airflow/example_dags/example_skip_dag.py
[2024-01-28T23:25:48.113+0100] {processor.py:840} INFO - DAG(s) 'example_skip_dag' retrieved from /home/ubuntu/.local/lib/python3.10/site-packages/airflow/example_dags/example_skip_dag.py
[2024-01-28T23:25:48.128+0100] {logging_mixin.py:188} INFO - [2024-01-28T23:25:48.128+0100] {dag.py:3033} INFO - Sync 1 DAGs
[2024-01-28T23:25:48.154+0100] {logging_mixin.py:188} INFO - [2024-01-28T23:25:48.153+0100] {dag.py:3820} INFO - Setting next_dagrun for example_skip_dag to 2024-01-27T00:00:00+00:00, run_after=2024-01-28T00:00:00+00:00
[2024-01-28T23:25:48.184+0100] {processor.py:183} INFO - Processing /home/ubuntu/.local/lib/python3.10/site-packages/airflow/example_dags/example_skip_dag.py took 0.088 seconds
[2024-01-28T23:26:52.242+0100] {processor.py:161} INFO - Started process (PID=17706) to work on /home/ubuntu/.local/lib/python3.10/site-packages/airflow/example_dags/example_skip_dag.py
[2024-01-28T23:26:52.244+0100] {processor.py:830} INFO - Processing file /home/ubuntu/.local/lib/python3.10/site-packages/airflow/example_dags/example_skip_dag.py for tasks to queue
[2024-01-28T23:26:52.246+0100] {logging_mixin.py:188} INFO - [2024-01-28T23:26:52.245+0100] {dagbag.py:538} INFO - Filling up the DagBag from /home/ubuntu/.local/lib/python3.10/site-packages/airflow/example_dags/example_skip_dag.py
[2024-01-28T23:26:52.253+0100] {processor.py:840} INFO - DAG(s) 'example_skip_dag' retrieved from /home/ubuntu/.local/lib/python3.10/site-packages/airflow/example_dags/example_skip_dag.py
[2024-01-28T23:26:52.271+0100] {logging_mixin.py:188} INFO - [2024-01-28T23:26:52.271+0100] {dag.py:3033} INFO - Sync 1 DAGs
[2024-01-28T23:26:52.292+0100] {logging_mixin.py:188} INFO - [2024-01-28T23:26:52.292+0100] {dag.py:3820} INFO - Setting next_dagrun for example_skip_dag to 2024-01-27T00:00:00+00:00, run_after=2024-01-28T00:00:00+00:00
[2024-01-28T23:26:52.321+0100] {processor.py:183} INFO - Processing /home/ubuntu/.local/lib/python3.10/site-packages/airflow/example_dags/example_skip_dag.py took 0.082 seconds
[2024-01-28T23:27:54.628+0100] {processor.py:161} INFO - Started process (PID=17785) to work on /home/ubuntu/.local/lib/python3.10/site-packages/airflow/example_dags/example_skip_dag.py
[2024-01-28T23:27:54.630+0100] {processor.py:830} INFO - Processing file /home/ubuntu/.local/lib/python3.10/site-packages/airflow/example_dags/example_skip_dag.py for tasks to queue
[2024-01-28T23:27:54.631+0100] {logging_mixin.py:188} INFO - [2024-01-28T23:27:54.631+0100] {dagbag.py:538} INFO - Filling up the DagBag from /home/ubuntu/.local/lib/python3.10/site-packages/airflow/example_dags/example_skip_dag.py
[2024-01-28T23:27:54.639+0100] {processor.py:840} INFO - DAG(s) 'example_skip_dag' retrieved from /home/ubuntu/.local/lib/python3.10/site-packages/airflow/example_dags/example_skip_dag.py
[2024-01-28T23:27:54.656+0100] {logging_mixin.py:188} INFO - [2024-01-28T23:27:54.656+0100] {dag.py:3033} INFO - Sync 1 DAGs
[2024-01-28T23:27:54.675+0100] {logging_mixin.py:188} INFO - [2024-01-28T23:27:54.674+0100] {dag.py:3820} INFO - Setting next_dagrun for example_skip_dag to 2024-01-27T00:00:00+00:00, run_after=2024-01-28T00:00:00+00:00
[2024-01-28T23:27:54.707+0100] {processor.py:183} INFO - Processing /home/ubuntu/.local/lib/python3.10/site-packages/airflow/example_dags/example_skip_dag.py took 0.085 seconds
[2024-01-28T23:28:59.482+0100] {processor.py:161} INFO - Started process (PID=17859) to work on /home/ubuntu/.local/lib/python3.10/site-packages/airflow/example_dags/example_skip_dag.py
[2024-01-28T23:28:59.484+0100] {processor.py:830} INFO - Processing file /home/ubuntu/.local/lib/python3.10/site-packages/airflow/example_dags/example_skip_dag.py for tasks to queue
[2024-01-28T23:28:59.486+0100] {logging_mixin.py:188} INFO - [2024-01-28T23:28:59.485+0100] {dagbag.py:538} INFO - Filling up the DagBag from /home/ubuntu/.local/lib/python3.10/site-packages/airflow/example_dags/example_skip_dag.py
[2024-01-28T23:28:59.495+0100] {processor.py:840} INFO - DAG(s) 'example_skip_dag' retrieved from /home/ubuntu/.local/lib/python3.10/site-packages/airflow/example_dags/example_skip_dag.py
[2024-01-28T23:28:59.510+0100] {logging_mixin.py:188} INFO - [2024-01-28T23:28:59.510+0100] {dag.py:3033} INFO - Sync 1 DAGs
[2024-01-28T23:28:59.529+0100] {logging_mixin.py:188} INFO - [2024-01-28T23:28:59.529+0100] {dag.py:3820} INFO - Setting next_dagrun for example_skip_dag to 2024-01-27T00:00:00+00:00, run_after=2024-01-28T00:00:00+00:00
[2024-01-28T23:28:59.558+0100] {processor.py:183} INFO - Processing /home/ubuntu/.local/lib/python3.10/site-packages/airflow/example_dags/example_skip_dag.py took 0.080 seconds
[2024-01-28T23:30:07.838+0100] {processor.py:161} INFO - Started process (PID=17940) to work on /home/ubuntu/.local/lib/python3.10/site-packages/airflow/example_dags/example_skip_dag.py
[2024-01-28T23:30:07.841+0100] {processor.py:830} INFO - Processing file /home/ubuntu/.local/lib/python3.10/site-packages/airflow/example_dags/example_skip_dag.py for tasks to queue
[2024-01-28T23:30:07.852+0100] {logging_mixin.py:188} INFO - [2024-01-28T23:30:07.852+0100] {dagbag.py:538} INFO - Filling up the DagBag from /home/ubuntu/.local/lib/python3.10/site-packages/airflow/example_dags/example_skip_dag.py
[2024-01-28T23:30:07.861+0100] {processor.py:840} INFO - DAG(s) 'example_skip_dag' retrieved from /home/ubuntu/.local/lib/python3.10/site-packages/airflow/example_dags/example_skip_dag.py
[2024-01-28T23:30:07.882+0100] {logging_mixin.py:188} INFO - [2024-01-28T23:30:07.881+0100] {dag.py:3033} INFO - Sync 1 DAGs
[2024-01-28T23:30:07.901+0100] {logging_mixin.py:188} INFO - [2024-01-28T23:30:07.901+0100] {dag.py:3820} INFO - Setting next_dagrun for example_skip_dag to 2024-01-27T00:00:00+00:00, run_after=2024-01-28T00:00:00+00:00
[2024-01-28T23:30:07.929+0100] {processor.py:183} INFO - Processing /home/ubuntu/.local/lib/python3.10/site-packages/airflow/example_dags/example_skip_dag.py took 0.094 seconds
[2024-01-28T23:31:12.490+0100] {processor.py:161} INFO - Started process (PID=18011) to work on /home/ubuntu/.local/lib/python3.10/site-packages/airflow/example_dags/example_skip_dag.py
[2024-01-28T23:31:12.492+0100] {processor.py:830} INFO - Processing file /home/ubuntu/.local/lib/python3.10/site-packages/airflow/example_dags/example_skip_dag.py for tasks to queue
[2024-01-28T23:31:12.493+0100] {logging_mixin.py:188} INFO - [2024-01-28T23:31:12.493+0100] {dagbag.py:538} INFO - Filling up the DagBag from /home/ubuntu/.local/lib/python3.10/site-packages/airflow/example_dags/example_skip_dag.py
[2024-01-28T23:31:12.501+0100] {processor.py:840} INFO - DAG(s) 'example_skip_dag' retrieved from /home/ubuntu/.local/lib/python3.10/site-packages/airflow/example_dags/example_skip_dag.py
[2024-01-28T23:31:12.520+0100] {logging_mixin.py:188} INFO - [2024-01-28T23:31:12.520+0100] {dag.py:3033} INFO - Sync 1 DAGs
[2024-01-28T23:31:12.539+0100] {logging_mixin.py:188} INFO - [2024-01-28T23:31:12.539+0100] {dag.py:3820} INFO - Setting next_dagrun for example_skip_dag to 2024-01-27T00:00:00+00:00, run_after=2024-01-28T00:00:00+00:00
[2024-01-28T23:31:12.567+0100] {processor.py:183} INFO - Processing /home/ubuntu/.local/lib/python3.10/site-packages/airflow/example_dags/example_skip_dag.py took 0.080 seconds
[2024-01-28T23:32:23.858+0100] {processor.py:161} INFO - Started process (PID=18092) to work on /home/ubuntu/.local/lib/python3.10/site-packages/airflow/example_dags/example_skip_dag.py
[2024-01-28T23:32:23.860+0100] {processor.py:830} INFO - Processing file /home/ubuntu/.local/lib/python3.10/site-packages/airflow/example_dags/example_skip_dag.py for tasks to queue
[2024-01-28T23:32:23.861+0100] {logging_mixin.py:188} INFO - [2024-01-28T23:32:23.860+0100] {dagbag.py:538} INFO - Filling up the DagBag from /home/ubuntu/.local/lib/python3.10/site-packages/airflow/example_dags/example_skip_dag.py
[2024-01-28T23:32:23.869+0100] {processor.py:840} INFO - DAG(s) 'example_skip_dag' retrieved from /home/ubuntu/.local/lib/python3.10/site-packages/airflow/example_dags/example_skip_dag.py
[2024-01-28T23:32:23.887+0100] {logging_mixin.py:188} INFO - [2024-01-28T23:32:23.887+0100] {dag.py:3033} INFO - Sync 1 DAGs
[2024-01-28T23:32:24.004+0100] {logging_mixin.py:188} INFO - [2024-01-28T23:32:24.004+0100] {dag.py:3820} INFO - Setting next_dagrun for example_skip_dag to 2024-01-27T00:00:00+00:00, run_after=2024-01-28T00:00:00+00:00
[2024-01-28T23:32:24.032+0100] {processor.py:183} INFO - Processing /home/ubuntu/.local/lib/python3.10/site-packages/airflow/example_dags/example_skip_dag.py took 0.178 seconds
[2024-01-28T23:33:31.974+0100] {processor.py:161} INFO - Started process (PID=18171) to work on /home/ubuntu/.local/lib/python3.10/site-packages/airflow/example_dags/example_skip_dag.py
[2024-01-28T23:33:31.978+0100] {processor.py:830} INFO - Processing file /home/ubuntu/.local/lib/python3.10/site-packages/airflow/example_dags/example_skip_dag.py for tasks to queue
[2024-01-28T23:33:31.985+0100] {logging_mixin.py:188} INFO - [2024-01-28T23:33:31.985+0100] {dagbag.py:538} INFO - Filling up the DagBag from /home/ubuntu/.local/lib/python3.10/site-packages/airflow/example_dags/example_skip_dag.py
[2024-01-28T23:33:32.011+0100] {processor.py:840} INFO - DAG(s) 'example_skip_dag' retrieved from /home/ubuntu/.local/lib/python3.10/site-packages/airflow/example_dags/example_skip_dag.py
[2024-01-28T23:33:32.073+0100] {logging_mixin.py:188} INFO - [2024-01-28T23:33:32.073+0100] {dag.py:3033} INFO - Sync 1 DAGs
[2024-01-28T23:33:32.158+0100] {logging_mixin.py:188} INFO - [2024-01-28T23:33:32.157+0100] {dag.py:3820} INFO - Setting next_dagrun for example_skip_dag to 2024-01-27T00:00:00+00:00, run_after=2024-01-28T00:00:00+00:00
[2024-01-28T23:33:32.246+0100] {processor.py:183} INFO - Processing /home/ubuntu/.local/lib/python3.10/site-packages/airflow/example_dags/example_skip_dag.py took 0.280 seconds
[2024-01-28T23:34:39.294+0100] {processor.py:161} INFO - Started process (PID=18242) to work on /home/ubuntu/.local/lib/python3.10/site-packages/airflow/example_dags/example_skip_dag.py
[2024-01-28T23:34:39.296+0100] {processor.py:830} INFO - Processing file /home/ubuntu/.local/lib/python3.10/site-packages/airflow/example_dags/example_skip_dag.py for tasks to queue
[2024-01-28T23:34:39.298+0100] {logging_mixin.py:188} INFO - [2024-01-28T23:34:39.297+0100] {dagbag.py:538} INFO - Filling up the DagBag from /home/ubuntu/.local/lib/python3.10/site-packages/airflow/example_dags/example_skip_dag.py
[2024-01-28T23:34:39.314+0100] {processor.py:840} INFO - DAG(s) 'example_skip_dag' retrieved from /home/ubuntu/.local/lib/python3.10/site-packages/airflow/example_dags/example_skip_dag.py
[2024-01-28T23:34:39.335+0100] {logging_mixin.py:188} INFO - [2024-01-28T23:34:39.334+0100] {dag.py:3033} INFO - Sync 1 DAGs
[2024-01-28T23:34:39.471+0100] {logging_mixin.py:188} INFO - [2024-01-28T23:34:39.471+0100] {dag.py:3820} INFO - Setting next_dagrun for example_skip_dag to 2024-01-27T00:00:00+00:00, run_after=2024-01-28T00:00:00+00:00
[2024-01-28T23:34:39.496+0100] {processor.py:183} INFO - Processing /home/ubuntu/.local/lib/python3.10/site-packages/airflow/example_dags/example_skip_dag.py took 0.206 seconds
[2024-01-28T23:35:32.042+0100] {processor.py:161} INFO - Started process (PID=18298) to work on /home/ubuntu/.local/lib/python3.10/site-packages/airflow/example_dags/example_skip_dag.py
[2024-01-28T23:35:32.044+0100] {processor.py:830} INFO - Processing file /home/ubuntu/.local/lib/python3.10/site-packages/airflow/example_dags/example_skip_dag.py for tasks to queue
[2024-01-28T23:35:32.046+0100] {logging_mixin.py:188} INFO - [2024-01-28T23:35:32.045+0100] {dagbag.py:538} INFO - Filling up the DagBag from /home/ubuntu/.local/lib/python3.10/site-packages/airflow/example_dags/example_skip_dag.py
[2024-01-28T23:35:32.054+0100] {processor.py:840} INFO - DAG(s) 'example_skip_dag' retrieved from /home/ubuntu/.local/lib/python3.10/site-packages/airflow/example_dags/example_skip_dag.py
[2024-01-28T23:35:32.072+0100] {logging_mixin.py:188} INFO - [2024-01-28T23:35:32.072+0100] {dag.py:3033} INFO - Sync 1 DAGs
[2024-01-28T23:35:32.093+0100] {logging_mixin.py:188} INFO - [2024-01-28T23:35:32.092+0100] {dag.py:3820} INFO - Setting next_dagrun for example_skip_dag to 2024-01-27T00:00:00+00:00, run_after=2024-01-28T00:00:00+00:00
[2024-01-28T23:35:32.131+0100] {processor.py:183} INFO - Processing /home/ubuntu/.local/lib/python3.10/site-packages/airflow/example_dags/example_skip_dag.py took 0.092 seconds
[2024-01-28T23:36:44.293+0100] {processor.py:161} INFO - Started process (PID=18376) to work on /home/ubuntu/.local/lib/python3.10/site-packages/airflow/example_dags/example_skip_dag.py
[2024-01-28T23:36:44.295+0100] {processor.py:830} INFO - Processing file /home/ubuntu/.local/lib/python3.10/site-packages/airflow/example_dags/example_skip_dag.py for tasks to queue
[2024-01-28T23:36:44.297+0100] {logging_mixin.py:188} INFO - [2024-01-28T23:36:44.296+0100] {dagbag.py:538} INFO - Filling up the DagBag from /home/ubuntu/.local/lib/python3.10/site-packages/airflow/example_dags/example_skip_dag.py
[2024-01-28T23:36:44.305+0100] {processor.py:840} INFO - DAG(s) 'example_skip_dag' retrieved from /home/ubuntu/.local/lib/python3.10/site-packages/airflow/example_dags/example_skip_dag.py
[2024-01-28T23:36:44.325+0100] {logging_mixin.py:188} INFO - [2024-01-28T23:36:44.325+0100] {dag.py:3033} INFO - Sync 1 DAGs
[2024-01-28T23:36:44.344+0100] {logging_mixin.py:188} INFO - [2024-01-28T23:36:44.344+0100] {dag.py:3820} INFO - Setting next_dagrun for example_skip_dag to 2024-01-27T00:00:00+00:00, run_after=2024-01-28T00:00:00+00:00
[2024-01-28T23:36:44.381+0100] {processor.py:183} INFO - Processing /home/ubuntu/.local/lib/python3.10/site-packages/airflow/example_dags/example_skip_dag.py took 0.091 seconds
[2024-01-28T23:38:11.696+0100] {processor.py:161} INFO - Started process (PID=19162) to work on /home/ubuntu/.local/lib/python3.10/site-packages/airflow/example_dags/example_skip_dag.py
[2024-01-28T23:38:11.699+0100] {processor.py:830} INFO - Processing file /home/ubuntu/.local/lib/python3.10/site-packages/airflow/example_dags/example_skip_dag.py for tasks to queue
[2024-01-28T23:38:11.700+0100] {logging_mixin.py:188} INFO - [2024-01-28T23:38:11.699+0100] {dagbag.py:538} INFO - Filling up the DagBag from /home/ubuntu/.local/lib/python3.10/site-packages/airflow/example_dags/example_skip_dag.py
[2024-01-28T23:38:11.709+0100] {processor.py:840} INFO - DAG(s) 'example_skip_dag' retrieved from /home/ubuntu/.local/lib/python3.10/site-packages/airflow/example_dags/example_skip_dag.py
[2024-01-28T23:38:11.727+0100] {logging_mixin.py:188} INFO - [2024-01-28T23:38:11.727+0100] {dag.py:3033} INFO - Sync 1 DAGs
[2024-01-28T23:38:11.748+0100] {logging_mixin.py:188} INFO - [2024-01-28T23:38:11.748+0100] {dag.py:3820} INFO - Setting next_dagrun for example_skip_dag to 2024-01-27T00:00:00+00:00, run_after=2024-01-28T00:00:00+00:00
[2024-01-28T23:38:11.777+0100] {processor.py:183} INFO - Processing /home/ubuntu/.local/lib/python3.10/site-packages/airflow/example_dags/example_skip_dag.py took 0.084 seconds
[2024-01-28T23:39:08.706+0100] {processor.py:161} INFO - Started process (PID=19221) to work on /home/ubuntu/.local/lib/python3.10/site-packages/airflow/example_dags/example_skip_dag.py
[2024-01-28T23:39:08.708+0100] {processor.py:830} INFO - Processing file /home/ubuntu/.local/lib/python3.10/site-packages/airflow/example_dags/example_skip_dag.py for tasks to queue
[2024-01-28T23:39:08.709+0100] {logging_mixin.py:188} INFO - [2024-01-28T23:39:08.708+0100] {dagbag.py:538} INFO - Filling up the DagBag from /home/ubuntu/.local/lib/python3.10/site-packages/airflow/example_dags/example_skip_dag.py
[2024-01-28T23:39:08.718+0100] {processor.py:840} INFO - DAG(s) 'example_skip_dag' retrieved from /home/ubuntu/.local/lib/python3.10/site-packages/airflow/example_dags/example_skip_dag.py
[2024-01-28T23:39:08.737+0100] {logging_mixin.py:188} INFO - [2024-01-28T23:39:08.737+0100] {dag.py:3033} INFO - Sync 1 DAGs
[2024-01-28T23:39:08.861+0100] {logging_mixin.py:188} INFO - [2024-01-28T23:39:08.861+0100] {dag.py:3820} INFO - Setting next_dagrun for example_skip_dag to 2024-01-27T00:00:00+00:00, run_after=2024-01-28T00:00:00+00:00
[2024-01-28T23:39:08.892+0100] {processor.py:183} INFO - Processing /home/ubuntu/.local/lib/python3.10/site-packages/airflow/example_dags/example_skip_dag.py took 0.190 seconds
[2024-01-28T23:39:55.638+0100] {processor.py:161} INFO - Started process (PID=19272) to work on /home/ubuntu/.local/lib/python3.10/site-packages/airflow/example_dags/example_skip_dag.py
[2024-01-28T23:39:55.640+0100] {processor.py:830} INFO - Processing file /home/ubuntu/.local/lib/python3.10/site-packages/airflow/example_dags/example_skip_dag.py for tasks to queue
[2024-01-28T23:39:55.641+0100] {logging_mixin.py:188} INFO - [2024-01-28T23:39:55.641+0100] {dagbag.py:538} INFO - Filling up the DagBag from /home/ubuntu/.local/lib/python3.10/site-packages/airflow/example_dags/example_skip_dag.py
[2024-01-28T23:39:55.651+0100] {processor.py:840} INFO - DAG(s) 'example_skip_dag' retrieved from /home/ubuntu/.local/lib/python3.10/site-packages/airflow/example_dags/example_skip_dag.py
[2024-01-28T23:39:55.670+0100] {logging_mixin.py:188} INFO - [2024-01-28T23:39:55.670+0100] {dag.py:3033} INFO - Sync 1 DAGs
[2024-01-28T23:39:55.691+0100] {logging_mixin.py:188} INFO - [2024-01-28T23:39:55.691+0100] {dag.py:3820} INFO - Setting next_dagrun for example_skip_dag to 2024-01-27T00:00:00+00:00, run_after=2024-01-28T00:00:00+00:00
[2024-01-28T23:39:55.721+0100] {processor.py:183} INFO - Processing /home/ubuntu/.local/lib/python3.10/site-packages/airflow/example_dags/example_skip_dag.py took 0.086 seconds
[2024-01-28T23:40:55.530+0100] {processor.py:161} INFO - Started process (PID=19340) to work on /home/ubuntu/.local/lib/python3.10/site-packages/airflow/example_dags/example_skip_dag.py
[2024-01-28T23:40:55.532+0100] {processor.py:830} INFO - Processing file /home/ubuntu/.local/lib/python3.10/site-packages/airflow/example_dags/example_skip_dag.py for tasks to queue
[2024-01-28T23:40:55.534+0100] {logging_mixin.py:188} INFO - [2024-01-28T23:40:55.533+0100] {dagbag.py:538} INFO - Filling up the DagBag from /home/ubuntu/.local/lib/python3.10/site-packages/airflow/example_dags/example_skip_dag.py
[2024-01-28T23:40:55.543+0100] {processor.py:840} INFO - DAG(s) 'example_skip_dag' retrieved from /home/ubuntu/.local/lib/python3.10/site-packages/airflow/example_dags/example_skip_dag.py
[2024-01-28T23:40:55.562+0100] {logging_mixin.py:188} INFO - [2024-01-28T23:40:55.561+0100] {dag.py:3033} INFO - Sync 1 DAGs
[2024-01-28T23:40:55.587+0100] {logging_mixin.py:188} INFO - [2024-01-28T23:40:55.586+0100] {dag.py:3820} INFO - Setting next_dagrun for example_skip_dag to 2024-01-27T00:00:00+00:00, run_after=2024-01-28T00:00:00+00:00
[2024-01-28T23:40:55.616+0100] {processor.py:183} INFO - Processing /home/ubuntu/.local/lib/python3.10/site-packages/airflow/example_dags/example_skip_dag.py took 0.090 seconds
[2024-01-28T23:41:54.560+0100] {processor.py:161} INFO - Started process (PID=19428) to work on /home/ubuntu/.local/lib/python3.10/site-packages/airflow/example_dags/example_skip_dag.py
[2024-01-28T23:41:54.563+0100] {processor.py:830} INFO - Processing file /home/ubuntu/.local/lib/python3.10/site-packages/airflow/example_dags/example_skip_dag.py for tasks to queue
[2024-01-28T23:41:54.564+0100] {logging_mixin.py:188} INFO - [2024-01-28T23:41:54.564+0100] {dagbag.py:538} INFO - Filling up the DagBag from /home/ubuntu/.local/lib/python3.10/site-packages/airflow/example_dags/example_skip_dag.py
[2024-01-28T23:41:54.573+0100] {processor.py:840} INFO - DAG(s) 'example_skip_dag' retrieved from /home/ubuntu/.local/lib/python3.10/site-packages/airflow/example_dags/example_skip_dag.py
[2024-01-28T23:41:54.595+0100] {logging_mixin.py:188} INFO - [2024-01-28T23:41:54.595+0100] {dag.py:3033} INFO - Sync 1 DAGs
[2024-01-28T23:41:54.618+0100] {logging_mixin.py:188} INFO - [2024-01-28T23:41:54.618+0100] {dag.py:3820} INFO - Setting next_dagrun for example_skip_dag to 2024-01-27T00:00:00+00:00, run_after=2024-01-28T00:00:00+00:00
[2024-01-28T23:41:54.650+0100] {processor.py:183} INFO - Processing /home/ubuntu/.local/lib/python3.10/site-packages/airflow/example_dags/example_skip_dag.py took 0.093 seconds
[2024-01-28T23:42:45.279+0100] {processor.py:161} INFO - Started process (PID=19484) to work on /home/ubuntu/.local/lib/python3.10/site-packages/airflow/example_dags/example_skip_dag.py
[2024-01-28T23:42:45.281+0100] {processor.py:830} INFO - Processing file /home/ubuntu/.local/lib/python3.10/site-packages/airflow/example_dags/example_skip_dag.py for tasks to queue
[2024-01-28T23:42:45.283+0100] {logging_mixin.py:188} INFO - [2024-01-28T23:42:45.282+0100] {dagbag.py:538} INFO - Filling up the DagBag from /home/ubuntu/.local/lib/python3.10/site-packages/airflow/example_dags/example_skip_dag.py
[2024-01-28T23:42:45.293+0100] {processor.py:840} INFO - DAG(s) 'example_skip_dag' retrieved from /home/ubuntu/.local/lib/python3.10/site-packages/airflow/example_dags/example_skip_dag.py
[2024-01-28T23:42:45.317+0100] {logging_mixin.py:188} INFO - [2024-01-28T23:42:45.317+0100] {dag.py:3033} INFO - Sync 1 DAGs
[2024-01-28T23:42:45.342+0100] {logging_mixin.py:188} INFO - [2024-01-28T23:42:45.341+0100] {dag.py:3820} INFO - Setting next_dagrun for example_skip_dag to 2024-01-27T00:00:00+00:00, run_after=2024-01-28T00:00:00+00:00
[2024-01-28T23:42:45.377+0100] {processor.py:183} INFO - Processing /home/ubuntu/.local/lib/python3.10/site-packages/airflow/example_dags/example_skip_dag.py took 0.104 seconds
[2024-01-28T23:43:51.404+0100] {processor.py:161} INFO - Started process (PID=19555) to work on /home/ubuntu/.local/lib/python3.10/site-packages/airflow/example_dags/example_skip_dag.py
[2024-01-28T23:43:51.406+0100] {processor.py:830} INFO - Processing file /home/ubuntu/.local/lib/python3.10/site-packages/airflow/example_dags/example_skip_dag.py for tasks to queue
[2024-01-28T23:43:51.408+0100] {logging_mixin.py:188} INFO - [2024-01-28T23:43:51.407+0100] {dagbag.py:538} INFO - Filling up the DagBag from /home/ubuntu/.local/lib/python3.10/site-packages/airflow/example_dags/example_skip_dag.py
[2024-01-28T23:43:51.416+0100] {processor.py:840} INFO - DAG(s) 'example_skip_dag' retrieved from /home/ubuntu/.local/lib/python3.10/site-packages/airflow/example_dags/example_skip_dag.py
[2024-01-28T23:43:51.433+0100] {logging_mixin.py:188} INFO - [2024-01-28T23:43:51.433+0100] {dag.py:3033} INFO - Sync 1 DAGs
[2024-01-28T23:43:51.457+0100] {logging_mixin.py:188} INFO - [2024-01-28T23:43:51.457+0100] {dag.py:3820} INFO - Setting next_dagrun for example_skip_dag to 2024-01-27T00:00:00+00:00, run_after=2024-01-28T00:00:00+00:00
[2024-01-28T23:43:51.484+0100] {processor.py:183} INFO - Processing /home/ubuntu/.local/lib/python3.10/site-packages/airflow/example_dags/example_skip_dag.py took 0.084 seconds
[2024-01-28T23:44:58.818+0100] {processor.py:161} INFO - Started process (PID=19633) to work on /home/ubuntu/.local/lib/python3.10/site-packages/airflow/example_dags/example_skip_dag.py
[2024-01-28T23:44:58.822+0100] {processor.py:830} INFO - Processing file /home/ubuntu/.local/lib/python3.10/site-packages/airflow/example_dags/example_skip_dag.py for tasks to queue
[2024-01-28T23:44:58.823+0100] {logging_mixin.py:188} INFO - [2024-01-28T23:44:58.823+0100] {dagbag.py:538} INFO - Filling up the DagBag from /home/ubuntu/.local/lib/python3.10/site-packages/airflow/example_dags/example_skip_dag.py
[2024-01-28T23:44:58.835+0100] {processor.py:840} INFO - DAG(s) 'example_skip_dag' retrieved from /home/ubuntu/.local/lib/python3.10/site-packages/airflow/example_dags/example_skip_dag.py
[2024-01-28T23:44:58.855+0100] {logging_mixin.py:188} INFO - [2024-01-28T23:44:58.855+0100] {dag.py:3033} INFO - Sync 1 DAGs
[2024-01-28T23:44:58.880+0100] {logging_mixin.py:188} INFO - [2024-01-28T23:44:58.880+0100] {dag.py:3820} INFO - Setting next_dagrun for example_skip_dag to 2024-01-27T00:00:00+00:00, run_after=2024-01-28T00:00:00+00:00
[2024-01-28T23:44:58.919+0100] {processor.py:183} INFO - Processing /home/ubuntu/.local/lib/python3.10/site-packages/airflow/example_dags/example_skip_dag.py took 0.104 seconds
[2024-01-28T23:46:08.072+0100] {processor.py:161} INFO - Started process (PID=19714) to work on /home/ubuntu/.local/lib/python3.10/site-packages/airflow/example_dags/example_skip_dag.py
[2024-01-28T23:46:08.074+0100] {processor.py:830} INFO - Processing file /home/ubuntu/.local/lib/python3.10/site-packages/airflow/example_dags/example_skip_dag.py for tasks to queue
[2024-01-28T23:46:08.075+0100] {logging_mixin.py:188} INFO - [2024-01-28T23:46:08.075+0100] {dagbag.py:538} INFO - Filling up the DagBag from /home/ubuntu/.local/lib/python3.10/site-packages/airflow/example_dags/example_skip_dag.py
[2024-01-28T23:46:08.085+0100] {processor.py:840} INFO - DAG(s) 'example_skip_dag' retrieved from /home/ubuntu/.local/lib/python3.10/site-packages/airflow/example_dags/example_skip_dag.py
[2024-01-28T23:46:08.104+0100] {logging_mixin.py:188} INFO - [2024-01-28T23:46:08.103+0100] {dag.py:3033} INFO - Sync 1 DAGs
[2024-01-28T23:46:08.125+0100] {logging_mixin.py:188} INFO - [2024-01-28T23:46:08.125+0100] {dag.py:3820} INFO - Setting next_dagrun for example_skip_dag to 2024-01-27T00:00:00+00:00, run_after=2024-01-28T00:00:00+00:00
[2024-01-28T23:46:08.157+0100] {processor.py:183} INFO - Processing /home/ubuntu/.local/lib/python3.10/site-packages/airflow/example_dags/example_skip_dag.py took 0.089 seconds
[2024-01-28T23:47:05.201+0100] {processor.py:161} INFO - Started process (PID=19785) to work on /home/ubuntu/.local/lib/python3.10/site-packages/airflow/example_dags/example_skip_dag.py
[2024-01-28T23:47:05.203+0100] {processor.py:830} INFO - Processing file /home/ubuntu/.local/lib/python3.10/site-packages/airflow/example_dags/example_skip_dag.py for tasks to queue
[2024-01-28T23:47:05.205+0100] {logging_mixin.py:188} INFO - [2024-01-28T23:47:05.204+0100] {dagbag.py:538} INFO - Filling up the DagBag from /home/ubuntu/.local/lib/python3.10/site-packages/airflow/example_dags/example_skip_dag.py
[2024-01-28T23:47:05.213+0100] {processor.py:840} INFO - DAG(s) 'example_skip_dag' retrieved from /home/ubuntu/.local/lib/python3.10/site-packages/airflow/example_dags/example_skip_dag.py
[2024-01-28T23:47:05.232+0100] {logging_mixin.py:188} INFO - [2024-01-28T23:47:05.232+0100] {dag.py:3033} INFO - Sync 1 DAGs
[2024-01-28T23:47:05.254+0100] {logging_mixin.py:188} INFO - [2024-01-28T23:47:05.254+0100] {dag.py:3820} INFO - Setting next_dagrun for example_skip_dag to 2024-01-27T00:00:00+00:00, run_after=2024-01-28T00:00:00+00:00
[2024-01-28T23:47:05.282+0100] {processor.py:183} INFO - Processing /home/ubuntu/.local/lib/python3.10/site-packages/airflow/example_dags/example_skip_dag.py took 0.085 seconds
[2024-01-28T23:48:01.308+0100] {processor.py:161} INFO - Started process (PID=19850) to work on /home/ubuntu/.local/lib/python3.10/site-packages/airflow/example_dags/example_skip_dag.py
[2024-01-28T23:48:01.310+0100] {processor.py:830} INFO - Processing file /home/ubuntu/.local/lib/python3.10/site-packages/airflow/example_dags/example_skip_dag.py for tasks to queue
[2024-01-28T23:48:01.312+0100] {logging_mixin.py:188} INFO - [2024-01-28T23:48:01.311+0100] {dagbag.py:538} INFO - Filling up the DagBag from /home/ubuntu/.local/lib/python3.10/site-packages/airflow/example_dags/example_skip_dag.py
[2024-01-28T23:48:01.321+0100] {processor.py:840} INFO - DAG(s) 'example_skip_dag' retrieved from /home/ubuntu/.local/lib/python3.10/site-packages/airflow/example_dags/example_skip_dag.py
[2024-01-28T23:48:01.343+0100] {logging_mixin.py:188} INFO - [2024-01-28T23:48:01.343+0100] {dag.py:3033} INFO - Sync 1 DAGs
[2024-01-28T23:48:01.382+0100] {logging_mixin.py:188} INFO - [2024-01-28T23:48:01.382+0100] {dag.py:3820} INFO - Setting next_dagrun for example_skip_dag to 2024-01-27T00:00:00+00:00, run_after=2024-01-28T00:00:00+00:00
[2024-01-28T23:48:01.423+0100] {processor.py:183} INFO - Processing /home/ubuntu/.local/lib/python3.10/site-packages/airflow/example_dags/example_skip_dag.py took 0.119 seconds
[2024-01-28T23:48:55.596+0100] {processor.py:161} INFO - Started process (PID=19913) to work on /home/ubuntu/.local/lib/python3.10/site-packages/airflow/example_dags/example_skip_dag.py
[2024-01-28T23:48:55.599+0100] {processor.py:830} INFO - Processing file /home/ubuntu/.local/lib/python3.10/site-packages/airflow/example_dags/example_skip_dag.py for tasks to queue
[2024-01-28T23:48:55.600+0100] {logging_mixin.py:188} INFO - [2024-01-28T23:48:55.599+0100] {dagbag.py:538} INFO - Filling up the DagBag from /home/ubuntu/.local/lib/python3.10/site-packages/airflow/example_dags/example_skip_dag.py
[2024-01-28T23:48:55.608+0100] {processor.py:840} INFO - DAG(s) 'example_skip_dag' retrieved from /home/ubuntu/.local/lib/python3.10/site-packages/airflow/example_dags/example_skip_dag.py
[2024-01-28T23:48:55.627+0100] {logging_mixin.py:188} INFO - [2024-01-28T23:48:55.627+0100] {dag.py:3033} INFO - Sync 1 DAGs
[2024-01-28T23:48:55.650+0100] {logging_mixin.py:188} INFO - [2024-01-28T23:48:55.649+0100] {dag.py:3820} INFO - Setting next_dagrun for example_skip_dag to 2024-01-27T00:00:00+00:00, run_after=2024-01-28T00:00:00+00:00
[2024-01-28T23:48:55.679+0100] {processor.py:183} INFO - Processing /home/ubuntu/.local/lib/python3.10/site-packages/airflow/example_dags/example_skip_dag.py took 0.087 seconds
[2024-01-28T23:49:53.526+0100] {processor.py:161} INFO - Started process (PID=19979) to work on /home/ubuntu/.local/lib/python3.10/site-packages/airflow/example_dags/example_skip_dag.py
[2024-01-28T23:49:53.528+0100] {processor.py:830} INFO - Processing file /home/ubuntu/.local/lib/python3.10/site-packages/airflow/example_dags/example_skip_dag.py for tasks to queue
[2024-01-28T23:49:53.530+0100] {logging_mixin.py:188} INFO - [2024-01-28T23:49:53.529+0100] {dagbag.py:538} INFO - Filling up the DagBag from /home/ubuntu/.local/lib/python3.10/site-packages/airflow/example_dags/example_skip_dag.py
[2024-01-28T23:49:53.538+0100] {processor.py:840} INFO - DAG(s) 'example_skip_dag' retrieved from /home/ubuntu/.local/lib/python3.10/site-packages/airflow/example_dags/example_skip_dag.py
[2024-01-28T23:49:53.554+0100] {logging_mixin.py:188} INFO - [2024-01-28T23:49:53.553+0100] {dag.py:3033} INFO - Sync 1 DAGs
[2024-01-28T23:49:53.571+0100] {logging_mixin.py:188} INFO - [2024-01-28T23:49:53.571+0100] {dag.py:3820} INFO - Setting next_dagrun for example_skip_dag to 2024-01-27T00:00:00+00:00, run_after=2024-01-28T00:00:00+00:00
[2024-01-28T23:49:53.628+0100] {processor.py:183} INFO - Processing /home/ubuntu/.local/lib/python3.10/site-packages/airflow/example_dags/example_skip_dag.py took 0.105 seconds
[2024-01-28T23:50:55.502+0100] {processor.py:161} INFO - Started process (PID=20054) to work on /home/ubuntu/.local/lib/python3.10/site-packages/airflow/example_dags/example_skip_dag.py
[2024-01-28T23:50:55.522+0100] {processor.py:830} INFO - Processing file /home/ubuntu/.local/lib/python3.10/site-packages/airflow/example_dags/example_skip_dag.py for tasks to queue
[2024-01-28T23:50:55.523+0100] {logging_mixin.py:188} INFO - [2024-01-28T23:50:55.523+0100] {dagbag.py:538} INFO - Filling up the DagBag from /home/ubuntu/.local/lib/python3.10/site-packages/airflow/example_dags/example_skip_dag.py
[2024-01-28T23:50:55.533+0100] {processor.py:840} INFO - DAG(s) 'example_skip_dag' retrieved from /home/ubuntu/.local/lib/python3.10/site-packages/airflow/example_dags/example_skip_dag.py
[2024-01-28T23:50:55.558+0100] {logging_mixin.py:188} INFO - [2024-01-28T23:50:55.558+0100] {dag.py:3033} INFO - Sync 1 DAGs
[2024-01-28T23:50:55.580+0100] {logging_mixin.py:188} INFO - [2024-01-28T23:50:55.580+0100] {dag.py:3820} INFO - Setting next_dagrun for example_skip_dag to 2024-01-27T00:00:00+00:00, run_after=2024-01-28T00:00:00+00:00
[2024-01-28T23:50:55.613+0100] {processor.py:183} INFO - Processing /home/ubuntu/.local/lib/python3.10/site-packages/airflow/example_dags/example_skip_dag.py took 0.114 seconds
[2024-01-28T23:51:58.880+0100] {processor.py:161} INFO - Started process (PID=20124) to work on /home/ubuntu/.local/lib/python3.10/site-packages/airflow/example_dags/example_skip_dag.py
[2024-01-28T23:51:58.883+0100] {processor.py:830} INFO - Processing file /home/ubuntu/.local/lib/python3.10/site-packages/airflow/example_dags/example_skip_dag.py for tasks to queue
[2024-01-28T23:51:58.884+0100] {logging_mixin.py:188} INFO - [2024-01-28T23:51:58.884+0100] {dagbag.py:538} INFO - Filling up the DagBag from /home/ubuntu/.local/lib/python3.10/site-packages/airflow/example_dags/example_skip_dag.py
[2024-01-28T23:51:58.891+0100] {processor.py:840} INFO - DAG(s) 'example_skip_dag' retrieved from /home/ubuntu/.local/lib/python3.10/site-packages/airflow/example_dags/example_skip_dag.py
[2024-01-28T23:51:58.907+0100] {logging_mixin.py:188} INFO - [2024-01-28T23:51:58.906+0100] {dag.py:3033} INFO - Sync 1 DAGs
[2024-01-28T23:51:58.924+0100] {logging_mixin.py:188} INFO - [2024-01-28T23:51:58.924+0100] {dag.py:3820} INFO - Setting next_dagrun for example_skip_dag to 2024-01-27T00:00:00+00:00, run_after=2024-01-28T00:00:00+00:00
[2024-01-28T23:51:58.954+0100] {processor.py:183} INFO - Processing /home/ubuntu/.local/lib/python3.10/site-packages/airflow/example_dags/example_skip_dag.py took 0.077 seconds
[2024-01-28T23:53:00.952+0100] {processor.py:161} INFO - Started process (PID=20204) to work on /home/ubuntu/.local/lib/python3.10/site-packages/airflow/example_dags/example_skip_dag.py
[2024-01-28T23:53:00.955+0100] {processor.py:830} INFO - Processing file /home/ubuntu/.local/lib/python3.10/site-packages/airflow/example_dags/example_skip_dag.py for tasks to queue
[2024-01-28T23:53:00.956+0100] {logging_mixin.py:188} INFO - [2024-01-28T23:53:00.955+0100] {dagbag.py:538} INFO - Filling up the DagBag from /home/ubuntu/.local/lib/python3.10/site-packages/airflow/example_dags/example_skip_dag.py
[2024-01-28T23:53:00.964+0100] {processor.py:840} INFO - DAG(s) 'example_skip_dag' retrieved from /home/ubuntu/.local/lib/python3.10/site-packages/airflow/example_dags/example_skip_dag.py
[2024-01-28T23:53:00.982+0100] {logging_mixin.py:188} INFO - [2024-01-28T23:53:00.982+0100] {dag.py:3033} INFO - Sync 1 DAGs
[2024-01-28T23:53:01.001+0100] {logging_mixin.py:188} INFO - [2024-01-28T23:53:01.001+0100] {dag.py:3820} INFO - Setting next_dagrun for example_skip_dag to 2024-01-27T00:00:00+00:00, run_after=2024-01-28T00:00:00+00:00
[2024-01-28T23:53:01.036+0100] {processor.py:183} INFO - Processing /home/ubuntu/.local/lib/python3.10/site-packages/airflow/example_dags/example_skip_dag.py took 0.087 seconds
[2024-01-28T23:54:04.430+0100] {processor.py:161} INFO - Started process (PID=20274) to work on /home/ubuntu/.local/lib/python3.10/site-packages/airflow/example_dags/example_skip_dag.py
[2024-01-28T23:54:04.432+0100] {processor.py:830} INFO - Processing file /home/ubuntu/.local/lib/python3.10/site-packages/airflow/example_dags/example_skip_dag.py for tasks to queue
[2024-01-28T23:54:04.433+0100] {logging_mixin.py:188} INFO - [2024-01-28T23:54:04.432+0100] {dagbag.py:538} INFO - Filling up the DagBag from /home/ubuntu/.local/lib/python3.10/site-packages/airflow/example_dags/example_skip_dag.py
[2024-01-28T23:54:04.442+0100] {processor.py:840} INFO - DAG(s) 'example_skip_dag' retrieved from /home/ubuntu/.local/lib/python3.10/site-packages/airflow/example_dags/example_skip_dag.py
[2024-01-28T23:54:04.460+0100] {logging_mixin.py:188} INFO - [2024-01-28T23:54:04.460+0100] {dag.py:3033} INFO - Sync 1 DAGs
[2024-01-28T23:54:04.480+0100] {logging_mixin.py:188} INFO - [2024-01-28T23:54:04.480+0100] {dag.py:3820} INFO - Setting next_dagrun for example_skip_dag to 2024-01-27T00:00:00+00:00, run_after=2024-01-28T00:00:00+00:00
[2024-01-28T23:54:04.514+0100] {processor.py:183} INFO - Processing /home/ubuntu/.local/lib/python3.10/site-packages/airflow/example_dags/example_skip_dag.py took 0.088 seconds
[2024-01-28T23:55:05.620+0100] {processor.py:161} INFO - Started process (PID=20357) to work on /home/ubuntu/.local/lib/python3.10/site-packages/airflow/example_dags/example_skip_dag.py
[2024-01-28T23:55:05.623+0100] {processor.py:830} INFO - Processing file /home/ubuntu/.local/lib/python3.10/site-packages/airflow/example_dags/example_skip_dag.py for tasks to queue
[2024-01-28T23:55:05.624+0100] {logging_mixin.py:188} INFO - [2024-01-28T23:55:05.623+0100] {dagbag.py:538} INFO - Filling up the DagBag from /home/ubuntu/.local/lib/python3.10/site-packages/airflow/example_dags/example_skip_dag.py
[2024-01-28T23:55:05.633+0100] {processor.py:840} INFO - DAG(s) 'example_skip_dag' retrieved from /home/ubuntu/.local/lib/python3.10/site-packages/airflow/example_dags/example_skip_dag.py
[2024-01-28T23:55:05.653+0100] {logging_mixin.py:188} INFO - [2024-01-28T23:55:05.652+0100] {dag.py:3033} INFO - Sync 1 DAGs
[2024-01-28T23:55:05.674+0100] {logging_mixin.py:188} INFO - [2024-01-28T23:55:05.674+0100] {dag.py:3820} INFO - Setting next_dagrun for example_skip_dag to 2024-01-27T00:00:00+00:00, run_after=2024-01-28T00:00:00+00:00
[2024-01-28T23:55:05.708+0100] {processor.py:183} INFO - Processing /home/ubuntu/.local/lib/python3.10/site-packages/airflow/example_dags/example_skip_dag.py took 0.092 seconds
[2024-01-28T23:56:06.015+0100] {processor.py:161} INFO - Started process (PID=20433) to work on /home/ubuntu/.local/lib/python3.10/site-packages/airflow/example_dags/example_skip_dag.py
[2024-01-28T23:56:06.017+0100] {processor.py:830} INFO - Processing file /home/ubuntu/.local/lib/python3.10/site-packages/airflow/example_dags/example_skip_dag.py for tasks to queue
[2024-01-28T23:56:06.018+0100] {logging_mixin.py:188} INFO - [2024-01-28T23:56:06.018+0100] {dagbag.py:538} INFO - Filling up the DagBag from /home/ubuntu/.local/lib/python3.10/site-packages/airflow/example_dags/example_skip_dag.py
[2024-01-28T23:56:06.027+0100] {processor.py:840} INFO - DAG(s) 'example_skip_dag' retrieved from /home/ubuntu/.local/lib/python3.10/site-packages/airflow/example_dags/example_skip_dag.py
[2024-01-28T23:56:06.044+0100] {logging_mixin.py:188} INFO - [2024-01-28T23:56:06.044+0100] {dag.py:3033} INFO - Sync 1 DAGs
[2024-01-28T23:56:06.064+0100] {logging_mixin.py:188} INFO - [2024-01-28T23:56:06.064+0100] {dag.py:3820} INFO - Setting next_dagrun for example_skip_dag to 2024-01-27T00:00:00+00:00, run_after=2024-01-28T00:00:00+00:00
[2024-01-28T23:56:06.092+0100] {processor.py:183} INFO - Processing /home/ubuntu/.local/lib/python3.10/site-packages/airflow/example_dags/example_skip_dag.py took 0.082 seconds
[2024-01-28T23:57:04.715+0100] {processor.py:161} INFO - Started process (PID=20503) to work on /home/ubuntu/.local/lib/python3.10/site-packages/airflow/example_dags/example_skip_dag.py
[2024-01-28T23:57:04.718+0100] {processor.py:830} INFO - Processing file /home/ubuntu/.local/lib/python3.10/site-packages/airflow/example_dags/example_skip_dag.py for tasks to queue
[2024-01-28T23:57:04.719+0100] {logging_mixin.py:188} INFO - [2024-01-28T23:57:04.719+0100] {dagbag.py:538} INFO - Filling up the DagBag from /home/ubuntu/.local/lib/python3.10/site-packages/airflow/example_dags/example_skip_dag.py
[2024-01-28T23:57:04.728+0100] {processor.py:840} INFO - DAG(s) 'example_skip_dag' retrieved from /home/ubuntu/.local/lib/python3.10/site-packages/airflow/example_dags/example_skip_dag.py
[2024-01-28T23:57:04.744+0100] {logging_mixin.py:188} INFO - [2024-01-28T23:57:04.744+0100] {dag.py:3033} INFO - Sync 1 DAGs
[2024-01-28T23:57:04.766+0100] {logging_mixin.py:188} INFO - [2024-01-28T23:57:04.766+0100] {dag.py:3820} INFO - Setting next_dagrun for example_skip_dag to 2024-01-27T00:00:00+00:00, run_after=2024-01-28T00:00:00+00:00
[2024-01-28T23:57:04.796+0100] {processor.py:183} INFO - Processing /home/ubuntu/.local/lib/python3.10/site-packages/airflow/example_dags/example_skip_dag.py took 0.084 seconds
[2024-01-28T23:58:06.972+0100] {processor.py:161} INFO - Started process (PID=20572) to work on /home/ubuntu/.local/lib/python3.10/site-packages/airflow/example_dags/example_skip_dag.py
[2024-01-28T23:58:06.974+0100] {processor.py:830} INFO - Processing file /home/ubuntu/.local/lib/python3.10/site-packages/airflow/example_dags/example_skip_dag.py for tasks to queue
[2024-01-28T23:58:06.975+0100] {logging_mixin.py:188} INFO - [2024-01-28T23:58:06.975+0100] {dagbag.py:538} INFO - Filling up the DagBag from /home/ubuntu/.local/lib/python3.10/site-packages/airflow/example_dags/example_skip_dag.py
[2024-01-28T23:58:06.983+0100] {processor.py:840} INFO - DAG(s) 'example_skip_dag' retrieved from /home/ubuntu/.local/lib/python3.10/site-packages/airflow/example_dags/example_skip_dag.py
[2024-01-28T23:58:06.999+0100] {logging_mixin.py:188} INFO - [2024-01-28T23:58:06.998+0100] {dag.py:3033} INFO - Sync 1 DAGs
[2024-01-28T23:58:07.019+0100] {logging_mixin.py:188} INFO - [2024-01-28T23:58:07.019+0100] {dag.py:3820} INFO - Setting next_dagrun for example_skip_dag to 2024-01-27T00:00:00+00:00, run_after=2024-01-28T00:00:00+00:00
[2024-01-28T23:58:07.051+0100] {processor.py:183} INFO - Processing /home/ubuntu/.local/lib/python3.10/site-packages/airflow/example_dags/example_skip_dag.py took 0.082 seconds
[2024-01-28T23:59:05.633+0100] {processor.py:161} INFO - Started process (PID=20645) to work on /home/ubuntu/.local/lib/python3.10/site-packages/airflow/example_dags/example_skip_dag.py
[2024-01-28T23:59:05.635+0100] {processor.py:830} INFO - Processing file /home/ubuntu/.local/lib/python3.10/site-packages/airflow/example_dags/example_skip_dag.py for tasks to queue
[2024-01-28T23:59:05.636+0100] {logging_mixin.py:188} INFO - [2024-01-28T23:59:05.636+0100] {dagbag.py:538} INFO - Filling up the DagBag from /home/ubuntu/.local/lib/python3.10/site-packages/airflow/example_dags/example_skip_dag.py
[2024-01-28T23:59:05.646+0100] {processor.py:840} INFO - DAG(s) 'example_skip_dag' retrieved from /home/ubuntu/.local/lib/python3.10/site-packages/airflow/example_dags/example_skip_dag.py
[2024-01-28T23:59:05.665+0100] {logging_mixin.py:188} INFO - [2024-01-28T23:59:05.664+0100] {dag.py:3033} INFO - Sync 1 DAGs
[2024-01-28T23:59:05.694+0100] {logging_mixin.py:188} INFO - [2024-01-28T23:59:05.694+0100] {dag.py:3820} INFO - Setting next_dagrun for example_skip_dag to 2024-01-27T00:00:00+00:00, run_after=2024-01-28T00:00:00+00:00
[2024-01-28T23:59:05.723+0100] {processor.py:183} INFO - Processing /home/ubuntu/.local/lib/python3.10/site-packages/airflow/example_dags/example_skip_dag.py took 0.094 seconds
[2024-01-29T00:00:13.720+0100] {processor.py:161} INFO - Started process (PID=20724) to work on /home/ubuntu/.local/lib/python3.10/site-packages/airflow/example_dags/example_skip_dag.py
[2024-01-29T00:00:13.722+0100] {processor.py:830} INFO - Processing file /home/ubuntu/.local/lib/python3.10/site-packages/airflow/example_dags/example_skip_dag.py for tasks to queue
[2024-01-29T00:00:13.724+0100] {logging_mixin.py:188} INFO - [2024-01-29T00:00:13.724+0100] {dagbag.py:538} INFO - Filling up the DagBag from /home/ubuntu/.local/lib/python3.10/site-packages/airflow/example_dags/example_skip_dag.py
[2024-01-29T00:00:13.733+0100] {processor.py:840} INFO - DAG(s) 'example_skip_dag' retrieved from /home/ubuntu/.local/lib/python3.10/site-packages/airflow/example_dags/example_skip_dag.py
[2024-01-29T00:00:13.750+0100] {logging_mixin.py:188} INFO - [2024-01-29T00:00:13.750+0100] {dag.py:3033} INFO - Sync 1 DAGs
[2024-01-29T00:00:13.771+0100] {logging_mixin.py:188} INFO - [2024-01-29T00:00:13.771+0100] {dag.py:3820} INFO - Setting next_dagrun for example_skip_dag to 2024-01-27T00:00:00+00:00, run_after=2024-01-28T00:00:00+00:00
[2024-01-29T00:00:13.797+0100] {processor.py:183} INFO - Processing /home/ubuntu/.local/lib/python3.10/site-packages/airflow/example_dags/example_skip_dag.py took 0.081 seconds
[2024-01-29T00:01:11.971+0100] {processor.py:161} INFO - Started process (PID=20891) to work on /home/ubuntu/.local/lib/python3.10/site-packages/airflow/example_dags/example_skip_dag.py
[2024-01-29T00:01:11.974+0100] {processor.py:830} INFO - Processing file /home/ubuntu/.local/lib/python3.10/site-packages/airflow/example_dags/example_skip_dag.py for tasks to queue
[2024-01-29T00:01:11.975+0100] {logging_mixin.py:188} INFO - [2024-01-29T00:01:11.975+0100] {dagbag.py:538} INFO - Filling up the DagBag from /home/ubuntu/.local/lib/python3.10/site-packages/airflow/example_dags/example_skip_dag.py
[2024-01-29T00:01:11.985+0100] {processor.py:840} INFO - DAG(s) 'example_skip_dag' retrieved from /home/ubuntu/.local/lib/python3.10/site-packages/airflow/example_dags/example_skip_dag.py
[2024-01-29T00:01:12.002+0100] {logging_mixin.py:188} INFO - [2024-01-29T00:01:12.002+0100] {dag.py:3033} INFO - Sync 1 DAGs
[2024-01-29T00:01:12.023+0100] {logging_mixin.py:188} INFO - [2024-01-29T00:01:12.023+0100] {dag.py:3820} INFO - Setting next_dagrun for example_skip_dag to 2024-01-27T00:00:00+00:00, run_after=2024-01-28T00:00:00+00:00
[2024-01-29T00:01:12.060+0100] {processor.py:183} INFO - Processing /home/ubuntu/.local/lib/python3.10/site-packages/airflow/example_dags/example_skip_dag.py took 0.093 seconds
[2024-01-29T00:02:09.023+0100] {processor.py:161} INFO - Started process (PID=20965) to work on /home/ubuntu/.local/lib/python3.10/site-packages/airflow/example_dags/example_skip_dag.py
[2024-01-29T00:02:09.026+0100] {processor.py:830} INFO - Processing file /home/ubuntu/.local/lib/python3.10/site-packages/airflow/example_dags/example_skip_dag.py for tasks to queue
[2024-01-29T00:02:09.027+0100] {logging_mixin.py:188} INFO - [2024-01-29T00:02:09.026+0100] {dagbag.py:538} INFO - Filling up the DagBag from /home/ubuntu/.local/lib/python3.10/site-packages/airflow/example_dags/example_skip_dag.py
[2024-01-29T00:02:09.036+0100] {processor.py:840} INFO - DAG(s) 'example_skip_dag' retrieved from /home/ubuntu/.local/lib/python3.10/site-packages/airflow/example_dags/example_skip_dag.py
[2024-01-29T00:02:09.055+0100] {logging_mixin.py:188} INFO - [2024-01-29T00:02:09.055+0100] {dag.py:3033} INFO - Sync 1 DAGs
[2024-01-29T00:02:09.075+0100] {logging_mixin.py:188} INFO - [2024-01-29T00:02:09.075+0100] {dag.py:3820} INFO - Setting next_dagrun for example_skip_dag to 2024-01-27T00:00:00+00:00, run_after=2024-01-28T00:00:00+00:00
[2024-01-29T00:02:09.109+0100] {processor.py:183} INFO - Processing /home/ubuntu/.local/lib/python3.10/site-packages/airflow/example_dags/example_skip_dag.py took 0.089 seconds
