[2024-01-28T22:57:15.573+0100] {processor.py:161} INFO - Started process (PID=15615) to work on /home/ubuntu/.local/lib/python3.10/site-packages/airflow/example_dags/example_branch_operator_decorator.py
[2024-01-28T22:57:15.576+0100] {processor.py:830} INFO - Processing file /home/ubuntu/.local/lib/python3.10/site-packages/airflow/example_dags/example_branch_operator_decorator.py for tasks to queue
[2024-01-28T22:57:15.582+0100] {logging_mixin.py:188} INFO - [2024-01-28T22:57:15.581+0100] {dagbag.py:538} INFO - Filling up the DagBag from /home/ubuntu/.local/lib/python3.10/site-packages/airflow/example_dags/example_branch_operator_decorator.py
[2024-01-28T22:57:15.682+0100] {processor.py:840} INFO - DAG(s) 'example_branch_python_operator_decorator' retrieved from /home/ubuntu/.local/lib/python3.10/site-packages/airflow/example_dags/example_branch_operator_decorator.py
[2024-01-28T22:57:15.844+0100] {logging_mixin.py:188} INFO - [2024-01-28T22:57:15.844+0100] {dag.py:3033} INFO - Sync 1 DAGs
[2024-01-28T22:57:15.869+0100] {logging_mixin.py:188} INFO - [2024-01-28T22:57:15.869+0100] {dag.py:3820} INFO - Setting next_dagrun for example_branch_python_operator_decorator to 2024-01-27T00:00:00+00:00, run_after=2024-01-28T00:00:00+00:00
[2024-01-28T22:57:15.907+0100] {processor.py:183} INFO - Processing /home/ubuntu/.local/lib/python3.10/site-packages/airflow/example_dags/example_branch_operator_decorator.py took 0.343 seconds
[2024-01-28T22:58:24.162+0100] {processor.py:161} INFO - Started process (PID=15679) to work on /home/ubuntu/.local/lib/python3.10/site-packages/airflow/example_dags/example_branch_operator_decorator.py
[2024-01-28T22:58:24.165+0100] {processor.py:830} INFO - Processing file /home/ubuntu/.local/lib/python3.10/site-packages/airflow/example_dags/example_branch_operator_decorator.py for tasks to queue
[2024-01-28T22:58:24.168+0100] {logging_mixin.py:188} INFO - [2024-01-28T22:58:24.167+0100] {dagbag.py:538} INFO - Filling up the DagBag from /home/ubuntu/.local/lib/python3.10/site-packages/airflow/example_dags/example_branch_operator_decorator.py
[2024-01-28T22:58:24.193+0100] {processor.py:840} INFO - DAG(s) 'example_branch_python_operator_decorator' retrieved from /home/ubuntu/.local/lib/python3.10/site-packages/airflow/example_dags/example_branch_operator_decorator.py
[2024-01-28T22:58:24.235+0100] {logging_mixin.py:188} INFO - [2024-01-28T22:58:24.234+0100] {dag.py:3033} INFO - Sync 1 DAGs
[2024-01-28T22:58:24.276+0100] {logging_mixin.py:188} INFO - [2024-01-28T22:58:24.276+0100] {dag.py:3820} INFO - Setting next_dagrun for example_branch_python_operator_decorator to 2024-01-27T00:00:00+00:00, run_after=2024-01-28T00:00:00+00:00
[2024-01-28T22:58:24.327+0100] {processor.py:183} INFO - Processing /home/ubuntu/.local/lib/python3.10/site-packages/airflow/example_dags/example_branch_operator_decorator.py took 0.170 seconds
[2024-01-28T22:59:25.214+0100] {processor.py:161} INFO - Started process (PID=15771) to work on /home/ubuntu/.local/lib/python3.10/site-packages/airflow/example_dags/example_branch_operator_decorator.py
[2024-01-28T22:59:25.216+0100] {processor.py:830} INFO - Processing file /home/ubuntu/.local/lib/python3.10/site-packages/airflow/example_dags/example_branch_operator_decorator.py for tasks to queue
[2024-01-28T22:59:25.217+0100] {logging_mixin.py:188} INFO - [2024-01-28T22:59:25.217+0100] {dagbag.py:538} INFO - Filling up the DagBag from /home/ubuntu/.local/lib/python3.10/site-packages/airflow/example_dags/example_branch_operator_decorator.py
[2024-01-28T22:59:25.237+0100] {processor.py:840} INFO - DAG(s) 'example_branch_python_operator_decorator' retrieved from /home/ubuntu/.local/lib/python3.10/site-packages/airflow/example_dags/example_branch_operator_decorator.py
[2024-01-28T22:59:25.261+0100] {logging_mixin.py:188} INFO - [2024-01-28T22:59:25.261+0100] {dag.py:3033} INFO - Sync 1 DAGs
[2024-01-28T22:59:25.284+0100] {logging_mixin.py:188} INFO - [2024-01-28T22:59:25.284+0100] {dag.py:3820} INFO - Setting next_dagrun for example_branch_python_operator_decorator to 2024-01-27T00:00:00+00:00, run_after=2024-01-28T00:00:00+00:00
[2024-01-28T22:59:25.325+0100] {processor.py:183} INFO - Processing /home/ubuntu/.local/lib/python3.10/site-packages/airflow/example_dags/example_branch_operator_decorator.py took 0.114 seconds
[2024-01-28T23:00:17.455+0100] {processor.py:161} INFO - Started process (PID=15829) to work on /home/ubuntu/.local/lib/python3.10/site-packages/airflow/example_dags/example_branch_operator_decorator.py
[2024-01-28T23:00:17.457+0100] {processor.py:830} INFO - Processing file /home/ubuntu/.local/lib/python3.10/site-packages/airflow/example_dags/example_branch_operator_decorator.py for tasks to queue
[2024-01-28T23:00:17.458+0100] {logging_mixin.py:188} INFO - [2024-01-28T23:00:17.458+0100] {dagbag.py:538} INFO - Filling up the DagBag from /home/ubuntu/.local/lib/python3.10/site-packages/airflow/example_dags/example_branch_operator_decorator.py
[2024-01-28T23:00:17.483+0100] {processor.py:840} INFO - DAG(s) 'example_branch_python_operator_decorator' retrieved from /home/ubuntu/.local/lib/python3.10/site-packages/airflow/example_dags/example_branch_operator_decorator.py
[2024-01-28T23:00:17.519+0100] {logging_mixin.py:188} INFO - [2024-01-28T23:00:17.519+0100] {dag.py:3033} INFO - Sync 1 DAGs
[2024-01-28T23:00:17.554+0100] {logging_mixin.py:188} INFO - [2024-01-28T23:00:17.553+0100] {dag.py:3820} INFO - Setting next_dagrun for example_branch_python_operator_decorator to 2024-01-27T00:00:00+00:00, run_after=2024-01-28T00:00:00+00:00
[2024-01-28T23:00:17.595+0100] {processor.py:183} INFO - Processing /home/ubuntu/.local/lib/python3.10/site-packages/airflow/example_dags/example_branch_operator_decorator.py took 0.144 seconds
[2024-01-28T23:01:09.734+0100] {processor.py:161} INFO - Started process (PID=15890) to work on /home/ubuntu/.local/lib/python3.10/site-packages/airflow/example_dags/example_branch_operator_decorator.py
[2024-01-28T23:01:09.736+0100] {processor.py:830} INFO - Processing file /home/ubuntu/.local/lib/python3.10/site-packages/airflow/example_dags/example_branch_operator_decorator.py for tasks to queue
[2024-01-28T23:01:09.737+0100] {logging_mixin.py:188} INFO - [2024-01-28T23:01:09.737+0100] {dagbag.py:538} INFO - Filling up the DagBag from /home/ubuntu/.local/lib/python3.10/site-packages/airflow/example_dags/example_branch_operator_decorator.py
[2024-01-28T23:01:09.758+0100] {processor.py:840} INFO - DAG(s) 'example_branch_python_operator_decorator' retrieved from /home/ubuntu/.local/lib/python3.10/site-packages/airflow/example_dags/example_branch_operator_decorator.py
[2024-01-28T23:01:09.781+0100] {logging_mixin.py:188} INFO - [2024-01-28T23:01:09.781+0100] {dag.py:3033} INFO - Sync 1 DAGs
[2024-01-28T23:01:09.804+0100] {logging_mixin.py:188} INFO - [2024-01-28T23:01:09.804+0100] {dag.py:3820} INFO - Setting next_dagrun for example_branch_python_operator_decorator to 2024-01-27T00:00:00+00:00, run_after=2024-01-28T00:00:00+00:00
[2024-01-28T23:01:09.835+0100] {processor.py:183} INFO - Processing /home/ubuntu/.local/lib/python3.10/site-packages/airflow/example_dags/example_branch_operator_decorator.py took 0.105 seconds
[2024-01-28T23:02:17.011+0100] {processor.py:161} INFO - Started process (PID=15965) to work on /home/ubuntu/.local/lib/python3.10/site-packages/airflow/example_dags/example_branch_operator_decorator.py
[2024-01-28T23:02:17.013+0100] {processor.py:830} INFO - Processing file /home/ubuntu/.local/lib/python3.10/site-packages/airflow/example_dags/example_branch_operator_decorator.py for tasks to queue
[2024-01-28T23:02:17.014+0100] {logging_mixin.py:188} INFO - [2024-01-28T23:02:17.013+0100] {dagbag.py:538} INFO - Filling up the DagBag from /home/ubuntu/.local/lib/python3.10/site-packages/airflow/example_dags/example_branch_operator_decorator.py
[2024-01-28T23:02:17.047+0100] {processor.py:840} INFO - DAG(s) 'example_branch_python_operator_decorator' retrieved from /home/ubuntu/.local/lib/python3.10/site-packages/airflow/example_dags/example_branch_operator_decorator.py
[2024-01-28T23:02:17.110+0100] {logging_mixin.py:188} INFO - [2024-01-28T23:02:17.109+0100] {dag.py:3033} INFO - Sync 1 DAGs
[2024-01-28T23:02:17.137+0100] {logging_mixin.py:188} INFO - [2024-01-28T23:02:17.136+0100] {dag.py:3820} INFO - Setting next_dagrun for example_branch_python_operator_decorator to 2024-01-27T00:00:00+00:00, run_after=2024-01-28T00:00:00+00:00
[2024-01-28T23:02:17.166+0100] {processor.py:183} INFO - Processing /home/ubuntu/.local/lib/python3.10/site-packages/airflow/example_dags/example_branch_operator_decorator.py took 0.160 seconds
[2024-01-28T23:03:24.943+0100] {processor.py:161} INFO - Started process (PID=16051) to work on /home/ubuntu/.local/lib/python3.10/site-packages/airflow/example_dags/example_branch_operator_decorator.py
[2024-01-28T23:03:24.945+0100] {processor.py:830} INFO - Processing file /home/ubuntu/.local/lib/python3.10/site-packages/airflow/example_dags/example_branch_operator_decorator.py for tasks to queue
[2024-01-28T23:03:24.948+0100] {logging_mixin.py:188} INFO - [2024-01-28T23:03:24.947+0100] {dagbag.py:538} INFO - Filling up the DagBag from /home/ubuntu/.local/lib/python3.10/site-packages/airflow/example_dags/example_branch_operator_decorator.py
[2024-01-28T23:03:24.992+0100] {processor.py:840} INFO - DAG(s) 'example_branch_python_operator_decorator' retrieved from /home/ubuntu/.local/lib/python3.10/site-packages/airflow/example_dags/example_branch_operator_decorator.py
[2024-01-28T23:03:25.037+0100] {logging_mixin.py:188} INFO - [2024-01-28T23:03:25.037+0100] {dag.py:3033} INFO - Sync 1 DAGs
[2024-01-28T23:03:25.069+0100] {logging_mixin.py:188} INFO - [2024-01-28T23:03:25.068+0100] {dag.py:3820} INFO - Setting next_dagrun for example_branch_python_operator_decorator to 2024-01-27T00:00:00+00:00, run_after=2024-01-28T00:00:00+00:00
[2024-01-28T23:03:25.108+0100] {processor.py:183} INFO - Processing /home/ubuntu/.local/lib/python3.10/site-packages/airflow/example_dags/example_branch_operator_decorator.py took 0.172 seconds
[2024-01-28T23:04:17.411+0100] {processor.py:161} INFO - Started process (PID=16113) to work on /home/ubuntu/.local/lib/python3.10/site-packages/airflow/example_dags/example_branch_operator_decorator.py
[2024-01-28T23:04:17.412+0100] {processor.py:830} INFO - Processing file /home/ubuntu/.local/lib/python3.10/site-packages/airflow/example_dags/example_branch_operator_decorator.py for tasks to queue
[2024-01-28T23:04:17.414+0100] {logging_mixin.py:188} INFO - [2024-01-28T23:04:17.413+0100] {dagbag.py:538} INFO - Filling up the DagBag from /home/ubuntu/.local/lib/python3.10/site-packages/airflow/example_dags/example_branch_operator_decorator.py
[2024-01-28T23:04:17.434+0100] {processor.py:840} INFO - DAG(s) 'example_branch_python_operator_decorator' retrieved from /home/ubuntu/.local/lib/python3.10/site-packages/airflow/example_dags/example_branch_operator_decorator.py
[2024-01-28T23:04:17.457+0100] {logging_mixin.py:188} INFO - [2024-01-28T23:04:17.457+0100] {dag.py:3033} INFO - Sync 1 DAGs
[2024-01-28T23:04:17.478+0100] {logging_mixin.py:188} INFO - [2024-01-28T23:04:17.477+0100] {dag.py:3820} INFO - Setting next_dagrun for example_branch_python_operator_decorator to 2024-01-27T00:00:00+00:00, run_after=2024-01-28T00:00:00+00:00
[2024-01-28T23:04:17.506+0100] {processor.py:183} INFO - Processing /home/ubuntu/.local/lib/python3.10/site-packages/airflow/example_dags/example_branch_operator_decorator.py took 0.099 seconds
[2024-01-28T23:05:22.933+0100] {processor.py:161} INFO - Started process (PID=16185) to work on /home/ubuntu/.local/lib/python3.10/site-packages/airflow/example_dags/example_branch_operator_decorator.py
[2024-01-28T23:05:22.935+0100] {processor.py:830} INFO - Processing file /home/ubuntu/.local/lib/python3.10/site-packages/airflow/example_dags/example_branch_operator_decorator.py for tasks to queue
[2024-01-28T23:05:22.936+0100] {logging_mixin.py:188} INFO - [2024-01-28T23:05:22.936+0100] {dagbag.py:538} INFO - Filling up the DagBag from /home/ubuntu/.local/lib/python3.10/site-packages/airflow/example_dags/example_branch_operator_decorator.py
[2024-01-28T23:05:22.969+0100] {processor.py:840} INFO - DAG(s) 'example_branch_python_operator_decorator' retrieved from /home/ubuntu/.local/lib/python3.10/site-packages/airflow/example_dags/example_branch_operator_decorator.py
[2024-01-28T23:05:23.001+0100] {logging_mixin.py:188} INFO - [2024-01-28T23:05:23.001+0100] {dag.py:3033} INFO - Sync 1 DAGs
[2024-01-28T23:05:23.025+0100] {logging_mixin.py:188} INFO - [2024-01-28T23:05:23.025+0100] {dag.py:3820} INFO - Setting next_dagrun for example_branch_python_operator_decorator to 2024-01-27T00:00:00+00:00, run_after=2024-01-28T00:00:00+00:00
[2024-01-28T23:05:23.064+0100] {processor.py:183} INFO - Processing /home/ubuntu/.local/lib/python3.10/site-packages/airflow/example_dags/example_branch_operator_decorator.py took 0.134 seconds
[2024-01-28T23:06:23.498+0100] {processor.py:161} INFO - Started process (PID=16261) to work on /home/ubuntu/.local/lib/python3.10/site-packages/airflow/example_dags/example_branch_operator_decorator.py
[2024-01-28T23:06:23.500+0100] {processor.py:830} INFO - Processing file /home/ubuntu/.local/lib/python3.10/site-packages/airflow/example_dags/example_branch_operator_decorator.py for tasks to queue
[2024-01-28T23:06:23.502+0100] {logging_mixin.py:188} INFO - [2024-01-28T23:06:23.501+0100] {dagbag.py:538} INFO - Filling up the DagBag from /home/ubuntu/.local/lib/python3.10/site-packages/airflow/example_dags/example_branch_operator_decorator.py
[2024-01-28T23:06:23.519+0100] {processor.py:840} INFO - DAG(s) 'example_branch_python_operator_decorator' retrieved from /home/ubuntu/.local/lib/python3.10/site-packages/airflow/example_dags/example_branch_operator_decorator.py
[2024-01-28T23:06:23.539+0100] {logging_mixin.py:188} INFO - [2024-01-28T23:06:23.539+0100] {dag.py:3033} INFO - Sync 1 DAGs
[2024-01-28T23:06:23.558+0100] {logging_mixin.py:188} INFO - [2024-01-28T23:06:23.558+0100] {dag.py:3820} INFO - Setting next_dagrun for example_branch_python_operator_decorator to 2024-01-27T00:00:00+00:00, run_after=2024-01-28T00:00:00+00:00
[2024-01-28T23:06:23.598+0100] {processor.py:183} INFO - Processing /home/ubuntu/.local/lib/python3.10/site-packages/airflow/example_dags/example_branch_operator_decorator.py took 0.103 seconds
[2024-01-28T23:07:27.388+0100] {processor.py:161} INFO - Started process (PID=16331) to work on /home/ubuntu/.local/lib/python3.10/site-packages/airflow/example_dags/example_branch_operator_decorator.py
[2024-01-28T23:07:27.391+0100] {processor.py:830} INFO - Processing file /home/ubuntu/.local/lib/python3.10/site-packages/airflow/example_dags/example_branch_operator_decorator.py for tasks to queue
[2024-01-28T23:07:27.392+0100] {logging_mixin.py:188} INFO - [2024-01-28T23:07:27.392+0100] {dagbag.py:538} INFO - Filling up the DagBag from /home/ubuntu/.local/lib/python3.10/site-packages/airflow/example_dags/example_branch_operator_decorator.py
[2024-01-28T23:07:27.414+0100] {processor.py:840} INFO - DAG(s) 'example_branch_python_operator_decorator' retrieved from /home/ubuntu/.local/lib/python3.10/site-packages/airflow/example_dags/example_branch_operator_decorator.py
[2024-01-28T23:07:27.438+0100] {logging_mixin.py:188} INFO - [2024-01-28T23:07:27.438+0100] {dag.py:3033} INFO - Sync 1 DAGs
[2024-01-28T23:07:27.459+0100] {logging_mixin.py:188} INFO - [2024-01-28T23:07:27.459+0100] {dag.py:3820} INFO - Setting next_dagrun for example_branch_python_operator_decorator to 2024-01-27T00:00:00+00:00, run_after=2024-01-28T00:00:00+00:00
[2024-01-28T23:07:27.490+0100] {processor.py:183} INFO - Processing /home/ubuntu/.local/lib/python3.10/site-packages/airflow/example_dags/example_branch_operator_decorator.py took 0.106 seconds
[2024-01-28T23:08:30.658+0100] {processor.py:161} INFO - Started process (PID=16406) to work on /home/ubuntu/.local/lib/python3.10/site-packages/airflow/example_dags/example_branch_operator_decorator.py
[2024-01-28T23:08:30.660+0100] {processor.py:830} INFO - Processing file /home/ubuntu/.local/lib/python3.10/site-packages/airflow/example_dags/example_branch_operator_decorator.py for tasks to queue
[2024-01-28T23:08:30.662+0100] {logging_mixin.py:188} INFO - [2024-01-28T23:08:30.661+0100] {dagbag.py:538} INFO - Filling up the DagBag from /home/ubuntu/.local/lib/python3.10/site-packages/airflow/example_dags/example_branch_operator_decorator.py
[2024-01-28T23:08:30.683+0100] {processor.py:840} INFO - DAG(s) 'example_branch_python_operator_decorator' retrieved from /home/ubuntu/.local/lib/python3.10/site-packages/airflow/example_dags/example_branch_operator_decorator.py
[2024-01-28T23:08:30.707+0100] {logging_mixin.py:188} INFO - [2024-01-28T23:08:30.707+0100] {dag.py:3033} INFO - Sync 1 DAGs
[2024-01-28T23:08:30.728+0100] {logging_mixin.py:188} INFO - [2024-01-28T23:08:30.728+0100] {dag.py:3820} INFO - Setting next_dagrun for example_branch_python_operator_decorator to 2024-01-27T00:00:00+00:00, run_after=2024-01-28T00:00:00+00:00
[2024-01-28T23:08:30.761+0100] {processor.py:183} INFO - Processing /home/ubuntu/.local/lib/python3.10/site-packages/airflow/example_dags/example_branch_operator_decorator.py took 0.107 seconds
[2024-01-28T23:09:31.902+0100] {processor.py:161} INFO - Started process (PID=16477) to work on /home/ubuntu/.local/lib/python3.10/site-packages/airflow/example_dags/example_branch_operator_decorator.py
[2024-01-28T23:09:31.904+0100] {processor.py:830} INFO - Processing file /home/ubuntu/.local/lib/python3.10/site-packages/airflow/example_dags/example_branch_operator_decorator.py for tasks to queue
[2024-01-28T23:09:31.906+0100] {logging_mixin.py:188} INFO - [2024-01-28T23:09:31.905+0100] {dagbag.py:538} INFO - Filling up the DagBag from /home/ubuntu/.local/lib/python3.10/site-packages/airflow/example_dags/example_branch_operator_decorator.py
[2024-01-28T23:09:31.927+0100] {processor.py:840} INFO - DAG(s) 'example_branch_python_operator_decorator' retrieved from /home/ubuntu/.local/lib/python3.10/site-packages/airflow/example_dags/example_branch_operator_decorator.py
[2024-01-28T23:09:31.952+0100] {logging_mixin.py:188} INFO - [2024-01-28T23:09:31.951+0100] {dag.py:3033} INFO - Sync 1 DAGs
[2024-01-28T23:09:31.976+0100] {logging_mixin.py:188} INFO - [2024-01-28T23:09:31.976+0100] {dag.py:3820} INFO - Setting next_dagrun for example_branch_python_operator_decorator to 2024-01-27T00:00:00+00:00, run_after=2024-01-28T00:00:00+00:00
[2024-01-28T23:09:32.007+0100] {processor.py:183} INFO - Processing /home/ubuntu/.local/lib/python3.10/site-packages/airflow/example_dags/example_branch_operator_decorator.py took 0.108 seconds
[2024-01-28T23:10:18.229+0100] {processor.py:161} INFO - Started process (PID=16530) to work on /home/ubuntu/.local/lib/python3.10/site-packages/airflow/example_dags/example_branch_operator_decorator.py
[2024-01-28T23:10:18.231+0100] {processor.py:830} INFO - Processing file /home/ubuntu/.local/lib/python3.10/site-packages/airflow/example_dags/example_branch_operator_decorator.py for tasks to queue
[2024-01-28T23:10:18.232+0100] {logging_mixin.py:188} INFO - [2024-01-28T23:10:18.232+0100] {dagbag.py:538} INFO - Filling up the DagBag from /home/ubuntu/.local/lib/python3.10/site-packages/airflow/example_dags/example_branch_operator_decorator.py
[2024-01-28T23:10:18.251+0100] {processor.py:840} INFO - DAG(s) 'example_branch_python_operator_decorator' retrieved from /home/ubuntu/.local/lib/python3.10/site-packages/airflow/example_dags/example_branch_operator_decorator.py
[2024-01-28T23:10:18.273+0100] {logging_mixin.py:188} INFO - [2024-01-28T23:10:18.273+0100] {dag.py:3033} INFO - Sync 1 DAGs
[2024-01-28T23:10:18.296+0100] {logging_mixin.py:188} INFO - [2024-01-28T23:10:18.295+0100] {dag.py:3820} INFO - Setting next_dagrun for example_branch_python_operator_decorator to 2024-01-27T00:00:00+00:00, run_after=2024-01-28T00:00:00+00:00
[2024-01-28T23:10:18.335+0100] {processor.py:183} INFO - Processing /home/ubuntu/.local/lib/python3.10/site-packages/airflow/example_dags/example_branch_operator_decorator.py took 0.114 seconds
[2024-01-28T23:11:16.157+0100] {processor.py:161} INFO - Started process (PID=16606) to work on /home/ubuntu/.local/lib/python3.10/site-packages/airflow/example_dags/example_branch_operator_decorator.py
[2024-01-28T23:11:16.160+0100] {processor.py:830} INFO - Processing file /home/ubuntu/.local/lib/python3.10/site-packages/airflow/example_dags/example_branch_operator_decorator.py for tasks to queue
[2024-01-28T23:11:16.161+0100] {logging_mixin.py:188} INFO - [2024-01-28T23:11:16.161+0100] {dagbag.py:538} INFO - Filling up the DagBag from /home/ubuntu/.local/lib/python3.10/site-packages/airflow/example_dags/example_branch_operator_decorator.py
[2024-01-28T23:11:16.181+0100] {processor.py:840} INFO - DAG(s) 'example_branch_python_operator_decorator' retrieved from /home/ubuntu/.local/lib/python3.10/site-packages/airflow/example_dags/example_branch_operator_decorator.py
[2024-01-28T23:11:16.204+0100] {logging_mixin.py:188} INFO - [2024-01-28T23:11:16.204+0100] {dag.py:3033} INFO - Sync 1 DAGs
[2024-01-28T23:11:16.224+0100] {logging_mixin.py:188} INFO - [2024-01-28T23:11:16.224+0100] {dag.py:3820} INFO - Setting next_dagrun for example_branch_python_operator_decorator to 2024-01-27T00:00:00+00:00, run_after=2024-01-28T00:00:00+00:00
[2024-01-28T23:11:16.268+0100] {processor.py:183} INFO - Processing /home/ubuntu/.local/lib/python3.10/site-packages/airflow/example_dags/example_branch_operator_decorator.py took 0.113 seconds
[2024-01-28T23:12:25.779+0100] {processor.py:161} INFO - Started process (PID=16687) to work on /home/ubuntu/.local/lib/python3.10/site-packages/airflow/example_dags/example_branch_operator_decorator.py
[2024-01-28T23:12:25.782+0100] {processor.py:830} INFO - Processing file /home/ubuntu/.local/lib/python3.10/site-packages/airflow/example_dags/example_branch_operator_decorator.py for tasks to queue
[2024-01-28T23:12:25.783+0100] {logging_mixin.py:188} INFO - [2024-01-28T23:12:25.783+0100] {dagbag.py:538} INFO - Filling up the DagBag from /home/ubuntu/.local/lib/python3.10/site-packages/airflow/example_dags/example_branch_operator_decorator.py
[2024-01-28T23:12:25.806+0100] {processor.py:840} INFO - DAG(s) 'example_branch_python_operator_decorator' retrieved from /home/ubuntu/.local/lib/python3.10/site-packages/airflow/example_dags/example_branch_operator_decorator.py
[2024-01-28T23:12:25.832+0100] {logging_mixin.py:188} INFO - [2024-01-28T23:12:25.832+0100] {dag.py:3033} INFO - Sync 1 DAGs
[2024-01-28T23:12:25.855+0100] {logging_mixin.py:188} INFO - [2024-01-28T23:12:25.855+0100] {dag.py:3820} INFO - Setting next_dagrun for example_branch_python_operator_decorator to 2024-01-27T00:00:00+00:00, run_after=2024-01-28T00:00:00+00:00
[2024-01-28T23:12:25.887+0100] {processor.py:183} INFO - Processing /home/ubuntu/.local/lib/python3.10/site-packages/airflow/example_dags/example_branch_operator_decorator.py took 0.112 seconds
[2024-01-28T23:13:12.498+0100] {processor.py:161} INFO - Started process (PID=16744) to work on /home/ubuntu/.local/lib/python3.10/site-packages/airflow/example_dags/example_branch_operator_decorator.py
[2024-01-28T23:13:12.500+0100] {processor.py:830} INFO - Processing file /home/ubuntu/.local/lib/python3.10/site-packages/airflow/example_dags/example_branch_operator_decorator.py for tasks to queue
[2024-01-28T23:13:12.502+0100] {logging_mixin.py:188} INFO - [2024-01-28T23:13:12.501+0100] {dagbag.py:538} INFO - Filling up the DagBag from /home/ubuntu/.local/lib/python3.10/site-packages/airflow/example_dags/example_branch_operator_decorator.py
[2024-01-28T23:13:12.523+0100] {processor.py:840} INFO - DAG(s) 'example_branch_python_operator_decorator' retrieved from /home/ubuntu/.local/lib/python3.10/site-packages/airflow/example_dags/example_branch_operator_decorator.py
[2024-01-28T23:13:12.544+0100] {logging_mixin.py:188} INFO - [2024-01-28T23:13:12.544+0100] {dag.py:3033} INFO - Sync 1 DAGs
[2024-01-28T23:13:12.568+0100] {logging_mixin.py:188} INFO - [2024-01-28T23:13:12.568+0100] {dag.py:3820} INFO - Setting next_dagrun for example_branch_python_operator_decorator to 2024-01-27T00:00:00+00:00, run_after=2024-01-28T00:00:00+00:00
[2024-01-28T23:13:12.597+0100] {processor.py:183} INFO - Processing /home/ubuntu/.local/lib/python3.10/site-packages/airflow/example_dags/example_branch_operator_decorator.py took 0.103 seconds
[2024-01-28T23:14:11.668+0100] {processor.py:161} INFO - Started process (PID=16817) to work on /home/ubuntu/.local/lib/python3.10/site-packages/airflow/example_dags/example_branch_operator_decorator.py
[2024-01-28T23:14:11.669+0100] {processor.py:830} INFO - Processing file /home/ubuntu/.local/lib/python3.10/site-packages/airflow/example_dags/example_branch_operator_decorator.py for tasks to queue
[2024-01-28T23:14:11.671+0100] {logging_mixin.py:188} INFO - [2024-01-28T23:14:11.670+0100] {dagbag.py:538} INFO - Filling up the DagBag from /home/ubuntu/.local/lib/python3.10/site-packages/airflow/example_dags/example_branch_operator_decorator.py
[2024-01-28T23:14:11.688+0100] {processor.py:840} INFO - DAG(s) 'example_branch_python_operator_decorator' retrieved from /home/ubuntu/.local/lib/python3.10/site-packages/airflow/example_dags/example_branch_operator_decorator.py
[2024-01-28T23:14:11.712+0100] {logging_mixin.py:188} INFO - [2024-01-28T23:14:11.712+0100] {dag.py:3033} INFO - Sync 1 DAGs
[2024-01-28T23:14:11.733+0100] {logging_mixin.py:188} INFO - [2024-01-28T23:14:11.733+0100] {dag.py:3820} INFO - Setting next_dagrun for example_branch_python_operator_decorator to 2024-01-27T00:00:00+00:00, run_after=2024-01-28T00:00:00+00:00
[2024-01-28T23:14:11.761+0100] {processor.py:183} INFO - Processing /home/ubuntu/.local/lib/python3.10/site-packages/airflow/example_dags/example_branch_operator_decorator.py took 0.097 seconds
[2024-01-28T23:15:15.179+0100] {processor.py:161} INFO - Started process (PID=16886) to work on /home/ubuntu/.local/lib/python3.10/site-packages/airflow/example_dags/example_branch_operator_decorator.py
[2024-01-28T23:15:15.181+0100] {processor.py:830} INFO - Processing file /home/ubuntu/.local/lib/python3.10/site-packages/airflow/example_dags/example_branch_operator_decorator.py for tasks to queue
[2024-01-28T23:15:15.183+0100] {logging_mixin.py:188} INFO - [2024-01-28T23:15:15.183+0100] {dagbag.py:538} INFO - Filling up the DagBag from /home/ubuntu/.local/lib/python3.10/site-packages/airflow/example_dags/example_branch_operator_decorator.py
[2024-01-28T23:15:15.200+0100] {processor.py:840} INFO - DAG(s) 'example_branch_python_operator_decorator' retrieved from /home/ubuntu/.local/lib/python3.10/site-packages/airflow/example_dags/example_branch_operator_decorator.py
[2024-01-28T23:15:15.221+0100] {logging_mixin.py:188} INFO - [2024-01-28T23:15:15.221+0100] {dag.py:3033} INFO - Sync 1 DAGs
[2024-01-28T23:15:15.239+0100] {logging_mixin.py:188} INFO - [2024-01-28T23:15:15.239+0100] {dag.py:3820} INFO - Setting next_dagrun for example_branch_python_operator_decorator to 2024-01-27T00:00:00+00:00, run_after=2024-01-28T00:00:00+00:00
[2024-01-28T23:15:15.287+0100] {processor.py:183} INFO - Processing /home/ubuntu/.local/lib/python3.10/site-packages/airflow/example_dags/example_branch_operator_decorator.py took 0.112 seconds
[2024-01-28T23:16:20.130+0100] {processor.py:161} INFO - Started process (PID=16980) to work on /home/ubuntu/.local/lib/python3.10/site-packages/airflow/example_dags/example_branch_operator_decorator.py
[2024-01-28T23:16:20.133+0100] {processor.py:830} INFO - Processing file /home/ubuntu/.local/lib/python3.10/site-packages/airflow/example_dags/example_branch_operator_decorator.py for tasks to queue
[2024-01-28T23:16:20.134+0100] {logging_mixin.py:188} INFO - [2024-01-28T23:16:20.134+0100] {dagbag.py:538} INFO - Filling up the DagBag from /home/ubuntu/.local/lib/python3.10/site-packages/airflow/example_dags/example_branch_operator_decorator.py
[2024-01-28T23:16:20.157+0100] {processor.py:840} INFO - DAG(s) 'example_branch_python_operator_decorator' retrieved from /home/ubuntu/.local/lib/python3.10/site-packages/airflow/example_dags/example_branch_operator_decorator.py
[2024-01-28T23:16:20.177+0100] {logging_mixin.py:188} INFO - [2024-01-28T23:16:20.177+0100] {dag.py:3033} INFO - Sync 1 DAGs
[2024-01-28T23:16:20.196+0100] {logging_mixin.py:188} INFO - [2024-01-28T23:16:20.196+0100] {dag.py:3820} INFO - Setting next_dagrun for example_branch_python_operator_decorator to 2024-01-27T00:00:00+00:00, run_after=2024-01-28T00:00:00+00:00
[2024-01-28T23:16:20.224+0100] {processor.py:183} INFO - Processing /home/ubuntu/.local/lib/python3.10/site-packages/airflow/example_dags/example_branch_operator_decorator.py took 0.097 seconds
[2024-01-28T23:17:23.965+0100] {processor.py:161} INFO - Started process (PID=17057) to work on /home/ubuntu/.local/lib/python3.10/site-packages/airflow/example_dags/example_branch_operator_decorator.py
[2024-01-28T23:17:23.967+0100] {processor.py:830} INFO - Processing file /home/ubuntu/.local/lib/python3.10/site-packages/airflow/example_dags/example_branch_operator_decorator.py for tasks to queue
[2024-01-28T23:17:23.968+0100] {logging_mixin.py:188} INFO - [2024-01-28T23:17:23.968+0100] {dagbag.py:538} INFO - Filling up the DagBag from /home/ubuntu/.local/lib/python3.10/site-packages/airflow/example_dags/example_branch_operator_decorator.py
[2024-01-28T23:17:23.988+0100] {processor.py:840} INFO - DAG(s) 'example_branch_python_operator_decorator' retrieved from /home/ubuntu/.local/lib/python3.10/site-packages/airflow/example_dags/example_branch_operator_decorator.py
[2024-01-28T23:17:24.015+0100] {logging_mixin.py:188} INFO - [2024-01-28T23:17:24.015+0100] {dag.py:3033} INFO - Sync 1 DAGs
[2024-01-28T23:17:24.039+0100] {logging_mixin.py:188} INFO - [2024-01-28T23:17:24.038+0100] {dag.py:3820} INFO - Setting next_dagrun for example_branch_python_operator_decorator to 2024-01-27T00:00:00+00:00, run_after=2024-01-28T00:00:00+00:00
[2024-01-28T23:17:24.067+0100] {processor.py:183} INFO - Processing /home/ubuntu/.local/lib/python3.10/site-packages/airflow/example_dags/example_branch_operator_decorator.py took 0.107 seconds
[2024-01-28T23:18:26.311+0100] {processor.py:161} INFO - Started process (PID=17134) to work on /home/ubuntu/.local/lib/python3.10/site-packages/airflow/example_dags/example_branch_operator_decorator.py
[2024-01-28T23:18:26.325+0100] {processor.py:830} INFO - Processing file /home/ubuntu/.local/lib/python3.10/site-packages/airflow/example_dags/example_branch_operator_decorator.py for tasks to queue
[2024-01-28T23:18:26.326+0100] {logging_mixin.py:188} INFO - [2024-01-28T23:18:26.325+0100] {dagbag.py:538} INFO - Filling up the DagBag from /home/ubuntu/.local/lib/python3.10/site-packages/airflow/example_dags/example_branch_operator_decorator.py
[2024-01-28T23:18:26.342+0100] {processor.py:840} INFO - DAG(s) 'example_branch_python_operator_decorator' retrieved from /home/ubuntu/.local/lib/python3.10/site-packages/airflow/example_dags/example_branch_operator_decorator.py
[2024-01-28T23:18:26.363+0100] {logging_mixin.py:188} INFO - [2024-01-28T23:18:26.363+0100] {dag.py:3033} INFO - Sync 1 DAGs
[2024-01-28T23:18:26.381+0100] {logging_mixin.py:188} INFO - [2024-01-28T23:18:26.381+0100] {dag.py:3820} INFO - Setting next_dagrun for example_branch_python_operator_decorator to 2024-01-27T00:00:00+00:00, run_after=2024-01-28T00:00:00+00:00
[2024-01-28T23:18:26.431+0100] {processor.py:183} INFO - Processing /home/ubuntu/.local/lib/python3.10/site-packages/airflow/example_dags/example_branch_operator_decorator.py took 0.123 seconds
[2024-01-28T23:19:28.986+0100] {processor.py:161} INFO - Started process (PID=17205) to work on /home/ubuntu/.local/lib/python3.10/site-packages/airflow/example_dags/example_branch_operator_decorator.py
[2024-01-28T23:19:28.988+0100] {processor.py:830} INFO - Processing file /home/ubuntu/.local/lib/python3.10/site-packages/airflow/example_dags/example_branch_operator_decorator.py for tasks to queue
[2024-01-28T23:19:28.989+0100] {logging_mixin.py:188} INFO - [2024-01-28T23:19:28.989+0100] {dagbag.py:538} INFO - Filling up the DagBag from /home/ubuntu/.local/lib/python3.10/site-packages/airflow/example_dags/example_branch_operator_decorator.py
[2024-01-28T23:19:29.018+0100] {processor.py:840} INFO - DAG(s) 'example_branch_python_operator_decorator' retrieved from /home/ubuntu/.local/lib/python3.10/site-packages/airflow/example_dags/example_branch_operator_decorator.py
[2024-01-28T23:19:29.038+0100] {logging_mixin.py:188} INFO - [2024-01-28T23:19:29.037+0100] {dag.py:3033} INFO - Sync 1 DAGs
[2024-01-28T23:19:29.059+0100] {logging_mixin.py:188} INFO - [2024-01-28T23:19:29.059+0100] {dag.py:3820} INFO - Setting next_dagrun for example_branch_python_operator_decorator to 2024-01-27T00:00:00+00:00, run_after=2024-01-28T00:00:00+00:00
[2024-01-28T23:19:29.090+0100] {processor.py:183} INFO - Processing /home/ubuntu/.local/lib/python3.10/site-packages/airflow/example_dags/example_branch_operator_decorator.py took 0.107 seconds
[2024-01-28T23:20:32.524+0100] {processor.py:161} INFO - Started process (PID=17281) to work on /home/ubuntu/.local/lib/python3.10/site-packages/airflow/example_dags/example_branch_operator_decorator.py
[2024-01-28T23:20:32.537+0100] {processor.py:830} INFO - Processing file /home/ubuntu/.local/lib/python3.10/site-packages/airflow/example_dags/example_branch_operator_decorator.py for tasks to queue
[2024-01-28T23:20:32.538+0100] {logging_mixin.py:188} INFO - [2024-01-28T23:20:32.538+0100] {dagbag.py:538} INFO - Filling up the DagBag from /home/ubuntu/.local/lib/python3.10/site-packages/airflow/example_dags/example_branch_operator_decorator.py
[2024-01-28T23:20:32.559+0100] {processor.py:840} INFO - DAG(s) 'example_branch_python_operator_decorator' retrieved from /home/ubuntu/.local/lib/python3.10/site-packages/airflow/example_dags/example_branch_operator_decorator.py
[2024-01-28T23:20:32.582+0100] {logging_mixin.py:188} INFO - [2024-01-28T23:20:32.582+0100] {dag.py:3033} INFO - Sync 1 DAGs
[2024-01-28T23:20:32.605+0100] {logging_mixin.py:188} INFO - [2024-01-28T23:20:32.604+0100] {dag.py:3820} INFO - Setting next_dagrun for example_branch_python_operator_decorator to 2024-01-27T00:00:00+00:00, run_after=2024-01-28T00:00:00+00:00
[2024-01-28T23:20:32.637+0100] {processor.py:183} INFO - Processing /home/ubuntu/.local/lib/python3.10/site-packages/airflow/example_dags/example_branch_operator_decorator.py took 0.117 seconds
[2024-01-28T23:21:36.238+0100] {processor.py:161} INFO - Started process (PID=17351) to work on /home/ubuntu/.local/lib/python3.10/site-packages/airflow/example_dags/example_branch_operator_decorator.py
[2024-01-28T23:21:36.240+0100] {processor.py:830} INFO - Processing file /home/ubuntu/.local/lib/python3.10/site-packages/airflow/example_dags/example_branch_operator_decorator.py for tasks to queue
[2024-01-28T23:21:36.242+0100] {logging_mixin.py:188} INFO - [2024-01-28T23:21:36.241+0100] {dagbag.py:538} INFO - Filling up the DagBag from /home/ubuntu/.local/lib/python3.10/site-packages/airflow/example_dags/example_branch_operator_decorator.py
[2024-01-28T23:21:36.275+0100] {processor.py:840} INFO - DAG(s) 'example_branch_python_operator_decorator' retrieved from /home/ubuntu/.local/lib/python3.10/site-packages/airflow/example_dags/example_branch_operator_decorator.py
[2024-01-28T23:21:36.297+0100] {logging_mixin.py:188} INFO - [2024-01-28T23:21:36.297+0100] {dag.py:3033} INFO - Sync 1 DAGs
[2024-01-28T23:21:36.318+0100] {logging_mixin.py:188} INFO - [2024-01-28T23:21:36.318+0100] {dag.py:3820} INFO - Setting next_dagrun for example_branch_python_operator_decorator to 2024-01-27T00:00:00+00:00, run_after=2024-01-28T00:00:00+00:00
[2024-01-28T23:21:36.345+0100] {processor.py:183} INFO - Processing /home/ubuntu/.local/lib/python3.10/site-packages/airflow/example_dags/example_branch_operator_decorator.py took 0.110 seconds
[2024-01-28T23:22:38.953+0100] {processor.py:161} INFO - Started process (PID=17427) to work on /home/ubuntu/.local/lib/python3.10/site-packages/airflow/example_dags/example_branch_operator_decorator.py
[2024-01-28T23:22:38.955+0100] {processor.py:830} INFO - Processing file /home/ubuntu/.local/lib/python3.10/site-packages/airflow/example_dags/example_branch_operator_decorator.py for tasks to queue
[2024-01-28T23:22:38.957+0100] {logging_mixin.py:188} INFO - [2024-01-28T23:22:38.956+0100] {dagbag.py:538} INFO - Filling up the DagBag from /home/ubuntu/.local/lib/python3.10/site-packages/airflow/example_dags/example_branch_operator_decorator.py
[2024-01-28T23:22:38.976+0100] {processor.py:840} INFO - DAG(s) 'example_branch_python_operator_decorator' retrieved from /home/ubuntu/.local/lib/python3.10/site-packages/airflow/example_dags/example_branch_operator_decorator.py
[2024-01-28T23:22:39.006+0100] {logging_mixin.py:188} INFO - [2024-01-28T23:22:39.006+0100] {dag.py:3033} INFO - Sync 1 DAGs
[2024-01-28T23:22:39.028+0100] {logging_mixin.py:188} INFO - [2024-01-28T23:22:39.028+0100] {dag.py:3820} INFO - Setting next_dagrun for example_branch_python_operator_decorator to 2024-01-27T00:00:00+00:00, run_after=2024-01-28T00:00:00+00:00
[2024-01-28T23:22:39.058+0100] {processor.py:183} INFO - Processing /home/ubuntu/.local/lib/python3.10/site-packages/airflow/example_dags/example_branch_operator_decorator.py took 0.108 seconds
[2024-01-28T23:23:44.658+0100] {processor.py:161} INFO - Started process (PID=17496) to work on /home/ubuntu/.local/lib/python3.10/site-packages/airflow/example_dags/example_branch_operator_decorator.py
[2024-01-28T23:23:44.663+0100] {processor.py:830} INFO - Processing file /home/ubuntu/.local/lib/python3.10/site-packages/airflow/example_dags/example_branch_operator_decorator.py for tasks to queue
[2024-01-28T23:23:44.664+0100] {logging_mixin.py:188} INFO - [2024-01-28T23:23:44.664+0100] {dagbag.py:538} INFO - Filling up the DagBag from /home/ubuntu/.local/lib/python3.10/site-packages/airflow/example_dags/example_branch_operator_decorator.py
[2024-01-28T23:23:44.684+0100] {processor.py:840} INFO - DAG(s) 'example_branch_python_operator_decorator' retrieved from /home/ubuntu/.local/lib/python3.10/site-packages/airflow/example_dags/example_branch_operator_decorator.py
[2024-01-28T23:23:44.714+0100] {logging_mixin.py:188} INFO - [2024-01-28T23:23:44.713+0100] {dag.py:3033} INFO - Sync 1 DAGs
[2024-01-28T23:23:44.735+0100] {logging_mixin.py:188} INFO - [2024-01-28T23:23:44.735+0100] {dag.py:3820} INFO - Setting next_dagrun for example_branch_python_operator_decorator to 2024-01-27T00:00:00+00:00, run_after=2024-01-28T00:00:00+00:00
[2024-01-28T23:23:44.770+0100] {processor.py:183} INFO - Processing /home/ubuntu/.local/lib/python3.10/site-packages/airflow/example_dags/example_branch_operator_decorator.py took 0.117 seconds
[2024-01-28T23:24:34.120+0100] {processor.py:161} INFO - Started process (PID=17550) to work on /home/ubuntu/.local/lib/python3.10/site-packages/airflow/example_dags/example_branch_operator_decorator.py
[2024-01-28T23:24:34.123+0100] {processor.py:830} INFO - Processing file /home/ubuntu/.local/lib/python3.10/site-packages/airflow/example_dags/example_branch_operator_decorator.py for tasks to queue
[2024-01-28T23:24:34.125+0100] {logging_mixin.py:188} INFO - [2024-01-28T23:24:34.124+0100] {dagbag.py:538} INFO - Filling up the DagBag from /home/ubuntu/.local/lib/python3.10/site-packages/airflow/example_dags/example_branch_operator_decorator.py
[2024-01-28T23:24:34.152+0100] {processor.py:840} INFO - DAG(s) 'example_branch_python_operator_decorator' retrieved from /home/ubuntu/.local/lib/python3.10/site-packages/airflow/example_dags/example_branch_operator_decorator.py
[2024-01-28T23:24:34.186+0100] {logging_mixin.py:188} INFO - [2024-01-28T23:24:34.185+0100] {dag.py:3033} INFO - Sync 1 DAGs
[2024-01-28T23:24:34.212+0100] {logging_mixin.py:188} INFO - [2024-01-28T23:24:34.212+0100] {dag.py:3820} INFO - Setting next_dagrun for example_branch_python_operator_decorator to 2024-01-27T00:00:00+00:00, run_after=2024-01-28T00:00:00+00:00
[2024-01-28T23:24:34.272+0100] {processor.py:183} INFO - Processing /home/ubuntu/.local/lib/python3.10/site-packages/airflow/example_dags/example_branch_operator_decorator.py took 0.156 seconds
[2024-01-28T23:25:23.692+0100] {processor.py:161} INFO - Started process (PID=17604) to work on /home/ubuntu/.local/lib/python3.10/site-packages/airflow/example_dags/example_branch_operator_decorator.py
[2024-01-28T23:25:23.695+0100] {processor.py:830} INFO - Processing file /home/ubuntu/.local/lib/python3.10/site-packages/airflow/example_dags/example_branch_operator_decorator.py for tasks to queue
[2024-01-28T23:25:23.697+0100] {logging_mixin.py:188} INFO - [2024-01-28T23:25:23.696+0100] {dagbag.py:538} INFO - Filling up the DagBag from /home/ubuntu/.local/lib/python3.10/site-packages/airflow/example_dags/example_branch_operator_decorator.py
[2024-01-28T23:25:23.716+0100] {processor.py:840} INFO - DAG(s) 'example_branch_python_operator_decorator' retrieved from /home/ubuntu/.local/lib/python3.10/site-packages/airflow/example_dags/example_branch_operator_decorator.py
[2024-01-28T23:25:23.740+0100] {logging_mixin.py:188} INFO - [2024-01-28T23:25:23.740+0100] {dag.py:3033} INFO - Sync 1 DAGs
[2024-01-28T23:25:23.764+0100] {logging_mixin.py:188} INFO - [2024-01-28T23:25:23.763+0100] {dag.py:3820} INFO - Setting next_dagrun for example_branch_python_operator_decorator to 2024-01-27T00:00:00+00:00, run_after=2024-01-28T00:00:00+00:00
[2024-01-28T23:25:23.807+0100] {processor.py:183} INFO - Processing /home/ubuntu/.local/lib/python3.10/site-packages/airflow/example_dags/example_branch_operator_decorator.py took 0.118 seconds
[2024-01-28T23:26:30.522+0100] {processor.py:161} INFO - Started process (PID=17684) to work on /home/ubuntu/.local/lib/python3.10/site-packages/airflow/example_dags/example_branch_operator_decorator.py
[2024-01-28T23:26:30.524+0100] {processor.py:830} INFO - Processing file /home/ubuntu/.local/lib/python3.10/site-packages/airflow/example_dags/example_branch_operator_decorator.py for tasks to queue
[2024-01-28T23:26:30.525+0100] {logging_mixin.py:188} INFO - [2024-01-28T23:26:30.524+0100] {dagbag.py:538} INFO - Filling up the DagBag from /home/ubuntu/.local/lib/python3.10/site-packages/airflow/example_dags/example_branch_operator_decorator.py
[2024-01-28T23:26:30.543+0100] {processor.py:840} INFO - DAG(s) 'example_branch_python_operator_decorator' retrieved from /home/ubuntu/.local/lib/python3.10/site-packages/airflow/example_dags/example_branch_operator_decorator.py
[2024-01-28T23:26:30.568+0100] {logging_mixin.py:188} INFO - [2024-01-28T23:26:30.568+0100] {dag.py:3033} INFO - Sync 1 DAGs
[2024-01-28T23:26:30.589+0100] {logging_mixin.py:188} INFO - [2024-01-28T23:26:30.589+0100] {dag.py:3820} INFO - Setting next_dagrun for example_branch_python_operator_decorator to 2024-01-27T00:00:00+00:00, run_after=2024-01-28T00:00:00+00:00
[2024-01-28T23:26:30.617+0100] {processor.py:183} INFO - Processing /home/ubuntu/.local/lib/python3.10/site-packages/airflow/example_dags/example_branch_operator_decorator.py took 0.108 seconds
[2024-01-28T23:27:32.232+0100] {processor.py:161} INFO - Started process (PID=17758) to work on /home/ubuntu/.local/lib/python3.10/site-packages/airflow/example_dags/example_branch_operator_decorator.py
[2024-01-28T23:27:32.235+0100] {processor.py:830} INFO - Processing file /home/ubuntu/.local/lib/python3.10/site-packages/airflow/example_dags/example_branch_operator_decorator.py for tasks to queue
[2024-01-28T23:27:32.236+0100] {logging_mixin.py:188} INFO - [2024-01-28T23:27:32.235+0100] {dagbag.py:538} INFO - Filling up the DagBag from /home/ubuntu/.local/lib/python3.10/site-packages/airflow/example_dags/example_branch_operator_decorator.py
[2024-01-28T23:27:32.254+0100] {processor.py:840} INFO - DAG(s) 'example_branch_python_operator_decorator' retrieved from /home/ubuntu/.local/lib/python3.10/site-packages/airflow/example_dags/example_branch_operator_decorator.py
[2024-01-28T23:27:32.278+0100] {logging_mixin.py:188} INFO - [2024-01-28T23:27:32.278+0100] {dag.py:3033} INFO - Sync 1 DAGs
[2024-01-28T23:27:32.302+0100] {logging_mixin.py:188} INFO - [2024-01-28T23:27:32.302+0100] {dag.py:3820} INFO - Setting next_dagrun for example_branch_python_operator_decorator to 2024-01-27T00:00:00+00:00, run_after=2024-01-28T00:00:00+00:00
[2024-01-28T23:27:32.330+0100] {processor.py:183} INFO - Processing /home/ubuntu/.local/lib/python3.10/site-packages/airflow/example_dags/example_branch_operator_decorator.py took 0.102 seconds
[2024-01-28T23:28:36.744+0100] {processor.py:161} INFO - Started process (PID=17833) to work on /home/ubuntu/.local/lib/python3.10/site-packages/airflow/example_dags/example_branch_operator_decorator.py
[2024-01-28T23:28:36.747+0100] {processor.py:830} INFO - Processing file /home/ubuntu/.local/lib/python3.10/site-packages/airflow/example_dags/example_branch_operator_decorator.py for tasks to queue
[2024-01-28T23:28:36.748+0100] {logging_mixin.py:188} INFO - [2024-01-28T23:28:36.748+0100] {dagbag.py:538} INFO - Filling up the DagBag from /home/ubuntu/.local/lib/python3.10/site-packages/airflow/example_dags/example_branch_operator_decorator.py
[2024-01-28T23:28:36.767+0100] {processor.py:840} INFO - DAG(s) 'example_branch_python_operator_decorator' retrieved from /home/ubuntu/.local/lib/python3.10/site-packages/airflow/example_dags/example_branch_operator_decorator.py
[2024-01-28T23:28:36.788+0100] {logging_mixin.py:188} INFO - [2024-01-28T23:28:36.788+0100] {dag.py:3033} INFO - Sync 1 DAGs
[2024-01-28T23:28:36.807+0100] {logging_mixin.py:188} INFO - [2024-01-28T23:28:36.807+0100] {dag.py:3820} INFO - Setting next_dagrun for example_branch_python_operator_decorator to 2024-01-27T00:00:00+00:00, run_after=2024-01-28T00:00:00+00:00
[2024-01-28T23:28:36.846+0100] {processor.py:183} INFO - Processing /home/ubuntu/.local/lib/python3.10/site-packages/airflow/example_dags/example_branch_operator_decorator.py took 0.105 seconds
[2024-01-28T23:29:44.048+0100] {processor.py:161} INFO - Started process (PID=17907) to work on /home/ubuntu/.local/lib/python3.10/site-packages/airflow/example_dags/example_branch_operator_decorator.py
[2024-01-28T23:29:44.051+0100] {processor.py:830} INFO - Processing file /home/ubuntu/.local/lib/python3.10/site-packages/airflow/example_dags/example_branch_operator_decorator.py for tasks to queue
[2024-01-28T23:29:44.071+0100] {logging_mixin.py:188} INFO - [2024-01-28T23:29:44.071+0100] {dagbag.py:538} INFO - Filling up the DagBag from /home/ubuntu/.local/lib/python3.10/site-packages/airflow/example_dags/example_branch_operator_decorator.py
[2024-01-28T23:29:44.090+0100] {processor.py:840} INFO - DAG(s) 'example_branch_python_operator_decorator' retrieved from /home/ubuntu/.local/lib/python3.10/site-packages/airflow/example_dags/example_branch_operator_decorator.py
[2024-01-28T23:29:44.113+0100] {logging_mixin.py:188} INFO - [2024-01-28T23:29:44.113+0100] {dag.py:3033} INFO - Sync 1 DAGs
[2024-01-28T23:29:44.146+0100] {logging_mixin.py:188} INFO - [2024-01-28T23:29:44.146+0100] {dag.py:3820} INFO - Setting next_dagrun for example_branch_python_operator_decorator to 2024-01-27T00:00:00+00:00, run_after=2024-01-28T00:00:00+00:00
[2024-01-28T23:29:44.187+0100] {processor.py:183} INFO - Processing /home/ubuntu/.local/lib/python3.10/site-packages/airflow/example_dags/example_branch_operator_decorator.py took 0.142 seconds
[2024-01-28T23:30:48.599+0100] {processor.py:161} INFO - Started process (PID=17987) to work on /home/ubuntu/.local/lib/python3.10/site-packages/airflow/example_dags/example_branch_operator_decorator.py
[2024-01-28T23:30:48.601+0100] {processor.py:830} INFO - Processing file /home/ubuntu/.local/lib/python3.10/site-packages/airflow/example_dags/example_branch_operator_decorator.py for tasks to queue
[2024-01-28T23:30:48.602+0100] {logging_mixin.py:188} INFO - [2024-01-28T23:30:48.602+0100] {dagbag.py:538} INFO - Filling up the DagBag from /home/ubuntu/.local/lib/python3.10/site-packages/airflow/example_dags/example_branch_operator_decorator.py
[2024-01-28T23:30:48.619+0100] {processor.py:840} INFO - DAG(s) 'example_branch_python_operator_decorator' retrieved from /home/ubuntu/.local/lib/python3.10/site-packages/airflow/example_dags/example_branch_operator_decorator.py
[2024-01-28T23:30:48.641+0100] {logging_mixin.py:188} INFO - [2024-01-28T23:30:48.641+0100] {dag.py:3033} INFO - Sync 1 DAGs
[2024-01-28T23:30:48.664+0100] {logging_mixin.py:188} INFO - [2024-01-28T23:30:48.663+0100] {dag.py:3820} INFO - Setting next_dagrun for example_branch_python_operator_decorator to 2024-01-27T00:00:00+00:00, run_after=2024-01-28T00:00:00+00:00
[2024-01-28T23:30:48.791+0100] {processor.py:183} INFO - Processing /home/ubuntu/.local/lib/python3.10/site-packages/airflow/example_dags/example_branch_operator_decorator.py took 0.195 seconds
[2024-01-28T23:31:56.633+0100] {processor.py:161} INFO - Started process (PID=18059) to work on /home/ubuntu/.local/lib/python3.10/site-packages/airflow/example_dags/example_branch_operator_decorator.py
[2024-01-28T23:31:56.635+0100] {processor.py:830} INFO - Processing file /home/ubuntu/.local/lib/python3.10/site-packages/airflow/example_dags/example_branch_operator_decorator.py for tasks to queue
[2024-01-28T23:31:56.636+0100] {logging_mixin.py:188} INFO - [2024-01-28T23:31:56.636+0100] {dagbag.py:538} INFO - Filling up the DagBag from /home/ubuntu/.local/lib/python3.10/site-packages/airflow/example_dags/example_branch_operator_decorator.py
[2024-01-28T23:31:56.652+0100] {processor.py:840} INFO - DAG(s) 'example_branch_python_operator_decorator' retrieved from /home/ubuntu/.local/lib/python3.10/site-packages/airflow/example_dags/example_branch_operator_decorator.py
[2024-01-28T23:31:56.671+0100] {logging_mixin.py:188} INFO - [2024-01-28T23:31:56.671+0100] {dag.py:3033} INFO - Sync 1 DAGs
[2024-01-28T23:31:56.692+0100] {logging_mixin.py:188} INFO - [2024-01-28T23:31:56.692+0100] {dag.py:3820} INFO - Setting next_dagrun for example_branch_python_operator_decorator to 2024-01-27T00:00:00+00:00, run_after=2024-01-28T00:00:00+00:00
[2024-01-28T23:31:56.721+0100] {processor.py:183} INFO - Processing /home/ubuntu/.local/lib/python3.10/site-packages/airflow/example_dags/example_branch_operator_decorator.py took 0.092 seconds
[2024-01-28T23:32:46.355+0100] {processor.py:161} INFO - Started process (PID=18114) to work on /home/ubuntu/.local/lib/python3.10/site-packages/airflow/example_dags/example_branch_operator_decorator.py
[2024-01-28T23:32:46.357+0100] {processor.py:830} INFO - Processing file /home/ubuntu/.local/lib/python3.10/site-packages/airflow/example_dags/example_branch_operator_decorator.py for tasks to queue
[2024-01-28T23:32:46.359+0100] {logging_mixin.py:188} INFO - [2024-01-28T23:32:46.358+0100] {dagbag.py:538} INFO - Filling up the DagBag from /home/ubuntu/.local/lib/python3.10/site-packages/airflow/example_dags/example_branch_operator_decorator.py
[2024-01-28T23:32:46.387+0100] {processor.py:840} INFO - DAG(s) 'example_branch_python_operator_decorator' retrieved from /home/ubuntu/.local/lib/python3.10/site-packages/airflow/example_dags/example_branch_operator_decorator.py
[2024-01-28T23:32:46.415+0100] {logging_mixin.py:188} INFO - [2024-01-28T23:32:46.415+0100] {dag.py:3033} INFO - Sync 1 DAGs
[2024-01-28T23:32:46.447+0100] {logging_mixin.py:188} INFO - [2024-01-28T23:32:46.446+0100] {dag.py:3820} INFO - Setting next_dagrun for example_branch_python_operator_decorator to 2024-01-27T00:00:00+00:00, run_after=2024-01-28T00:00:00+00:00
[2024-01-28T23:32:46.484+0100] {processor.py:183} INFO - Processing /home/ubuntu/.local/lib/python3.10/site-packages/airflow/example_dags/example_branch_operator_decorator.py took 0.135 seconds
[2024-01-28T23:34:07.568+0100] {processor.py:161} INFO - Started process (PID=18210) to work on /home/ubuntu/.local/lib/python3.10/site-packages/airflow/example_dags/example_branch_operator_decorator.py
[2024-01-28T23:34:07.570+0100] {processor.py:830} INFO - Processing file /home/ubuntu/.local/lib/python3.10/site-packages/airflow/example_dags/example_branch_operator_decorator.py for tasks to queue
[2024-01-28T23:34:07.571+0100] {logging_mixin.py:188} INFO - [2024-01-28T23:34:07.570+0100] {dagbag.py:538} INFO - Filling up the DagBag from /home/ubuntu/.local/lib/python3.10/site-packages/airflow/example_dags/example_branch_operator_decorator.py
[2024-01-28T23:34:07.591+0100] {processor.py:840} INFO - DAG(s) 'example_branch_python_operator_decorator' retrieved from /home/ubuntu/.local/lib/python3.10/site-packages/airflow/example_dags/example_branch_operator_decorator.py
[2024-01-28T23:34:07.617+0100] {logging_mixin.py:188} INFO - [2024-01-28T23:34:07.617+0100] {dag.py:3033} INFO - Sync 1 DAGs
[2024-01-28T23:34:07.741+0100] {logging_mixin.py:188} INFO - [2024-01-28T23:34:07.740+0100] {dag.py:3820} INFO - Setting next_dagrun for example_branch_python_operator_decorator to 2024-01-27T00:00:00+00:00, run_after=2024-01-28T00:00:00+00:00
[2024-01-28T23:34:07.773+0100] {processor.py:183} INFO - Processing /home/ubuntu/.local/lib/python3.10/site-packages/airflow/example_dags/example_branch_operator_decorator.py took 0.209 seconds
[2024-01-28T23:35:04.162+0100] {processor.py:161} INFO - Started process (PID=18267) to work on /home/ubuntu/.local/lib/python3.10/site-packages/airflow/example_dags/example_branch_operator_decorator.py
[2024-01-28T23:35:04.165+0100] {processor.py:830} INFO - Processing file /home/ubuntu/.local/lib/python3.10/site-packages/airflow/example_dags/example_branch_operator_decorator.py for tasks to queue
[2024-01-28T23:35:04.166+0100] {logging_mixin.py:188} INFO - [2024-01-28T23:35:04.166+0100] {dagbag.py:538} INFO - Filling up the DagBag from /home/ubuntu/.local/lib/python3.10/site-packages/airflow/example_dags/example_branch_operator_decorator.py
[2024-01-28T23:35:04.185+0100] {processor.py:840} INFO - DAG(s) 'example_branch_python_operator_decorator' retrieved from /home/ubuntu/.local/lib/python3.10/site-packages/airflow/example_dags/example_branch_operator_decorator.py
[2024-01-28T23:35:04.208+0100] {logging_mixin.py:188} INFO - [2024-01-28T23:35:04.207+0100] {dag.py:3033} INFO - Sync 1 DAGs
[2024-01-28T23:35:04.228+0100] {logging_mixin.py:188} INFO - [2024-01-28T23:35:04.228+0100] {dag.py:3820} INFO - Setting next_dagrun for example_branch_python_operator_decorator to 2024-01-27T00:00:00+00:00, run_after=2024-01-28T00:00:00+00:00
[2024-01-28T23:35:04.268+0100] {processor.py:183} INFO - Processing /home/ubuntu/.local/lib/python3.10/site-packages/airflow/example_dags/example_branch_operator_decorator.py took 0.109 seconds
[2024-01-28T23:35:53.864+0100] {processor.py:161} INFO - Started process (PID=18322) to work on /home/ubuntu/.local/lib/python3.10/site-packages/airflow/example_dags/example_branch_operator_decorator.py
[2024-01-28T23:35:53.866+0100] {processor.py:830} INFO - Processing file /home/ubuntu/.local/lib/python3.10/site-packages/airflow/example_dags/example_branch_operator_decorator.py for tasks to queue
[2024-01-28T23:35:53.867+0100] {logging_mixin.py:188} INFO - [2024-01-28T23:35:53.867+0100] {dagbag.py:538} INFO - Filling up the DagBag from /home/ubuntu/.local/lib/python3.10/site-packages/airflow/example_dags/example_branch_operator_decorator.py
[2024-01-28T23:35:53.886+0100] {processor.py:840} INFO - DAG(s) 'example_branch_python_operator_decorator' retrieved from /home/ubuntu/.local/lib/python3.10/site-packages/airflow/example_dags/example_branch_operator_decorator.py
[2024-01-28T23:35:53.912+0100] {logging_mixin.py:188} INFO - [2024-01-28T23:35:53.912+0100] {dag.py:3033} INFO - Sync 1 DAGs
[2024-01-28T23:35:54.031+0100] {logging_mixin.py:188} INFO - [2024-01-28T23:35:54.030+0100] {dag.py:3820} INFO - Setting next_dagrun for example_branch_python_operator_decorator to 2024-01-27T00:00:00+00:00, run_after=2024-01-28T00:00:00+00:00
[2024-01-28T23:35:54.058+0100] {processor.py:183} INFO - Processing /home/ubuntu/.local/lib/python3.10/site-packages/airflow/example_dags/example_branch_operator_decorator.py took 0.198 seconds
[2024-01-28T23:36:40.641+0100] {processor.py:161} INFO - Started process (PID=18373) to work on /home/ubuntu/.local/lib/python3.10/site-packages/airflow/example_dags/example_branch_operator_decorator.py
[2024-01-28T23:36:40.643+0100] {processor.py:830} INFO - Processing file /home/ubuntu/.local/lib/python3.10/site-packages/airflow/example_dags/example_branch_operator_decorator.py for tasks to queue
[2024-01-28T23:36:40.644+0100] {logging_mixin.py:188} INFO - [2024-01-28T23:36:40.644+0100] {dagbag.py:538} INFO - Filling up the DagBag from /home/ubuntu/.local/lib/python3.10/site-packages/airflow/example_dags/example_branch_operator_decorator.py
[2024-01-28T23:36:40.673+0100] {processor.py:840} INFO - DAG(s) 'example_branch_python_operator_decorator' retrieved from /home/ubuntu/.local/lib/python3.10/site-packages/airflow/example_dags/example_branch_operator_decorator.py
[2024-01-28T23:36:40.705+0100] {logging_mixin.py:188} INFO - [2024-01-28T23:36:40.705+0100] {dag.py:3033} INFO - Sync 1 DAGs
[2024-01-28T23:36:40.742+0100] {logging_mixin.py:188} INFO - [2024-01-28T23:36:40.741+0100] {dag.py:3820} INFO - Setting next_dagrun for example_branch_python_operator_decorator to 2024-01-27T00:00:00+00:00, run_after=2024-01-28T00:00:00+00:00
[2024-01-28T23:36:40.811+0100] {processor.py:183} INFO - Processing /home/ubuntu/.local/lib/python3.10/site-packages/airflow/example_dags/example_branch_operator_decorator.py took 0.174 seconds
[2024-01-28T23:37:31.022+0100] {processor.py:161} INFO - Started process (PID=18424) to work on /home/ubuntu/.local/lib/python3.10/site-packages/airflow/example_dags/example_branch_operator_decorator.py
[2024-01-28T23:37:31.024+0100] {processor.py:830} INFO - Processing file /home/ubuntu/.local/lib/python3.10/site-packages/airflow/example_dags/example_branch_operator_decorator.py for tasks to queue
[2024-01-28T23:37:31.025+0100] {logging_mixin.py:188} INFO - [2024-01-28T23:37:31.024+0100] {dagbag.py:538} INFO - Filling up the DagBag from /home/ubuntu/.local/lib/python3.10/site-packages/airflow/example_dags/example_branch_operator_decorator.py
[2024-01-28T23:37:31.044+0100] {processor.py:840} INFO - DAG(s) 'example_branch_python_operator_decorator' retrieved from /home/ubuntu/.local/lib/python3.10/site-packages/airflow/example_dags/example_branch_operator_decorator.py
[2024-01-28T23:37:31.171+0100] {logging_mixin.py:188} INFO - [2024-01-28T23:37:31.171+0100] {dag.py:3033} INFO - Sync 1 DAGs
[2024-01-28T23:37:31.189+0100] {logging_mixin.py:188} INFO - [2024-01-28T23:37:31.189+0100] {dag.py:3820} INFO - Setting next_dagrun for example_branch_python_operator_decorator to 2024-01-27T00:00:00+00:00, run_after=2024-01-28T00:00:00+00:00
[2024-01-28T23:37:31.217+0100] {processor.py:183} INFO - Processing /home/ubuntu/.local/lib/python3.10/site-packages/airflow/example_dags/example_branch_operator_decorator.py took 0.199 seconds
[2024-01-28T23:38:43.066+0100] {processor.py:161} INFO - Started process (PID=19192) to work on /home/ubuntu/.local/lib/python3.10/site-packages/airflow/example_dags/example_branch_operator_decorator.py
[2024-01-28T23:38:43.068+0100] {processor.py:830} INFO - Processing file /home/ubuntu/.local/lib/python3.10/site-packages/airflow/example_dags/example_branch_operator_decorator.py for tasks to queue
[2024-01-28T23:38:43.071+0100] {logging_mixin.py:188} INFO - [2024-01-28T23:38:43.070+0100] {dagbag.py:538} INFO - Filling up the DagBag from /home/ubuntu/.local/lib/python3.10/site-packages/airflow/example_dags/example_branch_operator_decorator.py
[2024-01-28T23:38:43.091+0100] {processor.py:840} INFO - DAG(s) 'example_branch_python_operator_decorator' retrieved from /home/ubuntu/.local/lib/python3.10/site-packages/airflow/example_dags/example_branch_operator_decorator.py
[2024-01-28T23:38:43.115+0100] {logging_mixin.py:188} INFO - [2024-01-28T23:38:43.115+0100] {dag.py:3033} INFO - Sync 1 DAGs
[2024-01-28T23:38:43.246+0100] {logging_mixin.py:188} INFO - [2024-01-28T23:38:43.245+0100] {dag.py:3820} INFO - Setting next_dagrun for example_branch_python_operator_decorator to 2024-01-27T00:00:00+00:00, run_after=2024-01-28T00:00:00+00:00
[2024-01-28T23:38:43.275+0100] {processor.py:183} INFO - Processing /home/ubuntu/.local/lib/python3.10/site-packages/airflow/example_dags/example_branch_operator_decorator.py took 0.213 seconds
[2024-01-28T23:39:39.245+0100] {processor.py:161} INFO - Started process (PID=19249) to work on /home/ubuntu/.local/lib/python3.10/site-packages/airflow/example_dags/example_branch_operator_decorator.py
[2024-01-28T23:39:39.247+0100] {processor.py:830} INFO - Processing file /home/ubuntu/.local/lib/python3.10/site-packages/airflow/example_dags/example_branch_operator_decorator.py for tasks to queue
[2024-01-28T23:39:39.248+0100] {logging_mixin.py:188} INFO - [2024-01-28T23:39:39.248+0100] {dagbag.py:538} INFO - Filling up the DagBag from /home/ubuntu/.local/lib/python3.10/site-packages/airflow/example_dags/example_branch_operator_decorator.py
[2024-01-28T23:39:39.271+0100] {processor.py:840} INFO - DAG(s) 'example_branch_python_operator_decorator' retrieved from /home/ubuntu/.local/lib/python3.10/site-packages/airflow/example_dags/example_branch_operator_decorator.py
[2024-01-28T23:39:39.293+0100] {logging_mixin.py:188} INFO - [2024-01-28T23:39:39.293+0100] {dag.py:3033} INFO - Sync 1 DAGs
[2024-01-28T23:39:39.312+0100] {logging_mixin.py:188} INFO - [2024-01-28T23:39:39.312+0100] {dag.py:3820} INFO - Setting next_dagrun for example_branch_python_operator_decorator to 2024-01-27T00:00:00+00:00, run_after=2024-01-28T00:00:00+00:00
[2024-01-28T23:39:39.346+0100] {processor.py:183} INFO - Processing /home/ubuntu/.local/lib/python3.10/site-packages/airflow/example_dags/example_branch_operator_decorator.py took 0.105 seconds
[2024-01-28T23:40:40.128+0100] {processor.py:161} INFO - Started process (PID=19325) to work on /home/ubuntu/.local/lib/python3.10/site-packages/airflow/example_dags/example_branch_operator_decorator.py
[2024-01-28T23:40:40.129+0100] {processor.py:830} INFO - Processing file /home/ubuntu/.local/lib/python3.10/site-packages/airflow/example_dags/example_branch_operator_decorator.py for tasks to queue
[2024-01-28T23:40:40.131+0100] {logging_mixin.py:188} INFO - [2024-01-28T23:40:40.130+0100] {dagbag.py:538} INFO - Filling up the DagBag from /home/ubuntu/.local/lib/python3.10/site-packages/airflow/example_dags/example_branch_operator_decorator.py
[2024-01-28T23:40:40.151+0100] {processor.py:840} INFO - DAG(s) 'example_branch_python_operator_decorator' retrieved from /home/ubuntu/.local/lib/python3.10/site-packages/airflow/example_dags/example_branch_operator_decorator.py
[2024-01-28T23:40:40.174+0100] {logging_mixin.py:188} INFO - [2024-01-28T23:40:40.173+0100] {dag.py:3033} INFO - Sync 1 DAGs
[2024-01-28T23:40:40.199+0100] {logging_mixin.py:188} INFO - [2024-01-28T23:40:40.199+0100] {dag.py:3820} INFO - Setting next_dagrun for example_branch_python_operator_decorator to 2024-01-27T00:00:00+00:00, run_after=2024-01-28T00:00:00+00:00
[2024-01-28T23:40:40.230+0100] {processor.py:183} INFO - Processing /home/ubuntu/.local/lib/python3.10/site-packages/airflow/example_dags/example_branch_operator_decorator.py took 0.105 seconds
[2024-01-28T23:41:39.672+0100] {processor.py:161} INFO - Started process (PID=19407) to work on /home/ubuntu/.local/lib/python3.10/site-packages/airflow/example_dags/example_branch_operator_decorator.py
[2024-01-28T23:41:39.674+0100] {processor.py:830} INFO - Processing file /home/ubuntu/.local/lib/python3.10/site-packages/airflow/example_dags/example_branch_operator_decorator.py for tasks to queue
[2024-01-28T23:41:39.675+0100] {logging_mixin.py:188} INFO - [2024-01-28T23:41:39.675+0100] {dagbag.py:538} INFO - Filling up the DagBag from /home/ubuntu/.local/lib/python3.10/site-packages/airflow/example_dags/example_branch_operator_decorator.py
[2024-01-28T23:41:39.698+0100] {processor.py:840} INFO - DAG(s) 'example_branch_python_operator_decorator' retrieved from /home/ubuntu/.local/lib/python3.10/site-packages/airflow/example_dags/example_branch_operator_decorator.py
[2024-01-28T23:41:39.724+0100] {logging_mixin.py:188} INFO - [2024-01-28T23:41:39.724+0100] {dag.py:3033} INFO - Sync 1 DAGs
[2024-01-28T23:41:39.744+0100] {logging_mixin.py:188} INFO - [2024-01-28T23:41:39.744+0100] {dag.py:3820} INFO - Setting next_dagrun for example_branch_python_operator_decorator to 2024-01-27T00:00:00+00:00, run_after=2024-01-28T00:00:00+00:00
[2024-01-28T23:41:39.772+0100] {processor.py:183} INFO - Processing /home/ubuntu/.local/lib/python3.10/site-packages/airflow/example_dags/example_branch_operator_decorator.py took 0.104 seconds
[2024-01-28T23:42:41.529+0100] {processor.py:161} INFO - Started process (PID=19480) to work on /home/ubuntu/.local/lib/python3.10/site-packages/airflow/example_dags/example_branch_operator_decorator.py
[2024-01-28T23:42:41.668+0100] {processor.py:830} INFO - Processing file /home/ubuntu/.local/lib/python3.10/site-packages/airflow/example_dags/example_branch_operator_decorator.py for tasks to queue
[2024-01-28T23:42:41.671+0100] {logging_mixin.py:188} INFO - [2024-01-28T23:42:41.670+0100] {dagbag.py:538} INFO - Filling up the DagBag from /home/ubuntu/.local/lib/python3.10/site-packages/airflow/example_dags/example_branch_operator_decorator.py
[2024-01-28T23:42:41.692+0100] {processor.py:840} INFO - DAG(s) 'example_branch_python_operator_decorator' retrieved from /home/ubuntu/.local/lib/python3.10/site-packages/airflow/example_dags/example_branch_operator_decorator.py
[2024-01-28T23:42:41.728+0100] {logging_mixin.py:188} INFO - [2024-01-28T23:42:41.728+0100] {dag.py:3033} INFO - Sync 1 DAGs
[2024-01-28T23:42:41.770+0100] {logging_mixin.py:188} INFO - [2024-01-28T23:42:41.769+0100] {dag.py:3820} INFO - Setting next_dagrun for example_branch_python_operator_decorator to 2024-01-27T00:00:00+00:00, run_after=2024-01-28T00:00:00+00:00
[2024-01-28T23:42:41.819+0100] {processor.py:183} INFO - Processing /home/ubuntu/.local/lib/python3.10/site-packages/airflow/example_dags/example_branch_operator_decorator.py took 0.294 seconds
[2024-01-28T23:43:48.453+0100] {processor.py:161} INFO - Started process (PID=19552) to work on /home/ubuntu/.local/lib/python3.10/site-packages/airflow/example_dags/example_branch_operator_decorator.py
[2024-01-28T23:43:48.456+0100] {processor.py:830} INFO - Processing file /home/ubuntu/.local/lib/python3.10/site-packages/airflow/example_dags/example_branch_operator_decorator.py for tasks to queue
[2024-01-28T23:43:48.457+0100] {logging_mixin.py:188} INFO - [2024-01-28T23:43:48.456+0100] {dagbag.py:538} INFO - Filling up the DagBag from /home/ubuntu/.local/lib/python3.10/site-packages/airflow/example_dags/example_branch_operator_decorator.py
[2024-01-28T23:43:48.482+0100] {processor.py:840} INFO - DAG(s) 'example_branch_python_operator_decorator' retrieved from /home/ubuntu/.local/lib/python3.10/site-packages/airflow/example_dags/example_branch_operator_decorator.py
[2024-01-28T23:43:48.513+0100] {logging_mixin.py:188} INFO - [2024-01-28T23:43:48.513+0100] {dag.py:3033} INFO - Sync 1 DAGs
[2024-01-28T23:43:48.539+0100] {logging_mixin.py:188} INFO - [2024-01-28T23:43:48.539+0100] {dag.py:3820} INFO - Setting next_dagrun for example_branch_python_operator_decorator to 2024-01-27T00:00:00+00:00, run_after=2024-01-28T00:00:00+00:00
[2024-01-28T23:43:48.566+0100] {processor.py:183} INFO - Processing /home/ubuntu/.local/lib/python3.10/site-packages/airflow/example_dags/example_branch_operator_decorator.py took 0.116 seconds
[2024-01-28T23:44:35.995+0100] {processor.py:161} INFO - Started process (PID=19605) to work on /home/ubuntu/.local/lib/python3.10/site-packages/airflow/example_dags/example_branch_operator_decorator.py
[2024-01-28T23:44:35.998+0100] {processor.py:830} INFO - Processing file /home/ubuntu/.local/lib/python3.10/site-packages/airflow/example_dags/example_branch_operator_decorator.py for tasks to queue
[2024-01-28T23:44:35.999+0100] {logging_mixin.py:188} INFO - [2024-01-28T23:44:35.999+0100] {dagbag.py:538} INFO - Filling up the DagBag from /home/ubuntu/.local/lib/python3.10/site-packages/airflow/example_dags/example_branch_operator_decorator.py
[2024-01-28T23:44:36.017+0100] {processor.py:840} INFO - DAG(s) 'example_branch_python_operator_decorator' retrieved from /home/ubuntu/.local/lib/python3.10/site-packages/airflow/example_dags/example_branch_operator_decorator.py
[2024-01-28T23:44:36.042+0100] {logging_mixin.py:188} INFO - [2024-01-28T23:44:36.042+0100] {dag.py:3033} INFO - Sync 1 DAGs
[2024-01-28T23:44:36.064+0100] {logging_mixin.py:188} INFO - [2024-01-28T23:44:36.064+0100] {dag.py:3820} INFO - Setting next_dagrun for example_branch_python_operator_decorator to 2024-01-27T00:00:00+00:00, run_after=2024-01-28T00:00:00+00:00
[2024-01-28T23:44:36.096+0100] {processor.py:183} INFO - Processing /home/ubuntu/.local/lib/python3.10/site-packages/airflow/example_dags/example_branch_operator_decorator.py took 0.104 seconds
[2024-01-28T23:45:42.023+0100] {processor.py:161} INFO - Started process (PID=19682) to work on /home/ubuntu/.local/lib/python3.10/site-packages/airflow/example_dags/example_branch_operator_decorator.py
[2024-01-28T23:45:42.025+0100] {processor.py:830} INFO - Processing file /home/ubuntu/.local/lib/python3.10/site-packages/airflow/example_dags/example_branch_operator_decorator.py for tasks to queue
[2024-01-28T23:45:42.026+0100] {logging_mixin.py:188} INFO - [2024-01-28T23:45:42.026+0100] {dagbag.py:538} INFO - Filling up the DagBag from /home/ubuntu/.local/lib/python3.10/site-packages/airflow/example_dags/example_branch_operator_decorator.py
[2024-01-28T23:45:42.045+0100] {processor.py:840} INFO - DAG(s) 'example_branch_python_operator_decorator' retrieved from /home/ubuntu/.local/lib/python3.10/site-packages/airflow/example_dags/example_branch_operator_decorator.py
[2024-01-28T23:45:42.069+0100] {logging_mixin.py:188} INFO - [2024-01-28T23:45:42.068+0100] {dag.py:3033} INFO - Sync 1 DAGs
[2024-01-28T23:45:42.091+0100] {logging_mixin.py:188} INFO - [2024-01-28T23:45:42.091+0100] {dag.py:3820} INFO - Setting next_dagrun for example_branch_python_operator_decorator to 2024-01-27T00:00:00+00:00, run_after=2024-01-28T00:00:00+00:00
[2024-01-28T23:45:42.135+0100] {processor.py:183} INFO - Processing /home/ubuntu/.local/lib/python3.10/site-packages/airflow/example_dags/example_branch_operator_decorator.py took 0.116 seconds
[2024-01-28T23:46:27.662+0100] {processor.py:161} INFO - Started process (PID=19740) to work on /home/ubuntu/.local/lib/python3.10/site-packages/airflow/example_dags/example_branch_operator_decorator.py
[2024-01-28T23:46:27.668+0100] {processor.py:830} INFO - Processing file /home/ubuntu/.local/lib/python3.10/site-packages/airflow/example_dags/example_branch_operator_decorator.py for tasks to queue
[2024-01-28T23:46:27.670+0100] {logging_mixin.py:188} INFO - [2024-01-28T23:46:27.670+0100] {dagbag.py:538} INFO - Filling up the DagBag from /home/ubuntu/.local/lib/python3.10/site-packages/airflow/example_dags/example_branch_operator_decorator.py
[2024-01-28T23:46:27.689+0100] {processor.py:840} INFO - DAG(s) 'example_branch_python_operator_decorator' retrieved from /home/ubuntu/.local/lib/python3.10/site-packages/airflow/example_dags/example_branch_operator_decorator.py
[2024-01-28T23:46:27.713+0100] {logging_mixin.py:188} INFO - [2024-01-28T23:46:27.712+0100] {dag.py:3033} INFO - Sync 1 DAGs
[2024-01-28T23:46:27.735+0100] {logging_mixin.py:188} INFO - [2024-01-28T23:46:27.734+0100] {dag.py:3820} INFO - Setting next_dagrun for example_branch_python_operator_decorator to 2024-01-27T00:00:00+00:00, run_after=2024-01-28T00:00:00+00:00
[2024-01-28T23:46:27.768+0100] {processor.py:183} INFO - Processing /home/ubuntu/.local/lib/python3.10/site-packages/airflow/example_dags/example_branch_operator_decorator.py took 0.109 seconds
[2024-01-28T23:47:23.005+0100] {processor.py:161} INFO - Started process (PID=19804) to work on /home/ubuntu/.local/lib/python3.10/site-packages/airflow/example_dags/example_branch_operator_decorator.py
[2024-01-28T23:47:23.007+0100] {processor.py:830} INFO - Processing file /home/ubuntu/.local/lib/python3.10/site-packages/airflow/example_dags/example_branch_operator_decorator.py for tasks to queue
[2024-01-28T23:47:23.008+0100] {logging_mixin.py:188} INFO - [2024-01-28T23:47:23.008+0100] {dagbag.py:538} INFO - Filling up the DagBag from /home/ubuntu/.local/lib/python3.10/site-packages/airflow/example_dags/example_branch_operator_decorator.py
[2024-01-28T23:47:23.026+0100] {processor.py:840} INFO - DAG(s) 'example_branch_python_operator_decorator' retrieved from /home/ubuntu/.local/lib/python3.10/site-packages/airflow/example_dags/example_branch_operator_decorator.py
[2024-01-28T23:47:23.049+0100] {logging_mixin.py:188} INFO - [2024-01-28T23:47:23.049+0100] {dag.py:3033} INFO - Sync 1 DAGs
[2024-01-28T23:47:23.083+0100] {logging_mixin.py:188} INFO - [2024-01-28T23:47:23.082+0100] {dag.py:3820} INFO - Setting next_dagrun for example_branch_python_operator_decorator to 2024-01-27T00:00:00+00:00, run_after=2024-01-28T00:00:00+00:00
[2024-01-28T23:47:23.113+0100] {processor.py:183} INFO - Processing /home/ubuntu/.local/lib/python3.10/site-packages/airflow/example_dags/example_branch_operator_decorator.py took 0.111 seconds
[2024-01-28T23:48:20.585+0100] {processor.py:161} INFO - Started process (PID=19869) to work on /home/ubuntu/.local/lib/python3.10/site-packages/airflow/example_dags/example_branch_operator_decorator.py
[2024-01-28T23:48:20.596+0100] {processor.py:830} INFO - Processing file /home/ubuntu/.local/lib/python3.10/site-packages/airflow/example_dags/example_branch_operator_decorator.py for tasks to queue
[2024-01-28T23:48:20.598+0100] {logging_mixin.py:188} INFO - [2024-01-28T23:48:20.597+0100] {dagbag.py:538} INFO - Filling up the DagBag from /home/ubuntu/.local/lib/python3.10/site-packages/airflow/example_dags/example_branch_operator_decorator.py
[2024-01-28T23:48:20.619+0100] {processor.py:840} INFO - DAG(s) 'example_branch_python_operator_decorator' retrieved from /home/ubuntu/.local/lib/python3.10/site-packages/airflow/example_dags/example_branch_operator_decorator.py
[2024-01-28T23:48:20.642+0100] {logging_mixin.py:188} INFO - [2024-01-28T23:48:20.641+0100] {dag.py:3033} INFO - Sync 1 DAGs
[2024-01-28T23:48:20.660+0100] {logging_mixin.py:188} INFO - [2024-01-28T23:48:20.660+0100] {dag.py:3820} INFO - Setting next_dagrun for example_branch_python_operator_decorator to 2024-01-27T00:00:00+00:00, run_after=2024-01-28T00:00:00+00:00
[2024-01-28T23:48:20.692+0100] {processor.py:183} INFO - Processing /home/ubuntu/.local/lib/python3.10/site-packages/airflow/example_dags/example_branch_operator_decorator.py took 0.110 seconds
[2024-01-28T23:49:12.368+0100] {processor.py:161} INFO - Started process (PID=19931) to work on /home/ubuntu/.local/lib/python3.10/site-packages/airflow/example_dags/example_branch_operator_decorator.py
[2024-01-28T23:49:12.371+0100] {processor.py:830} INFO - Processing file /home/ubuntu/.local/lib/python3.10/site-packages/airflow/example_dags/example_branch_operator_decorator.py for tasks to queue
[2024-01-28T23:49:12.373+0100] {logging_mixin.py:188} INFO - [2024-01-28T23:49:12.373+0100] {dagbag.py:538} INFO - Filling up the DagBag from /home/ubuntu/.local/lib/python3.10/site-packages/airflow/example_dags/example_branch_operator_decorator.py
[2024-01-28T23:49:12.397+0100] {processor.py:840} INFO - DAG(s) 'example_branch_python_operator_decorator' retrieved from /home/ubuntu/.local/lib/python3.10/site-packages/airflow/example_dags/example_branch_operator_decorator.py
[2024-01-28T23:49:12.427+0100] {logging_mixin.py:188} INFO - [2024-01-28T23:49:12.427+0100] {dag.py:3033} INFO - Sync 1 DAGs
[2024-01-28T23:49:12.456+0100] {logging_mixin.py:188} INFO - [2024-01-28T23:49:12.456+0100] {dag.py:3820} INFO - Setting next_dagrun for example_branch_python_operator_decorator to 2024-01-27T00:00:00+00:00, run_after=2024-01-28T00:00:00+00:00
[2024-01-28T23:49:12.497+0100] {processor.py:183} INFO - Processing /home/ubuntu/.local/lib/python3.10/site-packages/airflow/example_dags/example_branch_operator_decorator.py took 0.132 seconds
[2024-01-28T23:50:12.360+0100] {processor.py:161} INFO - Started process (PID=20005) to work on /home/ubuntu/.local/lib/python3.10/site-packages/airflow/example_dags/example_branch_operator_decorator.py
[2024-01-28T23:50:12.362+0100] {processor.py:830} INFO - Processing file /home/ubuntu/.local/lib/python3.10/site-packages/airflow/example_dags/example_branch_operator_decorator.py for tasks to queue
[2024-01-28T23:50:12.364+0100] {logging_mixin.py:188} INFO - [2024-01-28T23:50:12.363+0100] {dagbag.py:538} INFO - Filling up the DagBag from /home/ubuntu/.local/lib/python3.10/site-packages/airflow/example_dags/example_branch_operator_decorator.py
[2024-01-28T23:50:12.385+0100] {processor.py:840} INFO - DAG(s) 'example_branch_python_operator_decorator' retrieved from /home/ubuntu/.local/lib/python3.10/site-packages/airflow/example_dags/example_branch_operator_decorator.py
[2024-01-28T23:50:12.410+0100] {logging_mixin.py:188} INFO - [2024-01-28T23:50:12.410+0100] {dag.py:3033} INFO - Sync 1 DAGs
[2024-01-28T23:50:12.431+0100] {logging_mixin.py:188} INFO - [2024-01-28T23:50:12.430+0100] {dag.py:3820} INFO - Setting next_dagrun for example_branch_python_operator_decorator to 2024-01-27T00:00:00+00:00, run_after=2024-01-28T00:00:00+00:00
[2024-01-28T23:50:12.480+0100] {processor.py:183} INFO - Processing /home/ubuntu/.local/lib/python3.10/site-packages/airflow/example_dags/example_branch_operator_decorator.py took 0.123 seconds
[2024-01-28T23:51:15.901+0100] {processor.py:161} INFO - Started process (PID=20076) to work on /home/ubuntu/.local/lib/python3.10/site-packages/airflow/example_dags/example_branch_operator_decorator.py
[2024-01-28T23:51:15.904+0100] {processor.py:830} INFO - Processing file /home/ubuntu/.local/lib/python3.10/site-packages/airflow/example_dags/example_branch_operator_decorator.py for tasks to queue
[2024-01-28T23:51:15.905+0100] {logging_mixin.py:188} INFO - [2024-01-28T23:51:15.905+0100] {dagbag.py:538} INFO - Filling up the DagBag from /home/ubuntu/.local/lib/python3.10/site-packages/airflow/example_dags/example_branch_operator_decorator.py
[2024-01-28T23:51:15.923+0100] {processor.py:840} INFO - DAG(s) 'example_branch_python_operator_decorator' retrieved from /home/ubuntu/.local/lib/python3.10/site-packages/airflow/example_dags/example_branch_operator_decorator.py
[2024-01-28T23:51:15.944+0100] {logging_mixin.py:188} INFO - [2024-01-28T23:51:15.944+0100] {dag.py:3033} INFO - Sync 1 DAGs
[2024-01-28T23:51:15.963+0100] {logging_mixin.py:188} INFO - [2024-01-28T23:51:15.963+0100] {dag.py:3820} INFO - Setting next_dagrun for example_branch_python_operator_decorator to 2024-01-27T00:00:00+00:00, run_after=2024-01-28T00:00:00+00:00
[2024-01-28T23:51:16.009+0100] {processor.py:183} INFO - Processing /home/ubuntu/.local/lib/python3.10/site-packages/airflow/example_dags/example_branch_operator_decorator.py took 0.111 seconds
[2024-01-28T23:52:19.346+0100] {processor.py:161} INFO - Started process (PID=20151) to work on /home/ubuntu/.local/lib/python3.10/site-packages/airflow/example_dags/example_branch_operator_decorator.py
[2024-01-28T23:52:19.349+0100] {processor.py:830} INFO - Processing file /home/ubuntu/.local/lib/python3.10/site-packages/airflow/example_dags/example_branch_operator_decorator.py for tasks to queue
[2024-01-28T23:52:19.350+0100] {logging_mixin.py:188} INFO - [2024-01-28T23:52:19.350+0100] {dagbag.py:538} INFO - Filling up the DagBag from /home/ubuntu/.local/lib/python3.10/site-packages/airflow/example_dags/example_branch_operator_decorator.py
[2024-01-28T23:52:19.384+0100] {processor.py:840} INFO - DAG(s) 'example_branch_python_operator_decorator' retrieved from /home/ubuntu/.local/lib/python3.10/site-packages/airflow/example_dags/example_branch_operator_decorator.py
[2024-01-28T23:52:19.411+0100] {logging_mixin.py:188} INFO - [2024-01-28T23:52:19.411+0100] {dag.py:3033} INFO - Sync 1 DAGs
[2024-01-28T23:52:19.440+0100] {logging_mixin.py:188} INFO - [2024-01-28T23:52:19.440+0100] {dag.py:3820} INFO - Setting next_dagrun for example_branch_python_operator_decorator to 2024-01-27T00:00:00+00:00, run_after=2024-01-28T00:00:00+00:00
[2024-01-28T23:52:19.469+0100] {processor.py:183} INFO - Processing /home/ubuntu/.local/lib/python3.10/site-packages/airflow/example_dags/example_branch_operator_decorator.py took 0.127 seconds
[2024-01-28T23:53:20.348+0100] {processor.py:161} INFO - Started process (PID=20223) to work on /home/ubuntu/.local/lib/python3.10/site-packages/airflow/example_dags/example_branch_operator_decorator.py
[2024-01-28T23:53:20.351+0100] {processor.py:830} INFO - Processing file /home/ubuntu/.local/lib/python3.10/site-packages/airflow/example_dags/example_branch_operator_decorator.py for tasks to queue
[2024-01-28T23:53:20.352+0100] {logging_mixin.py:188} INFO - [2024-01-28T23:53:20.352+0100] {dagbag.py:538} INFO - Filling up the DagBag from /home/ubuntu/.local/lib/python3.10/site-packages/airflow/example_dags/example_branch_operator_decorator.py
[2024-01-28T23:53:20.371+0100] {processor.py:840} INFO - DAG(s) 'example_branch_python_operator_decorator' retrieved from /home/ubuntu/.local/lib/python3.10/site-packages/airflow/example_dags/example_branch_operator_decorator.py
[2024-01-28T23:53:20.394+0100] {logging_mixin.py:188} INFO - [2024-01-28T23:53:20.394+0100] {dag.py:3033} INFO - Sync 1 DAGs
[2024-01-28T23:53:20.420+0100] {logging_mixin.py:188} INFO - [2024-01-28T23:53:20.420+0100] {dag.py:3820} INFO - Setting next_dagrun for example_branch_python_operator_decorator to 2024-01-27T00:00:00+00:00, run_after=2024-01-28T00:00:00+00:00
[2024-01-28T23:53:20.453+0100] {processor.py:183} INFO - Processing /home/ubuntu/.local/lib/python3.10/site-packages/airflow/example_dags/example_branch_operator_decorator.py took 0.109 seconds
[2024-01-28T23:54:26.800+0100] {processor.py:161} INFO - Started process (PID=20308) to work on /home/ubuntu/.local/lib/python3.10/site-packages/airflow/example_dags/example_branch_operator_decorator.py
[2024-01-28T23:54:26.803+0100] {processor.py:830} INFO - Processing file /home/ubuntu/.local/lib/python3.10/site-packages/airflow/example_dags/example_branch_operator_decorator.py for tasks to queue
[2024-01-28T23:54:26.804+0100] {logging_mixin.py:188} INFO - [2024-01-28T23:54:26.803+0100] {dagbag.py:538} INFO - Filling up the DagBag from /home/ubuntu/.local/lib/python3.10/site-packages/airflow/example_dags/example_branch_operator_decorator.py
[2024-01-28T23:54:26.827+0100] {processor.py:840} INFO - DAG(s) 'example_branch_python_operator_decorator' retrieved from /home/ubuntu/.local/lib/python3.10/site-packages/airflow/example_dags/example_branch_operator_decorator.py
[2024-01-28T23:54:26.856+0100] {logging_mixin.py:188} INFO - [2024-01-28T23:54:26.855+0100] {dag.py:3033} INFO - Sync 1 DAGs
[2024-01-28T23:54:26.883+0100] {logging_mixin.py:188} INFO - [2024-01-28T23:54:26.883+0100] {dag.py:3820} INFO - Setting next_dagrun for example_branch_python_operator_decorator to 2024-01-27T00:00:00+00:00, run_after=2024-01-28T00:00:00+00:00
[2024-01-28T23:54:26.931+0100] {processor.py:183} INFO - Processing /home/ubuntu/.local/lib/python3.10/site-packages/airflow/example_dags/example_branch_operator_decorator.py took 0.135 seconds
[2024-01-28T23:55:22.927+0100] {processor.py:161} INFO - Started process (PID=20375) to work on /home/ubuntu/.local/lib/python3.10/site-packages/airflow/example_dags/example_branch_operator_decorator.py
[2024-01-28T23:55:22.930+0100] {processor.py:830} INFO - Processing file /home/ubuntu/.local/lib/python3.10/site-packages/airflow/example_dags/example_branch_operator_decorator.py for tasks to queue
[2024-01-28T23:55:22.932+0100] {logging_mixin.py:188} INFO - [2024-01-28T23:55:22.931+0100] {dagbag.py:538} INFO - Filling up the DagBag from /home/ubuntu/.local/lib/python3.10/site-packages/airflow/example_dags/example_branch_operator_decorator.py
[2024-01-28T23:55:22.951+0100] {processor.py:840} INFO - DAG(s) 'example_branch_python_operator_decorator' retrieved from /home/ubuntu/.local/lib/python3.10/site-packages/airflow/example_dags/example_branch_operator_decorator.py
[2024-01-28T23:55:22.974+0100] {logging_mixin.py:188} INFO - [2024-01-28T23:55:22.974+0100] {dag.py:3033} INFO - Sync 1 DAGs
[2024-01-28T23:55:22.992+0100] {logging_mixin.py:188} INFO - [2024-01-28T23:55:22.992+0100] {dag.py:3820} INFO - Setting next_dagrun for example_branch_python_operator_decorator to 2024-01-27T00:00:00+00:00, run_after=2024-01-28T00:00:00+00:00
[2024-01-28T23:55:23.030+0100] {processor.py:183} INFO - Processing /home/ubuntu/.local/lib/python3.10/site-packages/airflow/example_dags/example_branch_operator_decorator.py took 0.106 seconds
[2024-01-28T23:56:26.822+0100] {processor.py:161} INFO - Started process (PID=20453) to work on /home/ubuntu/.local/lib/python3.10/site-packages/airflow/example_dags/example_branch_operator_decorator.py
[2024-01-28T23:56:26.824+0100] {processor.py:830} INFO - Processing file /home/ubuntu/.local/lib/python3.10/site-packages/airflow/example_dags/example_branch_operator_decorator.py for tasks to queue
[2024-01-28T23:56:26.825+0100] {logging_mixin.py:188} INFO - [2024-01-28T23:56:26.825+0100] {dagbag.py:538} INFO - Filling up the DagBag from /home/ubuntu/.local/lib/python3.10/site-packages/airflow/example_dags/example_branch_operator_decorator.py
[2024-01-28T23:56:26.844+0100] {processor.py:840} INFO - DAG(s) 'example_branch_python_operator_decorator' retrieved from /home/ubuntu/.local/lib/python3.10/site-packages/airflow/example_dags/example_branch_operator_decorator.py
[2024-01-28T23:56:26.869+0100] {logging_mixin.py:188} INFO - [2024-01-28T23:56:26.868+0100] {dag.py:3033} INFO - Sync 1 DAGs
[2024-01-28T23:56:26.891+0100] {logging_mixin.py:188} INFO - [2024-01-28T23:56:26.891+0100] {dag.py:3820} INFO - Setting next_dagrun for example_branch_python_operator_decorator to 2024-01-27T00:00:00+00:00, run_after=2024-01-28T00:00:00+00:00
[2024-01-28T23:56:26.920+0100] {processor.py:183} INFO - Processing /home/ubuntu/.local/lib/python3.10/site-packages/airflow/example_dags/example_branch_operator_decorator.py took 0.102 seconds
[2024-01-28T23:57:23.069+0100] {processor.py:161} INFO - Started process (PID=20522) to work on /home/ubuntu/.local/lib/python3.10/site-packages/airflow/example_dags/example_branch_operator_decorator.py
[2024-01-28T23:57:23.073+0100] {processor.py:830} INFO - Processing file /home/ubuntu/.local/lib/python3.10/site-packages/airflow/example_dags/example_branch_operator_decorator.py for tasks to queue
[2024-01-28T23:57:23.074+0100] {logging_mixin.py:188} INFO - [2024-01-28T23:57:23.073+0100] {dagbag.py:538} INFO - Filling up the DagBag from /home/ubuntu/.local/lib/python3.10/site-packages/airflow/example_dags/example_branch_operator_decorator.py
[2024-01-28T23:57:23.092+0100] {processor.py:840} INFO - DAG(s) 'example_branch_python_operator_decorator' retrieved from /home/ubuntu/.local/lib/python3.10/site-packages/airflow/example_dags/example_branch_operator_decorator.py
[2024-01-28T23:57:23.116+0100] {logging_mixin.py:188} INFO - [2024-01-28T23:57:23.116+0100] {dag.py:3033} INFO - Sync 1 DAGs
[2024-01-28T23:57:23.139+0100] {logging_mixin.py:188} INFO - [2024-01-28T23:57:23.139+0100] {dag.py:3820} INFO - Setting next_dagrun for example_branch_python_operator_decorator to 2024-01-27T00:00:00+00:00, run_after=2024-01-28T00:00:00+00:00
[2024-01-28T23:57:23.173+0100] {processor.py:183} INFO - Processing /home/ubuntu/.local/lib/python3.10/site-packages/airflow/example_dags/example_branch_operator_decorator.py took 0.107 seconds
[2024-01-28T23:58:27.172+0100] {processor.py:161} INFO - Started process (PID=20598) to work on /home/ubuntu/.local/lib/python3.10/site-packages/airflow/example_dags/example_branch_operator_decorator.py
[2024-01-28T23:58:27.179+0100] {processor.py:830} INFO - Processing file /home/ubuntu/.local/lib/python3.10/site-packages/airflow/example_dags/example_branch_operator_decorator.py for tasks to queue
[2024-01-28T23:58:27.184+0100] {logging_mixin.py:188} INFO - [2024-01-28T23:58:27.180+0100] {dagbag.py:538} INFO - Filling up the DagBag from /home/ubuntu/.local/lib/python3.10/site-packages/airflow/example_dags/example_branch_operator_decorator.py
[2024-01-28T23:58:27.203+0100] {processor.py:840} INFO - DAG(s) 'example_branch_python_operator_decorator' retrieved from /home/ubuntu/.local/lib/python3.10/site-packages/airflow/example_dags/example_branch_operator_decorator.py
[2024-01-28T23:58:27.227+0100] {logging_mixin.py:188} INFO - [2024-01-28T23:58:27.227+0100] {dag.py:3033} INFO - Sync 1 DAGs
[2024-01-28T23:58:27.245+0100] {logging_mixin.py:188} INFO - [2024-01-28T23:58:27.245+0100] {dag.py:3820} INFO - Setting next_dagrun for example_branch_python_operator_decorator to 2024-01-27T00:00:00+00:00, run_after=2024-01-28T00:00:00+00:00
[2024-01-28T23:58:27.273+0100] {processor.py:183} INFO - Processing /home/ubuntu/.local/lib/python3.10/site-packages/airflow/example_dags/example_branch_operator_decorator.py took 0.104 seconds
[2024-01-28T23:59:25.915+0100] {processor.py:161} INFO - Started process (PID=20665) to work on /home/ubuntu/.local/lib/python3.10/site-packages/airflow/example_dags/example_branch_operator_decorator.py
[2024-01-28T23:59:25.918+0100] {processor.py:830} INFO - Processing file /home/ubuntu/.local/lib/python3.10/site-packages/airflow/example_dags/example_branch_operator_decorator.py for tasks to queue
[2024-01-28T23:59:25.920+0100] {logging_mixin.py:188} INFO - [2024-01-28T23:59:25.919+0100] {dagbag.py:538} INFO - Filling up the DagBag from /home/ubuntu/.local/lib/python3.10/site-packages/airflow/example_dags/example_branch_operator_decorator.py
[2024-01-28T23:59:25.943+0100] {processor.py:840} INFO - DAG(s) 'example_branch_python_operator_decorator' retrieved from /home/ubuntu/.local/lib/python3.10/site-packages/airflow/example_dags/example_branch_operator_decorator.py
[2024-01-28T23:59:25.970+0100] {logging_mixin.py:188} INFO - [2024-01-28T23:59:25.970+0100] {dag.py:3033} INFO - Sync 1 DAGs
[2024-01-28T23:59:25.993+0100] {logging_mixin.py:188} INFO - [2024-01-28T23:59:25.993+0100] {dag.py:3820} INFO - Setting next_dagrun for example_branch_python_operator_decorator to 2024-01-27T00:00:00+00:00, run_after=2024-01-28T00:00:00+00:00
[2024-01-28T23:59:26.034+0100] {processor.py:183} INFO - Processing /home/ubuntu/.local/lib/python3.10/site-packages/airflow/example_dags/example_branch_operator_decorator.py took 0.122 seconds
[2024-01-29T00:00:12.463+0100] {processor.py:161} INFO - Started process (PID=20723) to work on /home/ubuntu/.local/lib/python3.10/site-packages/airflow/example_dags/example_branch_operator_decorator.py
[2024-01-29T00:00:12.466+0100] {processor.py:830} INFO - Processing file /home/ubuntu/.local/lib/python3.10/site-packages/airflow/example_dags/example_branch_operator_decorator.py for tasks to queue
[2024-01-29T00:00:12.467+0100] {logging_mixin.py:188} INFO - [2024-01-29T00:00:12.467+0100] {dagbag.py:538} INFO - Filling up the DagBag from /home/ubuntu/.local/lib/python3.10/site-packages/airflow/example_dags/example_branch_operator_decorator.py
[2024-01-29T00:00:12.490+0100] {processor.py:840} INFO - DAG(s) 'example_branch_python_operator_decorator' retrieved from /home/ubuntu/.local/lib/python3.10/site-packages/airflow/example_dags/example_branch_operator_decorator.py
[2024-01-29T00:00:12.515+0100] {logging_mixin.py:188} INFO - [2024-01-29T00:00:12.515+0100] {dag.py:3033} INFO - Sync 1 DAGs
[2024-01-29T00:00:12.536+0100] {logging_mixin.py:188} INFO - [2024-01-29T00:00:12.535+0100] {dag.py:3820} INFO - Setting next_dagrun for example_branch_python_operator_decorator to 2024-01-27T00:00:00+00:00, run_after=2024-01-28T00:00:00+00:00
[2024-01-29T00:00:12.565+0100] {processor.py:183} INFO - Processing /home/ubuntu/.local/lib/python3.10/site-packages/airflow/example_dags/example_branch_operator_decorator.py took 0.105 seconds
[2024-01-29T00:01:11.643+0100] {processor.py:161} INFO - Started process (PID=20890) to work on /home/ubuntu/.local/lib/python3.10/site-packages/airflow/example_dags/example_branch_operator_decorator.py
[2024-01-29T00:01:11.645+0100] {processor.py:830} INFO - Processing file /home/ubuntu/.local/lib/python3.10/site-packages/airflow/example_dags/example_branch_operator_decorator.py for tasks to queue
[2024-01-29T00:01:11.647+0100] {logging_mixin.py:188} INFO - [2024-01-29T00:01:11.647+0100] {dagbag.py:538} INFO - Filling up the DagBag from /home/ubuntu/.local/lib/python3.10/site-packages/airflow/example_dags/example_branch_operator_decorator.py
[2024-01-29T00:01:11.668+0100] {processor.py:840} INFO - DAG(s) 'example_branch_python_operator_decorator' retrieved from /home/ubuntu/.local/lib/python3.10/site-packages/airflow/example_dags/example_branch_operator_decorator.py
[2024-01-29T00:01:11.696+0100] {logging_mixin.py:188} INFO - [2024-01-29T00:01:11.696+0100] {dag.py:3033} INFO - Sync 1 DAGs
[2024-01-29T00:01:11.718+0100] {logging_mixin.py:188} INFO - [2024-01-29T00:01:11.718+0100] {dag.py:3820} INFO - Setting next_dagrun for example_branch_python_operator_decorator to 2024-01-27T00:00:00+00:00, run_after=2024-01-28T00:00:00+00:00
[2024-01-29T00:01:11.749+0100] {processor.py:183} INFO - Processing /home/ubuntu/.local/lib/python3.10/site-packages/airflow/example_dags/example_branch_operator_decorator.py took 0.111 seconds
[2024-01-29T00:02:08.068+0100] {processor.py:161} INFO - Started process (PID=20964) to work on /home/ubuntu/.local/lib/python3.10/site-packages/airflow/example_dags/example_branch_operator_decorator.py
[2024-01-29T00:02:08.071+0100] {processor.py:830} INFO - Processing file /home/ubuntu/.local/lib/python3.10/site-packages/airflow/example_dags/example_branch_operator_decorator.py for tasks to queue
[2024-01-29T00:02:08.072+0100] {logging_mixin.py:188} INFO - [2024-01-29T00:02:08.071+0100] {dagbag.py:538} INFO - Filling up the DagBag from /home/ubuntu/.local/lib/python3.10/site-packages/airflow/example_dags/example_branch_operator_decorator.py
[2024-01-29T00:02:08.091+0100] {processor.py:840} INFO - DAG(s) 'example_branch_python_operator_decorator' retrieved from /home/ubuntu/.local/lib/python3.10/site-packages/airflow/example_dags/example_branch_operator_decorator.py
[2024-01-29T00:02:08.118+0100] {logging_mixin.py:188} INFO - [2024-01-29T00:02:08.118+0100] {dag.py:3033} INFO - Sync 1 DAGs
[2024-01-29T00:02:08.141+0100] {logging_mixin.py:188} INFO - [2024-01-29T00:02:08.140+0100] {dag.py:3820} INFO - Setting next_dagrun for example_branch_python_operator_decorator to 2024-01-27T00:00:00+00:00, run_after=2024-01-28T00:00:00+00:00
[2024-01-29T00:02:08.172+0100] {processor.py:183} INFO - Processing /home/ubuntu/.local/lib/python3.10/site-packages/airflow/example_dags/example_branch_operator_decorator.py took 0.107 seconds
