[2024-01-28T22:57:22.415+0100] {processor.py:161} INFO - Started process (PID=15621) to work on /home/ubuntu/.local/lib/python3.10/site-packages/airflow/example_dags/example_nested_branch_dag.py
[2024-01-28T22:57:22.416+0100] {processor.py:830} INFO - Processing file /home/ubuntu/.local/lib/python3.10/site-packages/airflow/example_dags/example_nested_branch_dag.py for tasks to queue
[2024-01-28T22:57:22.418+0100] {logging_mixin.py:188} INFO - [2024-01-28T22:57:22.417+0100] {dagbag.py:538} INFO - Filling up the DagBag from /home/ubuntu/.local/lib/python3.10/site-packages/airflow/example_dags/example_nested_branch_dag.py
[2024-01-28T22:57:22.431+0100] {processor.py:840} INFO - DAG(s) 'example_nested_branch_dag' retrieved from /home/ubuntu/.local/lib/python3.10/site-packages/airflow/example_dags/example_nested_branch_dag.py
[2024-01-28T22:57:22.541+0100] {logging_mixin.py:188} INFO - [2024-01-28T22:57:22.541+0100] {dag.py:3033} INFO - Sync 1 DAGs
[2024-01-28T22:57:22.564+0100] {logging_mixin.py:188} INFO - [2024-01-28T22:57:22.564+0100] {dag.py:3820} INFO - Setting next_dagrun for example_nested_branch_dag to 2024-01-27T00:00:00+00:00, run_after=2024-01-28T00:00:00+00:00
[2024-01-28T22:57:22.601+0100] {processor.py:183} INFO - Processing /home/ubuntu/.local/lib/python3.10/site-packages/airflow/example_dags/example_nested_branch_dag.py took 0.191 seconds
[2024-01-28T22:58:32.127+0100] {processor.py:161} INFO - Started process (PID=15685) to work on /home/ubuntu/.local/lib/python3.10/site-packages/airflow/example_dags/example_nested_branch_dag.py
[2024-01-28T22:58:32.130+0100] {processor.py:830} INFO - Processing file /home/ubuntu/.local/lib/python3.10/site-packages/airflow/example_dags/example_nested_branch_dag.py for tasks to queue
[2024-01-28T22:58:32.132+0100] {logging_mixin.py:188} INFO - [2024-01-28T22:58:32.131+0100] {dagbag.py:538} INFO - Filling up the DagBag from /home/ubuntu/.local/lib/python3.10/site-packages/airflow/example_dags/example_nested_branch_dag.py
[2024-01-28T22:58:32.145+0100] {processor.py:840} INFO - DAG(s) 'example_nested_branch_dag' retrieved from /home/ubuntu/.local/lib/python3.10/site-packages/airflow/example_dags/example_nested_branch_dag.py
[2024-01-28T22:58:32.171+0100] {logging_mixin.py:188} INFO - [2024-01-28T22:58:32.171+0100] {dag.py:3033} INFO - Sync 1 DAGs
[2024-01-28T22:58:32.196+0100] {logging_mixin.py:188} INFO - [2024-01-28T22:58:32.196+0100] {dag.py:3820} INFO - Setting next_dagrun for example_nested_branch_dag to 2024-01-27T00:00:00+00:00, run_after=2024-01-28T00:00:00+00:00
[2024-01-28T22:58:32.231+0100] {processor.py:183} INFO - Processing /home/ubuntu/.local/lib/python3.10/site-packages/airflow/example_dags/example_nested_branch_dag.py took 0.108 seconds
[2024-01-28T22:59:30.888+0100] {processor.py:161} INFO - Started process (PID=15777) to work on /home/ubuntu/.local/lib/python3.10/site-packages/airflow/example_dags/example_nested_branch_dag.py
[2024-01-28T22:59:30.891+0100] {processor.py:830} INFO - Processing file /home/ubuntu/.local/lib/python3.10/site-packages/airflow/example_dags/example_nested_branch_dag.py for tasks to queue
[2024-01-28T22:59:30.892+0100] {logging_mixin.py:188} INFO - [2024-01-28T22:59:30.892+0100] {dagbag.py:538} INFO - Filling up the DagBag from /home/ubuntu/.local/lib/python3.10/site-packages/airflow/example_dags/example_nested_branch_dag.py
[2024-01-28T22:59:30.915+0100] {processor.py:840} INFO - DAG(s) 'example_nested_branch_dag' retrieved from /home/ubuntu/.local/lib/python3.10/site-packages/airflow/example_dags/example_nested_branch_dag.py
[2024-01-28T22:59:30.961+0100] {logging_mixin.py:188} INFO - [2024-01-28T22:59:30.961+0100] {dag.py:3033} INFO - Sync 1 DAGs
[2024-01-28T22:59:30.994+0100] {logging_mixin.py:188} INFO - [2024-01-28T22:59:30.993+0100] {dag.py:3820} INFO - Setting next_dagrun for example_nested_branch_dag to 2024-01-27T00:00:00+00:00, run_after=2024-01-28T00:00:00+00:00
[2024-01-28T22:59:31.024+0100] {processor.py:183} INFO - Processing /home/ubuntu/.local/lib/python3.10/site-packages/airflow/example_dags/example_nested_branch_dag.py took 0.143 seconds
[2024-01-28T23:00:23.887+0100] {processor.py:161} INFO - Started process (PID=15835) to work on /home/ubuntu/.local/lib/python3.10/site-packages/airflow/example_dags/example_nested_branch_dag.py
[2024-01-28T23:00:23.890+0100] {processor.py:830} INFO - Processing file /home/ubuntu/.local/lib/python3.10/site-packages/airflow/example_dags/example_nested_branch_dag.py for tasks to queue
[2024-01-28T23:00:23.892+0100] {logging_mixin.py:188} INFO - [2024-01-28T23:00:23.891+0100] {dagbag.py:538} INFO - Filling up the DagBag from /home/ubuntu/.local/lib/python3.10/site-packages/airflow/example_dags/example_nested_branch_dag.py
[2024-01-28T23:00:23.903+0100] {processor.py:840} INFO - DAG(s) 'example_nested_branch_dag' retrieved from /home/ubuntu/.local/lib/python3.10/site-packages/airflow/example_dags/example_nested_branch_dag.py
[2024-01-28T23:00:23.923+0100] {logging_mixin.py:188} INFO - [2024-01-28T23:00:23.922+0100] {dag.py:3033} INFO - Sync 1 DAGs
[2024-01-28T23:00:23.945+0100] {logging_mixin.py:188} INFO - [2024-01-28T23:00:23.944+0100] {dag.py:3820} INFO - Setting next_dagrun for example_nested_branch_dag to 2024-01-27T00:00:00+00:00, run_after=2024-01-28T00:00:00+00:00
[2024-01-28T23:00:23.976+0100] {processor.py:183} INFO - Processing /home/ubuntu/.local/lib/python3.10/site-packages/airflow/example_dags/example_nested_branch_dag.py took 0.093 seconds
[2024-01-28T23:01:16.160+0100] {processor.py:161} INFO - Started process (PID=15896) to work on /home/ubuntu/.local/lib/python3.10/site-packages/airflow/example_dags/example_nested_branch_dag.py
[2024-01-28T23:01:16.165+0100] {processor.py:830} INFO - Processing file /home/ubuntu/.local/lib/python3.10/site-packages/airflow/example_dags/example_nested_branch_dag.py for tasks to queue
[2024-01-28T23:01:16.166+0100] {logging_mixin.py:188} INFO - [2024-01-28T23:01:16.165+0100] {dagbag.py:538} INFO - Filling up the DagBag from /home/ubuntu/.local/lib/python3.10/site-packages/airflow/example_dags/example_nested_branch_dag.py
[2024-01-28T23:01:16.183+0100] {processor.py:840} INFO - DAG(s) 'example_nested_branch_dag' retrieved from /home/ubuntu/.local/lib/python3.10/site-packages/airflow/example_dags/example_nested_branch_dag.py
[2024-01-28T23:01:16.209+0100] {logging_mixin.py:188} INFO - [2024-01-28T23:01:16.209+0100] {dag.py:3033} INFO - Sync 1 DAGs
[2024-01-28T23:01:16.242+0100] {logging_mixin.py:188} INFO - [2024-01-28T23:01:16.241+0100] {dag.py:3820} INFO - Setting next_dagrun for example_nested_branch_dag to 2024-01-27T00:00:00+00:00, run_after=2024-01-28T00:00:00+00:00
[2024-01-28T23:01:16.283+0100] {processor.py:183} INFO - Processing /home/ubuntu/.local/lib/python3.10/site-packages/airflow/example_dags/example_nested_branch_dag.py took 0.128 seconds
[2024-01-28T23:02:23.004+0100] {processor.py:161} INFO - Started process (PID=15978) to work on /home/ubuntu/.local/lib/python3.10/site-packages/airflow/example_dags/example_nested_branch_dag.py
[2024-01-28T23:02:23.013+0100] {processor.py:830} INFO - Processing file /home/ubuntu/.local/lib/python3.10/site-packages/airflow/example_dags/example_nested_branch_dag.py for tasks to queue
[2024-01-28T23:02:23.023+0100] {logging_mixin.py:188} INFO - [2024-01-28T23:02:23.022+0100] {dagbag.py:538} INFO - Filling up the DagBag from /home/ubuntu/.local/lib/python3.10/site-packages/airflow/example_dags/example_nested_branch_dag.py
[2024-01-28T23:02:23.047+0100] {processor.py:840} INFO - DAG(s) 'example_nested_branch_dag' retrieved from /home/ubuntu/.local/lib/python3.10/site-packages/airflow/example_dags/example_nested_branch_dag.py
[2024-01-28T23:02:23.131+0100] {logging_mixin.py:188} INFO - [2024-01-28T23:02:23.131+0100] {dag.py:3033} INFO - Sync 1 DAGs
[2024-01-28T23:02:23.161+0100] {logging_mixin.py:188} INFO - [2024-01-28T23:02:23.161+0100] {dag.py:3820} INFO - Setting next_dagrun for example_nested_branch_dag to 2024-01-27T00:00:00+00:00, run_after=2024-01-28T00:00:00+00:00
[2024-01-28T23:02:23.212+0100] {processor.py:183} INFO - Processing /home/ubuntu/.local/lib/python3.10/site-packages/airflow/example_dags/example_nested_branch_dag.py took 0.214 seconds
[2024-01-28T23:03:32.912+0100] {processor.py:161} INFO - Started process (PID=16057) to work on /home/ubuntu/.local/lib/python3.10/site-packages/airflow/example_dags/example_nested_branch_dag.py
[2024-01-28T23:03:32.916+0100] {processor.py:830} INFO - Processing file /home/ubuntu/.local/lib/python3.10/site-packages/airflow/example_dags/example_nested_branch_dag.py for tasks to queue
[2024-01-28T23:03:32.918+0100] {logging_mixin.py:188} INFO - [2024-01-28T23:03:32.917+0100] {dagbag.py:538} INFO - Filling up the DagBag from /home/ubuntu/.local/lib/python3.10/site-packages/airflow/example_dags/example_nested_branch_dag.py
[2024-01-28T23:03:32.935+0100] {processor.py:840} INFO - DAG(s) 'example_nested_branch_dag' retrieved from /home/ubuntu/.local/lib/python3.10/site-packages/airflow/example_dags/example_nested_branch_dag.py
[2024-01-28T23:03:32.962+0100] {logging_mixin.py:188} INFO - [2024-01-28T23:03:32.961+0100] {dag.py:3033} INFO - Sync 1 DAGs
[2024-01-28T23:03:32.991+0100] {logging_mixin.py:188} INFO - [2024-01-28T23:03:32.991+0100] {dag.py:3820} INFO - Setting next_dagrun for example_nested_branch_dag to 2024-01-27T00:00:00+00:00, run_after=2024-01-28T00:00:00+00:00
[2024-01-28T23:03:33.030+0100] {processor.py:183} INFO - Processing /home/ubuntu/.local/lib/python3.10/site-packages/airflow/example_dags/example_nested_branch_dag.py took 0.124 seconds
[2024-01-28T23:04:41.362+0100] {processor.py:161} INFO - Started process (PID=16138) to work on /home/ubuntu/.local/lib/python3.10/site-packages/airflow/example_dags/example_nested_branch_dag.py
[2024-01-28T23:04:41.364+0100] {processor.py:830} INFO - Processing file /home/ubuntu/.local/lib/python3.10/site-packages/airflow/example_dags/example_nested_branch_dag.py for tasks to queue
[2024-01-28T23:04:41.366+0100] {logging_mixin.py:188} INFO - [2024-01-28T23:04:41.365+0100] {dagbag.py:538} INFO - Filling up the DagBag from /home/ubuntu/.local/lib/python3.10/site-packages/airflow/example_dags/example_nested_branch_dag.py
[2024-01-28T23:04:41.378+0100] {processor.py:840} INFO - DAG(s) 'example_nested_branch_dag' retrieved from /home/ubuntu/.local/lib/python3.10/site-packages/airflow/example_dags/example_nested_branch_dag.py
[2024-01-28T23:04:41.397+0100] {logging_mixin.py:188} INFO - [2024-01-28T23:04:41.396+0100] {dag.py:3033} INFO - Sync 1 DAGs
[2024-01-28T23:04:41.416+0100] {logging_mixin.py:188} INFO - [2024-01-28T23:04:41.416+0100] {dag.py:3820} INFO - Setting next_dagrun for example_nested_branch_dag to 2024-01-27T00:00:00+00:00, run_after=2024-01-28T00:00:00+00:00
[2024-01-28T23:04:41.448+0100] {processor.py:183} INFO - Processing /home/ubuntu/.local/lib/python3.10/site-packages/airflow/example_dags/example_nested_branch_dag.py took 0.090 seconds
[2024-01-28T23:05:44.202+0100] {processor.py:161} INFO - Started process (PID=16213) to work on /home/ubuntu/.local/lib/python3.10/site-packages/airflow/example_dags/example_nested_branch_dag.py
[2024-01-28T23:05:44.204+0100] {processor.py:830} INFO - Processing file /home/ubuntu/.local/lib/python3.10/site-packages/airflow/example_dags/example_nested_branch_dag.py for tasks to queue
[2024-01-28T23:05:44.205+0100] {logging_mixin.py:188} INFO - [2024-01-28T23:05:44.205+0100] {dagbag.py:538} INFO - Filling up the DagBag from /home/ubuntu/.local/lib/python3.10/site-packages/airflow/example_dags/example_nested_branch_dag.py
[2024-01-28T23:05:44.217+0100] {processor.py:840} INFO - DAG(s) 'example_nested_branch_dag' retrieved from /home/ubuntu/.local/lib/python3.10/site-packages/airflow/example_dags/example_nested_branch_dag.py
[2024-01-28T23:05:44.236+0100] {logging_mixin.py:188} INFO - [2024-01-28T23:05:44.236+0100] {dag.py:3033} INFO - Sync 1 DAGs
[2024-01-28T23:05:44.258+0100] {logging_mixin.py:188} INFO - [2024-01-28T23:05:44.258+0100] {dag.py:3820} INFO - Setting next_dagrun for example_nested_branch_dag to 2024-01-27T00:00:00+00:00, run_after=2024-01-28T00:00:00+00:00
[2024-01-28T23:05:44.302+0100] {processor.py:183} INFO - Processing /home/ubuntu/.local/lib/python3.10/site-packages/airflow/example_dags/example_nested_branch_dag.py took 0.104 seconds
[2024-01-28T23:06:47.136+0100] {processor.py:161} INFO - Started process (PID=16284) to work on /home/ubuntu/.local/lib/python3.10/site-packages/airflow/example_dags/example_nested_branch_dag.py
[2024-01-28T23:06:47.139+0100] {processor.py:830} INFO - Processing file /home/ubuntu/.local/lib/python3.10/site-packages/airflow/example_dags/example_nested_branch_dag.py for tasks to queue
[2024-01-28T23:06:47.140+0100] {logging_mixin.py:188} INFO - [2024-01-28T23:06:47.140+0100] {dagbag.py:538} INFO - Filling up the DagBag from /home/ubuntu/.local/lib/python3.10/site-packages/airflow/example_dags/example_nested_branch_dag.py
[2024-01-28T23:06:47.150+0100] {processor.py:840} INFO - DAG(s) 'example_nested_branch_dag' retrieved from /home/ubuntu/.local/lib/python3.10/site-packages/airflow/example_dags/example_nested_branch_dag.py
[2024-01-28T23:06:47.167+0100] {logging_mixin.py:188} INFO - [2024-01-28T23:06:47.167+0100] {dag.py:3033} INFO - Sync 1 DAGs
[2024-01-28T23:06:47.185+0100] {logging_mixin.py:188} INFO - [2024-01-28T23:06:47.185+0100] {dag.py:3820} INFO - Setting next_dagrun for example_nested_branch_dag to 2024-01-27T00:00:00+00:00, run_after=2024-01-28T00:00:00+00:00
[2024-01-28T23:06:47.232+0100] {processor.py:183} INFO - Processing /home/ubuntu/.local/lib/python3.10/site-packages/airflow/example_dags/example_nested_branch_dag.py took 0.099 seconds
[2024-01-28T23:07:50.407+0100] {processor.py:161} INFO - Started process (PID=16359) to work on /home/ubuntu/.local/lib/python3.10/site-packages/airflow/example_dags/example_nested_branch_dag.py
[2024-01-28T23:07:50.420+0100] {processor.py:830} INFO - Processing file /home/ubuntu/.local/lib/python3.10/site-packages/airflow/example_dags/example_nested_branch_dag.py for tasks to queue
[2024-01-28T23:07:50.429+0100] {logging_mixin.py:188} INFO - [2024-01-28T23:07:50.428+0100] {dagbag.py:538} INFO - Filling up the DagBag from /home/ubuntu/.local/lib/python3.10/site-packages/airflow/example_dags/example_nested_branch_dag.py
[2024-01-28T23:07:50.441+0100] {processor.py:840} INFO - DAG(s) 'example_nested_branch_dag' retrieved from /home/ubuntu/.local/lib/python3.10/site-packages/airflow/example_dags/example_nested_branch_dag.py
[2024-01-28T23:07:50.458+0100] {logging_mixin.py:188} INFO - [2024-01-28T23:07:50.458+0100] {dag.py:3033} INFO - Sync 1 DAGs
[2024-01-28T23:07:50.482+0100] {logging_mixin.py:188} INFO - [2024-01-28T23:07:50.482+0100] {dag.py:3820} INFO - Setting next_dagrun for example_nested_branch_dag to 2024-01-27T00:00:00+00:00, run_after=2024-01-28T00:00:00+00:00
[2024-01-28T23:07:50.510+0100] {processor.py:183} INFO - Processing /home/ubuntu/.local/lib/python3.10/site-packages/airflow/example_dags/example_nested_branch_dag.py took 0.106 seconds
[2024-01-28T23:08:51.540+0100] {processor.py:161} INFO - Started process (PID=16428) to work on /home/ubuntu/.local/lib/python3.10/site-packages/airflow/example_dags/example_nested_branch_dag.py
[2024-01-28T23:08:51.541+0100] {processor.py:830} INFO - Processing file /home/ubuntu/.local/lib/python3.10/site-packages/airflow/example_dags/example_nested_branch_dag.py for tasks to queue
[2024-01-28T23:08:51.543+0100] {logging_mixin.py:188} INFO - [2024-01-28T23:08:51.542+0100] {dagbag.py:538} INFO - Filling up the DagBag from /home/ubuntu/.local/lib/python3.10/site-packages/airflow/example_dags/example_nested_branch_dag.py
[2024-01-28T23:08:51.554+0100] {processor.py:840} INFO - DAG(s) 'example_nested_branch_dag' retrieved from /home/ubuntu/.local/lib/python3.10/site-packages/airflow/example_dags/example_nested_branch_dag.py
[2024-01-28T23:08:51.573+0100] {logging_mixin.py:188} INFO - [2024-01-28T23:08:51.573+0100] {dag.py:3033} INFO - Sync 1 DAGs
[2024-01-28T23:08:51.595+0100] {logging_mixin.py:188} INFO - [2024-01-28T23:08:51.594+0100] {dag.py:3820} INFO - Setting next_dagrun for example_nested_branch_dag to 2024-01-27T00:00:00+00:00, run_after=2024-01-28T00:00:00+00:00
[2024-01-28T23:08:51.629+0100] {processor.py:183} INFO - Processing /home/ubuntu/.local/lib/python3.10/site-packages/airflow/example_dags/example_nested_branch_dag.py took 0.093 seconds
[2024-01-28T23:09:55.371+0100] {processor.py:161} INFO - Started process (PID=16506) to work on /home/ubuntu/.local/lib/python3.10/site-packages/airflow/example_dags/example_nested_branch_dag.py
[2024-01-28T23:09:55.374+0100] {processor.py:830} INFO - Processing file /home/ubuntu/.local/lib/python3.10/site-packages/airflow/example_dags/example_nested_branch_dag.py for tasks to queue
[2024-01-28T23:09:55.376+0100] {logging_mixin.py:188} INFO - [2024-01-28T23:09:55.375+0100] {dagbag.py:538} INFO - Filling up the DagBag from /home/ubuntu/.local/lib/python3.10/site-packages/airflow/example_dags/example_nested_branch_dag.py
[2024-01-28T23:09:55.387+0100] {processor.py:840} INFO - DAG(s) 'example_nested_branch_dag' retrieved from /home/ubuntu/.local/lib/python3.10/site-packages/airflow/example_dags/example_nested_branch_dag.py
[2024-01-28T23:09:55.442+0100] {logging_mixin.py:188} INFO - [2024-01-28T23:09:55.441+0100] {dag.py:3033} INFO - Sync 1 DAGs
[2024-01-28T23:09:55.463+0100] {logging_mixin.py:188} INFO - [2024-01-28T23:09:55.463+0100] {dag.py:3820} INFO - Setting next_dagrun for example_nested_branch_dag to 2024-01-27T00:00:00+00:00, run_after=2024-01-28T00:00:00+00:00
[2024-01-28T23:09:55.491+0100] {processor.py:183} INFO - Processing /home/ubuntu/.local/lib/python3.10/site-packages/airflow/example_dags/example_nested_branch_dag.py took 0.124 seconds
[2024-01-28T23:10:56.650+0100] {processor.py:161} INFO - Started process (PID=16575) to work on /home/ubuntu/.local/lib/python3.10/site-packages/airflow/example_dags/example_nested_branch_dag.py
[2024-01-28T23:10:56.652+0100] {processor.py:830} INFO - Processing file /home/ubuntu/.local/lib/python3.10/site-packages/airflow/example_dags/example_nested_branch_dag.py for tasks to queue
[2024-01-28T23:10:56.653+0100] {logging_mixin.py:188} INFO - [2024-01-28T23:10:56.653+0100] {dagbag.py:538} INFO - Filling up the DagBag from /home/ubuntu/.local/lib/python3.10/site-packages/airflow/example_dags/example_nested_branch_dag.py
[2024-01-28T23:10:56.664+0100] {processor.py:840} INFO - DAG(s) 'example_nested_branch_dag' retrieved from /home/ubuntu/.local/lib/python3.10/site-packages/airflow/example_dags/example_nested_branch_dag.py
[2024-01-28T23:10:56.691+0100] {logging_mixin.py:188} INFO - [2024-01-28T23:10:56.691+0100] {dag.py:3033} INFO - Sync 1 DAGs
[2024-01-28T23:10:56.713+0100] {logging_mixin.py:188} INFO - [2024-01-28T23:10:56.713+0100] {dag.py:3820} INFO - Setting next_dagrun for example_nested_branch_dag to 2024-01-27T00:00:00+00:00, run_after=2024-01-28T00:00:00+00:00
[2024-01-28T23:10:56.753+0100] {processor.py:183} INFO - Processing /home/ubuntu/.local/lib/python3.10/site-packages/airflow/example_dags/example_nested_branch_dag.py took 0.105 seconds
[2024-01-28T23:12:03.847+0100] {processor.py:161} INFO - Started process (PID=16665) to work on /home/ubuntu/.local/lib/python3.10/site-packages/airflow/example_dags/example_nested_branch_dag.py
[2024-01-28T23:12:03.850+0100] {processor.py:830} INFO - Processing file /home/ubuntu/.local/lib/python3.10/site-packages/airflow/example_dags/example_nested_branch_dag.py for tasks to queue
[2024-01-28T23:12:03.853+0100] {logging_mixin.py:188} INFO - [2024-01-28T23:12:03.852+0100] {dagbag.py:538} INFO - Filling up the DagBag from /home/ubuntu/.local/lib/python3.10/site-packages/airflow/example_dags/example_nested_branch_dag.py
[2024-01-28T23:12:03.874+0100] {processor.py:840} INFO - DAG(s) 'example_nested_branch_dag' retrieved from /home/ubuntu/.local/lib/python3.10/site-packages/airflow/example_dags/example_nested_branch_dag.py
[2024-01-28T23:12:03.914+0100] {logging_mixin.py:188} INFO - [2024-01-28T23:12:03.913+0100] {dag.py:3033} INFO - Sync 1 DAGs
[2024-01-28T23:12:03.961+0100] {logging_mixin.py:188} INFO - [2024-01-28T23:12:03.960+0100] {dag.py:3820} INFO - Setting next_dagrun for example_nested_branch_dag to 2024-01-27T00:00:00+00:00, run_after=2024-01-28T00:00:00+00:00
[2024-01-28T23:12:04.020+0100] {processor.py:183} INFO - Processing /home/ubuntu/.local/lib/python3.10/site-packages/airflow/example_dags/example_nested_branch_dag.py took 0.179 seconds
[2024-01-28T23:12:53.576+0100] {processor.py:161} INFO - Started process (PID=16722) to work on /home/ubuntu/.local/lib/python3.10/site-packages/airflow/example_dags/example_nested_branch_dag.py
[2024-01-28T23:12:53.578+0100] {processor.py:830} INFO - Processing file /home/ubuntu/.local/lib/python3.10/site-packages/airflow/example_dags/example_nested_branch_dag.py for tasks to queue
[2024-01-28T23:12:53.580+0100] {logging_mixin.py:188} INFO - [2024-01-28T23:12:53.579+0100] {dagbag.py:538} INFO - Filling up the DagBag from /home/ubuntu/.local/lib/python3.10/site-packages/airflow/example_dags/example_nested_branch_dag.py
[2024-01-28T23:12:53.591+0100] {processor.py:840} INFO - DAG(s) 'example_nested_branch_dag' retrieved from /home/ubuntu/.local/lib/python3.10/site-packages/airflow/example_dags/example_nested_branch_dag.py
[2024-01-28T23:12:53.610+0100] {logging_mixin.py:188} INFO - [2024-01-28T23:12:53.610+0100] {dag.py:3033} INFO - Sync 1 DAGs
[2024-01-28T23:12:53.633+0100] {logging_mixin.py:188} INFO - [2024-01-28T23:12:53.633+0100] {dag.py:3820} INFO - Setting next_dagrun for example_nested_branch_dag to 2024-01-27T00:00:00+00:00, run_after=2024-01-28T00:00:00+00:00
[2024-01-28T23:12:53.667+0100] {processor.py:183} INFO - Processing /home/ubuntu/.local/lib/python3.10/site-packages/airflow/example_dags/example_nested_branch_dag.py took 0.095 seconds
[2024-01-28T23:13:52.938+0100] {processor.py:161} INFO - Started process (PID=16790) to work on /home/ubuntu/.local/lib/python3.10/site-packages/airflow/example_dags/example_nested_branch_dag.py
[2024-01-28T23:13:52.940+0100] {processor.py:830} INFO - Processing file /home/ubuntu/.local/lib/python3.10/site-packages/airflow/example_dags/example_nested_branch_dag.py for tasks to queue
[2024-01-28T23:13:52.941+0100] {logging_mixin.py:188} INFO - [2024-01-28T23:13:52.941+0100] {dagbag.py:538} INFO - Filling up the DagBag from /home/ubuntu/.local/lib/python3.10/site-packages/airflow/example_dags/example_nested_branch_dag.py
[2024-01-28T23:13:52.953+0100] {processor.py:840} INFO - DAG(s) 'example_nested_branch_dag' retrieved from /home/ubuntu/.local/lib/python3.10/site-packages/airflow/example_dags/example_nested_branch_dag.py
[2024-01-28T23:13:52.970+0100] {logging_mixin.py:188} INFO - [2024-01-28T23:13:52.970+0100] {dag.py:3033} INFO - Sync 1 DAGs
[2024-01-28T23:13:52.991+0100] {logging_mixin.py:188} INFO - [2024-01-28T23:13:52.991+0100] {dag.py:3820} INFO - Setting next_dagrun for example_nested_branch_dag to 2024-01-27T00:00:00+00:00, run_after=2024-01-28T00:00:00+00:00
[2024-01-28T23:13:53.021+0100] {processor.py:183} INFO - Processing /home/ubuntu/.local/lib/python3.10/site-packages/airflow/example_dags/example_nested_branch_dag.py took 0.086 seconds
[2024-01-28T23:14:54.315+0100] {processor.py:161} INFO - Started process (PID=16864) to work on /home/ubuntu/.local/lib/python3.10/site-packages/airflow/example_dags/example_nested_branch_dag.py
[2024-01-28T23:14:54.317+0100] {processor.py:830} INFO - Processing file /home/ubuntu/.local/lib/python3.10/site-packages/airflow/example_dags/example_nested_branch_dag.py for tasks to queue
[2024-01-28T23:14:54.319+0100] {logging_mixin.py:188} INFO - [2024-01-28T23:14:54.318+0100] {dagbag.py:538} INFO - Filling up the DagBag from /home/ubuntu/.local/lib/python3.10/site-packages/airflow/example_dags/example_nested_branch_dag.py
[2024-01-28T23:14:54.330+0100] {processor.py:840} INFO - DAG(s) 'example_nested_branch_dag' retrieved from /home/ubuntu/.local/lib/python3.10/site-packages/airflow/example_dags/example_nested_branch_dag.py
[2024-01-28T23:14:54.349+0100] {logging_mixin.py:188} INFO - [2024-01-28T23:14:54.348+0100] {dag.py:3033} INFO - Sync 1 DAGs
[2024-01-28T23:14:54.369+0100] {logging_mixin.py:188} INFO - [2024-01-28T23:14:54.369+0100] {dag.py:3820} INFO - Setting next_dagrun for example_nested_branch_dag to 2024-01-27T00:00:00+00:00, run_after=2024-01-28T00:00:00+00:00
[2024-01-28T23:14:54.398+0100] {processor.py:183} INFO - Processing /home/ubuntu/.local/lib/python3.10/site-packages/airflow/example_dags/example_nested_branch_dag.py took 0.086 seconds
[2024-01-28T23:15:58.232+0100] {processor.py:161} INFO - Started process (PID=16948) to work on /home/ubuntu/.local/lib/python3.10/site-packages/airflow/example_dags/example_nested_branch_dag.py
[2024-01-28T23:15:58.234+0100] {processor.py:830} INFO - Processing file /home/ubuntu/.local/lib/python3.10/site-packages/airflow/example_dags/example_nested_branch_dag.py for tasks to queue
[2024-01-28T23:15:58.236+0100] {logging_mixin.py:188} INFO - [2024-01-28T23:15:58.235+0100] {dagbag.py:538} INFO - Filling up the DagBag from /home/ubuntu/.local/lib/python3.10/site-packages/airflow/example_dags/example_nested_branch_dag.py
[2024-01-28T23:15:58.247+0100] {processor.py:840} INFO - DAG(s) 'example_nested_branch_dag' retrieved from /home/ubuntu/.local/lib/python3.10/site-packages/airflow/example_dags/example_nested_branch_dag.py
[2024-01-28T23:15:58.268+0100] {logging_mixin.py:188} INFO - [2024-01-28T23:15:58.267+0100] {dag.py:3033} INFO - Sync 1 DAGs
[2024-01-28T23:15:58.289+0100] {logging_mixin.py:188} INFO - [2024-01-28T23:15:58.288+0100] {dag.py:3820} INFO - Setting next_dagrun for example_nested_branch_dag to 2024-01-27T00:00:00+00:00, run_after=2024-01-28T00:00:00+00:00
[2024-01-28T23:15:58.320+0100] {processor.py:183} INFO - Processing /home/ubuntu/.local/lib/python3.10/site-packages/airflow/example_dags/example_nested_branch_dag.py took 0.092 seconds
[2024-01-28T23:17:04.330+0100] {processor.py:161} INFO - Started process (PID=17037) to work on /home/ubuntu/.local/lib/python3.10/site-packages/airflow/example_dags/example_nested_branch_dag.py
[2024-01-28T23:17:04.332+0100] {processor.py:830} INFO - Processing file /home/ubuntu/.local/lib/python3.10/site-packages/airflow/example_dags/example_nested_branch_dag.py for tasks to queue
[2024-01-28T23:17:04.333+0100] {logging_mixin.py:188} INFO - [2024-01-28T23:17:04.333+0100] {dagbag.py:538} INFO - Filling up the DagBag from /home/ubuntu/.local/lib/python3.10/site-packages/airflow/example_dags/example_nested_branch_dag.py
[2024-01-28T23:17:04.345+0100] {processor.py:840} INFO - DAG(s) 'example_nested_branch_dag' retrieved from /home/ubuntu/.local/lib/python3.10/site-packages/airflow/example_dags/example_nested_branch_dag.py
[2024-01-28T23:17:04.362+0100] {logging_mixin.py:188} INFO - [2024-01-28T23:17:04.362+0100] {dag.py:3033} INFO - Sync 1 DAGs
[2024-01-28T23:17:04.385+0100] {logging_mixin.py:188} INFO - [2024-01-28T23:17:04.385+0100] {dag.py:3820} INFO - Setting next_dagrun for example_nested_branch_dag to 2024-01-27T00:00:00+00:00, run_after=2024-01-28T00:00:00+00:00
[2024-01-28T23:17:04.417+0100] {processor.py:183} INFO - Processing /home/ubuntu/.local/lib/python3.10/site-packages/airflow/example_dags/example_nested_branch_dag.py took 0.091 seconds
[2024-01-28T23:18:06.539+0100] {processor.py:161} INFO - Started process (PID=17107) to work on /home/ubuntu/.local/lib/python3.10/site-packages/airflow/example_dags/example_nested_branch_dag.py
[2024-01-28T23:18:06.541+0100] {processor.py:830} INFO - Processing file /home/ubuntu/.local/lib/python3.10/site-packages/airflow/example_dags/example_nested_branch_dag.py for tasks to queue
[2024-01-28T23:18:06.542+0100] {logging_mixin.py:188} INFO - [2024-01-28T23:18:06.542+0100] {dagbag.py:538} INFO - Filling up the DagBag from /home/ubuntu/.local/lib/python3.10/site-packages/airflow/example_dags/example_nested_branch_dag.py
[2024-01-28T23:18:06.574+0100] {processor.py:840} INFO - DAG(s) 'example_nested_branch_dag' retrieved from /home/ubuntu/.local/lib/python3.10/site-packages/airflow/example_dags/example_nested_branch_dag.py
[2024-01-28T23:18:06.596+0100] {logging_mixin.py:188} INFO - [2024-01-28T23:18:06.596+0100] {dag.py:3033} INFO - Sync 1 DAGs
[2024-01-28T23:18:06.617+0100] {logging_mixin.py:188} INFO - [2024-01-28T23:18:06.617+0100] {dag.py:3820} INFO - Setting next_dagrun for example_nested_branch_dag to 2024-01-27T00:00:00+00:00, run_after=2024-01-28T00:00:00+00:00
[2024-01-28T23:18:06.659+0100] {processor.py:183} INFO - Processing /home/ubuntu/.local/lib/python3.10/site-packages/airflow/example_dags/example_nested_branch_dag.py took 0.123 seconds
[2024-01-28T23:19:10.698+0100] {processor.py:161} INFO - Started process (PID=17186) to work on /home/ubuntu/.local/lib/python3.10/site-packages/airflow/example_dags/example_nested_branch_dag.py
[2024-01-28T23:19:10.699+0100] {processor.py:830} INFO - Processing file /home/ubuntu/.local/lib/python3.10/site-packages/airflow/example_dags/example_nested_branch_dag.py for tasks to queue
[2024-01-28T23:19:10.701+0100] {logging_mixin.py:188} INFO - [2024-01-28T23:19:10.701+0100] {dagbag.py:538} INFO - Filling up the DagBag from /home/ubuntu/.local/lib/python3.10/site-packages/airflow/example_dags/example_nested_branch_dag.py
[2024-01-28T23:19:10.711+0100] {processor.py:840} INFO - DAG(s) 'example_nested_branch_dag' retrieved from /home/ubuntu/.local/lib/python3.10/site-packages/airflow/example_dags/example_nested_branch_dag.py
[2024-01-28T23:19:10.737+0100] {logging_mixin.py:188} INFO - [2024-01-28T23:19:10.737+0100] {dag.py:3033} INFO - Sync 1 DAGs
[2024-01-28T23:19:10.757+0100] {logging_mixin.py:188} INFO - [2024-01-28T23:19:10.757+0100] {dag.py:3820} INFO - Setting next_dagrun for example_nested_branch_dag to 2024-01-27T00:00:00+00:00, run_after=2024-01-28T00:00:00+00:00
[2024-01-28T23:19:10.802+0100] {processor.py:183} INFO - Processing /home/ubuntu/.local/lib/python3.10/site-packages/airflow/example_dags/example_nested_branch_dag.py took 0.108 seconds
[2024-01-28T23:20:12.855+0100] {processor.py:161} INFO - Started process (PID=17255) to work on /home/ubuntu/.local/lib/python3.10/site-packages/airflow/example_dags/example_nested_branch_dag.py
[2024-01-28T23:20:12.859+0100] {processor.py:830} INFO - Processing file /home/ubuntu/.local/lib/python3.10/site-packages/airflow/example_dags/example_nested_branch_dag.py for tasks to queue
[2024-01-28T23:20:12.860+0100] {logging_mixin.py:188} INFO - [2024-01-28T23:20:12.860+0100] {dagbag.py:538} INFO - Filling up the DagBag from /home/ubuntu/.local/lib/python3.10/site-packages/airflow/example_dags/example_nested_branch_dag.py
[2024-01-28T23:20:12.871+0100] {processor.py:840} INFO - DAG(s) 'example_nested_branch_dag' retrieved from /home/ubuntu/.local/lib/python3.10/site-packages/airflow/example_dags/example_nested_branch_dag.py
[2024-01-28T23:20:12.887+0100] {logging_mixin.py:188} INFO - [2024-01-28T23:20:12.887+0100] {dag.py:3033} INFO - Sync 1 DAGs
[2024-01-28T23:20:12.909+0100] {logging_mixin.py:188} INFO - [2024-01-28T23:20:12.909+0100] {dag.py:3820} INFO - Setting next_dagrun for example_nested_branch_dag to 2024-01-27T00:00:00+00:00, run_after=2024-01-28T00:00:00+00:00
[2024-01-28T23:20:12.938+0100] {processor.py:183} INFO - Processing /home/ubuntu/.local/lib/python3.10/site-packages/airflow/example_dags/example_nested_branch_dag.py took 0.087 seconds
[2024-01-28T23:21:15.853+0100] {processor.py:161} INFO - Started process (PID=17330) to work on /home/ubuntu/.local/lib/python3.10/site-packages/airflow/example_dags/example_nested_branch_dag.py
[2024-01-28T23:21:15.854+0100] {processor.py:830} INFO - Processing file /home/ubuntu/.local/lib/python3.10/site-packages/airflow/example_dags/example_nested_branch_dag.py for tasks to queue
[2024-01-28T23:21:15.856+0100] {logging_mixin.py:188} INFO - [2024-01-28T23:21:15.856+0100] {dagbag.py:538} INFO - Filling up the DagBag from /home/ubuntu/.local/lib/python3.10/site-packages/airflow/example_dags/example_nested_branch_dag.py
[2024-01-28T23:21:15.871+0100] {processor.py:840} INFO - DAG(s) 'example_nested_branch_dag' retrieved from /home/ubuntu/.local/lib/python3.10/site-packages/airflow/example_dags/example_nested_branch_dag.py
[2024-01-28T23:21:15.891+0100] {logging_mixin.py:188} INFO - [2024-01-28T23:21:15.891+0100] {dag.py:3033} INFO - Sync 1 DAGs
[2024-01-28T23:21:15.912+0100] {logging_mixin.py:188} INFO - [2024-01-28T23:21:15.911+0100] {dag.py:3820} INFO - Setting next_dagrun for example_nested_branch_dag to 2024-01-27T00:00:00+00:00, run_after=2024-01-28T00:00:00+00:00
[2024-01-28T23:21:15.954+0100] {processor.py:183} INFO - Processing /home/ubuntu/.local/lib/python3.10/site-packages/airflow/example_dags/example_nested_branch_dag.py took 0.105 seconds
[2024-01-28T23:22:19.789+0100] {processor.py:161} INFO - Started process (PID=17402) to work on /home/ubuntu/.local/lib/python3.10/site-packages/airflow/example_dags/example_nested_branch_dag.py
[2024-01-28T23:22:19.792+0100] {processor.py:830} INFO - Processing file /home/ubuntu/.local/lib/python3.10/site-packages/airflow/example_dags/example_nested_branch_dag.py for tasks to queue
[2024-01-28T23:22:19.793+0100] {logging_mixin.py:188} INFO - [2024-01-28T23:22:19.793+0100] {dagbag.py:538} INFO - Filling up the DagBag from /home/ubuntu/.local/lib/python3.10/site-packages/airflow/example_dags/example_nested_branch_dag.py
[2024-01-28T23:22:19.804+0100] {processor.py:840} INFO - DAG(s) 'example_nested_branch_dag' retrieved from /home/ubuntu/.local/lib/python3.10/site-packages/airflow/example_dags/example_nested_branch_dag.py
[2024-01-28T23:22:19.821+0100] {logging_mixin.py:188} INFO - [2024-01-28T23:22:19.821+0100] {dag.py:3033} INFO - Sync 1 DAGs
[2024-01-28T23:22:19.844+0100] {logging_mixin.py:188} INFO - [2024-01-28T23:22:19.844+0100] {dag.py:3820} INFO - Setting next_dagrun for example_nested_branch_dag to 2024-01-27T00:00:00+00:00, run_after=2024-01-28T00:00:00+00:00
[2024-01-28T23:22:19.874+0100] {processor.py:183} INFO - Processing /home/ubuntu/.local/lib/python3.10/site-packages/airflow/example_dags/example_nested_branch_dag.py took 0.088 seconds
[2024-01-28T23:23:23.484+0100] {processor.py:161} INFO - Started process (PID=17476) to work on /home/ubuntu/.local/lib/python3.10/site-packages/airflow/example_dags/example_nested_branch_dag.py
[2024-01-28T23:23:23.488+0100] {processor.py:830} INFO - Processing file /home/ubuntu/.local/lib/python3.10/site-packages/airflow/example_dags/example_nested_branch_dag.py for tasks to queue
[2024-01-28T23:23:23.490+0100] {logging_mixin.py:188} INFO - [2024-01-28T23:23:23.489+0100] {dagbag.py:538} INFO - Filling up the DagBag from /home/ubuntu/.local/lib/python3.10/site-packages/airflow/example_dags/example_nested_branch_dag.py
[2024-01-28T23:23:23.501+0100] {processor.py:840} INFO - DAG(s) 'example_nested_branch_dag' retrieved from /home/ubuntu/.local/lib/python3.10/site-packages/airflow/example_dags/example_nested_branch_dag.py
[2024-01-28T23:23:23.521+0100] {logging_mixin.py:188} INFO - [2024-01-28T23:23:23.521+0100] {dag.py:3033} INFO - Sync 1 DAGs
[2024-01-28T23:23:23.542+0100] {logging_mixin.py:188} INFO - [2024-01-28T23:23:23.542+0100] {dag.py:3820} INFO - Setting next_dagrun for example_nested_branch_dag to 2024-01-27T00:00:00+00:00, run_after=2024-01-28T00:00:00+00:00
[2024-01-28T23:23:23.571+0100] {processor.py:183} INFO - Processing /home/ubuntu/.local/lib/python3.10/site-packages/airflow/example_dags/example_nested_branch_dag.py took 0.091 seconds
[2024-01-28T23:24:36.665+0100] {processor.py:161} INFO - Started process (PID=17552) to work on /home/ubuntu/.local/lib/python3.10/site-packages/airflow/example_dags/example_nested_branch_dag.py
[2024-01-28T23:24:36.668+0100] {processor.py:830} INFO - Processing file /home/ubuntu/.local/lib/python3.10/site-packages/airflow/example_dags/example_nested_branch_dag.py for tasks to queue
[2024-01-28T23:24:36.669+0100] {logging_mixin.py:188} INFO - [2024-01-28T23:24:36.669+0100] {dagbag.py:538} INFO - Filling up the DagBag from /home/ubuntu/.local/lib/python3.10/site-packages/airflow/example_dags/example_nested_branch_dag.py
[2024-01-28T23:24:36.685+0100] {processor.py:840} INFO - DAG(s) 'example_nested_branch_dag' retrieved from /home/ubuntu/.local/lib/python3.10/site-packages/airflow/example_dags/example_nested_branch_dag.py
[2024-01-28T23:24:36.711+0100] {logging_mixin.py:188} INFO - [2024-01-28T23:24:36.710+0100] {dag.py:3033} INFO - Sync 1 DAGs
[2024-01-28T23:24:36.743+0100] {logging_mixin.py:188} INFO - [2024-01-28T23:24:36.743+0100] {dag.py:3820} INFO - Setting next_dagrun for example_nested_branch_dag to 2024-01-27T00:00:00+00:00, run_after=2024-01-28T00:00:00+00:00
[2024-01-28T23:24:36.782+0100] {processor.py:183} INFO - Processing /home/ubuntu/.local/lib/python3.10/site-packages/airflow/example_dags/example_nested_branch_dag.py took 0.123 seconds
[2024-01-28T23:25:25.968+0100] {processor.py:161} INFO - Started process (PID=17606) to work on /home/ubuntu/.local/lib/python3.10/site-packages/airflow/example_dags/example_nested_branch_dag.py
[2024-01-28T23:25:25.971+0100] {processor.py:830} INFO - Processing file /home/ubuntu/.local/lib/python3.10/site-packages/airflow/example_dags/example_nested_branch_dag.py for tasks to queue
[2024-01-28T23:25:25.972+0100] {logging_mixin.py:188} INFO - [2024-01-28T23:25:25.971+0100] {dagbag.py:538} INFO - Filling up the DagBag from /home/ubuntu/.local/lib/python3.10/site-packages/airflow/example_dags/example_nested_branch_dag.py
[2024-01-28T23:25:25.986+0100] {processor.py:840} INFO - DAG(s) 'example_nested_branch_dag' retrieved from /home/ubuntu/.local/lib/python3.10/site-packages/airflow/example_dags/example_nested_branch_dag.py
[2024-01-28T23:25:26.004+0100] {logging_mixin.py:188} INFO - [2024-01-28T23:25:26.004+0100] {dag.py:3033} INFO - Sync 1 DAGs
[2024-01-28T23:25:26.027+0100] {logging_mixin.py:188} INFO - [2024-01-28T23:25:26.027+0100] {dag.py:3820} INFO - Setting next_dagrun for example_nested_branch_dag to 2024-01-27T00:00:00+00:00, run_after=2024-01-28T00:00:00+00:00
[2024-01-28T23:25:26.055+0100] {processor.py:183} INFO - Processing /home/ubuntu/.local/lib/python3.10/site-packages/airflow/example_dags/example_nested_branch_dag.py took 0.091 seconds
[2024-01-28T23:26:32.961+0100] {processor.py:161} INFO - Started process (PID=17686) to work on /home/ubuntu/.local/lib/python3.10/site-packages/airflow/example_dags/example_nested_branch_dag.py
[2024-01-28T23:26:32.963+0100] {processor.py:830} INFO - Processing file /home/ubuntu/.local/lib/python3.10/site-packages/airflow/example_dags/example_nested_branch_dag.py for tasks to queue
[2024-01-28T23:26:32.965+0100] {logging_mixin.py:188} INFO - [2024-01-28T23:26:32.964+0100] {dagbag.py:538} INFO - Filling up the DagBag from /home/ubuntu/.local/lib/python3.10/site-packages/airflow/example_dags/example_nested_branch_dag.py
[2024-01-28T23:26:32.981+0100] {processor.py:840} INFO - DAG(s) 'example_nested_branch_dag' retrieved from /home/ubuntu/.local/lib/python3.10/site-packages/airflow/example_dags/example_nested_branch_dag.py
[2024-01-28T23:26:32.999+0100] {logging_mixin.py:188} INFO - [2024-01-28T23:26:32.999+0100] {dag.py:3033} INFO - Sync 1 DAGs
[2024-01-28T23:26:33.021+0100] {logging_mixin.py:188} INFO - [2024-01-28T23:26:33.021+0100] {dag.py:3820} INFO - Setting next_dagrun for example_nested_branch_dag to 2024-01-27T00:00:00+00:00, run_after=2024-01-28T00:00:00+00:00
[2024-01-28T23:26:33.054+0100] {processor.py:183} INFO - Processing /home/ubuntu/.local/lib/python3.10/site-packages/airflow/example_dags/example_nested_branch_dag.py took 0.095 seconds
[2024-01-28T23:27:34.622+0100] {processor.py:161} INFO - Started process (PID=17760) to work on /home/ubuntu/.local/lib/python3.10/site-packages/airflow/example_dags/example_nested_branch_dag.py
[2024-01-28T23:27:34.624+0100] {processor.py:830} INFO - Processing file /home/ubuntu/.local/lib/python3.10/site-packages/airflow/example_dags/example_nested_branch_dag.py for tasks to queue
[2024-01-28T23:27:34.626+0100] {logging_mixin.py:188} INFO - [2024-01-28T23:27:34.625+0100] {dagbag.py:538} INFO - Filling up the DagBag from /home/ubuntu/.local/lib/python3.10/site-packages/airflow/example_dags/example_nested_branch_dag.py
[2024-01-28T23:27:34.637+0100] {processor.py:840} INFO - DAG(s) 'example_nested_branch_dag' retrieved from /home/ubuntu/.local/lib/python3.10/site-packages/airflow/example_dags/example_nested_branch_dag.py
[2024-01-28T23:27:34.654+0100] {logging_mixin.py:188} INFO - [2024-01-28T23:27:34.654+0100] {dag.py:3033} INFO - Sync 1 DAGs
[2024-01-28T23:27:34.676+0100] {logging_mixin.py:188} INFO - [2024-01-28T23:27:34.675+0100] {dag.py:3820} INFO - Setting next_dagrun for example_nested_branch_dag to 2024-01-27T00:00:00+00:00, run_after=2024-01-28T00:00:00+00:00
[2024-01-28T23:27:34.738+0100] {processor.py:183} INFO - Processing /home/ubuntu/.local/lib/python3.10/site-packages/airflow/example_dags/example_nested_branch_dag.py took 0.122 seconds
[2024-01-28T23:28:38.836+0100] {processor.py:161} INFO - Started process (PID=17835) to work on /home/ubuntu/.local/lib/python3.10/site-packages/airflow/example_dags/example_nested_branch_dag.py
[2024-01-28T23:28:38.838+0100] {processor.py:830} INFO - Processing file /home/ubuntu/.local/lib/python3.10/site-packages/airflow/example_dags/example_nested_branch_dag.py for tasks to queue
[2024-01-28T23:28:38.840+0100] {logging_mixin.py:188} INFO - [2024-01-28T23:28:38.840+0100] {dagbag.py:538} INFO - Filling up the DagBag from /home/ubuntu/.local/lib/python3.10/site-packages/airflow/example_dags/example_nested_branch_dag.py
[2024-01-28T23:28:38.850+0100] {processor.py:840} INFO - DAG(s) 'example_nested_branch_dag' retrieved from /home/ubuntu/.local/lib/python3.10/site-packages/airflow/example_dags/example_nested_branch_dag.py
[2024-01-28T23:28:38.873+0100] {logging_mixin.py:188} INFO - [2024-01-28T23:28:38.873+0100] {dag.py:3033} INFO - Sync 1 DAGs
[2024-01-28T23:28:38.894+0100] {logging_mixin.py:188} INFO - [2024-01-28T23:28:38.893+0100] {dag.py:3820} INFO - Setting next_dagrun for example_nested_branch_dag to 2024-01-27T00:00:00+00:00, run_after=2024-01-28T00:00:00+00:00
[2024-01-28T23:28:38.923+0100] {processor.py:183} INFO - Processing /home/ubuntu/.local/lib/python3.10/site-packages/airflow/example_dags/example_nested_branch_dag.py took 0.089 seconds
[2024-01-28T23:29:45.582+0100] {processor.py:161} INFO - Started process (PID=17909) to work on /home/ubuntu/.local/lib/python3.10/site-packages/airflow/example_dags/example_nested_branch_dag.py
[2024-01-28T23:29:45.584+0100] {processor.py:830} INFO - Processing file /home/ubuntu/.local/lib/python3.10/site-packages/airflow/example_dags/example_nested_branch_dag.py for tasks to queue
[2024-01-28T23:29:45.585+0100] {logging_mixin.py:188} INFO - [2024-01-28T23:29:45.585+0100] {dagbag.py:538} INFO - Filling up the DagBag from /home/ubuntu/.local/lib/python3.10/site-packages/airflow/example_dags/example_nested_branch_dag.py
[2024-01-28T23:29:45.607+0100] {processor.py:840} INFO - DAG(s) 'example_nested_branch_dag' retrieved from /home/ubuntu/.local/lib/python3.10/site-packages/airflow/example_dags/example_nested_branch_dag.py
[2024-01-28T23:29:45.624+0100] {logging_mixin.py:188} INFO - [2024-01-28T23:29:45.624+0100] {dag.py:3033} INFO - Sync 1 DAGs
[2024-01-28T23:29:45.643+0100] {logging_mixin.py:188} INFO - [2024-01-28T23:29:45.643+0100] {dag.py:3820} INFO - Setting next_dagrun for example_nested_branch_dag to 2024-01-27T00:00:00+00:00, run_after=2024-01-28T00:00:00+00:00
[2024-01-28T23:29:45.679+0100] {processor.py:183} INFO - Processing /home/ubuntu/.local/lib/python3.10/site-packages/airflow/example_dags/example_nested_branch_dag.py took 0.101 seconds
[2024-01-28T23:30:50.451+0100] {processor.py:161} INFO - Started process (PID=17989) to work on /home/ubuntu/.local/lib/python3.10/site-packages/airflow/example_dags/example_nested_branch_dag.py
[2024-01-28T23:30:50.453+0100] {processor.py:830} INFO - Processing file /home/ubuntu/.local/lib/python3.10/site-packages/airflow/example_dags/example_nested_branch_dag.py for tasks to queue
[2024-01-28T23:30:50.454+0100] {logging_mixin.py:188} INFO - [2024-01-28T23:30:50.454+0100] {dagbag.py:538} INFO - Filling up the DagBag from /home/ubuntu/.local/lib/python3.10/site-packages/airflow/example_dags/example_nested_branch_dag.py
[2024-01-28T23:30:50.465+0100] {processor.py:840} INFO - DAG(s) 'example_nested_branch_dag' retrieved from /home/ubuntu/.local/lib/python3.10/site-packages/airflow/example_dags/example_nested_branch_dag.py
[2024-01-28T23:30:50.482+0100] {logging_mixin.py:188} INFO - [2024-01-28T23:30:50.482+0100] {dag.py:3033} INFO - Sync 1 DAGs
[2024-01-28T23:30:50.503+0100] {logging_mixin.py:188} INFO - [2024-01-28T23:30:50.503+0100] {dag.py:3820} INFO - Setting next_dagrun for example_nested_branch_dag to 2024-01-27T00:00:00+00:00, run_after=2024-01-28T00:00:00+00:00
[2024-01-28T23:30:50.537+0100] {processor.py:183} INFO - Processing /home/ubuntu/.local/lib/python3.10/site-packages/airflow/example_dags/example_nested_branch_dag.py took 0.090 seconds
[2024-01-28T23:32:00.776+0100] {processor.py:161} INFO - Started process (PID=18065) to work on /home/ubuntu/.local/lib/python3.10/site-packages/airflow/example_dags/example_nested_branch_dag.py
[2024-01-28T23:32:00.779+0100] {processor.py:830} INFO - Processing file /home/ubuntu/.local/lib/python3.10/site-packages/airflow/example_dags/example_nested_branch_dag.py for tasks to queue
[2024-01-28T23:32:00.780+0100] {logging_mixin.py:188} INFO - [2024-01-28T23:32:00.779+0100] {dagbag.py:538} INFO - Filling up the DagBag from /home/ubuntu/.local/lib/python3.10/site-packages/airflow/example_dags/example_nested_branch_dag.py
[2024-01-28T23:32:00.790+0100] {processor.py:840} INFO - DAG(s) 'example_nested_branch_dag' retrieved from /home/ubuntu/.local/lib/python3.10/site-packages/airflow/example_dags/example_nested_branch_dag.py
[2024-01-28T23:32:00.808+0100] {logging_mixin.py:188} INFO - [2024-01-28T23:32:00.808+0100] {dag.py:3033} INFO - Sync 1 DAGs
[2024-01-28T23:32:00.828+0100] {logging_mixin.py:188} INFO - [2024-01-28T23:32:00.828+0100] {dag.py:3820} INFO - Setting next_dagrun for example_nested_branch_dag to 2024-01-27T00:00:00+00:00, run_after=2024-01-28T00:00:00+00:00
[2024-01-28T23:32:00.854+0100] {processor.py:183} INFO - Processing /home/ubuntu/.local/lib/python3.10/site-packages/airflow/example_dags/example_nested_branch_dag.py took 0.082 seconds
[2024-01-28T23:33:33.394+0100] {processor.py:161} INFO - Started process (PID=18172) to work on /home/ubuntu/.local/lib/python3.10/site-packages/airflow/example_dags/example_nested_branch_dag.py
[2024-01-28T23:33:33.400+0100] {processor.py:830} INFO - Processing file /home/ubuntu/.local/lib/python3.10/site-packages/airflow/example_dags/example_nested_branch_dag.py for tasks to queue
[2024-01-28T23:33:33.408+0100] {logging_mixin.py:188} INFO - [2024-01-28T23:33:33.403+0100] {dagbag.py:538} INFO - Filling up the DagBag from /home/ubuntu/.local/lib/python3.10/site-packages/airflow/example_dags/example_nested_branch_dag.py
[2024-01-28T23:33:33.443+0100] {processor.py:840} INFO - DAG(s) 'example_nested_branch_dag' retrieved from /home/ubuntu/.local/lib/python3.10/site-packages/airflow/example_dags/example_nested_branch_dag.py
[2024-01-28T23:33:33.498+0100] {logging_mixin.py:188} INFO - [2024-01-28T23:33:33.497+0100] {dag.py:3033} INFO - Sync 1 DAGs
[2024-01-28T23:33:33.574+0100] {logging_mixin.py:188} INFO - [2024-01-28T23:33:33.573+0100] {dag.py:3820} INFO - Setting next_dagrun for example_nested_branch_dag to 2024-01-27T00:00:00+00:00, run_after=2024-01-28T00:00:00+00:00
[2024-01-28T23:33:33.764+0100] {processor.py:183} INFO - Processing /home/ubuntu/.local/lib/python3.10/site-packages/airflow/example_dags/example_nested_branch_dag.py took 0.379 seconds
[2024-01-28T23:34:39.893+0100] {processor.py:161} INFO - Started process (PID=18243) to work on /home/ubuntu/.local/lib/python3.10/site-packages/airflow/example_dags/example_nested_branch_dag.py
[2024-01-28T23:34:39.895+0100] {processor.py:830} INFO - Processing file /home/ubuntu/.local/lib/python3.10/site-packages/airflow/example_dags/example_nested_branch_dag.py for tasks to queue
[2024-01-28T23:34:39.896+0100] {logging_mixin.py:188} INFO - [2024-01-28T23:34:39.895+0100] {dagbag.py:538} INFO - Filling up the DagBag from /home/ubuntu/.local/lib/python3.10/site-packages/airflow/example_dags/example_nested_branch_dag.py
[2024-01-28T23:34:39.907+0100] {processor.py:840} INFO - DAG(s) 'example_nested_branch_dag' retrieved from /home/ubuntu/.local/lib/python3.10/site-packages/airflow/example_dags/example_nested_branch_dag.py
[2024-01-28T23:34:39.927+0100] {logging_mixin.py:188} INFO - [2024-01-28T23:34:39.927+0100] {dag.py:3033} INFO - Sync 1 DAGs
[2024-01-28T23:34:40.045+0100] {logging_mixin.py:188} INFO - [2024-01-28T23:34:40.045+0100] {dag.py:3820} INFO - Setting next_dagrun for example_nested_branch_dag to 2024-01-27T00:00:00+00:00, run_after=2024-01-28T00:00:00+00:00
[2024-01-28T23:34:40.077+0100] {processor.py:183} INFO - Processing /home/ubuntu/.local/lib/python3.10/site-packages/airflow/example_dags/example_nested_branch_dag.py took 0.188 seconds
[2024-01-28T23:35:32.206+0100] {processor.py:161} INFO - Started process (PID=18299) to work on /home/ubuntu/.local/lib/python3.10/site-packages/airflow/example_dags/example_nested_branch_dag.py
[2024-01-28T23:35:32.209+0100] {processor.py:830} INFO - Processing file /home/ubuntu/.local/lib/python3.10/site-packages/airflow/example_dags/example_nested_branch_dag.py for tasks to queue
[2024-01-28T23:35:32.210+0100] {logging_mixin.py:188} INFO - [2024-01-28T23:35:32.209+0100] {dagbag.py:538} INFO - Filling up the DagBag from /home/ubuntu/.local/lib/python3.10/site-packages/airflow/example_dags/example_nested_branch_dag.py
[2024-01-28T23:35:32.221+0100] {processor.py:840} INFO - DAG(s) 'example_nested_branch_dag' retrieved from /home/ubuntu/.local/lib/python3.10/site-packages/airflow/example_dags/example_nested_branch_dag.py
[2024-01-28T23:35:32.240+0100] {logging_mixin.py:188} INFO - [2024-01-28T23:35:32.240+0100] {dag.py:3033} INFO - Sync 1 DAGs
[2024-01-28T23:35:32.263+0100] {logging_mixin.py:188} INFO - [2024-01-28T23:35:32.262+0100] {dag.py:3820} INFO - Setting next_dagrun for example_nested_branch_dag to 2024-01-27T00:00:00+00:00, run_after=2024-01-28T00:00:00+00:00
[2024-01-28T23:35:32.296+0100] {processor.py:183} INFO - Processing /home/ubuntu/.local/lib/python3.10/site-packages/airflow/example_dags/example_nested_branch_dag.py took 0.094 seconds
[2024-01-28T23:36:44.631+0100] {processor.py:161} INFO - Started process (PID=18377) to work on /home/ubuntu/.local/lib/python3.10/site-packages/airflow/example_dags/example_nested_branch_dag.py
[2024-01-28T23:36:44.633+0100] {processor.py:830} INFO - Processing file /home/ubuntu/.local/lib/python3.10/site-packages/airflow/example_dags/example_nested_branch_dag.py for tasks to queue
[2024-01-28T23:36:44.635+0100] {logging_mixin.py:188} INFO - [2024-01-28T23:36:44.634+0100] {dagbag.py:538} INFO - Filling up the DagBag from /home/ubuntu/.local/lib/python3.10/site-packages/airflow/example_dags/example_nested_branch_dag.py
[2024-01-28T23:36:44.645+0100] {processor.py:840} INFO - DAG(s) 'example_nested_branch_dag' retrieved from /home/ubuntu/.local/lib/python3.10/site-packages/airflow/example_dags/example_nested_branch_dag.py
[2024-01-28T23:36:44.662+0100] {logging_mixin.py:188} INFO - [2024-01-28T23:36:44.662+0100] {dag.py:3033} INFO - Sync 1 DAGs
[2024-01-28T23:36:44.688+0100] {logging_mixin.py:188} INFO - [2024-01-28T23:36:44.687+0100] {dag.py:3820} INFO - Setting next_dagrun for example_nested_branch_dag to 2024-01-27T00:00:00+00:00, run_after=2024-01-28T00:00:00+00:00
[2024-01-28T23:36:44.726+0100] {processor.py:183} INFO - Processing /home/ubuntu/.local/lib/python3.10/site-packages/airflow/example_dags/example_nested_branch_dag.py took 0.099 seconds
[2024-01-28T23:38:14.002+0100] {processor.py:161} INFO - Started process (PID=19164) to work on /home/ubuntu/.local/lib/python3.10/site-packages/airflow/example_dags/example_nested_branch_dag.py
[2024-01-28T23:38:14.004+0100] {processor.py:830} INFO - Processing file /home/ubuntu/.local/lib/python3.10/site-packages/airflow/example_dags/example_nested_branch_dag.py for tasks to queue
[2024-01-28T23:38:14.006+0100] {logging_mixin.py:188} INFO - [2024-01-28T23:38:14.005+0100] {dagbag.py:538} INFO - Filling up the DagBag from /home/ubuntu/.local/lib/python3.10/site-packages/airflow/example_dags/example_nested_branch_dag.py
[2024-01-28T23:38:14.020+0100] {processor.py:840} INFO - DAG(s) 'example_nested_branch_dag' retrieved from /home/ubuntu/.local/lib/python3.10/site-packages/airflow/example_dags/example_nested_branch_dag.py
[2024-01-28T23:38:14.046+0100] {logging_mixin.py:188} INFO - [2024-01-28T23:38:14.046+0100] {dag.py:3033} INFO - Sync 1 DAGs
[2024-01-28T23:38:14.068+0100] {logging_mixin.py:188} INFO - [2024-01-28T23:38:14.068+0100] {dag.py:3820} INFO - Setting next_dagrun for example_nested_branch_dag to 2024-01-27T00:00:00+00:00, run_after=2024-01-28T00:00:00+00:00
[2024-01-28T23:38:14.098+0100] {processor.py:183} INFO - Processing /home/ubuntu/.local/lib/python3.10/site-packages/airflow/example_dags/example_nested_branch_dag.py took 0.101 seconds
[2024-01-28T23:39:11.146+0100] {processor.py:161} INFO - Started process (PID=19223) to work on /home/ubuntu/.local/lib/python3.10/site-packages/airflow/example_dags/example_nested_branch_dag.py
[2024-01-28T23:39:11.148+0100] {processor.py:830} INFO - Processing file /home/ubuntu/.local/lib/python3.10/site-packages/airflow/example_dags/example_nested_branch_dag.py for tasks to queue
[2024-01-28T23:39:11.149+0100] {logging_mixin.py:188} INFO - [2024-01-28T23:39:11.149+0100] {dagbag.py:538} INFO - Filling up the DagBag from /home/ubuntu/.local/lib/python3.10/site-packages/airflow/example_dags/example_nested_branch_dag.py
[2024-01-28T23:39:11.161+0100] {processor.py:840} INFO - DAG(s) 'example_nested_branch_dag' retrieved from /home/ubuntu/.local/lib/python3.10/site-packages/airflow/example_dags/example_nested_branch_dag.py
[2024-01-28T23:39:11.180+0100] {logging_mixin.py:188} INFO - [2024-01-28T23:39:11.180+0100] {dag.py:3033} INFO - Sync 1 DAGs
[2024-01-28T23:39:11.303+0100] {logging_mixin.py:188} INFO - [2024-01-28T23:39:11.303+0100] {dag.py:3820} INFO - Setting next_dagrun for example_nested_branch_dag to 2024-01-27T00:00:00+00:00, run_after=2024-01-28T00:00:00+00:00
[2024-01-28T23:39:11.331+0100] {processor.py:183} INFO - Processing /home/ubuntu/.local/lib/python3.10/site-packages/airflow/example_dags/example_nested_branch_dag.py took 0.189 seconds
[2024-01-28T23:39:57.945+0100] {processor.py:161} INFO - Started process (PID=19274) to work on /home/ubuntu/.local/lib/python3.10/site-packages/airflow/example_dags/example_nested_branch_dag.py
[2024-01-28T23:39:57.949+0100] {processor.py:830} INFO - Processing file /home/ubuntu/.local/lib/python3.10/site-packages/airflow/example_dags/example_nested_branch_dag.py for tasks to queue
[2024-01-28T23:39:57.950+0100] {logging_mixin.py:188} INFO - [2024-01-28T23:39:57.950+0100] {dagbag.py:538} INFO - Filling up the DagBag from /home/ubuntu/.local/lib/python3.10/site-packages/airflow/example_dags/example_nested_branch_dag.py
[2024-01-28T23:39:57.963+0100] {processor.py:840} INFO - DAG(s) 'example_nested_branch_dag' retrieved from /home/ubuntu/.local/lib/python3.10/site-packages/airflow/example_dags/example_nested_branch_dag.py
[2024-01-28T23:39:57.982+0100] {logging_mixin.py:188} INFO - [2024-01-28T23:39:57.981+0100] {dag.py:3033} INFO - Sync 1 DAGs
[2024-01-28T23:39:58.007+0100] {logging_mixin.py:188} INFO - [2024-01-28T23:39:58.007+0100] {dag.py:3820} INFO - Setting next_dagrun for example_nested_branch_dag to 2024-01-27T00:00:00+00:00, run_after=2024-01-28T00:00:00+00:00
[2024-01-28T23:39:58.039+0100] {processor.py:183} INFO - Processing /home/ubuntu/.local/lib/python3.10/site-packages/airflow/example_dags/example_nested_branch_dag.py took 0.096 seconds
[2024-01-28T23:40:57.817+0100] {processor.py:161} INFO - Started process (PID=19342) to work on /home/ubuntu/.local/lib/python3.10/site-packages/airflow/example_dags/example_nested_branch_dag.py
[2024-01-28T23:40:57.819+0100] {processor.py:830} INFO - Processing file /home/ubuntu/.local/lib/python3.10/site-packages/airflow/example_dags/example_nested_branch_dag.py for tasks to queue
[2024-01-28T23:40:57.820+0100] {logging_mixin.py:188} INFO - [2024-01-28T23:40:57.820+0100] {dagbag.py:538} INFO - Filling up the DagBag from /home/ubuntu/.local/lib/python3.10/site-packages/airflow/example_dags/example_nested_branch_dag.py
[2024-01-28T23:40:57.834+0100] {processor.py:840} INFO - DAG(s) 'example_nested_branch_dag' retrieved from /home/ubuntu/.local/lib/python3.10/site-packages/airflow/example_dags/example_nested_branch_dag.py
[2024-01-28T23:40:57.857+0100] {logging_mixin.py:188} INFO - [2024-01-28T23:40:57.857+0100] {dag.py:3033} INFO - Sync 1 DAGs
[2024-01-28T23:40:57.879+0100] {logging_mixin.py:188} INFO - [2024-01-28T23:40:57.879+0100] {dag.py:3820} INFO - Setting next_dagrun for example_nested_branch_dag to 2024-01-27T00:00:00+00:00, run_after=2024-01-28T00:00:00+00:00
[2024-01-28T23:40:57.915+0100] {processor.py:183} INFO - Processing /home/ubuntu/.local/lib/python3.10/site-packages/airflow/example_dags/example_nested_branch_dag.py took 0.102 seconds
[2024-01-28T23:41:57.063+0100] {processor.py:161} INFO - Started process (PID=19430) to work on /home/ubuntu/.local/lib/python3.10/site-packages/airflow/example_dags/example_nested_branch_dag.py
[2024-01-28T23:41:57.068+0100] {processor.py:830} INFO - Processing file /home/ubuntu/.local/lib/python3.10/site-packages/airflow/example_dags/example_nested_branch_dag.py for tasks to queue
[2024-01-28T23:41:57.073+0100] {logging_mixin.py:188} INFO - [2024-01-28T23:41:57.072+0100] {dagbag.py:538} INFO - Filling up the DagBag from /home/ubuntu/.local/lib/python3.10/site-packages/airflow/example_dags/example_nested_branch_dag.py
[2024-01-28T23:41:57.094+0100] {processor.py:840} INFO - DAG(s) 'example_nested_branch_dag' retrieved from /home/ubuntu/.local/lib/python3.10/site-packages/airflow/example_dags/example_nested_branch_dag.py
[2024-01-28T23:41:57.124+0100] {logging_mixin.py:188} INFO - [2024-01-28T23:41:57.124+0100] {dag.py:3033} INFO - Sync 1 DAGs
[2024-01-28T23:41:57.154+0100] {logging_mixin.py:188} INFO - [2024-01-28T23:41:57.153+0100] {dag.py:3820} INFO - Setting next_dagrun for example_nested_branch_dag to 2024-01-27T00:00:00+00:00, run_after=2024-01-28T00:00:00+00:00
[2024-01-28T23:41:57.186+0100] {processor.py:183} INFO - Processing /home/ubuntu/.local/lib/python3.10/site-packages/airflow/example_dags/example_nested_branch_dag.py took 0.127 seconds
[2024-01-28T23:43:03.578+0100] {processor.py:161} INFO - Started process (PID=19504) to work on /home/ubuntu/.local/lib/python3.10/site-packages/airflow/example_dags/example_nested_branch_dag.py
[2024-01-28T23:43:03.580+0100] {processor.py:830} INFO - Processing file /home/ubuntu/.local/lib/python3.10/site-packages/airflow/example_dags/example_nested_branch_dag.py for tasks to queue
[2024-01-28T23:43:03.581+0100] {logging_mixin.py:188} INFO - [2024-01-28T23:43:03.581+0100] {dagbag.py:538} INFO - Filling up the DagBag from /home/ubuntu/.local/lib/python3.10/site-packages/airflow/example_dags/example_nested_branch_dag.py
[2024-01-28T23:43:03.591+0100] {processor.py:840} INFO - DAG(s) 'example_nested_branch_dag' retrieved from /home/ubuntu/.local/lib/python3.10/site-packages/airflow/example_dags/example_nested_branch_dag.py
[2024-01-28T23:43:03.607+0100] {logging_mixin.py:188} INFO - [2024-01-28T23:43:03.607+0100] {dag.py:3033} INFO - Sync 1 DAGs
[2024-01-28T23:43:03.626+0100] {logging_mixin.py:188} INFO - [2024-01-28T23:43:03.626+0100] {dag.py:3820} INFO - Setting next_dagrun for example_nested_branch_dag to 2024-01-27T00:00:00+00:00, run_after=2024-01-28T00:00:00+00:00
[2024-01-28T23:43:03.671+0100] {processor.py:183} INFO - Processing /home/ubuntu/.local/lib/python3.10/site-packages/airflow/example_dags/example_nested_branch_dag.py took 0.096 seconds
[2024-01-28T23:44:11.338+0100] {processor.py:161} INFO - Started process (PID=19581) to work on /home/ubuntu/.local/lib/python3.10/site-packages/airflow/example_dags/example_nested_branch_dag.py
[2024-01-28T23:44:11.341+0100] {processor.py:830} INFO - Processing file /home/ubuntu/.local/lib/python3.10/site-packages/airflow/example_dags/example_nested_branch_dag.py for tasks to queue
[2024-01-28T23:44:11.343+0100] {logging_mixin.py:188} INFO - [2024-01-28T23:44:11.343+0100] {dagbag.py:538} INFO - Filling up the DagBag from /home/ubuntu/.local/lib/python3.10/site-packages/airflow/example_dags/example_nested_branch_dag.py
[2024-01-28T23:44:11.359+0100] {processor.py:840} INFO - DAG(s) 'example_nested_branch_dag' retrieved from /home/ubuntu/.local/lib/python3.10/site-packages/airflow/example_dags/example_nested_branch_dag.py
[2024-01-28T23:44:11.384+0100] {logging_mixin.py:188} INFO - [2024-01-28T23:44:11.384+0100] {dag.py:3033} INFO - Sync 1 DAGs
[2024-01-28T23:44:11.411+0100] {logging_mixin.py:188} INFO - [2024-01-28T23:44:11.411+0100] {dag.py:3820} INFO - Setting next_dagrun for example_nested_branch_dag to 2024-01-27T00:00:00+00:00, run_after=2024-01-28T00:00:00+00:00
[2024-01-28T23:44:11.442+0100] {processor.py:183} INFO - Processing /home/ubuntu/.local/lib/python3.10/site-packages/airflow/example_dags/example_nested_branch_dag.py took 0.108 seconds
[2024-01-28T23:45:02.442+0100] {processor.py:161} INFO - Started process (PID=19638) to work on /home/ubuntu/.local/lib/python3.10/site-packages/airflow/example_dags/example_nested_branch_dag.py
[2024-01-28T23:45:02.444+0100] {processor.py:830} INFO - Processing file /home/ubuntu/.local/lib/python3.10/site-packages/airflow/example_dags/example_nested_branch_dag.py for tasks to queue
[2024-01-28T23:45:02.448+0100] {logging_mixin.py:188} INFO - [2024-01-28T23:45:02.445+0100] {dagbag.py:538} INFO - Filling up the DagBag from /home/ubuntu/.local/lib/python3.10/site-packages/airflow/example_dags/example_nested_branch_dag.py
[2024-01-28T23:45:02.464+0100] {processor.py:840} INFO - DAG(s) 'example_nested_branch_dag' retrieved from /home/ubuntu/.local/lib/python3.10/site-packages/airflow/example_dags/example_nested_branch_dag.py
[2024-01-28T23:45:02.488+0100] {logging_mixin.py:188} INFO - [2024-01-28T23:45:02.488+0100] {dag.py:3033} INFO - Sync 1 DAGs
[2024-01-28T23:45:02.513+0100] {logging_mixin.py:188} INFO - [2024-01-28T23:45:02.512+0100] {dag.py:3820} INFO - Setting next_dagrun for example_nested_branch_dag to 2024-01-27T00:00:00+00:00, run_after=2024-01-28T00:00:00+00:00
[2024-01-28T23:45:02.540+0100] {processor.py:183} INFO - Processing /home/ubuntu/.local/lib/python3.10/site-packages/airflow/example_dags/example_nested_branch_dag.py took 0.103 seconds
[2024-01-28T23:46:11.166+0100] {processor.py:161} INFO - Started process (PID=19717) to work on /home/ubuntu/.local/lib/python3.10/site-packages/airflow/example_dags/example_nested_branch_dag.py
[2024-01-28T23:46:11.173+0100] {processor.py:830} INFO - Processing file /home/ubuntu/.local/lib/python3.10/site-packages/airflow/example_dags/example_nested_branch_dag.py for tasks to queue
[2024-01-28T23:46:11.176+0100] {logging_mixin.py:188} INFO - [2024-01-28T23:46:11.175+0100] {dagbag.py:538} INFO - Filling up the DagBag from /home/ubuntu/.local/lib/python3.10/site-packages/airflow/example_dags/example_nested_branch_dag.py
[2024-01-28T23:46:11.190+0100] {processor.py:840} INFO - DAG(s) 'example_nested_branch_dag' retrieved from /home/ubuntu/.local/lib/python3.10/site-packages/airflow/example_dags/example_nested_branch_dag.py
[2024-01-28T23:46:11.211+0100] {logging_mixin.py:188} INFO - [2024-01-28T23:46:11.211+0100] {dag.py:3033} INFO - Sync 1 DAGs
[2024-01-28T23:46:11.236+0100] {logging_mixin.py:188} INFO - [2024-01-28T23:46:11.236+0100] {dag.py:3820} INFO - Setting next_dagrun for example_nested_branch_dag to 2024-01-27T00:00:00+00:00, run_after=2024-01-28T00:00:00+00:00
[2024-01-28T23:46:11.271+0100] {processor.py:183} INFO - Processing /home/ubuntu/.local/lib/python3.10/site-packages/airflow/example_dags/example_nested_branch_dag.py took 0.109 seconds
[2024-01-28T23:47:07.857+0100] {processor.py:161} INFO - Started process (PID=19788) to work on /home/ubuntu/.local/lib/python3.10/site-packages/airflow/example_dags/example_nested_branch_dag.py
[2024-01-28T23:47:07.859+0100] {processor.py:830} INFO - Processing file /home/ubuntu/.local/lib/python3.10/site-packages/airflow/example_dags/example_nested_branch_dag.py for tasks to queue
[2024-01-28T23:47:07.860+0100] {logging_mixin.py:188} INFO - [2024-01-28T23:47:07.860+0100] {dagbag.py:538} INFO - Filling up the DagBag from /home/ubuntu/.local/lib/python3.10/site-packages/airflow/example_dags/example_nested_branch_dag.py
[2024-01-28T23:47:07.873+0100] {processor.py:840} INFO - DAG(s) 'example_nested_branch_dag' retrieved from /home/ubuntu/.local/lib/python3.10/site-packages/airflow/example_dags/example_nested_branch_dag.py
[2024-01-28T23:47:07.893+0100] {logging_mixin.py:188} INFO - [2024-01-28T23:47:07.893+0100] {dag.py:3033} INFO - Sync 1 DAGs
[2024-01-28T23:47:07.916+0100] {logging_mixin.py:188} INFO - [2024-01-28T23:47:07.916+0100] {dag.py:3820} INFO - Setting next_dagrun for example_nested_branch_dag to 2024-01-27T00:00:00+00:00, run_after=2024-01-28T00:00:00+00:00
[2024-01-28T23:47:07.950+0100] {processor.py:183} INFO - Processing /home/ubuntu/.local/lib/python3.10/site-packages/airflow/example_dags/example_nested_branch_dag.py took 0.097 seconds
[2024-01-28T23:48:04.367+0100] {processor.py:161} INFO - Started process (PID=19853) to work on /home/ubuntu/.local/lib/python3.10/site-packages/airflow/example_dags/example_nested_branch_dag.py
[2024-01-28T23:48:04.370+0100] {processor.py:830} INFO - Processing file /home/ubuntu/.local/lib/python3.10/site-packages/airflow/example_dags/example_nested_branch_dag.py for tasks to queue
[2024-01-28T23:48:04.380+0100] {logging_mixin.py:188} INFO - [2024-01-28T23:48:04.379+0100] {dagbag.py:538} INFO - Filling up the DagBag from /home/ubuntu/.local/lib/python3.10/site-packages/airflow/example_dags/example_nested_branch_dag.py
[2024-01-28T23:48:04.391+0100] {processor.py:840} INFO - DAG(s) 'example_nested_branch_dag' retrieved from /home/ubuntu/.local/lib/python3.10/site-packages/airflow/example_dags/example_nested_branch_dag.py
[2024-01-28T23:48:04.412+0100] {logging_mixin.py:188} INFO - [2024-01-28T23:48:04.412+0100] {dag.py:3033} INFO - Sync 1 DAGs
[2024-01-28T23:48:04.435+0100] {logging_mixin.py:188} INFO - [2024-01-28T23:48:04.435+0100] {dag.py:3820} INFO - Setting next_dagrun for example_nested_branch_dag to 2024-01-27T00:00:00+00:00, run_after=2024-01-28T00:00:00+00:00
[2024-01-28T23:48:04.464+0100] {processor.py:183} INFO - Processing /home/ubuntu/.local/lib/python3.10/site-packages/airflow/example_dags/example_nested_branch_dag.py took 0.101 seconds
[2024-01-28T23:48:58.450+0100] {processor.py:161} INFO - Started process (PID=19916) to work on /home/ubuntu/.local/lib/python3.10/site-packages/airflow/example_dags/example_nested_branch_dag.py
[2024-01-28T23:48:58.452+0100] {processor.py:830} INFO - Processing file /home/ubuntu/.local/lib/python3.10/site-packages/airflow/example_dags/example_nested_branch_dag.py for tasks to queue
[2024-01-28T23:48:58.453+0100] {logging_mixin.py:188} INFO - [2024-01-28T23:48:58.453+0100] {dagbag.py:538} INFO - Filling up the DagBag from /home/ubuntu/.local/lib/python3.10/site-packages/airflow/example_dags/example_nested_branch_dag.py
[2024-01-28T23:48:58.466+0100] {processor.py:840} INFO - DAG(s) 'example_nested_branch_dag' retrieved from /home/ubuntu/.local/lib/python3.10/site-packages/airflow/example_dags/example_nested_branch_dag.py
[2024-01-28T23:48:58.486+0100] {logging_mixin.py:188} INFO - [2024-01-28T23:48:58.485+0100] {dag.py:3033} INFO - Sync 1 DAGs
[2024-01-28T23:48:58.512+0100] {logging_mixin.py:188} INFO - [2024-01-28T23:48:58.512+0100] {dag.py:3820} INFO - Setting next_dagrun for example_nested_branch_dag to 2024-01-27T00:00:00+00:00, run_after=2024-01-28T00:00:00+00:00
[2024-01-28T23:48:58.541+0100] {processor.py:183} INFO - Processing /home/ubuntu/.local/lib/python3.10/site-packages/airflow/example_dags/example_nested_branch_dag.py took 0.095 seconds
[2024-01-28T23:49:55.675+0100] {processor.py:161} INFO - Started process (PID=19982) to work on /home/ubuntu/.local/lib/python3.10/site-packages/airflow/example_dags/example_nested_branch_dag.py
[2024-01-28T23:49:55.677+0100] {processor.py:830} INFO - Processing file /home/ubuntu/.local/lib/python3.10/site-packages/airflow/example_dags/example_nested_branch_dag.py for tasks to queue
[2024-01-28T23:49:55.678+0100] {logging_mixin.py:188} INFO - [2024-01-28T23:49:55.678+0100] {dagbag.py:538} INFO - Filling up the DagBag from /home/ubuntu/.local/lib/python3.10/site-packages/airflow/example_dags/example_nested_branch_dag.py
[2024-01-28T23:49:55.690+0100] {processor.py:840} INFO - DAG(s) 'example_nested_branch_dag' retrieved from /home/ubuntu/.local/lib/python3.10/site-packages/airflow/example_dags/example_nested_branch_dag.py
[2024-01-28T23:49:55.708+0100] {logging_mixin.py:188} INFO - [2024-01-28T23:49:55.708+0100] {dag.py:3033} INFO - Sync 1 DAGs
[2024-01-28T23:49:55.730+0100] {logging_mixin.py:188} INFO - [2024-01-28T23:49:55.730+0100] {dag.py:3820} INFO - Setting next_dagrun for example_nested_branch_dag to 2024-01-27T00:00:00+00:00, run_after=2024-01-28T00:00:00+00:00
[2024-01-28T23:49:55.759+0100] {processor.py:183} INFO - Processing /home/ubuntu/.local/lib/python3.10/site-packages/airflow/example_dags/example_nested_branch_dag.py took 0.087 seconds
[2024-01-28T23:50:58.742+0100] {processor.py:161} INFO - Started process (PID=20057) to work on /home/ubuntu/.local/lib/python3.10/site-packages/airflow/example_dags/example_nested_branch_dag.py
[2024-01-28T23:50:58.744+0100] {processor.py:830} INFO - Processing file /home/ubuntu/.local/lib/python3.10/site-packages/airflow/example_dags/example_nested_branch_dag.py for tasks to queue
[2024-01-28T23:50:58.745+0100] {logging_mixin.py:188} INFO - [2024-01-28T23:50:58.745+0100] {dagbag.py:538} INFO - Filling up the DagBag from /home/ubuntu/.local/lib/python3.10/site-packages/airflow/example_dags/example_nested_branch_dag.py
[2024-01-28T23:50:58.757+0100] {processor.py:840} INFO - DAG(s) 'example_nested_branch_dag' retrieved from /home/ubuntu/.local/lib/python3.10/site-packages/airflow/example_dags/example_nested_branch_dag.py
[2024-01-28T23:50:58.778+0100] {logging_mixin.py:188} INFO - [2024-01-28T23:50:58.778+0100] {dag.py:3033} INFO - Sync 1 DAGs
[2024-01-28T23:50:58.800+0100] {logging_mixin.py:188} INFO - [2024-01-28T23:50:58.799+0100] {dag.py:3820} INFO - Setting next_dagrun for example_nested_branch_dag to 2024-01-27T00:00:00+00:00, run_after=2024-01-28T00:00:00+00:00
[2024-01-28T23:50:58.833+0100] {processor.py:183} INFO - Processing /home/ubuntu/.local/lib/python3.10/site-packages/airflow/example_dags/example_nested_branch_dag.py took 0.096 seconds
[2024-01-28T23:52:01.829+0100] {processor.py:161} INFO - Started process (PID=20129) to work on /home/ubuntu/.local/lib/python3.10/site-packages/airflow/example_dags/example_nested_branch_dag.py
[2024-01-28T23:52:01.830+0100] {processor.py:830} INFO - Processing file /home/ubuntu/.local/lib/python3.10/site-packages/airflow/example_dags/example_nested_branch_dag.py for tasks to queue
[2024-01-28T23:52:01.831+0100] {logging_mixin.py:188} INFO - [2024-01-28T23:52:01.831+0100] {dagbag.py:538} INFO - Filling up the DagBag from /home/ubuntu/.local/lib/python3.10/site-packages/airflow/example_dags/example_nested_branch_dag.py
[2024-01-28T23:52:01.843+0100] {processor.py:840} INFO - DAG(s) 'example_nested_branch_dag' retrieved from /home/ubuntu/.local/lib/python3.10/site-packages/airflow/example_dags/example_nested_branch_dag.py
[2024-01-28T23:52:01.862+0100] {logging_mixin.py:188} INFO - [2024-01-28T23:52:01.862+0100] {dag.py:3033} INFO - Sync 1 DAGs
[2024-01-28T23:52:01.885+0100] {logging_mixin.py:188} INFO - [2024-01-28T23:52:01.885+0100] {dag.py:3820} INFO - Setting next_dagrun for example_nested_branch_dag to 2024-01-27T00:00:00+00:00, run_after=2024-01-28T00:00:00+00:00
[2024-01-28T23:52:01.914+0100] {processor.py:183} INFO - Processing /home/ubuntu/.local/lib/python3.10/site-packages/airflow/example_dags/example_nested_branch_dag.py took 0.090 seconds
[2024-01-28T23:53:03.811+0100] {processor.py:161} INFO - Started process (PID=20207) to work on /home/ubuntu/.local/lib/python3.10/site-packages/airflow/example_dags/example_nested_branch_dag.py
[2024-01-28T23:53:03.813+0100] {processor.py:830} INFO - Processing file /home/ubuntu/.local/lib/python3.10/site-packages/airflow/example_dags/example_nested_branch_dag.py for tasks to queue
[2024-01-28T23:53:03.814+0100] {logging_mixin.py:188} INFO - [2024-01-28T23:53:03.814+0100] {dagbag.py:538} INFO - Filling up the DagBag from /home/ubuntu/.local/lib/python3.10/site-packages/airflow/example_dags/example_nested_branch_dag.py
[2024-01-28T23:53:03.825+0100] {processor.py:840} INFO - DAG(s) 'example_nested_branch_dag' retrieved from /home/ubuntu/.local/lib/python3.10/site-packages/airflow/example_dags/example_nested_branch_dag.py
[2024-01-28T23:53:03.844+0100] {logging_mixin.py:188} INFO - [2024-01-28T23:53:03.844+0100] {dag.py:3033} INFO - Sync 1 DAGs
[2024-01-28T23:53:03.865+0100] {logging_mixin.py:188} INFO - [2024-01-28T23:53:03.865+0100] {dag.py:3820} INFO - Setting next_dagrun for example_nested_branch_dag to 2024-01-27T00:00:00+00:00, run_after=2024-01-28T00:00:00+00:00
[2024-01-28T23:53:03.895+0100] {processor.py:183} INFO - Processing /home/ubuntu/.local/lib/python3.10/site-packages/airflow/example_dags/example_nested_branch_dag.py took 0.087 seconds
[2024-01-28T23:54:07.350+0100] {processor.py:161} INFO - Started process (PID=20277) to work on /home/ubuntu/.local/lib/python3.10/site-packages/airflow/example_dags/example_nested_branch_dag.py
[2024-01-28T23:54:07.352+0100] {processor.py:830} INFO - Processing file /home/ubuntu/.local/lib/python3.10/site-packages/airflow/example_dags/example_nested_branch_dag.py for tasks to queue
[2024-01-28T23:54:07.354+0100] {logging_mixin.py:188} INFO - [2024-01-28T23:54:07.353+0100] {dagbag.py:538} INFO - Filling up the DagBag from /home/ubuntu/.local/lib/python3.10/site-packages/airflow/example_dags/example_nested_branch_dag.py
[2024-01-28T23:54:07.368+0100] {processor.py:840} INFO - DAG(s) 'example_nested_branch_dag' retrieved from /home/ubuntu/.local/lib/python3.10/site-packages/airflow/example_dags/example_nested_branch_dag.py
[2024-01-28T23:54:07.389+0100] {logging_mixin.py:188} INFO - [2024-01-28T23:54:07.388+0100] {dag.py:3033} INFO - Sync 1 DAGs
[2024-01-28T23:54:07.423+0100] {logging_mixin.py:188} INFO - [2024-01-28T23:54:07.423+0100] {dag.py:3820} INFO - Setting next_dagrun for example_nested_branch_dag to 2024-01-27T00:00:00+00:00, run_after=2024-01-28T00:00:00+00:00
[2024-01-28T23:54:07.460+0100] {processor.py:183} INFO - Processing /home/ubuntu/.local/lib/python3.10/site-packages/airflow/example_dags/example_nested_branch_dag.py took 0.116 seconds
[2024-01-28T23:55:08.651+0100] {processor.py:161} INFO - Started process (PID=20360) to work on /home/ubuntu/.local/lib/python3.10/site-packages/airflow/example_dags/example_nested_branch_dag.py
[2024-01-28T23:55:08.653+0100] {processor.py:830} INFO - Processing file /home/ubuntu/.local/lib/python3.10/site-packages/airflow/example_dags/example_nested_branch_dag.py for tasks to queue
[2024-01-28T23:55:08.656+0100] {logging_mixin.py:188} INFO - [2024-01-28T23:55:08.655+0100] {dagbag.py:538} INFO - Filling up the DagBag from /home/ubuntu/.local/lib/python3.10/site-packages/airflow/example_dags/example_nested_branch_dag.py
[2024-01-28T23:55:08.666+0100] {processor.py:840} INFO - DAG(s) 'example_nested_branch_dag' retrieved from /home/ubuntu/.local/lib/python3.10/site-packages/airflow/example_dags/example_nested_branch_dag.py
[2024-01-28T23:55:08.682+0100] {logging_mixin.py:188} INFO - [2024-01-28T23:55:08.682+0100] {dag.py:3033} INFO - Sync 1 DAGs
[2024-01-28T23:55:08.701+0100] {logging_mixin.py:188} INFO - [2024-01-28T23:55:08.701+0100] {dag.py:3820} INFO - Setting next_dagrun for example_nested_branch_dag to 2024-01-27T00:00:00+00:00, run_after=2024-01-28T00:00:00+00:00
[2024-01-28T23:55:08.741+0100] {processor.py:183} INFO - Processing /home/ubuntu/.local/lib/python3.10/site-packages/airflow/example_dags/example_nested_branch_dag.py took 0.093 seconds
[2024-01-28T23:56:09.452+0100] {processor.py:161} INFO - Started process (PID=20436) to work on /home/ubuntu/.local/lib/python3.10/site-packages/airflow/example_dags/example_nested_branch_dag.py
[2024-01-28T23:56:09.454+0100] {processor.py:830} INFO - Processing file /home/ubuntu/.local/lib/python3.10/site-packages/airflow/example_dags/example_nested_branch_dag.py for tasks to queue
[2024-01-28T23:56:09.456+0100] {logging_mixin.py:188} INFO - [2024-01-28T23:56:09.455+0100] {dagbag.py:538} INFO - Filling up the DagBag from /home/ubuntu/.local/lib/python3.10/site-packages/airflow/example_dags/example_nested_branch_dag.py
[2024-01-28T23:56:09.468+0100] {processor.py:840} INFO - DAG(s) 'example_nested_branch_dag' retrieved from /home/ubuntu/.local/lib/python3.10/site-packages/airflow/example_dags/example_nested_branch_dag.py
[2024-01-28T23:56:09.485+0100] {logging_mixin.py:188} INFO - [2024-01-28T23:56:09.485+0100] {dag.py:3033} INFO - Sync 1 DAGs
[2024-01-28T23:56:09.512+0100] {logging_mixin.py:188} INFO - [2024-01-28T23:56:09.512+0100] {dag.py:3820} INFO - Setting next_dagrun for example_nested_branch_dag to 2024-01-27T00:00:00+00:00, run_after=2024-01-28T00:00:00+00:00
[2024-01-28T23:56:09.545+0100] {processor.py:183} INFO - Processing /home/ubuntu/.local/lib/python3.10/site-packages/airflow/example_dags/example_nested_branch_dag.py took 0.097 seconds
[2024-01-28T23:57:07.570+0100] {processor.py:161} INFO - Started process (PID=20506) to work on /home/ubuntu/.local/lib/python3.10/site-packages/airflow/example_dags/example_nested_branch_dag.py
[2024-01-28T23:57:07.572+0100] {processor.py:830} INFO - Processing file /home/ubuntu/.local/lib/python3.10/site-packages/airflow/example_dags/example_nested_branch_dag.py for tasks to queue
[2024-01-28T23:57:07.574+0100] {logging_mixin.py:188} INFO - [2024-01-28T23:57:07.573+0100] {dagbag.py:538} INFO - Filling up the DagBag from /home/ubuntu/.local/lib/python3.10/site-packages/airflow/example_dags/example_nested_branch_dag.py
[2024-01-28T23:57:07.585+0100] {processor.py:840} INFO - DAG(s) 'example_nested_branch_dag' retrieved from /home/ubuntu/.local/lib/python3.10/site-packages/airflow/example_dags/example_nested_branch_dag.py
[2024-01-28T23:57:07.607+0100] {logging_mixin.py:188} INFO - [2024-01-28T23:57:07.607+0100] {dag.py:3033} INFO - Sync 1 DAGs
[2024-01-28T23:57:07.628+0100] {logging_mixin.py:188} INFO - [2024-01-28T23:57:07.628+0100] {dag.py:3820} INFO - Setting next_dagrun for example_nested_branch_dag to 2024-01-27T00:00:00+00:00, run_after=2024-01-28T00:00:00+00:00
[2024-01-28T23:57:07.660+0100] {processor.py:183} INFO - Processing /home/ubuntu/.local/lib/python3.10/site-packages/airflow/example_dags/example_nested_branch_dag.py took 0.093 seconds
[2024-01-28T23:58:09.794+0100] {processor.py:161} INFO - Started process (PID=20575) to work on /home/ubuntu/.local/lib/python3.10/site-packages/airflow/example_dags/example_nested_branch_dag.py
[2024-01-28T23:58:09.796+0100] {processor.py:830} INFO - Processing file /home/ubuntu/.local/lib/python3.10/site-packages/airflow/example_dags/example_nested_branch_dag.py for tasks to queue
[2024-01-28T23:58:09.801+0100] {logging_mixin.py:188} INFO - [2024-01-28T23:58:09.800+0100] {dagbag.py:538} INFO - Filling up the DagBag from /home/ubuntu/.local/lib/python3.10/site-packages/airflow/example_dags/example_nested_branch_dag.py
[2024-01-28T23:58:09.811+0100] {processor.py:840} INFO - DAG(s) 'example_nested_branch_dag' retrieved from /home/ubuntu/.local/lib/python3.10/site-packages/airflow/example_dags/example_nested_branch_dag.py
[2024-01-28T23:58:09.827+0100] {logging_mixin.py:188} INFO - [2024-01-28T23:58:09.827+0100] {dag.py:3033} INFO - Sync 1 DAGs
[2024-01-28T23:58:09.849+0100] {logging_mixin.py:188} INFO - [2024-01-28T23:58:09.849+0100] {dag.py:3820} INFO - Setting next_dagrun for example_nested_branch_dag to 2024-01-27T00:00:00+00:00, run_after=2024-01-28T00:00:00+00:00
[2024-01-28T23:58:09.879+0100] {processor.py:183} INFO - Processing /home/ubuntu/.local/lib/python3.10/site-packages/airflow/example_dags/example_nested_branch_dag.py took 0.088 seconds
[2024-01-28T23:59:09.049+0100] {processor.py:161} INFO - Started process (PID=20648) to work on /home/ubuntu/.local/lib/python3.10/site-packages/airflow/example_dags/example_nested_branch_dag.py
[2024-01-28T23:59:09.051+0100] {processor.py:830} INFO - Processing file /home/ubuntu/.local/lib/python3.10/site-packages/airflow/example_dags/example_nested_branch_dag.py for tasks to queue
[2024-01-28T23:59:09.053+0100] {logging_mixin.py:188} INFO - [2024-01-28T23:59:09.052+0100] {dagbag.py:538} INFO - Filling up the DagBag from /home/ubuntu/.local/lib/python3.10/site-packages/airflow/example_dags/example_nested_branch_dag.py
[2024-01-28T23:59:09.064+0100] {processor.py:840} INFO - DAG(s) 'example_nested_branch_dag' retrieved from /home/ubuntu/.local/lib/python3.10/site-packages/airflow/example_dags/example_nested_branch_dag.py
[2024-01-28T23:59:09.087+0100] {logging_mixin.py:188} INFO - [2024-01-28T23:59:09.086+0100] {dag.py:3033} INFO - Sync 1 DAGs
[2024-01-28T23:59:09.108+0100] {logging_mixin.py:188} INFO - [2024-01-28T23:59:09.108+0100] {dag.py:3820} INFO - Setting next_dagrun for example_nested_branch_dag to 2024-01-27T00:00:00+00:00, run_after=2024-01-28T00:00:00+00:00
[2024-01-28T23:59:09.142+0100] {processor.py:183} INFO - Processing /home/ubuntu/.local/lib/python3.10/site-packages/airflow/example_dags/example_nested_branch_dag.py took 0.099 seconds
[2024-01-29T00:00:15.564+0100] {processor.py:161} INFO - Started process (PID=20727) to work on /home/ubuntu/.local/lib/python3.10/site-packages/airflow/example_dags/example_nested_branch_dag.py
[2024-01-29T00:00:15.567+0100] {processor.py:830} INFO - Processing file /home/ubuntu/.local/lib/python3.10/site-packages/airflow/example_dags/example_nested_branch_dag.py for tasks to queue
[2024-01-29T00:00:15.568+0100] {logging_mixin.py:188} INFO - [2024-01-29T00:00:15.567+0100] {dagbag.py:538} INFO - Filling up the DagBag from /home/ubuntu/.local/lib/python3.10/site-packages/airflow/example_dags/example_nested_branch_dag.py
[2024-01-29T00:00:15.578+0100] {processor.py:840} INFO - DAG(s) 'example_nested_branch_dag' retrieved from /home/ubuntu/.local/lib/python3.10/site-packages/airflow/example_dags/example_nested_branch_dag.py
[2024-01-29T00:00:15.595+0100] {logging_mixin.py:188} INFO - [2024-01-29T00:00:15.594+0100] {dag.py:3033} INFO - Sync 1 DAGs
[2024-01-29T00:00:15.613+0100] {logging_mixin.py:188} INFO - [2024-01-29T00:00:15.613+0100] {dag.py:3820} INFO - Setting next_dagrun for example_nested_branch_dag to 2024-01-27T00:00:00+00:00, run_after=2024-01-28T00:00:00+00:00
[2024-01-29T00:00:15.642+0100] {processor.py:183} INFO - Processing /home/ubuntu/.local/lib/python3.10/site-packages/airflow/example_dags/example_nested_branch_dag.py took 0.081 seconds
[2024-01-29T00:01:15.413+0100] {processor.py:161} INFO - Started process (PID=20894) to work on /home/ubuntu/.local/lib/python3.10/site-packages/airflow/example_dags/example_nested_branch_dag.py
[2024-01-29T00:01:15.415+0100] {processor.py:830} INFO - Processing file /home/ubuntu/.local/lib/python3.10/site-packages/airflow/example_dags/example_nested_branch_dag.py for tasks to queue
[2024-01-29T00:01:15.416+0100] {logging_mixin.py:188} INFO - [2024-01-29T00:01:15.416+0100] {dagbag.py:538} INFO - Filling up the DagBag from /home/ubuntu/.local/lib/python3.10/site-packages/airflow/example_dags/example_nested_branch_dag.py
[2024-01-29T00:01:15.430+0100] {processor.py:840} INFO - DAG(s) 'example_nested_branch_dag' retrieved from /home/ubuntu/.local/lib/python3.10/site-packages/airflow/example_dags/example_nested_branch_dag.py
[2024-01-29T00:01:15.452+0100] {logging_mixin.py:188} INFO - [2024-01-29T00:01:15.452+0100] {dag.py:3033} INFO - Sync 1 DAGs
[2024-01-29T00:01:15.475+0100] {logging_mixin.py:188} INFO - [2024-01-29T00:01:15.474+0100] {dag.py:3820} INFO - Setting next_dagrun for example_nested_branch_dag to 2024-01-27T00:00:00+00:00, run_after=2024-01-28T00:00:00+00:00
[2024-01-29T00:01:15.505+0100] {processor.py:183} INFO - Processing /home/ubuntu/.local/lib/python3.10/site-packages/airflow/example_dags/example_nested_branch_dag.py took 0.096 seconds
[2024-01-29T00:02:12.488+0100] {processor.py:161} INFO - Started process (PID=20968) to work on /home/ubuntu/.local/lib/python3.10/site-packages/airflow/example_dags/example_nested_branch_dag.py
[2024-01-29T00:02:12.490+0100] {processor.py:830} INFO - Processing file /home/ubuntu/.local/lib/python3.10/site-packages/airflow/example_dags/example_nested_branch_dag.py for tasks to queue
[2024-01-29T00:02:12.492+0100] {logging_mixin.py:188} INFO - [2024-01-29T00:02:12.491+0100] {dagbag.py:538} INFO - Filling up the DagBag from /home/ubuntu/.local/lib/python3.10/site-packages/airflow/example_dags/example_nested_branch_dag.py
[2024-01-29T00:02:12.503+0100] {processor.py:840} INFO - DAG(s) 'example_nested_branch_dag' retrieved from /home/ubuntu/.local/lib/python3.10/site-packages/airflow/example_dags/example_nested_branch_dag.py
[2024-01-29T00:02:12.523+0100] {logging_mixin.py:188} INFO - [2024-01-29T00:02:12.522+0100] {dag.py:3033} INFO - Sync 1 DAGs
[2024-01-29T00:02:12.547+0100] {logging_mixin.py:188} INFO - [2024-01-29T00:02:12.547+0100] {dag.py:3820} INFO - Setting next_dagrun for example_nested_branch_dag to 2024-01-27T00:00:00+00:00, run_after=2024-01-28T00:00:00+00:00
[2024-01-29T00:02:12.575+0100] {processor.py:183} INFO - Processing /home/ubuntu/.local/lib/python3.10/site-packages/airflow/example_dags/example_nested_branch_dag.py took 0.092 seconds
