[2024-01-28T22:57:38.010+0100] {processor.py:161} INFO - Started process (PID=15633) to work on /home/ubuntu/.local/lib/python3.10/site-packages/airflow/example_dags/example_sensors.py
[2024-01-28T22:57:38.012+0100] {processor.py:830} INFO - Processing file /home/ubuntu/.local/lib/python3.10/site-packages/airflow/example_dags/example_sensors.py for tasks to queue
[2024-01-28T22:57:38.013+0100] {logging_mixin.py:188} INFO - [2024-01-28T22:57:38.013+0100] {dagbag.py:538} INFO - Filling up the DagBag from /home/ubuntu/.local/lib/python3.10/site-packages/airflow/example_dags/example_sensors.py
[2024-01-28T22:57:38.031+0100] {processor.py:840} INFO - DAG(s) 'example_sensors' retrieved from /home/ubuntu/.local/lib/python3.10/site-packages/airflow/example_dags/example_sensors.py
[2024-01-28T22:57:38.170+0100] {logging_mixin.py:188} INFO - [2024-01-28T22:57:38.170+0100] {dag.py:3033} INFO - Sync 1 DAGs
[2024-01-28T22:57:38.182+0100] {logging_mixin.py:188} INFO - [2024-01-28T22:57:38.182+0100] {dag.py:3820} INFO - Setting next_dagrun for example_sensors to None, run_after=None
[2024-01-28T22:57:38.218+0100] {processor.py:183} INFO - Processing /home/ubuntu/.local/lib/python3.10/site-packages/airflow/example_dags/example_sensors.py took 0.213 seconds
[2024-01-28T22:58:48.061+0100] {processor.py:161} INFO - Started process (PID=15730) to work on /home/ubuntu/.local/lib/python3.10/site-packages/airflow/example_dags/example_sensors.py
[2024-01-28T22:58:48.063+0100] {processor.py:830} INFO - Processing file /home/ubuntu/.local/lib/python3.10/site-packages/airflow/example_dags/example_sensors.py for tasks to queue
[2024-01-28T22:58:48.064+0100] {logging_mixin.py:188} INFO - [2024-01-28T22:58:48.064+0100] {dagbag.py:538} INFO - Filling up the DagBag from /home/ubuntu/.local/lib/python3.10/site-packages/airflow/example_dags/example_sensors.py
[2024-01-28T22:58:48.078+0100] {processor.py:840} INFO - DAG(s) 'example_sensors' retrieved from /home/ubuntu/.local/lib/python3.10/site-packages/airflow/example_dags/example_sensors.py
[2024-01-28T22:58:48.104+0100] {logging_mixin.py:188} INFO - [2024-01-28T22:58:48.104+0100] {dag.py:3033} INFO - Sync 1 DAGs
[2024-01-28T22:58:48.119+0100] {logging_mixin.py:188} INFO - [2024-01-28T22:58:48.119+0100] {dag.py:3820} INFO - Setting next_dagrun for example_sensors to None, run_after=None
[2024-01-28T22:58:48.161+0100] {processor.py:183} INFO - Processing /home/ubuntu/.local/lib/python3.10/site-packages/airflow/example_dags/example_sensors.py took 0.105 seconds
[2024-01-28T22:59:42.379+0100] {processor.py:161} INFO - Started process (PID=15788) to work on /home/ubuntu/.local/lib/python3.10/site-packages/airflow/example_dags/example_sensors.py
[2024-01-28T22:59:42.381+0100] {processor.py:830} INFO - Processing file /home/ubuntu/.local/lib/python3.10/site-packages/airflow/example_dags/example_sensors.py for tasks to queue
[2024-01-28T22:59:42.383+0100] {logging_mixin.py:188} INFO - [2024-01-28T22:59:42.382+0100] {dagbag.py:538} INFO - Filling up the DagBag from /home/ubuntu/.local/lib/python3.10/site-packages/airflow/example_dags/example_sensors.py
[2024-01-28T22:59:42.395+0100] {processor.py:840} INFO - DAG(s) 'example_sensors' retrieved from /home/ubuntu/.local/lib/python3.10/site-packages/airflow/example_dags/example_sensors.py
[2024-01-28T22:59:42.418+0100] {logging_mixin.py:188} INFO - [2024-01-28T22:59:42.418+0100] {dag.py:3033} INFO - Sync 1 DAGs
[2024-01-28T22:59:42.430+0100] {logging_mixin.py:188} INFO - [2024-01-28T22:59:42.430+0100] {dag.py:3820} INFO - Setting next_dagrun for example_sensors to None, run_after=None
[2024-01-28T22:59:42.508+0100] {processor.py:183} INFO - Processing /home/ubuntu/.local/lib/python3.10/site-packages/airflow/example_dags/example_sensors.py took 0.133 seconds
[2024-01-28T23:00:53.130+0100] {processor.py:161} INFO - Started process (PID=15869) to work on /home/ubuntu/.local/lib/python3.10/site-packages/airflow/example_dags/example_sensors.py
[2024-01-28T23:00:53.133+0100] {processor.py:830} INFO - Processing file /home/ubuntu/.local/lib/python3.10/site-packages/airflow/example_dags/example_sensors.py for tasks to queue
[2024-01-28T23:00:53.135+0100] {logging_mixin.py:188} INFO - [2024-01-28T23:00:53.134+0100] {dagbag.py:538} INFO - Filling up the DagBag from /home/ubuntu/.local/lib/python3.10/site-packages/airflow/example_dags/example_sensors.py
[2024-01-28T23:00:53.144+0100] {processor.py:840} INFO - DAG(s) 'example_sensors' retrieved from /home/ubuntu/.local/lib/python3.10/site-packages/airflow/example_dags/example_sensors.py
[2024-01-28T23:00:53.164+0100] {logging_mixin.py:188} INFO - [2024-01-28T23:00:53.164+0100] {dag.py:3033} INFO - Sync 1 DAGs
[2024-01-28T23:00:53.175+0100] {logging_mixin.py:188} INFO - [2024-01-28T23:00:53.175+0100] {dag.py:3820} INFO - Setting next_dagrun for example_sensors to None, run_after=None
[2024-01-28T23:00:53.202+0100] {processor.py:183} INFO - Processing /home/ubuntu/.local/lib/python3.10/site-packages/airflow/example_dags/example_sensors.py took 0.075 seconds
[2024-01-28T23:01:59.098+0100] {processor.py:161} INFO - Started process (PID=15948) to work on /home/ubuntu/.local/lib/python3.10/site-packages/airflow/example_dags/example_sensors.py
[2024-01-28T23:01:59.101+0100] {processor.py:830} INFO - Processing file /home/ubuntu/.local/lib/python3.10/site-packages/airflow/example_dags/example_sensors.py for tasks to queue
[2024-01-28T23:01:59.104+0100] {logging_mixin.py:188} INFO - [2024-01-28T23:01:59.103+0100] {dagbag.py:538} INFO - Filling up the DagBag from /home/ubuntu/.local/lib/python3.10/site-packages/airflow/example_dags/example_sensors.py
[2024-01-28T23:01:59.123+0100] {processor.py:840} INFO - DAG(s) 'example_sensors' retrieved from /home/ubuntu/.local/lib/python3.10/site-packages/airflow/example_dags/example_sensors.py
[2024-01-28T23:01:59.150+0100] {logging_mixin.py:188} INFO - [2024-01-28T23:01:59.150+0100] {dag.py:3033} INFO - Sync 1 DAGs
[2024-01-28T23:01:59.163+0100] {logging_mixin.py:188} INFO - [2024-01-28T23:01:59.163+0100] {dag.py:3820} INFO - Setting next_dagrun for example_sensors to None, run_after=None
[2024-01-28T23:01:59.191+0100] {processor.py:183} INFO - Processing /home/ubuntu/.local/lib/python3.10/site-packages/airflow/example_dags/example_sensors.py took 0.098 seconds
[2024-01-28T23:03:05.682+0100] {processor.py:161} INFO - Started process (PID=16028) to work on /home/ubuntu/.local/lib/python3.10/site-packages/airflow/example_dags/example_sensors.py
[2024-01-28T23:03:05.685+0100] {processor.py:830} INFO - Processing file /home/ubuntu/.local/lib/python3.10/site-packages/airflow/example_dags/example_sensors.py for tasks to queue
[2024-01-28T23:03:05.688+0100] {logging_mixin.py:188} INFO - [2024-01-28T23:03:05.687+0100] {dagbag.py:538} INFO - Filling up the DagBag from /home/ubuntu/.local/lib/python3.10/site-packages/airflow/example_dags/example_sensors.py
[2024-01-28T23:03:05.707+0100] {processor.py:840} INFO - DAG(s) 'example_sensors' retrieved from /home/ubuntu/.local/lib/python3.10/site-packages/airflow/example_dags/example_sensors.py
[2024-01-28T23:03:05.739+0100] {logging_mixin.py:188} INFO - [2024-01-28T23:03:05.739+0100] {dag.py:3033} INFO - Sync 1 DAGs
[2024-01-28T23:03:05.755+0100] {logging_mixin.py:188} INFO - [2024-01-28T23:03:05.755+0100] {dag.py:3820} INFO - Setting next_dagrun for example_sensors to None, run_after=None
[2024-01-28T23:03:05.789+0100] {processor.py:183} INFO - Processing /home/ubuntu/.local/lib/python3.10/site-packages/airflow/example_dags/example_sensors.py took 0.113 seconds
[2024-01-28T23:04:24.151+0100] {processor.py:161} INFO - Started process (PID=16119) to work on /home/ubuntu/.local/lib/python3.10/site-packages/airflow/example_dags/example_sensors.py
[2024-01-28T23:04:24.153+0100] {processor.py:830} INFO - Processing file /home/ubuntu/.local/lib/python3.10/site-packages/airflow/example_dags/example_sensors.py for tasks to queue
[2024-01-28T23:04:24.154+0100] {logging_mixin.py:188} INFO - [2024-01-28T23:04:24.153+0100] {dagbag.py:538} INFO - Filling up the DagBag from /home/ubuntu/.local/lib/python3.10/site-packages/airflow/example_dags/example_sensors.py
[2024-01-28T23:04:24.164+0100] {processor.py:840} INFO - DAG(s) 'example_sensors' retrieved from /home/ubuntu/.local/lib/python3.10/site-packages/airflow/example_dags/example_sensors.py
[2024-01-28T23:04:24.186+0100] {logging_mixin.py:188} INFO - [2024-01-28T23:04:24.185+0100] {dag.py:3033} INFO - Sync 1 DAGs
[2024-01-28T23:04:24.197+0100] {logging_mixin.py:188} INFO - [2024-01-28T23:04:24.196+0100] {dag.py:3820} INFO - Setting next_dagrun for example_sensors to None, run_after=None
[2024-01-28T23:04:24.236+0100] {processor.py:183} INFO - Processing /home/ubuntu/.local/lib/python3.10/site-packages/airflow/example_dags/example_sensors.py took 0.091 seconds
[2024-01-28T23:05:27.568+0100] {processor.py:161} INFO - Started process (PID=16191) to work on /home/ubuntu/.local/lib/python3.10/site-packages/airflow/example_dags/example_sensors.py
[2024-01-28T23:05:27.570+0100] {processor.py:830} INFO - Processing file /home/ubuntu/.local/lib/python3.10/site-packages/airflow/example_dags/example_sensors.py for tasks to queue
[2024-01-28T23:05:27.570+0100] {logging_mixin.py:188} INFO - [2024-01-28T23:05:27.570+0100] {dagbag.py:538} INFO - Filling up the DagBag from /home/ubuntu/.local/lib/python3.10/site-packages/airflow/example_dags/example_sensors.py
[2024-01-28T23:05:27.584+0100] {processor.py:840} INFO - DAG(s) 'example_sensors' retrieved from /home/ubuntu/.local/lib/python3.10/site-packages/airflow/example_dags/example_sensors.py
[2024-01-28T23:05:27.604+0100] {logging_mixin.py:188} INFO - [2024-01-28T23:05:27.604+0100] {dag.py:3033} INFO - Sync 1 DAGs
[2024-01-28T23:05:27.616+0100] {logging_mixin.py:188} INFO - [2024-01-28T23:05:27.616+0100] {dag.py:3820} INFO - Setting next_dagrun for example_sensors to None, run_after=None
[2024-01-28T23:05:27.660+0100] {processor.py:183} INFO - Processing /home/ubuntu/.local/lib/python3.10/site-packages/airflow/example_dags/example_sensors.py took 0.096 seconds
[2024-01-28T23:06:28.932+0100] {processor.py:161} INFO - Started process (PID=16267) to work on /home/ubuntu/.local/lib/python3.10/site-packages/airflow/example_dags/example_sensors.py
[2024-01-28T23:06:28.934+0100] {processor.py:830} INFO - Processing file /home/ubuntu/.local/lib/python3.10/site-packages/airflow/example_dags/example_sensors.py for tasks to queue
[2024-01-28T23:06:28.935+0100] {logging_mixin.py:188} INFO - [2024-01-28T23:06:28.935+0100] {dagbag.py:538} INFO - Filling up the DagBag from /home/ubuntu/.local/lib/python3.10/site-packages/airflow/example_dags/example_sensors.py
[2024-01-28T23:06:28.947+0100] {processor.py:840} INFO - DAG(s) 'example_sensors' retrieved from /home/ubuntu/.local/lib/python3.10/site-packages/airflow/example_dags/example_sensors.py
[2024-01-28T23:06:28.973+0100] {logging_mixin.py:188} INFO - [2024-01-28T23:06:28.973+0100] {dag.py:3033} INFO - Sync 1 DAGs
[2024-01-28T23:06:28.987+0100] {logging_mixin.py:188} INFO - [2024-01-28T23:06:28.986+0100] {dag.py:3820} INFO - Setting next_dagrun for example_sensors to None, run_after=None
[2024-01-28T23:06:29.027+0100] {processor.py:183} INFO - Processing /home/ubuntu/.local/lib/python3.10/site-packages/airflow/example_dags/example_sensors.py took 0.099 seconds
[2024-01-28T23:07:33.662+0100] {processor.py:161} INFO - Started process (PID=16337) to work on /home/ubuntu/.local/lib/python3.10/site-packages/airflow/example_dags/example_sensors.py
[2024-01-28T23:07:33.665+0100] {processor.py:830} INFO - Processing file /home/ubuntu/.local/lib/python3.10/site-packages/airflow/example_dags/example_sensors.py for tasks to queue
[2024-01-28T23:07:33.666+0100] {logging_mixin.py:188} INFO - [2024-01-28T23:07:33.665+0100] {dagbag.py:538} INFO - Filling up the DagBag from /home/ubuntu/.local/lib/python3.10/site-packages/airflow/example_dags/example_sensors.py
[2024-01-28T23:07:33.677+0100] {processor.py:840} INFO - DAG(s) 'example_sensors' retrieved from /home/ubuntu/.local/lib/python3.10/site-packages/airflow/example_dags/example_sensors.py
[2024-01-28T23:07:33.701+0100] {logging_mixin.py:188} INFO - [2024-01-28T23:07:33.701+0100] {dag.py:3033} INFO - Sync 1 DAGs
[2024-01-28T23:07:33.713+0100] {logging_mixin.py:188} INFO - [2024-01-28T23:07:33.713+0100] {dag.py:3820} INFO - Setting next_dagrun for example_sensors to None, run_after=None
[2024-01-28T23:07:33.746+0100] {processor.py:183} INFO - Processing /home/ubuntu/.local/lib/python3.10/site-packages/airflow/example_dags/example_sensors.py took 0.087 seconds
[2024-01-28T23:08:36.169+0100] {processor.py:161} INFO - Started process (PID=16412) to work on /home/ubuntu/.local/lib/python3.10/site-packages/airflow/example_dags/example_sensors.py
[2024-01-28T23:08:36.171+0100] {processor.py:830} INFO - Processing file /home/ubuntu/.local/lib/python3.10/site-packages/airflow/example_dags/example_sensors.py for tasks to queue
[2024-01-28T23:08:36.173+0100] {logging_mixin.py:188} INFO - [2024-01-28T23:08:36.172+0100] {dagbag.py:538} INFO - Filling up the DagBag from /home/ubuntu/.local/lib/python3.10/site-packages/airflow/example_dags/example_sensors.py
[2024-01-28T23:08:36.183+0100] {processor.py:840} INFO - DAG(s) 'example_sensors' retrieved from /home/ubuntu/.local/lib/python3.10/site-packages/airflow/example_dags/example_sensors.py
[2024-01-28T23:08:36.202+0100] {logging_mixin.py:188} INFO - [2024-01-28T23:08:36.201+0100] {dag.py:3033} INFO - Sync 1 DAGs
[2024-01-28T23:08:36.215+0100] {logging_mixin.py:188} INFO - [2024-01-28T23:08:36.214+0100] {dag.py:3820} INFO - Setting next_dagrun for example_sensors to None, run_after=None
[2024-01-28T23:08:36.245+0100] {processor.py:183} INFO - Processing /home/ubuntu/.local/lib/python3.10/site-packages/airflow/example_dags/example_sensors.py took 0.080 seconds
[2024-01-28T23:09:38.332+0100] {processor.py:161} INFO - Started process (PID=16483) to work on /home/ubuntu/.local/lib/python3.10/site-packages/airflow/example_dags/example_sensors.py
[2024-01-28T23:09:38.334+0100] {processor.py:830} INFO - Processing file /home/ubuntu/.local/lib/python3.10/site-packages/airflow/example_dags/example_sensors.py for tasks to queue
[2024-01-28T23:09:38.337+0100] {logging_mixin.py:188} INFO - [2024-01-28T23:09:38.336+0100] {dagbag.py:538} INFO - Filling up the DagBag from /home/ubuntu/.local/lib/python3.10/site-packages/airflow/example_dags/example_sensors.py
[2024-01-28T23:09:38.350+0100] {processor.py:840} INFO - DAG(s) 'example_sensors' retrieved from /home/ubuntu/.local/lib/python3.10/site-packages/airflow/example_dags/example_sensors.py
[2024-01-28T23:09:38.371+0100] {logging_mixin.py:188} INFO - [2024-01-28T23:09:38.371+0100] {dag.py:3033} INFO - Sync 1 DAGs
[2024-01-28T23:09:38.383+0100] {logging_mixin.py:188} INFO - [2024-01-28T23:09:38.382+0100] {dag.py:3820} INFO - Setting next_dagrun for example_sensors to None, run_after=None
[2024-01-28T23:09:38.421+0100] {processor.py:183} INFO - Processing /home/ubuntu/.local/lib/python3.10/site-packages/airflow/example_dags/example_sensors.py took 0.093 seconds
[2024-01-28T23:10:41.187+0100] {processor.py:161} INFO - Started process (PID=16560) to work on /home/ubuntu/.local/lib/python3.10/site-packages/airflow/example_dags/example_sensors.py
[2024-01-28T23:10:41.189+0100] {processor.py:830} INFO - Processing file /home/ubuntu/.local/lib/python3.10/site-packages/airflow/example_dags/example_sensors.py for tasks to queue
[2024-01-28T23:10:41.191+0100] {logging_mixin.py:188} INFO - [2024-01-28T23:10:41.190+0100] {dagbag.py:538} INFO - Filling up the DagBag from /home/ubuntu/.local/lib/python3.10/site-packages/airflow/example_dags/example_sensors.py
[2024-01-28T23:10:41.203+0100] {processor.py:840} INFO - DAG(s) 'example_sensors' retrieved from /home/ubuntu/.local/lib/python3.10/site-packages/airflow/example_dags/example_sensors.py
[2024-01-28T23:10:41.224+0100] {logging_mixin.py:188} INFO - [2024-01-28T23:10:41.224+0100] {dag.py:3033} INFO - Sync 1 DAGs
[2024-01-28T23:10:41.235+0100] {logging_mixin.py:188} INFO - [2024-01-28T23:10:41.235+0100] {dag.py:3820} INFO - Setting next_dagrun for example_sensors to None, run_after=None
[2024-01-28T23:10:41.267+0100] {processor.py:183} INFO - Processing /home/ubuntu/.local/lib/python3.10/site-packages/airflow/example_dags/example_sensors.py took 0.083 seconds
[2024-01-28T23:11:41.634+0100] {processor.py:161} INFO - Started process (PID=16630) to work on /home/ubuntu/.local/lib/python3.10/site-packages/airflow/example_dags/example_sensors.py
[2024-01-28T23:11:41.645+0100] {processor.py:830} INFO - Processing file /home/ubuntu/.local/lib/python3.10/site-packages/airflow/example_dags/example_sensors.py for tasks to queue
[2024-01-28T23:11:41.648+0100] {logging_mixin.py:188} INFO - [2024-01-28T23:11:41.647+0100] {dagbag.py:538} INFO - Filling up the DagBag from /home/ubuntu/.local/lib/python3.10/site-packages/airflow/example_dags/example_sensors.py
[2024-01-28T23:11:41.683+0100] {processor.py:840} INFO - DAG(s) 'example_sensors' retrieved from /home/ubuntu/.local/lib/python3.10/site-packages/airflow/example_dags/example_sensors.py
[2024-01-28T23:11:41.743+0100] {logging_mixin.py:188} INFO - [2024-01-28T23:11:41.742+0100] {dag.py:3033} INFO - Sync 1 DAGs
[2024-01-28T23:11:41.785+0100] {logging_mixin.py:188} INFO - [2024-01-28T23:11:41.784+0100] {dag.py:3820} INFO - Setting next_dagrun for example_sensors to None, run_after=None
[2024-01-28T23:11:41.879+0100] {processor.py:183} INFO - Processing /home/ubuntu/.local/lib/python3.10/site-packages/airflow/example_dags/example_sensors.py took 0.257 seconds
[2024-01-28T23:12:57.006+0100] {processor.py:161} INFO - Started process (PID=16725) to work on /home/ubuntu/.local/lib/python3.10/site-packages/airflow/example_dags/example_sensors.py
[2024-01-28T23:12:57.009+0100] {processor.py:830} INFO - Processing file /home/ubuntu/.local/lib/python3.10/site-packages/airflow/example_dags/example_sensors.py for tasks to queue
[2024-01-28T23:12:57.011+0100] {logging_mixin.py:188} INFO - [2024-01-28T23:12:57.011+0100] {dagbag.py:538} INFO - Filling up the DagBag from /home/ubuntu/.local/lib/python3.10/site-packages/airflow/example_dags/example_sensors.py
[2024-01-28T23:12:57.022+0100] {processor.py:840} INFO - DAG(s) 'example_sensors' retrieved from /home/ubuntu/.local/lib/python3.10/site-packages/airflow/example_dags/example_sensors.py
[2024-01-28T23:12:57.041+0100] {logging_mixin.py:188} INFO - [2024-01-28T23:12:57.041+0100] {dag.py:3033} INFO - Sync 1 DAGs
[2024-01-28T23:12:57.054+0100] {logging_mixin.py:188} INFO - [2024-01-28T23:12:57.054+0100] {dag.py:3820} INFO - Setting next_dagrun for example_sensors to None, run_after=None
[2024-01-28T23:12:57.082+0100] {processor.py:183} INFO - Processing /home/ubuntu/.local/lib/python3.10/site-packages/airflow/example_dags/example_sensors.py took 0.078 seconds
[2024-01-28T23:13:55.495+0100] {processor.py:161} INFO - Started process (PID=16793) to work on /home/ubuntu/.local/lib/python3.10/site-packages/airflow/example_dags/example_sensors.py
[2024-01-28T23:13:55.499+0100] {processor.py:830} INFO - Processing file /home/ubuntu/.local/lib/python3.10/site-packages/airflow/example_dags/example_sensors.py for tasks to queue
[2024-01-28T23:13:55.500+0100] {logging_mixin.py:188} INFO - [2024-01-28T23:13:55.499+0100] {dagbag.py:538} INFO - Filling up the DagBag from /home/ubuntu/.local/lib/python3.10/site-packages/airflow/example_dags/example_sensors.py
[2024-01-28T23:13:55.511+0100] {processor.py:840} INFO - DAG(s) 'example_sensors' retrieved from /home/ubuntu/.local/lib/python3.10/site-packages/airflow/example_dags/example_sensors.py
[2024-01-28T23:13:55.532+0100] {logging_mixin.py:188} INFO - [2024-01-28T23:13:55.532+0100] {dag.py:3033} INFO - Sync 1 DAGs
[2024-01-28T23:13:55.545+0100] {logging_mixin.py:188} INFO - [2024-01-28T23:13:55.544+0100] {dag.py:3820} INFO - Setting next_dagrun for example_sensors to None, run_after=None
[2024-01-28T23:13:55.576+0100] {processor.py:183} INFO - Processing /home/ubuntu/.local/lib/python3.10/site-packages/airflow/example_dags/example_sensors.py took 0.085 seconds
[2024-01-28T23:14:57.177+0100] {processor.py:161} INFO - Started process (PID=16867) to work on /home/ubuntu/.local/lib/python3.10/site-packages/airflow/example_dags/example_sensors.py
[2024-01-28T23:14:57.180+0100] {processor.py:830} INFO - Processing file /home/ubuntu/.local/lib/python3.10/site-packages/airflow/example_dags/example_sensors.py for tasks to queue
[2024-01-28T23:14:57.181+0100] {logging_mixin.py:188} INFO - [2024-01-28T23:14:57.181+0100] {dagbag.py:538} INFO - Filling up the DagBag from /home/ubuntu/.local/lib/python3.10/site-packages/airflow/example_dags/example_sensors.py
[2024-01-28T23:14:57.195+0100] {processor.py:840} INFO - DAG(s) 'example_sensors' retrieved from /home/ubuntu/.local/lib/python3.10/site-packages/airflow/example_dags/example_sensors.py
[2024-01-28T23:14:57.220+0100] {logging_mixin.py:188} INFO - [2024-01-28T23:14:57.220+0100] {dag.py:3033} INFO - Sync 1 DAGs
[2024-01-28T23:14:57.231+0100] {logging_mixin.py:188} INFO - [2024-01-28T23:14:57.231+0100] {dag.py:3820} INFO - Setting next_dagrun for example_sensors to None, run_after=None
[2024-01-28T23:14:57.269+0100] {processor.py:183} INFO - Processing /home/ubuntu/.local/lib/python3.10/site-packages/airflow/example_dags/example_sensors.py took 0.095 seconds
[2024-01-28T23:16:01.546+0100] {processor.py:161} INFO - Started process (PID=16954) to work on /home/ubuntu/.local/lib/python3.10/site-packages/airflow/example_dags/example_sensors.py
[2024-01-28T23:16:01.548+0100] {processor.py:830} INFO - Processing file /home/ubuntu/.local/lib/python3.10/site-packages/airflow/example_dags/example_sensors.py for tasks to queue
[2024-01-28T23:16:01.549+0100] {logging_mixin.py:188} INFO - [2024-01-28T23:16:01.549+0100] {dagbag.py:538} INFO - Filling up the DagBag from /home/ubuntu/.local/lib/python3.10/site-packages/airflow/example_dags/example_sensors.py
[2024-01-28T23:16:01.558+0100] {processor.py:840} INFO - DAG(s) 'example_sensors' retrieved from /home/ubuntu/.local/lib/python3.10/site-packages/airflow/example_dags/example_sensors.py
[2024-01-28T23:16:01.577+0100] {logging_mixin.py:188} INFO - [2024-01-28T23:16:01.577+0100] {dag.py:3033} INFO - Sync 1 DAGs
[2024-01-28T23:16:01.588+0100] {logging_mixin.py:188} INFO - [2024-01-28T23:16:01.588+0100] {dag.py:3820} INFO - Setting next_dagrun for example_sensors to None, run_after=None
[2024-01-28T23:16:01.622+0100] {processor.py:183} INFO - Processing /home/ubuntu/.local/lib/python3.10/site-packages/airflow/example_dags/example_sensors.py took 0.079 seconds
[2024-01-28T23:17:07.186+0100] {processor.py:161} INFO - Started process (PID=17040) to work on /home/ubuntu/.local/lib/python3.10/site-packages/airflow/example_dags/example_sensors.py
[2024-01-28T23:17:07.189+0100] {processor.py:830} INFO - Processing file /home/ubuntu/.local/lib/python3.10/site-packages/airflow/example_dags/example_sensors.py for tasks to queue
[2024-01-28T23:17:07.191+0100] {logging_mixin.py:188} INFO - [2024-01-28T23:17:07.190+0100] {dagbag.py:538} INFO - Filling up the DagBag from /home/ubuntu/.local/lib/python3.10/site-packages/airflow/example_dags/example_sensors.py
[2024-01-28T23:17:07.201+0100] {processor.py:840} INFO - DAG(s) 'example_sensors' retrieved from /home/ubuntu/.local/lib/python3.10/site-packages/airflow/example_dags/example_sensors.py
[2024-01-28T23:17:07.221+0100] {logging_mixin.py:188} INFO - [2024-01-28T23:17:07.221+0100] {dag.py:3033} INFO - Sync 1 DAGs
[2024-01-28T23:17:07.234+0100] {logging_mixin.py:188} INFO - [2024-01-28T23:17:07.233+0100] {dag.py:3820} INFO - Setting next_dagrun for example_sensors to None, run_after=None
[2024-01-28T23:17:07.267+0100] {processor.py:183} INFO - Processing /home/ubuntu/.local/lib/python3.10/site-packages/airflow/example_dags/example_sensors.py took 0.084 seconds
[2024-01-28T23:18:09.393+0100] {processor.py:161} INFO - Started process (PID=17110) to work on /home/ubuntu/.local/lib/python3.10/site-packages/airflow/example_dags/example_sensors.py
[2024-01-28T23:18:09.395+0100] {processor.py:830} INFO - Processing file /home/ubuntu/.local/lib/python3.10/site-packages/airflow/example_dags/example_sensors.py for tasks to queue
[2024-01-28T23:18:09.396+0100] {logging_mixin.py:188} INFO - [2024-01-28T23:18:09.396+0100] {dagbag.py:538} INFO - Filling up the DagBag from /home/ubuntu/.local/lib/python3.10/site-packages/airflow/example_dags/example_sensors.py
[2024-01-28T23:18:09.406+0100] {processor.py:840} INFO - DAG(s) 'example_sensors' retrieved from /home/ubuntu/.local/lib/python3.10/site-packages/airflow/example_dags/example_sensors.py
[2024-01-28T23:18:09.438+0100] {logging_mixin.py:188} INFO - [2024-01-28T23:18:09.437+0100] {dag.py:3033} INFO - Sync 1 DAGs
[2024-01-28T23:18:09.449+0100] {logging_mixin.py:188} INFO - [2024-01-28T23:18:09.449+0100] {dag.py:3820} INFO - Setting next_dagrun for example_sensors to None, run_after=None
[2024-01-28T23:18:09.482+0100] {processor.py:183} INFO - Processing /home/ubuntu/.local/lib/python3.10/site-packages/airflow/example_dags/example_sensors.py took 0.093 seconds
[2024-01-28T23:19:13.567+0100] {processor.py:161} INFO - Started process (PID=17189) to work on /home/ubuntu/.local/lib/python3.10/site-packages/airflow/example_dags/example_sensors.py
[2024-01-28T23:19:13.569+0100] {processor.py:830} INFO - Processing file /home/ubuntu/.local/lib/python3.10/site-packages/airflow/example_dags/example_sensors.py for tasks to queue
[2024-01-28T23:19:13.570+0100] {logging_mixin.py:188} INFO - [2024-01-28T23:19:13.569+0100] {dagbag.py:538} INFO - Filling up the DagBag from /home/ubuntu/.local/lib/python3.10/site-packages/airflow/example_dags/example_sensors.py
[2024-01-28T23:19:13.580+0100] {processor.py:840} INFO - DAG(s) 'example_sensors' retrieved from /home/ubuntu/.local/lib/python3.10/site-packages/airflow/example_dags/example_sensors.py
[2024-01-28T23:19:13.604+0100] {logging_mixin.py:188} INFO - [2024-01-28T23:19:13.604+0100] {dag.py:3033} INFO - Sync 1 DAGs
[2024-01-28T23:19:13.615+0100] {logging_mixin.py:188} INFO - [2024-01-28T23:19:13.614+0100] {dag.py:3820} INFO - Setting next_dagrun for example_sensors to None, run_after=None
[2024-01-28T23:19:13.649+0100] {processor.py:183} INFO - Processing /home/ubuntu/.local/lib/python3.10/site-packages/airflow/example_dags/example_sensors.py took 0.086 seconds
[2024-01-28T23:20:14.796+0100] {processor.py:161} INFO - Started process (PID=17258) to work on /home/ubuntu/.local/lib/python3.10/site-packages/airflow/example_dags/example_sensors.py
[2024-01-28T23:20:14.799+0100] {processor.py:830} INFO - Processing file /home/ubuntu/.local/lib/python3.10/site-packages/airflow/example_dags/example_sensors.py for tasks to queue
[2024-01-28T23:20:14.800+0100] {logging_mixin.py:188} INFO - [2024-01-28T23:20:14.799+0100] {dagbag.py:538} INFO - Filling up the DagBag from /home/ubuntu/.local/lib/python3.10/site-packages/airflow/example_dags/example_sensors.py
[2024-01-28T23:20:14.819+0100] {processor.py:840} INFO - DAG(s) 'example_sensors' retrieved from /home/ubuntu/.local/lib/python3.10/site-packages/airflow/example_dags/example_sensors.py
[2024-01-28T23:20:14.839+0100] {logging_mixin.py:188} INFO - [2024-01-28T23:20:14.839+0100] {dag.py:3033} INFO - Sync 1 DAGs
[2024-01-28T23:20:14.851+0100] {logging_mixin.py:188} INFO - [2024-01-28T23:20:14.851+0100] {dag.py:3820} INFO - Setting next_dagrun for example_sensors to None, run_after=None
[2024-01-28T23:20:14.881+0100] {processor.py:183} INFO - Processing /home/ubuntu/.local/lib/python3.10/site-packages/airflow/example_dags/example_sensors.py took 0.088 seconds
[2024-01-28T23:21:19.030+0100] {processor.py:161} INFO - Started process (PID=17333) to work on /home/ubuntu/.local/lib/python3.10/site-packages/airflow/example_dags/example_sensors.py
[2024-01-28T23:21:19.033+0100] {processor.py:830} INFO - Processing file /home/ubuntu/.local/lib/python3.10/site-packages/airflow/example_dags/example_sensors.py for tasks to queue
[2024-01-28T23:21:19.034+0100] {logging_mixin.py:188} INFO - [2024-01-28T23:21:19.033+0100] {dagbag.py:538} INFO - Filling up the DagBag from /home/ubuntu/.local/lib/python3.10/site-packages/airflow/example_dags/example_sensors.py
[2024-01-28T23:21:19.055+0100] {processor.py:840} INFO - DAG(s) 'example_sensors' retrieved from /home/ubuntu/.local/lib/python3.10/site-packages/airflow/example_dags/example_sensors.py
[2024-01-28T23:21:19.077+0100] {logging_mixin.py:188} INFO - [2024-01-28T23:21:19.077+0100] {dag.py:3033} INFO - Sync 1 DAGs
[2024-01-28T23:21:19.090+0100] {logging_mixin.py:188} INFO - [2024-01-28T23:21:19.090+0100] {dag.py:3820} INFO - Setting next_dagrun for example_sensors to None, run_after=None
[2024-01-28T23:21:19.121+0100] {processor.py:183} INFO - Processing /home/ubuntu/.local/lib/python3.10/site-packages/airflow/example_dags/example_sensors.py took 0.094 seconds
[2024-01-28T23:22:23.326+0100] {processor.py:161} INFO - Started process (PID=17405) to work on /home/ubuntu/.local/lib/python3.10/site-packages/airflow/example_dags/example_sensors.py
[2024-01-28T23:22:23.328+0100] {processor.py:830} INFO - Processing file /home/ubuntu/.local/lib/python3.10/site-packages/airflow/example_dags/example_sensors.py for tasks to queue
[2024-01-28T23:22:23.330+0100] {logging_mixin.py:188} INFO - [2024-01-28T23:22:23.329+0100] {dagbag.py:538} INFO - Filling up the DagBag from /home/ubuntu/.local/lib/python3.10/site-packages/airflow/example_dags/example_sensors.py
[2024-01-28T23:22:23.342+0100] {processor.py:840} INFO - DAG(s) 'example_sensors' retrieved from /home/ubuntu/.local/lib/python3.10/site-packages/airflow/example_dags/example_sensors.py
[2024-01-28T23:22:23.361+0100] {logging_mixin.py:188} INFO - [2024-01-28T23:22:23.361+0100] {dag.py:3033} INFO - Sync 1 DAGs
[2024-01-28T23:22:23.374+0100] {logging_mixin.py:188} INFO - [2024-01-28T23:22:23.373+0100] {dag.py:3820} INFO - Setting next_dagrun for example_sensors to None, run_after=None
[2024-01-28T23:22:23.410+0100] {processor.py:183} INFO - Processing /home/ubuntu/.local/lib/python3.10/site-packages/airflow/example_dags/example_sensors.py took 0.088 seconds
[2024-01-28T23:23:26.251+0100] {processor.py:161} INFO - Started process (PID=17479) to work on /home/ubuntu/.local/lib/python3.10/site-packages/airflow/example_dags/example_sensors.py
[2024-01-28T23:23:26.254+0100] {processor.py:830} INFO - Processing file /home/ubuntu/.local/lib/python3.10/site-packages/airflow/example_dags/example_sensors.py for tasks to queue
[2024-01-28T23:23:26.256+0100] {logging_mixin.py:188} INFO - [2024-01-28T23:23:26.255+0100] {dagbag.py:538} INFO - Filling up the DagBag from /home/ubuntu/.local/lib/python3.10/site-packages/airflow/example_dags/example_sensors.py
[2024-01-28T23:23:26.268+0100] {processor.py:840} INFO - DAG(s) 'example_sensors' retrieved from /home/ubuntu/.local/lib/python3.10/site-packages/airflow/example_dags/example_sensors.py
[2024-01-28T23:23:26.289+0100] {logging_mixin.py:188} INFO - [2024-01-28T23:23:26.289+0100] {dag.py:3033} INFO - Sync 1 DAGs
[2024-01-28T23:23:26.301+0100] {logging_mixin.py:188} INFO - [2024-01-28T23:23:26.301+0100] {dag.py:3820} INFO - Setting next_dagrun for example_sensors to None, run_after=None
[2024-01-28T23:23:26.330+0100] {processor.py:183} INFO - Processing /home/ubuntu/.local/lib/python3.10/site-packages/airflow/example_dags/example_sensors.py took 0.082 seconds
[2024-01-28T23:24:39.397+0100] {processor.py:161} INFO - Started process (PID=17555) to work on /home/ubuntu/.local/lib/python3.10/site-packages/airflow/example_dags/example_sensors.py
[2024-01-28T23:24:39.399+0100] {processor.py:830} INFO - Processing file /home/ubuntu/.local/lib/python3.10/site-packages/airflow/example_dags/example_sensors.py for tasks to queue
[2024-01-28T23:24:39.406+0100] {logging_mixin.py:188} INFO - [2024-01-28T23:24:39.400+0100] {dagbag.py:538} INFO - Filling up the DagBag from /home/ubuntu/.local/lib/python3.10/site-packages/airflow/example_dags/example_sensors.py
[2024-01-28T23:24:39.422+0100] {processor.py:840} INFO - DAG(s) 'example_sensors' retrieved from /home/ubuntu/.local/lib/python3.10/site-packages/airflow/example_dags/example_sensors.py
[2024-01-28T23:24:39.444+0100] {logging_mixin.py:188} INFO - [2024-01-28T23:24:39.444+0100] {dag.py:3033} INFO - Sync 1 DAGs
[2024-01-28T23:24:39.457+0100] {logging_mixin.py:188} INFO - [2024-01-28T23:24:39.457+0100] {dag.py:3820} INFO - Setting next_dagrun for example_sensors to None, run_after=None
[2024-01-28T23:24:39.488+0100] {processor.py:183} INFO - Processing /home/ubuntu/.local/lib/python3.10/site-packages/airflow/example_dags/example_sensors.py took 0.095 seconds
[2024-01-28T23:25:51.643+0100] {processor.py:161} INFO - Started process (PID=17636) to work on /home/ubuntu/.local/lib/python3.10/site-packages/airflow/example_dags/example_sensors.py
[2024-01-28T23:25:51.653+0100] {processor.py:830} INFO - Processing file /home/ubuntu/.local/lib/python3.10/site-packages/airflow/example_dags/example_sensors.py for tasks to queue
[2024-01-28T23:25:51.654+0100] {logging_mixin.py:188} INFO - [2024-01-28T23:25:51.654+0100] {dagbag.py:538} INFO - Filling up the DagBag from /home/ubuntu/.local/lib/python3.10/site-packages/airflow/example_dags/example_sensors.py
[2024-01-28T23:25:51.664+0100] {processor.py:840} INFO - DAG(s) 'example_sensors' retrieved from /home/ubuntu/.local/lib/python3.10/site-packages/airflow/example_dags/example_sensors.py
[2024-01-28T23:25:51.683+0100] {logging_mixin.py:188} INFO - [2024-01-28T23:25:51.683+0100] {dag.py:3033} INFO - Sync 1 DAGs
[2024-01-28T23:25:51.693+0100] {logging_mixin.py:188} INFO - [2024-01-28T23:25:51.693+0100] {dag.py:3820} INFO - Setting next_dagrun for example_sensors to None, run_after=None
[2024-01-28T23:25:51.733+0100] {processor.py:183} INFO - Processing /home/ubuntu/.local/lib/python3.10/site-packages/airflow/example_dags/example_sensors.py took 0.092 seconds
[2024-01-28T23:26:54.929+0100] {processor.py:161} INFO - Started process (PID=17709) to work on /home/ubuntu/.local/lib/python3.10/site-packages/airflow/example_dags/example_sensors.py
[2024-01-28T23:26:54.932+0100] {processor.py:830} INFO - Processing file /home/ubuntu/.local/lib/python3.10/site-packages/airflow/example_dags/example_sensors.py for tasks to queue
[2024-01-28T23:26:54.933+0100] {logging_mixin.py:188} INFO - [2024-01-28T23:26:54.932+0100] {dagbag.py:538} INFO - Filling up the DagBag from /home/ubuntu/.local/lib/python3.10/site-packages/airflow/example_dags/example_sensors.py
[2024-01-28T23:26:54.955+0100] {processor.py:840} INFO - DAG(s) 'example_sensors' retrieved from /home/ubuntu/.local/lib/python3.10/site-packages/airflow/example_dags/example_sensors.py
[2024-01-28T23:26:54.977+0100] {logging_mixin.py:188} INFO - [2024-01-28T23:26:54.977+0100] {dag.py:3033} INFO - Sync 1 DAGs
[2024-01-28T23:26:54.989+0100] {logging_mixin.py:188} INFO - [2024-01-28T23:26:54.989+0100] {dag.py:3820} INFO - Setting next_dagrun for example_sensors to None, run_after=None
[2024-01-28T23:26:55.019+0100] {processor.py:183} INFO - Processing /home/ubuntu/.local/lib/python3.10/site-packages/airflow/example_dags/example_sensors.py took 0.093 seconds
[2024-01-28T23:27:57.369+0100] {processor.py:161} INFO - Started process (PID=17788) to work on /home/ubuntu/.local/lib/python3.10/site-packages/airflow/example_dags/example_sensors.py
[2024-01-28T23:27:57.372+0100] {processor.py:830} INFO - Processing file /home/ubuntu/.local/lib/python3.10/site-packages/airflow/example_dags/example_sensors.py for tasks to queue
[2024-01-28T23:27:57.374+0100] {logging_mixin.py:188} INFO - [2024-01-28T23:27:57.373+0100] {dagbag.py:538} INFO - Filling up the DagBag from /home/ubuntu/.local/lib/python3.10/site-packages/airflow/example_dags/example_sensors.py
[2024-01-28T23:27:57.384+0100] {processor.py:840} INFO - DAG(s) 'example_sensors' retrieved from /home/ubuntu/.local/lib/python3.10/site-packages/airflow/example_dags/example_sensors.py
[2024-01-28T23:27:57.404+0100] {logging_mixin.py:188} INFO - [2024-01-28T23:27:57.404+0100] {dag.py:3033} INFO - Sync 1 DAGs
[2024-01-28T23:27:57.417+0100] {logging_mixin.py:188} INFO - [2024-01-28T23:27:57.416+0100] {dag.py:3820} INFO - Setting next_dagrun for example_sensors to None, run_after=None
[2024-01-28T23:27:57.447+0100] {processor.py:183} INFO - Processing /home/ubuntu/.local/lib/python3.10/site-packages/airflow/example_dags/example_sensors.py took 0.081 seconds
[2024-01-28T23:29:03.034+0100] {processor.py:161} INFO - Started process (PID=17863) to work on /home/ubuntu/.local/lib/python3.10/site-packages/airflow/example_dags/example_sensors.py
[2024-01-28T23:29:03.036+0100] {processor.py:830} INFO - Processing file /home/ubuntu/.local/lib/python3.10/site-packages/airflow/example_dags/example_sensors.py for tasks to queue
[2024-01-28T23:29:03.039+0100] {logging_mixin.py:188} INFO - [2024-01-28T23:29:03.038+0100] {dagbag.py:538} INFO - Filling up the DagBag from /home/ubuntu/.local/lib/python3.10/site-packages/airflow/example_dags/example_sensors.py
[2024-01-28T23:29:03.051+0100] {processor.py:840} INFO - DAG(s) 'example_sensors' retrieved from /home/ubuntu/.local/lib/python3.10/site-packages/airflow/example_dags/example_sensors.py
[2024-01-28T23:29:03.073+0100] {logging_mixin.py:188} INFO - [2024-01-28T23:29:03.073+0100] {dag.py:3033} INFO - Sync 1 DAGs
[2024-01-28T23:29:03.085+0100] {logging_mixin.py:188} INFO - [2024-01-28T23:29:03.085+0100] {dag.py:3820} INFO - Setting next_dagrun for example_sensors to None, run_after=None
[2024-01-28T23:29:03.119+0100] {processor.py:183} INFO - Processing /home/ubuntu/.local/lib/python3.10/site-packages/airflow/example_dags/example_sensors.py took 0.089 seconds
[2024-01-28T23:30:10.427+0100] {processor.py:161} INFO - Started process (PID=17943) to work on /home/ubuntu/.local/lib/python3.10/site-packages/airflow/example_dags/example_sensors.py
[2024-01-28T23:30:10.430+0100] {processor.py:830} INFO - Processing file /home/ubuntu/.local/lib/python3.10/site-packages/airflow/example_dags/example_sensors.py for tasks to queue
[2024-01-28T23:30:10.431+0100] {logging_mixin.py:188} INFO - [2024-01-28T23:30:10.430+0100] {dagbag.py:538} INFO - Filling up the DagBag from /home/ubuntu/.local/lib/python3.10/site-packages/airflow/example_dags/example_sensors.py
[2024-01-28T23:30:10.441+0100] {processor.py:840} INFO - DAG(s) 'example_sensors' retrieved from /home/ubuntu/.local/lib/python3.10/site-packages/airflow/example_dags/example_sensors.py
[2024-01-28T23:30:10.470+0100] {logging_mixin.py:188} INFO - [2024-01-28T23:30:10.470+0100] {dag.py:3033} INFO - Sync 1 DAGs
[2024-01-28T23:30:10.491+0100] {logging_mixin.py:188} INFO - [2024-01-28T23:30:10.491+0100] {dag.py:3820} INFO - Setting next_dagrun for example_sensors to None, run_after=None
[2024-01-28T23:30:10.518+0100] {processor.py:183} INFO - Processing /home/ubuntu/.local/lib/python3.10/site-packages/airflow/example_dags/example_sensors.py took 0.095 seconds
[2024-01-28T23:31:15.333+0100] {processor.py:161} INFO - Started process (PID=18014) to work on /home/ubuntu/.local/lib/python3.10/site-packages/airflow/example_dags/example_sensors.py
[2024-01-28T23:31:15.335+0100] {processor.py:830} INFO - Processing file /home/ubuntu/.local/lib/python3.10/site-packages/airflow/example_dags/example_sensors.py for tasks to queue
[2024-01-28T23:31:15.336+0100] {logging_mixin.py:188} INFO - [2024-01-28T23:31:15.335+0100] {dagbag.py:538} INFO - Filling up the DagBag from /home/ubuntu/.local/lib/python3.10/site-packages/airflow/example_dags/example_sensors.py
[2024-01-28T23:31:15.346+0100] {processor.py:840} INFO - DAG(s) 'example_sensors' retrieved from /home/ubuntu/.local/lib/python3.10/site-packages/airflow/example_dags/example_sensors.py
[2024-01-28T23:31:15.369+0100] {logging_mixin.py:188} INFO - [2024-01-28T23:31:15.368+0100] {dag.py:3033} INFO - Sync 1 DAGs
[2024-01-28T23:31:15.382+0100] {logging_mixin.py:188} INFO - [2024-01-28T23:31:15.382+0100] {dag.py:3820} INFO - Setting next_dagrun for example_sensors to None, run_after=None
[2024-01-28T23:31:15.416+0100] {processor.py:183} INFO - Processing /home/ubuntu/.local/lib/python3.10/site-packages/airflow/example_dags/example_sensors.py took 0.087 seconds
[2024-01-28T23:32:27.644+0100] {processor.py:161} INFO - Started process (PID=18095) to work on /home/ubuntu/.local/lib/python3.10/site-packages/airflow/example_dags/example_sensors.py
[2024-01-28T23:32:27.646+0100] {processor.py:830} INFO - Processing file /home/ubuntu/.local/lib/python3.10/site-packages/airflow/example_dags/example_sensors.py for tasks to queue
[2024-01-28T23:32:27.648+0100] {logging_mixin.py:188} INFO - [2024-01-28T23:32:27.647+0100] {dagbag.py:538} INFO - Filling up the DagBag from /home/ubuntu/.local/lib/python3.10/site-packages/airflow/example_dags/example_sensors.py
[2024-01-28T23:32:27.663+0100] {processor.py:840} INFO - DAG(s) 'example_sensors' retrieved from /home/ubuntu/.local/lib/python3.10/site-packages/airflow/example_dags/example_sensors.py
[2024-01-28T23:32:27.688+0100] {logging_mixin.py:188} INFO - [2024-01-28T23:32:27.688+0100] {dag.py:3033} INFO - Sync 1 DAGs
[2024-01-28T23:32:27.799+0100] {logging_mixin.py:188} INFO - [2024-01-28T23:32:27.799+0100] {dag.py:3820} INFO - Setting next_dagrun for example_sensors to None, run_after=None
[2024-01-28T23:32:27.829+0100] {processor.py:183} INFO - Processing /home/ubuntu/.local/lib/python3.10/site-packages/airflow/example_dags/example_sensors.py took 0.190 seconds
[2024-01-28T23:33:41.025+0100] {processor.py:161} INFO - Started process (PID=18178) to work on /home/ubuntu/.local/lib/python3.10/site-packages/airflow/example_dags/example_sensors.py
[2024-01-28T23:33:41.028+0100] {processor.py:830} INFO - Processing file /home/ubuntu/.local/lib/python3.10/site-packages/airflow/example_dags/example_sensors.py for tasks to queue
[2024-01-28T23:33:41.029+0100] {logging_mixin.py:188} INFO - [2024-01-28T23:33:41.028+0100] {dagbag.py:538} INFO - Filling up the DagBag from /home/ubuntu/.local/lib/python3.10/site-packages/airflow/example_dags/example_sensors.py
[2024-01-28T23:33:41.040+0100] {processor.py:840} INFO - DAG(s) 'example_sensors' retrieved from /home/ubuntu/.local/lib/python3.10/site-packages/airflow/example_dags/example_sensors.py
[2024-01-28T23:33:41.066+0100] {logging_mixin.py:188} INFO - [2024-01-28T23:33:41.066+0100] {dag.py:3033} INFO - Sync 1 DAGs
[2024-01-28T23:33:41.083+0100] {logging_mixin.py:188} INFO - [2024-01-28T23:33:41.082+0100] {dag.py:3820} INFO - Setting next_dagrun for example_sensors to None, run_after=None
[2024-01-28T23:33:41.120+0100] {processor.py:183} INFO - Processing /home/ubuntu/.local/lib/python3.10/site-packages/airflow/example_dags/example_sensors.py took 0.099 seconds
[2024-01-28T23:34:47.553+0100] {processor.py:161} INFO - Started process (PID=18249) to work on /home/ubuntu/.local/lib/python3.10/site-packages/airflow/example_dags/example_sensors.py
[2024-01-28T23:34:47.556+0100] {processor.py:830} INFO - Processing file /home/ubuntu/.local/lib/python3.10/site-packages/airflow/example_dags/example_sensors.py for tasks to queue
[2024-01-28T23:34:47.557+0100] {logging_mixin.py:188} INFO - [2024-01-28T23:34:47.556+0100] {dagbag.py:538} INFO - Filling up the DagBag from /home/ubuntu/.local/lib/python3.10/site-packages/airflow/example_dags/example_sensors.py
[2024-01-28T23:34:47.569+0100] {processor.py:840} INFO - DAG(s) 'example_sensors' retrieved from /home/ubuntu/.local/lib/python3.10/site-packages/airflow/example_dags/example_sensors.py
[2024-01-28T23:34:47.588+0100] {logging_mixin.py:188} INFO - [2024-01-28T23:34:47.588+0100] {dag.py:3033} INFO - Sync 1 DAGs
[2024-01-28T23:34:47.600+0100] {logging_mixin.py:188} INFO - [2024-01-28T23:34:47.599+0100] {dag.py:3820} INFO - Setting next_dagrun for example_sensors to None, run_after=None
[2024-01-28T23:34:47.632+0100] {processor.py:183} INFO - Processing /home/ubuntu/.local/lib/python3.10/site-packages/airflow/example_dags/example_sensors.py took 0.083 seconds
[2024-01-28T23:36:00.378+0100] {processor.py:161} INFO - Started process (PID=18330) to work on /home/ubuntu/.local/lib/python3.10/site-packages/airflow/example_dags/example_sensors.py
[2024-01-28T23:36:00.380+0100] {processor.py:830} INFO - Processing file /home/ubuntu/.local/lib/python3.10/site-packages/airflow/example_dags/example_sensors.py for tasks to queue
[2024-01-28T23:36:00.381+0100] {logging_mixin.py:188} INFO - [2024-01-28T23:36:00.381+0100] {dagbag.py:538} INFO - Filling up the DagBag from /home/ubuntu/.local/lib/python3.10/site-packages/airflow/example_dags/example_sensors.py
[2024-01-28T23:36:00.392+0100] {processor.py:840} INFO - DAG(s) 'example_sensors' retrieved from /home/ubuntu/.local/lib/python3.10/site-packages/airflow/example_dags/example_sensors.py
[2024-01-28T23:36:00.515+0100] {logging_mixin.py:188} INFO - [2024-01-28T23:36:00.515+0100] {dag.py:3033} INFO - Sync 1 DAGs
[2024-01-28T23:36:00.527+0100] {logging_mixin.py:188} INFO - [2024-01-28T23:36:00.526+0100] {dag.py:3820} INFO - Setting next_dagrun for example_sensors to None, run_after=None
[2024-01-28T23:36:00.552+0100] {processor.py:183} INFO - Processing /home/ubuntu/.local/lib/python3.10/site-packages/airflow/example_dags/example_sensors.py took 0.177 seconds
[2024-01-28T23:37:11.882+0100] {processor.py:161} INFO - Started process (PID=18408) to work on /home/ubuntu/.local/lib/python3.10/site-packages/airflow/example_dags/example_sensors.py
[2024-01-28T23:37:11.884+0100] {processor.py:830} INFO - Processing file /home/ubuntu/.local/lib/python3.10/site-packages/airflow/example_dags/example_sensors.py for tasks to queue
[2024-01-28T23:37:11.885+0100] {logging_mixin.py:188} INFO - [2024-01-28T23:37:11.884+0100] {dagbag.py:538} INFO - Filling up the DagBag from /home/ubuntu/.local/lib/python3.10/site-packages/airflow/example_dags/example_sensors.py
[2024-01-28T23:37:11.900+0100] {processor.py:840} INFO - DAG(s) 'example_sensors' retrieved from /home/ubuntu/.local/lib/python3.10/site-packages/airflow/example_dags/example_sensors.py
[2024-01-28T23:37:11.924+0100] {logging_mixin.py:188} INFO - [2024-01-28T23:37:11.924+0100] {dag.py:3033} INFO - Sync 1 DAGs
[2024-01-28T23:37:12.028+0100] {logging_mixin.py:188} INFO - [2024-01-28T23:37:12.028+0100] {dag.py:3820} INFO - Setting next_dagrun for example_sensors to None, run_after=None
[2024-01-28T23:37:12.060+0100] {processor.py:183} INFO - Processing /home/ubuntu/.local/lib/python3.10/site-packages/airflow/example_dags/example_sensors.py took 0.182 seconds
[2024-01-28T23:38:52.283+0100] {processor.py:161} INFO - Started process (PID=19200) to work on /home/ubuntu/.local/lib/python3.10/site-packages/airflow/example_dags/example_sensors.py
[2024-01-28T23:38:52.286+0100] {processor.py:830} INFO - Processing file /home/ubuntu/.local/lib/python3.10/site-packages/airflow/example_dags/example_sensors.py for tasks to queue
[2024-01-28T23:38:52.288+0100] {logging_mixin.py:188} INFO - [2024-01-28T23:38:52.287+0100] {dagbag.py:538} INFO - Filling up the DagBag from /home/ubuntu/.local/lib/python3.10/site-packages/airflow/example_dags/example_sensors.py
[2024-01-28T23:38:52.299+0100] {processor.py:840} INFO - DAG(s) 'example_sensors' retrieved from /home/ubuntu/.local/lib/python3.10/site-packages/airflow/example_dags/example_sensors.py
[2024-01-28T23:38:52.323+0100] {logging_mixin.py:188} INFO - [2024-01-28T23:38:52.323+0100] {dag.py:3033} INFO - Sync 1 DAGs
[2024-01-28T23:38:52.456+0100] {logging_mixin.py:188} INFO - [2024-01-28T23:38:52.456+0100] {dag.py:3820} INFO - Setting next_dagrun for example_sensors to None, run_after=None
[2024-01-28T23:38:52.520+0100] {processor.py:183} INFO - Processing /home/ubuntu/.local/lib/python3.10/site-packages/airflow/example_dags/example_sensors.py took 0.240 seconds
[2024-01-28T23:40:03.584+0100] {processor.py:161} INFO - Started process (PID=19282) to work on /home/ubuntu/.local/lib/python3.10/site-packages/airflow/example_dags/example_sensors.py
[2024-01-28T23:40:03.586+0100] {processor.py:830} INFO - Processing file /home/ubuntu/.local/lib/python3.10/site-packages/airflow/example_dags/example_sensors.py for tasks to queue
[2024-01-28T23:40:03.588+0100] {logging_mixin.py:188} INFO - [2024-01-28T23:40:03.587+0100] {dagbag.py:538} INFO - Filling up the DagBag from /home/ubuntu/.local/lib/python3.10/site-packages/airflow/example_dags/example_sensors.py
[2024-01-28T23:40:03.600+0100] {processor.py:840} INFO - DAG(s) 'example_sensors' retrieved from /home/ubuntu/.local/lib/python3.10/site-packages/airflow/example_dags/example_sensors.py
[2024-01-28T23:40:03.622+0100] {logging_mixin.py:188} INFO - [2024-01-28T23:40:03.622+0100] {dag.py:3033} INFO - Sync 1 DAGs
[2024-01-28T23:40:03.634+0100] {logging_mixin.py:188} INFO - [2024-01-28T23:40:03.634+0100] {dag.py:3820} INFO - Setting next_dagrun for example_sensors to None, run_after=None
[2024-01-28T23:40:03.665+0100] {processor.py:183} INFO - Processing /home/ubuntu/.local/lib/python3.10/site-packages/airflow/example_dags/example_sensors.py took 0.085 seconds
[2024-01-28T23:41:03.649+0100] {processor.py:161} INFO - Started process (PID=19365) to work on /home/ubuntu/.local/lib/python3.10/site-packages/airflow/example_dags/example_sensors.py
[2024-01-28T23:41:03.651+0100] {processor.py:830} INFO - Processing file /home/ubuntu/.local/lib/python3.10/site-packages/airflow/example_dags/example_sensors.py for tasks to queue
[2024-01-28T23:41:03.653+0100] {logging_mixin.py:188} INFO - [2024-01-28T23:41:03.652+0100] {dagbag.py:538} INFO - Filling up the DagBag from /home/ubuntu/.local/lib/python3.10/site-packages/airflow/example_dags/example_sensors.py
[2024-01-28T23:41:03.669+0100] {processor.py:840} INFO - DAG(s) 'example_sensors' retrieved from /home/ubuntu/.local/lib/python3.10/site-packages/airflow/example_dags/example_sensors.py
[2024-01-28T23:41:03.699+0100] {logging_mixin.py:188} INFO - [2024-01-28T23:41:03.699+0100] {dag.py:3033} INFO - Sync 1 DAGs
[2024-01-28T23:41:03.715+0100] {logging_mixin.py:188} INFO - [2024-01-28T23:41:03.714+0100] {dag.py:3820} INFO - Setting next_dagrun for example_sensors to None, run_after=None
[2024-01-28T23:41:03.746+0100] {processor.py:183} INFO - Processing /home/ubuntu/.local/lib/python3.10/site-packages/airflow/example_dags/example_sensors.py took 0.101 seconds
[2024-01-28T23:42:02.948+0100] {processor.py:161} INFO - Started process (PID=19438) to work on /home/ubuntu/.local/lib/python3.10/site-packages/airflow/example_dags/example_sensors.py
[2024-01-28T23:42:02.951+0100] {processor.py:830} INFO - Processing file /home/ubuntu/.local/lib/python3.10/site-packages/airflow/example_dags/example_sensors.py for tasks to queue
[2024-01-28T23:42:02.952+0100] {logging_mixin.py:188} INFO - [2024-01-28T23:42:02.952+0100] {dagbag.py:538} INFO - Filling up the DagBag from /home/ubuntu/.local/lib/python3.10/site-packages/airflow/example_dags/example_sensors.py
[2024-01-28T23:42:02.965+0100] {processor.py:840} INFO - DAG(s) 'example_sensors' retrieved from /home/ubuntu/.local/lib/python3.10/site-packages/airflow/example_dags/example_sensors.py
[2024-01-28T23:42:02.985+0100] {logging_mixin.py:188} INFO - [2024-01-28T23:42:02.985+0100] {dag.py:3033} INFO - Sync 1 DAGs
[2024-01-28T23:42:02.998+0100] {logging_mixin.py:188} INFO - [2024-01-28T23:42:02.998+0100] {dag.py:3820} INFO - Setting next_dagrun for example_sensors to None, run_after=None
[2024-01-28T23:42:03.026+0100] {processor.py:183} INFO - Processing /home/ubuntu/.local/lib/python3.10/site-packages/airflow/example_dags/example_sensors.py took 0.081 seconds
[2024-01-28T23:43:08.741+0100] {processor.py:161} INFO - Started process (PID=19510) to work on /home/ubuntu/.local/lib/python3.10/site-packages/airflow/example_dags/example_sensors.py
[2024-01-28T23:43:08.744+0100] {processor.py:830} INFO - Processing file /home/ubuntu/.local/lib/python3.10/site-packages/airflow/example_dags/example_sensors.py for tasks to queue
[2024-01-28T23:43:08.745+0100] {logging_mixin.py:188} INFO - [2024-01-28T23:43:08.745+0100] {dagbag.py:538} INFO - Filling up the DagBag from /home/ubuntu/.local/lib/python3.10/site-packages/airflow/example_dags/example_sensors.py
[2024-01-28T23:43:08.754+0100] {processor.py:840} INFO - DAG(s) 'example_sensors' retrieved from /home/ubuntu/.local/lib/python3.10/site-packages/airflow/example_dags/example_sensors.py
[2024-01-28T23:43:08.774+0100] {logging_mixin.py:188} INFO - [2024-01-28T23:43:08.774+0100] {dag.py:3033} INFO - Sync 1 DAGs
[2024-01-28T23:43:08.784+0100] {logging_mixin.py:188} INFO - [2024-01-28T23:43:08.784+0100] {dag.py:3820} INFO - Setting next_dagrun for example_sensors to None, run_after=None
[2024-01-28T23:43:08.815+0100] {processor.py:183} INFO - Processing /home/ubuntu/.local/lib/python3.10/site-packages/airflow/example_dags/example_sensors.py took 0.077 seconds
[2024-01-28T23:44:17.841+0100] {processor.py:161} INFO - Started process (PID=19587) to work on /home/ubuntu/.local/lib/python3.10/site-packages/airflow/example_dags/example_sensors.py
[2024-01-28T23:44:17.844+0100] {processor.py:830} INFO - Processing file /home/ubuntu/.local/lib/python3.10/site-packages/airflow/example_dags/example_sensors.py for tasks to queue
[2024-01-28T23:44:17.845+0100] {logging_mixin.py:188} INFO - [2024-01-28T23:44:17.845+0100] {dagbag.py:538} INFO - Filling up the DagBag from /home/ubuntu/.local/lib/python3.10/site-packages/airflow/example_dags/example_sensors.py
[2024-01-28T23:44:17.857+0100] {processor.py:840} INFO - DAG(s) 'example_sensors' retrieved from /home/ubuntu/.local/lib/python3.10/site-packages/airflow/example_dags/example_sensors.py
[2024-01-28T23:44:17.882+0100] {logging_mixin.py:188} INFO - [2024-01-28T23:44:17.881+0100] {dag.py:3033} INFO - Sync 1 DAGs
[2024-01-28T23:44:17.899+0100] {logging_mixin.py:188} INFO - [2024-01-28T23:44:17.898+0100] {dag.py:3820} INFO - Setting next_dagrun for example_sensors to None, run_after=None
[2024-01-28T23:44:17.938+0100] {processor.py:183} INFO - Processing /home/ubuntu/.local/lib/python3.10/site-packages/airflow/example_dags/example_sensors.py took 0.100 seconds
[2024-01-28T23:45:26.452+0100] {processor.py:161} INFO - Started process (PID=19661) to work on /home/ubuntu/.local/lib/python3.10/site-packages/airflow/example_dags/example_sensors.py
[2024-01-28T23:45:26.454+0100] {processor.py:830} INFO - Processing file /home/ubuntu/.local/lib/python3.10/site-packages/airflow/example_dags/example_sensors.py for tasks to queue
[2024-01-28T23:45:26.455+0100] {logging_mixin.py:188} INFO - [2024-01-28T23:45:26.454+0100] {dagbag.py:538} INFO - Filling up the DagBag from /home/ubuntu/.local/lib/python3.10/site-packages/airflow/example_dags/example_sensors.py
[2024-01-28T23:45:26.466+0100] {processor.py:840} INFO - DAG(s) 'example_sensors' retrieved from /home/ubuntu/.local/lib/python3.10/site-packages/airflow/example_dags/example_sensors.py
[2024-01-28T23:45:26.492+0100] {logging_mixin.py:188} INFO - [2024-01-28T23:45:26.492+0100] {dag.py:3033} INFO - Sync 1 DAGs
[2024-01-28T23:45:26.516+0100] {logging_mixin.py:188} INFO - [2024-01-28T23:45:26.516+0100] {dag.py:3820} INFO - Setting next_dagrun for example_sensors to None, run_after=None
[2024-01-28T23:45:26.551+0100] {processor.py:183} INFO - Processing /home/ubuntu/.local/lib/python3.10/site-packages/airflow/example_dags/example_sensors.py took 0.105 seconds
[2024-01-28T23:46:32.932+0100] {processor.py:161} INFO - Started process (PID=19746) to work on /home/ubuntu/.local/lib/python3.10/site-packages/airflow/example_dags/example_sensors.py
[2024-01-28T23:46:32.934+0100] {processor.py:830} INFO - Processing file /home/ubuntu/.local/lib/python3.10/site-packages/airflow/example_dags/example_sensors.py for tasks to queue
[2024-01-28T23:46:32.937+0100] {logging_mixin.py:188} INFO - [2024-01-28T23:46:32.936+0100] {dagbag.py:538} INFO - Filling up the DagBag from /home/ubuntu/.local/lib/python3.10/site-packages/airflow/example_dags/example_sensors.py
[2024-01-28T23:46:32.949+0100] {processor.py:840} INFO - DAG(s) 'example_sensors' retrieved from /home/ubuntu/.local/lib/python3.10/site-packages/airflow/example_dags/example_sensors.py
[2024-01-28T23:46:32.970+0100] {logging_mixin.py:188} INFO - [2024-01-28T23:46:32.970+0100] {dag.py:3033} INFO - Sync 1 DAGs
[2024-01-28T23:46:32.989+0100] {logging_mixin.py:188} INFO - [2024-01-28T23:46:32.988+0100] {dag.py:3820} INFO - Setting next_dagrun for example_sensors to None, run_after=None
[2024-01-28T23:46:33.018+0100] {processor.py:183} INFO - Processing /home/ubuntu/.local/lib/python3.10/site-packages/airflow/example_dags/example_sensors.py took 0.090 seconds
[2024-01-28T23:47:29.605+0100] {processor.py:161} INFO - Started process (PID=19810) to work on /home/ubuntu/.local/lib/python3.10/site-packages/airflow/example_dags/example_sensors.py
[2024-01-28T23:47:29.608+0100] {processor.py:830} INFO - Processing file /home/ubuntu/.local/lib/python3.10/site-packages/airflow/example_dags/example_sensors.py for tasks to queue
[2024-01-28T23:47:29.610+0100] {logging_mixin.py:188} INFO - [2024-01-28T23:47:29.609+0100] {dagbag.py:538} INFO - Filling up the DagBag from /home/ubuntu/.local/lib/python3.10/site-packages/airflow/example_dags/example_sensors.py
[2024-01-28T23:47:29.619+0100] {processor.py:840} INFO - DAG(s) 'example_sensors' retrieved from /home/ubuntu/.local/lib/python3.10/site-packages/airflow/example_dags/example_sensors.py
[2024-01-28T23:47:29.642+0100] {logging_mixin.py:188} INFO - [2024-01-28T23:47:29.642+0100] {dag.py:3033} INFO - Sync 1 DAGs
[2024-01-28T23:47:29.657+0100] {logging_mixin.py:188} INFO - [2024-01-28T23:47:29.657+0100] {dag.py:3820} INFO - Setting next_dagrun for example_sensors to None, run_after=None
[2024-01-28T23:47:29.692+0100] {processor.py:183} INFO - Processing /home/ubuntu/.local/lib/python3.10/site-packages/airflow/example_dags/example_sensors.py took 0.090 seconds
[2024-01-28T23:48:25.994+0100] {processor.py:161} INFO - Started process (PID=19875) to work on /home/ubuntu/.local/lib/python3.10/site-packages/airflow/example_dags/example_sensors.py
[2024-01-28T23:48:25.996+0100] {processor.py:830} INFO - Processing file /home/ubuntu/.local/lib/python3.10/site-packages/airflow/example_dags/example_sensors.py for tasks to queue
[2024-01-28T23:48:25.998+0100] {logging_mixin.py:188} INFO - [2024-01-28T23:48:25.997+0100] {dagbag.py:538} INFO - Filling up the DagBag from /home/ubuntu/.local/lib/python3.10/site-packages/airflow/example_dags/example_sensors.py
[2024-01-28T23:48:26.011+0100] {processor.py:840} INFO - DAG(s) 'example_sensors' retrieved from /home/ubuntu/.local/lib/python3.10/site-packages/airflow/example_dags/example_sensors.py
[2024-01-28T23:48:26.038+0100] {logging_mixin.py:188} INFO - [2024-01-28T23:48:26.038+0100] {dag.py:3033} INFO - Sync 1 DAGs
[2024-01-28T23:48:26.053+0100] {logging_mixin.py:188} INFO - [2024-01-28T23:48:26.053+0100] {dag.py:3820} INFO - Setting next_dagrun for example_sensors to None, run_after=None
[2024-01-28T23:48:26.083+0100] {processor.py:183} INFO - Processing /home/ubuntu/.local/lib/python3.10/site-packages/airflow/example_dags/example_sensors.py took 0.093 seconds
[2024-01-28T23:49:18.738+0100] {processor.py:161} INFO - Started process (PID=19937) to work on /home/ubuntu/.local/lib/python3.10/site-packages/airflow/example_dags/example_sensors.py
[2024-01-28T23:49:18.740+0100] {processor.py:830} INFO - Processing file /home/ubuntu/.local/lib/python3.10/site-packages/airflow/example_dags/example_sensors.py for tasks to queue
[2024-01-28T23:49:18.741+0100] {logging_mixin.py:188} INFO - [2024-01-28T23:49:18.741+0100] {dagbag.py:538} INFO - Filling up the DagBag from /home/ubuntu/.local/lib/python3.10/site-packages/airflow/example_dags/example_sensors.py
[2024-01-28T23:49:18.752+0100] {processor.py:840} INFO - DAG(s) 'example_sensors' retrieved from /home/ubuntu/.local/lib/python3.10/site-packages/airflow/example_dags/example_sensors.py
[2024-01-28T23:49:18.776+0100] {logging_mixin.py:188} INFO - [2024-01-28T23:49:18.775+0100] {dag.py:3033} INFO - Sync 1 DAGs
[2024-01-28T23:49:18.787+0100] {logging_mixin.py:188} INFO - [2024-01-28T23:49:18.787+0100] {dag.py:3820} INFO - Setting next_dagrun for example_sensors to None, run_after=None
[2024-01-28T23:49:18.816+0100] {processor.py:183} INFO - Processing /home/ubuntu/.local/lib/python3.10/site-packages/airflow/example_dags/example_sensors.py took 0.081 seconds
[2024-01-28T23:50:18.766+0100] {processor.py:161} INFO - Started process (PID=20011) to work on /home/ubuntu/.local/lib/python3.10/site-packages/airflow/example_dags/example_sensors.py
[2024-01-28T23:50:18.769+0100] {processor.py:830} INFO - Processing file /home/ubuntu/.local/lib/python3.10/site-packages/airflow/example_dags/example_sensors.py for tasks to queue
[2024-01-28T23:50:18.770+0100] {logging_mixin.py:188} INFO - [2024-01-28T23:50:18.769+0100] {dagbag.py:538} INFO - Filling up the DagBag from /home/ubuntu/.local/lib/python3.10/site-packages/airflow/example_dags/example_sensors.py
[2024-01-28T23:50:18.781+0100] {processor.py:840} INFO - DAG(s) 'example_sensors' retrieved from /home/ubuntu/.local/lib/python3.10/site-packages/airflow/example_dags/example_sensors.py
[2024-01-28T23:50:18.802+0100] {logging_mixin.py:188} INFO - [2024-01-28T23:50:18.802+0100] {dag.py:3033} INFO - Sync 1 DAGs
[2024-01-28T23:50:18.815+0100] {logging_mixin.py:188} INFO - [2024-01-28T23:50:18.814+0100] {dag.py:3820} INFO - Setting next_dagrun for example_sensors to None, run_after=None
[2024-01-28T23:50:18.844+0100] {processor.py:183} INFO - Processing /home/ubuntu/.local/lib/python3.10/site-packages/airflow/example_dags/example_sensors.py took 0.082 seconds
[2024-01-28T23:51:23.008+0100] {processor.py:161} INFO - Started process (PID=20082) to work on /home/ubuntu/.local/lib/python3.10/site-packages/airflow/example_dags/example_sensors.py
[2024-01-28T23:51:23.010+0100] {processor.py:830} INFO - Processing file /home/ubuntu/.local/lib/python3.10/site-packages/airflow/example_dags/example_sensors.py for tasks to queue
[2024-01-28T23:51:23.012+0100] {logging_mixin.py:188} INFO - [2024-01-28T23:51:23.011+0100] {dagbag.py:538} INFO - Filling up the DagBag from /home/ubuntu/.local/lib/python3.10/site-packages/airflow/example_dags/example_sensors.py
[2024-01-28T23:51:23.024+0100] {processor.py:840} INFO - DAG(s) 'example_sensors' retrieved from /home/ubuntu/.local/lib/python3.10/site-packages/airflow/example_dags/example_sensors.py
[2024-01-28T23:51:23.045+0100] {logging_mixin.py:188} INFO - [2024-01-28T23:51:23.045+0100] {dag.py:3033} INFO - Sync 1 DAGs
[2024-01-28T23:51:23.060+0100] {logging_mixin.py:188} INFO - [2024-01-28T23:51:23.060+0100] {dag.py:3820} INFO - Setting next_dagrun for example_sensors to None, run_after=None
[2024-01-28T23:51:23.098+0100] {processor.py:183} INFO - Processing /home/ubuntu/.local/lib/python3.10/site-packages/airflow/example_dags/example_sensors.py took 0.094 seconds
[2024-01-28T23:52:25.471+0100] {processor.py:161} INFO - Started process (PID=20158) to work on /home/ubuntu/.local/lib/python3.10/site-packages/airflow/example_dags/example_sensors.py
[2024-01-28T23:52:25.477+0100] {processor.py:830} INFO - Processing file /home/ubuntu/.local/lib/python3.10/site-packages/airflow/example_dags/example_sensors.py for tasks to queue
[2024-01-28T23:52:25.478+0100] {logging_mixin.py:188} INFO - [2024-01-28T23:52:25.478+0100] {dagbag.py:538} INFO - Filling up the DagBag from /home/ubuntu/.local/lib/python3.10/site-packages/airflow/example_dags/example_sensors.py
[2024-01-28T23:52:25.489+0100] {processor.py:840} INFO - DAG(s) 'example_sensors' retrieved from /home/ubuntu/.local/lib/python3.10/site-packages/airflow/example_dags/example_sensors.py
[2024-01-28T23:52:25.511+0100] {logging_mixin.py:188} INFO - [2024-01-28T23:52:25.511+0100] {dag.py:3033} INFO - Sync 1 DAGs
[2024-01-28T23:52:25.524+0100] {logging_mixin.py:188} INFO - [2024-01-28T23:52:25.524+0100] {dag.py:3820} INFO - Setting next_dagrun for example_sensors to None, run_after=None
[2024-01-28T23:52:25.550+0100] {processor.py:183} INFO - Processing /home/ubuntu/.local/lib/python3.10/site-packages/airflow/example_dags/example_sensors.py took 0.084 seconds
[2024-01-28T23:53:26.174+0100] {processor.py:161} INFO - Started process (PID=20229) to work on /home/ubuntu/.local/lib/python3.10/site-packages/airflow/example_dags/example_sensors.py
[2024-01-28T23:53:26.186+0100] {processor.py:830} INFO - Processing file /home/ubuntu/.local/lib/python3.10/site-packages/airflow/example_dags/example_sensors.py for tasks to queue
[2024-01-28T23:53:26.187+0100] {logging_mixin.py:188} INFO - [2024-01-28T23:53:26.187+0100] {dagbag.py:538} INFO - Filling up the DagBag from /home/ubuntu/.local/lib/python3.10/site-packages/airflow/example_dags/example_sensors.py
[2024-01-28T23:53:26.198+0100] {processor.py:840} INFO - DAG(s) 'example_sensors' retrieved from /home/ubuntu/.local/lib/python3.10/site-packages/airflow/example_dags/example_sensors.py
[2024-01-28T23:53:26.218+0100] {logging_mixin.py:188} INFO - [2024-01-28T23:53:26.218+0100] {dag.py:3033} INFO - Sync 1 DAGs
[2024-01-28T23:53:26.231+0100] {logging_mixin.py:188} INFO - [2024-01-28T23:53:26.230+0100] {dag.py:3820} INFO - Setting next_dagrun for example_sensors to None, run_after=None
[2024-01-28T23:53:26.261+0100] {processor.py:183} INFO - Processing /home/ubuntu/.local/lib/python3.10/site-packages/airflow/example_dags/example_sensors.py took 0.090 seconds
[2024-01-28T23:54:33.263+0100] {processor.py:161} INFO - Started process (PID=20315) to work on /home/ubuntu/.local/lib/python3.10/site-packages/airflow/example_dags/example_sensors.py
[2024-01-28T23:54:33.265+0100] {processor.py:830} INFO - Processing file /home/ubuntu/.local/lib/python3.10/site-packages/airflow/example_dags/example_sensors.py for tasks to queue
[2024-01-28T23:54:33.267+0100] {logging_mixin.py:188} INFO - [2024-01-28T23:54:33.266+0100] {dagbag.py:538} INFO - Filling up the DagBag from /home/ubuntu/.local/lib/python3.10/site-packages/airflow/example_dags/example_sensors.py
[2024-01-28T23:54:33.279+0100] {processor.py:840} INFO - DAG(s) 'example_sensors' retrieved from /home/ubuntu/.local/lib/python3.10/site-packages/airflow/example_dags/example_sensors.py
[2024-01-28T23:54:33.299+0100] {logging_mixin.py:188} INFO - [2024-01-28T23:54:33.299+0100] {dag.py:3033} INFO - Sync 1 DAGs
[2024-01-28T23:54:33.312+0100] {logging_mixin.py:188} INFO - [2024-01-28T23:54:33.312+0100] {dag.py:3820} INFO - Setting next_dagrun for example_sensors to None, run_after=None
[2024-01-28T23:54:33.344+0100] {processor.py:183} INFO - Processing /home/ubuntu/.local/lib/python3.10/site-packages/airflow/example_dags/example_sensors.py took 0.085 seconds
[2024-01-28T23:55:29.265+0100] {processor.py:161} INFO - Started process (PID=20381) to work on /home/ubuntu/.local/lib/python3.10/site-packages/airflow/example_dags/example_sensors.py
[2024-01-28T23:55:29.267+0100] {processor.py:830} INFO - Processing file /home/ubuntu/.local/lib/python3.10/site-packages/airflow/example_dags/example_sensors.py for tasks to queue
[2024-01-28T23:55:29.269+0100] {logging_mixin.py:188} INFO - [2024-01-28T23:55:29.268+0100] {dagbag.py:538} INFO - Filling up the DagBag from /home/ubuntu/.local/lib/python3.10/site-packages/airflow/example_dags/example_sensors.py
[2024-01-28T23:55:29.291+0100] {processor.py:840} INFO - DAG(s) 'example_sensors' retrieved from /home/ubuntu/.local/lib/python3.10/site-packages/airflow/example_dags/example_sensors.py
[2024-01-28T23:55:29.314+0100] {logging_mixin.py:188} INFO - [2024-01-28T23:55:29.313+0100] {dag.py:3033} INFO - Sync 1 DAGs
[2024-01-28T23:55:29.325+0100] {logging_mixin.py:188} INFO - [2024-01-28T23:55:29.325+0100] {dag.py:3820} INFO - Setting next_dagrun for example_sensors to None, run_after=None
[2024-01-28T23:55:29.357+0100] {processor.py:183} INFO - Processing /home/ubuntu/.local/lib/python3.10/site-packages/airflow/example_dags/example_sensors.py took 0.095 seconds
[2024-01-28T23:56:31.683+0100] {processor.py:161} INFO - Started process (PID=20459) to work on /home/ubuntu/.local/lib/python3.10/site-packages/airflow/example_dags/example_sensors.py
[2024-01-28T23:56:31.684+0100] {processor.py:830} INFO - Processing file /home/ubuntu/.local/lib/python3.10/site-packages/airflow/example_dags/example_sensors.py for tasks to queue
[2024-01-28T23:56:31.685+0100] {logging_mixin.py:188} INFO - [2024-01-28T23:56:31.685+0100] {dagbag.py:538} INFO - Filling up the DagBag from /home/ubuntu/.local/lib/python3.10/site-packages/airflow/example_dags/example_sensors.py
[2024-01-28T23:56:31.697+0100] {processor.py:840} INFO - DAG(s) 'example_sensors' retrieved from /home/ubuntu/.local/lib/python3.10/site-packages/airflow/example_dags/example_sensors.py
[2024-01-28T23:56:31.718+0100] {logging_mixin.py:188} INFO - [2024-01-28T23:56:31.717+0100] {dag.py:3033} INFO - Sync 1 DAGs
[2024-01-28T23:56:31.729+0100] {logging_mixin.py:188} INFO - [2024-01-28T23:56:31.729+0100] {dag.py:3820} INFO - Setting next_dagrun for example_sensors to None, run_after=None
[2024-01-28T23:56:31.757+0100] {processor.py:183} INFO - Processing /home/ubuntu/.local/lib/python3.10/site-packages/airflow/example_dags/example_sensors.py took 0.078 seconds
[2024-01-28T23:57:29.047+0100] {processor.py:161} INFO - Started process (PID=20528) to work on /home/ubuntu/.local/lib/python3.10/site-packages/airflow/example_dags/example_sensors.py
[2024-01-28T23:57:29.049+0100] {processor.py:830} INFO - Processing file /home/ubuntu/.local/lib/python3.10/site-packages/airflow/example_dags/example_sensors.py for tasks to queue
[2024-01-28T23:57:29.051+0100] {logging_mixin.py:188} INFO - [2024-01-28T23:57:29.051+0100] {dagbag.py:538} INFO - Filling up the DagBag from /home/ubuntu/.local/lib/python3.10/site-packages/airflow/example_dags/example_sensors.py
[2024-01-28T23:57:29.061+0100] {processor.py:840} INFO - DAG(s) 'example_sensors' retrieved from /home/ubuntu/.local/lib/python3.10/site-packages/airflow/example_dags/example_sensors.py
[2024-01-28T23:57:29.083+0100] {logging_mixin.py:188} INFO - [2024-01-28T23:57:29.083+0100] {dag.py:3033} INFO - Sync 1 DAGs
[2024-01-28T23:57:29.095+0100] {logging_mixin.py:188} INFO - [2024-01-28T23:57:29.094+0100] {dag.py:3820} INFO - Setting next_dagrun for example_sensors to None, run_after=None
[2024-01-28T23:57:29.123+0100] {processor.py:183} INFO - Processing /home/ubuntu/.local/lib/python3.10/site-packages/airflow/example_dags/example_sensors.py took 0.079 seconds
[2024-01-28T23:58:32.359+0100] {processor.py:161} INFO - Started process (PID=20604) to work on /home/ubuntu/.local/lib/python3.10/site-packages/airflow/example_dags/example_sensors.py
[2024-01-28T23:58:32.362+0100] {processor.py:830} INFO - Processing file /home/ubuntu/.local/lib/python3.10/site-packages/airflow/example_dags/example_sensors.py for tasks to queue
[2024-01-28T23:58:32.363+0100] {logging_mixin.py:188} INFO - [2024-01-28T23:58:32.363+0100] {dagbag.py:538} INFO - Filling up the DagBag from /home/ubuntu/.local/lib/python3.10/site-packages/airflow/example_dags/example_sensors.py
[2024-01-28T23:58:32.373+0100] {processor.py:840} INFO - DAG(s) 'example_sensors' retrieved from /home/ubuntu/.local/lib/python3.10/site-packages/airflow/example_dags/example_sensors.py
[2024-01-28T23:58:32.397+0100] {logging_mixin.py:188} INFO - [2024-01-28T23:58:32.397+0100] {dag.py:3033} INFO - Sync 1 DAGs
[2024-01-28T23:58:32.410+0100] {logging_mixin.py:188} INFO - [2024-01-28T23:58:32.409+0100] {dag.py:3820} INFO - Setting next_dagrun for example_sensors to None, run_after=None
[2024-01-28T23:58:32.440+0100] {processor.py:183} INFO - Processing /home/ubuntu/.local/lib/python3.10/site-packages/airflow/example_dags/example_sensors.py took 0.084 seconds
[2024-01-28T23:59:33.311+0100] {processor.py:161} INFO - Started process (PID=20671) to work on /home/ubuntu/.local/lib/python3.10/site-packages/airflow/example_dags/example_sensors.py
[2024-01-28T23:59:33.315+0100] {processor.py:830} INFO - Processing file /home/ubuntu/.local/lib/python3.10/site-packages/airflow/example_dags/example_sensors.py for tasks to queue
[2024-01-28T23:59:33.316+0100] {logging_mixin.py:188} INFO - [2024-01-28T23:59:33.315+0100] {dagbag.py:538} INFO - Filling up the DagBag from /home/ubuntu/.local/lib/python3.10/site-packages/airflow/example_dags/example_sensors.py
[2024-01-28T23:59:33.329+0100] {processor.py:840} INFO - DAG(s) 'example_sensors' retrieved from /home/ubuntu/.local/lib/python3.10/site-packages/airflow/example_dags/example_sensors.py
[2024-01-28T23:59:33.352+0100] {logging_mixin.py:188} INFO - [2024-01-28T23:59:33.352+0100] {dag.py:3033} INFO - Sync 1 DAGs
[2024-01-28T23:59:33.388+0100] {logging_mixin.py:188} INFO - [2024-01-28T23:59:33.388+0100] {dag.py:3820} INFO - Setting next_dagrun for example_sensors to None, run_after=None
[2024-01-28T23:59:33.421+0100] {processor.py:183} INFO - Processing /home/ubuntu/.local/lib/python3.10/site-packages/airflow/example_dags/example_sensors.py took 0.115 seconds
[2024-01-29T00:00:38.176+0100] {processor.py:161} INFO - Started process (PID=20842) to work on /home/ubuntu/.local/lib/python3.10/site-packages/airflow/example_dags/example_sensors.py
[2024-01-29T00:00:38.177+0100] {processor.py:830} INFO - Processing file /home/ubuntu/.local/lib/python3.10/site-packages/airflow/example_dags/example_sensors.py for tasks to queue
[2024-01-29T00:00:38.179+0100] {logging_mixin.py:188} INFO - [2024-01-29T00:00:38.179+0100] {dagbag.py:538} INFO - Filling up the DagBag from /home/ubuntu/.local/lib/python3.10/site-packages/airflow/example_dags/example_sensors.py
[2024-01-29T00:00:38.190+0100] {processor.py:840} INFO - DAG(s) 'example_sensors' retrieved from /home/ubuntu/.local/lib/python3.10/site-packages/airflow/example_dags/example_sensors.py
[2024-01-29T00:00:38.209+0100] {logging_mixin.py:188} INFO - [2024-01-29T00:00:38.209+0100] {dag.py:3033} INFO - Sync 1 DAGs
[2024-01-29T00:00:38.223+0100] {logging_mixin.py:188} INFO - [2024-01-29T00:00:38.223+0100] {dag.py:3820} INFO - Setting next_dagrun for example_sensors to None, run_after=None
[2024-01-29T00:00:38.253+0100] {processor.py:183} INFO - Processing /home/ubuntu/.local/lib/python3.10/site-packages/airflow/example_dags/example_sensors.py took 0.081 seconds
[2024-01-29T00:01:37.623+0100] {processor.py:161} INFO - Started process (PID=20917) to work on /home/ubuntu/.local/lib/python3.10/site-packages/airflow/example_dags/example_sensors.py
[2024-01-29T00:01:37.625+0100] {processor.py:830} INFO - Processing file /home/ubuntu/.local/lib/python3.10/site-packages/airflow/example_dags/example_sensors.py for tasks to queue
[2024-01-29T00:01:37.626+0100] {logging_mixin.py:188} INFO - [2024-01-29T00:01:37.626+0100] {dagbag.py:538} INFO - Filling up the DagBag from /home/ubuntu/.local/lib/python3.10/site-packages/airflow/example_dags/example_sensors.py
[2024-01-29T00:01:37.637+0100] {processor.py:840} INFO - DAG(s) 'example_sensors' retrieved from /home/ubuntu/.local/lib/python3.10/site-packages/airflow/example_dags/example_sensors.py
[2024-01-29T00:01:37.659+0100] {logging_mixin.py:188} INFO - [2024-01-29T00:01:37.659+0100] {dag.py:3033} INFO - Sync 1 DAGs
[2024-01-29T00:01:37.672+0100] {logging_mixin.py:188} INFO - [2024-01-29T00:01:37.671+0100] {dag.py:3820} INFO - Setting next_dagrun for example_sensors to None, run_after=None
[2024-01-29T00:01:37.702+0100] {processor.py:183} INFO - Processing /home/ubuntu/.local/lib/python3.10/site-packages/airflow/example_dags/example_sensors.py took 0.083 seconds
