[2024-01-28T22:57:21.057+0100] {processor.py:161} INFO - Started process (PID=15620) to work on /home/ubuntu/.local/lib/python3.10/site-packages/airflow/example_dags/example_short_circuit_decorator.py
[2024-01-28T22:57:21.059+0100] {processor.py:830} INFO - Processing file /home/ubuntu/.local/lib/python3.10/site-packages/airflow/example_dags/example_short_circuit_decorator.py for tasks to queue
[2024-01-28T22:57:21.060+0100] {logging_mixin.py:188} INFO - [2024-01-28T22:57:21.060+0100] {dagbag.py:538} INFO - Filling up the DagBag from /home/ubuntu/.local/lib/python3.10/site-packages/airflow/example_dags/example_short_circuit_decorator.py
[2024-01-28T22:57:21.075+0100] {processor.py:840} INFO - DAG(s) 'example_short_circuit_decorator' retrieved from /home/ubuntu/.local/lib/python3.10/site-packages/airflow/example_dags/example_short_circuit_decorator.py
[2024-01-28T22:57:21.192+0100] {logging_mixin.py:188} INFO - [2024-01-28T22:57:21.191+0100] {dag.py:3033} INFO - Sync 1 DAGs
[2024-01-28T22:57:21.215+0100] {logging_mixin.py:188} INFO - [2024-01-28T22:57:21.215+0100] {dag.py:3820} INFO - Setting next_dagrun for example_short_circuit_decorator to 2024-01-27T00:00:00+00:00, run_after=2024-01-28T00:00:00+00:00
[2024-01-28T22:57:21.251+0100] {processor.py:183} INFO - Processing /home/ubuntu/.local/lib/python3.10/site-packages/airflow/example_dags/example_short_circuit_decorator.py took 0.198 seconds
[2024-01-28T22:58:30.879+0100] {processor.py:161} INFO - Started process (PID=15684) to work on /home/ubuntu/.local/lib/python3.10/site-packages/airflow/example_dags/example_short_circuit_decorator.py
[2024-01-28T22:58:30.881+0100] {processor.py:830} INFO - Processing file /home/ubuntu/.local/lib/python3.10/site-packages/airflow/example_dags/example_short_circuit_decorator.py for tasks to queue
[2024-01-28T22:58:30.883+0100] {logging_mixin.py:188} INFO - [2024-01-28T22:58:30.882+0100] {dagbag.py:538} INFO - Filling up the DagBag from /home/ubuntu/.local/lib/python3.10/site-packages/airflow/example_dags/example_short_circuit_decorator.py
[2024-01-28T22:58:30.901+0100] {processor.py:840} INFO - DAG(s) 'example_short_circuit_decorator' retrieved from /home/ubuntu/.local/lib/python3.10/site-packages/airflow/example_dags/example_short_circuit_decorator.py
[2024-01-28T22:58:30.960+0100] {logging_mixin.py:188} INFO - [2024-01-28T22:58:30.960+0100] {dag.py:3033} INFO - Sync 1 DAGs
[2024-01-28T22:58:31.043+0100] {logging_mixin.py:188} INFO - [2024-01-28T22:58:31.043+0100] {dag.py:3820} INFO - Setting next_dagrun for example_short_circuit_decorator to 2024-01-27T00:00:00+00:00, run_after=2024-01-28T00:00:00+00:00
[2024-01-28T22:58:31.100+0100] {processor.py:183} INFO - Processing /home/ubuntu/.local/lib/python3.10/site-packages/airflow/example_dags/example_short_circuit_decorator.py took 0.225 seconds
[2024-01-28T22:59:29.569+0100] {processor.py:161} INFO - Started process (PID=15776) to work on /home/ubuntu/.local/lib/python3.10/site-packages/airflow/example_dags/example_short_circuit_decorator.py
[2024-01-28T22:59:29.572+0100] {processor.py:830} INFO - Processing file /home/ubuntu/.local/lib/python3.10/site-packages/airflow/example_dags/example_short_circuit_decorator.py for tasks to queue
[2024-01-28T22:59:29.575+0100] {logging_mixin.py:188} INFO - [2024-01-28T22:59:29.574+0100] {dagbag.py:538} INFO - Filling up the DagBag from /home/ubuntu/.local/lib/python3.10/site-packages/airflow/example_dags/example_short_circuit_decorator.py
[2024-01-28T22:59:29.597+0100] {processor.py:840} INFO - DAG(s) 'example_short_circuit_decorator' retrieved from /home/ubuntu/.local/lib/python3.10/site-packages/airflow/example_dags/example_short_circuit_decorator.py
[2024-01-28T22:59:29.633+0100] {logging_mixin.py:188} INFO - [2024-01-28T22:59:29.632+0100] {dag.py:3033} INFO - Sync 1 DAGs
[2024-01-28T22:59:29.677+0100] {logging_mixin.py:188} INFO - [2024-01-28T22:59:29.677+0100] {dag.py:3820} INFO - Setting next_dagrun for example_short_circuit_decorator to 2024-01-27T00:00:00+00:00, run_after=2024-01-28T00:00:00+00:00
[2024-01-28T22:59:29.751+0100] {processor.py:183} INFO - Processing /home/ubuntu/.local/lib/python3.10/site-packages/airflow/example_dags/example_short_circuit_decorator.py took 0.189 seconds
[2024-01-28T23:00:22.719+0100] {processor.py:161} INFO - Started process (PID=15834) to work on /home/ubuntu/.local/lib/python3.10/site-packages/airflow/example_dags/example_short_circuit_decorator.py
[2024-01-28T23:00:22.721+0100] {processor.py:830} INFO - Processing file /home/ubuntu/.local/lib/python3.10/site-packages/airflow/example_dags/example_short_circuit_decorator.py for tasks to queue
[2024-01-28T23:00:22.722+0100] {logging_mixin.py:188} INFO - [2024-01-28T23:00:22.722+0100] {dagbag.py:538} INFO - Filling up the DagBag from /home/ubuntu/.local/lib/python3.10/site-packages/airflow/example_dags/example_short_circuit_decorator.py
[2024-01-28T23:00:22.734+0100] {processor.py:840} INFO - DAG(s) 'example_short_circuit_decorator' retrieved from /home/ubuntu/.local/lib/python3.10/site-packages/airflow/example_dags/example_short_circuit_decorator.py
[2024-01-28T23:00:22.753+0100] {logging_mixin.py:188} INFO - [2024-01-28T23:00:22.753+0100] {dag.py:3033} INFO - Sync 1 DAGs
[2024-01-28T23:00:22.776+0100] {logging_mixin.py:188} INFO - [2024-01-28T23:00:22.775+0100] {dag.py:3820} INFO - Setting next_dagrun for example_short_circuit_decorator to 2024-01-27T00:00:00+00:00, run_after=2024-01-28T00:00:00+00:00
[2024-01-28T23:00:22.812+0100] {processor.py:183} INFO - Processing /home/ubuntu/.local/lib/python3.10/site-packages/airflow/example_dags/example_short_circuit_decorator.py took 0.096 seconds
[2024-01-28T23:01:14.994+0100] {processor.py:161} INFO - Started process (PID=15895) to work on /home/ubuntu/.local/lib/python3.10/site-packages/airflow/example_dags/example_short_circuit_decorator.py
[2024-01-28T23:01:14.996+0100] {processor.py:830} INFO - Processing file /home/ubuntu/.local/lib/python3.10/site-packages/airflow/example_dags/example_short_circuit_decorator.py for tasks to queue
[2024-01-28T23:01:14.997+0100] {logging_mixin.py:188} INFO - [2024-01-28T23:01:14.997+0100] {dagbag.py:538} INFO - Filling up the DagBag from /home/ubuntu/.local/lib/python3.10/site-packages/airflow/example_dags/example_short_circuit_decorator.py
[2024-01-28T23:01:15.009+0100] {processor.py:840} INFO - DAG(s) 'example_short_circuit_decorator' retrieved from /home/ubuntu/.local/lib/python3.10/site-packages/airflow/example_dags/example_short_circuit_decorator.py
[2024-01-28T23:01:15.028+0100] {logging_mixin.py:188} INFO - [2024-01-28T23:01:15.028+0100] {dag.py:3033} INFO - Sync 1 DAGs
[2024-01-28T23:01:15.050+0100] {logging_mixin.py:188} INFO - [2024-01-28T23:01:15.049+0100] {dag.py:3820} INFO - Setting next_dagrun for example_short_circuit_decorator to 2024-01-27T00:00:00+00:00, run_after=2024-01-28T00:00:00+00:00
[2024-01-28T23:01:15.080+0100] {processor.py:183} INFO - Processing /home/ubuntu/.local/lib/python3.10/site-packages/airflow/example_dags/example_short_circuit_decorator.py took 0.090 seconds
[2024-01-28T23:02:22.793+0100] {processor.py:161} INFO - Started process (PID=15977) to work on /home/ubuntu/.local/lib/python3.10/site-packages/airflow/example_dags/example_short_circuit_decorator.py
[2024-01-28T23:02:22.795+0100] {processor.py:830} INFO - Processing file /home/ubuntu/.local/lib/python3.10/site-packages/airflow/example_dags/example_short_circuit_decorator.py for tasks to queue
[2024-01-28T23:02:22.796+0100] {logging_mixin.py:188} INFO - [2024-01-28T23:02:22.796+0100] {dagbag.py:538} INFO - Filling up the DagBag from /home/ubuntu/.local/lib/python3.10/site-packages/airflow/example_dags/example_short_circuit_decorator.py
[2024-01-28T23:02:22.806+0100] {processor.py:840} INFO - DAG(s) 'example_short_circuit_decorator' retrieved from /home/ubuntu/.local/lib/python3.10/site-packages/airflow/example_dags/example_short_circuit_decorator.py
[2024-01-28T23:02:22.824+0100] {logging_mixin.py:188} INFO - [2024-01-28T23:02:22.824+0100] {dag.py:3033} INFO - Sync 1 DAGs
[2024-01-28T23:02:22.846+0100] {logging_mixin.py:188} INFO - [2024-01-28T23:02:22.846+0100] {dag.py:3820} INFO - Setting next_dagrun for example_short_circuit_decorator to 2024-01-27T00:00:00+00:00, run_after=2024-01-28T00:00:00+00:00
[2024-01-28T23:02:22.877+0100] {processor.py:183} INFO - Processing /home/ubuntu/.local/lib/python3.10/site-packages/airflow/example_dags/example_short_circuit_decorator.py took 0.092 seconds
[2024-01-28T23:03:31.546+0100] {processor.py:161} INFO - Started process (PID=16056) to work on /home/ubuntu/.local/lib/python3.10/site-packages/airflow/example_dags/example_short_circuit_decorator.py
[2024-01-28T23:03:31.587+0100] {processor.py:830} INFO - Processing file /home/ubuntu/.local/lib/python3.10/site-packages/airflow/example_dags/example_short_circuit_decorator.py for tasks to queue
[2024-01-28T23:03:31.592+0100] {logging_mixin.py:188} INFO - [2024-01-28T23:03:31.591+0100] {dagbag.py:538} INFO - Filling up the DagBag from /home/ubuntu/.local/lib/python3.10/site-packages/airflow/example_dags/example_short_circuit_decorator.py
[2024-01-28T23:03:31.615+0100] {processor.py:840} INFO - DAG(s) 'example_short_circuit_decorator' retrieved from /home/ubuntu/.local/lib/python3.10/site-packages/airflow/example_dags/example_short_circuit_decorator.py
[2024-01-28T23:03:31.669+0100] {logging_mixin.py:188} INFO - [2024-01-28T23:03:31.668+0100] {dag.py:3033} INFO - Sync 1 DAGs
[2024-01-28T23:03:31.713+0100] {logging_mixin.py:188} INFO - [2024-01-28T23:03:31.713+0100] {dag.py:3820} INFO - Setting next_dagrun for example_short_circuit_decorator to 2024-01-27T00:00:00+00:00, run_after=2024-01-28T00:00:00+00:00
[2024-01-28T23:03:31.763+0100] {processor.py:183} INFO - Processing /home/ubuntu/.local/lib/python3.10/site-packages/airflow/example_dags/example_short_circuit_decorator.py took 0.228 seconds
[2024-01-28T23:04:40.081+0100] {processor.py:161} INFO - Started process (PID=16137) to work on /home/ubuntu/.local/lib/python3.10/site-packages/airflow/example_dags/example_short_circuit_decorator.py
[2024-01-28T23:04:40.083+0100] {processor.py:830} INFO - Processing file /home/ubuntu/.local/lib/python3.10/site-packages/airflow/example_dags/example_short_circuit_decorator.py for tasks to queue
[2024-01-28T23:04:40.085+0100] {logging_mixin.py:188} INFO - [2024-01-28T23:04:40.084+0100] {dagbag.py:538} INFO - Filling up the DagBag from /home/ubuntu/.local/lib/python3.10/site-packages/airflow/example_dags/example_short_circuit_decorator.py
[2024-01-28T23:04:40.099+0100] {processor.py:840} INFO - DAG(s) 'example_short_circuit_decorator' retrieved from /home/ubuntu/.local/lib/python3.10/site-packages/airflow/example_dags/example_short_circuit_decorator.py
[2024-01-28T23:04:40.120+0100] {logging_mixin.py:188} INFO - [2024-01-28T23:04:40.120+0100] {dag.py:3033} INFO - Sync 1 DAGs
[2024-01-28T23:04:40.144+0100] {logging_mixin.py:188} INFO - [2024-01-28T23:04:40.144+0100] {dag.py:3820} INFO - Setting next_dagrun for example_short_circuit_decorator to 2024-01-27T00:00:00+00:00, run_after=2024-01-28T00:00:00+00:00
[2024-01-28T23:04:40.184+0100] {processor.py:183} INFO - Processing /home/ubuntu/.local/lib/python3.10/site-packages/airflow/example_dags/example_short_circuit_decorator.py took 0.107 seconds
[2024-01-28T23:05:43.045+0100] {processor.py:161} INFO - Started process (PID=16212) to work on /home/ubuntu/.local/lib/python3.10/site-packages/airflow/example_dags/example_short_circuit_decorator.py
[2024-01-28T23:05:43.047+0100] {processor.py:830} INFO - Processing file /home/ubuntu/.local/lib/python3.10/site-packages/airflow/example_dags/example_short_circuit_decorator.py for tasks to queue
[2024-01-28T23:05:43.049+0100] {logging_mixin.py:188} INFO - [2024-01-28T23:05:43.048+0100] {dagbag.py:538} INFO - Filling up the DagBag from /home/ubuntu/.local/lib/python3.10/site-packages/airflow/example_dags/example_short_circuit_decorator.py
[2024-01-28T23:05:43.059+0100] {processor.py:840} INFO - DAG(s) 'example_short_circuit_decorator' retrieved from /home/ubuntu/.local/lib/python3.10/site-packages/airflow/example_dags/example_short_circuit_decorator.py
[2024-01-28T23:05:43.082+0100] {logging_mixin.py:188} INFO - [2024-01-28T23:05:43.081+0100] {dag.py:3033} INFO - Sync 1 DAGs
[2024-01-28T23:05:43.101+0100] {logging_mixin.py:188} INFO - [2024-01-28T23:05:43.101+0100] {dag.py:3820} INFO - Setting next_dagrun for example_short_circuit_decorator to 2024-01-27T00:00:00+00:00, run_after=2024-01-28T00:00:00+00:00
[2024-01-28T23:05:43.131+0100] {processor.py:183} INFO - Processing /home/ubuntu/.local/lib/python3.10/site-packages/airflow/example_dags/example_short_circuit_decorator.py took 0.089 seconds
[2024-01-28T23:06:45.863+0100] {processor.py:161} INFO - Started process (PID=16283) to work on /home/ubuntu/.local/lib/python3.10/site-packages/airflow/example_dags/example_short_circuit_decorator.py
[2024-01-28T23:06:45.865+0100] {processor.py:830} INFO - Processing file /home/ubuntu/.local/lib/python3.10/site-packages/airflow/example_dags/example_short_circuit_decorator.py for tasks to queue
[2024-01-28T23:06:45.868+0100] {logging_mixin.py:188} INFO - [2024-01-28T23:06:45.867+0100] {dagbag.py:538} INFO - Filling up the DagBag from /home/ubuntu/.local/lib/python3.10/site-packages/airflow/example_dags/example_short_circuit_decorator.py
[2024-01-28T23:06:45.880+0100] {processor.py:840} INFO - DAG(s) 'example_short_circuit_decorator' retrieved from /home/ubuntu/.local/lib/python3.10/site-packages/airflow/example_dags/example_short_circuit_decorator.py
[2024-01-28T23:06:45.900+0100] {logging_mixin.py:188} INFO - [2024-01-28T23:06:45.899+0100] {dag.py:3033} INFO - Sync 1 DAGs
[2024-01-28T23:06:45.919+0100] {logging_mixin.py:188} INFO - [2024-01-28T23:06:45.919+0100] {dag.py:3820} INFO - Setting next_dagrun for example_short_circuit_decorator to 2024-01-27T00:00:00+00:00, run_after=2024-01-28T00:00:00+00:00
[2024-01-28T23:06:45.972+0100] {processor.py:183} INFO - Processing /home/ubuntu/.local/lib/python3.10/site-packages/airflow/example_dags/example_short_circuit_decorator.py took 0.113 seconds
[2024-01-28T23:07:49.262+0100] {processor.py:161} INFO - Started process (PID=16358) to work on /home/ubuntu/.local/lib/python3.10/site-packages/airflow/example_dags/example_short_circuit_decorator.py
[2024-01-28T23:07:49.265+0100] {processor.py:830} INFO - Processing file /home/ubuntu/.local/lib/python3.10/site-packages/airflow/example_dags/example_short_circuit_decorator.py for tasks to queue
[2024-01-28T23:07:49.266+0100] {logging_mixin.py:188} INFO - [2024-01-28T23:07:49.266+0100] {dagbag.py:538} INFO - Filling up the DagBag from /home/ubuntu/.local/lib/python3.10/site-packages/airflow/example_dags/example_short_circuit_decorator.py
[2024-01-28T23:07:49.277+0100] {processor.py:840} INFO - DAG(s) 'example_short_circuit_decorator' retrieved from /home/ubuntu/.local/lib/python3.10/site-packages/airflow/example_dags/example_short_circuit_decorator.py
[2024-01-28T23:07:49.295+0100] {logging_mixin.py:188} INFO - [2024-01-28T23:07:49.295+0100] {dag.py:3033} INFO - Sync 1 DAGs
[2024-01-28T23:07:49.319+0100] {logging_mixin.py:188} INFO - [2024-01-28T23:07:49.317+0100] {dag.py:3820} INFO - Setting next_dagrun for example_short_circuit_decorator to 2024-01-27T00:00:00+00:00, run_after=2024-01-28T00:00:00+00:00
[2024-01-28T23:07:49.351+0100] {processor.py:183} INFO - Processing /home/ubuntu/.local/lib/python3.10/site-packages/airflow/example_dags/example_short_circuit_decorator.py took 0.092 seconds
[2024-01-28T23:08:50.370+0100] {processor.py:161} INFO - Started process (PID=16427) to work on /home/ubuntu/.local/lib/python3.10/site-packages/airflow/example_dags/example_short_circuit_decorator.py
[2024-01-28T23:08:50.373+0100] {processor.py:830} INFO - Processing file /home/ubuntu/.local/lib/python3.10/site-packages/airflow/example_dags/example_short_circuit_decorator.py for tasks to queue
[2024-01-28T23:08:50.374+0100] {logging_mixin.py:188} INFO - [2024-01-28T23:08:50.374+0100] {dagbag.py:538} INFO - Filling up the DagBag from /home/ubuntu/.local/lib/python3.10/site-packages/airflow/example_dags/example_short_circuit_decorator.py
[2024-01-28T23:08:50.385+0100] {processor.py:840} INFO - DAG(s) 'example_short_circuit_decorator' retrieved from /home/ubuntu/.local/lib/python3.10/site-packages/airflow/example_dags/example_short_circuit_decorator.py
[2024-01-28T23:08:50.406+0100] {logging_mixin.py:188} INFO - [2024-01-28T23:08:50.405+0100] {dag.py:3033} INFO - Sync 1 DAGs
[2024-01-28T23:08:50.429+0100] {logging_mixin.py:188} INFO - [2024-01-28T23:08:50.428+0100] {dag.py:3820} INFO - Setting next_dagrun for example_short_circuit_decorator to 2024-01-27T00:00:00+00:00, run_after=2024-01-28T00:00:00+00:00
[2024-01-28T23:08:50.456+0100] {processor.py:183} INFO - Processing /home/ubuntu/.local/lib/python3.10/site-packages/airflow/example_dags/example_short_circuit_decorator.py took 0.090 seconds
[2024-01-28T23:09:54.214+0100] {processor.py:161} INFO - Started process (PID=16505) to work on /home/ubuntu/.local/lib/python3.10/site-packages/airflow/example_dags/example_short_circuit_decorator.py
[2024-01-28T23:09:54.217+0100] {processor.py:830} INFO - Processing file /home/ubuntu/.local/lib/python3.10/site-packages/airflow/example_dags/example_short_circuit_decorator.py for tasks to queue
[2024-01-28T23:09:54.218+0100] {logging_mixin.py:188} INFO - [2024-01-28T23:09:54.217+0100] {dagbag.py:538} INFO - Filling up the DagBag from /home/ubuntu/.local/lib/python3.10/site-packages/airflow/example_dags/example_short_circuit_decorator.py
[2024-01-28T23:09:54.229+0100] {processor.py:840} INFO - DAG(s) 'example_short_circuit_decorator' retrieved from /home/ubuntu/.local/lib/python3.10/site-packages/airflow/example_dags/example_short_circuit_decorator.py
[2024-01-28T23:09:54.249+0100] {logging_mixin.py:188} INFO - [2024-01-28T23:09:54.249+0100] {dag.py:3033} INFO - Sync 1 DAGs
[2024-01-28T23:09:54.269+0100] {logging_mixin.py:188} INFO - [2024-01-28T23:09:54.269+0100] {dag.py:3820} INFO - Setting next_dagrun for example_short_circuit_decorator to 2024-01-27T00:00:00+00:00, run_after=2024-01-28T00:00:00+00:00
[2024-01-28T23:09:54.299+0100] {processor.py:183} INFO - Processing /home/ubuntu/.local/lib/python3.10/site-packages/airflow/example_dags/example_short_circuit_decorator.py took 0.088 seconds
[2024-01-28T23:10:55.480+0100] {processor.py:161} INFO - Started process (PID=16574) to work on /home/ubuntu/.local/lib/python3.10/site-packages/airflow/example_dags/example_short_circuit_decorator.py
[2024-01-28T23:10:55.483+0100] {processor.py:830} INFO - Processing file /home/ubuntu/.local/lib/python3.10/site-packages/airflow/example_dags/example_short_circuit_decorator.py for tasks to queue
[2024-01-28T23:10:55.484+0100] {logging_mixin.py:188} INFO - [2024-01-28T23:10:55.484+0100] {dagbag.py:538} INFO - Filling up the DagBag from /home/ubuntu/.local/lib/python3.10/site-packages/airflow/example_dags/example_short_circuit_decorator.py
[2024-01-28T23:10:55.496+0100] {processor.py:840} INFO - DAG(s) 'example_short_circuit_decorator' retrieved from /home/ubuntu/.local/lib/python3.10/site-packages/airflow/example_dags/example_short_circuit_decorator.py
[2024-01-28T23:10:55.516+0100] {logging_mixin.py:188} INFO - [2024-01-28T23:10:55.516+0100] {dag.py:3033} INFO - Sync 1 DAGs
[2024-01-28T23:10:55.536+0100] {logging_mixin.py:188} INFO - [2024-01-28T23:10:55.536+0100] {dag.py:3820} INFO - Setting next_dagrun for example_short_circuit_decorator to 2024-01-27T00:00:00+00:00, run_after=2024-01-28T00:00:00+00:00
[2024-01-28T23:10:55.568+0100] {processor.py:183} INFO - Processing /home/ubuntu/.local/lib/python3.10/site-packages/airflow/example_dags/example_short_circuit_decorator.py took 0.091 seconds
[2024-01-28T23:12:02.572+0100] {processor.py:161} INFO - Started process (PID=16664) to work on /home/ubuntu/.local/lib/python3.10/site-packages/airflow/example_dags/example_short_circuit_decorator.py
[2024-01-28T23:12:02.576+0100] {processor.py:830} INFO - Processing file /home/ubuntu/.local/lib/python3.10/site-packages/airflow/example_dags/example_short_circuit_decorator.py for tasks to queue
[2024-01-28T23:12:02.578+0100] {logging_mixin.py:188} INFO - [2024-01-28T23:12:02.577+0100] {dagbag.py:538} INFO - Filling up the DagBag from /home/ubuntu/.local/lib/python3.10/site-packages/airflow/example_dags/example_short_circuit_decorator.py
[2024-01-28T23:12:02.598+0100] {processor.py:840} INFO - DAG(s) 'example_short_circuit_decorator' retrieved from /home/ubuntu/.local/lib/python3.10/site-packages/airflow/example_dags/example_short_circuit_decorator.py
[2024-01-28T23:12:02.642+0100] {logging_mixin.py:188} INFO - [2024-01-28T23:12:02.642+0100] {dag.py:3033} INFO - Sync 1 DAGs
[2024-01-28T23:12:02.682+0100] {logging_mixin.py:188} INFO - [2024-01-28T23:12:02.682+0100] {dag.py:3820} INFO - Setting next_dagrun for example_short_circuit_decorator to 2024-01-27T00:00:00+00:00, run_after=2024-01-28T00:00:00+00:00
[2024-01-28T23:12:02.735+0100] {processor.py:183} INFO - Processing /home/ubuntu/.local/lib/python3.10/site-packages/airflow/example_dags/example_short_circuit_decorator.py took 0.171 seconds
[2024-01-28T23:12:52.397+0100] {processor.py:161} INFO - Started process (PID=16721) to work on /home/ubuntu/.local/lib/python3.10/site-packages/airflow/example_dags/example_short_circuit_decorator.py
[2024-01-28T23:12:52.400+0100] {processor.py:830} INFO - Processing file /home/ubuntu/.local/lib/python3.10/site-packages/airflow/example_dags/example_short_circuit_decorator.py for tasks to queue
[2024-01-28T23:12:52.402+0100] {logging_mixin.py:188} INFO - [2024-01-28T23:12:52.401+0100] {dagbag.py:538} INFO - Filling up the DagBag from /home/ubuntu/.local/lib/python3.10/site-packages/airflow/example_dags/example_short_circuit_decorator.py
[2024-01-28T23:12:52.417+0100] {processor.py:840} INFO - DAG(s) 'example_short_circuit_decorator' retrieved from /home/ubuntu/.local/lib/python3.10/site-packages/airflow/example_dags/example_short_circuit_decorator.py
[2024-01-28T23:12:52.437+0100] {logging_mixin.py:188} INFO - [2024-01-28T23:12:52.437+0100] {dag.py:3033} INFO - Sync 1 DAGs
[2024-01-28T23:12:52.457+0100] {logging_mixin.py:188} INFO - [2024-01-28T23:12:52.456+0100] {dag.py:3820} INFO - Setting next_dagrun for example_short_circuit_decorator to 2024-01-27T00:00:00+00:00, run_after=2024-01-28T00:00:00+00:00
[2024-01-28T23:12:52.490+0100] {processor.py:183} INFO - Processing /home/ubuntu/.local/lib/python3.10/site-packages/airflow/example_dags/example_short_circuit_decorator.py took 0.097 seconds
[2024-01-28T23:13:51.800+0100] {processor.py:161} INFO - Started process (PID=16789) to work on /home/ubuntu/.local/lib/python3.10/site-packages/airflow/example_dags/example_short_circuit_decorator.py
[2024-01-28T23:13:51.802+0100] {processor.py:830} INFO - Processing file /home/ubuntu/.local/lib/python3.10/site-packages/airflow/example_dags/example_short_circuit_decorator.py for tasks to queue
[2024-01-28T23:13:51.803+0100] {logging_mixin.py:188} INFO - [2024-01-28T23:13:51.803+0100] {dagbag.py:538} INFO - Filling up the DagBag from /home/ubuntu/.local/lib/python3.10/site-packages/airflow/example_dags/example_short_circuit_decorator.py
[2024-01-28T23:13:51.816+0100] {processor.py:840} INFO - DAG(s) 'example_short_circuit_decorator' retrieved from /home/ubuntu/.local/lib/python3.10/site-packages/airflow/example_dags/example_short_circuit_decorator.py
[2024-01-28T23:13:51.832+0100] {logging_mixin.py:188} INFO - [2024-01-28T23:13:51.832+0100] {dag.py:3033} INFO - Sync 1 DAGs
[2024-01-28T23:13:51.850+0100] {logging_mixin.py:188} INFO - [2024-01-28T23:13:51.849+0100] {dag.py:3820} INFO - Setting next_dagrun for example_short_circuit_decorator to 2024-01-27T00:00:00+00:00, run_after=2024-01-28T00:00:00+00:00
[2024-01-28T23:13:51.887+0100] {processor.py:183} INFO - Processing /home/ubuntu/.local/lib/python3.10/site-packages/airflow/example_dags/example_short_circuit_decorator.py took 0.092 seconds
[2024-01-28T23:14:53.177+0100] {processor.py:161} INFO - Started process (PID=16863) to work on /home/ubuntu/.local/lib/python3.10/site-packages/airflow/example_dags/example_short_circuit_decorator.py
[2024-01-28T23:14:53.180+0100] {processor.py:830} INFO - Processing file /home/ubuntu/.local/lib/python3.10/site-packages/airflow/example_dags/example_short_circuit_decorator.py for tasks to queue
[2024-01-28T23:14:53.182+0100] {logging_mixin.py:188} INFO - [2024-01-28T23:14:53.181+0100] {dagbag.py:538} INFO - Filling up the DagBag from /home/ubuntu/.local/lib/python3.10/site-packages/airflow/example_dags/example_short_circuit_decorator.py
[2024-01-28T23:14:53.191+0100] {processor.py:840} INFO - DAG(s) 'example_short_circuit_decorator' retrieved from /home/ubuntu/.local/lib/python3.10/site-packages/airflow/example_dags/example_short_circuit_decorator.py
[2024-01-28T23:14:53.208+0100] {logging_mixin.py:188} INFO - [2024-01-28T23:14:53.208+0100] {dag.py:3033} INFO - Sync 1 DAGs
[2024-01-28T23:14:53.225+0100] {logging_mixin.py:188} INFO - [2024-01-28T23:14:53.225+0100] {dag.py:3820} INFO - Setting next_dagrun for example_short_circuit_decorator to 2024-01-27T00:00:00+00:00, run_after=2024-01-28T00:00:00+00:00
[2024-01-28T23:14:53.253+0100] {processor.py:183} INFO - Processing /home/ubuntu/.local/lib/python3.10/site-packages/airflow/example_dags/example_short_circuit_decorator.py took 0.080 seconds
[2024-01-28T23:15:57.077+0100] {processor.py:161} INFO - Started process (PID=16947) to work on /home/ubuntu/.local/lib/python3.10/site-packages/airflow/example_dags/example_short_circuit_decorator.py
[2024-01-28T23:15:57.079+0100] {processor.py:830} INFO - Processing file /home/ubuntu/.local/lib/python3.10/site-packages/airflow/example_dags/example_short_circuit_decorator.py for tasks to queue
[2024-01-28T23:15:57.081+0100] {logging_mixin.py:188} INFO - [2024-01-28T23:15:57.081+0100] {dagbag.py:538} INFO - Filling up the DagBag from /home/ubuntu/.local/lib/python3.10/site-packages/airflow/example_dags/example_short_circuit_decorator.py
[2024-01-28T23:15:57.095+0100] {processor.py:840} INFO - DAG(s) 'example_short_circuit_decorator' retrieved from /home/ubuntu/.local/lib/python3.10/site-packages/airflow/example_dags/example_short_circuit_decorator.py
[2024-01-28T23:15:57.115+0100] {logging_mixin.py:188} INFO - [2024-01-28T23:15:57.114+0100] {dag.py:3033} INFO - Sync 1 DAGs
[2024-01-28T23:15:57.137+0100] {logging_mixin.py:188} INFO - [2024-01-28T23:15:57.136+0100] {dag.py:3820} INFO - Setting next_dagrun for example_short_circuit_decorator to 2024-01-27T00:00:00+00:00, run_after=2024-01-28T00:00:00+00:00
[2024-01-28T23:15:57.170+0100] {processor.py:183} INFO - Processing /home/ubuntu/.local/lib/python3.10/site-packages/airflow/example_dags/example_short_circuit_decorator.py took 0.097 seconds
[2024-01-28T23:17:03.190+0100] {processor.py:161} INFO - Started process (PID=17036) to work on /home/ubuntu/.local/lib/python3.10/site-packages/airflow/example_dags/example_short_circuit_decorator.py
[2024-01-28T23:17:03.192+0100] {processor.py:830} INFO - Processing file /home/ubuntu/.local/lib/python3.10/site-packages/airflow/example_dags/example_short_circuit_decorator.py for tasks to queue
[2024-01-28T23:17:03.194+0100] {logging_mixin.py:188} INFO - [2024-01-28T23:17:03.193+0100] {dagbag.py:538} INFO - Filling up the DagBag from /home/ubuntu/.local/lib/python3.10/site-packages/airflow/example_dags/example_short_circuit_decorator.py
[2024-01-28T23:17:03.205+0100] {processor.py:840} INFO - DAG(s) 'example_short_circuit_decorator' retrieved from /home/ubuntu/.local/lib/python3.10/site-packages/airflow/example_dags/example_short_circuit_decorator.py
[2024-01-28T23:17:03.222+0100] {logging_mixin.py:188} INFO - [2024-01-28T23:17:03.222+0100] {dag.py:3033} INFO - Sync 1 DAGs
[2024-01-28T23:17:03.242+0100] {logging_mixin.py:188} INFO - [2024-01-28T23:17:03.241+0100] {dag.py:3820} INFO - Setting next_dagrun for example_short_circuit_decorator to 2024-01-27T00:00:00+00:00, run_after=2024-01-28T00:00:00+00:00
[2024-01-28T23:17:03.278+0100] {processor.py:183} INFO - Processing /home/ubuntu/.local/lib/python3.10/site-packages/airflow/example_dags/example_short_circuit_decorator.py took 0.092 seconds
[2024-01-28T23:18:05.390+0100] {processor.py:161} INFO - Started process (PID=17106) to work on /home/ubuntu/.local/lib/python3.10/site-packages/airflow/example_dags/example_short_circuit_decorator.py
[2024-01-28T23:18:05.396+0100] {processor.py:830} INFO - Processing file /home/ubuntu/.local/lib/python3.10/site-packages/airflow/example_dags/example_short_circuit_decorator.py for tasks to queue
[2024-01-28T23:18:05.397+0100] {logging_mixin.py:188} INFO - [2024-01-28T23:18:05.396+0100] {dagbag.py:538} INFO - Filling up the DagBag from /home/ubuntu/.local/lib/python3.10/site-packages/airflow/example_dags/example_short_circuit_decorator.py
[2024-01-28T23:18:05.406+0100] {processor.py:840} INFO - DAG(s) 'example_short_circuit_decorator' retrieved from /home/ubuntu/.local/lib/python3.10/site-packages/airflow/example_dags/example_short_circuit_decorator.py
[2024-01-28T23:18:05.422+0100] {logging_mixin.py:188} INFO - [2024-01-28T23:18:05.422+0100] {dag.py:3033} INFO - Sync 1 DAGs
[2024-01-28T23:18:05.441+0100] {logging_mixin.py:188} INFO - [2024-01-28T23:18:05.441+0100] {dag.py:3820} INFO - Setting next_dagrun for example_short_circuit_decorator to 2024-01-27T00:00:00+00:00, run_after=2024-01-28T00:00:00+00:00
[2024-01-28T23:18:05.482+0100] {processor.py:183} INFO - Processing /home/ubuntu/.local/lib/python3.10/site-packages/airflow/example_dags/example_short_circuit_decorator.py took 0.095 seconds
[2024-01-28T23:19:09.538+0100] {processor.py:161} INFO - Started process (PID=17185) to work on /home/ubuntu/.local/lib/python3.10/site-packages/airflow/example_dags/example_short_circuit_decorator.py
[2024-01-28T23:19:09.541+0100] {processor.py:830} INFO - Processing file /home/ubuntu/.local/lib/python3.10/site-packages/airflow/example_dags/example_short_circuit_decorator.py for tasks to queue
[2024-01-28T23:19:09.542+0100] {logging_mixin.py:188} INFO - [2024-01-28T23:19:09.541+0100] {dagbag.py:538} INFO - Filling up the DagBag from /home/ubuntu/.local/lib/python3.10/site-packages/airflow/example_dags/example_short_circuit_decorator.py
[2024-01-28T23:19:09.553+0100] {processor.py:840} INFO - DAG(s) 'example_short_circuit_decorator' retrieved from /home/ubuntu/.local/lib/python3.10/site-packages/airflow/example_dags/example_short_circuit_decorator.py
[2024-01-28T23:19:09.572+0100] {logging_mixin.py:188} INFO - [2024-01-28T23:19:09.571+0100] {dag.py:3033} INFO - Sync 1 DAGs
[2024-01-28T23:19:09.593+0100] {logging_mixin.py:188} INFO - [2024-01-28T23:19:09.593+0100] {dag.py:3820} INFO - Setting next_dagrun for example_short_circuit_decorator to 2024-01-27T00:00:00+00:00, run_after=2024-01-28T00:00:00+00:00
[2024-01-28T23:19:09.630+0100] {processor.py:183} INFO - Processing /home/ubuntu/.local/lib/python3.10/site-packages/airflow/example_dags/example_short_circuit_decorator.py took 0.095 seconds
[2024-01-28T23:20:11.710+0100] {processor.py:161} INFO - Started process (PID=17254) to work on /home/ubuntu/.local/lib/python3.10/site-packages/airflow/example_dags/example_short_circuit_decorator.py
[2024-01-28T23:20:11.713+0100] {processor.py:830} INFO - Processing file /home/ubuntu/.local/lib/python3.10/site-packages/airflow/example_dags/example_short_circuit_decorator.py for tasks to queue
[2024-01-28T23:20:11.715+0100] {logging_mixin.py:188} INFO - [2024-01-28T23:20:11.714+0100] {dagbag.py:538} INFO - Filling up the DagBag from /home/ubuntu/.local/lib/python3.10/site-packages/airflow/example_dags/example_short_circuit_decorator.py
[2024-01-28T23:20:11.724+0100] {processor.py:840} INFO - DAG(s) 'example_short_circuit_decorator' retrieved from /home/ubuntu/.local/lib/python3.10/site-packages/airflow/example_dags/example_short_circuit_decorator.py
[2024-01-28T23:20:11.741+0100] {logging_mixin.py:188} INFO - [2024-01-28T23:20:11.741+0100] {dag.py:3033} INFO - Sync 1 DAGs
[2024-01-28T23:20:11.758+0100] {logging_mixin.py:188} INFO - [2024-01-28T23:20:11.758+0100] {dag.py:3820} INFO - Setting next_dagrun for example_short_circuit_decorator to 2024-01-27T00:00:00+00:00, run_after=2024-01-28T00:00:00+00:00
[2024-01-28T23:20:11.793+0100] {processor.py:183} INFO - Processing /home/ubuntu/.local/lib/python3.10/site-packages/airflow/example_dags/example_short_circuit_decorator.py took 0.086 seconds
[2024-01-28T23:21:15.012+0100] {processor.py:161} INFO - Started process (PID=17329) to work on /home/ubuntu/.local/lib/python3.10/site-packages/airflow/example_dags/example_short_circuit_decorator.py
[2024-01-28T23:21:15.014+0100] {processor.py:830} INFO - Processing file /home/ubuntu/.local/lib/python3.10/site-packages/airflow/example_dags/example_short_circuit_decorator.py for tasks to queue
[2024-01-28T23:21:15.020+0100] {logging_mixin.py:188} INFO - [2024-01-28T23:21:15.019+0100] {dagbag.py:538} INFO - Filling up the DagBag from /home/ubuntu/.local/lib/python3.10/site-packages/airflow/example_dags/example_short_circuit_decorator.py
[2024-01-28T23:21:15.031+0100] {processor.py:840} INFO - DAG(s) 'example_short_circuit_decorator' retrieved from /home/ubuntu/.local/lib/python3.10/site-packages/airflow/example_dags/example_short_circuit_decorator.py
[2024-01-28T23:21:15.049+0100] {logging_mixin.py:188} INFO - [2024-01-28T23:21:15.049+0100] {dag.py:3033} INFO - Sync 1 DAGs
[2024-01-28T23:21:15.071+0100] {logging_mixin.py:188} INFO - [2024-01-28T23:21:15.071+0100] {dag.py:3820} INFO - Setting next_dagrun for example_short_circuit_decorator to 2024-01-27T00:00:00+00:00, run_after=2024-01-28T00:00:00+00:00
[2024-01-28T23:21:15.110+0100] {processor.py:183} INFO - Processing /home/ubuntu/.local/lib/python3.10/site-packages/airflow/example_dags/example_short_circuit_decorator.py took 0.102 seconds
[2024-01-28T23:22:18.623+0100] {processor.py:161} INFO - Started process (PID=17401) to work on /home/ubuntu/.local/lib/python3.10/site-packages/airflow/example_dags/example_short_circuit_decorator.py
[2024-01-28T23:22:18.627+0100] {processor.py:830} INFO - Processing file /home/ubuntu/.local/lib/python3.10/site-packages/airflow/example_dags/example_short_circuit_decorator.py for tasks to queue
[2024-01-28T23:22:18.628+0100] {logging_mixin.py:188} INFO - [2024-01-28T23:22:18.627+0100] {dagbag.py:538} INFO - Filling up the DagBag from /home/ubuntu/.local/lib/python3.10/site-packages/airflow/example_dags/example_short_circuit_decorator.py
[2024-01-28T23:22:18.637+0100] {processor.py:840} INFO - DAG(s) 'example_short_circuit_decorator' retrieved from /home/ubuntu/.local/lib/python3.10/site-packages/airflow/example_dags/example_short_circuit_decorator.py
[2024-01-28T23:22:18.658+0100] {logging_mixin.py:188} INFO - [2024-01-28T23:22:18.658+0100] {dag.py:3033} INFO - Sync 1 DAGs
[2024-01-28T23:22:18.679+0100] {logging_mixin.py:188} INFO - [2024-01-28T23:22:18.679+0100] {dag.py:3820} INFO - Setting next_dagrun for example_short_circuit_decorator to 2024-01-27T00:00:00+00:00, run_after=2024-01-28T00:00:00+00:00
[2024-01-28T23:22:18.707+0100] {processor.py:183} INFO - Processing /home/ubuntu/.local/lib/python3.10/site-packages/airflow/example_dags/example_short_circuit_decorator.py took 0.088 seconds
[2024-01-28T23:23:22.242+0100] {processor.py:161} INFO - Started process (PID=17475) to work on /home/ubuntu/.local/lib/python3.10/site-packages/airflow/example_dags/example_short_circuit_decorator.py
[2024-01-28T23:23:22.245+0100] {processor.py:830} INFO - Processing file /home/ubuntu/.local/lib/python3.10/site-packages/airflow/example_dags/example_short_circuit_decorator.py for tasks to queue
[2024-01-28T23:23:22.246+0100] {logging_mixin.py:188} INFO - [2024-01-28T23:23:22.246+0100] {dagbag.py:538} INFO - Filling up the DagBag from /home/ubuntu/.local/lib/python3.10/site-packages/airflow/example_dags/example_short_circuit_decorator.py
[2024-01-28T23:23:22.262+0100] {processor.py:840} INFO - DAG(s) 'example_short_circuit_decorator' retrieved from /home/ubuntu/.local/lib/python3.10/site-packages/airflow/example_dags/example_short_circuit_decorator.py
[2024-01-28T23:23:22.284+0100] {logging_mixin.py:188} INFO - [2024-01-28T23:23:22.284+0100] {dag.py:3033} INFO - Sync 1 DAGs
[2024-01-28T23:23:22.308+0100] {logging_mixin.py:188} INFO - [2024-01-28T23:23:22.307+0100] {dag.py:3820} INFO - Setting next_dagrun for example_short_circuit_decorator to 2024-01-27T00:00:00+00:00, run_after=2024-01-28T00:00:00+00:00
[2024-01-28T23:23:22.342+0100] {processor.py:183} INFO - Processing /home/ubuntu/.local/lib/python3.10/site-packages/airflow/example_dags/example_short_circuit_decorator.py took 0.103 seconds
[2024-01-28T23:24:35.402+0100] {processor.py:161} INFO - Started process (PID=17551) to work on /home/ubuntu/.local/lib/python3.10/site-packages/airflow/example_dags/example_short_circuit_decorator.py
[2024-01-28T23:24:35.404+0100] {processor.py:830} INFO - Processing file /home/ubuntu/.local/lib/python3.10/site-packages/airflow/example_dags/example_short_circuit_decorator.py for tasks to queue
[2024-01-28T23:24:35.406+0100] {logging_mixin.py:188} INFO - [2024-01-28T23:24:35.405+0100] {dagbag.py:538} INFO - Filling up the DagBag from /home/ubuntu/.local/lib/python3.10/site-packages/airflow/example_dags/example_short_circuit_decorator.py
[2024-01-28T23:24:35.421+0100] {processor.py:840} INFO - DAG(s) 'example_short_circuit_decorator' retrieved from /home/ubuntu/.local/lib/python3.10/site-packages/airflow/example_dags/example_short_circuit_decorator.py
[2024-01-28T23:24:35.456+0100] {logging_mixin.py:188} INFO - [2024-01-28T23:24:35.455+0100] {dag.py:3033} INFO - Sync 1 DAGs
[2024-01-28T23:24:35.489+0100] {logging_mixin.py:188} INFO - [2024-01-28T23:24:35.489+0100] {dag.py:3820} INFO - Setting next_dagrun for example_short_circuit_decorator to 2024-01-27T00:00:00+00:00, run_after=2024-01-28T00:00:00+00:00
[2024-01-28T23:24:35.527+0100] {processor.py:183} INFO - Processing /home/ubuntu/.local/lib/python3.10/site-packages/airflow/example_dags/example_short_circuit_decorator.py took 0.130 seconds
[2024-01-28T23:25:24.955+0100] {processor.py:161} INFO - Started process (PID=17605) to work on /home/ubuntu/.local/lib/python3.10/site-packages/airflow/example_dags/example_short_circuit_decorator.py
[2024-01-28T23:25:24.958+0100] {processor.py:830} INFO - Processing file /home/ubuntu/.local/lib/python3.10/site-packages/airflow/example_dags/example_short_circuit_decorator.py for tasks to queue
[2024-01-28T23:25:24.959+0100] {logging_mixin.py:188} INFO - [2024-01-28T23:25:24.959+0100] {dagbag.py:538} INFO - Filling up the DagBag from /home/ubuntu/.local/lib/python3.10/site-packages/airflow/example_dags/example_short_circuit_decorator.py
[2024-01-28T23:25:24.970+0100] {processor.py:840} INFO - DAG(s) 'example_short_circuit_decorator' retrieved from /home/ubuntu/.local/lib/python3.10/site-packages/airflow/example_dags/example_short_circuit_decorator.py
[2024-01-28T23:25:24.988+0100] {logging_mixin.py:188} INFO - [2024-01-28T23:25:24.988+0100] {dag.py:3033} INFO - Sync 1 DAGs
[2024-01-28T23:25:25.008+0100] {logging_mixin.py:188} INFO - [2024-01-28T23:25:25.008+0100] {dag.py:3820} INFO - Setting next_dagrun for example_short_circuit_decorator to 2024-01-27T00:00:00+00:00, run_after=2024-01-28T00:00:00+00:00
[2024-01-28T23:25:25.040+0100] {processor.py:183} INFO - Processing /home/ubuntu/.local/lib/python3.10/site-packages/airflow/example_dags/example_short_circuit_decorator.py took 0.088 seconds
[2024-01-28T23:26:31.814+0100] {processor.py:161} INFO - Started process (PID=17685) to work on /home/ubuntu/.local/lib/python3.10/site-packages/airflow/example_dags/example_short_circuit_decorator.py
[2024-01-28T23:26:31.816+0100] {processor.py:830} INFO - Processing file /home/ubuntu/.local/lib/python3.10/site-packages/airflow/example_dags/example_short_circuit_decorator.py for tasks to queue
[2024-01-28T23:26:31.818+0100] {logging_mixin.py:188} INFO - [2024-01-28T23:26:31.817+0100] {dagbag.py:538} INFO - Filling up the DagBag from /home/ubuntu/.local/lib/python3.10/site-packages/airflow/example_dags/example_short_circuit_decorator.py
[2024-01-28T23:26:31.828+0100] {processor.py:840} INFO - DAG(s) 'example_short_circuit_decorator' retrieved from /home/ubuntu/.local/lib/python3.10/site-packages/airflow/example_dags/example_short_circuit_decorator.py
[2024-01-28T23:26:31.849+0100] {logging_mixin.py:188} INFO - [2024-01-28T23:26:31.849+0100] {dag.py:3033} INFO - Sync 1 DAGs
[2024-01-28T23:26:31.871+0100] {logging_mixin.py:188} INFO - [2024-01-28T23:26:31.871+0100] {dag.py:3820} INFO - Setting next_dagrun for example_short_circuit_decorator to 2024-01-27T00:00:00+00:00, run_after=2024-01-28T00:00:00+00:00
[2024-01-28T23:26:31.904+0100] {processor.py:183} INFO - Processing /home/ubuntu/.local/lib/python3.10/site-packages/airflow/example_dags/example_short_circuit_decorator.py took 0.093 seconds
[2024-01-28T23:27:33.476+0100] {processor.py:161} INFO - Started process (PID=17759) to work on /home/ubuntu/.local/lib/python3.10/site-packages/airflow/example_dags/example_short_circuit_decorator.py
[2024-01-28T23:27:33.479+0100] {processor.py:830} INFO - Processing file /home/ubuntu/.local/lib/python3.10/site-packages/airflow/example_dags/example_short_circuit_decorator.py for tasks to queue
[2024-01-28T23:27:33.480+0100] {logging_mixin.py:188} INFO - [2024-01-28T23:27:33.479+0100] {dagbag.py:538} INFO - Filling up the DagBag from /home/ubuntu/.local/lib/python3.10/site-packages/airflow/example_dags/example_short_circuit_decorator.py
[2024-01-28T23:27:33.490+0100] {processor.py:840} INFO - DAG(s) 'example_short_circuit_decorator' retrieved from /home/ubuntu/.local/lib/python3.10/site-packages/airflow/example_dags/example_short_circuit_decorator.py
[2024-01-28T23:27:33.506+0100] {logging_mixin.py:188} INFO - [2024-01-28T23:27:33.506+0100] {dag.py:3033} INFO - Sync 1 DAGs
[2024-01-28T23:27:33.525+0100] {logging_mixin.py:188} INFO - [2024-01-28T23:27:33.525+0100] {dag.py:3820} INFO - Setting next_dagrun for example_short_circuit_decorator to 2024-01-27T00:00:00+00:00, run_after=2024-01-28T00:00:00+00:00
[2024-01-28T23:27:33.551+0100] {processor.py:183} INFO - Processing /home/ubuntu/.local/lib/python3.10/site-packages/airflow/example_dags/example_short_circuit_decorator.py took 0.078 seconds
[2024-01-28T23:28:37.914+0100] {processor.py:161} INFO - Started process (PID=17834) to work on /home/ubuntu/.local/lib/python3.10/site-packages/airflow/example_dags/example_short_circuit_decorator.py
[2024-01-28T23:28:37.928+0100] {processor.py:830} INFO - Processing file /home/ubuntu/.local/lib/python3.10/site-packages/airflow/example_dags/example_short_circuit_decorator.py for tasks to queue
[2024-01-28T23:28:37.929+0100] {logging_mixin.py:188} INFO - [2024-01-28T23:28:37.929+0100] {dagbag.py:538} INFO - Filling up the DagBag from /home/ubuntu/.local/lib/python3.10/site-packages/airflow/example_dags/example_short_circuit_decorator.py
[2024-01-28T23:28:37.939+0100] {processor.py:840} INFO - DAG(s) 'example_short_circuit_decorator' retrieved from /home/ubuntu/.local/lib/python3.10/site-packages/airflow/example_dags/example_short_circuit_decorator.py
[2024-01-28T23:28:37.955+0100] {logging_mixin.py:188} INFO - [2024-01-28T23:28:37.955+0100] {dag.py:3033} INFO - Sync 1 DAGs
[2024-01-28T23:28:37.984+0100] {logging_mixin.py:188} INFO - [2024-01-28T23:28:37.984+0100] {dag.py:3820} INFO - Setting next_dagrun for example_short_circuit_decorator to 2024-01-27T00:00:00+00:00, run_after=2024-01-28T00:00:00+00:00
[2024-01-28T23:28:38.023+0100] {processor.py:183} INFO - Processing /home/ubuntu/.local/lib/python3.10/site-packages/airflow/example_dags/example_short_circuit_decorator.py took 0.111 seconds
[2024-01-28T23:29:44.438+0100] {processor.py:161} INFO - Started process (PID=17908) to work on /home/ubuntu/.local/lib/python3.10/site-packages/airflow/example_dags/example_short_circuit_decorator.py
[2024-01-28T23:29:44.441+0100] {processor.py:830} INFO - Processing file /home/ubuntu/.local/lib/python3.10/site-packages/airflow/example_dags/example_short_circuit_decorator.py for tasks to queue
[2024-01-28T23:29:44.443+0100] {logging_mixin.py:188} INFO - [2024-01-28T23:29:44.442+0100] {dagbag.py:538} INFO - Filling up the DagBag from /home/ubuntu/.local/lib/python3.10/site-packages/airflow/example_dags/example_short_circuit_decorator.py
[2024-01-28T23:29:44.453+0100] {processor.py:840} INFO - DAG(s) 'example_short_circuit_decorator' retrieved from /home/ubuntu/.local/lib/python3.10/site-packages/airflow/example_dags/example_short_circuit_decorator.py
[2024-01-28T23:29:44.474+0100] {logging_mixin.py:188} INFO - [2024-01-28T23:29:44.474+0100] {dag.py:3033} INFO - Sync 1 DAGs
[2024-01-28T23:29:44.495+0100] {logging_mixin.py:188} INFO - [2024-01-28T23:29:44.494+0100] {dag.py:3820} INFO - Setting next_dagrun for example_short_circuit_decorator to 2024-01-27T00:00:00+00:00, run_after=2024-01-28T00:00:00+00:00
[2024-01-28T23:29:44.524+0100] {processor.py:183} INFO - Processing /home/ubuntu/.local/lib/python3.10/site-packages/airflow/example_dags/example_short_circuit_decorator.py took 0.088 seconds
[2024-01-28T23:30:49.286+0100] {processor.py:161} INFO - Started process (PID=17988) to work on /home/ubuntu/.local/lib/python3.10/site-packages/airflow/example_dags/example_short_circuit_decorator.py
[2024-01-28T23:30:49.288+0100] {processor.py:830} INFO - Processing file /home/ubuntu/.local/lib/python3.10/site-packages/airflow/example_dags/example_short_circuit_decorator.py for tasks to queue
[2024-01-28T23:30:49.289+0100] {logging_mixin.py:188} INFO - [2024-01-28T23:30:49.289+0100] {dagbag.py:538} INFO - Filling up the DagBag from /home/ubuntu/.local/lib/python3.10/site-packages/airflow/example_dags/example_short_circuit_decorator.py
[2024-01-28T23:30:49.303+0100] {processor.py:840} INFO - DAG(s) 'example_short_circuit_decorator' retrieved from /home/ubuntu/.local/lib/python3.10/site-packages/airflow/example_dags/example_short_circuit_decorator.py
[2024-01-28T23:30:49.321+0100] {logging_mixin.py:188} INFO - [2024-01-28T23:30:49.321+0100] {dag.py:3033} INFO - Sync 1 DAGs
[2024-01-28T23:30:49.343+0100] {logging_mixin.py:188} INFO - [2024-01-28T23:30:49.342+0100] {dag.py:3820} INFO - Setting next_dagrun for example_short_circuit_decorator to 2024-01-27T00:00:00+00:00, run_after=2024-01-28T00:00:00+00:00
[2024-01-28T23:30:49.371+0100] {processor.py:183} INFO - Processing /home/ubuntu/.local/lib/python3.10/site-packages/airflow/example_dags/example_short_circuit_decorator.py took 0.089 seconds
[2024-01-28T23:31:59.766+0100] {processor.py:161} INFO - Started process (PID=18064) to work on /home/ubuntu/.local/lib/python3.10/site-packages/airflow/example_dags/example_short_circuit_decorator.py
[2024-01-28T23:31:59.768+0100] {processor.py:830} INFO - Processing file /home/ubuntu/.local/lib/python3.10/site-packages/airflow/example_dags/example_short_circuit_decorator.py for tasks to queue
[2024-01-28T23:31:59.770+0100] {logging_mixin.py:188} INFO - [2024-01-28T23:31:59.769+0100] {dagbag.py:538} INFO - Filling up the DagBag from /home/ubuntu/.local/lib/python3.10/site-packages/airflow/example_dags/example_short_circuit_decorator.py
[2024-01-28T23:31:59.780+0100] {processor.py:840} INFO - DAG(s) 'example_short_circuit_decorator' retrieved from /home/ubuntu/.local/lib/python3.10/site-packages/airflow/example_dags/example_short_circuit_decorator.py
[2024-01-28T23:31:59.800+0100] {logging_mixin.py:188} INFO - [2024-01-28T23:31:59.799+0100] {dag.py:3033} INFO - Sync 1 DAGs
[2024-01-28T23:31:59.817+0100] {logging_mixin.py:188} INFO - [2024-01-28T23:31:59.817+0100] {dag.py:3820} INFO - Setting next_dagrun for example_short_circuit_decorator to 2024-01-27T00:00:00+00:00, run_after=2024-01-28T00:00:00+00:00
[2024-01-28T23:31:59.846+0100] {processor.py:183} INFO - Processing /home/ubuntu/.local/lib/python3.10/site-packages/airflow/example_dags/example_short_circuit_decorator.py took 0.083 seconds
[2024-01-28T23:32:51.041+0100] {processor.py:161} INFO - Started process (PID=18123) to work on /home/ubuntu/.local/lib/python3.10/site-packages/airflow/example_dags/example_short_circuit_decorator.py
[2024-01-28T23:32:51.043+0100] {processor.py:830} INFO - Processing file /home/ubuntu/.local/lib/python3.10/site-packages/airflow/example_dags/example_short_circuit_decorator.py for tasks to queue
[2024-01-28T23:32:51.045+0100] {logging_mixin.py:188} INFO - [2024-01-28T23:32:51.044+0100] {dagbag.py:538} INFO - Filling up the DagBag from /home/ubuntu/.local/lib/python3.10/site-packages/airflow/example_dags/example_short_circuit_decorator.py
[2024-01-28T23:32:51.062+0100] {processor.py:840} INFO - DAG(s) 'example_short_circuit_decorator' retrieved from /home/ubuntu/.local/lib/python3.10/site-packages/airflow/example_dags/example_short_circuit_decorator.py
[2024-01-28T23:32:51.090+0100] {logging_mixin.py:188} INFO - [2024-01-28T23:32:51.090+0100] {dag.py:3033} INFO - Sync 1 DAGs
[2024-01-28T23:32:51.122+0100] {logging_mixin.py:188} INFO - [2024-01-28T23:32:51.122+0100] {dag.py:3820} INFO - Setting next_dagrun for example_short_circuit_decorator to 2024-01-27T00:00:00+00:00, run_after=2024-01-28T00:00:00+00:00
[2024-01-28T23:32:51.155+0100] {processor.py:183} INFO - Processing /home/ubuntu/.local/lib/python3.10/site-packages/airflow/example_dags/example_short_circuit_decorator.py took 0.118 seconds
[2024-01-28T23:34:11.520+0100] {processor.py:161} INFO - Started process (PID=18214) to work on /home/ubuntu/.local/lib/python3.10/site-packages/airflow/example_dags/example_short_circuit_decorator.py
[2024-01-28T23:34:11.522+0100] {processor.py:830} INFO - Processing file /home/ubuntu/.local/lib/python3.10/site-packages/airflow/example_dags/example_short_circuit_decorator.py for tasks to queue
[2024-01-28T23:34:11.524+0100] {logging_mixin.py:188} INFO - [2024-01-28T23:34:11.523+0100] {dagbag.py:538} INFO - Filling up the DagBag from /home/ubuntu/.local/lib/python3.10/site-packages/airflow/example_dags/example_short_circuit_decorator.py
[2024-01-28T23:34:11.535+0100] {processor.py:840} INFO - DAG(s) 'example_short_circuit_decorator' retrieved from /home/ubuntu/.local/lib/python3.10/site-packages/airflow/example_dags/example_short_circuit_decorator.py
[2024-01-28T23:34:11.554+0100] {logging_mixin.py:188} INFO - [2024-01-28T23:34:11.554+0100] {dag.py:3033} INFO - Sync 1 DAGs
[2024-01-28T23:34:11.705+0100] {logging_mixin.py:188} INFO - [2024-01-28T23:34:11.705+0100] {dag.py:3820} INFO - Setting next_dagrun for example_short_circuit_decorator to 2024-01-27T00:00:00+00:00, run_after=2024-01-28T00:00:00+00:00
[2024-01-28T23:34:11.736+0100] {processor.py:183} INFO - Processing /home/ubuntu/.local/lib/python3.10/site-packages/airflow/example_dags/example_short_circuit_decorator.py took 0.223 seconds
[2024-01-28T23:35:08.161+0100] {processor.py:161} INFO - Started process (PID=18271) to work on /home/ubuntu/.local/lib/python3.10/site-packages/airflow/example_dags/example_short_circuit_decorator.py
[2024-01-28T23:35:08.163+0100] {processor.py:830} INFO - Processing file /home/ubuntu/.local/lib/python3.10/site-packages/airflow/example_dags/example_short_circuit_decorator.py for tasks to queue
[2024-01-28T23:35:08.165+0100] {logging_mixin.py:188} INFO - [2024-01-28T23:35:08.164+0100] {dagbag.py:538} INFO - Filling up the DagBag from /home/ubuntu/.local/lib/python3.10/site-packages/airflow/example_dags/example_short_circuit_decorator.py
[2024-01-28T23:35:08.174+0100] {processor.py:840} INFO - DAG(s) 'example_short_circuit_decorator' retrieved from /home/ubuntu/.local/lib/python3.10/site-packages/airflow/example_dags/example_short_circuit_decorator.py
[2024-01-28T23:35:08.191+0100] {logging_mixin.py:188} INFO - [2024-01-28T23:35:08.191+0100] {dag.py:3033} INFO - Sync 1 DAGs
[2024-01-28T23:35:08.215+0100] {logging_mixin.py:188} INFO - [2024-01-28T23:35:08.214+0100] {dag.py:3820} INFO - Setting next_dagrun for example_short_circuit_decorator to 2024-01-27T00:00:00+00:00, run_after=2024-01-28T00:00:00+00:00
[2024-01-28T23:35:08.249+0100] {processor.py:183} INFO - Processing /home/ubuntu/.local/lib/python3.10/site-packages/airflow/example_dags/example_short_circuit_decorator.py took 0.091 seconds
[2024-01-28T23:36:19.976+0100] {processor.py:161} INFO - Started process (PID=18352) to work on /home/ubuntu/.local/lib/python3.10/site-packages/airflow/example_dags/example_short_circuit_decorator.py
[2024-01-28T23:36:19.979+0100] {processor.py:830} INFO - Processing file /home/ubuntu/.local/lib/python3.10/site-packages/airflow/example_dags/example_short_circuit_decorator.py for tasks to queue
[2024-01-28T23:36:19.980+0100] {logging_mixin.py:188} INFO - [2024-01-28T23:36:19.980+0100] {dagbag.py:538} INFO - Filling up the DagBag from /home/ubuntu/.local/lib/python3.10/site-packages/airflow/example_dags/example_short_circuit_decorator.py
[2024-01-28T23:36:19.992+0100] {processor.py:840} INFO - DAG(s) 'example_short_circuit_decorator' retrieved from /home/ubuntu/.local/lib/python3.10/site-packages/airflow/example_dags/example_short_circuit_decorator.py
[2024-01-28T23:36:20.009+0100] {logging_mixin.py:188} INFO - [2024-01-28T23:36:20.009+0100] {dag.py:3033} INFO - Sync 1 DAGs
[2024-01-28T23:36:20.027+0100] {logging_mixin.py:188} INFO - [2024-01-28T23:36:20.027+0100] {dag.py:3820} INFO - Setting next_dagrun for example_short_circuit_decorator to 2024-01-27T00:00:00+00:00, run_after=2024-01-28T00:00:00+00:00
[2024-01-28T23:36:20.058+0100] {processor.py:183} INFO - Processing /home/ubuntu/.local/lib/python3.10/site-packages/airflow/example_dags/example_short_circuit_decorator.py took 0.088 seconds
[2024-01-28T23:37:32.918+0100] {processor.py:161} INFO - Started process (PID=18426) to work on /home/ubuntu/.local/lib/python3.10/site-packages/airflow/example_dags/example_short_circuit_decorator.py
[2024-01-28T23:37:32.921+0100] {processor.py:830} INFO - Processing file /home/ubuntu/.local/lib/python3.10/site-packages/airflow/example_dags/example_short_circuit_decorator.py for tasks to queue
[2024-01-28T23:37:32.922+0100] {logging_mixin.py:188} INFO - [2024-01-28T23:37:32.921+0100] {dagbag.py:538} INFO - Filling up the DagBag from /home/ubuntu/.local/lib/python3.10/site-packages/airflow/example_dags/example_short_circuit_decorator.py
[2024-01-28T23:37:32.932+0100] {processor.py:840} INFO - DAG(s) 'example_short_circuit_decorator' retrieved from /home/ubuntu/.local/lib/python3.10/site-packages/airflow/example_dags/example_short_circuit_decorator.py
[2024-01-28T23:37:33.052+0100] {logging_mixin.py:188} INFO - [2024-01-28T23:37:33.052+0100] {dag.py:3033} INFO - Sync 1 DAGs
[2024-01-28T23:37:33.067+0100] {logging_mixin.py:188} INFO - [2024-01-28T23:37:33.067+0100] {dag.py:3820} INFO - Setting next_dagrun for example_short_circuit_decorator to 2024-01-27T00:00:00+00:00, run_after=2024-01-28T00:00:00+00:00
[2024-01-28T23:37:33.094+0100] {processor.py:183} INFO - Processing /home/ubuntu/.local/lib/python3.10/site-packages/airflow/example_dags/example_short_circuit_decorator.py took 0.181 seconds
[2024-01-28T23:38:45.701+0100] {processor.py:161} INFO - Started process (PID=19194) to work on /home/ubuntu/.local/lib/python3.10/site-packages/airflow/example_dags/example_short_circuit_decorator.py
[2024-01-28T23:38:45.704+0100] {processor.py:830} INFO - Processing file /home/ubuntu/.local/lib/python3.10/site-packages/airflow/example_dags/example_short_circuit_decorator.py for tasks to queue
[2024-01-28T23:38:45.705+0100] {logging_mixin.py:188} INFO - [2024-01-28T23:38:45.704+0100] {dagbag.py:538} INFO - Filling up the DagBag from /home/ubuntu/.local/lib/python3.10/site-packages/airflow/example_dags/example_short_circuit_decorator.py
[2024-01-28T23:38:45.717+0100] {processor.py:840} INFO - DAG(s) 'example_short_circuit_decorator' retrieved from /home/ubuntu/.local/lib/python3.10/site-packages/airflow/example_dags/example_short_circuit_decorator.py
[2024-01-28T23:38:45.738+0100] {logging_mixin.py:188} INFO - [2024-01-28T23:38:45.738+0100] {dag.py:3033} INFO - Sync 1 DAGs
[2024-01-28T23:38:45.870+0100] {logging_mixin.py:188} INFO - [2024-01-28T23:38:45.870+0100] {dag.py:3820} INFO - Setting next_dagrun for example_short_circuit_decorator to 2024-01-27T00:00:00+00:00, run_after=2024-01-28T00:00:00+00:00
[2024-01-28T23:38:45.900+0100] {processor.py:183} INFO - Processing /home/ubuntu/.local/lib/python3.10/site-packages/airflow/example_dags/example_short_circuit_decorator.py took 0.202 seconds
[2024-01-28T23:39:41.559+0100] {processor.py:161} INFO - Started process (PID=19251) to work on /home/ubuntu/.local/lib/python3.10/site-packages/airflow/example_dags/example_short_circuit_decorator.py
[2024-01-28T23:39:41.562+0100] {processor.py:830} INFO - Processing file /home/ubuntu/.local/lib/python3.10/site-packages/airflow/example_dags/example_short_circuit_decorator.py for tasks to queue
[2024-01-28T23:39:41.563+0100] {logging_mixin.py:188} INFO - [2024-01-28T23:39:41.563+0100] {dagbag.py:538} INFO - Filling up the DagBag from /home/ubuntu/.local/lib/python3.10/site-packages/airflow/example_dags/example_short_circuit_decorator.py
[2024-01-28T23:39:41.576+0100] {processor.py:840} INFO - DAG(s) 'example_short_circuit_decorator' retrieved from /home/ubuntu/.local/lib/python3.10/site-packages/airflow/example_dags/example_short_circuit_decorator.py
[2024-01-28T23:39:41.595+0100] {logging_mixin.py:188} INFO - [2024-01-28T23:39:41.595+0100] {dag.py:3033} INFO - Sync 1 DAGs
[2024-01-28T23:39:41.613+0100] {logging_mixin.py:188} INFO - [2024-01-28T23:39:41.613+0100] {dag.py:3820} INFO - Setting next_dagrun for example_short_circuit_decorator to 2024-01-27T00:00:00+00:00, run_after=2024-01-28T00:00:00+00:00
[2024-01-28T23:39:41.643+0100] {processor.py:183} INFO - Processing /home/ubuntu/.local/lib/python3.10/site-packages/airflow/example_dags/example_short_circuit_decorator.py took 0.087 seconds
[2024-01-28T23:40:43.029+0100] {processor.py:161} INFO - Started process (PID=19328) to work on /home/ubuntu/.local/lib/python3.10/site-packages/airflow/example_dags/example_short_circuit_decorator.py
[2024-01-28T23:40:43.031+0100] {processor.py:830} INFO - Processing file /home/ubuntu/.local/lib/python3.10/site-packages/airflow/example_dags/example_short_circuit_decorator.py for tasks to queue
[2024-01-28T23:40:43.032+0100] {logging_mixin.py:188} INFO - [2024-01-28T23:40:43.032+0100] {dagbag.py:538} INFO - Filling up the DagBag from /home/ubuntu/.local/lib/python3.10/site-packages/airflow/example_dags/example_short_circuit_decorator.py
[2024-01-28T23:40:43.043+0100] {processor.py:840} INFO - DAG(s) 'example_short_circuit_decorator' retrieved from /home/ubuntu/.local/lib/python3.10/site-packages/airflow/example_dags/example_short_circuit_decorator.py
[2024-01-28T23:40:43.062+0100] {logging_mixin.py:188} INFO - [2024-01-28T23:40:43.061+0100] {dag.py:3033} INFO - Sync 1 DAGs
[2024-01-28T23:40:43.085+0100] {logging_mixin.py:188} INFO - [2024-01-28T23:40:43.085+0100] {dag.py:3820} INFO - Setting next_dagrun for example_short_circuit_decorator to 2024-01-27T00:00:00+00:00, run_after=2024-01-28T00:00:00+00:00
[2024-01-28T23:40:43.143+0100] {processor.py:183} INFO - Processing /home/ubuntu/.local/lib/python3.10/site-packages/airflow/example_dags/example_short_circuit_decorator.py took 0.118 seconds
[2024-01-28T23:41:43.228+0100] {processor.py:161} INFO - Started process (PID=19410) to work on /home/ubuntu/.local/lib/python3.10/site-packages/airflow/example_dags/example_short_circuit_decorator.py
[2024-01-28T23:41:43.231+0100] {processor.py:830} INFO - Processing file /home/ubuntu/.local/lib/python3.10/site-packages/airflow/example_dags/example_short_circuit_decorator.py for tasks to queue
[2024-01-28T23:41:43.234+0100] {logging_mixin.py:188} INFO - [2024-01-28T23:41:43.233+0100] {dagbag.py:538} INFO - Filling up the DagBag from /home/ubuntu/.local/lib/python3.10/site-packages/airflow/example_dags/example_short_circuit_decorator.py
[2024-01-28T23:41:43.248+0100] {processor.py:840} INFO - DAG(s) 'example_short_circuit_decorator' retrieved from /home/ubuntu/.local/lib/python3.10/site-packages/airflow/example_dags/example_short_circuit_decorator.py
[2024-01-28T23:41:43.274+0100] {logging_mixin.py:188} INFO - [2024-01-28T23:41:43.273+0100] {dag.py:3033} INFO - Sync 1 DAGs
[2024-01-28T23:41:43.300+0100] {logging_mixin.py:188} INFO - [2024-01-28T23:41:43.300+0100] {dag.py:3820} INFO - Setting next_dagrun for example_short_circuit_decorator to 2024-01-27T00:00:00+00:00, run_after=2024-01-28T00:00:00+00:00
[2024-01-28T23:41:43.338+0100] {processor.py:183} INFO - Processing /home/ubuntu/.local/lib/python3.10/site-packages/airflow/example_dags/example_short_circuit_decorator.py took 0.114 seconds
[2024-01-28T23:42:45.799+0100] {processor.py:161} INFO - Started process (PID=19485) to work on /home/ubuntu/.local/lib/python3.10/site-packages/airflow/example_dags/example_short_circuit_decorator.py
[2024-01-28T23:42:45.802+0100] {processor.py:830} INFO - Processing file /home/ubuntu/.local/lib/python3.10/site-packages/airflow/example_dags/example_short_circuit_decorator.py for tasks to queue
[2024-01-28T23:42:45.803+0100] {logging_mixin.py:188} INFO - [2024-01-28T23:42:45.803+0100] {dagbag.py:538} INFO - Filling up the DagBag from /home/ubuntu/.local/lib/python3.10/site-packages/airflow/example_dags/example_short_circuit_decorator.py
[2024-01-28T23:42:45.814+0100] {processor.py:840} INFO - DAG(s) 'example_short_circuit_decorator' retrieved from /home/ubuntu/.local/lib/python3.10/site-packages/airflow/example_dags/example_short_circuit_decorator.py
[2024-01-28T23:42:45.834+0100] {logging_mixin.py:188} INFO - [2024-01-28T23:42:45.834+0100] {dag.py:3033} INFO - Sync 1 DAGs
[2024-01-28T23:42:45.855+0100] {logging_mixin.py:188} INFO - [2024-01-28T23:42:45.855+0100] {dag.py:3820} INFO - Setting next_dagrun for example_short_circuit_decorator to 2024-01-27T00:00:00+00:00, run_after=2024-01-28T00:00:00+00:00
[2024-01-28T23:42:45.893+0100] {processor.py:183} INFO - Processing /home/ubuntu/.local/lib/python3.10/site-packages/airflow/example_dags/example_short_circuit_decorator.py took 0.098 seconds
[2024-01-28T23:43:52.543+0100] {processor.py:161} INFO - Started process (PID=19556) to work on /home/ubuntu/.local/lib/python3.10/site-packages/airflow/example_dags/example_short_circuit_decorator.py
[2024-01-28T23:43:52.545+0100] {processor.py:830} INFO - Processing file /home/ubuntu/.local/lib/python3.10/site-packages/airflow/example_dags/example_short_circuit_decorator.py for tasks to queue
[2024-01-28T23:43:52.547+0100] {logging_mixin.py:188} INFO - [2024-01-28T23:43:52.547+0100] {dagbag.py:538} INFO - Filling up the DagBag from /home/ubuntu/.local/lib/python3.10/site-packages/airflow/example_dags/example_short_circuit_decorator.py
[2024-01-28T23:43:52.561+0100] {processor.py:840} INFO - DAG(s) 'example_short_circuit_decorator' retrieved from /home/ubuntu/.local/lib/python3.10/site-packages/airflow/example_dags/example_short_circuit_decorator.py
[2024-01-28T23:43:52.587+0100] {logging_mixin.py:188} INFO - [2024-01-28T23:43:52.587+0100] {dag.py:3033} INFO - Sync 1 DAGs
[2024-01-28T23:43:52.612+0100] {logging_mixin.py:188} INFO - [2024-01-28T23:43:52.611+0100] {dag.py:3820} INFO - Setting next_dagrun for example_short_circuit_decorator to 2024-01-27T00:00:00+00:00, run_after=2024-01-28T00:00:00+00:00
[2024-01-28T23:43:52.654+0100] {processor.py:183} INFO - Processing /home/ubuntu/.local/lib/python3.10/site-packages/airflow/example_dags/example_short_circuit_decorator.py took 0.117 seconds
[2024-01-28T23:45:01.275+0100] {processor.py:161} INFO - Started process (PID=19637) to work on /home/ubuntu/.local/lib/python3.10/site-packages/airflow/example_dags/example_short_circuit_decorator.py
[2024-01-28T23:45:01.277+0100] {processor.py:830} INFO - Processing file /home/ubuntu/.local/lib/python3.10/site-packages/airflow/example_dags/example_short_circuit_decorator.py for tasks to queue
[2024-01-28T23:45:01.278+0100] {logging_mixin.py:188} INFO - [2024-01-28T23:45:01.277+0100] {dagbag.py:538} INFO - Filling up the DagBag from /home/ubuntu/.local/lib/python3.10/site-packages/airflow/example_dags/example_short_circuit_decorator.py
[2024-01-28T23:45:01.289+0100] {processor.py:840} INFO - DAG(s) 'example_short_circuit_decorator' retrieved from /home/ubuntu/.local/lib/python3.10/site-packages/airflow/example_dags/example_short_circuit_decorator.py
[2024-01-28T23:45:01.308+0100] {logging_mixin.py:188} INFO - [2024-01-28T23:45:01.308+0100] {dag.py:3033} INFO - Sync 1 DAGs
[2024-01-28T23:45:01.332+0100] {logging_mixin.py:188} INFO - [2024-01-28T23:45:01.332+0100] {dag.py:3820} INFO - Setting next_dagrun for example_short_circuit_decorator to 2024-01-27T00:00:00+00:00, run_after=2024-01-28T00:00:00+00:00
[2024-01-28T23:45:01.366+0100] {processor.py:183} INFO - Processing /home/ubuntu/.local/lib/python3.10/site-packages/airflow/example_dags/example_short_circuit_decorator.py took 0.094 seconds
[2024-01-28T23:46:09.916+0100] {processor.py:161} INFO - Started process (PID=19716) to work on /home/ubuntu/.local/lib/python3.10/site-packages/airflow/example_dags/example_short_circuit_decorator.py
[2024-01-28T23:46:09.930+0100] {processor.py:830} INFO - Processing file /home/ubuntu/.local/lib/python3.10/site-packages/airflow/example_dags/example_short_circuit_decorator.py for tasks to queue
[2024-01-28T23:46:09.931+0100] {logging_mixin.py:188} INFO - [2024-01-28T23:46:09.930+0100] {dagbag.py:538} INFO - Filling up the DagBag from /home/ubuntu/.local/lib/python3.10/site-packages/airflow/example_dags/example_short_circuit_decorator.py
[2024-01-28T23:46:09.942+0100] {processor.py:840} INFO - DAG(s) 'example_short_circuit_decorator' retrieved from /home/ubuntu/.local/lib/python3.10/site-packages/airflow/example_dags/example_short_circuit_decorator.py
[2024-01-28T23:46:09.962+0100] {logging_mixin.py:188} INFO - [2024-01-28T23:46:09.962+0100] {dag.py:3033} INFO - Sync 1 DAGs
[2024-01-28T23:46:09.982+0100] {logging_mixin.py:188} INFO - [2024-01-28T23:46:09.982+0100] {dag.py:3820} INFO - Setting next_dagrun for example_short_circuit_decorator to 2024-01-27T00:00:00+00:00, run_after=2024-01-28T00:00:00+00:00
[2024-01-28T23:46:10.012+0100] {processor.py:183} INFO - Processing /home/ubuntu/.local/lib/python3.10/site-packages/airflow/example_dags/example_short_circuit_decorator.py took 0.100 seconds
[2024-01-28T23:47:06.611+0100] {processor.py:161} INFO - Started process (PID=19787) to work on /home/ubuntu/.local/lib/python3.10/site-packages/airflow/example_dags/example_short_circuit_decorator.py
[2024-01-28T23:47:06.613+0100] {processor.py:830} INFO - Processing file /home/ubuntu/.local/lib/python3.10/site-packages/airflow/example_dags/example_short_circuit_decorator.py for tasks to queue
[2024-01-28T23:47:06.614+0100] {logging_mixin.py:188} INFO - [2024-01-28T23:47:06.614+0100] {dagbag.py:538} INFO - Filling up the DagBag from /home/ubuntu/.local/lib/python3.10/site-packages/airflow/example_dags/example_short_circuit_decorator.py
[2024-01-28T23:47:06.625+0100] {processor.py:840} INFO - DAG(s) 'example_short_circuit_decorator' retrieved from /home/ubuntu/.local/lib/python3.10/site-packages/airflow/example_dags/example_short_circuit_decorator.py
[2024-01-28T23:47:06.644+0100] {logging_mixin.py:188} INFO - [2024-01-28T23:47:06.644+0100] {dag.py:3033} INFO - Sync 1 DAGs
[2024-01-28T23:47:06.666+0100] {logging_mixin.py:188} INFO - [2024-01-28T23:47:06.666+0100] {dag.py:3820} INFO - Setting next_dagrun for example_short_circuit_decorator to 2024-01-27T00:00:00+00:00, run_after=2024-01-28T00:00:00+00:00
[2024-01-28T23:47:06.709+0100] {processor.py:183} INFO - Processing /home/ubuntu/.local/lib/python3.10/site-packages/airflow/example_dags/example_short_circuit_decorator.py took 0.102 seconds
[2024-01-28T23:48:03.217+0100] {processor.py:161} INFO - Started process (PID=19852) to work on /home/ubuntu/.local/lib/python3.10/site-packages/airflow/example_dags/example_short_circuit_decorator.py
[2024-01-28T23:48:03.219+0100] {processor.py:830} INFO - Processing file /home/ubuntu/.local/lib/python3.10/site-packages/airflow/example_dags/example_short_circuit_decorator.py for tasks to queue
[2024-01-28T23:48:03.220+0100] {logging_mixin.py:188} INFO - [2024-01-28T23:48:03.220+0100] {dagbag.py:538} INFO - Filling up the DagBag from /home/ubuntu/.local/lib/python3.10/site-packages/airflow/example_dags/example_short_circuit_decorator.py
[2024-01-28T23:48:03.230+0100] {processor.py:840} INFO - DAG(s) 'example_short_circuit_decorator' retrieved from /home/ubuntu/.local/lib/python3.10/site-packages/airflow/example_dags/example_short_circuit_decorator.py
[2024-01-28T23:48:03.250+0100] {logging_mixin.py:188} INFO - [2024-01-28T23:48:03.249+0100] {dag.py:3033} INFO - Sync 1 DAGs
[2024-01-28T23:48:03.269+0100] {logging_mixin.py:188} INFO - [2024-01-28T23:48:03.269+0100] {dag.py:3820} INFO - Setting next_dagrun for example_short_circuit_decorator to 2024-01-27T00:00:00+00:00, run_after=2024-01-28T00:00:00+00:00
[2024-01-28T23:48:03.297+0100] {processor.py:183} INFO - Processing /home/ubuntu/.local/lib/python3.10/site-packages/airflow/example_dags/example_short_circuit_decorator.py took 0.084 seconds
[2024-01-28T23:48:57.874+0100] {processor.py:161} INFO - Started process (PID=19915) to work on /home/ubuntu/.local/lib/python3.10/site-packages/airflow/example_dags/example_short_circuit_decorator.py
[2024-01-28T23:48:57.877+0100] {processor.py:830} INFO - Processing file /home/ubuntu/.local/lib/python3.10/site-packages/airflow/example_dags/example_short_circuit_decorator.py for tasks to queue
[2024-01-28T23:48:57.878+0100] {logging_mixin.py:188} INFO - [2024-01-28T23:48:57.878+0100] {dagbag.py:538} INFO - Filling up the DagBag from /home/ubuntu/.local/lib/python3.10/site-packages/airflow/example_dags/example_short_circuit_decorator.py
[2024-01-28T23:48:57.889+0100] {processor.py:840} INFO - DAG(s) 'example_short_circuit_decorator' retrieved from /home/ubuntu/.local/lib/python3.10/site-packages/airflow/example_dags/example_short_circuit_decorator.py
[2024-01-28T23:48:57.909+0100] {logging_mixin.py:188} INFO - [2024-01-28T23:48:57.909+0100] {dag.py:3033} INFO - Sync 1 DAGs
[2024-01-28T23:48:57.929+0100] {logging_mixin.py:188} INFO - [2024-01-28T23:48:57.929+0100] {dag.py:3820} INFO - Setting next_dagrun for example_short_circuit_decorator to 2024-01-27T00:00:00+00:00, run_after=2024-01-28T00:00:00+00:00
[2024-01-28T23:48:57.962+0100] {processor.py:183} INFO - Processing /home/ubuntu/.local/lib/python3.10/site-packages/airflow/example_dags/example_short_circuit_decorator.py took 0.092 seconds
[2024-01-28T23:49:55.495+0100] {processor.py:161} INFO - Started process (PID=19981) to work on /home/ubuntu/.local/lib/python3.10/site-packages/airflow/example_dags/example_short_circuit_decorator.py
[2024-01-28T23:49:55.498+0100] {processor.py:830} INFO - Processing file /home/ubuntu/.local/lib/python3.10/site-packages/airflow/example_dags/example_short_circuit_decorator.py for tasks to queue
[2024-01-28T23:49:55.500+0100] {logging_mixin.py:188} INFO - [2024-01-28T23:49:55.499+0100] {dagbag.py:538} INFO - Filling up the DagBag from /home/ubuntu/.local/lib/python3.10/site-packages/airflow/example_dags/example_short_circuit_decorator.py
[2024-01-28T23:49:55.510+0100] {processor.py:840} INFO - DAG(s) 'example_short_circuit_decorator' retrieved from /home/ubuntu/.local/lib/python3.10/site-packages/airflow/example_dags/example_short_circuit_decorator.py
[2024-01-28T23:49:55.528+0100] {logging_mixin.py:188} INFO - [2024-01-28T23:49:55.527+0100] {dag.py:3033} INFO - Sync 1 DAGs
[2024-01-28T23:49:55.547+0100] {logging_mixin.py:188} INFO - [2024-01-28T23:49:55.547+0100] {dag.py:3820} INFO - Setting next_dagrun for example_short_circuit_decorator to 2024-01-27T00:00:00+00:00, run_after=2024-01-28T00:00:00+00:00
[2024-01-28T23:49:55.578+0100] {processor.py:183} INFO - Processing /home/ubuntu/.local/lib/python3.10/site-packages/airflow/example_dags/example_short_circuit_decorator.py took 0.085 seconds
[2024-01-28T23:50:57.900+0100] {processor.py:161} INFO - Started process (PID=20056) to work on /home/ubuntu/.local/lib/python3.10/site-packages/airflow/example_dags/example_short_circuit_decorator.py
[2024-01-28T23:50:57.903+0100] {processor.py:830} INFO - Processing file /home/ubuntu/.local/lib/python3.10/site-packages/airflow/example_dags/example_short_circuit_decorator.py for tasks to queue
[2024-01-28T23:50:57.904+0100] {logging_mixin.py:188} INFO - [2024-01-28T23:50:57.904+0100] {dagbag.py:538} INFO - Filling up the DagBag from /home/ubuntu/.local/lib/python3.10/site-packages/airflow/example_dags/example_short_circuit_decorator.py
[2024-01-28T23:50:57.915+0100] {processor.py:840} INFO - DAG(s) 'example_short_circuit_decorator' retrieved from /home/ubuntu/.local/lib/python3.10/site-packages/airflow/example_dags/example_short_circuit_decorator.py
[2024-01-28T23:50:57.936+0100] {logging_mixin.py:188} INFO - [2024-01-28T23:50:57.935+0100] {dag.py:3033} INFO - Sync 1 DAGs
[2024-01-28T23:50:57.954+0100] {logging_mixin.py:188} INFO - [2024-01-28T23:50:57.954+0100] {dag.py:3820} INFO - Setting next_dagrun for example_short_circuit_decorator to 2024-01-27T00:00:00+00:00, run_after=2024-01-28T00:00:00+00:00
[2024-01-28T23:50:57.988+0100] {processor.py:183} INFO - Processing /home/ubuntu/.local/lib/python3.10/site-packages/airflow/example_dags/example_short_circuit_decorator.py took 0.091 seconds
[2024-01-28T23:52:00.663+0100] {processor.py:161} INFO - Started process (PID=20128) to work on /home/ubuntu/.local/lib/python3.10/site-packages/airflow/example_dags/example_short_circuit_decorator.py
[2024-01-28T23:52:00.666+0100] {processor.py:830} INFO - Processing file /home/ubuntu/.local/lib/python3.10/site-packages/airflow/example_dags/example_short_circuit_decorator.py for tasks to queue
[2024-01-28T23:52:00.667+0100] {logging_mixin.py:188} INFO - [2024-01-28T23:52:00.667+0100] {dagbag.py:538} INFO - Filling up the DagBag from /home/ubuntu/.local/lib/python3.10/site-packages/airflow/example_dags/example_short_circuit_decorator.py
[2024-01-28T23:52:00.678+0100] {processor.py:840} INFO - DAG(s) 'example_short_circuit_decorator' retrieved from /home/ubuntu/.local/lib/python3.10/site-packages/airflow/example_dags/example_short_circuit_decorator.py
[2024-01-28T23:52:00.698+0100] {logging_mixin.py:188} INFO - [2024-01-28T23:52:00.697+0100] {dag.py:3033} INFO - Sync 1 DAGs
[2024-01-28T23:52:00.720+0100] {logging_mixin.py:188} INFO - [2024-01-28T23:52:00.720+0100] {dag.py:3820} INFO - Setting next_dagrun for example_short_circuit_decorator to 2024-01-27T00:00:00+00:00, run_after=2024-01-28T00:00:00+00:00
[2024-01-28T23:52:00.748+0100] {processor.py:183} INFO - Processing /home/ubuntu/.local/lib/python3.10/site-packages/airflow/example_dags/example_short_circuit_decorator.py took 0.089 seconds
[2024-01-28T23:53:02.644+0100] {processor.py:161} INFO - Started process (PID=20206) to work on /home/ubuntu/.local/lib/python3.10/site-packages/airflow/example_dags/example_short_circuit_decorator.py
[2024-01-28T23:53:02.647+0100] {processor.py:830} INFO - Processing file /home/ubuntu/.local/lib/python3.10/site-packages/airflow/example_dags/example_short_circuit_decorator.py for tasks to queue
[2024-01-28T23:53:02.648+0100] {logging_mixin.py:188} INFO - [2024-01-28T23:53:02.648+0100] {dagbag.py:538} INFO - Filling up the DagBag from /home/ubuntu/.local/lib/python3.10/site-packages/airflow/example_dags/example_short_circuit_decorator.py
[2024-01-28T23:53:02.657+0100] {processor.py:840} INFO - DAG(s) 'example_short_circuit_decorator' retrieved from /home/ubuntu/.local/lib/python3.10/site-packages/airflow/example_dags/example_short_circuit_decorator.py
[2024-01-28T23:53:02.674+0100] {logging_mixin.py:188} INFO - [2024-01-28T23:53:02.674+0100] {dag.py:3033} INFO - Sync 1 DAGs
[2024-01-28T23:53:02.691+0100] {logging_mixin.py:188} INFO - [2024-01-28T23:53:02.691+0100] {dag.py:3820} INFO - Setting next_dagrun for example_short_circuit_decorator to 2024-01-27T00:00:00+00:00, run_after=2024-01-28T00:00:00+00:00
[2024-01-28T23:53:02.731+0100] {processor.py:183} INFO - Processing /home/ubuntu/.local/lib/python3.10/site-packages/airflow/example_dags/example_short_circuit_decorator.py took 0.090 seconds
[2024-01-28T23:54:06.191+0100] {processor.py:161} INFO - Started process (PID=20276) to work on /home/ubuntu/.local/lib/python3.10/site-packages/airflow/example_dags/example_short_circuit_decorator.py
[2024-01-28T23:54:06.193+0100] {processor.py:830} INFO - Processing file /home/ubuntu/.local/lib/python3.10/site-packages/airflow/example_dags/example_short_circuit_decorator.py for tasks to queue
[2024-01-28T23:54:06.194+0100] {logging_mixin.py:188} INFO - [2024-01-28T23:54:06.194+0100] {dagbag.py:538} INFO - Filling up the DagBag from /home/ubuntu/.local/lib/python3.10/site-packages/airflow/example_dags/example_short_circuit_decorator.py
[2024-01-28T23:54:06.206+0100] {processor.py:840} INFO - DAG(s) 'example_short_circuit_decorator' retrieved from /home/ubuntu/.local/lib/python3.10/site-packages/airflow/example_dags/example_short_circuit_decorator.py
[2024-01-28T23:54:06.225+0100] {logging_mixin.py:188} INFO - [2024-01-28T23:54:06.225+0100] {dag.py:3033} INFO - Sync 1 DAGs
[2024-01-28T23:54:06.246+0100] {logging_mixin.py:188} INFO - [2024-01-28T23:54:06.246+0100] {dag.py:3820} INFO - Setting next_dagrun for example_short_circuit_decorator to 2024-01-27T00:00:00+00:00, run_after=2024-01-28T00:00:00+00:00
[2024-01-28T23:54:06.282+0100] {processor.py:183} INFO - Processing /home/ubuntu/.local/lib/python3.10/site-packages/airflow/example_dags/example_short_circuit_decorator.py took 0.095 seconds
[2024-01-28T23:55:07.347+0100] {processor.py:161} INFO - Started process (PID=20359) to work on /home/ubuntu/.local/lib/python3.10/site-packages/airflow/example_dags/example_short_circuit_decorator.py
[2024-01-28T23:55:07.351+0100] {processor.py:830} INFO - Processing file /home/ubuntu/.local/lib/python3.10/site-packages/airflow/example_dags/example_short_circuit_decorator.py for tasks to queue
[2024-01-28T23:55:07.352+0100] {logging_mixin.py:188} INFO - [2024-01-28T23:55:07.351+0100] {dagbag.py:538} INFO - Filling up the DagBag from /home/ubuntu/.local/lib/python3.10/site-packages/airflow/example_dags/example_short_circuit_decorator.py
[2024-01-28T23:55:07.367+0100] {processor.py:840} INFO - DAG(s) 'example_short_circuit_decorator' retrieved from /home/ubuntu/.local/lib/python3.10/site-packages/airflow/example_dags/example_short_circuit_decorator.py
[2024-01-28T23:55:07.395+0100] {logging_mixin.py:188} INFO - [2024-01-28T23:55:07.395+0100] {dag.py:3033} INFO - Sync 1 DAGs
[2024-01-28T23:55:07.422+0100] {logging_mixin.py:188} INFO - [2024-01-28T23:55:07.421+0100] {dag.py:3820} INFO - Setting next_dagrun for example_short_circuit_decorator to 2024-01-27T00:00:00+00:00, run_after=2024-01-28T00:00:00+00:00
[2024-01-28T23:55:07.456+0100] {processor.py:183} INFO - Processing /home/ubuntu/.local/lib/python3.10/site-packages/airflow/example_dags/example_short_circuit_decorator.py took 0.114 seconds
[2024-01-28T23:56:08.304+0100] {processor.py:161} INFO - Started process (PID=20435) to work on /home/ubuntu/.local/lib/python3.10/site-packages/airflow/example_dags/example_short_circuit_decorator.py
[2024-01-28T23:56:08.306+0100] {processor.py:830} INFO - Processing file /home/ubuntu/.local/lib/python3.10/site-packages/airflow/example_dags/example_short_circuit_decorator.py for tasks to queue
[2024-01-28T23:56:08.307+0100] {logging_mixin.py:188} INFO - [2024-01-28T23:56:08.307+0100] {dagbag.py:538} INFO - Filling up the DagBag from /home/ubuntu/.local/lib/python3.10/site-packages/airflow/example_dags/example_short_circuit_decorator.py
[2024-01-28T23:56:08.319+0100] {processor.py:840} INFO - DAG(s) 'example_short_circuit_decorator' retrieved from /home/ubuntu/.local/lib/python3.10/site-packages/airflow/example_dags/example_short_circuit_decorator.py
[2024-01-28T23:56:08.339+0100] {logging_mixin.py:188} INFO - [2024-01-28T23:56:08.339+0100] {dag.py:3033} INFO - Sync 1 DAGs
[2024-01-28T23:56:08.360+0100] {logging_mixin.py:188} INFO - [2024-01-28T23:56:08.360+0100] {dag.py:3820} INFO - Setting next_dagrun for example_short_circuit_decorator to 2024-01-27T00:00:00+00:00, run_after=2024-01-28T00:00:00+00:00
[2024-01-28T23:56:08.389+0100] {processor.py:183} INFO - Processing /home/ubuntu/.local/lib/python3.10/site-packages/airflow/example_dags/example_short_circuit_decorator.py took 0.089 seconds
[2024-01-28T23:57:07.029+0100] {processor.py:161} INFO - Started process (PID=20505) to work on /home/ubuntu/.local/lib/python3.10/site-packages/airflow/example_dags/example_short_circuit_decorator.py
[2024-01-28T23:57:07.031+0100] {processor.py:830} INFO - Processing file /home/ubuntu/.local/lib/python3.10/site-packages/airflow/example_dags/example_short_circuit_decorator.py for tasks to queue
[2024-01-28T23:57:07.032+0100] {logging_mixin.py:188} INFO - [2024-01-28T23:57:07.032+0100] {dagbag.py:538} INFO - Filling up the DagBag from /home/ubuntu/.local/lib/python3.10/site-packages/airflow/example_dags/example_short_circuit_decorator.py
[2024-01-28T23:57:07.042+0100] {processor.py:840} INFO - DAG(s) 'example_short_circuit_decorator' retrieved from /home/ubuntu/.local/lib/python3.10/site-packages/airflow/example_dags/example_short_circuit_decorator.py
[2024-01-28T23:57:07.059+0100] {logging_mixin.py:188} INFO - [2024-01-28T23:57:07.059+0100] {dag.py:3033} INFO - Sync 1 DAGs
[2024-01-28T23:57:07.082+0100] {logging_mixin.py:188} INFO - [2024-01-28T23:57:07.082+0100] {dag.py:3820} INFO - Setting next_dagrun for example_short_circuit_decorator to 2024-01-27T00:00:00+00:00, run_after=2024-01-28T00:00:00+00:00
[2024-01-28T23:57:07.110+0100] {processor.py:183} INFO - Processing /home/ubuntu/.local/lib/python3.10/site-packages/airflow/example_dags/example_short_circuit_decorator.py took 0.083 seconds
[2024-01-28T23:58:09.258+0100] {processor.py:161} INFO - Started process (PID=20574) to work on /home/ubuntu/.local/lib/python3.10/site-packages/airflow/example_dags/example_short_circuit_decorator.py
[2024-01-28T23:58:09.260+0100] {processor.py:830} INFO - Processing file /home/ubuntu/.local/lib/python3.10/site-packages/airflow/example_dags/example_short_circuit_decorator.py for tasks to queue
[2024-01-28T23:58:09.261+0100] {logging_mixin.py:188} INFO - [2024-01-28T23:58:09.261+0100] {dagbag.py:538} INFO - Filling up the DagBag from /home/ubuntu/.local/lib/python3.10/site-packages/airflow/example_dags/example_short_circuit_decorator.py
[2024-01-28T23:58:09.272+0100] {processor.py:840} INFO - DAG(s) 'example_short_circuit_decorator' retrieved from /home/ubuntu/.local/lib/python3.10/site-packages/airflow/example_dags/example_short_circuit_decorator.py
[2024-01-28T23:58:09.289+0100] {logging_mixin.py:188} INFO - [2024-01-28T23:58:09.289+0100] {dag.py:3033} INFO - Sync 1 DAGs
[2024-01-28T23:58:09.307+0100] {logging_mixin.py:188} INFO - [2024-01-28T23:58:09.307+0100] {dag.py:3820} INFO - Setting next_dagrun for example_short_circuit_decorator to 2024-01-27T00:00:00+00:00, run_after=2024-01-28T00:00:00+00:00
[2024-01-28T23:58:09.341+0100] {processor.py:183} INFO - Processing /home/ubuntu/.local/lib/python3.10/site-packages/airflow/example_dags/example_short_circuit_decorator.py took 0.086 seconds
[2024-01-28T23:59:07.868+0100] {processor.py:161} INFO - Started process (PID=20647) to work on /home/ubuntu/.local/lib/python3.10/site-packages/airflow/example_dags/example_short_circuit_decorator.py
[2024-01-28T23:59:07.871+0100] {processor.py:830} INFO - Processing file /home/ubuntu/.local/lib/python3.10/site-packages/airflow/example_dags/example_short_circuit_decorator.py for tasks to queue
[2024-01-28T23:59:07.872+0100] {logging_mixin.py:188} INFO - [2024-01-28T23:59:07.872+0100] {dagbag.py:538} INFO - Filling up the DagBag from /home/ubuntu/.local/lib/python3.10/site-packages/airflow/example_dags/example_short_circuit_decorator.py
[2024-01-28T23:59:07.883+0100] {processor.py:840} INFO - DAG(s) 'example_short_circuit_decorator' retrieved from /home/ubuntu/.local/lib/python3.10/site-packages/airflow/example_dags/example_short_circuit_decorator.py
[2024-01-28T23:59:07.904+0100] {logging_mixin.py:188} INFO - [2024-01-28T23:59:07.904+0100] {dag.py:3033} INFO - Sync 1 DAGs
[2024-01-28T23:59:07.926+0100] {logging_mixin.py:188} INFO - [2024-01-28T23:59:07.926+0100] {dag.py:3820} INFO - Setting next_dagrun for example_short_circuit_decorator to 2024-01-27T00:00:00+00:00, run_after=2024-01-28T00:00:00+00:00
[2024-01-28T23:59:07.954+0100] {processor.py:183} INFO - Processing /home/ubuntu/.local/lib/python3.10/site-packages/airflow/example_dags/example_short_circuit_decorator.py took 0.090 seconds
[2024-01-29T00:00:15.113+0100] {processor.py:161} INFO - Started process (PID=20726) to work on /home/ubuntu/.local/lib/python3.10/site-packages/airflow/example_dags/example_short_circuit_decorator.py
[2024-01-29T00:00:15.115+0100] {processor.py:830} INFO - Processing file /home/ubuntu/.local/lib/python3.10/site-packages/airflow/example_dags/example_short_circuit_decorator.py for tasks to queue
[2024-01-29T00:00:15.116+0100] {logging_mixin.py:188} INFO - [2024-01-29T00:00:15.115+0100] {dagbag.py:538} INFO - Filling up the DagBag from /home/ubuntu/.local/lib/python3.10/site-packages/airflow/example_dags/example_short_circuit_decorator.py
[2024-01-29T00:00:15.126+0100] {processor.py:840} INFO - DAG(s) 'example_short_circuit_decorator' retrieved from /home/ubuntu/.local/lib/python3.10/site-packages/airflow/example_dags/example_short_circuit_decorator.py
[2024-01-29T00:00:15.146+0100] {logging_mixin.py:188} INFO - [2024-01-29T00:00:15.145+0100] {dag.py:3033} INFO - Sync 1 DAGs
[2024-01-29T00:00:15.175+0100] {logging_mixin.py:188} INFO - [2024-01-29T00:00:15.175+0100] {dag.py:3820} INFO - Setting next_dagrun for example_short_circuit_decorator to 2024-01-27T00:00:00+00:00, run_after=2024-01-28T00:00:00+00:00
[2024-01-29T00:00:15.201+0100] {processor.py:183} INFO - Processing /home/ubuntu/.local/lib/python3.10/site-packages/airflow/example_dags/example_short_circuit_decorator.py took 0.091 seconds
[2024-01-29T00:01:14.271+0100] {processor.py:161} INFO - Started process (PID=20893) to work on /home/ubuntu/.local/lib/python3.10/site-packages/airflow/example_dags/example_short_circuit_decorator.py
[2024-01-29T00:01:14.274+0100] {processor.py:830} INFO - Processing file /home/ubuntu/.local/lib/python3.10/site-packages/airflow/example_dags/example_short_circuit_decorator.py for tasks to queue
[2024-01-29T00:01:14.275+0100] {logging_mixin.py:188} INFO - [2024-01-29T00:01:14.275+0100] {dagbag.py:538} INFO - Filling up the DagBag from /home/ubuntu/.local/lib/python3.10/site-packages/airflow/example_dags/example_short_circuit_decorator.py
[2024-01-29T00:01:14.286+0100] {processor.py:840} INFO - DAG(s) 'example_short_circuit_decorator' retrieved from /home/ubuntu/.local/lib/python3.10/site-packages/airflow/example_dags/example_short_circuit_decorator.py
[2024-01-29T00:01:14.308+0100] {logging_mixin.py:188} INFO - [2024-01-29T00:01:14.308+0100] {dag.py:3033} INFO - Sync 1 DAGs
[2024-01-29T00:01:14.331+0100] {logging_mixin.py:188} INFO - [2024-01-29T00:01:14.331+0100] {dag.py:3820} INFO - Setting next_dagrun for example_short_circuit_decorator to 2024-01-27T00:00:00+00:00, run_after=2024-01-28T00:00:00+00:00
[2024-01-29T00:01:14.361+0100] {processor.py:183} INFO - Processing /home/ubuntu/.local/lib/python3.10/site-packages/airflow/example_dags/example_short_circuit_decorator.py took 0.093 seconds
[2024-01-29T00:02:11.337+0100] {processor.py:161} INFO - Started process (PID=20967) to work on /home/ubuntu/.local/lib/python3.10/site-packages/airflow/example_dags/example_short_circuit_decorator.py
[2024-01-29T00:02:11.339+0100] {processor.py:830} INFO - Processing file /home/ubuntu/.local/lib/python3.10/site-packages/airflow/example_dags/example_short_circuit_decorator.py for tasks to queue
[2024-01-29T00:02:11.340+0100] {logging_mixin.py:188} INFO - [2024-01-29T00:02:11.340+0100] {dagbag.py:538} INFO - Filling up the DagBag from /home/ubuntu/.local/lib/python3.10/site-packages/airflow/example_dags/example_short_circuit_decorator.py
[2024-01-29T00:02:11.350+0100] {processor.py:840} INFO - DAG(s) 'example_short_circuit_decorator' retrieved from /home/ubuntu/.local/lib/python3.10/site-packages/airflow/example_dags/example_short_circuit_decorator.py
[2024-01-29T00:02:11.368+0100] {logging_mixin.py:188} INFO - [2024-01-29T00:02:11.368+0100] {dag.py:3033} INFO - Sync 1 DAGs
[2024-01-29T00:02:11.389+0100] {logging_mixin.py:188} INFO - [2024-01-29T00:02:11.388+0100] {dag.py:3820} INFO - Setting next_dagrun for example_short_circuit_decorator to 2024-01-27T00:00:00+00:00, run_after=2024-01-28T00:00:00+00:00
[2024-01-29T00:02:11.430+0100] {processor.py:183} INFO - Processing /home/ubuntu/.local/lib/python3.10/site-packages/airflow/example_dags/example_short_circuit_decorator.py took 0.097 seconds
