[2024-01-28T22:57:17.045+0100] {processor.py:161} INFO - Started process (PID=15616) to work on /home/ubuntu/.local/lib/python3.10/site-packages/airflow/example_dags/example_bash_operator.py
[2024-01-28T22:57:17.047+0100] {processor.py:830} INFO - Processing file /home/ubuntu/.local/lib/python3.10/site-packages/airflow/example_dags/example_bash_operator.py for tasks to queue
[2024-01-28T22:57:17.048+0100] {logging_mixin.py:188} INFO - [2024-01-28T22:57:17.047+0100] {dagbag.py:538} INFO - Filling up the DagBag from /home/ubuntu/.local/lib/python3.10/site-packages/airflow/example_dags/example_bash_operator.py
[2024-01-28T22:57:17.064+0100] {processor.py:840} INFO - DAG(s) 'example_bash_operator' retrieved from /home/ubuntu/.local/lib/python3.10/site-packages/airflow/example_dags/example_bash_operator.py
[2024-01-28T22:57:17.187+0100] {logging_mixin.py:188} INFO - [2024-01-28T22:57:17.187+0100] {dag.py:3033} INFO - Sync 1 DAGs
[2024-01-28T22:57:17.211+0100] {logging_mixin.py:188} INFO - [2024-01-28T22:57:17.211+0100] {dag.py:3820} INFO - Setting next_dagrun for example_bash_operator to 2024-01-27T00:00:00+00:00, run_after=2024-01-28T00:00:00+00:00
[2024-01-28T22:57:17.253+0100] {processor.py:183} INFO - Processing /home/ubuntu/.local/lib/python3.10/site-packages/airflow/example_dags/example_bash_operator.py took 0.212 seconds
[2024-01-28T22:58:25.417+0100] {processor.py:161} INFO - Started process (PID=15680) to work on /home/ubuntu/.local/lib/python3.10/site-packages/airflow/example_dags/example_bash_operator.py
[2024-01-28T22:58:25.419+0100] {processor.py:830} INFO - Processing file /home/ubuntu/.local/lib/python3.10/site-packages/airflow/example_dags/example_bash_operator.py for tasks to queue
[2024-01-28T22:58:25.420+0100] {logging_mixin.py:188} INFO - [2024-01-28T22:58:25.420+0100] {dagbag.py:538} INFO - Filling up the DagBag from /home/ubuntu/.local/lib/python3.10/site-packages/airflow/example_dags/example_bash_operator.py
[2024-01-28T22:58:25.440+0100] {processor.py:840} INFO - DAG(s) 'example_bash_operator' retrieved from /home/ubuntu/.local/lib/python3.10/site-packages/airflow/example_dags/example_bash_operator.py
[2024-01-28T22:58:25.484+0100] {logging_mixin.py:188} INFO - [2024-01-28T22:58:25.484+0100] {dag.py:3033} INFO - Sync 1 DAGs
[2024-01-28T22:58:25.525+0100] {logging_mixin.py:188} INFO - [2024-01-28T22:58:25.525+0100] {dag.py:3820} INFO - Setting next_dagrun for example_bash_operator to 2024-01-27T00:00:00+00:00, run_after=2024-01-28T00:00:00+00:00
[2024-01-28T22:58:25.571+0100] {processor.py:183} INFO - Processing /home/ubuntu/.local/lib/python3.10/site-packages/airflow/example_dags/example_bash_operator.py took 0.158 seconds
[2024-01-28T22:59:25.508+0100] {processor.py:161} INFO - Started process (PID=15772) to work on /home/ubuntu/.local/lib/python3.10/site-packages/airflow/example_dags/example_bash_operator.py
[2024-01-28T22:59:25.511+0100] {processor.py:830} INFO - Processing file /home/ubuntu/.local/lib/python3.10/site-packages/airflow/example_dags/example_bash_operator.py for tasks to queue
[2024-01-28T22:59:25.512+0100] {logging_mixin.py:188} INFO - [2024-01-28T22:59:25.512+0100] {dagbag.py:538} INFO - Filling up the DagBag from /home/ubuntu/.local/lib/python3.10/site-packages/airflow/example_dags/example_bash_operator.py
[2024-01-28T22:59:25.526+0100] {processor.py:840} INFO - DAG(s) 'example_bash_operator' retrieved from /home/ubuntu/.local/lib/python3.10/site-packages/airflow/example_dags/example_bash_operator.py
[2024-01-28T22:59:25.554+0100] {logging_mixin.py:188} INFO - [2024-01-28T22:59:25.554+0100] {dag.py:3033} INFO - Sync 1 DAGs
[2024-01-28T22:59:25.575+0100] {logging_mixin.py:188} INFO - [2024-01-28T22:59:25.575+0100] {dag.py:3820} INFO - Setting next_dagrun for example_bash_operator to 2024-01-27T00:00:00+00:00, run_after=2024-01-28T00:00:00+00:00
[2024-01-28T22:59:25.612+0100] {processor.py:183} INFO - Processing /home/ubuntu/.local/lib/python3.10/site-packages/airflow/example_dags/example_bash_operator.py took 0.108 seconds
[2024-01-28T23:00:18.730+0100] {processor.py:161} INFO - Started process (PID=15830) to work on /home/ubuntu/.local/lib/python3.10/site-packages/airflow/example_dags/example_bash_operator.py
[2024-01-28T23:00:18.733+0100] {processor.py:830} INFO - Processing file /home/ubuntu/.local/lib/python3.10/site-packages/airflow/example_dags/example_bash_operator.py for tasks to queue
[2024-01-28T23:00:18.736+0100] {logging_mixin.py:188} INFO - [2024-01-28T23:00:18.735+0100] {dagbag.py:538} INFO - Filling up the DagBag from /home/ubuntu/.local/lib/python3.10/site-packages/airflow/example_dags/example_bash_operator.py
[2024-01-28T23:00:18.754+0100] {processor.py:840} INFO - DAG(s) 'example_bash_operator' retrieved from /home/ubuntu/.local/lib/python3.10/site-packages/airflow/example_dags/example_bash_operator.py
[2024-01-28T23:00:18.791+0100] {logging_mixin.py:188} INFO - [2024-01-28T23:00:18.791+0100] {dag.py:3033} INFO - Sync 1 DAGs
[2024-01-28T23:00:18.817+0100] {logging_mixin.py:188} INFO - [2024-01-28T23:00:18.817+0100] {dag.py:3820} INFO - Setting next_dagrun for example_bash_operator to 2024-01-27T00:00:00+00:00, run_after=2024-01-28T00:00:00+00:00
[2024-01-28T23:00:18.846+0100] {processor.py:183} INFO - Processing /home/ubuntu/.local/lib/python3.10/site-packages/airflow/example_dags/example_bash_operator.py took 0.121 seconds
[2024-01-28T23:01:10.996+0100] {processor.py:161} INFO - Started process (PID=15891) to work on /home/ubuntu/.local/lib/python3.10/site-packages/airflow/example_dags/example_bash_operator.py
[2024-01-28T23:01:10.999+0100] {processor.py:830} INFO - Processing file /home/ubuntu/.local/lib/python3.10/site-packages/airflow/example_dags/example_bash_operator.py for tasks to queue
[2024-01-28T23:01:11.000+0100] {logging_mixin.py:188} INFO - [2024-01-28T23:01:10.999+0100] {dagbag.py:538} INFO - Filling up the DagBag from /home/ubuntu/.local/lib/python3.10/site-packages/airflow/example_dags/example_bash_operator.py
[2024-01-28T23:01:11.012+0100] {processor.py:840} INFO - DAG(s) 'example_bash_operator' retrieved from /home/ubuntu/.local/lib/python3.10/site-packages/airflow/example_dags/example_bash_operator.py
[2024-01-28T23:01:11.045+0100] {logging_mixin.py:188} INFO - [2024-01-28T23:01:11.044+0100] {dag.py:3033} INFO - Sync 1 DAGs
[2024-01-28T23:01:11.066+0100] {logging_mixin.py:188} INFO - [2024-01-28T23:01:11.066+0100] {dag.py:3820} INFO - Setting next_dagrun for example_bash_operator to 2024-01-27T00:00:00+00:00, run_after=2024-01-28T00:00:00+00:00
[2024-01-28T23:01:11.097+0100] {processor.py:183} INFO - Processing /home/ubuntu/.local/lib/python3.10/site-packages/airflow/example_dags/example_bash_operator.py took 0.105 seconds
[2024-01-28T23:02:17.684+0100] {processor.py:161} INFO - Started process (PID=15966) to work on /home/ubuntu/.local/lib/python3.10/site-packages/airflow/example_dags/example_bash_operator.py
[2024-01-28T23:02:17.686+0100] {processor.py:830} INFO - Processing file /home/ubuntu/.local/lib/python3.10/site-packages/airflow/example_dags/example_bash_operator.py for tasks to queue
[2024-01-28T23:02:17.688+0100] {logging_mixin.py:188} INFO - [2024-01-28T23:02:17.687+0100] {dagbag.py:538} INFO - Filling up the DagBag from /home/ubuntu/.local/lib/python3.10/site-packages/airflow/example_dags/example_bash_operator.py
[2024-01-28T23:02:17.701+0100] {processor.py:840} INFO - DAG(s) 'example_bash_operator' retrieved from /home/ubuntu/.local/lib/python3.10/site-packages/airflow/example_dags/example_bash_operator.py
[2024-01-28T23:02:17.725+0100] {logging_mixin.py:188} INFO - [2024-01-28T23:02:17.725+0100] {dag.py:3033} INFO - Sync 1 DAGs
[2024-01-28T23:02:17.753+0100] {logging_mixin.py:188} INFO - [2024-01-28T23:02:17.753+0100] {dag.py:3820} INFO - Setting next_dagrun for example_bash_operator to 2024-01-27T00:00:00+00:00, run_after=2024-01-28T00:00:00+00:00
[2024-01-28T23:02:17.786+0100] {processor.py:183} INFO - Processing /home/ubuntu/.local/lib/python3.10/site-packages/airflow/example_dags/example_bash_operator.py took 0.105 seconds
[2024-01-28T23:03:26.200+0100] {processor.py:161} INFO - Started process (PID=16052) to work on /home/ubuntu/.local/lib/python3.10/site-packages/airflow/example_dags/example_bash_operator.py
[2024-01-28T23:03:26.202+0100] {processor.py:830} INFO - Processing file /home/ubuntu/.local/lib/python3.10/site-packages/airflow/example_dags/example_bash_operator.py for tasks to queue
[2024-01-28T23:03:26.204+0100] {logging_mixin.py:188} INFO - [2024-01-28T23:03:26.204+0100] {dagbag.py:538} INFO - Filling up the DagBag from /home/ubuntu/.local/lib/python3.10/site-packages/airflow/example_dags/example_bash_operator.py
[2024-01-28T23:03:26.222+0100] {processor.py:840} INFO - DAG(s) 'example_bash_operator' retrieved from /home/ubuntu/.local/lib/python3.10/site-packages/airflow/example_dags/example_bash_operator.py
[2024-01-28T23:03:26.260+0100] {logging_mixin.py:188} INFO - [2024-01-28T23:03:26.260+0100] {dag.py:3033} INFO - Sync 1 DAGs
[2024-01-28T23:03:26.289+0100] {logging_mixin.py:188} INFO - [2024-01-28T23:03:26.289+0100] {dag.py:3820} INFO - Setting next_dagrun for example_bash_operator to 2024-01-27T00:00:00+00:00, run_after=2024-01-28T00:00:00+00:00
[2024-01-28T23:03:26.331+0100] {processor.py:183} INFO - Processing /home/ubuntu/.local/lib/python3.10/site-packages/airflow/example_dags/example_bash_operator.py took 0.137 seconds
[2024-01-28T23:04:18.557+0100] {processor.py:161} INFO - Started process (PID=16114) to work on /home/ubuntu/.local/lib/python3.10/site-packages/airflow/example_dags/example_bash_operator.py
[2024-01-28T23:04:18.560+0100] {processor.py:830} INFO - Processing file /home/ubuntu/.local/lib/python3.10/site-packages/airflow/example_dags/example_bash_operator.py for tasks to queue
[2024-01-28T23:04:18.561+0100] {logging_mixin.py:188} INFO - [2024-01-28T23:04:18.561+0100] {dagbag.py:538} INFO - Filling up the DagBag from /home/ubuntu/.local/lib/python3.10/site-packages/airflow/example_dags/example_bash_operator.py
[2024-01-28T23:04:18.575+0100] {processor.py:840} INFO - DAG(s) 'example_bash_operator' retrieved from /home/ubuntu/.local/lib/python3.10/site-packages/airflow/example_dags/example_bash_operator.py
[2024-01-28T23:04:18.601+0100] {logging_mixin.py:188} INFO - [2024-01-28T23:04:18.600+0100] {dag.py:3033} INFO - Sync 1 DAGs
[2024-01-28T23:04:18.620+0100] {logging_mixin.py:188} INFO - [2024-01-28T23:04:18.620+0100] {dag.py:3820} INFO - Setting next_dagrun for example_bash_operator to 2024-01-27T00:00:00+00:00, run_after=2024-01-28T00:00:00+00:00
[2024-01-28T23:04:18.651+0100] {processor.py:183} INFO - Processing /home/ubuntu/.local/lib/python3.10/site-packages/airflow/example_dags/example_bash_operator.py took 0.097 seconds
[2024-01-28T23:05:24.184+0100] {processor.py:161} INFO - Started process (PID=16186) to work on /home/ubuntu/.local/lib/python3.10/site-packages/airflow/example_dags/example_bash_operator.py
[2024-01-28T23:05:24.198+0100] {processor.py:830} INFO - Processing file /home/ubuntu/.local/lib/python3.10/site-packages/airflow/example_dags/example_bash_operator.py for tasks to queue
[2024-01-28T23:05:24.199+0100] {logging_mixin.py:188} INFO - [2024-01-28T23:05:24.199+0100] {dagbag.py:538} INFO - Filling up the DagBag from /home/ubuntu/.local/lib/python3.10/site-packages/airflow/example_dags/example_bash_operator.py
[2024-01-28T23:05:24.211+0100] {processor.py:840} INFO - DAG(s) 'example_bash_operator' retrieved from /home/ubuntu/.local/lib/python3.10/site-packages/airflow/example_dags/example_bash_operator.py
[2024-01-28T23:05:24.233+0100] {logging_mixin.py:188} INFO - [2024-01-28T23:05:24.233+0100] {dag.py:3033} INFO - Sync 1 DAGs
[2024-01-28T23:05:24.252+0100] {logging_mixin.py:188} INFO - [2024-01-28T23:05:24.252+0100] {dag.py:3820} INFO - Setting next_dagrun for example_bash_operator to 2024-01-27T00:00:00+00:00, run_after=2024-01-28T00:00:00+00:00
[2024-01-28T23:05:24.281+0100] {processor.py:183} INFO - Processing /home/ubuntu/.local/lib/python3.10/site-packages/airflow/example_dags/example_bash_operator.py took 0.099 seconds
[2024-01-28T23:06:24.746+0100] {processor.py:161} INFO - Started process (PID=16262) to work on /home/ubuntu/.local/lib/python3.10/site-packages/airflow/example_dags/example_bash_operator.py
[2024-01-28T23:06:24.748+0100] {processor.py:830} INFO - Processing file /home/ubuntu/.local/lib/python3.10/site-packages/airflow/example_dags/example_bash_operator.py for tasks to queue
[2024-01-28T23:06:24.749+0100] {logging_mixin.py:188} INFO - [2024-01-28T23:06:24.749+0100] {dagbag.py:538} INFO - Filling up the DagBag from /home/ubuntu/.local/lib/python3.10/site-packages/airflow/example_dags/example_bash_operator.py
[2024-01-28T23:06:24.761+0100] {processor.py:840} INFO - DAG(s) 'example_bash_operator' retrieved from /home/ubuntu/.local/lib/python3.10/site-packages/airflow/example_dags/example_bash_operator.py
[2024-01-28T23:06:24.784+0100] {logging_mixin.py:188} INFO - [2024-01-28T23:06:24.783+0100] {dag.py:3033} INFO - Sync 1 DAGs
[2024-01-28T23:06:24.802+0100] {logging_mixin.py:188} INFO - [2024-01-28T23:06:24.802+0100] {dag.py:3820} INFO - Setting next_dagrun for example_bash_operator to 2024-01-27T00:00:00+00:00, run_after=2024-01-28T00:00:00+00:00
[2024-01-28T23:06:24.849+0100] {processor.py:183} INFO - Processing /home/ubuntu/.local/lib/python3.10/site-packages/airflow/example_dags/example_bash_operator.py took 0.106 seconds
[2024-01-28T23:07:28.647+0100] {processor.py:161} INFO - Started process (PID=16332) to work on /home/ubuntu/.local/lib/python3.10/site-packages/airflow/example_dags/example_bash_operator.py
[2024-01-28T23:07:28.649+0100] {processor.py:830} INFO - Processing file /home/ubuntu/.local/lib/python3.10/site-packages/airflow/example_dags/example_bash_operator.py for tasks to queue
[2024-01-28T23:07:28.651+0100] {logging_mixin.py:188} INFO - [2024-01-28T23:07:28.651+0100] {dagbag.py:538} INFO - Filling up the DagBag from /home/ubuntu/.local/lib/python3.10/site-packages/airflow/example_dags/example_bash_operator.py
[2024-01-28T23:07:28.665+0100] {processor.py:840} INFO - DAG(s) 'example_bash_operator' retrieved from /home/ubuntu/.local/lib/python3.10/site-packages/airflow/example_dags/example_bash_operator.py
[2024-01-28T23:07:28.690+0100] {logging_mixin.py:188} INFO - [2024-01-28T23:07:28.690+0100] {dag.py:3033} INFO - Sync 1 DAGs
[2024-01-28T23:07:28.713+0100] {logging_mixin.py:188} INFO - [2024-01-28T23:07:28.713+0100] {dag.py:3820} INFO - Setting next_dagrun for example_bash_operator to 2024-01-27T00:00:00+00:00, run_after=2024-01-28T00:00:00+00:00
[2024-01-28T23:07:28.742+0100] {processor.py:183} INFO - Processing /home/ubuntu/.local/lib/python3.10/site-packages/airflow/example_dags/example_bash_operator.py took 0.100 seconds
[2024-01-28T23:08:31.928+0100] {processor.py:161} INFO - Started process (PID=16407) to work on /home/ubuntu/.local/lib/python3.10/site-packages/airflow/example_dags/example_bash_operator.py
[2024-01-28T23:08:31.930+0100] {processor.py:830} INFO - Processing file /home/ubuntu/.local/lib/python3.10/site-packages/airflow/example_dags/example_bash_operator.py for tasks to queue
[2024-01-28T23:08:31.931+0100] {logging_mixin.py:188} INFO - [2024-01-28T23:08:31.931+0100] {dagbag.py:538} INFO - Filling up the DagBag from /home/ubuntu/.local/lib/python3.10/site-packages/airflow/example_dags/example_bash_operator.py
[2024-01-28T23:08:31.945+0100] {processor.py:840} INFO - DAG(s) 'example_bash_operator' retrieved from /home/ubuntu/.local/lib/python3.10/site-packages/airflow/example_dags/example_bash_operator.py
[2024-01-28T23:08:31.975+0100] {logging_mixin.py:188} INFO - [2024-01-28T23:08:31.975+0100] {dag.py:3033} INFO - Sync 1 DAGs
[2024-01-28T23:08:32.002+0100] {logging_mixin.py:188} INFO - [2024-01-28T23:08:32.002+0100] {dag.py:3820} INFO - Setting next_dagrun for example_bash_operator to 2024-01-27T00:00:00+00:00, run_after=2024-01-28T00:00:00+00:00
[2024-01-28T23:08:32.038+0100] {processor.py:183} INFO - Processing /home/ubuntu/.local/lib/python3.10/site-packages/airflow/example_dags/example_bash_operator.py took 0.120 seconds
[2024-01-28T23:09:33.163+0100] {processor.py:161} INFO - Started process (PID=16478) to work on /home/ubuntu/.local/lib/python3.10/site-packages/airflow/example_dags/example_bash_operator.py
[2024-01-28T23:09:33.167+0100] {processor.py:830} INFO - Processing file /home/ubuntu/.local/lib/python3.10/site-packages/airflow/example_dags/example_bash_operator.py for tasks to queue
[2024-01-28T23:09:33.168+0100] {logging_mixin.py:188} INFO - [2024-01-28T23:09:33.168+0100] {dagbag.py:538} INFO - Filling up the DagBag from /home/ubuntu/.local/lib/python3.10/site-packages/airflow/example_dags/example_bash_operator.py
[2024-01-28T23:09:33.179+0100] {processor.py:840} INFO - DAG(s) 'example_bash_operator' retrieved from /home/ubuntu/.local/lib/python3.10/site-packages/airflow/example_dags/example_bash_operator.py
[2024-01-28T23:09:33.203+0100] {logging_mixin.py:188} INFO - [2024-01-28T23:09:33.203+0100] {dag.py:3033} INFO - Sync 1 DAGs
[2024-01-28T23:09:33.222+0100] {logging_mixin.py:188} INFO - [2024-01-28T23:09:33.222+0100] {dag.py:3820} INFO - Setting next_dagrun for example_bash_operator to 2024-01-27T00:00:00+00:00, run_after=2024-01-28T00:00:00+00:00
[2024-01-28T23:09:33.261+0100] {processor.py:183} INFO - Processing /home/ubuntu/.local/lib/python3.10/site-packages/airflow/example_dags/example_bash_operator.py took 0.101 seconds
[2024-01-28T23:10:36.370+0100] {processor.py:161} INFO - Started process (PID=16555) to work on /home/ubuntu/.local/lib/python3.10/site-packages/airflow/example_dags/example_bash_operator.py
[2024-01-28T23:10:36.373+0100] {processor.py:830} INFO - Processing file /home/ubuntu/.local/lib/python3.10/site-packages/airflow/example_dags/example_bash_operator.py for tasks to queue
[2024-01-28T23:10:36.375+0100] {logging_mixin.py:188} INFO - [2024-01-28T23:10:36.374+0100] {dagbag.py:538} INFO - Filling up the DagBag from /home/ubuntu/.local/lib/python3.10/site-packages/airflow/example_dags/example_bash_operator.py
[2024-01-28T23:10:36.386+0100] {processor.py:840} INFO - DAG(s) 'example_bash_operator' retrieved from /home/ubuntu/.local/lib/python3.10/site-packages/airflow/example_dags/example_bash_operator.py
[2024-01-28T23:10:36.412+0100] {logging_mixin.py:188} INFO - [2024-01-28T23:10:36.412+0100] {dag.py:3033} INFO - Sync 1 DAGs
[2024-01-28T23:10:36.433+0100] {logging_mixin.py:188} INFO - [2024-01-28T23:10:36.433+0100] {dag.py:3820} INFO - Setting next_dagrun for example_bash_operator to 2024-01-27T00:00:00+00:00, run_after=2024-01-28T00:00:00+00:00
[2024-01-28T23:10:36.468+0100] {processor.py:183} INFO - Processing /home/ubuntu/.local/lib/python3.10/site-packages/airflow/example_dags/example_bash_operator.py took 0.100 seconds
[2024-01-28T23:11:35.612+0100] {processor.py:161} INFO - Started process (PID=16624) to work on /home/ubuntu/.local/lib/python3.10/site-packages/airflow/example_dags/example_bash_operator.py
[2024-01-28T23:11:35.616+0100] {processor.py:830} INFO - Processing file /home/ubuntu/.local/lib/python3.10/site-packages/airflow/example_dags/example_bash_operator.py for tasks to queue
[2024-01-28T23:11:35.619+0100] {logging_mixin.py:188} INFO - [2024-01-28T23:11:35.617+0100] {dagbag.py:538} INFO - Filling up the DagBag from /home/ubuntu/.local/lib/python3.10/site-packages/airflow/example_dags/example_bash_operator.py
[2024-01-28T23:11:35.726+0100] {processor.py:840} INFO - DAG(s) 'example_bash_operator' retrieved from /home/ubuntu/.local/lib/python3.10/site-packages/airflow/example_dags/example_bash_operator.py
[2024-01-28T23:11:35.788+0100] {logging_mixin.py:188} INFO - [2024-01-28T23:11:35.788+0100] {dag.py:3033} INFO - Sync 1 DAGs
[2024-01-28T23:11:35.855+0100] {logging_mixin.py:188} INFO - [2024-01-28T23:11:35.854+0100] {dag.py:3820} INFO - Setting next_dagrun for example_bash_operator to 2024-01-27T00:00:00+00:00, run_after=2024-01-28T00:00:00+00:00
[2024-01-28T23:11:35.991+0100] {processor.py:183} INFO - Processing /home/ubuntu/.local/lib/python3.10/site-packages/airflow/example_dags/example_bash_operator.py took 0.390 seconds
[2024-01-28T23:12:27.042+0100] {processor.py:161} INFO - Started process (PID=16688) to work on /home/ubuntu/.local/lib/python3.10/site-packages/airflow/example_dags/example_bash_operator.py
[2024-01-28T23:12:27.045+0100] {processor.py:830} INFO - Processing file /home/ubuntu/.local/lib/python3.10/site-packages/airflow/example_dags/example_bash_operator.py for tasks to queue
[2024-01-28T23:12:27.047+0100] {logging_mixin.py:188} INFO - [2024-01-28T23:12:27.046+0100] {dagbag.py:538} INFO - Filling up the DagBag from /home/ubuntu/.local/lib/python3.10/site-packages/airflow/example_dags/example_bash_operator.py
[2024-01-28T23:12:27.060+0100] {processor.py:840} INFO - DAG(s) 'example_bash_operator' retrieved from /home/ubuntu/.local/lib/python3.10/site-packages/airflow/example_dags/example_bash_operator.py
[2024-01-28T23:12:27.082+0100] {logging_mixin.py:188} INFO - [2024-01-28T23:12:27.082+0100] {dag.py:3033} INFO - Sync 1 DAGs
[2024-01-28T23:12:27.105+0100] {logging_mixin.py:188} INFO - [2024-01-28T23:12:27.105+0100] {dag.py:3820} INFO - Setting next_dagrun for example_bash_operator to 2024-01-27T00:00:00+00:00, run_after=2024-01-28T00:00:00+00:00
[2024-01-28T23:12:27.135+0100] {processor.py:183} INFO - Processing /home/ubuntu/.local/lib/python3.10/site-packages/airflow/example_dags/example_bash_operator.py took 0.096 seconds
[2024-01-28T23:13:13.052+0100] {processor.py:161} INFO - Started process (PID=16745) to work on /home/ubuntu/.local/lib/python3.10/site-packages/airflow/example_dags/example_bash_operator.py
[2024-01-28T23:13:13.055+0100] {processor.py:830} INFO - Processing file /home/ubuntu/.local/lib/python3.10/site-packages/airflow/example_dags/example_bash_operator.py for tasks to queue
[2024-01-28T23:13:13.056+0100] {logging_mixin.py:188} INFO - [2024-01-28T23:13:13.056+0100] {dagbag.py:538} INFO - Filling up the DagBag from /home/ubuntu/.local/lib/python3.10/site-packages/airflow/example_dags/example_bash_operator.py
[2024-01-28T23:13:13.067+0100] {processor.py:840} INFO - DAG(s) 'example_bash_operator' retrieved from /home/ubuntu/.local/lib/python3.10/site-packages/airflow/example_dags/example_bash_operator.py
[2024-01-28T23:13:13.090+0100] {logging_mixin.py:188} INFO - [2024-01-28T23:13:13.090+0100] {dag.py:3033} INFO - Sync 1 DAGs
[2024-01-28T23:13:13.109+0100] {logging_mixin.py:188} INFO - [2024-01-28T23:13:13.109+0100] {dag.py:3820} INFO - Setting next_dagrun for example_bash_operator to 2024-01-27T00:00:00+00:00, run_after=2024-01-28T00:00:00+00:00
[2024-01-28T23:13:13.139+0100] {processor.py:183} INFO - Processing /home/ubuntu/.local/lib/python3.10/site-packages/airflow/example_dags/example_bash_operator.py took 0.090 seconds
[2024-01-28T23:14:12.853+0100] {processor.py:161} INFO - Started process (PID=16818) to work on /home/ubuntu/.local/lib/python3.10/site-packages/airflow/example_dags/example_bash_operator.py
[2024-01-28T23:14:12.855+0100] {processor.py:830} INFO - Processing file /home/ubuntu/.local/lib/python3.10/site-packages/airflow/example_dags/example_bash_operator.py for tasks to queue
[2024-01-28T23:14:12.857+0100] {logging_mixin.py:188} INFO - [2024-01-28T23:14:12.856+0100] {dagbag.py:538} INFO - Filling up the DagBag from /home/ubuntu/.local/lib/python3.10/site-packages/airflow/example_dags/example_bash_operator.py
[2024-01-28T23:14:12.872+0100] {processor.py:840} INFO - DAG(s) 'example_bash_operator' retrieved from /home/ubuntu/.local/lib/python3.10/site-packages/airflow/example_dags/example_bash_operator.py
[2024-01-28T23:14:12.902+0100] {logging_mixin.py:188} INFO - [2024-01-28T23:14:12.902+0100] {dag.py:3033} INFO - Sync 1 DAGs
[2024-01-28T23:14:12.925+0100] {logging_mixin.py:188} INFO - [2024-01-28T23:14:12.925+0100] {dag.py:3820} INFO - Setting next_dagrun for example_bash_operator to 2024-01-27T00:00:00+00:00, run_after=2024-01-28T00:00:00+00:00
[2024-01-28T23:14:12.957+0100] {processor.py:183} INFO - Processing /home/ubuntu/.local/lib/python3.10/site-packages/airflow/example_dags/example_bash_operator.py took 0.108 seconds
[2024-01-28T23:15:16.442+0100] {processor.py:161} INFO - Started process (PID=16887) to work on /home/ubuntu/.local/lib/python3.10/site-packages/airflow/example_dags/example_bash_operator.py
[2024-01-28T23:15:16.444+0100] {processor.py:830} INFO - Processing file /home/ubuntu/.local/lib/python3.10/site-packages/airflow/example_dags/example_bash_operator.py for tasks to queue
[2024-01-28T23:15:16.446+0100] {logging_mixin.py:188} INFO - [2024-01-28T23:15:16.445+0100] {dagbag.py:538} INFO - Filling up the DagBag from /home/ubuntu/.local/lib/python3.10/site-packages/airflow/example_dags/example_bash_operator.py
[2024-01-28T23:15:16.457+0100] {processor.py:840} INFO - DAG(s) 'example_bash_operator' retrieved from /home/ubuntu/.local/lib/python3.10/site-packages/airflow/example_dags/example_bash_operator.py
[2024-01-28T23:15:16.481+0100] {logging_mixin.py:188} INFO - [2024-01-28T23:15:16.481+0100] {dag.py:3033} INFO - Sync 1 DAGs
[2024-01-28T23:15:16.502+0100] {logging_mixin.py:188} INFO - [2024-01-28T23:15:16.501+0100] {dag.py:3820} INFO - Setting next_dagrun for example_bash_operator to 2024-01-27T00:00:00+00:00, run_after=2024-01-28T00:00:00+00:00
[2024-01-28T23:15:16.531+0100] {processor.py:183} INFO - Processing /home/ubuntu/.local/lib/python3.10/site-packages/airflow/example_dags/example_bash_operator.py took 0.093 seconds
[2024-01-28T23:16:21.312+0100] {processor.py:161} INFO - Started process (PID=16981) to work on /home/ubuntu/.local/lib/python3.10/site-packages/airflow/example_dags/example_bash_operator.py
[2024-01-28T23:16:21.315+0100] {processor.py:830} INFO - Processing file /home/ubuntu/.local/lib/python3.10/site-packages/airflow/example_dags/example_bash_operator.py for tasks to queue
[2024-01-28T23:16:21.316+0100] {logging_mixin.py:188} INFO - [2024-01-28T23:16:21.315+0100] {dagbag.py:538} INFO - Filling up the DagBag from /home/ubuntu/.local/lib/python3.10/site-packages/airflow/example_dags/example_bash_operator.py
[2024-01-28T23:16:21.330+0100] {processor.py:840} INFO - DAG(s) 'example_bash_operator' retrieved from /home/ubuntu/.local/lib/python3.10/site-packages/airflow/example_dags/example_bash_operator.py
[2024-01-28T23:16:21.353+0100] {logging_mixin.py:188} INFO - [2024-01-28T23:16:21.353+0100] {dag.py:3033} INFO - Sync 1 DAGs
[2024-01-28T23:16:21.376+0100] {logging_mixin.py:188} INFO - [2024-01-28T23:16:21.376+0100] {dag.py:3820} INFO - Setting next_dagrun for example_bash_operator to 2024-01-27T00:00:00+00:00, run_after=2024-01-28T00:00:00+00:00
[2024-01-28T23:16:21.406+0100] {processor.py:183} INFO - Processing /home/ubuntu/.local/lib/python3.10/site-packages/airflow/example_dags/example_bash_operator.py took 0.098 seconds
[2024-01-28T23:17:25.206+0100] {processor.py:161} INFO - Started process (PID=17058) to work on /home/ubuntu/.local/lib/python3.10/site-packages/airflow/example_dags/example_bash_operator.py
[2024-01-28T23:17:25.208+0100] {processor.py:830} INFO - Processing file /home/ubuntu/.local/lib/python3.10/site-packages/airflow/example_dags/example_bash_operator.py for tasks to queue
[2024-01-28T23:17:25.209+0100] {logging_mixin.py:188} INFO - [2024-01-28T23:17:25.209+0100] {dagbag.py:538} INFO - Filling up the DagBag from /home/ubuntu/.local/lib/python3.10/site-packages/airflow/example_dags/example_bash_operator.py
[2024-01-28T23:17:25.222+0100] {processor.py:840} INFO - DAG(s) 'example_bash_operator' retrieved from /home/ubuntu/.local/lib/python3.10/site-packages/airflow/example_dags/example_bash_operator.py
[2024-01-28T23:17:25.245+0100] {logging_mixin.py:188} INFO - [2024-01-28T23:17:25.245+0100] {dag.py:3033} INFO - Sync 1 DAGs
[2024-01-28T23:17:25.266+0100] {logging_mixin.py:188} INFO - [2024-01-28T23:17:25.266+0100] {dag.py:3820} INFO - Setting next_dagrun for example_bash_operator to 2024-01-27T00:00:00+00:00, run_after=2024-01-28T00:00:00+00:00
[2024-01-28T23:17:25.296+0100] {processor.py:183} INFO - Processing /home/ubuntu/.local/lib/python3.10/site-packages/airflow/example_dags/example_bash_operator.py took 0.093 seconds
[2024-01-28T23:18:27.568+0100] {processor.py:161} INFO - Started process (PID=17135) to work on /home/ubuntu/.local/lib/python3.10/site-packages/airflow/example_dags/example_bash_operator.py
[2024-01-28T23:18:27.570+0100] {processor.py:830} INFO - Processing file /home/ubuntu/.local/lib/python3.10/site-packages/airflow/example_dags/example_bash_operator.py for tasks to queue
[2024-01-28T23:18:27.572+0100] {logging_mixin.py:188} INFO - [2024-01-28T23:18:27.572+0100] {dagbag.py:538} INFO - Filling up the DagBag from /home/ubuntu/.local/lib/python3.10/site-packages/airflow/example_dags/example_bash_operator.py
[2024-01-28T23:18:27.587+0100] {processor.py:840} INFO - DAG(s) 'example_bash_operator' retrieved from /home/ubuntu/.local/lib/python3.10/site-packages/airflow/example_dags/example_bash_operator.py
[2024-01-28T23:18:27.610+0100] {logging_mixin.py:188} INFO - [2024-01-28T23:18:27.610+0100] {dag.py:3033} INFO - Sync 1 DAGs
[2024-01-28T23:18:27.640+0100] {logging_mixin.py:188} INFO - [2024-01-28T23:18:27.639+0100] {dag.py:3820} INFO - Setting next_dagrun for example_bash_operator to 2024-01-27T00:00:00+00:00, run_after=2024-01-28T00:00:00+00:00
[2024-01-28T23:18:27.669+0100] {processor.py:183} INFO - Processing /home/ubuntu/.local/lib/python3.10/site-packages/airflow/example_dags/example_bash_operator.py took 0.106 seconds
[2024-01-28T23:19:30.227+0100] {processor.py:161} INFO - Started process (PID=17206) to work on /home/ubuntu/.local/lib/python3.10/site-packages/airflow/example_dags/example_bash_operator.py
[2024-01-28T23:19:30.229+0100] {processor.py:830} INFO - Processing file /home/ubuntu/.local/lib/python3.10/site-packages/airflow/example_dags/example_bash_operator.py for tasks to queue
[2024-01-28T23:19:30.230+0100] {logging_mixin.py:188} INFO - [2024-01-28T23:19:30.230+0100] {dagbag.py:538} INFO - Filling up the DagBag from /home/ubuntu/.local/lib/python3.10/site-packages/airflow/example_dags/example_bash_operator.py
[2024-01-28T23:19:30.242+0100] {processor.py:840} INFO - DAG(s) 'example_bash_operator' retrieved from /home/ubuntu/.local/lib/python3.10/site-packages/airflow/example_dags/example_bash_operator.py
[2024-01-28T23:19:30.269+0100] {logging_mixin.py:188} INFO - [2024-01-28T23:19:30.269+0100] {dag.py:3033} INFO - Sync 1 DAGs
[2024-01-28T23:19:30.290+0100] {logging_mixin.py:188} INFO - [2024-01-28T23:19:30.290+0100] {dag.py:3820} INFO - Setting next_dagrun for example_bash_operator to 2024-01-27T00:00:00+00:00, run_after=2024-01-28T00:00:00+00:00
[2024-01-28T23:19:30.318+0100] {processor.py:183} INFO - Processing /home/ubuntu/.local/lib/python3.10/site-packages/airflow/example_dags/example_bash_operator.py took 0.095 seconds
[2024-01-28T23:20:33.302+0100] {processor.py:161} INFO - Started process (PID=17282) to work on /home/ubuntu/.local/lib/python3.10/site-packages/airflow/example_dags/example_bash_operator.py
[2024-01-28T23:20:33.304+0100] {processor.py:830} INFO - Processing file /home/ubuntu/.local/lib/python3.10/site-packages/airflow/example_dags/example_bash_operator.py for tasks to queue
[2024-01-28T23:20:33.305+0100] {logging_mixin.py:188} INFO - [2024-01-28T23:20:33.304+0100] {dagbag.py:538} INFO - Filling up the DagBag from /home/ubuntu/.local/lib/python3.10/site-packages/airflow/example_dags/example_bash_operator.py
[2024-01-28T23:20:33.317+0100] {processor.py:840} INFO - DAG(s) 'example_bash_operator' retrieved from /home/ubuntu/.local/lib/python3.10/site-packages/airflow/example_dags/example_bash_operator.py
[2024-01-28T23:20:33.343+0100] {logging_mixin.py:188} INFO - [2024-01-28T23:20:33.342+0100] {dag.py:3033} INFO - Sync 1 DAGs
[2024-01-28T23:20:33.362+0100] {logging_mixin.py:188} INFO - [2024-01-28T23:20:33.362+0100] {dag.py:3820} INFO - Setting next_dagrun for example_bash_operator to 2024-01-27T00:00:00+00:00, run_after=2024-01-28T00:00:00+00:00
[2024-01-28T23:20:33.389+0100] {processor.py:183} INFO - Processing /home/ubuntu/.local/lib/python3.10/site-packages/airflow/example_dags/example_bash_operator.py took 0.091 seconds
[2024-01-28T23:21:37.359+0100] {processor.py:161} INFO - Started process (PID=17352) to work on /home/ubuntu/.local/lib/python3.10/site-packages/airflow/example_dags/example_bash_operator.py
[2024-01-28T23:21:37.360+0100] {processor.py:830} INFO - Processing file /home/ubuntu/.local/lib/python3.10/site-packages/airflow/example_dags/example_bash_operator.py for tasks to queue
[2024-01-28T23:21:37.362+0100] {logging_mixin.py:188} INFO - [2024-01-28T23:21:37.361+0100] {dagbag.py:538} INFO - Filling up the DagBag from /home/ubuntu/.local/lib/python3.10/site-packages/airflow/example_dags/example_bash_operator.py
[2024-01-28T23:21:37.374+0100] {processor.py:840} INFO - DAG(s) 'example_bash_operator' retrieved from /home/ubuntu/.local/lib/python3.10/site-packages/airflow/example_dags/example_bash_operator.py
[2024-01-28T23:21:37.401+0100] {logging_mixin.py:188} INFO - [2024-01-28T23:21:37.401+0100] {dag.py:3033} INFO - Sync 1 DAGs
[2024-01-28T23:21:37.423+0100] {logging_mixin.py:188} INFO - [2024-01-28T23:21:37.422+0100] {dag.py:3820} INFO - Setting next_dagrun for example_bash_operator to 2024-01-27T00:00:00+00:00, run_after=2024-01-28T00:00:00+00:00
[2024-01-28T23:21:37.452+0100] {processor.py:183} INFO - Processing /home/ubuntu/.local/lib/python3.10/site-packages/airflow/example_dags/example_bash_operator.py took 0.097 seconds
[2024-01-28T23:22:39.377+0100] {processor.py:161} INFO - Started process (PID=17428) to work on /home/ubuntu/.local/lib/python3.10/site-packages/airflow/example_dags/example_bash_operator.py
[2024-01-28T23:22:39.380+0100] {processor.py:830} INFO - Processing file /home/ubuntu/.local/lib/python3.10/site-packages/airflow/example_dags/example_bash_operator.py for tasks to queue
[2024-01-28T23:22:39.381+0100] {logging_mixin.py:188} INFO - [2024-01-28T23:22:39.381+0100] {dagbag.py:538} INFO - Filling up the DagBag from /home/ubuntu/.local/lib/python3.10/site-packages/airflow/example_dags/example_bash_operator.py
[2024-01-28T23:22:39.403+0100] {processor.py:840} INFO - DAG(s) 'example_bash_operator' retrieved from /home/ubuntu/.local/lib/python3.10/site-packages/airflow/example_dags/example_bash_operator.py
[2024-01-28T23:22:39.423+0100] {logging_mixin.py:188} INFO - [2024-01-28T23:22:39.423+0100] {dag.py:3033} INFO - Sync 1 DAGs
[2024-01-28T23:22:39.443+0100] {logging_mixin.py:188} INFO - [2024-01-28T23:22:39.443+0100] {dag.py:3820} INFO - Setting next_dagrun for example_bash_operator to 2024-01-27T00:00:00+00:00, run_after=2024-01-28T00:00:00+00:00
[2024-01-28T23:22:39.477+0100] {processor.py:183} INFO - Processing /home/ubuntu/.local/lib/python3.10/site-packages/airflow/example_dags/example_bash_operator.py took 0.102 seconds
[2024-01-28T23:23:45.903+0100] {processor.py:161} INFO - Started process (PID=17497) to work on /home/ubuntu/.local/lib/python3.10/site-packages/airflow/example_dags/example_bash_operator.py
[2024-01-28T23:23:45.906+0100] {processor.py:830} INFO - Processing file /home/ubuntu/.local/lib/python3.10/site-packages/airflow/example_dags/example_bash_operator.py for tasks to queue
[2024-01-28T23:23:45.908+0100] {logging_mixin.py:188} INFO - [2024-01-28T23:23:45.907+0100] {dagbag.py:538} INFO - Filling up the DagBag from /home/ubuntu/.local/lib/python3.10/site-packages/airflow/example_dags/example_bash_operator.py
[2024-01-28T23:23:45.922+0100] {processor.py:840} INFO - DAG(s) 'example_bash_operator' retrieved from /home/ubuntu/.local/lib/python3.10/site-packages/airflow/example_dags/example_bash_operator.py
[2024-01-28T23:23:45.945+0100] {logging_mixin.py:188} INFO - [2024-01-28T23:23:45.945+0100] {dag.py:3033} INFO - Sync 1 DAGs
[2024-01-28T23:23:45.968+0100] {logging_mixin.py:188} INFO - [2024-01-28T23:23:45.967+0100] {dag.py:3820} INFO - Setting next_dagrun for example_bash_operator to 2024-01-27T00:00:00+00:00, run_after=2024-01-28T00:00:00+00:00
[2024-01-28T23:23:45.998+0100] {processor.py:183} INFO - Processing /home/ubuntu/.local/lib/python3.10/site-packages/airflow/example_dags/example_bash_operator.py took 0.098 seconds
[2024-01-28T23:24:57.829+0100] {processor.py:161} INFO - Started process (PID=17578) to work on /home/ubuntu/.local/lib/python3.10/site-packages/airflow/example_dags/example_bash_operator.py
[2024-01-28T23:24:57.855+0100] {processor.py:830} INFO - Processing file /home/ubuntu/.local/lib/python3.10/site-packages/airflow/example_dags/example_bash_operator.py for tasks to queue
[2024-01-28T23:24:57.857+0100] {logging_mixin.py:188} INFO - [2024-01-28T23:24:57.856+0100] {dagbag.py:538} INFO - Filling up the DagBag from /home/ubuntu/.local/lib/python3.10/site-packages/airflow/example_dags/example_bash_operator.py
[2024-01-28T23:24:57.868+0100] {processor.py:840} INFO - DAG(s) 'example_bash_operator' retrieved from /home/ubuntu/.local/lib/python3.10/site-packages/airflow/example_dags/example_bash_operator.py
[2024-01-28T23:24:57.900+0100] {logging_mixin.py:188} INFO - [2024-01-28T23:24:57.900+0100] {dag.py:3033} INFO - Sync 1 DAGs
[2024-01-28T23:24:57.919+0100] {logging_mixin.py:188} INFO - [2024-01-28T23:24:57.919+0100] {dag.py:3820} INFO - Setting next_dagrun for example_bash_operator to 2024-01-27T00:00:00+00:00, run_after=2024-01-28T00:00:00+00:00
[2024-01-28T23:24:57.985+0100] {processor.py:183} INFO - Processing /home/ubuntu/.local/lib/python3.10/site-packages/airflow/example_dags/example_bash_operator.py took 0.159 seconds
[2024-01-28T23:25:46.387+0100] {processor.py:161} INFO - Started process (PID=17631) to work on /home/ubuntu/.local/lib/python3.10/site-packages/airflow/example_dags/example_bash_operator.py
[2024-01-28T23:25:46.389+0100] {processor.py:830} INFO - Processing file /home/ubuntu/.local/lib/python3.10/site-packages/airflow/example_dags/example_bash_operator.py for tasks to queue
[2024-01-28T23:25:46.390+0100] {logging_mixin.py:188} INFO - [2024-01-28T23:25:46.390+0100] {dagbag.py:538} INFO - Filling up the DagBag from /home/ubuntu/.local/lib/python3.10/site-packages/airflow/example_dags/example_bash_operator.py
[2024-01-28T23:25:46.408+0100] {processor.py:840} INFO - DAG(s) 'example_bash_operator' retrieved from /home/ubuntu/.local/lib/python3.10/site-packages/airflow/example_dags/example_bash_operator.py
[2024-01-28T23:25:46.434+0100] {logging_mixin.py:188} INFO - [2024-01-28T23:25:46.434+0100] {dag.py:3033} INFO - Sync 1 DAGs
[2024-01-28T23:25:46.456+0100] {logging_mixin.py:188} INFO - [2024-01-28T23:25:46.455+0100] {dag.py:3820} INFO - Setting next_dagrun for example_bash_operator to 2024-01-27T00:00:00+00:00, run_after=2024-01-28T00:00:00+00:00
[2024-01-28T23:25:46.488+0100] {processor.py:183} INFO - Processing /home/ubuntu/.local/lib/python3.10/site-packages/airflow/example_dags/example_bash_operator.py took 0.104 seconds
[2024-01-28T23:26:49.938+0100] {processor.py:161} INFO - Started process (PID=17704) to work on /home/ubuntu/.local/lib/python3.10/site-packages/airflow/example_dags/example_bash_operator.py
[2024-01-28T23:26:49.940+0100] {processor.py:830} INFO - Processing file /home/ubuntu/.local/lib/python3.10/site-packages/airflow/example_dags/example_bash_operator.py for tasks to queue
[2024-01-28T23:26:49.941+0100] {logging_mixin.py:188} INFO - [2024-01-28T23:26:49.940+0100] {dagbag.py:538} INFO - Filling up the DagBag from /home/ubuntu/.local/lib/python3.10/site-packages/airflow/example_dags/example_bash_operator.py
[2024-01-28T23:26:49.954+0100] {processor.py:840} INFO - DAG(s) 'example_bash_operator' retrieved from /home/ubuntu/.local/lib/python3.10/site-packages/airflow/example_dags/example_bash_operator.py
[2024-01-28T23:26:49.978+0100] {logging_mixin.py:188} INFO - [2024-01-28T23:26:49.978+0100] {dag.py:3033} INFO - Sync 1 DAGs
[2024-01-28T23:26:50.000+0100] {logging_mixin.py:188} INFO - [2024-01-28T23:26:50.000+0100] {dag.py:3820} INFO - Setting next_dagrun for example_bash_operator to 2024-01-27T00:00:00+00:00, run_after=2024-01-28T00:00:00+00:00
[2024-01-28T23:26:50.031+0100] {processor.py:183} INFO - Processing /home/ubuntu/.local/lib/python3.10/site-packages/airflow/example_dags/example_bash_operator.py took 0.096 seconds
[2024-01-28T23:27:52.244+0100] {processor.py:161} INFO - Started process (PID=17783) to work on /home/ubuntu/.local/lib/python3.10/site-packages/airflow/example_dags/example_bash_operator.py
[2024-01-28T23:27:52.246+0100] {processor.py:830} INFO - Processing file /home/ubuntu/.local/lib/python3.10/site-packages/airflow/example_dags/example_bash_operator.py for tasks to queue
[2024-01-28T23:27:52.248+0100] {logging_mixin.py:188} INFO - [2024-01-28T23:27:52.247+0100] {dagbag.py:538} INFO - Filling up the DagBag from /home/ubuntu/.local/lib/python3.10/site-packages/airflow/example_dags/example_bash_operator.py
[2024-01-28T23:27:52.261+0100] {processor.py:840} INFO - DAG(s) 'example_bash_operator' retrieved from /home/ubuntu/.local/lib/python3.10/site-packages/airflow/example_dags/example_bash_operator.py
[2024-01-28T23:27:52.288+0100] {logging_mixin.py:188} INFO - [2024-01-28T23:27:52.288+0100] {dag.py:3033} INFO - Sync 1 DAGs
[2024-01-28T23:27:52.310+0100] {logging_mixin.py:188} INFO - [2024-01-28T23:27:52.310+0100] {dag.py:3820} INFO - Setting next_dagrun for example_bash_operator to 2024-01-27T00:00:00+00:00, run_after=2024-01-28T00:00:00+00:00
[2024-01-28T23:27:52.339+0100] {processor.py:183} INFO - Processing /home/ubuntu/.local/lib/python3.10/site-packages/airflow/example_dags/example_bash_operator.py took 0.098 seconds
[2024-01-28T23:28:58.103+0100] {processor.py:161} INFO - Started process (PID=17855) to work on /home/ubuntu/.local/lib/python3.10/site-packages/airflow/example_dags/example_bash_operator.py
[2024-01-28T23:28:58.107+0100] {processor.py:830} INFO - Processing file /home/ubuntu/.local/lib/python3.10/site-packages/airflow/example_dags/example_bash_operator.py for tasks to queue
[2024-01-28T23:28:58.108+0100] {logging_mixin.py:188} INFO - [2024-01-28T23:28:58.107+0100] {dagbag.py:538} INFO - Filling up the DagBag from /home/ubuntu/.local/lib/python3.10/site-packages/airflow/example_dags/example_bash_operator.py
[2024-01-28T23:28:58.118+0100] {processor.py:840} INFO - DAG(s) 'example_bash_operator' retrieved from /home/ubuntu/.local/lib/python3.10/site-packages/airflow/example_dags/example_bash_operator.py
[2024-01-28T23:28:58.139+0100] {logging_mixin.py:188} INFO - [2024-01-28T23:28:58.139+0100] {dag.py:3033} INFO - Sync 1 DAGs
[2024-01-28T23:28:58.157+0100] {logging_mixin.py:188} INFO - [2024-01-28T23:28:58.157+0100] {dag.py:3820} INFO - Setting next_dagrun for example_bash_operator to 2024-01-27T00:00:00+00:00, run_after=2024-01-28T00:00:00+00:00
[2024-01-28T23:28:58.194+0100] {processor.py:183} INFO - Processing /home/ubuntu/.local/lib/python3.10/site-packages/airflow/example_dags/example_bash_operator.py took 0.093 seconds
[2024-01-28T23:30:05.542+0100] {processor.py:161} INFO - Started process (PID=17937) to work on /home/ubuntu/.local/lib/python3.10/site-packages/airflow/example_dags/example_bash_operator.py
[2024-01-28T23:30:05.545+0100] {processor.py:830} INFO - Processing file /home/ubuntu/.local/lib/python3.10/site-packages/airflow/example_dags/example_bash_operator.py for tasks to queue
[2024-01-28T23:30:05.546+0100] {logging_mixin.py:188} INFO - [2024-01-28T23:30:05.546+0100] {dagbag.py:538} INFO - Filling up the DagBag from /home/ubuntu/.local/lib/python3.10/site-packages/airflow/example_dags/example_bash_operator.py
[2024-01-28T23:30:05.559+0100] {processor.py:840} INFO - DAG(s) 'example_bash_operator' retrieved from /home/ubuntu/.local/lib/python3.10/site-packages/airflow/example_dags/example_bash_operator.py
[2024-01-28T23:30:05.579+0100] {logging_mixin.py:188} INFO - [2024-01-28T23:30:05.579+0100] {dag.py:3033} INFO - Sync 1 DAGs
[2024-01-28T23:30:05.598+0100] {logging_mixin.py:188} INFO - [2024-01-28T23:30:05.598+0100] {dag.py:3820} INFO - Setting next_dagrun for example_bash_operator to 2024-01-27T00:00:00+00:00, run_after=2024-01-28T00:00:00+00:00
[2024-01-28T23:30:05.630+0100] {processor.py:183} INFO - Processing /home/ubuntu/.local/lib/python3.10/site-packages/airflow/example_dags/example_bash_operator.py took 0.091 seconds
[2024-01-28T23:31:10.154+0100] {processor.py:161} INFO - Started process (PID=18009) to work on /home/ubuntu/.local/lib/python3.10/site-packages/airflow/example_dags/example_bash_operator.py
[2024-01-28T23:31:10.157+0100] {processor.py:830} INFO - Processing file /home/ubuntu/.local/lib/python3.10/site-packages/airflow/example_dags/example_bash_operator.py for tasks to queue
[2024-01-28T23:31:10.158+0100] {logging_mixin.py:188} INFO - [2024-01-28T23:31:10.158+0100] {dagbag.py:538} INFO - Filling up the DagBag from /home/ubuntu/.local/lib/python3.10/site-packages/airflow/example_dags/example_bash_operator.py
[2024-01-28T23:31:10.170+0100] {processor.py:840} INFO - DAG(s) 'example_bash_operator' retrieved from /home/ubuntu/.local/lib/python3.10/site-packages/airflow/example_dags/example_bash_operator.py
[2024-01-28T23:31:10.197+0100] {logging_mixin.py:188} INFO - [2024-01-28T23:31:10.197+0100] {dag.py:3033} INFO - Sync 1 DAGs
[2024-01-28T23:31:10.219+0100] {logging_mixin.py:188} INFO - [2024-01-28T23:31:10.218+0100] {dag.py:3820} INFO - Setting next_dagrun for example_bash_operator to 2024-01-27T00:00:00+00:00, run_after=2024-01-28T00:00:00+00:00
[2024-01-28T23:31:10.248+0100] {processor.py:183} INFO - Processing /home/ubuntu/.local/lib/python3.10/site-packages/airflow/example_dags/example_bash_operator.py took 0.096 seconds
[2024-01-28T23:31:57.791+0100] {processor.py:161} INFO - Started process (PID=18060) to work on /home/ubuntu/.local/lib/python3.10/site-packages/airflow/example_dags/example_bash_operator.py
[2024-01-28T23:31:57.794+0100] {processor.py:830} INFO - Processing file /home/ubuntu/.local/lib/python3.10/site-packages/airflow/example_dags/example_bash_operator.py for tasks to queue
[2024-01-28T23:31:57.795+0100] {logging_mixin.py:188} INFO - [2024-01-28T23:31:57.795+0100] {dagbag.py:538} INFO - Filling up the DagBag from /home/ubuntu/.local/lib/python3.10/site-packages/airflow/example_dags/example_bash_operator.py
[2024-01-28T23:31:57.807+0100] {processor.py:840} INFO - DAG(s) 'example_bash_operator' retrieved from /home/ubuntu/.local/lib/python3.10/site-packages/airflow/example_dags/example_bash_operator.py
[2024-01-28T23:31:57.827+0100] {logging_mixin.py:188} INFO - [2024-01-28T23:31:57.827+0100] {dag.py:3033} INFO - Sync 1 DAGs
[2024-01-28T23:31:57.846+0100] {logging_mixin.py:188} INFO - [2024-01-28T23:31:57.846+0100] {dag.py:3820} INFO - Setting next_dagrun for example_bash_operator to 2024-01-27T00:00:00+00:00, run_after=2024-01-28T00:00:00+00:00
[2024-01-28T23:31:57.873+0100] {processor.py:183} INFO - Processing /home/ubuntu/.local/lib/python3.10/site-packages/airflow/example_dags/example_bash_operator.py took 0.085 seconds
[2024-01-28T23:32:47.657+0100] {processor.py:161} INFO - Started process (PID=18115) to work on /home/ubuntu/.local/lib/python3.10/site-packages/airflow/example_dags/example_bash_operator.py
[2024-01-28T23:32:47.660+0100] {processor.py:830} INFO - Processing file /home/ubuntu/.local/lib/python3.10/site-packages/airflow/example_dags/example_bash_operator.py for tasks to queue
[2024-01-28T23:32:47.663+0100] {logging_mixin.py:188} INFO - [2024-01-28T23:32:47.662+0100] {dagbag.py:538} INFO - Filling up the DagBag from /home/ubuntu/.local/lib/python3.10/site-packages/airflow/example_dags/example_bash_operator.py
[2024-01-28T23:32:47.689+0100] {processor.py:840} INFO - DAG(s) 'example_bash_operator' retrieved from /home/ubuntu/.local/lib/python3.10/site-packages/airflow/example_dags/example_bash_operator.py
[2024-01-28T23:32:47.745+0100] {logging_mixin.py:188} INFO - [2024-01-28T23:32:47.745+0100] {dag.py:3033} INFO - Sync 1 DAGs
[2024-01-28T23:32:47.794+0100] {logging_mixin.py:188} INFO - [2024-01-28T23:32:47.793+0100] {dag.py:3820} INFO - Setting next_dagrun for example_bash_operator to 2024-01-27T00:00:00+00:00, run_after=2024-01-28T00:00:00+00:00
[2024-01-28T23:32:47.864+0100] {processor.py:183} INFO - Processing /home/ubuntu/.local/lib/python3.10/site-packages/airflow/example_dags/example_bash_operator.py took 0.213 seconds
[2024-01-28T23:34:08.270+0100] {processor.py:161} INFO - Started process (PID=18211) to work on /home/ubuntu/.local/lib/python3.10/site-packages/airflow/example_dags/example_bash_operator.py
[2024-01-28T23:34:08.273+0100] {processor.py:830} INFO - Processing file /home/ubuntu/.local/lib/python3.10/site-packages/airflow/example_dags/example_bash_operator.py for tasks to queue
[2024-01-28T23:34:08.274+0100] {logging_mixin.py:188} INFO - [2024-01-28T23:34:08.273+0100] {dagbag.py:538} INFO - Filling up the DagBag from /home/ubuntu/.local/lib/python3.10/site-packages/airflow/example_dags/example_bash_operator.py
[2024-01-28T23:34:08.288+0100] {processor.py:840} INFO - DAG(s) 'example_bash_operator' retrieved from /home/ubuntu/.local/lib/python3.10/site-packages/airflow/example_dags/example_bash_operator.py
[2024-01-28T23:34:08.318+0100] {logging_mixin.py:188} INFO - [2024-01-28T23:34:08.318+0100] {dag.py:3033} INFO - Sync 1 DAGs
[2024-01-28T23:34:08.459+0100] {logging_mixin.py:188} INFO - [2024-01-28T23:34:08.459+0100] {dag.py:3820} INFO - Setting next_dagrun for example_bash_operator to 2024-01-27T00:00:00+00:00, run_after=2024-01-28T00:00:00+00:00
[2024-01-28T23:34:08.485+0100] {processor.py:183} INFO - Processing /home/ubuntu/.local/lib/python3.10/site-packages/airflow/example_dags/example_bash_operator.py took 0.219 seconds
[2024-01-28T23:35:05.439+0100] {processor.py:161} INFO - Started process (PID=18268) to work on /home/ubuntu/.local/lib/python3.10/site-packages/airflow/example_dags/example_bash_operator.py
[2024-01-28T23:35:05.441+0100] {processor.py:830} INFO - Processing file /home/ubuntu/.local/lib/python3.10/site-packages/airflow/example_dags/example_bash_operator.py for tasks to queue
[2024-01-28T23:35:05.443+0100] {logging_mixin.py:188} INFO - [2024-01-28T23:35:05.442+0100] {dagbag.py:538} INFO - Filling up the DagBag from /home/ubuntu/.local/lib/python3.10/site-packages/airflow/example_dags/example_bash_operator.py
[2024-01-28T23:35:05.455+0100] {processor.py:840} INFO - DAG(s) 'example_bash_operator' retrieved from /home/ubuntu/.local/lib/python3.10/site-packages/airflow/example_dags/example_bash_operator.py
[2024-01-28T23:35:05.479+0100] {logging_mixin.py:188} INFO - [2024-01-28T23:35:05.478+0100] {dag.py:3033} INFO - Sync 1 DAGs
[2024-01-28T23:35:05.500+0100] {logging_mixin.py:188} INFO - [2024-01-28T23:35:05.500+0100] {dag.py:3820} INFO - Setting next_dagrun for example_bash_operator to 2024-01-27T00:00:00+00:00, run_after=2024-01-28T00:00:00+00:00
[2024-01-28T23:35:05.530+0100] {processor.py:183} INFO - Processing /home/ubuntu/.local/lib/python3.10/site-packages/airflow/example_dags/example_bash_operator.py took 0.094 seconds
[2024-01-28T23:35:54.362+0100] {processor.py:161} INFO - Started process (PID=18323) to work on /home/ubuntu/.local/lib/python3.10/site-packages/airflow/example_dags/example_bash_operator.py
[2024-01-28T23:35:54.365+0100] {processor.py:830} INFO - Processing file /home/ubuntu/.local/lib/python3.10/site-packages/airflow/example_dags/example_bash_operator.py for tasks to queue
[2024-01-28T23:35:54.366+0100] {logging_mixin.py:188} INFO - [2024-01-28T23:35:54.365+0100] {dagbag.py:538} INFO - Filling up the DagBag from /home/ubuntu/.local/lib/python3.10/site-packages/airflow/example_dags/example_bash_operator.py
[2024-01-28T23:35:54.380+0100] {processor.py:840} INFO - DAG(s) 'example_bash_operator' retrieved from /home/ubuntu/.local/lib/python3.10/site-packages/airflow/example_dags/example_bash_operator.py
[2024-01-28T23:35:54.404+0100] {logging_mixin.py:188} INFO - [2024-01-28T23:35:54.404+0100] {dag.py:3033} INFO - Sync 1 DAGs
[2024-01-28T23:35:54.517+0100] {logging_mixin.py:188} INFO - [2024-01-28T23:35:54.517+0100] {dag.py:3820} INFO - Setting next_dagrun for example_bash_operator to 2024-01-27T00:00:00+00:00, run_after=2024-01-28T00:00:00+00:00
[2024-01-28T23:35:54.544+0100] {processor.py:183} INFO - Processing /home/ubuntu/.local/lib/python3.10/site-packages/airflow/example_dags/example_bash_operator.py took 0.185 seconds
[2024-01-28T23:36:41.763+0100] {processor.py:161} INFO - Started process (PID=18374) to work on /home/ubuntu/.local/lib/python3.10/site-packages/airflow/example_dags/example_bash_operator.py
[2024-01-28T23:36:41.767+0100] {processor.py:830} INFO - Processing file /home/ubuntu/.local/lib/python3.10/site-packages/airflow/example_dags/example_bash_operator.py for tasks to queue
[2024-01-28T23:36:41.769+0100] {logging_mixin.py:188} INFO - [2024-01-28T23:36:41.769+0100] {dagbag.py:538} INFO - Filling up the DagBag from /home/ubuntu/.local/lib/python3.10/site-packages/airflow/example_dags/example_bash_operator.py
[2024-01-28T23:36:41.851+0100] {processor.py:840} INFO - DAG(s) 'example_bash_operator' retrieved from /home/ubuntu/.local/lib/python3.10/site-packages/airflow/example_dags/example_bash_operator.py
[2024-01-28T23:36:41.907+0100] {logging_mixin.py:188} INFO - [2024-01-28T23:36:41.906+0100] {dag.py:3033} INFO - Sync 1 DAGs
[2024-01-28T23:36:41.959+0100] {logging_mixin.py:188} INFO - [2024-01-28T23:36:41.959+0100] {dag.py:3820} INFO - Setting next_dagrun for example_bash_operator to 2024-01-27T00:00:00+00:00, run_after=2024-01-28T00:00:00+00:00
[2024-01-28T23:36:42.009+0100] {processor.py:183} INFO - Processing /home/ubuntu/.local/lib/python3.10/site-packages/airflow/example_dags/example_bash_operator.py took 0.255 seconds
[2024-01-28T23:37:31.658+0100] {processor.py:161} INFO - Started process (PID=18425) to work on /home/ubuntu/.local/lib/python3.10/site-packages/airflow/example_dags/example_bash_operator.py
[2024-01-28T23:37:31.661+0100] {processor.py:830} INFO - Processing file /home/ubuntu/.local/lib/python3.10/site-packages/airflow/example_dags/example_bash_operator.py for tasks to queue
[2024-01-28T23:37:31.661+0100] {logging_mixin.py:188} INFO - [2024-01-28T23:37:31.661+0100] {dagbag.py:538} INFO - Filling up the DagBag from /home/ubuntu/.local/lib/python3.10/site-packages/airflow/example_dags/example_bash_operator.py
[2024-01-28T23:37:31.674+0100] {processor.py:840} INFO - DAG(s) 'example_bash_operator' retrieved from /home/ubuntu/.local/lib/python3.10/site-packages/airflow/example_dags/example_bash_operator.py
[2024-01-28T23:37:31.796+0100] {logging_mixin.py:188} INFO - [2024-01-28T23:37:31.796+0100] {dag.py:3033} INFO - Sync 1 DAGs
[2024-01-28T23:37:31.816+0100] {logging_mixin.py:188} INFO - [2024-01-28T23:37:31.815+0100] {dag.py:3820} INFO - Setting next_dagrun for example_bash_operator to 2024-01-27T00:00:00+00:00, run_after=2024-01-28T00:00:00+00:00
[2024-01-28T23:37:31.843+0100] {processor.py:183} INFO - Processing /home/ubuntu/.local/lib/python3.10/site-packages/airflow/example_dags/example_bash_operator.py took 0.188 seconds
[2024-01-28T23:38:44.393+0100] {processor.py:161} INFO - Started process (PID=19193) to work on /home/ubuntu/.local/lib/python3.10/site-packages/airflow/example_dags/example_bash_operator.py
[2024-01-28T23:38:44.396+0100] {processor.py:830} INFO - Processing file /home/ubuntu/.local/lib/python3.10/site-packages/airflow/example_dags/example_bash_operator.py for tasks to queue
[2024-01-28T23:38:44.397+0100] {logging_mixin.py:188} INFO - [2024-01-28T23:38:44.396+0100] {dagbag.py:538} INFO - Filling up the DagBag from /home/ubuntu/.local/lib/python3.10/site-packages/airflow/example_dags/example_bash_operator.py
[2024-01-28T23:38:44.408+0100] {processor.py:840} INFO - DAG(s) 'example_bash_operator' retrieved from /home/ubuntu/.local/lib/python3.10/site-packages/airflow/example_dags/example_bash_operator.py
[2024-01-28T23:38:44.432+0100] {logging_mixin.py:188} INFO - [2024-01-28T23:38:44.432+0100] {dag.py:3033} INFO - Sync 1 DAGs
[2024-01-28T23:38:44.545+0100] {logging_mixin.py:188} INFO - [2024-01-28T23:38:44.545+0100] {dag.py:3820} INFO - Setting next_dagrun for example_bash_operator to 2024-01-27T00:00:00+00:00, run_after=2024-01-28T00:00:00+00:00
[2024-01-28T23:38:44.576+0100] {processor.py:183} INFO - Processing /home/ubuntu/.local/lib/python3.10/site-packages/airflow/example_dags/example_bash_operator.py took 0.187 seconds
[2024-01-28T23:39:40.418+0100] {processor.py:161} INFO - Started process (PID=19250) to work on /home/ubuntu/.local/lib/python3.10/site-packages/airflow/example_dags/example_bash_operator.py
[2024-01-28T23:39:40.421+0100] {processor.py:830} INFO - Processing file /home/ubuntu/.local/lib/python3.10/site-packages/airflow/example_dags/example_bash_operator.py for tasks to queue
[2024-01-28T23:39:40.423+0100] {logging_mixin.py:188} INFO - [2024-01-28T23:39:40.422+0100] {dagbag.py:538} INFO - Filling up the DagBag from /home/ubuntu/.local/lib/python3.10/site-packages/airflow/example_dags/example_bash_operator.py
[2024-01-28T23:39:40.434+0100] {processor.py:840} INFO - DAG(s) 'example_bash_operator' retrieved from /home/ubuntu/.local/lib/python3.10/site-packages/airflow/example_dags/example_bash_operator.py
[2024-01-28T23:39:40.456+0100] {logging_mixin.py:188} INFO - [2024-01-28T23:39:40.455+0100] {dag.py:3033} INFO - Sync 1 DAGs
[2024-01-28T23:39:40.478+0100] {logging_mixin.py:188} INFO - [2024-01-28T23:39:40.478+0100] {dag.py:3820} INFO - Setting next_dagrun for example_bash_operator to 2024-01-27T00:00:00+00:00, run_after=2024-01-28T00:00:00+00:00
[2024-01-28T23:39:40.506+0100] {processor.py:183} INFO - Processing /home/ubuntu/.local/lib/python3.10/site-packages/airflow/example_dags/example_bash_operator.py took 0.091 seconds
[2024-01-28T23:40:41.425+0100] {processor.py:161} INFO - Started process (PID=19326) to work on /home/ubuntu/.local/lib/python3.10/site-packages/airflow/example_dags/example_bash_operator.py
[2024-01-28T23:40:41.428+0100] {processor.py:830} INFO - Processing file /home/ubuntu/.local/lib/python3.10/site-packages/airflow/example_dags/example_bash_operator.py for tasks to queue
[2024-01-28T23:40:41.431+0100] {logging_mixin.py:188} INFO - [2024-01-28T23:40:41.430+0100] {dagbag.py:538} INFO - Filling up the DagBag from /home/ubuntu/.local/lib/python3.10/site-packages/airflow/example_dags/example_bash_operator.py
[2024-01-28T23:40:41.444+0100] {processor.py:840} INFO - DAG(s) 'example_bash_operator' retrieved from /home/ubuntu/.local/lib/python3.10/site-packages/airflow/example_dags/example_bash_operator.py
[2024-01-28T23:40:41.474+0100] {logging_mixin.py:188} INFO - [2024-01-28T23:40:41.474+0100] {dag.py:3033} INFO - Sync 1 DAGs
[2024-01-28T23:40:41.495+0100] {logging_mixin.py:188} INFO - [2024-01-28T23:40:41.495+0100] {dag.py:3820} INFO - Setting next_dagrun for example_bash_operator to 2024-01-27T00:00:00+00:00, run_after=2024-01-28T00:00:00+00:00
[2024-01-28T23:40:41.522+0100] {processor.py:183} INFO - Processing /home/ubuntu/.local/lib/python3.10/site-packages/airflow/example_dags/example_bash_operator.py took 0.102 seconds
[2024-01-28T23:41:40.936+0100] {processor.py:161} INFO - Started process (PID=19408) to work on /home/ubuntu/.local/lib/python3.10/site-packages/airflow/example_dags/example_bash_operator.py
[2024-01-28T23:41:40.938+0100] {processor.py:830} INFO - Processing file /home/ubuntu/.local/lib/python3.10/site-packages/airflow/example_dags/example_bash_operator.py for tasks to queue
[2024-01-28T23:41:40.940+0100] {logging_mixin.py:188} INFO - [2024-01-28T23:41:40.939+0100] {dagbag.py:538} INFO - Filling up the DagBag from /home/ubuntu/.local/lib/python3.10/site-packages/airflow/example_dags/example_bash_operator.py
[2024-01-28T23:41:40.952+0100] {processor.py:840} INFO - DAG(s) 'example_bash_operator' retrieved from /home/ubuntu/.local/lib/python3.10/site-packages/airflow/example_dags/example_bash_operator.py
[2024-01-28T23:41:40.978+0100] {logging_mixin.py:188} INFO - [2024-01-28T23:41:40.978+0100] {dag.py:3033} INFO - Sync 1 DAGs
[2024-01-28T23:41:40.999+0100] {logging_mixin.py:188} INFO - [2024-01-28T23:41:40.999+0100] {dag.py:3820} INFO - Setting next_dagrun for example_bash_operator to 2024-01-27T00:00:00+00:00, run_after=2024-01-28T00:00:00+00:00
[2024-01-28T23:41:41.029+0100] {processor.py:183} INFO - Processing /home/ubuntu/.local/lib/python3.10/site-packages/airflow/example_dags/example_bash_operator.py took 0.098 seconds
[2024-01-28T23:42:42.885+0100] {processor.py:161} INFO - Started process (PID=19481) to work on /home/ubuntu/.local/lib/python3.10/site-packages/airflow/example_dags/example_bash_operator.py
[2024-01-28T23:42:42.887+0100] {processor.py:830} INFO - Processing file /home/ubuntu/.local/lib/python3.10/site-packages/airflow/example_dags/example_bash_operator.py for tasks to queue
[2024-01-28T23:42:42.889+0100] {logging_mixin.py:188} INFO - [2024-01-28T23:42:42.889+0100] {dagbag.py:538} INFO - Filling up the DagBag from /home/ubuntu/.local/lib/python3.10/site-packages/airflow/example_dags/example_bash_operator.py
[2024-01-28T23:42:42.906+0100] {processor.py:840} INFO - DAG(s) 'example_bash_operator' retrieved from /home/ubuntu/.local/lib/python3.10/site-packages/airflow/example_dags/example_bash_operator.py
[2024-01-28T23:42:42.935+0100] {logging_mixin.py:188} INFO - [2024-01-28T23:42:42.935+0100] {dag.py:3033} INFO - Sync 1 DAGs
[2024-01-28T23:42:42.963+0100] {logging_mixin.py:188} INFO - [2024-01-28T23:42:42.962+0100] {dag.py:3820} INFO - Setting next_dagrun for example_bash_operator to 2024-01-27T00:00:00+00:00, run_after=2024-01-28T00:00:00+00:00
[2024-01-28T23:42:42.993+0100] {processor.py:183} INFO - Processing /home/ubuntu/.local/lib/python3.10/site-packages/airflow/example_dags/example_bash_operator.py took 0.113 seconds
[2024-01-28T23:43:49.226+0100] {processor.py:161} INFO - Started process (PID=19553) to work on /home/ubuntu/.local/lib/python3.10/site-packages/airflow/example_dags/example_bash_operator.py
[2024-01-28T23:43:49.230+0100] {processor.py:830} INFO - Processing file /home/ubuntu/.local/lib/python3.10/site-packages/airflow/example_dags/example_bash_operator.py for tasks to queue
[2024-01-28T23:43:49.233+0100] {logging_mixin.py:188} INFO - [2024-01-28T23:43:49.231+0100] {dagbag.py:538} INFO - Filling up the DagBag from /home/ubuntu/.local/lib/python3.10/site-packages/airflow/example_dags/example_bash_operator.py
[2024-01-28T23:43:49.255+0100] {processor.py:840} INFO - DAG(s) 'example_bash_operator' retrieved from /home/ubuntu/.local/lib/python3.10/site-packages/airflow/example_dags/example_bash_operator.py
[2024-01-28T23:43:49.299+0100] {logging_mixin.py:188} INFO - [2024-01-28T23:43:49.299+0100] {dag.py:3033} INFO - Sync 1 DAGs
[2024-01-28T23:43:49.326+0100] {logging_mixin.py:188} INFO - [2024-01-28T23:43:49.326+0100] {dag.py:3820} INFO - Setting next_dagrun for example_bash_operator to 2024-01-27T00:00:00+00:00, run_after=2024-01-28T00:00:00+00:00
[2024-01-28T23:43:49.358+0100] {processor.py:183} INFO - Processing /home/ubuntu/.local/lib/python3.10/site-packages/airflow/example_dags/example_bash_operator.py took 0.138 seconds
[2024-01-28T23:44:57.388+0100] {processor.py:161} INFO - Started process (PID=19631) to work on /home/ubuntu/.local/lib/python3.10/site-packages/airflow/example_dags/example_bash_operator.py
[2024-01-28T23:44:57.391+0100] {processor.py:830} INFO - Processing file /home/ubuntu/.local/lib/python3.10/site-packages/airflow/example_dags/example_bash_operator.py for tasks to queue
[2024-01-28T23:44:57.393+0100] {logging_mixin.py:188} INFO - [2024-01-28T23:44:57.392+0100] {dagbag.py:538} INFO - Filling up the DagBag from /home/ubuntu/.local/lib/python3.10/site-packages/airflow/example_dags/example_bash_operator.py
[2024-01-28T23:44:57.406+0100] {processor.py:840} INFO - DAG(s) 'example_bash_operator' retrieved from /home/ubuntu/.local/lib/python3.10/site-packages/airflow/example_dags/example_bash_operator.py
[2024-01-28T23:44:57.436+0100] {logging_mixin.py:188} INFO - [2024-01-28T23:44:57.436+0100] {dag.py:3033} INFO - Sync 1 DAGs
[2024-01-28T23:44:57.458+0100] {logging_mixin.py:188} INFO - [2024-01-28T23:44:57.458+0100] {dag.py:3820} INFO - Setting next_dagrun for example_bash_operator to 2024-01-27T00:00:00+00:00, run_after=2024-01-28T00:00:00+00:00
[2024-01-28T23:44:57.494+0100] {processor.py:183} INFO - Processing /home/ubuntu/.local/lib/python3.10/site-packages/airflow/example_dags/example_bash_operator.py took 0.110 seconds
[2024-01-28T23:45:43.274+0100] {processor.py:161} INFO - Started process (PID=19683) to work on /home/ubuntu/.local/lib/python3.10/site-packages/airflow/example_dags/example_bash_operator.py
[2024-01-28T23:45:43.279+0100] {processor.py:830} INFO - Processing file /home/ubuntu/.local/lib/python3.10/site-packages/airflow/example_dags/example_bash_operator.py for tasks to queue
[2024-01-28T23:45:43.280+0100] {logging_mixin.py:188} INFO - [2024-01-28T23:45:43.280+0100] {dagbag.py:538} INFO - Filling up the DagBag from /home/ubuntu/.local/lib/python3.10/site-packages/airflow/example_dags/example_bash_operator.py
[2024-01-28T23:45:43.298+0100] {processor.py:840} INFO - DAG(s) 'example_bash_operator' retrieved from /home/ubuntu/.local/lib/python3.10/site-packages/airflow/example_dags/example_bash_operator.py
[2024-01-28T23:45:43.326+0100] {logging_mixin.py:188} INFO - [2024-01-28T23:45:43.326+0100] {dag.py:3033} INFO - Sync 1 DAGs
[2024-01-28T23:45:43.347+0100] {logging_mixin.py:188} INFO - [2024-01-28T23:45:43.347+0100] {dag.py:3820} INFO - Setting next_dagrun for example_bash_operator to 2024-01-27T00:00:00+00:00, run_after=2024-01-28T00:00:00+00:00
[2024-01-28T23:45:43.382+0100] {processor.py:183} INFO - Processing /home/ubuntu/.local/lib/python3.10/site-packages/airflow/example_dags/example_bash_operator.py took 0.113 seconds
[2024-01-28T23:46:28.918+0100] {processor.py:161} INFO - Started process (PID=19741) to work on /home/ubuntu/.local/lib/python3.10/site-packages/airflow/example_dags/example_bash_operator.py
[2024-01-28T23:46:28.921+0100] {processor.py:830} INFO - Processing file /home/ubuntu/.local/lib/python3.10/site-packages/airflow/example_dags/example_bash_operator.py for tasks to queue
[2024-01-28T23:46:28.924+0100] {logging_mixin.py:188} INFO - [2024-01-28T23:46:28.923+0100] {dagbag.py:538} INFO - Filling up the DagBag from /home/ubuntu/.local/lib/python3.10/site-packages/airflow/example_dags/example_bash_operator.py
[2024-01-28T23:46:28.940+0100] {processor.py:840} INFO - DAG(s) 'example_bash_operator' retrieved from /home/ubuntu/.local/lib/python3.10/site-packages/airflow/example_dags/example_bash_operator.py
[2024-01-28T23:46:28.962+0100] {logging_mixin.py:188} INFO - [2024-01-28T23:46:28.962+0100] {dag.py:3033} INFO - Sync 1 DAGs
[2024-01-28T23:46:28.983+0100] {logging_mixin.py:188} INFO - [2024-01-28T23:46:28.983+0100] {dag.py:3820} INFO - Setting next_dagrun for example_bash_operator to 2024-01-27T00:00:00+00:00, run_after=2024-01-28T00:00:00+00:00
[2024-01-28T23:46:29.017+0100] {processor.py:183} INFO - Processing /home/ubuntu/.local/lib/python3.10/site-packages/airflow/example_dags/example_bash_operator.py took 0.102 seconds
[2024-01-28T23:47:24.254+0100] {processor.py:161} INFO - Started process (PID=19805) to work on /home/ubuntu/.local/lib/python3.10/site-packages/airflow/example_dags/example_bash_operator.py
[2024-01-28T23:47:24.256+0100] {processor.py:830} INFO - Processing file /home/ubuntu/.local/lib/python3.10/site-packages/airflow/example_dags/example_bash_operator.py for tasks to queue
[2024-01-28T23:47:24.258+0100] {logging_mixin.py:188} INFO - [2024-01-28T23:47:24.257+0100] {dagbag.py:538} INFO - Filling up the DagBag from /home/ubuntu/.local/lib/python3.10/site-packages/airflow/example_dags/example_bash_operator.py
[2024-01-28T23:47:24.272+0100] {processor.py:840} INFO - DAG(s) 'example_bash_operator' retrieved from /home/ubuntu/.local/lib/python3.10/site-packages/airflow/example_dags/example_bash_operator.py
[2024-01-28T23:47:24.296+0100] {logging_mixin.py:188} INFO - [2024-01-28T23:47:24.296+0100] {dag.py:3033} INFO - Sync 1 DAGs
[2024-01-28T23:47:24.318+0100] {logging_mixin.py:188} INFO - [2024-01-28T23:47:24.317+0100] {dag.py:3820} INFO - Setting next_dagrun for example_bash_operator to 2024-01-27T00:00:00+00:00, run_after=2024-01-28T00:00:00+00:00
[2024-01-28T23:47:24.347+0100] {processor.py:183} INFO - Processing /home/ubuntu/.local/lib/python3.10/site-packages/airflow/example_dags/example_bash_operator.py took 0.097 seconds
[2024-01-28T23:48:21.860+0100] {processor.py:161} INFO - Started process (PID=19870) to work on /home/ubuntu/.local/lib/python3.10/site-packages/airflow/example_dags/example_bash_operator.py
[2024-01-28T23:48:21.863+0100] {processor.py:830} INFO - Processing file /home/ubuntu/.local/lib/python3.10/site-packages/airflow/example_dags/example_bash_operator.py for tasks to queue
[2024-01-28T23:48:21.864+0100] {logging_mixin.py:188} INFO - [2024-01-28T23:48:21.864+0100] {dagbag.py:538} INFO - Filling up the DagBag from /home/ubuntu/.local/lib/python3.10/site-packages/airflow/example_dags/example_bash_operator.py
[2024-01-28T23:48:21.877+0100] {processor.py:840} INFO - DAG(s) 'example_bash_operator' retrieved from /home/ubuntu/.local/lib/python3.10/site-packages/airflow/example_dags/example_bash_operator.py
[2024-01-28T23:48:21.902+0100] {logging_mixin.py:188} INFO - [2024-01-28T23:48:21.902+0100] {dag.py:3033} INFO - Sync 1 DAGs
[2024-01-28T23:48:21.923+0100] {logging_mixin.py:188} INFO - [2024-01-28T23:48:21.923+0100] {dag.py:3820} INFO - Setting next_dagrun for example_bash_operator to 2024-01-27T00:00:00+00:00, run_after=2024-01-28T00:00:00+00:00
[2024-01-28T23:48:21.954+0100] {processor.py:183} INFO - Processing /home/ubuntu/.local/lib/python3.10/site-packages/airflow/example_dags/example_bash_operator.py took 0.097 seconds
[2024-01-28T23:49:13.369+0100] {processor.py:161} INFO - Started process (PID=19932) to work on /home/ubuntu/.local/lib/python3.10/site-packages/airflow/example_dags/example_bash_operator.py
[2024-01-28T23:49:13.381+0100] {processor.py:830} INFO - Processing file /home/ubuntu/.local/lib/python3.10/site-packages/airflow/example_dags/example_bash_operator.py for tasks to queue
[2024-01-28T23:49:13.383+0100] {logging_mixin.py:188} INFO - [2024-01-28T23:49:13.383+0100] {dagbag.py:538} INFO - Filling up the DagBag from /home/ubuntu/.local/lib/python3.10/site-packages/airflow/example_dags/example_bash_operator.py
[2024-01-28T23:49:13.399+0100] {processor.py:840} INFO - DAG(s) 'example_bash_operator' retrieved from /home/ubuntu/.local/lib/python3.10/site-packages/airflow/example_dags/example_bash_operator.py
[2024-01-28T23:49:13.428+0100] {logging_mixin.py:188} INFO - [2024-01-28T23:49:13.428+0100] {dag.py:3033} INFO - Sync 1 DAGs
[2024-01-28T23:49:13.453+0100] {logging_mixin.py:188} INFO - [2024-01-28T23:49:13.453+0100] {dag.py:3820} INFO - Setting next_dagrun for example_bash_operator to 2024-01-27T00:00:00+00:00, run_after=2024-01-28T00:00:00+00:00
[2024-01-28T23:49:13.484+0100] {processor.py:183} INFO - Processing /home/ubuntu/.local/lib/python3.10/site-packages/airflow/example_dags/example_bash_operator.py took 0.118 seconds
[2024-01-28T23:50:13.602+0100] {processor.py:161} INFO - Started process (PID=20006) to work on /home/ubuntu/.local/lib/python3.10/site-packages/airflow/example_dags/example_bash_operator.py
[2024-01-28T23:50:13.605+0100] {processor.py:830} INFO - Processing file /home/ubuntu/.local/lib/python3.10/site-packages/airflow/example_dags/example_bash_operator.py for tasks to queue
[2024-01-28T23:50:13.606+0100] {logging_mixin.py:188} INFO - [2024-01-28T23:50:13.606+0100] {dagbag.py:538} INFO - Filling up the DagBag from /home/ubuntu/.local/lib/python3.10/site-packages/airflow/example_dags/example_bash_operator.py
[2024-01-28T23:50:13.617+0100] {processor.py:840} INFO - DAG(s) 'example_bash_operator' retrieved from /home/ubuntu/.local/lib/python3.10/site-packages/airflow/example_dags/example_bash_operator.py
[2024-01-28T23:50:13.642+0100] {logging_mixin.py:188} INFO - [2024-01-28T23:50:13.642+0100] {dag.py:3033} INFO - Sync 1 DAGs
[2024-01-28T23:50:13.662+0100] {logging_mixin.py:188} INFO - [2024-01-28T23:50:13.661+0100] {dag.py:3820} INFO - Setting next_dagrun for example_bash_operator to 2024-01-27T00:00:00+00:00, run_after=2024-01-28T00:00:00+00:00
[2024-01-28T23:50:13.723+0100] {processor.py:183} INFO - Processing /home/ubuntu/.local/lib/python3.10/site-packages/airflow/example_dags/example_bash_operator.py took 0.125 seconds
[2024-01-28T23:51:17.159+0100] {processor.py:161} INFO - Started process (PID=20077) to work on /home/ubuntu/.local/lib/python3.10/site-packages/airflow/example_dags/example_bash_operator.py
[2024-01-28T23:51:17.161+0100] {processor.py:830} INFO - Processing file /home/ubuntu/.local/lib/python3.10/site-packages/airflow/example_dags/example_bash_operator.py for tasks to queue
[2024-01-28T23:51:17.162+0100] {logging_mixin.py:188} INFO - [2024-01-28T23:51:17.162+0100] {dagbag.py:538} INFO - Filling up the DagBag from /home/ubuntu/.local/lib/python3.10/site-packages/airflow/example_dags/example_bash_operator.py
[2024-01-28T23:51:17.174+0100] {processor.py:840} INFO - DAG(s) 'example_bash_operator' retrieved from /home/ubuntu/.local/lib/python3.10/site-packages/airflow/example_dags/example_bash_operator.py
[2024-01-28T23:51:17.199+0100] {logging_mixin.py:188} INFO - [2024-01-28T23:51:17.199+0100] {dag.py:3033} INFO - Sync 1 DAGs
[2024-01-28T23:51:17.223+0100] {logging_mixin.py:188} INFO - [2024-01-28T23:51:17.223+0100] {dag.py:3820} INFO - Setting next_dagrun for example_bash_operator to 2024-01-27T00:00:00+00:00, run_after=2024-01-28T00:00:00+00:00
[2024-01-28T23:51:17.259+0100] {processor.py:183} INFO - Processing /home/ubuntu/.local/lib/python3.10/site-packages/airflow/example_dags/example_bash_operator.py took 0.104 seconds
[2024-01-28T23:52:20.743+0100] {processor.py:161} INFO - Started process (PID=20153) to work on /home/ubuntu/.local/lib/python3.10/site-packages/airflow/example_dags/example_bash_operator.py
[2024-01-28T23:52:20.746+0100] {processor.py:830} INFO - Processing file /home/ubuntu/.local/lib/python3.10/site-packages/airflow/example_dags/example_bash_operator.py for tasks to queue
[2024-01-28T23:52:20.749+0100] {logging_mixin.py:188} INFO - [2024-01-28T23:52:20.748+0100] {dagbag.py:538} INFO - Filling up the DagBag from /home/ubuntu/.local/lib/python3.10/site-packages/airflow/example_dags/example_bash_operator.py
[2024-01-28T23:52:20.762+0100] {processor.py:840} INFO - DAG(s) 'example_bash_operator' retrieved from /home/ubuntu/.local/lib/python3.10/site-packages/airflow/example_dags/example_bash_operator.py
[2024-01-28T23:52:20.786+0100] {logging_mixin.py:188} INFO - [2024-01-28T23:52:20.786+0100] {dag.py:3033} INFO - Sync 1 DAGs
[2024-01-28T23:52:20.808+0100] {logging_mixin.py:188} INFO - [2024-01-28T23:52:20.808+0100] {dag.py:3820} INFO - Setting next_dagrun for example_bash_operator to 2024-01-27T00:00:00+00:00, run_after=2024-01-28T00:00:00+00:00
[2024-01-28T23:52:20.837+0100] {processor.py:183} INFO - Processing /home/ubuntu/.local/lib/python3.10/site-packages/airflow/example_dags/example_bash_operator.py took 0.098 seconds
[2024-01-28T23:53:21.598+0100] {processor.py:161} INFO - Started process (PID=20224) to work on /home/ubuntu/.local/lib/python3.10/site-packages/airflow/example_dags/example_bash_operator.py
[2024-01-28T23:53:21.600+0100] {processor.py:830} INFO - Processing file /home/ubuntu/.local/lib/python3.10/site-packages/airflow/example_dags/example_bash_operator.py for tasks to queue
[2024-01-28T23:53:21.602+0100] {logging_mixin.py:188} INFO - [2024-01-28T23:53:21.602+0100] {dagbag.py:538} INFO - Filling up the DagBag from /home/ubuntu/.local/lib/python3.10/site-packages/airflow/example_dags/example_bash_operator.py
[2024-01-28T23:53:21.615+0100] {processor.py:840} INFO - DAG(s) 'example_bash_operator' retrieved from /home/ubuntu/.local/lib/python3.10/site-packages/airflow/example_dags/example_bash_operator.py
[2024-01-28T23:53:21.641+0100] {logging_mixin.py:188} INFO - [2024-01-28T23:53:21.641+0100] {dag.py:3033} INFO - Sync 1 DAGs
[2024-01-28T23:53:21.667+0100] {logging_mixin.py:188} INFO - [2024-01-28T23:53:21.666+0100] {dag.py:3820} INFO - Setting next_dagrun for example_bash_operator to 2024-01-27T00:00:00+00:00, run_after=2024-01-28T00:00:00+00:00
[2024-01-28T23:53:21.695+0100] {processor.py:183} INFO - Processing /home/ubuntu/.local/lib/python3.10/site-packages/airflow/example_dags/example_bash_operator.py took 0.101 seconds
[2024-01-28T23:54:28.154+0100] {processor.py:161} INFO - Started process (PID=20309) to work on /home/ubuntu/.local/lib/python3.10/site-packages/airflow/example_dags/example_bash_operator.py
[2024-01-28T23:54:28.157+0100] {processor.py:830} INFO - Processing file /home/ubuntu/.local/lib/python3.10/site-packages/airflow/example_dags/example_bash_operator.py for tasks to queue
[2024-01-28T23:54:28.160+0100] {logging_mixin.py:188} INFO - [2024-01-28T23:54:28.159+0100] {dagbag.py:538} INFO - Filling up the DagBag from /home/ubuntu/.local/lib/python3.10/site-packages/airflow/example_dags/example_bash_operator.py
[2024-01-28T23:54:28.176+0100] {processor.py:840} INFO - DAG(s) 'example_bash_operator' retrieved from /home/ubuntu/.local/lib/python3.10/site-packages/airflow/example_dags/example_bash_operator.py
[2024-01-28T23:54:28.201+0100] {logging_mixin.py:188} INFO - [2024-01-28T23:54:28.200+0100] {dag.py:3033} INFO - Sync 1 DAGs
[2024-01-28T23:54:28.222+0100] {logging_mixin.py:188} INFO - [2024-01-28T23:54:28.222+0100] {dag.py:3820} INFO - Setting next_dagrun for example_bash_operator to 2024-01-27T00:00:00+00:00, run_after=2024-01-28T00:00:00+00:00
[2024-01-28T23:54:28.252+0100] {processor.py:183} INFO - Processing /home/ubuntu/.local/lib/python3.10/site-packages/airflow/example_dags/example_bash_operator.py took 0.101 seconds
[2024-01-28T23:55:24.121+0100] {processor.py:161} INFO - Started process (PID=20376) to work on /home/ubuntu/.local/lib/python3.10/site-packages/airflow/example_dags/example_bash_operator.py
[2024-01-28T23:55:24.123+0100] {processor.py:830} INFO - Processing file /home/ubuntu/.local/lib/python3.10/site-packages/airflow/example_dags/example_bash_operator.py for tasks to queue
[2024-01-28T23:55:24.125+0100] {logging_mixin.py:188} INFO - [2024-01-28T23:55:24.124+0100] {dagbag.py:538} INFO - Filling up the DagBag from /home/ubuntu/.local/lib/python3.10/site-packages/airflow/example_dags/example_bash_operator.py
[2024-01-28T23:55:24.143+0100] {processor.py:840} INFO - DAG(s) 'example_bash_operator' retrieved from /home/ubuntu/.local/lib/python3.10/site-packages/airflow/example_dags/example_bash_operator.py
[2024-01-28T23:55:24.172+0100] {logging_mixin.py:188} INFO - [2024-01-28T23:55:24.172+0100] {dag.py:3033} INFO - Sync 1 DAGs
[2024-01-28T23:55:24.194+0100] {logging_mixin.py:188} INFO - [2024-01-28T23:55:24.194+0100] {dag.py:3820} INFO - Setting next_dagrun for example_bash_operator to 2024-01-27T00:00:00+00:00, run_after=2024-01-28T00:00:00+00:00
[2024-01-28T23:55:24.223+0100] {processor.py:183} INFO - Processing /home/ubuntu/.local/lib/python3.10/site-packages/airflow/example_dags/example_bash_operator.py took 0.105 seconds
[2024-01-28T23:56:28.064+0100] {processor.py:161} INFO - Started process (PID=20454) to work on /home/ubuntu/.local/lib/python3.10/site-packages/airflow/example_dags/example_bash_operator.py
[2024-01-28T23:56:28.066+0100] {processor.py:830} INFO - Processing file /home/ubuntu/.local/lib/python3.10/site-packages/airflow/example_dags/example_bash_operator.py for tasks to queue
[2024-01-28T23:56:28.068+0100] {logging_mixin.py:188} INFO - [2024-01-28T23:56:28.067+0100] {dagbag.py:538} INFO - Filling up the DagBag from /home/ubuntu/.local/lib/python3.10/site-packages/airflow/example_dags/example_bash_operator.py
[2024-01-28T23:56:28.078+0100] {processor.py:840} INFO - DAG(s) 'example_bash_operator' retrieved from /home/ubuntu/.local/lib/python3.10/site-packages/airflow/example_dags/example_bash_operator.py
[2024-01-28T23:56:28.099+0100] {logging_mixin.py:188} INFO - [2024-01-28T23:56:28.099+0100] {dag.py:3033} INFO - Sync 1 DAGs
[2024-01-28T23:56:28.118+0100] {logging_mixin.py:188} INFO - [2024-01-28T23:56:28.118+0100] {dag.py:3820} INFO - Setting next_dagrun for example_bash_operator to 2024-01-27T00:00:00+00:00, run_after=2024-01-28T00:00:00+00:00
[2024-01-28T23:56:28.146+0100] {processor.py:183} INFO - Processing /home/ubuntu/.local/lib/python3.10/site-packages/airflow/example_dags/example_bash_operator.py took 0.085 seconds
[2024-01-28T23:57:24.371+0100] {processor.py:161} INFO - Started process (PID=20523) to work on /home/ubuntu/.local/lib/python3.10/site-packages/airflow/example_dags/example_bash_operator.py
[2024-01-28T23:57:24.387+0100] {processor.py:830} INFO - Processing file /home/ubuntu/.local/lib/python3.10/site-packages/airflow/example_dags/example_bash_operator.py for tasks to queue
[2024-01-28T23:57:24.388+0100] {logging_mixin.py:188} INFO - [2024-01-28T23:57:24.388+0100] {dagbag.py:538} INFO - Filling up the DagBag from /home/ubuntu/.local/lib/python3.10/site-packages/airflow/example_dags/example_bash_operator.py
[2024-01-28T23:57:24.402+0100] {processor.py:840} INFO - DAG(s) 'example_bash_operator' retrieved from /home/ubuntu/.local/lib/python3.10/site-packages/airflow/example_dags/example_bash_operator.py
[2024-01-28T23:57:24.427+0100] {logging_mixin.py:188} INFO - [2024-01-28T23:57:24.427+0100] {dag.py:3033} INFO - Sync 1 DAGs
[2024-01-28T23:57:24.449+0100] {logging_mixin.py:188} INFO - [2024-01-28T23:57:24.449+0100] {dag.py:3820} INFO - Setting next_dagrun for example_bash_operator to 2024-01-27T00:00:00+00:00, run_after=2024-01-28T00:00:00+00:00
[2024-01-28T23:57:24.476+0100] {processor.py:183} INFO - Processing /home/ubuntu/.local/lib/python3.10/site-packages/airflow/example_dags/example_bash_operator.py took 0.109 seconds
[2024-01-28T23:58:28.341+0100] {processor.py:161} INFO - Started process (PID=20599) to work on /home/ubuntu/.local/lib/python3.10/site-packages/airflow/example_dags/example_bash_operator.py
[2024-01-28T23:58:28.344+0100] {processor.py:830} INFO - Processing file /home/ubuntu/.local/lib/python3.10/site-packages/airflow/example_dags/example_bash_operator.py for tasks to queue
[2024-01-28T23:58:28.345+0100] {logging_mixin.py:188} INFO - [2024-01-28T23:58:28.345+0100] {dagbag.py:538} INFO - Filling up the DagBag from /home/ubuntu/.local/lib/python3.10/site-packages/airflow/example_dags/example_bash_operator.py
[2024-01-28T23:58:28.357+0100] {processor.py:840} INFO - DAG(s) 'example_bash_operator' retrieved from /home/ubuntu/.local/lib/python3.10/site-packages/airflow/example_dags/example_bash_operator.py
[2024-01-28T23:58:28.383+0100] {logging_mixin.py:188} INFO - [2024-01-28T23:58:28.382+0100] {dag.py:3033} INFO - Sync 1 DAGs
[2024-01-28T23:58:28.402+0100] {logging_mixin.py:188} INFO - [2024-01-28T23:58:28.402+0100] {dag.py:3820} INFO - Setting next_dagrun for example_bash_operator to 2024-01-27T00:00:00+00:00, run_after=2024-01-28T00:00:00+00:00
[2024-01-28T23:58:28.434+0100] {processor.py:183} INFO - Processing /home/ubuntu/.local/lib/python3.10/site-packages/airflow/example_dags/example_bash_operator.py took 0.097 seconds
[2024-01-28T23:59:27.341+0100] {processor.py:161} INFO - Started process (PID=20666) to work on /home/ubuntu/.local/lib/python3.10/site-packages/airflow/example_dags/example_bash_operator.py
[2024-01-28T23:59:27.343+0100] {processor.py:830} INFO - Processing file /home/ubuntu/.local/lib/python3.10/site-packages/airflow/example_dags/example_bash_operator.py for tasks to queue
[2024-01-28T23:59:27.345+0100] {logging_mixin.py:188} INFO - [2024-01-28T23:59:27.344+0100] {dagbag.py:538} INFO - Filling up the DagBag from /home/ubuntu/.local/lib/python3.10/site-packages/airflow/example_dags/example_bash_operator.py
[2024-01-28T23:59:27.361+0100] {processor.py:840} INFO - DAG(s) 'example_bash_operator' retrieved from /home/ubuntu/.local/lib/python3.10/site-packages/airflow/example_dags/example_bash_operator.py
[2024-01-28T23:59:27.386+0100] {logging_mixin.py:188} INFO - [2024-01-28T23:59:27.386+0100] {dag.py:3033} INFO - Sync 1 DAGs
[2024-01-28T23:59:27.408+0100] {logging_mixin.py:188} INFO - [2024-01-28T23:59:27.408+0100] {dag.py:3820} INFO - Setting next_dagrun for example_bash_operator to 2024-01-27T00:00:00+00:00, run_after=2024-01-28T00:00:00+00:00
[2024-01-28T23:59:27.443+0100] {processor.py:183} INFO - Processing /home/ubuntu/.local/lib/python3.10/site-packages/airflow/example_dags/example_bash_operator.py took 0.105 seconds
[2024-01-29T00:00:34.062+0100] {processor.py:161} INFO - Started process (PID=20837) to work on /home/ubuntu/.local/lib/python3.10/site-packages/airflow/example_dags/example_bash_operator.py
[2024-01-29T00:00:34.064+0100] {processor.py:830} INFO - Processing file /home/ubuntu/.local/lib/python3.10/site-packages/airflow/example_dags/example_bash_operator.py for tasks to queue
[2024-01-29T00:00:34.065+0100] {logging_mixin.py:188} INFO - [2024-01-29T00:00:34.064+0100] {dagbag.py:538} INFO - Filling up the DagBag from /home/ubuntu/.local/lib/python3.10/site-packages/airflow/example_dags/example_bash_operator.py
[2024-01-29T00:00:34.078+0100] {processor.py:840} INFO - DAG(s) 'example_bash_operator' retrieved from /home/ubuntu/.local/lib/python3.10/site-packages/airflow/example_dags/example_bash_operator.py
[2024-01-29T00:00:34.103+0100] {logging_mixin.py:188} INFO - [2024-01-29T00:00:34.103+0100] {dag.py:3033} INFO - Sync 1 DAGs
[2024-01-29T00:00:34.125+0100] {logging_mixin.py:188} INFO - [2024-01-29T00:00:34.124+0100] {dag.py:3820} INFO - Setting next_dagrun for example_bash_operator to 2024-01-27T00:00:00+00:00, run_after=2024-01-28T00:00:00+00:00
[2024-01-29T00:00:34.172+0100] {processor.py:183} INFO - Processing /home/ubuntu/.local/lib/python3.10/site-packages/airflow/example_dags/example_bash_operator.py took 0.114 seconds
[2024-01-29T00:01:32.625+0100] {processor.py:161} INFO - Started process (PID=20912) to work on /home/ubuntu/.local/lib/python3.10/site-packages/airflow/example_dags/example_bash_operator.py
[2024-01-29T00:01:32.627+0100] {processor.py:830} INFO - Processing file /home/ubuntu/.local/lib/python3.10/site-packages/airflow/example_dags/example_bash_operator.py for tasks to queue
[2024-01-29T00:01:32.628+0100] {logging_mixin.py:188} INFO - [2024-01-29T00:01:32.628+0100] {dagbag.py:538} INFO - Filling up the DagBag from /home/ubuntu/.local/lib/python3.10/site-packages/airflow/example_dags/example_bash_operator.py
[2024-01-29T00:01:32.643+0100] {processor.py:840} INFO - DAG(s) 'example_bash_operator' retrieved from /home/ubuntu/.local/lib/python3.10/site-packages/airflow/example_dags/example_bash_operator.py
[2024-01-29T00:01:32.669+0100] {logging_mixin.py:188} INFO - [2024-01-29T00:01:32.669+0100] {dag.py:3033} INFO - Sync 1 DAGs
[2024-01-29T00:01:32.692+0100] {logging_mixin.py:188} INFO - [2024-01-29T00:01:32.692+0100] {dag.py:3820} INFO - Setting next_dagrun for example_bash_operator to 2024-01-27T00:00:00+00:00, run_after=2024-01-28T00:00:00+00:00
[2024-01-29T00:01:32.724+0100] {processor.py:183} INFO - Processing /home/ubuntu/.local/lib/python3.10/site-packages/airflow/example_dags/example_bash_operator.py took 0.103 seconds
