[2024-01-28T22:57:20.417+0100] {processor.py:161} INFO - Started process (PID=15619) to work on /home/ubuntu/.local/lib/python3.10/site-packages/airflow/example_dags/example_sensor_decorator.py
[2024-01-28T22:57:20.418+0100] {processor.py:830} INFO - Processing file /home/ubuntu/.local/lib/python3.10/site-packages/airflow/example_dags/example_sensor_decorator.py for tasks to queue
[2024-01-28T22:57:20.420+0100] {logging_mixin.py:188} INFO - [2024-01-28T22:57:20.419+0100] {dagbag.py:538} INFO - Filling up the DagBag from /home/ubuntu/.local/lib/python3.10/site-packages/airflow/example_dags/example_sensor_decorator.py
[2024-01-28T22:57:20.428+0100] {processor.py:840} INFO - DAG(s) 'example_sensor_decorator' retrieved from /home/ubuntu/.local/lib/python3.10/site-packages/airflow/example_dags/example_sensor_decorator.py
[2024-01-28T22:57:20.519+0100] {logging_mixin.py:188} INFO - [2024-01-28T22:57:20.519+0100] {dag.py:3033} INFO - Sync 1 DAGs
[2024-01-28T22:57:20.530+0100] {logging_mixin.py:188} INFO - [2024-01-28T22:57:20.529+0100] {dag.py:3820} INFO - Setting next_dagrun for example_sensor_decorator to None, run_after=None
[2024-01-28T22:57:20.636+0100] {processor.py:183} INFO - Processing /home/ubuntu/.local/lib/python3.10/site-packages/airflow/example_dags/example_sensor_decorator.py took 0.224 seconds
[2024-01-28T22:58:29.471+0100] {processor.py:161} INFO - Started process (PID=15683) to work on /home/ubuntu/.local/lib/python3.10/site-packages/airflow/example_dags/example_sensor_decorator.py
[2024-01-28T22:58:29.473+0100] {processor.py:830} INFO - Processing file /home/ubuntu/.local/lib/python3.10/site-packages/airflow/example_dags/example_sensor_decorator.py for tasks to queue
[2024-01-28T22:58:29.475+0100] {logging_mixin.py:188} INFO - [2024-01-28T22:58:29.475+0100] {dagbag.py:538} INFO - Filling up the DagBag from /home/ubuntu/.local/lib/python3.10/site-packages/airflow/example_dags/example_sensor_decorator.py
[2024-01-28T22:58:29.485+0100] {processor.py:840} INFO - DAG(s) 'example_sensor_decorator' retrieved from /home/ubuntu/.local/lib/python3.10/site-packages/airflow/example_dags/example_sensor_decorator.py
[2024-01-28T22:58:29.541+0100] {logging_mixin.py:188} INFO - [2024-01-28T22:58:29.541+0100] {dag.py:3033} INFO - Sync 1 DAGs
[2024-01-28T22:58:29.576+0100] {logging_mixin.py:188} INFO - [2024-01-28T22:58:29.576+0100] {dag.py:3820} INFO - Setting next_dagrun for example_sensor_decorator to None, run_after=None
[2024-01-28T22:58:29.627+0100] {processor.py:183} INFO - Processing /home/ubuntu/.local/lib/python3.10/site-packages/airflow/example_dags/example_sensor_decorator.py took 0.162 seconds
[2024-01-28T22:59:29.176+0100] {processor.py:161} INFO - Started process (PID=15775) to work on /home/ubuntu/.local/lib/python3.10/site-packages/airflow/example_dags/example_sensor_decorator.py
[2024-01-28T22:59:29.178+0100] {processor.py:830} INFO - Processing file /home/ubuntu/.local/lib/python3.10/site-packages/airflow/example_dags/example_sensor_decorator.py for tasks to queue
[2024-01-28T22:59:29.179+0100] {logging_mixin.py:188} INFO - [2024-01-28T22:59:29.178+0100] {dagbag.py:538} INFO - Filling up the DagBag from /home/ubuntu/.local/lib/python3.10/site-packages/airflow/example_dags/example_sensor_decorator.py
[2024-01-28T22:59:29.186+0100] {processor.py:840} INFO - DAG(s) 'example_sensor_decorator' retrieved from /home/ubuntu/.local/lib/python3.10/site-packages/airflow/example_dags/example_sensor_decorator.py
[2024-01-28T22:59:29.204+0100] {logging_mixin.py:188} INFO - [2024-01-28T22:59:29.204+0100] {dag.py:3033} INFO - Sync 1 DAGs
[2024-01-28T22:59:29.217+0100] {logging_mixin.py:188} INFO - [2024-01-28T22:59:29.217+0100] {dag.py:3820} INFO - Setting next_dagrun for example_sensor_decorator to None, run_after=None
[2024-01-28T22:59:29.245+0100] {processor.py:183} INFO - Processing /home/ubuntu/.local/lib/python3.10/site-packages/airflow/example_dags/example_sensor_decorator.py took 0.075 seconds
[2024-01-28T23:00:21.662+0100] {processor.py:161} INFO - Started process (PID=15833) to work on /home/ubuntu/.local/lib/python3.10/site-packages/airflow/example_dags/example_sensor_decorator.py
[2024-01-28T23:00:21.665+0100] {processor.py:830} INFO - Processing file /home/ubuntu/.local/lib/python3.10/site-packages/airflow/example_dags/example_sensor_decorator.py for tasks to queue
[2024-01-28T23:00:21.666+0100] {logging_mixin.py:188} INFO - [2024-01-28T23:00:21.666+0100] {dagbag.py:538} INFO - Filling up the DagBag from /home/ubuntu/.local/lib/python3.10/site-packages/airflow/example_dags/example_sensor_decorator.py
[2024-01-28T23:00:21.673+0100] {processor.py:840} INFO - DAG(s) 'example_sensor_decorator' retrieved from /home/ubuntu/.local/lib/python3.10/site-packages/airflow/example_dags/example_sensor_decorator.py
[2024-01-28T23:00:21.691+0100] {logging_mixin.py:188} INFO - [2024-01-28T23:00:21.690+0100] {dag.py:3033} INFO - Sync 1 DAGs
[2024-01-28T23:00:21.702+0100] {logging_mixin.py:188} INFO - [2024-01-28T23:00:21.702+0100] {dag.py:3820} INFO - Setting next_dagrun for example_sensor_decorator to None, run_after=None
[2024-01-28T23:00:21.732+0100] {processor.py:183} INFO - Processing /home/ubuntu/.local/lib/python3.10/site-packages/airflow/example_dags/example_sensor_decorator.py took 0.073 seconds
[2024-01-28T23:01:14.739+0100] {processor.py:161} INFO - Started process (PID=15894) to work on /home/ubuntu/.local/lib/python3.10/site-packages/airflow/example_dags/example_sensor_decorator.py
[2024-01-28T23:01:14.741+0100] {processor.py:830} INFO - Processing file /home/ubuntu/.local/lib/python3.10/site-packages/airflow/example_dags/example_sensor_decorator.py for tasks to queue
[2024-01-28T23:01:14.742+0100] {logging_mixin.py:188} INFO - [2024-01-28T23:01:14.742+0100] {dagbag.py:538} INFO - Filling up the DagBag from /home/ubuntu/.local/lib/python3.10/site-packages/airflow/example_dags/example_sensor_decorator.py
[2024-01-28T23:01:14.750+0100] {processor.py:840} INFO - DAG(s) 'example_sensor_decorator' retrieved from /home/ubuntu/.local/lib/python3.10/site-packages/airflow/example_dags/example_sensor_decorator.py
[2024-01-28T23:01:14.768+0100] {logging_mixin.py:188} INFO - [2024-01-28T23:01:14.767+0100] {dag.py:3033} INFO - Sync 1 DAGs
[2024-01-28T23:01:14.780+0100] {logging_mixin.py:188} INFO - [2024-01-28T23:01:14.780+0100] {dag.py:3820} INFO - Setting next_dagrun for example_sensor_decorator to None, run_after=None
[2024-01-28T23:01:14.807+0100] {processor.py:183} INFO - Processing /home/ubuntu/.local/lib/python3.10/site-packages/airflow/example_dags/example_sensor_decorator.py took 0.072 seconds
[2024-01-28T23:02:21.647+0100] {processor.py:161} INFO - Started process (PID=15976) to work on /home/ubuntu/.local/lib/python3.10/site-packages/airflow/example_dags/example_sensor_decorator.py
[2024-01-28T23:02:21.649+0100] {processor.py:830} INFO - Processing file /home/ubuntu/.local/lib/python3.10/site-packages/airflow/example_dags/example_sensor_decorator.py for tasks to queue
[2024-01-28T23:02:21.651+0100] {logging_mixin.py:188} INFO - [2024-01-28T23:02:21.650+0100] {dagbag.py:538} INFO - Filling up the DagBag from /home/ubuntu/.local/lib/python3.10/site-packages/airflow/example_dags/example_sensor_decorator.py
[2024-01-28T23:02:21.658+0100] {processor.py:840} INFO - DAG(s) 'example_sensor_decorator' retrieved from /home/ubuntu/.local/lib/python3.10/site-packages/airflow/example_dags/example_sensor_decorator.py
[2024-01-28T23:02:21.679+0100] {logging_mixin.py:188} INFO - [2024-01-28T23:02:21.679+0100] {dag.py:3033} INFO - Sync 1 DAGs
[2024-01-28T23:02:21.693+0100] {logging_mixin.py:188} INFO - [2024-01-28T23:02:21.693+0100] {dag.py:3820} INFO - Setting next_dagrun for example_sensor_decorator to None, run_after=None
[2024-01-28T23:02:21.722+0100] {processor.py:183} INFO - Processing /home/ubuntu/.local/lib/python3.10/site-packages/airflow/example_dags/example_sensor_decorator.py took 0.079 seconds
[2024-01-28T23:03:30.219+0100] {processor.py:161} INFO - Started process (PID=16055) to work on /home/ubuntu/.local/lib/python3.10/site-packages/airflow/example_dags/example_sensor_decorator.py
[2024-01-28T23:03:30.222+0100] {processor.py:830} INFO - Processing file /home/ubuntu/.local/lib/python3.10/site-packages/airflow/example_dags/example_sensor_decorator.py for tasks to queue
[2024-01-28T23:03:30.224+0100] {logging_mixin.py:188} INFO - [2024-01-28T23:03:30.224+0100] {dagbag.py:538} INFO - Filling up the DagBag from /home/ubuntu/.local/lib/python3.10/site-packages/airflow/example_dags/example_sensor_decorator.py
[2024-01-28T23:03:30.235+0100] {processor.py:840} INFO - DAG(s) 'example_sensor_decorator' retrieved from /home/ubuntu/.local/lib/python3.10/site-packages/airflow/example_dags/example_sensor_decorator.py
[2024-01-28T23:03:30.261+0100] {logging_mixin.py:188} INFO - [2024-01-28T23:03:30.261+0100] {dag.py:3033} INFO - Sync 1 DAGs
[2024-01-28T23:03:30.280+0100] {logging_mixin.py:188} INFO - [2024-01-28T23:03:30.280+0100] {dag.py:3820} INFO - Setting next_dagrun for example_sensor_decorator to None, run_after=None
[2024-01-28T23:03:30.344+0100] {processor.py:183} INFO - Processing /home/ubuntu/.local/lib/python3.10/site-packages/airflow/example_dags/example_sensor_decorator.py took 0.130 seconds
[2024-01-28T23:04:21.829+0100] {processor.py:161} INFO - Started process (PID=16117) to work on /home/ubuntu/.local/lib/python3.10/site-packages/airflow/example_dags/example_sensor_decorator.py
[2024-01-28T23:04:21.839+0100] {processor.py:830} INFO - Processing file /home/ubuntu/.local/lib/python3.10/site-packages/airflow/example_dags/example_sensor_decorator.py for tasks to queue
[2024-01-28T23:04:21.840+0100] {logging_mixin.py:188} INFO - [2024-01-28T23:04:21.840+0100] {dagbag.py:538} INFO - Filling up the DagBag from /home/ubuntu/.local/lib/python3.10/site-packages/airflow/example_dags/example_sensor_decorator.py
[2024-01-28T23:04:21.848+0100] {processor.py:840} INFO - DAG(s) 'example_sensor_decorator' retrieved from /home/ubuntu/.local/lib/python3.10/site-packages/airflow/example_dags/example_sensor_decorator.py
[2024-01-28T23:04:21.865+0100] {logging_mixin.py:188} INFO - [2024-01-28T23:04:21.864+0100] {dag.py:3033} INFO - Sync 1 DAGs
[2024-01-28T23:04:21.879+0100] {logging_mixin.py:188} INFO - [2024-01-28T23:04:21.879+0100] {dag.py:3820} INFO - Setting next_dagrun for example_sensor_decorator to None, run_after=None
[2024-01-28T23:04:21.924+0100] {processor.py:183} INFO - Processing /home/ubuntu/.local/lib/python3.10/site-packages/airflow/example_dags/example_sensor_decorator.py took 0.098 seconds
[2024-01-28T23:05:26.674+0100] {processor.py:161} INFO - Started process (PID=16189) to work on /home/ubuntu/.local/lib/python3.10/site-packages/airflow/example_dags/example_sensor_decorator.py
[2024-01-28T23:05:26.677+0100] {processor.py:830} INFO - Processing file /home/ubuntu/.local/lib/python3.10/site-packages/airflow/example_dags/example_sensor_decorator.py for tasks to queue
[2024-01-28T23:05:26.678+0100] {logging_mixin.py:188} INFO - [2024-01-28T23:05:26.677+0100] {dagbag.py:538} INFO - Filling up the DagBag from /home/ubuntu/.local/lib/python3.10/site-packages/airflow/example_dags/example_sensor_decorator.py
[2024-01-28T23:05:26.686+0100] {processor.py:840} INFO - DAG(s) 'example_sensor_decorator' retrieved from /home/ubuntu/.local/lib/python3.10/site-packages/airflow/example_dags/example_sensor_decorator.py
[2024-01-28T23:05:26.703+0100] {logging_mixin.py:188} INFO - [2024-01-28T23:05:26.703+0100] {dag.py:3033} INFO - Sync 1 DAGs
[2024-01-28T23:05:26.716+0100] {logging_mixin.py:188} INFO - [2024-01-28T23:05:26.716+0100] {dag.py:3820} INFO - Setting next_dagrun for example_sensor_decorator to None, run_after=None
[2024-01-28T23:05:26.749+0100] {processor.py:183} INFO - Processing /home/ubuntu/.local/lib/python3.10/site-packages/airflow/example_dags/example_sensor_decorator.py took 0.078 seconds
[2024-01-28T23:06:27.239+0100] {processor.py:161} INFO - Started process (PID=16265) to work on /home/ubuntu/.local/lib/python3.10/site-packages/airflow/example_dags/example_sensor_decorator.py
[2024-01-28T23:06:27.241+0100] {processor.py:830} INFO - Processing file /home/ubuntu/.local/lib/python3.10/site-packages/airflow/example_dags/example_sensor_decorator.py for tasks to queue
[2024-01-28T23:06:27.243+0100] {logging_mixin.py:188} INFO - [2024-01-28T23:06:27.242+0100] {dagbag.py:538} INFO - Filling up the DagBag from /home/ubuntu/.local/lib/python3.10/site-packages/airflow/example_dags/example_sensor_decorator.py
[2024-01-28T23:06:27.250+0100] {processor.py:840} INFO - DAG(s) 'example_sensor_decorator' retrieved from /home/ubuntu/.local/lib/python3.10/site-packages/airflow/example_dags/example_sensor_decorator.py
[2024-01-28T23:06:27.267+0100] {logging_mixin.py:188} INFO - [2024-01-28T23:06:27.267+0100] {dag.py:3033} INFO - Sync 1 DAGs
[2024-01-28T23:06:27.281+0100] {logging_mixin.py:188} INFO - [2024-01-28T23:06:27.281+0100] {dag.py:3820} INFO - Setting next_dagrun for example_sensor_decorator to None, run_after=None
[2024-01-28T23:06:27.312+0100] {processor.py:183} INFO - Processing /home/ubuntu/.local/lib/python3.10/site-packages/airflow/example_dags/example_sensor_decorator.py took 0.077 seconds
[2024-01-28T23:07:31.351+0100] {processor.py:161} INFO - Started process (PID=16335) to work on /home/ubuntu/.local/lib/python3.10/site-packages/airflow/example_dags/example_sensor_decorator.py
[2024-01-28T23:07:31.356+0100] {processor.py:830} INFO - Processing file /home/ubuntu/.local/lib/python3.10/site-packages/airflow/example_dags/example_sensor_decorator.py for tasks to queue
[2024-01-28T23:07:31.357+0100] {logging_mixin.py:188} INFO - [2024-01-28T23:07:31.357+0100] {dagbag.py:538} INFO - Filling up the DagBag from /home/ubuntu/.local/lib/python3.10/site-packages/airflow/example_dags/example_sensor_decorator.py
[2024-01-28T23:07:31.364+0100] {processor.py:840} INFO - DAG(s) 'example_sensor_decorator' retrieved from /home/ubuntu/.local/lib/python3.10/site-packages/airflow/example_dags/example_sensor_decorator.py
[2024-01-28T23:07:31.382+0100] {logging_mixin.py:188} INFO - [2024-01-28T23:07:31.381+0100] {dag.py:3033} INFO - Sync 1 DAGs
[2024-01-28T23:07:31.404+0100] {logging_mixin.py:188} INFO - [2024-01-28T23:07:31.404+0100] {dag.py:3820} INFO - Setting next_dagrun for example_sensor_decorator to None, run_after=None
[2024-01-28T23:07:31.433+0100] {processor.py:183} INFO - Processing /home/ubuntu/.local/lib/python3.10/site-packages/airflow/example_dags/example_sensor_decorator.py took 0.086 seconds
[2024-01-28T23:08:34.668+0100] {processor.py:161} INFO - Started process (PID=16410) to work on /home/ubuntu/.local/lib/python3.10/site-packages/airflow/example_dags/example_sensor_decorator.py
[2024-01-28T23:08:34.671+0100] {processor.py:830} INFO - Processing file /home/ubuntu/.local/lib/python3.10/site-packages/airflow/example_dags/example_sensor_decorator.py for tasks to queue
[2024-01-28T23:08:34.673+0100] {logging_mixin.py:188} INFO - [2024-01-28T23:08:34.673+0100] {dagbag.py:538} INFO - Filling up the DagBag from /home/ubuntu/.local/lib/python3.10/site-packages/airflow/example_dags/example_sensor_decorator.py
[2024-01-28T23:08:34.684+0100] {processor.py:840} INFO - DAG(s) 'example_sensor_decorator' retrieved from /home/ubuntu/.local/lib/python3.10/site-packages/airflow/example_dags/example_sensor_decorator.py
[2024-01-28T23:08:34.706+0100] {logging_mixin.py:188} INFO - [2024-01-28T23:08:34.705+0100] {dag.py:3033} INFO - Sync 1 DAGs
[2024-01-28T23:08:34.721+0100] {logging_mixin.py:188} INFO - [2024-01-28T23:08:34.721+0100] {dag.py:3820} INFO - Setting next_dagrun for example_sensor_decorator to None, run_after=None
[2024-01-28T23:08:34.765+0100] {processor.py:183} INFO - Processing /home/ubuntu/.local/lib/python3.10/site-packages/airflow/example_dags/example_sensor_decorator.py took 0.101 seconds
[2024-01-28T23:09:36.210+0100] {processor.py:161} INFO - Started process (PID=16481) to work on /home/ubuntu/.local/lib/python3.10/site-packages/airflow/example_dags/example_sensor_decorator.py
[2024-01-28T23:09:36.212+0100] {processor.py:830} INFO - Processing file /home/ubuntu/.local/lib/python3.10/site-packages/airflow/example_dags/example_sensor_decorator.py for tasks to queue
[2024-01-28T23:09:36.213+0100] {logging_mixin.py:188} INFO - [2024-01-28T23:09:36.213+0100] {dagbag.py:538} INFO - Filling up the DagBag from /home/ubuntu/.local/lib/python3.10/site-packages/airflow/example_dags/example_sensor_decorator.py
[2024-01-28T23:09:36.221+0100] {processor.py:840} INFO - DAG(s) 'example_sensor_decorator' retrieved from /home/ubuntu/.local/lib/python3.10/site-packages/airflow/example_dags/example_sensor_decorator.py
[2024-01-28T23:09:36.238+0100] {logging_mixin.py:188} INFO - [2024-01-28T23:09:36.237+0100] {dag.py:3033} INFO - Sync 1 DAGs
[2024-01-28T23:09:36.251+0100] {logging_mixin.py:188} INFO - [2024-01-28T23:09:36.251+0100] {dag.py:3820} INFO - Setting next_dagrun for example_sensor_decorator to None, run_after=None
[2024-01-28T23:09:36.288+0100] {processor.py:183} INFO - Processing /home/ubuntu/.local/lib/python3.10/site-packages/airflow/example_dags/example_sensor_decorator.py took 0.081 seconds
[2024-01-28T23:10:39.835+0100] {processor.py:161} INFO - Started process (PID=16558) to work on /home/ubuntu/.local/lib/python3.10/site-packages/airflow/example_dags/example_sensor_decorator.py
[2024-01-28T23:10:39.837+0100] {processor.py:830} INFO - Processing file /home/ubuntu/.local/lib/python3.10/site-packages/airflow/example_dags/example_sensor_decorator.py for tasks to queue
[2024-01-28T23:10:39.839+0100] {logging_mixin.py:188} INFO - [2024-01-28T23:10:39.839+0100] {dagbag.py:538} INFO - Filling up the DagBag from /home/ubuntu/.local/lib/python3.10/site-packages/airflow/example_dags/example_sensor_decorator.py
[2024-01-28T23:10:39.846+0100] {processor.py:840} INFO - DAG(s) 'example_sensor_decorator' retrieved from /home/ubuntu/.local/lib/python3.10/site-packages/airflow/example_dags/example_sensor_decorator.py
[2024-01-28T23:10:39.862+0100] {logging_mixin.py:188} INFO - [2024-01-28T23:10:39.862+0100] {dag.py:3033} INFO - Sync 1 DAGs
[2024-01-28T23:10:39.873+0100] {logging_mixin.py:188} INFO - [2024-01-28T23:10:39.873+0100] {dag.py:3820} INFO - Setting next_dagrun for example_sensor_decorator to None, run_after=None
[2024-01-28T23:10:39.905+0100] {processor.py:183} INFO - Processing /home/ubuntu/.local/lib/python3.10/site-packages/airflow/example_dags/example_sensor_decorator.py took 0.073 seconds
[2024-01-28T23:11:38.980+0100] {processor.py:161} INFO - Started process (PID=16628) to work on /home/ubuntu/.local/lib/python3.10/site-packages/airflow/example_dags/example_sensor_decorator.py
[2024-01-28T23:11:38.983+0100] {processor.py:830} INFO - Processing file /home/ubuntu/.local/lib/python3.10/site-packages/airflow/example_dags/example_sensor_decorator.py for tasks to queue
[2024-01-28T23:11:38.984+0100] {logging_mixin.py:188} INFO - [2024-01-28T23:11:38.984+0100] {dagbag.py:538} INFO - Filling up the DagBag from /home/ubuntu/.local/lib/python3.10/site-packages/airflow/example_dags/example_sensor_decorator.py
[2024-01-28T23:11:39.010+0100] {processor.py:840} INFO - DAG(s) 'example_sensor_decorator' retrieved from /home/ubuntu/.local/lib/python3.10/site-packages/airflow/example_dags/example_sensor_decorator.py
[2024-01-28T23:11:39.054+0100] {logging_mixin.py:188} INFO - [2024-01-28T23:11:39.054+0100] {dag.py:3033} INFO - Sync 1 DAGs
[2024-01-28T23:11:39.077+0100] {logging_mixin.py:188} INFO - [2024-01-28T23:11:39.076+0100] {dag.py:3820} INFO - Setting next_dagrun for example_sensor_decorator to None, run_after=None
[2024-01-28T23:11:39.265+0100] {processor.py:183} INFO - Processing /home/ubuntu/.local/lib/python3.10/site-packages/airflow/example_dags/example_sensor_decorator.py took 0.290 seconds
[2024-01-28T23:12:30.497+0100] {processor.py:161} INFO - Started process (PID=16691) to work on /home/ubuntu/.local/lib/python3.10/site-packages/airflow/example_dags/example_sensor_decorator.py
[2024-01-28T23:12:30.500+0100] {processor.py:830} INFO - Processing file /home/ubuntu/.local/lib/python3.10/site-packages/airflow/example_dags/example_sensor_decorator.py for tasks to queue
[2024-01-28T23:12:30.501+0100] {logging_mixin.py:188} INFO - [2024-01-28T23:12:30.501+0100] {dagbag.py:538} INFO - Filling up the DagBag from /home/ubuntu/.local/lib/python3.10/site-packages/airflow/example_dags/example_sensor_decorator.py
[2024-01-28T23:12:30.508+0100] {processor.py:840} INFO - DAG(s) 'example_sensor_decorator' retrieved from /home/ubuntu/.local/lib/python3.10/site-packages/airflow/example_dags/example_sensor_decorator.py
[2024-01-28T23:12:30.525+0100] {logging_mixin.py:188} INFO - [2024-01-28T23:12:30.525+0100] {dag.py:3033} INFO - Sync 1 DAGs
[2024-01-28T23:12:30.537+0100] {logging_mixin.py:188} INFO - [2024-01-28T23:12:30.537+0100] {dag.py:3820} INFO - Setting next_dagrun for example_sensor_decorator to None, run_after=None
[2024-01-28T23:12:30.566+0100] {processor.py:183} INFO - Processing /home/ubuntu/.local/lib/python3.10/site-packages/airflow/example_dags/example_sensor_decorator.py took 0.072 seconds
[2024-01-28T23:13:32.680+0100] {processor.py:161} INFO - Started process (PID=16770) to work on /home/ubuntu/.local/lib/python3.10/site-packages/airflow/example_dags/example_sensor_decorator.py
[2024-01-28T23:13:32.682+0100] {processor.py:830} INFO - Processing file /home/ubuntu/.local/lib/python3.10/site-packages/airflow/example_dags/example_sensor_decorator.py for tasks to queue
[2024-01-28T23:13:32.683+0100] {logging_mixin.py:188} INFO - [2024-01-28T23:13:32.682+0100] {dagbag.py:538} INFO - Filling up the DagBag from /home/ubuntu/.local/lib/python3.10/site-packages/airflow/example_dags/example_sensor_decorator.py
[2024-01-28T23:13:32.690+0100] {processor.py:840} INFO - DAG(s) 'example_sensor_decorator' retrieved from /home/ubuntu/.local/lib/python3.10/site-packages/airflow/example_dags/example_sensor_decorator.py
[2024-01-28T23:13:32.709+0100] {logging_mixin.py:188} INFO - [2024-01-28T23:13:32.708+0100] {dag.py:3033} INFO - Sync 1 DAGs
[2024-01-28T23:13:32.721+0100] {logging_mixin.py:188} INFO - [2024-01-28T23:13:32.720+0100] {dag.py:3820} INFO - Setting next_dagrun for example_sensor_decorator to None, run_after=None
[2024-01-28T23:13:32.750+0100] {processor.py:183} INFO - Processing /home/ubuntu/.local/lib/python3.10/site-packages/airflow/example_dags/example_sensor_decorator.py took 0.073 seconds
[2024-01-28T23:14:33.126+0100] {processor.py:161} INFO - Started process (PID=16839) to work on /home/ubuntu/.local/lib/python3.10/site-packages/airflow/example_dags/example_sensor_decorator.py
[2024-01-28T23:14:33.128+0100] {processor.py:830} INFO - Processing file /home/ubuntu/.local/lib/python3.10/site-packages/airflow/example_dags/example_sensor_decorator.py for tasks to queue
[2024-01-28T23:14:33.131+0100] {logging_mixin.py:188} INFO - [2024-01-28T23:14:33.130+0100] {dagbag.py:538} INFO - Filling up the DagBag from /home/ubuntu/.local/lib/python3.10/site-packages/airflow/example_dags/example_sensor_decorator.py
[2024-01-28T23:14:33.138+0100] {processor.py:840} INFO - DAG(s) 'example_sensor_decorator' retrieved from /home/ubuntu/.local/lib/python3.10/site-packages/airflow/example_dags/example_sensor_decorator.py
[2024-01-28T23:14:33.154+0100] {logging_mixin.py:188} INFO - [2024-01-28T23:14:33.154+0100] {dag.py:3033} INFO - Sync 1 DAGs
[2024-01-28T23:14:33.166+0100] {logging_mixin.py:188} INFO - [2024-01-28T23:14:33.166+0100] {dag.py:3820} INFO - Setting next_dagrun for example_sensor_decorator to None, run_after=None
[2024-01-28T23:14:33.194+0100] {processor.py:183} INFO - Processing /home/ubuntu/.local/lib/python3.10/site-packages/airflow/example_dags/example_sensor_decorator.py took 0.072 seconds
[2024-01-28T23:15:37.026+0100] {processor.py:161} INFO - Started process (PID=16925) to work on /home/ubuntu/.local/lib/python3.10/site-packages/airflow/example_dags/example_sensor_decorator.py
[2024-01-28T23:15:37.029+0100] {processor.py:830} INFO - Processing file /home/ubuntu/.local/lib/python3.10/site-packages/airflow/example_dags/example_sensor_decorator.py for tasks to queue
[2024-01-28T23:15:37.030+0100] {logging_mixin.py:188} INFO - [2024-01-28T23:15:37.030+0100] {dagbag.py:538} INFO - Filling up the DagBag from /home/ubuntu/.local/lib/python3.10/site-packages/airflow/example_dags/example_sensor_decorator.py
[2024-01-28T23:15:37.038+0100] {processor.py:840} INFO - DAG(s) 'example_sensor_decorator' retrieved from /home/ubuntu/.local/lib/python3.10/site-packages/airflow/example_dags/example_sensor_decorator.py
[2024-01-28T23:15:37.056+0100] {logging_mixin.py:188} INFO - [2024-01-28T23:15:37.056+0100] {dag.py:3033} INFO - Sync 1 DAGs
[2024-01-28T23:15:37.069+0100] {logging_mixin.py:188} INFO - [2024-01-28T23:15:37.068+0100] {dag.py:3820} INFO - Setting next_dagrun for example_sensor_decorator to None, run_after=None
[2024-01-28T23:15:37.095+0100] {processor.py:183} INFO - Processing /home/ubuntu/.local/lib/python3.10/site-packages/airflow/example_dags/example_sensor_decorator.py took 0.072 seconds
[2024-01-28T23:16:42.923+0100] {processor.py:161} INFO - Started process (PID=17006) to work on /home/ubuntu/.local/lib/python3.10/site-packages/airflow/example_dags/example_sensor_decorator.py
[2024-01-28T23:16:42.925+0100] {processor.py:830} INFO - Processing file /home/ubuntu/.local/lib/python3.10/site-packages/airflow/example_dags/example_sensor_decorator.py for tasks to queue
[2024-01-28T23:16:42.927+0100] {logging_mixin.py:188} INFO - [2024-01-28T23:16:42.926+0100] {dagbag.py:538} INFO - Filling up the DagBag from /home/ubuntu/.local/lib/python3.10/site-packages/airflow/example_dags/example_sensor_decorator.py
[2024-01-28T23:16:42.934+0100] {processor.py:840} INFO - DAG(s) 'example_sensor_decorator' retrieved from /home/ubuntu/.local/lib/python3.10/site-packages/airflow/example_dags/example_sensor_decorator.py
[2024-01-28T23:16:42.951+0100] {logging_mixin.py:188} INFO - [2024-01-28T23:16:42.951+0100] {dag.py:3033} INFO - Sync 1 DAGs
[2024-01-28T23:16:42.963+0100] {logging_mixin.py:188} INFO - [2024-01-28T23:16:42.963+0100] {dag.py:3820} INFO - Setting next_dagrun for example_sensor_decorator to None, run_after=None
[2024-01-28T23:16:42.991+0100] {processor.py:183} INFO - Processing /home/ubuntu/.local/lib/python3.10/site-packages/airflow/example_dags/example_sensor_decorator.py took 0.072 seconds
[2024-01-28T23:17:44.608+0100] {processor.py:161} INFO - Started process (PID=17084) to work on /home/ubuntu/.local/lib/python3.10/site-packages/airflow/example_dags/example_sensor_decorator.py
[2024-01-28T23:17:44.610+0100] {processor.py:830} INFO - Processing file /home/ubuntu/.local/lib/python3.10/site-packages/airflow/example_dags/example_sensor_decorator.py for tasks to queue
[2024-01-28T23:17:44.611+0100] {logging_mixin.py:188} INFO - [2024-01-28T23:17:44.611+0100] {dagbag.py:538} INFO - Filling up the DagBag from /home/ubuntu/.local/lib/python3.10/site-packages/airflow/example_dags/example_sensor_decorator.py
[2024-01-28T23:17:44.619+0100] {processor.py:840} INFO - DAG(s) 'example_sensor_decorator' retrieved from /home/ubuntu/.local/lib/python3.10/site-packages/airflow/example_dags/example_sensor_decorator.py
[2024-01-28T23:17:44.635+0100] {logging_mixin.py:188} INFO - [2024-01-28T23:17:44.635+0100] {dag.py:3033} INFO - Sync 1 DAGs
[2024-01-28T23:17:44.649+0100] {logging_mixin.py:188} INFO - [2024-01-28T23:17:44.649+0100] {dag.py:3820} INFO - Setting next_dagrun for example_sensor_decorator to None, run_after=None
[2024-01-28T23:17:44.691+0100] {processor.py:183} INFO - Processing /home/ubuntu/.local/lib/python3.10/site-packages/airflow/example_dags/example_sensor_decorator.py took 0.086 seconds
[2024-01-28T23:18:49.400+0100] {processor.py:161} INFO - Started process (PID=17156) to work on /home/ubuntu/.local/lib/python3.10/site-packages/airflow/example_dags/example_sensor_decorator.py
[2024-01-28T23:18:49.403+0100] {processor.py:830} INFO - Processing file /home/ubuntu/.local/lib/python3.10/site-packages/airflow/example_dags/example_sensor_decorator.py for tasks to queue
[2024-01-28T23:18:49.404+0100] {logging_mixin.py:188} INFO - [2024-01-28T23:18:49.404+0100] {dagbag.py:538} INFO - Filling up the DagBag from /home/ubuntu/.local/lib/python3.10/site-packages/airflow/example_dags/example_sensor_decorator.py
[2024-01-28T23:18:49.412+0100] {processor.py:840} INFO - DAG(s) 'example_sensor_decorator' retrieved from /home/ubuntu/.local/lib/python3.10/site-packages/airflow/example_dags/example_sensor_decorator.py
[2024-01-28T23:18:49.429+0100] {logging_mixin.py:188} INFO - [2024-01-28T23:18:49.429+0100] {dag.py:3033} INFO - Sync 1 DAGs
[2024-01-28T23:18:49.440+0100] {logging_mixin.py:188} INFO - [2024-01-28T23:18:49.440+0100] {dag.py:3820} INFO - Setting next_dagrun for example_sensor_decorator to None, run_after=None
[2024-01-28T23:18:49.478+0100] {processor.py:183} INFO - Processing /home/ubuntu/.local/lib/python3.10/site-packages/airflow/example_dags/example_sensor_decorator.py took 0.082 seconds
[2024-01-28T23:19:50.635+0100] {processor.py:161} INFO - Started process (PID=17232) to work on /home/ubuntu/.local/lib/python3.10/site-packages/airflow/example_dags/example_sensor_decorator.py
[2024-01-28T23:19:50.638+0100] {processor.py:830} INFO - Processing file /home/ubuntu/.local/lib/python3.10/site-packages/airflow/example_dags/example_sensor_decorator.py for tasks to queue
[2024-01-28T23:19:50.640+0100] {logging_mixin.py:188} INFO - [2024-01-28T23:19:50.639+0100] {dagbag.py:538} INFO - Filling up the DagBag from /home/ubuntu/.local/lib/python3.10/site-packages/airflow/example_dags/example_sensor_decorator.py
[2024-01-28T23:19:50.646+0100] {processor.py:840} INFO - DAG(s) 'example_sensor_decorator' retrieved from /home/ubuntu/.local/lib/python3.10/site-packages/airflow/example_dags/example_sensor_decorator.py
[2024-01-28T23:19:50.663+0100] {logging_mixin.py:188} INFO - [2024-01-28T23:19:50.662+0100] {dag.py:3033} INFO - Sync 1 DAGs
[2024-01-28T23:19:50.675+0100] {logging_mixin.py:188} INFO - [2024-01-28T23:19:50.675+0100] {dag.py:3820} INFO - Setting next_dagrun for example_sensor_decorator to None, run_after=None
[2024-01-28T23:19:50.704+0100] {processor.py:183} INFO - Processing /home/ubuntu/.local/lib/python3.10/site-packages/airflow/example_dags/example_sensor_decorator.py took 0.071 seconds
[2024-01-28T23:20:54.749+0100] {processor.py:161} INFO - Started process (PID=17303) to work on /home/ubuntu/.local/lib/python3.10/site-packages/airflow/example_dags/example_sensor_decorator.py
[2024-01-28T23:20:54.752+0100] {processor.py:830} INFO - Processing file /home/ubuntu/.local/lib/python3.10/site-packages/airflow/example_dags/example_sensor_decorator.py for tasks to queue
[2024-01-28T23:20:54.753+0100] {logging_mixin.py:188} INFO - [2024-01-28T23:20:54.753+0100] {dagbag.py:538} INFO - Filling up the DagBag from /home/ubuntu/.local/lib/python3.10/site-packages/airflow/example_dags/example_sensor_decorator.py
[2024-01-28T23:20:54.761+0100] {processor.py:840} INFO - DAG(s) 'example_sensor_decorator' retrieved from /home/ubuntu/.local/lib/python3.10/site-packages/airflow/example_dags/example_sensor_decorator.py
[2024-01-28T23:20:54.779+0100] {logging_mixin.py:188} INFO - [2024-01-28T23:20:54.778+0100] {dag.py:3033} INFO - Sync 1 DAGs
[2024-01-28T23:20:54.791+0100] {logging_mixin.py:188} INFO - [2024-01-28T23:20:54.791+0100] {dag.py:3820} INFO - Setting next_dagrun for example_sensor_decorator to None, run_after=None
[2024-01-28T23:20:54.820+0100] {processor.py:183} INFO - Processing /home/ubuntu/.local/lib/python3.10/site-packages/airflow/example_dags/example_sensor_decorator.py took 0.075 seconds
[2024-01-28T23:21:57.792+0100] {processor.py:161} INFO - Started process (PID=17377) to work on /home/ubuntu/.local/lib/python3.10/site-packages/airflow/example_dags/example_sensor_decorator.py
[2024-01-28T23:21:57.795+0100] {processor.py:830} INFO - Processing file /home/ubuntu/.local/lib/python3.10/site-packages/airflow/example_dags/example_sensor_decorator.py for tasks to queue
[2024-01-28T23:21:57.796+0100] {logging_mixin.py:188} INFO - [2024-01-28T23:21:57.796+0100] {dagbag.py:538} INFO - Filling up the DagBag from /home/ubuntu/.local/lib/python3.10/site-packages/airflow/example_dags/example_sensor_decorator.py
[2024-01-28T23:21:57.803+0100] {processor.py:840} INFO - DAG(s) 'example_sensor_decorator' retrieved from /home/ubuntu/.local/lib/python3.10/site-packages/airflow/example_dags/example_sensor_decorator.py
[2024-01-28T23:21:57.820+0100] {logging_mixin.py:188} INFO - [2024-01-28T23:21:57.820+0100] {dag.py:3033} INFO - Sync 1 DAGs
[2024-01-28T23:21:57.834+0100] {logging_mixin.py:188} INFO - [2024-01-28T23:21:57.833+0100] {dag.py:3820} INFO - Setting next_dagrun for example_sensor_decorator to None, run_after=None
[2024-01-28T23:21:57.864+0100] {processor.py:183} INFO - Processing /home/ubuntu/.local/lib/python3.10/site-packages/airflow/example_dags/example_sensor_decorator.py took 0.076 seconds
[2024-01-28T23:23:00.289+0100] {processor.py:161} INFO - Started process (PID=17449) to work on /home/ubuntu/.local/lib/python3.10/site-packages/airflow/example_dags/example_sensor_decorator.py
[2024-01-28T23:23:00.291+0100] {processor.py:830} INFO - Processing file /home/ubuntu/.local/lib/python3.10/site-packages/airflow/example_dags/example_sensor_decorator.py for tasks to queue
[2024-01-28T23:23:00.292+0100] {logging_mixin.py:188} INFO - [2024-01-28T23:23:00.292+0100] {dagbag.py:538} INFO - Filling up the DagBag from /home/ubuntu/.local/lib/python3.10/site-packages/airflow/example_dags/example_sensor_decorator.py
[2024-01-28T23:23:00.300+0100] {processor.py:840} INFO - DAG(s) 'example_sensor_decorator' retrieved from /home/ubuntu/.local/lib/python3.10/site-packages/airflow/example_dags/example_sensor_decorator.py
[2024-01-28T23:23:00.319+0100] {logging_mixin.py:188} INFO - [2024-01-28T23:23:00.319+0100] {dag.py:3033} INFO - Sync 1 DAGs
[2024-01-28T23:23:00.334+0100] {logging_mixin.py:188} INFO - [2024-01-28T23:23:00.333+0100] {dag.py:3820} INFO - Setting next_dagrun for example_sensor_decorator to None, run_after=None
[2024-01-28T23:23:00.366+0100] {processor.py:183} INFO - Processing /home/ubuntu/.local/lib/python3.10/site-packages/airflow/example_dags/example_sensor_decorator.py took 0.081 seconds
[2024-01-28T23:24:09.782+0100] {processor.py:161} INFO - Started process (PID=17529) to work on /home/ubuntu/.local/lib/python3.10/site-packages/airflow/example_dags/example_sensor_decorator.py
[2024-01-28T23:24:09.784+0100] {processor.py:830} INFO - Processing file /home/ubuntu/.local/lib/python3.10/site-packages/airflow/example_dags/example_sensor_decorator.py for tasks to queue
[2024-01-28T23:24:09.785+0100] {logging_mixin.py:188} INFO - [2024-01-28T23:24:09.785+0100] {dagbag.py:538} INFO - Filling up the DagBag from /home/ubuntu/.local/lib/python3.10/site-packages/airflow/example_dags/example_sensor_decorator.py
[2024-01-28T23:24:09.794+0100] {processor.py:840} INFO - DAG(s) 'example_sensor_decorator' retrieved from /home/ubuntu/.local/lib/python3.10/site-packages/airflow/example_dags/example_sensor_decorator.py
[2024-01-28T23:24:09.817+0100] {logging_mixin.py:188} INFO - [2024-01-28T23:24:09.817+0100] {dag.py:3033} INFO - Sync 1 DAGs
[2024-01-28T23:24:09.832+0100] {logging_mixin.py:188} INFO - [2024-01-28T23:24:09.832+0100] {dag.py:3820} INFO - Setting next_dagrun for example_sensor_decorator to None, run_after=None
[2024-01-28T23:24:09.867+0100] {processor.py:183} INFO - Processing /home/ubuntu/.local/lib/python3.10/site-packages/airflow/example_dags/example_sensor_decorator.py took 0.090 seconds
[2024-01-28T23:25:00.680+0100] {processor.py:161} INFO - Started process (PID=17583) to work on /home/ubuntu/.local/lib/python3.10/site-packages/airflow/example_dags/example_sensor_decorator.py
[2024-01-28T23:25:00.682+0100] {processor.py:830} INFO - Processing file /home/ubuntu/.local/lib/python3.10/site-packages/airflow/example_dags/example_sensor_decorator.py for tasks to queue
[2024-01-28T23:25:00.683+0100] {logging_mixin.py:188} INFO - [2024-01-28T23:25:00.683+0100] {dagbag.py:538} INFO - Filling up the DagBag from /home/ubuntu/.local/lib/python3.10/site-packages/airflow/example_dags/example_sensor_decorator.py
[2024-01-28T23:25:00.690+0100] {processor.py:840} INFO - DAG(s) 'example_sensor_decorator' retrieved from /home/ubuntu/.local/lib/python3.10/site-packages/airflow/example_dags/example_sensor_decorator.py
[2024-01-28T23:25:00.705+0100] {logging_mixin.py:188} INFO - [2024-01-28T23:25:00.705+0100] {dag.py:3033} INFO - Sync 1 DAGs
[2024-01-28T23:25:00.716+0100] {logging_mixin.py:188} INFO - [2024-01-28T23:25:00.716+0100] {dag.py:3820} INFO - Setting next_dagrun for example_sensor_decorator to None, run_after=None
[2024-01-28T23:25:00.760+0100] {processor.py:183} INFO - Processing /home/ubuntu/.local/lib/python3.10/site-packages/airflow/example_dags/example_sensor_decorator.py took 0.085 seconds
[2024-01-28T23:26:08.795+0100] {processor.py:161} INFO - Started process (PID=17658) to work on /home/ubuntu/.local/lib/python3.10/site-packages/airflow/example_dags/example_sensor_decorator.py
[2024-01-28T23:26:08.797+0100] {processor.py:830} INFO - Processing file /home/ubuntu/.local/lib/python3.10/site-packages/airflow/example_dags/example_sensor_decorator.py for tasks to queue
[2024-01-28T23:26:08.799+0100] {logging_mixin.py:188} INFO - [2024-01-28T23:26:08.799+0100] {dagbag.py:538} INFO - Filling up the DagBag from /home/ubuntu/.local/lib/python3.10/site-packages/airflow/example_dags/example_sensor_decorator.py
[2024-01-28T23:26:08.806+0100] {processor.py:840} INFO - DAG(s) 'example_sensor_decorator' retrieved from /home/ubuntu/.local/lib/python3.10/site-packages/airflow/example_dags/example_sensor_decorator.py
[2024-01-28T23:26:08.823+0100] {logging_mixin.py:188} INFO - [2024-01-28T23:26:08.822+0100] {dag.py:3033} INFO - Sync 1 DAGs
[2024-01-28T23:26:08.834+0100] {logging_mixin.py:188} INFO - [2024-01-28T23:26:08.834+0100] {dag.py:3820} INFO - Setting next_dagrun for example_sensor_decorator to None, run_after=None
[2024-01-28T23:26:08.863+0100] {processor.py:183} INFO - Processing /home/ubuntu/.local/lib/python3.10/site-packages/airflow/example_dags/example_sensor_decorator.py took 0.072 seconds
[2024-01-28T23:27:11.525+0100] {processor.py:161} INFO - Started process (PID=17733) to work on /home/ubuntu/.local/lib/python3.10/site-packages/airflow/example_dags/example_sensor_decorator.py
[2024-01-28T23:27:11.528+0100] {processor.py:830} INFO - Processing file /home/ubuntu/.local/lib/python3.10/site-packages/airflow/example_dags/example_sensor_decorator.py for tasks to queue
[2024-01-28T23:27:11.530+0100] {logging_mixin.py:188} INFO - [2024-01-28T23:27:11.529+0100] {dagbag.py:538} INFO - Filling up the DagBag from /home/ubuntu/.local/lib/python3.10/site-packages/airflow/example_dags/example_sensor_decorator.py
[2024-01-28T23:27:11.537+0100] {processor.py:840} INFO - DAG(s) 'example_sensor_decorator' retrieved from /home/ubuntu/.local/lib/python3.10/site-packages/airflow/example_dags/example_sensor_decorator.py
[2024-01-28T23:27:11.553+0100] {logging_mixin.py:188} INFO - [2024-01-28T23:27:11.552+0100] {dag.py:3033} INFO - Sync 1 DAGs
[2024-01-28T23:27:11.565+0100] {logging_mixin.py:188} INFO - [2024-01-28T23:27:11.565+0100] {dag.py:3820} INFO - Setting next_dagrun for example_sensor_decorator to None, run_after=None
[2024-01-28T23:27:11.604+0100] {processor.py:183} INFO - Processing /home/ubuntu/.local/lib/python3.10/site-packages/airflow/example_dags/example_sensor_decorator.py took 0.082 seconds
[2024-01-28T23:28:14.140+0100] {processor.py:161} INFO - Started process (PID=17806) to work on /home/ubuntu/.local/lib/python3.10/site-packages/airflow/example_dags/example_sensor_decorator.py
[2024-01-28T23:28:14.143+0100] {processor.py:830} INFO - Processing file /home/ubuntu/.local/lib/python3.10/site-packages/airflow/example_dags/example_sensor_decorator.py for tasks to queue
[2024-01-28T23:28:14.145+0100] {logging_mixin.py:188} INFO - [2024-01-28T23:28:14.144+0100] {dagbag.py:538} INFO - Filling up the DagBag from /home/ubuntu/.local/lib/python3.10/site-packages/airflow/example_dags/example_sensor_decorator.py
[2024-01-28T23:28:14.152+0100] {processor.py:840} INFO - DAG(s) 'example_sensor_decorator' retrieved from /home/ubuntu/.local/lib/python3.10/site-packages/airflow/example_dags/example_sensor_decorator.py
[2024-01-28T23:28:14.169+0100] {logging_mixin.py:188} INFO - [2024-01-28T23:28:14.169+0100] {dag.py:3033} INFO - Sync 1 DAGs
[2024-01-28T23:28:14.182+0100] {logging_mixin.py:188} INFO - [2024-01-28T23:28:14.182+0100] {dag.py:3820} INFO - Setting next_dagrun for example_sensor_decorator to None, run_after=None
[2024-01-28T23:28:14.211+0100] {processor.py:183} INFO - Processing /home/ubuntu/.local/lib/python3.10/site-packages/airflow/example_dags/example_sensor_decorator.py took 0.074 seconds
[2024-01-28T23:29:20.515+0100] {processor.py:161} INFO - Started process (PID=17885) to work on /home/ubuntu/.local/lib/python3.10/site-packages/airflow/example_dags/example_sensor_decorator.py
[2024-01-28T23:29:20.518+0100] {processor.py:830} INFO - Processing file /home/ubuntu/.local/lib/python3.10/site-packages/airflow/example_dags/example_sensor_decorator.py for tasks to queue
[2024-01-28T23:29:20.520+0100] {logging_mixin.py:188} INFO - [2024-01-28T23:29:20.519+0100] {dagbag.py:538} INFO - Filling up the DagBag from /home/ubuntu/.local/lib/python3.10/site-packages/airflow/example_dags/example_sensor_decorator.py
[2024-01-28T23:29:20.527+0100] {processor.py:840} INFO - DAG(s) 'example_sensor_decorator' retrieved from /home/ubuntu/.local/lib/python3.10/site-packages/airflow/example_dags/example_sensor_decorator.py
[2024-01-28T23:29:20.542+0100] {logging_mixin.py:188} INFO - [2024-01-28T23:29:20.542+0100] {dag.py:3033} INFO - Sync 1 DAGs
[2024-01-28T23:29:20.553+0100] {logging_mixin.py:188} INFO - [2024-01-28T23:29:20.553+0100] {dag.py:3820} INFO - Setting next_dagrun for example_sensor_decorator to None, run_after=None
[2024-01-28T23:29:20.590+0100] {processor.py:183} INFO - Processing /home/ubuntu/.local/lib/python3.10/site-packages/airflow/example_dags/example_sensor_decorator.py took 0.078 seconds
[2024-01-28T23:30:28.458+0100] {processor.py:161} INFO - Started process (PID=17961) to work on /home/ubuntu/.local/lib/python3.10/site-packages/airflow/example_dags/example_sensor_decorator.py
[2024-01-28T23:30:28.460+0100] {processor.py:830} INFO - Processing file /home/ubuntu/.local/lib/python3.10/site-packages/airflow/example_dags/example_sensor_decorator.py for tasks to queue
[2024-01-28T23:30:28.461+0100] {logging_mixin.py:188} INFO - [2024-01-28T23:30:28.461+0100] {dagbag.py:538} INFO - Filling up the DagBag from /home/ubuntu/.local/lib/python3.10/site-packages/airflow/example_dags/example_sensor_decorator.py
[2024-01-28T23:30:28.468+0100] {processor.py:840} INFO - DAG(s) 'example_sensor_decorator' retrieved from /home/ubuntu/.local/lib/python3.10/site-packages/airflow/example_dags/example_sensor_decorator.py
[2024-01-28T23:30:28.484+0100] {logging_mixin.py:188} INFO - [2024-01-28T23:30:28.484+0100] {dag.py:3033} INFO - Sync 1 DAGs
[2024-01-28T23:30:28.494+0100] {logging_mixin.py:188} INFO - [2024-01-28T23:30:28.494+0100] {dag.py:3820} INFO - Setting next_dagrun for example_sensor_decorator to None, run_after=None
[2024-01-28T23:30:28.523+0100] {processor.py:183} INFO - Processing /home/ubuntu/.local/lib/python3.10/site-packages/airflow/example_dags/example_sensor_decorator.py took 0.069 seconds
[2024-01-28T23:31:35.849+0100] {processor.py:161} INFO - Started process (PID=18039) to work on /home/ubuntu/.local/lib/python3.10/site-packages/airflow/example_dags/example_sensor_decorator.py
[2024-01-28T23:31:35.851+0100] {processor.py:830} INFO - Processing file /home/ubuntu/.local/lib/python3.10/site-packages/airflow/example_dags/example_sensor_decorator.py for tasks to queue
[2024-01-28T23:31:35.853+0100] {logging_mixin.py:188} INFO - [2024-01-28T23:31:35.852+0100] {dagbag.py:538} INFO - Filling up the DagBag from /home/ubuntu/.local/lib/python3.10/site-packages/airflow/example_dags/example_sensor_decorator.py
[2024-01-28T23:31:35.861+0100] {processor.py:840} INFO - DAG(s) 'example_sensor_decorator' retrieved from /home/ubuntu/.local/lib/python3.10/site-packages/airflow/example_dags/example_sensor_decorator.py
[2024-01-28T23:31:35.877+0100] {logging_mixin.py:188} INFO - [2024-01-28T23:31:35.877+0100] {dag.py:3033} INFO - Sync 1 DAGs
[2024-01-28T23:31:35.889+0100] {logging_mixin.py:188} INFO - [2024-01-28T23:31:35.889+0100] {dag.py:3820} INFO - Setting next_dagrun for example_sensor_decorator to None, run_after=None
[2024-01-28T23:31:35.926+0100] {processor.py:183} INFO - Processing /home/ubuntu/.local/lib/python3.10/site-packages/airflow/example_dags/example_sensor_decorator.py took 0.081 seconds
[2024-01-28T23:32:50.171+0100] {processor.py:161} INFO - Started process (PID=18122) to work on /home/ubuntu/.local/lib/python3.10/site-packages/airflow/example_dags/example_sensor_decorator.py
[2024-01-28T23:32:50.174+0100] {processor.py:830} INFO - Processing file /home/ubuntu/.local/lib/python3.10/site-packages/airflow/example_dags/example_sensor_decorator.py for tasks to queue
[2024-01-28T23:32:50.176+0100] {logging_mixin.py:188} INFO - [2024-01-28T23:32:50.176+0100] {dagbag.py:538} INFO - Filling up the DagBag from /home/ubuntu/.local/lib/python3.10/site-packages/airflow/example_dags/example_sensor_decorator.py
[2024-01-28T23:32:50.184+0100] {processor.py:840} INFO - DAG(s) 'example_sensor_decorator' retrieved from /home/ubuntu/.local/lib/python3.10/site-packages/airflow/example_dags/example_sensor_decorator.py
[2024-01-28T23:32:50.202+0100] {logging_mixin.py:188} INFO - [2024-01-28T23:32:50.202+0100] {dag.py:3033} INFO - Sync 1 DAGs
[2024-01-28T23:32:50.214+0100] {logging_mixin.py:188} INFO - [2024-01-28T23:32:50.214+0100] {dag.py:3820} INFO - Setting next_dagrun for example_sensor_decorator to None, run_after=None
[2024-01-28T23:32:50.243+0100] {processor.py:183} INFO - Processing /home/ubuntu/.local/lib/python3.10/site-packages/airflow/example_dags/example_sensor_decorator.py took 0.076 seconds
[2024-01-28T23:34:10.943+0100] {processor.py:161} INFO - Started process (PID=18213) to work on /home/ubuntu/.local/lib/python3.10/site-packages/airflow/example_dags/example_sensor_decorator.py
[2024-01-28T23:34:10.945+0100] {processor.py:830} INFO - Processing file /home/ubuntu/.local/lib/python3.10/site-packages/airflow/example_dags/example_sensor_decorator.py for tasks to queue
[2024-01-28T23:34:10.947+0100] {logging_mixin.py:188} INFO - [2024-01-28T23:34:10.946+0100] {dagbag.py:538} INFO - Filling up the DagBag from /home/ubuntu/.local/lib/python3.10/site-packages/airflow/example_dags/example_sensor_decorator.py
[2024-01-28T23:34:10.955+0100] {processor.py:840} INFO - DAG(s) 'example_sensor_decorator' retrieved from /home/ubuntu/.local/lib/python3.10/site-packages/airflow/example_dags/example_sensor_decorator.py
[2024-01-28T23:34:10.974+0100] {logging_mixin.py:188} INFO - [2024-01-28T23:34:10.974+0100] {dag.py:3033} INFO - Sync 1 DAGs
[2024-01-28T23:34:10.987+0100] {logging_mixin.py:188} INFO - [2024-01-28T23:34:10.987+0100] {dag.py:3820} INFO - Setting next_dagrun for example_sensor_decorator to None, run_after=None
[2024-01-28T23:34:11.153+0100] {processor.py:183} INFO - Processing /home/ubuntu/.local/lib/python3.10/site-packages/airflow/example_dags/example_sensor_decorator.py took 0.214 seconds
[2024-01-28T23:35:07.016+0100] {processor.py:161} INFO - Started process (PID=18270) to work on /home/ubuntu/.local/lib/python3.10/site-packages/airflow/example_dags/example_sensor_decorator.py
[2024-01-28T23:35:07.019+0100] {processor.py:830} INFO - Processing file /home/ubuntu/.local/lib/python3.10/site-packages/airflow/example_dags/example_sensor_decorator.py for tasks to queue
[2024-01-28T23:35:07.019+0100] {logging_mixin.py:188} INFO - [2024-01-28T23:35:07.019+0100] {dagbag.py:538} INFO - Filling up the DagBag from /home/ubuntu/.local/lib/python3.10/site-packages/airflow/example_dags/example_sensor_decorator.py
[2024-01-28T23:35:07.026+0100] {processor.py:840} INFO - DAG(s) 'example_sensor_decorator' retrieved from /home/ubuntu/.local/lib/python3.10/site-packages/airflow/example_dags/example_sensor_decorator.py
[2024-01-28T23:35:07.041+0100] {logging_mixin.py:188} INFO - [2024-01-28T23:35:07.041+0100] {dag.py:3033} INFO - Sync 1 DAGs
[2024-01-28T23:35:07.050+0100] {logging_mixin.py:188} INFO - [2024-01-28T23:35:07.050+0100] {dag.py:3820} INFO - Setting next_dagrun for example_sensor_decorator to None, run_after=None
[2024-01-28T23:35:07.080+0100] {processor.py:183} INFO - Processing /home/ubuntu/.local/lib/python3.10/site-packages/airflow/example_dags/example_sensor_decorator.py took 0.068 seconds
[2024-01-28T23:35:56.850+0100] {processor.py:161} INFO - Started process (PID=18325) to work on /home/ubuntu/.local/lib/python3.10/site-packages/airflow/example_dags/example_sensor_decorator.py
[2024-01-28T23:35:56.852+0100] {processor.py:830} INFO - Processing file /home/ubuntu/.local/lib/python3.10/site-packages/airflow/example_dags/example_sensor_decorator.py for tasks to queue
[2024-01-28T23:35:56.853+0100] {logging_mixin.py:188} INFO - [2024-01-28T23:35:56.853+0100] {dagbag.py:538} INFO - Filling up the DagBag from /home/ubuntu/.local/lib/python3.10/site-packages/airflow/example_dags/example_sensor_decorator.py
[2024-01-28T23:35:56.860+0100] {processor.py:840} INFO - DAG(s) 'example_sensor_decorator' retrieved from /home/ubuntu/.local/lib/python3.10/site-packages/airflow/example_dags/example_sensor_decorator.py
[2024-01-28T23:35:56.876+0100] {logging_mixin.py:188} INFO - [2024-01-28T23:35:56.875+0100] {dag.py:3033} INFO - Sync 1 DAGs
[2024-01-28T23:35:56.980+0100] {logging_mixin.py:188} INFO - [2024-01-28T23:35:56.980+0100] {dag.py:3820} INFO - Setting next_dagrun for example_sensor_decorator to None, run_after=None
[2024-01-28T23:35:57.028+0100] {processor.py:183} INFO - Processing /home/ubuntu/.local/lib/python3.10/site-packages/airflow/example_dags/example_sensor_decorator.py took 0.182 seconds
[2024-01-28T23:37:07.836+0100] {processor.py:161} INFO - Started process (PID=18405) to work on /home/ubuntu/.local/lib/python3.10/site-packages/airflow/example_dags/example_sensor_decorator.py
[2024-01-28T23:37:07.840+0100] {processor.py:830} INFO - Processing file /home/ubuntu/.local/lib/python3.10/site-packages/airflow/example_dags/example_sensor_decorator.py for tasks to queue
[2024-01-28T23:37:07.841+0100] {logging_mixin.py:188} INFO - [2024-01-28T23:37:07.841+0100] {dagbag.py:538} INFO - Filling up the DagBag from /home/ubuntu/.local/lib/python3.10/site-packages/airflow/example_dags/example_sensor_decorator.py
[2024-01-28T23:37:07.853+0100] {processor.py:840} INFO - DAG(s) 'example_sensor_decorator' retrieved from /home/ubuntu/.local/lib/python3.10/site-packages/airflow/example_dags/example_sensor_decorator.py
[2024-01-28T23:37:07.874+0100] {logging_mixin.py:188} INFO - [2024-01-28T23:37:07.874+0100] {dag.py:3033} INFO - Sync 1 DAGs
[2024-01-28T23:37:07.907+0100] {logging_mixin.py:188} INFO - [2024-01-28T23:37:07.907+0100] {dag.py:3820} INFO - Setting next_dagrun for example_sensor_decorator to None, run_after=None
[2024-01-28T23:37:08.098+0100] {processor.py:183} INFO - Processing /home/ubuntu/.local/lib/python3.10/site-packages/airflow/example_dags/example_sensor_decorator.py took 0.266 seconds
[2024-01-28T23:38:12.844+0100] {processor.py:161} INFO - Started process (PID=19163) to work on /home/ubuntu/.local/lib/python3.10/site-packages/airflow/example_dags/example_sensor_decorator.py
[2024-01-28T23:38:12.846+0100] {processor.py:830} INFO - Processing file /home/ubuntu/.local/lib/python3.10/site-packages/airflow/example_dags/example_sensor_decorator.py for tasks to queue
[2024-01-28T23:38:12.848+0100] {logging_mixin.py:188} INFO - [2024-01-28T23:38:12.847+0100] {dagbag.py:538} INFO - Filling up the DagBag from /home/ubuntu/.local/lib/python3.10/site-packages/airflow/example_dags/example_sensor_decorator.py
[2024-01-28T23:38:12.858+0100] {processor.py:840} INFO - DAG(s) 'example_sensor_decorator' retrieved from /home/ubuntu/.local/lib/python3.10/site-packages/airflow/example_dags/example_sensor_decorator.py
[2024-01-28T23:38:12.877+0100] {logging_mixin.py:188} INFO - [2024-01-28T23:38:12.877+0100] {dag.py:3033} INFO - Sync 1 DAGs
[2024-01-28T23:38:12.891+0100] {logging_mixin.py:188} INFO - [2024-01-28T23:38:12.890+0100] {dag.py:3820} INFO - Setting next_dagrun for example_sensor_decorator to None, run_after=None
[2024-01-28T23:38:12.928+0100] {processor.py:183} INFO - Processing /home/ubuntu/.local/lib/python3.10/site-packages/airflow/example_dags/example_sensor_decorator.py took 0.088 seconds
[2024-01-28T23:39:09.956+0100] {processor.py:161} INFO - Started process (PID=19222) to work on /home/ubuntu/.local/lib/python3.10/site-packages/airflow/example_dags/example_sensor_decorator.py
[2024-01-28T23:39:09.959+0100] {processor.py:830} INFO - Processing file /home/ubuntu/.local/lib/python3.10/site-packages/airflow/example_dags/example_sensor_decorator.py for tasks to queue
[2024-01-28T23:39:09.960+0100] {logging_mixin.py:188} INFO - [2024-01-28T23:39:09.959+0100] {dagbag.py:538} INFO - Filling up the DagBag from /home/ubuntu/.local/lib/python3.10/site-packages/airflow/example_dags/example_sensor_decorator.py
[2024-01-28T23:39:09.967+0100] {processor.py:840} INFO - DAG(s) 'example_sensor_decorator' retrieved from /home/ubuntu/.local/lib/python3.10/site-packages/airflow/example_dags/example_sensor_decorator.py
[2024-01-28T23:39:09.986+0100] {logging_mixin.py:188} INFO - [2024-01-28T23:39:09.986+0100] {dag.py:3033} INFO - Sync 1 DAGs
[2024-01-28T23:39:10.100+0100] {logging_mixin.py:188} INFO - [2024-01-28T23:39:10.100+0100] {dag.py:3820} INFO - Setting next_dagrun for example_sensor_decorator to None, run_after=None
[2024-01-28T23:39:10.130+0100] {processor.py:183} INFO - Processing /home/ubuntu/.local/lib/python3.10/site-packages/airflow/example_dags/example_sensor_decorator.py took 0.179 seconds
[2024-01-28T23:39:56.797+0100] {processor.py:161} INFO - Started process (PID=19273) to work on /home/ubuntu/.local/lib/python3.10/site-packages/airflow/example_dags/example_sensor_decorator.py
[2024-01-28T23:39:56.799+0100] {processor.py:830} INFO - Processing file /home/ubuntu/.local/lib/python3.10/site-packages/airflow/example_dags/example_sensor_decorator.py for tasks to queue
[2024-01-28T23:39:56.801+0100] {logging_mixin.py:188} INFO - [2024-01-28T23:39:56.800+0100] {dagbag.py:538} INFO - Filling up the DagBag from /home/ubuntu/.local/lib/python3.10/site-packages/airflow/example_dags/example_sensor_decorator.py
[2024-01-28T23:39:56.808+0100] {processor.py:840} INFO - DAG(s) 'example_sensor_decorator' retrieved from /home/ubuntu/.local/lib/python3.10/site-packages/airflow/example_dags/example_sensor_decorator.py
[2024-01-28T23:39:56.826+0100] {logging_mixin.py:188} INFO - [2024-01-28T23:39:56.825+0100] {dag.py:3033} INFO - Sync 1 DAGs
[2024-01-28T23:39:56.839+0100] {logging_mixin.py:188} INFO - [2024-01-28T23:39:56.838+0100] {dag.py:3820} INFO - Setting next_dagrun for example_sensor_decorator to None, run_after=None
[2024-01-28T23:39:56.875+0100] {processor.py:183} INFO - Processing /home/ubuntu/.local/lib/python3.10/site-packages/airflow/example_dags/example_sensor_decorator.py took 0.082 seconds
[2024-01-28T23:40:56.674+0100] {processor.py:161} INFO - Started process (PID=19341) to work on /home/ubuntu/.local/lib/python3.10/site-packages/airflow/example_dags/example_sensor_decorator.py
[2024-01-28T23:40:56.677+0100] {processor.py:830} INFO - Processing file /home/ubuntu/.local/lib/python3.10/site-packages/airflow/example_dags/example_sensor_decorator.py for tasks to queue
[2024-01-28T23:40:56.680+0100] {logging_mixin.py:188} INFO - [2024-01-28T23:40:56.679+0100] {dagbag.py:538} INFO - Filling up the DagBag from /home/ubuntu/.local/lib/python3.10/site-packages/airflow/example_dags/example_sensor_decorator.py
[2024-01-28T23:40:56.687+0100] {processor.py:840} INFO - DAG(s) 'example_sensor_decorator' retrieved from /home/ubuntu/.local/lib/python3.10/site-packages/airflow/example_dags/example_sensor_decorator.py
[2024-01-28T23:40:56.704+0100] {logging_mixin.py:188} INFO - [2024-01-28T23:40:56.703+0100] {dag.py:3033} INFO - Sync 1 DAGs
[2024-01-28T23:40:56.720+0100] {logging_mixin.py:188} INFO - [2024-01-28T23:40:56.720+0100] {dag.py:3820} INFO - Setting next_dagrun for example_sensor_decorator to None, run_after=None
[2024-01-28T23:40:56.758+0100] {processor.py:183} INFO - Processing /home/ubuntu/.local/lib/python3.10/site-packages/airflow/example_dags/example_sensor_decorator.py took 0.087 seconds
[2024-01-28T23:41:55.780+0100] {processor.py:161} INFO - Started process (PID=19429) to work on /home/ubuntu/.local/lib/python3.10/site-packages/airflow/example_dags/example_sensor_decorator.py
[2024-01-28T23:41:55.783+0100] {processor.py:830} INFO - Processing file /home/ubuntu/.local/lib/python3.10/site-packages/airflow/example_dags/example_sensor_decorator.py for tasks to queue
[2024-01-28T23:41:55.788+0100] {logging_mixin.py:188} INFO - [2024-01-28T23:41:55.787+0100] {dagbag.py:538} INFO - Filling up the DagBag from /home/ubuntu/.local/lib/python3.10/site-packages/airflow/example_dags/example_sensor_decorator.py
[2024-01-28T23:41:55.796+0100] {processor.py:840} INFO - DAG(s) 'example_sensor_decorator' retrieved from /home/ubuntu/.local/lib/python3.10/site-packages/airflow/example_dags/example_sensor_decorator.py
[2024-01-28T23:41:55.824+0100] {logging_mixin.py:188} INFO - [2024-01-28T23:41:55.823+0100] {dag.py:3033} INFO - Sync 1 DAGs
[2024-01-28T23:41:55.860+0100] {logging_mixin.py:188} INFO - [2024-01-28T23:41:55.860+0100] {dag.py:3820} INFO - Setting next_dagrun for example_sensor_decorator to None, run_after=None
[2024-01-28T23:41:55.909+0100] {processor.py:183} INFO - Processing /home/ubuntu/.local/lib/python3.10/site-packages/airflow/example_dags/example_sensor_decorator.py took 0.137 seconds
[2024-01-28T23:43:03.265+0100] {processor.py:161} INFO - Started process (PID=19503) to work on /home/ubuntu/.local/lib/python3.10/site-packages/airflow/example_dags/example_sensor_decorator.py
[2024-01-28T23:43:03.268+0100] {processor.py:830} INFO - Processing file /home/ubuntu/.local/lib/python3.10/site-packages/airflow/example_dags/example_sensor_decorator.py for tasks to queue
[2024-01-28T23:43:03.269+0100] {logging_mixin.py:188} INFO - [2024-01-28T23:43:03.269+0100] {dagbag.py:538} INFO - Filling up the DagBag from /home/ubuntu/.local/lib/python3.10/site-packages/airflow/example_dags/example_sensor_decorator.py
[2024-01-28T23:43:03.278+0100] {processor.py:840} INFO - DAG(s) 'example_sensor_decorator' retrieved from /home/ubuntu/.local/lib/python3.10/site-packages/airflow/example_dags/example_sensor_decorator.py
[2024-01-28T23:43:03.297+0100] {logging_mixin.py:188} INFO - [2024-01-28T23:43:03.297+0100] {dag.py:3033} INFO - Sync 1 DAGs
[2024-01-28T23:43:03.310+0100] {logging_mixin.py:188} INFO - [2024-01-28T23:43:03.310+0100] {dag.py:3820} INFO - Setting next_dagrun for example_sensor_decorator to None, run_after=None
[2024-01-28T23:43:03.341+0100] {processor.py:183} INFO - Processing /home/ubuntu/.local/lib/python3.10/site-packages/airflow/example_dags/example_sensor_decorator.py took 0.079 seconds
[2024-01-28T23:44:10.190+0100] {processor.py:161} INFO - Started process (PID=19580) to work on /home/ubuntu/.local/lib/python3.10/site-packages/airflow/example_dags/example_sensor_decorator.py
[2024-01-28T23:44:10.193+0100] {processor.py:830} INFO - Processing file /home/ubuntu/.local/lib/python3.10/site-packages/airflow/example_dags/example_sensor_decorator.py for tasks to queue
[2024-01-28T23:44:10.194+0100] {logging_mixin.py:188} INFO - [2024-01-28T23:44:10.193+0100] {dagbag.py:538} INFO - Filling up the DagBag from /home/ubuntu/.local/lib/python3.10/site-packages/airflow/example_dags/example_sensor_decorator.py
[2024-01-28T23:44:10.202+0100] {processor.py:840} INFO - DAG(s) 'example_sensor_decorator' retrieved from /home/ubuntu/.local/lib/python3.10/site-packages/airflow/example_dags/example_sensor_decorator.py
[2024-01-28T23:44:10.224+0100] {logging_mixin.py:188} INFO - [2024-01-28T23:44:10.223+0100] {dag.py:3033} INFO - Sync 1 DAGs
[2024-01-28T23:44:10.238+0100] {logging_mixin.py:188} INFO - [2024-01-28T23:44:10.237+0100] {dag.py:3820} INFO - Setting next_dagrun for example_sensor_decorator to None, run_after=None
[2024-01-28T23:44:10.267+0100] {processor.py:183} INFO - Processing /home/ubuntu/.local/lib/python3.10/site-packages/airflow/example_dags/example_sensor_decorator.py took 0.081 seconds
[2024-01-28T23:45:00.111+0100] {processor.py:161} INFO - Started process (PID=19636) to work on /home/ubuntu/.local/lib/python3.10/site-packages/airflow/example_dags/example_sensor_decorator.py
[2024-01-28T23:45:00.112+0100] {processor.py:830} INFO - Processing file /home/ubuntu/.local/lib/python3.10/site-packages/airflow/example_dags/example_sensor_decorator.py for tasks to queue
[2024-01-28T23:45:00.114+0100] {logging_mixin.py:188} INFO - [2024-01-28T23:45:00.113+0100] {dagbag.py:538} INFO - Filling up the DagBag from /home/ubuntu/.local/lib/python3.10/site-packages/airflow/example_dags/example_sensor_decorator.py
[2024-01-28T23:45:00.121+0100] {processor.py:840} INFO - DAG(s) 'example_sensor_decorator' retrieved from /home/ubuntu/.local/lib/python3.10/site-packages/airflow/example_dags/example_sensor_decorator.py
[2024-01-28T23:45:00.148+0100] {logging_mixin.py:188} INFO - [2024-01-28T23:45:00.147+0100] {dag.py:3033} INFO - Sync 1 DAGs
[2024-01-28T23:45:00.163+0100] {logging_mixin.py:188} INFO - [2024-01-28T23:45:00.163+0100] {dag.py:3820} INFO - Setting next_dagrun for example_sensor_decorator to None, run_after=None
[2024-01-28T23:45:00.191+0100] {processor.py:183} INFO - Processing /home/ubuntu/.local/lib/python3.10/site-packages/airflow/example_dags/example_sensor_decorator.py took 0.084 seconds
[2024-01-28T23:46:09.244+0100] {processor.py:161} INFO - Started process (PID=19715) to work on /home/ubuntu/.local/lib/python3.10/site-packages/airflow/example_dags/example_sensor_decorator.py
[2024-01-28T23:46:09.247+0100] {processor.py:830} INFO - Processing file /home/ubuntu/.local/lib/python3.10/site-packages/airflow/example_dags/example_sensor_decorator.py for tasks to queue
[2024-01-28T23:46:09.248+0100] {logging_mixin.py:188} INFO - [2024-01-28T23:46:09.247+0100] {dagbag.py:538} INFO - Filling up the DagBag from /home/ubuntu/.local/lib/python3.10/site-packages/airflow/example_dags/example_sensor_decorator.py
[2024-01-28T23:46:09.255+0100] {processor.py:840} INFO - DAG(s) 'example_sensor_decorator' retrieved from /home/ubuntu/.local/lib/python3.10/site-packages/airflow/example_dags/example_sensor_decorator.py
[2024-01-28T23:46:09.270+0100] {logging_mixin.py:188} INFO - [2024-01-28T23:46:09.270+0100] {dag.py:3033} INFO - Sync 1 DAGs
[2024-01-28T23:46:09.281+0100] {logging_mixin.py:188} INFO - [2024-01-28T23:46:09.281+0100] {dag.py:3820} INFO - Setting next_dagrun for example_sensor_decorator to None, run_after=None
[2024-01-28T23:46:09.322+0100] {processor.py:183} INFO - Processing /home/ubuntu/.local/lib/python3.10/site-packages/airflow/example_dags/example_sensor_decorator.py took 0.080 seconds
[2024-01-28T23:47:06.347+0100] {processor.py:161} INFO - Started process (PID=19786) to work on /home/ubuntu/.local/lib/python3.10/site-packages/airflow/example_dags/example_sensor_decorator.py
[2024-01-28T23:47:06.349+0100] {processor.py:830} INFO - Processing file /home/ubuntu/.local/lib/python3.10/site-packages/airflow/example_dags/example_sensor_decorator.py for tasks to queue
[2024-01-28T23:47:06.357+0100] {logging_mixin.py:188} INFO - [2024-01-28T23:47:06.357+0100] {dagbag.py:538} INFO - Filling up the DagBag from /home/ubuntu/.local/lib/python3.10/site-packages/airflow/example_dags/example_sensor_decorator.py
[2024-01-28T23:47:06.365+0100] {processor.py:840} INFO - DAG(s) 'example_sensor_decorator' retrieved from /home/ubuntu/.local/lib/python3.10/site-packages/airflow/example_dags/example_sensor_decorator.py
[2024-01-28T23:47:06.386+0100] {logging_mixin.py:188} INFO - [2024-01-28T23:47:06.386+0100] {dag.py:3033} INFO - Sync 1 DAGs
[2024-01-28T23:47:06.398+0100] {logging_mixin.py:188} INFO - [2024-01-28T23:47:06.398+0100] {dag.py:3820} INFO - Setting next_dagrun for example_sensor_decorator to None, run_after=None
[2024-01-28T23:47:06.428+0100] {processor.py:183} INFO - Processing /home/ubuntu/.local/lib/python3.10/site-packages/airflow/example_dags/example_sensor_decorator.py took 0.085 seconds
[2024-01-28T23:48:02.072+0100] {processor.py:161} INFO - Started process (PID=19851) to work on /home/ubuntu/.local/lib/python3.10/site-packages/airflow/example_dags/example_sensor_decorator.py
[2024-01-28T23:48:02.075+0100] {processor.py:830} INFO - Processing file /home/ubuntu/.local/lib/python3.10/site-packages/airflow/example_dags/example_sensor_decorator.py for tasks to queue
[2024-01-28T23:48:02.076+0100] {logging_mixin.py:188} INFO - [2024-01-28T23:48:02.075+0100] {dagbag.py:538} INFO - Filling up the DagBag from /home/ubuntu/.local/lib/python3.10/site-packages/airflow/example_dags/example_sensor_decorator.py
[2024-01-28T23:48:02.085+0100] {processor.py:840} INFO - DAG(s) 'example_sensor_decorator' retrieved from /home/ubuntu/.local/lib/python3.10/site-packages/airflow/example_dags/example_sensor_decorator.py
[2024-01-28T23:48:02.104+0100] {logging_mixin.py:188} INFO - [2024-01-28T23:48:02.104+0100] {dag.py:3033} INFO - Sync 1 DAGs
[2024-01-28T23:48:02.116+0100] {logging_mixin.py:188} INFO - [2024-01-28T23:48:02.116+0100] {dag.py:3820} INFO - Setting next_dagrun for example_sensor_decorator to None, run_after=None
[2024-01-28T23:48:02.147+0100] {processor.py:183} INFO - Processing /home/ubuntu/.local/lib/python3.10/site-packages/airflow/example_dags/example_sensor_decorator.py took 0.078 seconds
[2024-01-28T23:48:56.735+0100] {processor.py:161} INFO - Started process (PID=19914) to work on /home/ubuntu/.local/lib/python3.10/site-packages/airflow/example_dags/example_sensor_decorator.py
[2024-01-28T23:48:56.739+0100] {processor.py:830} INFO - Processing file /home/ubuntu/.local/lib/python3.10/site-packages/airflow/example_dags/example_sensor_decorator.py for tasks to queue
[2024-01-28T23:48:56.741+0100] {logging_mixin.py:188} INFO - [2024-01-28T23:48:56.740+0100] {dagbag.py:538} INFO - Filling up the DagBag from /home/ubuntu/.local/lib/python3.10/site-packages/airflow/example_dags/example_sensor_decorator.py
[2024-01-28T23:48:56.748+0100] {processor.py:840} INFO - DAG(s) 'example_sensor_decorator' retrieved from /home/ubuntu/.local/lib/python3.10/site-packages/airflow/example_dags/example_sensor_decorator.py
[2024-01-28T23:48:56.764+0100] {logging_mixin.py:188} INFO - [2024-01-28T23:48:56.764+0100] {dag.py:3033} INFO - Sync 1 DAGs
[2024-01-28T23:48:56.777+0100] {logging_mixin.py:188} INFO - [2024-01-28T23:48:56.777+0100] {dag.py:3820} INFO - Setting next_dagrun for example_sensor_decorator to None, run_after=None
[2024-01-28T23:48:56.806+0100] {processor.py:183} INFO - Processing /home/ubuntu/.local/lib/python3.10/site-packages/airflow/example_dags/example_sensor_decorator.py took 0.075 seconds
[2024-01-28T23:49:54.356+0100] {processor.py:161} INFO - Started process (PID=19980) to work on /home/ubuntu/.local/lib/python3.10/site-packages/airflow/example_dags/example_sensor_decorator.py
[2024-01-28T23:49:54.359+0100] {processor.py:830} INFO - Processing file /home/ubuntu/.local/lib/python3.10/site-packages/airflow/example_dags/example_sensor_decorator.py for tasks to queue
[2024-01-28T23:49:54.360+0100] {logging_mixin.py:188} INFO - [2024-01-28T23:49:54.360+0100] {dagbag.py:538} INFO - Filling up the DagBag from /home/ubuntu/.local/lib/python3.10/site-packages/airflow/example_dags/example_sensor_decorator.py
[2024-01-28T23:49:54.369+0100] {processor.py:840} INFO - DAG(s) 'example_sensor_decorator' retrieved from /home/ubuntu/.local/lib/python3.10/site-packages/airflow/example_dags/example_sensor_decorator.py
[2024-01-28T23:49:54.386+0100] {logging_mixin.py:188} INFO - [2024-01-28T23:49:54.386+0100] {dag.py:3033} INFO - Sync 1 DAGs
[2024-01-28T23:49:54.402+0100] {logging_mixin.py:188} INFO - [2024-01-28T23:49:54.402+0100] {dag.py:3820} INFO - Setting next_dagrun for example_sensor_decorator to None, run_after=None
[2024-01-28T23:49:54.431+0100] {processor.py:183} INFO - Processing /home/ubuntu/.local/lib/python3.10/site-packages/airflow/example_dags/example_sensor_decorator.py took 0.079 seconds
[2024-01-28T23:50:56.760+0100] {processor.py:161} INFO - Started process (PID=20055) to work on /home/ubuntu/.local/lib/python3.10/site-packages/airflow/example_dags/example_sensor_decorator.py
[2024-01-28T23:50:56.762+0100] {processor.py:830} INFO - Processing file /home/ubuntu/.local/lib/python3.10/site-packages/airflow/example_dags/example_sensor_decorator.py for tasks to queue
[2024-01-28T23:50:56.763+0100] {logging_mixin.py:188} INFO - [2024-01-28T23:50:56.762+0100] {dagbag.py:538} INFO - Filling up the DagBag from /home/ubuntu/.local/lib/python3.10/site-packages/airflow/example_dags/example_sensor_decorator.py
[2024-01-28T23:50:56.772+0100] {processor.py:840} INFO - DAG(s) 'example_sensor_decorator' retrieved from /home/ubuntu/.local/lib/python3.10/site-packages/airflow/example_dags/example_sensor_decorator.py
[2024-01-28T23:50:56.791+0100] {logging_mixin.py:188} INFO - [2024-01-28T23:50:56.791+0100] {dag.py:3033} INFO - Sync 1 DAGs
[2024-01-28T23:50:56.805+0100] {logging_mixin.py:188} INFO - [2024-01-28T23:50:56.804+0100] {dag.py:3820} INFO - Setting next_dagrun for example_sensor_decorator to None, run_after=None
[2024-01-28T23:50:56.842+0100] {processor.py:183} INFO - Processing /home/ubuntu/.local/lib/python3.10/site-packages/airflow/example_dags/example_sensor_decorator.py took 0.087 seconds
[2024-01-28T23:52:00.024+0100] {processor.py:161} INFO - Started process (PID=20127) to work on /home/ubuntu/.local/lib/python3.10/site-packages/airflow/example_dags/example_sensor_decorator.py
[2024-01-28T23:52:00.038+0100] {processor.py:830} INFO - Processing file /home/ubuntu/.local/lib/python3.10/site-packages/airflow/example_dags/example_sensor_decorator.py for tasks to queue
[2024-01-28T23:52:00.042+0100] {logging_mixin.py:188} INFO - [2024-01-28T23:52:00.041+0100] {dagbag.py:538} INFO - Filling up the DagBag from /home/ubuntu/.local/lib/python3.10/site-packages/airflow/example_dags/example_sensor_decorator.py
[2024-01-28T23:52:00.050+0100] {processor.py:840} INFO - DAG(s) 'example_sensor_decorator' retrieved from /home/ubuntu/.local/lib/python3.10/site-packages/airflow/example_dags/example_sensor_decorator.py
[2024-01-28T23:52:00.070+0100] {logging_mixin.py:188} INFO - [2024-01-28T23:52:00.069+0100] {dag.py:3033} INFO - Sync 1 DAGs
[2024-01-28T23:52:00.084+0100] {logging_mixin.py:188} INFO - [2024-01-28T23:52:00.083+0100] {dag.py:3820} INFO - Setting next_dagrun for example_sensor_decorator to None, run_after=None
[2024-01-28T23:52:00.121+0100] {processor.py:183} INFO - Processing /home/ubuntu/.local/lib/python3.10/site-packages/airflow/example_dags/example_sensor_decorator.py took 0.100 seconds
[2024-01-28T23:53:02.100+0100] {processor.py:161} INFO - Started process (PID=20205) to work on /home/ubuntu/.local/lib/python3.10/site-packages/airflow/example_dags/example_sensor_decorator.py
[2024-01-28T23:53:02.102+0100] {processor.py:830} INFO - Processing file /home/ubuntu/.local/lib/python3.10/site-packages/airflow/example_dags/example_sensor_decorator.py for tasks to queue
[2024-01-28T23:53:02.103+0100] {logging_mixin.py:188} INFO - [2024-01-28T23:53:02.103+0100] {dagbag.py:538} INFO - Filling up the DagBag from /home/ubuntu/.local/lib/python3.10/site-packages/airflow/example_dags/example_sensor_decorator.py
[2024-01-28T23:53:02.111+0100] {processor.py:840} INFO - DAG(s) 'example_sensor_decorator' retrieved from /home/ubuntu/.local/lib/python3.10/site-packages/airflow/example_dags/example_sensor_decorator.py
[2024-01-28T23:53:02.127+0100] {logging_mixin.py:188} INFO - [2024-01-28T23:53:02.127+0100] {dag.py:3033} INFO - Sync 1 DAGs
[2024-01-28T23:53:02.140+0100] {logging_mixin.py:188} INFO - [2024-01-28T23:53:02.139+0100] {dag.py:3820} INFO - Setting next_dagrun for example_sensor_decorator to None, run_after=None
[2024-01-28T23:53:02.171+0100] {processor.py:183} INFO - Processing /home/ubuntu/.local/lib/python3.10/site-packages/airflow/example_dags/example_sensor_decorator.py took 0.075 seconds
[2024-01-28T23:54:04.925+0100] {processor.py:161} INFO - Started process (PID=20275) to work on /home/ubuntu/.local/lib/python3.10/site-packages/airflow/example_dags/example_sensor_decorator.py
[2024-01-28T23:54:04.930+0100] {processor.py:830} INFO - Processing file /home/ubuntu/.local/lib/python3.10/site-packages/airflow/example_dags/example_sensor_decorator.py for tasks to queue
[2024-01-28T23:54:04.933+0100] {logging_mixin.py:188} INFO - [2024-01-28T23:54:04.932+0100] {dagbag.py:538} INFO - Filling up the DagBag from /home/ubuntu/.local/lib/python3.10/site-packages/airflow/example_dags/example_sensor_decorator.py
[2024-01-28T23:54:04.963+0100] {processor.py:840} INFO - DAG(s) 'example_sensor_decorator' retrieved from /home/ubuntu/.local/lib/python3.10/site-packages/airflow/example_dags/example_sensor_decorator.py
[2024-01-28T23:54:04.988+0100] {logging_mixin.py:188} INFO - [2024-01-28T23:54:04.988+0100] {dag.py:3033} INFO - Sync 1 DAGs
[2024-01-28T23:54:05.003+0100] {logging_mixin.py:188} INFO - [2024-01-28T23:54:05.003+0100] {dag.py:3820} INFO - Setting next_dagrun for example_sensor_decorator to None, run_after=None
[2024-01-28T23:54:05.034+0100] {processor.py:183} INFO - Processing /home/ubuntu/.local/lib/python3.10/site-packages/airflow/example_dags/example_sensor_decorator.py took 0.114 seconds
[2024-01-28T23:55:06.772+0100] {processor.py:161} INFO - Started process (PID=20358) to work on /home/ubuntu/.local/lib/python3.10/site-packages/airflow/example_dags/example_sensor_decorator.py
[2024-01-28T23:55:06.774+0100] {processor.py:830} INFO - Processing file /home/ubuntu/.local/lib/python3.10/site-packages/airflow/example_dags/example_sensor_decorator.py for tasks to queue
[2024-01-28T23:55:06.775+0100] {logging_mixin.py:188} INFO - [2024-01-28T23:55:06.775+0100] {dagbag.py:538} INFO - Filling up the DagBag from /home/ubuntu/.local/lib/python3.10/site-packages/airflow/example_dags/example_sensor_decorator.py
[2024-01-28T23:55:06.784+0100] {processor.py:840} INFO - DAG(s) 'example_sensor_decorator' retrieved from /home/ubuntu/.local/lib/python3.10/site-packages/airflow/example_dags/example_sensor_decorator.py
[2024-01-28T23:55:06.805+0100] {logging_mixin.py:188} INFO - [2024-01-28T23:55:06.805+0100] {dag.py:3033} INFO - Sync 1 DAGs
[2024-01-28T23:55:06.821+0100] {logging_mixin.py:188} INFO - [2024-01-28T23:55:06.820+0100] {dag.py:3820} INFO - Setting next_dagrun for example_sensor_decorator to None, run_after=None
[2024-01-28T23:55:06.854+0100] {processor.py:183} INFO - Processing /home/ubuntu/.local/lib/python3.10/site-packages/airflow/example_dags/example_sensor_decorator.py took 0.086 seconds
[2024-01-28T23:56:07.157+0100] {processor.py:161} INFO - Started process (PID=20434) to work on /home/ubuntu/.local/lib/python3.10/site-packages/airflow/example_dags/example_sensor_decorator.py
[2024-01-28T23:56:07.159+0100] {processor.py:830} INFO - Processing file /home/ubuntu/.local/lib/python3.10/site-packages/airflow/example_dags/example_sensor_decorator.py for tasks to queue
[2024-01-28T23:56:07.161+0100] {logging_mixin.py:188} INFO - [2024-01-28T23:56:07.160+0100] {dagbag.py:538} INFO - Filling up the DagBag from /home/ubuntu/.local/lib/python3.10/site-packages/airflow/example_dags/example_sensor_decorator.py
[2024-01-28T23:56:07.169+0100] {processor.py:840} INFO - DAG(s) 'example_sensor_decorator' retrieved from /home/ubuntu/.local/lib/python3.10/site-packages/airflow/example_dags/example_sensor_decorator.py
[2024-01-28T23:56:07.185+0100] {logging_mixin.py:188} INFO - [2024-01-28T23:56:07.185+0100] {dag.py:3033} INFO - Sync 1 DAGs
[2024-01-28T23:56:07.199+0100] {logging_mixin.py:188} INFO - [2024-01-28T23:56:07.198+0100] {dag.py:3820} INFO - Setting next_dagrun for example_sensor_decorator to None, run_after=None
[2024-01-28T23:56:07.227+0100] {processor.py:183} INFO - Processing /home/ubuntu/.local/lib/python3.10/site-packages/airflow/example_dags/example_sensor_decorator.py took 0.073 seconds
[2024-01-28T23:57:05.882+0100] {processor.py:161} INFO - Started process (PID=20504) to work on /home/ubuntu/.local/lib/python3.10/site-packages/airflow/example_dags/example_sensor_decorator.py
[2024-01-28T23:57:05.885+0100] {processor.py:830} INFO - Processing file /home/ubuntu/.local/lib/python3.10/site-packages/airflow/example_dags/example_sensor_decorator.py for tasks to queue
[2024-01-28T23:57:05.888+0100] {logging_mixin.py:188} INFO - [2024-01-28T23:57:05.887+0100] {dagbag.py:538} INFO - Filling up the DagBag from /home/ubuntu/.local/lib/python3.10/site-packages/airflow/example_dags/example_sensor_decorator.py
[2024-01-28T23:57:05.895+0100] {processor.py:840} INFO - DAG(s) 'example_sensor_decorator' retrieved from /home/ubuntu/.local/lib/python3.10/site-packages/airflow/example_dags/example_sensor_decorator.py
[2024-01-28T23:57:05.912+0100] {logging_mixin.py:188} INFO - [2024-01-28T23:57:05.911+0100] {dag.py:3033} INFO - Sync 1 DAGs
[2024-01-28T23:57:05.925+0100] {logging_mixin.py:188} INFO - [2024-01-28T23:57:05.925+0100] {dag.py:3820} INFO - Setting next_dagrun for example_sensor_decorator to None, run_after=None
[2024-01-28T23:57:05.953+0100] {processor.py:183} INFO - Processing /home/ubuntu/.local/lib/python3.10/site-packages/airflow/example_dags/example_sensor_decorator.py took 0.078 seconds
[2024-01-28T23:58:08.115+0100] {processor.py:161} INFO - Started process (PID=20573) to work on /home/ubuntu/.local/lib/python3.10/site-packages/airflow/example_dags/example_sensor_decorator.py
[2024-01-28T23:58:08.118+0100] {processor.py:830} INFO - Processing file /home/ubuntu/.local/lib/python3.10/site-packages/airflow/example_dags/example_sensor_decorator.py for tasks to queue
[2024-01-28T23:58:08.120+0100] {logging_mixin.py:188} INFO - [2024-01-28T23:58:08.119+0100] {dagbag.py:538} INFO - Filling up the DagBag from /home/ubuntu/.local/lib/python3.10/site-packages/airflow/example_dags/example_sensor_decorator.py
[2024-01-28T23:58:08.126+0100] {processor.py:840} INFO - DAG(s) 'example_sensor_decorator' retrieved from /home/ubuntu/.local/lib/python3.10/site-packages/airflow/example_dags/example_sensor_decorator.py
[2024-01-28T23:58:08.140+0100] {logging_mixin.py:188} INFO - [2024-01-28T23:58:08.140+0100] {dag.py:3033} INFO - Sync 1 DAGs
[2024-01-28T23:58:08.153+0100] {logging_mixin.py:188} INFO - [2024-01-28T23:58:08.153+0100] {dag.py:3820} INFO - Setting next_dagrun for example_sensor_decorator to None, run_after=None
[2024-01-28T23:58:08.181+0100] {processor.py:183} INFO - Processing /home/ubuntu/.local/lib/python3.10/site-packages/airflow/example_dags/example_sensor_decorator.py took 0.069 seconds
[2024-01-28T23:59:06.775+0100] {processor.py:161} INFO - Started process (PID=20646) to work on /home/ubuntu/.local/lib/python3.10/site-packages/airflow/example_dags/example_sensor_decorator.py
[2024-01-28T23:59:06.778+0100] {processor.py:830} INFO - Processing file /home/ubuntu/.local/lib/python3.10/site-packages/airflow/example_dags/example_sensor_decorator.py for tasks to queue
[2024-01-28T23:59:06.779+0100] {logging_mixin.py:188} INFO - [2024-01-28T23:59:06.779+0100] {dagbag.py:538} INFO - Filling up the DagBag from /home/ubuntu/.local/lib/python3.10/site-packages/airflow/example_dags/example_sensor_decorator.py
[2024-01-28T23:59:06.788+0100] {processor.py:840} INFO - DAG(s) 'example_sensor_decorator' retrieved from /home/ubuntu/.local/lib/python3.10/site-packages/airflow/example_dags/example_sensor_decorator.py
[2024-01-28T23:59:06.805+0100] {logging_mixin.py:188} INFO - [2024-01-28T23:59:06.804+0100] {dag.py:3033} INFO - Sync 1 DAGs
[2024-01-28T23:59:06.817+0100] {logging_mixin.py:188} INFO - [2024-01-28T23:59:06.817+0100] {dag.py:3820} INFO - Setting next_dagrun for example_sensor_decorator to None, run_after=None
[2024-01-28T23:59:06.849+0100] {processor.py:183} INFO - Processing /home/ubuntu/.local/lib/python3.10/site-packages/airflow/example_dags/example_sensor_decorator.py took 0.077 seconds
[2024-01-29T00:00:14.860+0100] {processor.py:161} INFO - Started process (PID=20725) to work on /home/ubuntu/.local/lib/python3.10/site-packages/airflow/example_dags/example_sensor_decorator.py
[2024-01-29T00:00:14.862+0100] {processor.py:830} INFO - Processing file /home/ubuntu/.local/lib/python3.10/site-packages/airflow/example_dags/example_sensor_decorator.py for tasks to queue
[2024-01-29T00:00:14.863+0100] {logging_mixin.py:188} INFO - [2024-01-29T00:00:14.863+0100] {dagbag.py:538} INFO - Filling up the DagBag from /home/ubuntu/.local/lib/python3.10/site-packages/airflow/example_dags/example_sensor_decorator.py
[2024-01-29T00:00:14.881+0100] {processor.py:840} INFO - DAG(s) 'example_sensor_decorator' retrieved from /home/ubuntu/.local/lib/python3.10/site-packages/airflow/example_dags/example_sensor_decorator.py
[2024-01-29T00:00:14.897+0100] {logging_mixin.py:188} INFO - [2024-01-29T00:00:14.897+0100] {dag.py:3033} INFO - Sync 1 DAGs
[2024-01-29T00:00:14.909+0100] {logging_mixin.py:188} INFO - [2024-01-29T00:00:14.909+0100] {dag.py:3820} INFO - Setting next_dagrun for example_sensor_decorator to None, run_after=None
[2024-01-29T00:00:14.936+0100] {processor.py:183} INFO - Processing /home/ubuntu/.local/lib/python3.10/site-packages/airflow/example_dags/example_sensor_decorator.py took 0.079 seconds
[2024-01-29T00:01:13.140+0100] {processor.py:161} INFO - Started process (PID=20892) to work on /home/ubuntu/.local/lib/python3.10/site-packages/airflow/example_dags/example_sensor_decorator.py
[2024-01-29T00:01:13.142+0100] {processor.py:830} INFO - Processing file /home/ubuntu/.local/lib/python3.10/site-packages/airflow/example_dags/example_sensor_decorator.py for tasks to queue
[2024-01-29T00:01:13.144+0100] {logging_mixin.py:188} INFO - [2024-01-29T00:01:13.143+0100] {dagbag.py:538} INFO - Filling up the DagBag from /home/ubuntu/.local/lib/python3.10/site-packages/airflow/example_dags/example_sensor_decorator.py
[2024-01-29T00:01:13.151+0100] {processor.py:840} INFO - DAG(s) 'example_sensor_decorator' retrieved from /home/ubuntu/.local/lib/python3.10/site-packages/airflow/example_dags/example_sensor_decorator.py
[2024-01-29T00:01:13.175+0100] {logging_mixin.py:188} INFO - [2024-01-29T00:01:13.175+0100] {dag.py:3033} INFO - Sync 1 DAGs
[2024-01-29T00:01:13.188+0100] {logging_mixin.py:188} INFO - [2024-01-29T00:01:13.188+0100] {dag.py:3820} INFO - Setting next_dagrun for example_sensor_decorator to None, run_after=None
[2024-01-29T00:01:13.217+0100] {processor.py:183} INFO - Processing /home/ubuntu/.local/lib/python3.10/site-packages/airflow/example_dags/example_sensor_decorator.py took 0.081 seconds
[2024-01-29T00:02:10.193+0100] {processor.py:161} INFO - Started process (PID=20966) to work on /home/ubuntu/.local/lib/python3.10/site-packages/airflow/example_dags/example_sensor_decorator.py
[2024-01-29T00:02:10.196+0100] {processor.py:830} INFO - Processing file /home/ubuntu/.local/lib/python3.10/site-packages/airflow/example_dags/example_sensor_decorator.py for tasks to queue
[2024-01-29T00:02:10.197+0100] {logging_mixin.py:188} INFO - [2024-01-29T00:02:10.197+0100] {dagbag.py:538} INFO - Filling up the DagBag from /home/ubuntu/.local/lib/python3.10/site-packages/airflow/example_dags/example_sensor_decorator.py
[2024-01-29T00:02:10.205+0100] {processor.py:840} INFO - DAG(s) 'example_sensor_decorator' retrieved from /home/ubuntu/.local/lib/python3.10/site-packages/airflow/example_dags/example_sensor_decorator.py
[2024-01-29T00:02:10.224+0100] {logging_mixin.py:188} INFO - [2024-01-29T00:02:10.224+0100] {dag.py:3033} INFO - Sync 1 DAGs
[2024-01-29T00:02:10.237+0100] {logging_mixin.py:188} INFO - [2024-01-29T00:02:10.237+0100] {dag.py:3820} INFO - Setting next_dagrun for example_sensor_decorator to None, run_after=None
[2024-01-29T00:02:10.266+0100] {processor.py:183} INFO - Processing /home/ubuntu/.local/lib/python3.10/site-packages/airflow/example_dags/example_sensor_decorator.py took 0.077 seconds
