[2024-02-02T08:38:25.688+0100] {processor.py:161} INFO - Started process (PID=23843) to work on /home/ubuntu/.local/lib/python3.10/site-packages/airflow/example_dags/example_short_circuit_decorator.py
[2024-02-02T08:38:25.690+0100] {processor.py:830} INFO - Processing file /home/ubuntu/.local/lib/python3.10/site-packages/airflow/example_dags/example_short_circuit_decorator.py for tasks to queue
[2024-02-02T08:38:25.693+0100] {logging_mixin.py:188} INFO - [2024-02-02T08:38:25.692+0100] {dagbag.py:538} INFO - Filling up the DagBag from /home/ubuntu/.local/lib/python3.10/site-packages/airflow/example_dags/example_short_circuit_decorator.py
[2024-02-02T08:38:25.711+0100] {processor.py:840} INFO - DAG(s) 'example_short_circuit_decorator' retrieved from /home/ubuntu/.local/lib/python3.10/site-packages/airflow/example_dags/example_short_circuit_decorator.py
[2024-02-02T08:38:25.742+0100] {logging_mixin.py:188} INFO - [2024-02-02T08:38:25.742+0100] {dag.py:3033} INFO - Sync 1 DAGs
[2024-02-02T08:38:25.770+0100] {logging_mixin.py:188} INFO - [2024-02-02T08:38:25.769+0100] {dag.py:3820} INFO - Setting next_dagrun for example_short_circuit_decorator to 2024-02-01T00:00:00+00:00, run_after=2024-02-02T00:00:00+00:00
[2024-02-02T08:38:25.804+0100] {processor.py:183} INFO - Processing /home/ubuntu/.local/lib/python3.10/site-packages/airflow/example_dags/example_short_circuit_decorator.py took 0.126 seconds
[2024-02-02T08:39:17.275+0100] {processor.py:161} INFO - Started process (PID=23904) to work on /home/ubuntu/.local/lib/python3.10/site-packages/airflow/example_dags/example_short_circuit_decorator.py
[2024-02-02T08:39:17.278+0100] {processor.py:830} INFO - Processing file /home/ubuntu/.local/lib/python3.10/site-packages/airflow/example_dags/example_short_circuit_decorator.py for tasks to queue
[2024-02-02T08:39:17.279+0100] {logging_mixin.py:188} INFO - [2024-02-02T08:39:17.278+0100] {dagbag.py:538} INFO - Filling up the DagBag from /home/ubuntu/.local/lib/python3.10/site-packages/airflow/example_dags/example_short_circuit_decorator.py
[2024-02-02T08:39:17.290+0100] {processor.py:840} INFO - DAG(s) 'example_short_circuit_decorator' retrieved from /home/ubuntu/.local/lib/python3.10/site-packages/airflow/example_dags/example_short_circuit_decorator.py
[2024-02-02T08:39:17.312+0100] {logging_mixin.py:188} INFO - [2024-02-02T08:39:17.312+0100] {dag.py:3033} INFO - Sync 1 DAGs
[2024-02-02T08:39:17.332+0100] {logging_mixin.py:188} INFO - [2024-02-02T08:39:17.332+0100] {dag.py:3820} INFO - Setting next_dagrun for example_short_circuit_decorator to 2024-02-01T00:00:00+00:00, run_after=2024-02-02T00:00:00+00:00
[2024-02-02T08:39:17.395+0100] {processor.py:183} INFO - Processing /home/ubuntu/.local/lib/python3.10/site-packages/airflow/example_dags/example_short_circuit_decorator.py took 0.126 seconds
[2024-02-02T12:41:52.877+0100] {processor.py:161} INFO - Started process (PID=4606) to work on /home/ubuntu/.local/lib/python3.10/site-packages/airflow/example_dags/example_short_circuit_decorator.py
[2024-02-02T12:41:52.879+0100] {processor.py:830} INFO - Processing file /home/ubuntu/.local/lib/python3.10/site-packages/airflow/example_dags/example_short_circuit_decorator.py for tasks to queue
[2024-02-02T12:41:52.879+0100] {logging_mixin.py:188} INFO - [2024-02-02T12:41:52.879+0100] {dagbag.py:538} INFO - Filling up the DagBag from /home/ubuntu/.local/lib/python3.10/site-packages/airflow/example_dags/example_short_circuit_decorator.py
[2024-02-02T12:41:52.894+0100] {processor.py:840} INFO - DAG(s) 'example_short_circuit_decorator' retrieved from /home/ubuntu/.local/lib/python3.10/site-packages/airflow/example_dags/example_short_circuit_decorator.py
[2024-02-02T12:41:53.056+0100] {logging_mixin.py:188} INFO - [2024-02-02T12:41:53.056+0100] {dag.py:3033} INFO - Sync 1 DAGs
[2024-02-02T12:41:53.076+0100] {logging_mixin.py:188} INFO - [2024-02-02T12:41:53.076+0100] {dag.py:3820} INFO - Setting next_dagrun for example_short_circuit_decorator to 2024-02-01T00:00:00+00:00, run_after=2024-02-02T00:00:00+00:00
[2024-02-02T12:41:53.104+0100] {processor.py:183} INFO - Processing /home/ubuntu/.local/lib/python3.10/site-packages/airflow/example_dags/example_short_circuit_decorator.py took 0.232 seconds
[2024-02-02T12:43:03.757+0100] {processor.py:161} INFO - Started process (PID=4713) to work on /home/ubuntu/.local/lib/python3.10/site-packages/airflow/example_dags/example_short_circuit_decorator.py
[2024-02-02T12:43:03.788+0100] {processor.py:830} INFO - Processing file /home/ubuntu/.local/lib/python3.10/site-packages/airflow/example_dags/example_short_circuit_decorator.py for tasks to queue
[2024-02-02T12:43:03.789+0100] {logging_mixin.py:188} INFO - [2024-02-02T12:43:03.789+0100] {dagbag.py:538} INFO - Filling up the DagBag from /home/ubuntu/.local/lib/python3.10/site-packages/airflow/example_dags/example_short_circuit_decorator.py
[2024-02-02T12:43:03.812+0100] {processor.py:840} INFO - DAG(s) 'example_short_circuit_decorator' retrieved from /home/ubuntu/.local/lib/python3.10/site-packages/airflow/example_dags/example_short_circuit_decorator.py
[2024-02-02T12:43:03.856+0100] {logging_mixin.py:188} INFO - [2024-02-02T12:43:03.855+0100] {dag.py:3033} INFO - Sync 1 DAGs
[2024-02-02T12:43:03.914+0100] {logging_mixin.py:188} INFO - [2024-02-02T12:43:03.913+0100] {dag.py:3820} INFO - Setting next_dagrun for example_short_circuit_decorator to 2024-02-01T00:00:00+00:00, run_after=2024-02-02T00:00:00+00:00
[2024-02-02T12:43:04.061+0100] {processor.py:183} INFO - Processing /home/ubuntu/.local/lib/python3.10/site-packages/airflow/example_dags/example_short_circuit_decorator.py took 0.313 seconds
[2024-02-02T12:44:21.847+0100] {processor.py:161} INFO - Started process (PID=4782) to work on /home/ubuntu/.local/lib/python3.10/site-packages/airflow/example_dags/example_short_circuit_decorator.py
[2024-02-02T12:44:21.850+0100] {processor.py:830} INFO - Processing file /home/ubuntu/.local/lib/python3.10/site-packages/airflow/example_dags/example_short_circuit_decorator.py for tasks to queue
[2024-02-02T12:44:21.852+0100] {logging_mixin.py:188} INFO - [2024-02-02T12:44:21.851+0100] {dagbag.py:538} INFO - Filling up the DagBag from /home/ubuntu/.local/lib/python3.10/site-packages/airflow/example_dags/example_short_circuit_decorator.py
[2024-02-02T12:44:21.886+0100] {processor.py:840} INFO - DAG(s) 'example_short_circuit_decorator' retrieved from /home/ubuntu/.local/lib/python3.10/site-packages/airflow/example_dags/example_short_circuit_decorator.py
[2024-02-02T12:44:21.928+0100] {logging_mixin.py:188} INFO - [2024-02-02T12:44:21.927+0100] {dag.py:3033} INFO - Sync 1 DAGs
[2024-02-02T12:44:21.986+0100] {logging_mixin.py:188} INFO - [2024-02-02T12:44:21.986+0100] {dag.py:3820} INFO - Setting next_dagrun for example_short_circuit_decorator to 2024-02-01T00:00:00+00:00, run_after=2024-02-02T00:00:00+00:00
[2024-02-02T12:44:22.102+0100] {processor.py:183} INFO - Processing /home/ubuntu/.local/lib/python3.10/site-packages/airflow/example_dags/example_short_circuit_decorator.py took 0.261 seconds
[2024-02-02T12:45:38.030+0100] {processor.py:161} INFO - Started process (PID=4888) to work on /home/ubuntu/.local/lib/python3.10/site-packages/airflow/example_dags/example_short_circuit_decorator.py
[2024-02-02T12:45:38.035+0100] {processor.py:830} INFO - Processing file /home/ubuntu/.local/lib/python3.10/site-packages/airflow/example_dags/example_short_circuit_decorator.py for tasks to queue
[2024-02-02T12:45:38.037+0100] {logging_mixin.py:188} INFO - [2024-02-02T12:45:38.037+0100] {dagbag.py:538} INFO - Filling up the DagBag from /home/ubuntu/.local/lib/python3.10/site-packages/airflow/example_dags/example_short_circuit_decorator.py
[2024-02-02T12:45:38.058+0100] {processor.py:840} INFO - DAG(s) 'example_short_circuit_decorator' retrieved from /home/ubuntu/.local/lib/python3.10/site-packages/airflow/example_dags/example_short_circuit_decorator.py
[2024-02-02T12:45:38.113+0100] {logging_mixin.py:188} INFO - [2024-02-02T12:45:38.113+0100] {dag.py:3033} INFO - Sync 1 DAGs
[2024-02-02T12:45:38.161+0100] {logging_mixin.py:188} INFO - [2024-02-02T12:45:38.161+0100] {dag.py:3820} INFO - Setting next_dagrun for example_short_circuit_decorator to 2024-02-01T00:00:00+00:00, run_after=2024-02-02T00:00:00+00:00
[2024-02-02T12:45:38.332+0100] {processor.py:183} INFO - Processing /home/ubuntu/.local/lib/python3.10/site-packages/airflow/example_dags/example_short_circuit_decorator.py took 0.316 seconds
[2024-02-02T12:46:54.514+0100] {processor.py:161} INFO - Started process (PID=4957) to work on /home/ubuntu/.local/lib/python3.10/site-packages/airflow/example_dags/example_short_circuit_decorator.py
[2024-02-02T12:46:54.517+0100] {processor.py:830} INFO - Processing file /home/ubuntu/.local/lib/python3.10/site-packages/airflow/example_dags/example_short_circuit_decorator.py for tasks to queue
[2024-02-02T12:46:54.519+0100] {logging_mixin.py:188} INFO - [2024-02-02T12:46:54.518+0100] {dagbag.py:538} INFO - Filling up the DagBag from /home/ubuntu/.local/lib/python3.10/site-packages/airflow/example_dags/example_short_circuit_decorator.py
[2024-02-02T12:46:54.555+0100] {processor.py:840} INFO - DAG(s) 'example_short_circuit_decorator' retrieved from /home/ubuntu/.local/lib/python3.10/site-packages/airflow/example_dags/example_short_circuit_decorator.py
[2024-02-02T12:46:54.627+0100] {logging_mixin.py:188} INFO - [2024-02-02T12:46:54.627+0100] {dag.py:3033} INFO - Sync 1 DAGs
[2024-02-02T12:46:54.731+0100] {logging_mixin.py:188} INFO - [2024-02-02T12:46:54.731+0100] {dag.py:3820} INFO - Setting next_dagrun for example_short_circuit_decorator to 2024-02-01T00:00:00+00:00, run_after=2024-02-02T00:00:00+00:00
[2024-02-02T12:46:54.803+0100] {processor.py:183} INFO - Processing /home/ubuntu/.local/lib/python3.10/site-packages/airflow/example_dags/example_short_circuit_decorator.py took 0.300 seconds
[2024-02-02T12:48:24.285+0100] {processor.py:161} INFO - Started process (PID=5037) to work on /home/ubuntu/.local/lib/python3.10/site-packages/airflow/example_dags/example_short_circuit_decorator.py
[2024-02-02T12:48:24.309+0100] {processor.py:830} INFO - Processing file /home/ubuntu/.local/lib/python3.10/site-packages/airflow/example_dags/example_short_circuit_decorator.py for tasks to queue
[2024-02-02T12:48:24.311+0100] {logging_mixin.py:188} INFO - [2024-02-02T12:48:24.310+0100] {dagbag.py:538} INFO - Filling up the DagBag from /home/ubuntu/.local/lib/python3.10/site-packages/airflow/example_dags/example_short_circuit_decorator.py
[2024-02-02T12:48:24.360+0100] {processor.py:840} INFO - DAG(s) 'example_short_circuit_decorator' retrieved from /home/ubuntu/.local/lib/python3.10/site-packages/airflow/example_dags/example_short_circuit_decorator.py
[2024-02-02T12:48:24.424+0100] {logging_mixin.py:188} INFO - [2024-02-02T12:48:24.423+0100] {dag.py:3033} INFO - Sync 1 DAGs
[2024-02-02T12:48:24.470+0100] {logging_mixin.py:188} INFO - [2024-02-02T12:48:24.469+0100] {dag.py:3820} INFO - Setting next_dagrun for example_short_circuit_decorator to 2024-02-01T00:00:00+00:00, run_after=2024-02-02T00:00:00+00:00
[2024-02-02T12:48:24.522+0100] {processor.py:183} INFO - Processing /home/ubuntu/.local/lib/python3.10/site-packages/airflow/example_dags/example_short_circuit_decorator.py took 0.248 seconds
[2024-02-02T12:49:51.080+0100] {processor.py:161} INFO - Started process (PID=5110) to work on /home/ubuntu/.local/lib/python3.10/site-packages/airflow/example_dags/example_short_circuit_decorator.py
[2024-02-02T12:49:51.088+0100] {processor.py:830} INFO - Processing file /home/ubuntu/.local/lib/python3.10/site-packages/airflow/example_dags/example_short_circuit_decorator.py for tasks to queue
[2024-02-02T12:49:51.095+0100] {logging_mixin.py:188} INFO - [2024-02-02T12:49:51.094+0100] {dagbag.py:538} INFO - Filling up the DagBag from /home/ubuntu/.local/lib/python3.10/site-packages/airflow/example_dags/example_short_circuit_decorator.py
[2024-02-02T12:49:51.149+0100] {processor.py:840} INFO - DAG(s) 'example_short_circuit_decorator' retrieved from /home/ubuntu/.local/lib/python3.10/site-packages/airflow/example_dags/example_short_circuit_decorator.py
[2024-02-02T12:49:51.185+0100] {logging_mixin.py:188} INFO - [2024-02-02T12:49:51.185+0100] {dag.py:3033} INFO - Sync 1 DAGs
[2024-02-02T12:49:51.232+0100] {logging_mixin.py:188} INFO - [2024-02-02T12:49:51.231+0100] {dag.py:3820} INFO - Setting next_dagrun for example_short_circuit_decorator to 2024-02-01T00:00:00+00:00, run_after=2024-02-02T00:00:00+00:00
[2024-02-02T12:49:51.366+0100] {processor.py:183} INFO - Processing /home/ubuntu/.local/lib/python3.10/site-packages/airflow/example_dags/example_short_circuit_decorator.py took 0.300 seconds
[2024-02-02T12:51:09.766+0100] {processor.py:161} INFO - Started process (PID=5176) to work on /home/ubuntu/.local/lib/python3.10/site-packages/airflow/example_dags/example_short_circuit_decorator.py
[2024-02-02T12:51:09.770+0100] {processor.py:830} INFO - Processing file /home/ubuntu/.local/lib/python3.10/site-packages/airflow/example_dags/example_short_circuit_decorator.py for tasks to queue
[2024-02-02T12:51:09.771+0100] {logging_mixin.py:188} INFO - [2024-02-02T12:51:09.771+0100] {dagbag.py:538} INFO - Filling up the DagBag from /home/ubuntu/.local/lib/python3.10/site-packages/airflow/example_dags/example_short_circuit_decorator.py
[2024-02-02T12:51:09.788+0100] {processor.py:840} INFO - DAG(s) 'example_short_circuit_decorator' retrieved from /home/ubuntu/.local/lib/python3.10/site-packages/airflow/example_dags/example_short_circuit_decorator.py
[2024-02-02T12:51:09.837+0100] {logging_mixin.py:188} INFO - [2024-02-02T12:51:09.836+0100] {dag.py:3033} INFO - Sync 1 DAGs
[2024-02-02T12:51:09.887+0100] {logging_mixin.py:188} INFO - [2024-02-02T12:51:09.886+0100] {dag.py:3820} INFO - Setting next_dagrun for example_short_circuit_decorator to 2024-02-01T00:00:00+00:00, run_after=2024-02-02T00:00:00+00:00
[2024-02-02T12:51:10.055+0100] {processor.py:183} INFO - Processing /home/ubuntu/.local/lib/python3.10/site-packages/airflow/example_dags/example_short_circuit_decorator.py took 0.297 seconds
[2024-02-02T12:52:24.290+0100] {processor.py:161} INFO - Started process (PID=5241) to work on /home/ubuntu/.local/lib/python3.10/site-packages/airflow/example_dags/example_short_circuit_decorator.py
[2024-02-02T12:52:24.293+0100] {processor.py:830} INFO - Processing file /home/ubuntu/.local/lib/python3.10/site-packages/airflow/example_dags/example_short_circuit_decorator.py for tasks to queue
[2024-02-02T12:52:24.296+0100] {logging_mixin.py:188} INFO - [2024-02-02T12:52:24.294+0100] {dagbag.py:538} INFO - Filling up the DagBag from /home/ubuntu/.local/lib/python3.10/site-packages/airflow/example_dags/example_short_circuit_decorator.py
[2024-02-02T12:52:24.329+0100] {processor.py:840} INFO - DAG(s) 'example_short_circuit_decorator' retrieved from /home/ubuntu/.local/lib/python3.10/site-packages/airflow/example_dags/example_short_circuit_decorator.py
[2024-02-02T12:52:24.366+0100] {logging_mixin.py:188} INFO - [2024-02-02T12:52:24.365+0100] {dag.py:3033} INFO - Sync 1 DAGs
[2024-02-02T12:52:24.421+0100] {logging_mixin.py:188} INFO - [2024-02-02T12:52:24.420+0100] {dag.py:3820} INFO - Setting next_dagrun for example_short_circuit_decorator to 2024-02-01T00:00:00+00:00, run_after=2024-02-02T00:00:00+00:00
[2024-02-02T12:52:24.502+0100] {processor.py:183} INFO - Processing /home/ubuntu/.local/lib/python3.10/site-packages/airflow/example_dags/example_short_circuit_decorator.py took 0.218 seconds
[2024-02-02T12:53:37.822+0100] {processor.py:161} INFO - Started process (PID=5308) to work on /home/ubuntu/.local/lib/python3.10/site-packages/airflow/example_dags/example_short_circuit_decorator.py
[2024-02-02T12:53:37.825+0100] {processor.py:830} INFO - Processing file /home/ubuntu/.local/lib/python3.10/site-packages/airflow/example_dags/example_short_circuit_decorator.py for tasks to queue
[2024-02-02T12:53:37.826+0100] {logging_mixin.py:188} INFO - [2024-02-02T12:53:37.826+0100] {dagbag.py:538} INFO - Filling up the DagBag from /home/ubuntu/.local/lib/python3.10/site-packages/airflow/example_dags/example_short_circuit_decorator.py
[2024-02-02T12:53:37.865+0100] {processor.py:840} INFO - DAG(s) 'example_short_circuit_decorator' retrieved from /home/ubuntu/.local/lib/python3.10/site-packages/airflow/example_dags/example_short_circuit_decorator.py
[2024-02-02T12:53:37.945+0100] {logging_mixin.py:188} INFO - [2024-02-02T12:53:37.944+0100] {dag.py:3033} INFO - Sync 1 DAGs
[2024-02-02T12:53:38.043+0100] {logging_mixin.py:188} INFO - [2024-02-02T12:53:38.043+0100] {dag.py:3820} INFO - Setting next_dagrun for example_short_circuit_decorator to 2024-02-01T00:00:00+00:00, run_after=2024-02-02T00:00:00+00:00
[2024-02-02T12:53:38.145+0100] {processor.py:183} INFO - Processing /home/ubuntu/.local/lib/python3.10/site-packages/airflow/example_dags/example_short_circuit_decorator.py took 0.330 seconds
[2024-02-02T12:54:59.437+0100] {processor.py:161} INFO - Started process (PID=5380) to work on /home/ubuntu/.local/lib/python3.10/site-packages/airflow/example_dags/example_short_circuit_decorator.py
[2024-02-02T12:54:59.440+0100] {processor.py:830} INFO - Processing file /home/ubuntu/.local/lib/python3.10/site-packages/airflow/example_dags/example_short_circuit_decorator.py for tasks to queue
[2024-02-02T12:54:59.442+0100] {logging_mixin.py:188} INFO - [2024-02-02T12:54:59.442+0100] {dagbag.py:538} INFO - Filling up the DagBag from /home/ubuntu/.local/lib/python3.10/site-packages/airflow/example_dags/example_short_circuit_decorator.py
[2024-02-02T12:54:59.494+0100] {processor.py:840} INFO - DAG(s) 'example_short_circuit_decorator' retrieved from /home/ubuntu/.local/lib/python3.10/site-packages/airflow/example_dags/example_short_circuit_decorator.py
[2024-02-02T12:54:59.541+0100] {logging_mixin.py:188} INFO - [2024-02-02T12:54:59.540+0100] {dag.py:3033} INFO - Sync 1 DAGs
[2024-02-02T12:54:59.604+0100] {logging_mixin.py:188} INFO - [2024-02-02T12:54:59.604+0100] {dag.py:3820} INFO - Setting next_dagrun for example_short_circuit_decorator to 2024-02-01T00:00:00+00:00, run_after=2024-02-02T00:00:00+00:00
[2024-02-02T12:54:59.683+0100] {processor.py:183} INFO - Processing /home/ubuntu/.local/lib/python3.10/site-packages/airflow/example_dags/example_short_circuit_decorator.py took 0.252 seconds
[2024-02-02T12:56:11.011+0100] {processor.py:161} INFO - Started process (PID=5440) to work on /home/ubuntu/.local/lib/python3.10/site-packages/airflow/example_dags/example_short_circuit_decorator.py
[2024-02-02T12:56:11.048+0100] {processor.py:830} INFO - Processing file /home/ubuntu/.local/lib/python3.10/site-packages/airflow/example_dags/example_short_circuit_decorator.py for tasks to queue
[2024-02-02T12:56:11.078+0100] {logging_mixin.py:188} INFO - [2024-02-02T12:56:11.077+0100] {dagbag.py:538} INFO - Filling up the DagBag from /home/ubuntu/.local/lib/python3.10/site-packages/airflow/example_dags/example_short_circuit_decorator.py
[2024-02-02T12:56:11.131+0100] {processor.py:840} INFO - DAG(s) 'example_short_circuit_decorator' retrieved from /home/ubuntu/.local/lib/python3.10/site-packages/airflow/example_dags/example_short_circuit_decorator.py
[2024-02-02T12:56:11.195+0100] {logging_mixin.py:188} INFO - [2024-02-02T12:56:11.195+0100] {dag.py:3033} INFO - Sync 1 DAGs
[2024-02-02T12:56:11.251+0100] {logging_mixin.py:188} INFO - [2024-02-02T12:56:11.250+0100] {dag.py:3820} INFO - Setting next_dagrun for example_short_circuit_decorator to 2024-02-01T00:00:00+00:00, run_after=2024-02-02T00:00:00+00:00
[2024-02-02T12:56:11.352+0100] {processor.py:183} INFO - Processing /home/ubuntu/.local/lib/python3.10/site-packages/airflow/example_dags/example_short_circuit_decorator.py took 0.351 seconds
[2024-02-02T12:57:22.301+0100] {processor.py:161} INFO - Started process (PID=5504) to work on /home/ubuntu/.local/lib/python3.10/site-packages/airflow/example_dags/example_short_circuit_decorator.py
[2024-02-02T12:57:22.327+0100] {processor.py:830} INFO - Processing file /home/ubuntu/.local/lib/python3.10/site-packages/airflow/example_dags/example_short_circuit_decorator.py for tasks to queue
[2024-02-02T12:57:22.328+0100] {logging_mixin.py:188} INFO - [2024-02-02T12:57:22.328+0100] {dagbag.py:538} INFO - Filling up the DagBag from /home/ubuntu/.local/lib/python3.10/site-packages/airflow/example_dags/example_short_circuit_decorator.py
[2024-02-02T12:57:22.352+0100] {processor.py:840} INFO - DAG(s) 'example_short_circuit_decorator' retrieved from /home/ubuntu/.local/lib/python3.10/site-packages/airflow/example_dags/example_short_circuit_decorator.py
[2024-02-02T12:57:22.410+0100] {logging_mixin.py:188} INFO - [2024-02-02T12:57:22.410+0100] {dag.py:3033} INFO - Sync 1 DAGs
[2024-02-02T12:57:22.487+0100] {logging_mixin.py:188} INFO - [2024-02-02T12:57:22.487+0100] {dag.py:3820} INFO - Setting next_dagrun for example_short_circuit_decorator to 2024-02-01T00:00:00+00:00, run_after=2024-02-02T00:00:00+00:00
[2024-02-02T12:57:22.640+0100] {processor.py:183} INFO - Processing /home/ubuntu/.local/lib/python3.10/site-packages/airflow/example_dags/example_short_circuit_decorator.py took 0.354 seconds
[2024-02-02T12:58:47.875+0100] {processor.py:161} INFO - Started process (PID=5590) to work on /home/ubuntu/.local/lib/python3.10/site-packages/airflow/example_dags/example_short_circuit_decorator.py
[2024-02-02T12:58:47.890+0100] {processor.py:830} INFO - Processing file /home/ubuntu/.local/lib/python3.10/site-packages/airflow/example_dags/example_short_circuit_decorator.py for tasks to queue
[2024-02-02T12:58:47.893+0100] {logging_mixin.py:188} INFO - [2024-02-02T12:58:47.892+0100] {dagbag.py:538} INFO - Filling up the DagBag from /home/ubuntu/.local/lib/python3.10/site-packages/airflow/example_dags/example_short_circuit_decorator.py
[2024-02-02T12:58:47.923+0100] {processor.py:840} INFO - DAG(s) 'example_short_circuit_decorator' retrieved from /home/ubuntu/.local/lib/python3.10/site-packages/airflow/example_dags/example_short_circuit_decorator.py
[2024-02-02T12:58:47.994+0100] {logging_mixin.py:188} INFO - [2024-02-02T12:58:47.993+0100] {dag.py:3033} INFO - Sync 1 DAGs
[2024-02-02T12:58:48.153+0100] {logging_mixin.py:188} INFO - [2024-02-02T12:58:48.152+0100] {dag.py:3820} INFO - Setting next_dagrun for example_short_circuit_decorator to 2024-02-01T00:00:00+00:00, run_after=2024-02-02T00:00:00+00:00
[2024-02-02T12:58:48.296+0100] {processor.py:183} INFO - Processing /home/ubuntu/.local/lib/python3.10/site-packages/airflow/example_dags/example_short_circuit_decorator.py took 0.429 seconds
[2024-02-02T13:01:22.778+0100] {processor.py:161} INFO - Started process (PID=6270) to work on /home/ubuntu/.local/lib/python3.10/site-packages/airflow/example_dags/example_short_circuit_decorator.py
[2024-02-02T13:01:22.783+0100] {processor.py:830} INFO - Processing file /home/ubuntu/.local/lib/python3.10/site-packages/airflow/example_dags/example_short_circuit_decorator.py for tasks to queue
[2024-02-02T13:01:22.788+0100] {logging_mixin.py:188} INFO - [2024-02-02T13:01:22.788+0100] {dagbag.py:538} INFO - Filling up the DagBag from /home/ubuntu/.local/lib/python3.10/site-packages/airflow/example_dags/example_short_circuit_decorator.py
[2024-02-02T13:01:22.832+0100] {processor.py:840} INFO - DAG(s) 'example_short_circuit_decorator' retrieved from /home/ubuntu/.local/lib/python3.10/site-packages/airflow/example_dags/example_short_circuit_decorator.py
[2024-02-02T13:01:23.114+0100] {logging_mixin.py:188} INFO - [2024-02-02T13:01:23.110+0100] {dag.py:3033} INFO - Sync 1 DAGs
[2024-02-02T13:01:23.179+0100] {logging_mixin.py:188} INFO - [2024-02-02T13:01:23.179+0100] {dag.py:3820} INFO - Setting next_dagrun for example_short_circuit_decorator to 2024-02-01T00:00:00+00:00, run_after=2024-02-02T00:00:00+00:00
[2024-02-02T13:01:23.357+0100] {processor.py:183} INFO - Processing /home/ubuntu/.local/lib/python3.10/site-packages/airflow/example_dags/example_short_circuit_decorator.py took 0.607 seconds
[2024-02-02T13:03:45.284+0100] {processor.py:161} INFO - Started process (PID=6530) to work on /home/ubuntu/.local/lib/python3.10/site-packages/airflow/example_dags/example_short_circuit_decorator.py
[2024-02-02T13:03:45.309+0100] {processor.py:830} INFO - Processing file /home/ubuntu/.local/lib/python3.10/site-packages/airflow/example_dags/example_short_circuit_decorator.py for tasks to queue
[2024-02-02T13:03:45.319+0100] {logging_mixin.py:188} INFO - [2024-02-02T13:03:45.310+0100] {dagbag.py:538} INFO - Filling up the DagBag from /home/ubuntu/.local/lib/python3.10/site-packages/airflow/example_dags/example_short_circuit_decorator.py
[2024-02-02T13:03:45.408+0100] {processor.py:840} INFO - DAG(s) 'example_short_circuit_decorator' retrieved from /home/ubuntu/.local/lib/python3.10/site-packages/airflow/example_dags/example_short_circuit_decorator.py
[2024-02-02T13:03:45.486+0100] {logging_mixin.py:188} INFO - [2024-02-02T13:03:45.486+0100] {dag.py:3033} INFO - Sync 1 DAGs
[2024-02-02T13:03:45.570+0100] {logging_mixin.py:188} INFO - [2024-02-02T13:03:45.570+0100] {dag.py:3820} INFO - Setting next_dagrun for example_short_circuit_decorator to 2024-02-01T00:00:00+00:00, run_after=2024-02-02T00:00:00+00:00
[2024-02-02T13:03:45.670+0100] {processor.py:183} INFO - Processing /home/ubuntu/.local/lib/python3.10/site-packages/airflow/example_dags/example_short_circuit_decorator.py took 0.405 seconds
[2024-02-02T13:06:01.814+0100] {processor.py:161} INFO - Started process (PID=6699) to work on /home/ubuntu/.local/lib/python3.10/site-packages/airflow/example_dags/example_short_circuit_decorator.py
[2024-02-02T13:06:01.846+0100] {processor.py:830} INFO - Processing file /home/ubuntu/.local/lib/python3.10/site-packages/airflow/example_dags/example_short_circuit_decorator.py for tasks to queue
[2024-02-02T13:06:01.849+0100] {logging_mixin.py:188} INFO - [2024-02-02T13:06:01.848+0100] {dagbag.py:538} INFO - Filling up the DagBag from /home/ubuntu/.local/lib/python3.10/site-packages/airflow/example_dags/example_short_circuit_decorator.py
[2024-02-02T13:06:01.876+0100] {processor.py:840} INFO - DAG(s) 'example_short_circuit_decorator' retrieved from /home/ubuntu/.local/lib/python3.10/site-packages/airflow/example_dags/example_short_circuit_decorator.py
[2024-02-02T13:06:01.947+0100] {logging_mixin.py:188} INFO - [2024-02-02T13:06:01.947+0100] {dag.py:3033} INFO - Sync 1 DAGs
[2024-02-02T13:06:02.015+0100] {logging_mixin.py:188} INFO - [2024-02-02T13:06:02.015+0100] {dag.py:3820} INFO - Setting next_dagrun for example_short_circuit_decorator to 2024-02-01T00:00:00+00:00, run_after=2024-02-02T00:00:00+00:00
[2024-02-02T13:06:02.060+0100] {processor.py:183} INFO - Processing /home/ubuntu/.local/lib/python3.10/site-packages/airflow/example_dags/example_short_circuit_decorator.py took 0.253 seconds
[2024-02-02T13:07:14.489+0100] {processor.py:161} INFO - Started process (PID=6773) to work on /home/ubuntu/.local/lib/python3.10/site-packages/airflow/example_dags/example_short_circuit_decorator.py
[2024-02-02T13:07:14.492+0100] {processor.py:830} INFO - Processing file /home/ubuntu/.local/lib/python3.10/site-packages/airflow/example_dags/example_short_circuit_decorator.py for tasks to queue
[2024-02-02T13:07:14.494+0100] {logging_mixin.py:188} INFO - [2024-02-02T13:07:14.493+0100] {dagbag.py:538} INFO - Filling up the DagBag from /home/ubuntu/.local/lib/python3.10/site-packages/airflow/example_dags/example_short_circuit_decorator.py
[2024-02-02T13:07:14.505+0100] {processor.py:840} INFO - DAG(s) 'example_short_circuit_decorator' retrieved from /home/ubuntu/.local/lib/python3.10/site-packages/airflow/example_dags/example_short_circuit_decorator.py
[2024-02-02T13:07:14.528+0100] {logging_mixin.py:188} INFO - [2024-02-02T13:07:14.528+0100] {dag.py:3033} INFO - Sync 1 DAGs
[2024-02-02T13:07:14.556+0100] {logging_mixin.py:188} INFO - [2024-02-02T13:07:14.555+0100] {dag.py:3820} INFO - Setting next_dagrun for example_short_circuit_decorator to 2024-02-01T00:00:00+00:00, run_after=2024-02-02T00:00:00+00:00
[2024-02-02T13:07:14.594+0100] {processor.py:183} INFO - Processing /home/ubuntu/.local/lib/python3.10/site-packages/airflow/example_dags/example_short_circuit_decorator.py took 0.108 seconds
[2024-02-02T13:08:21.251+0100] {processor.py:161} INFO - Started process (PID=6853) to work on /home/ubuntu/.local/lib/python3.10/site-packages/airflow/example_dags/example_short_circuit_decorator.py
[2024-02-02T13:08:21.254+0100] {processor.py:830} INFO - Processing file /home/ubuntu/.local/lib/python3.10/site-packages/airflow/example_dags/example_short_circuit_decorator.py for tasks to queue
[2024-02-02T13:08:21.255+0100] {logging_mixin.py:188} INFO - [2024-02-02T13:08:21.254+0100] {dagbag.py:538} INFO - Filling up the DagBag from /home/ubuntu/.local/lib/python3.10/site-packages/airflow/example_dags/example_short_circuit_decorator.py
[2024-02-02T13:08:21.275+0100] {processor.py:840} INFO - DAG(s) 'example_short_circuit_decorator' retrieved from /home/ubuntu/.local/lib/python3.10/site-packages/airflow/example_dags/example_short_circuit_decorator.py
[2024-02-02T13:08:21.310+0100] {logging_mixin.py:188} INFO - [2024-02-02T13:08:21.309+0100] {dag.py:3033} INFO - Sync 1 DAGs
[2024-02-02T13:08:21.343+0100] {logging_mixin.py:188} INFO - [2024-02-02T13:08:21.343+0100] {dag.py:3820} INFO - Setting next_dagrun for example_short_circuit_decorator to 2024-02-01T00:00:00+00:00, run_after=2024-02-02T00:00:00+00:00
[2024-02-02T13:08:21.619+0100] {processor.py:183} INFO - Processing /home/ubuntu/.local/lib/python3.10/site-packages/airflow/example_dags/example_short_circuit_decorator.py took 0.374 seconds
[2024-02-02T13:09:25.938+0100] {processor.py:161} INFO - Started process (PID=6935) to work on /home/ubuntu/.local/lib/python3.10/site-packages/airflow/example_dags/example_short_circuit_decorator.py
[2024-02-02T13:09:25.941+0100] {processor.py:830} INFO - Processing file /home/ubuntu/.local/lib/python3.10/site-packages/airflow/example_dags/example_short_circuit_decorator.py for tasks to queue
[2024-02-02T13:09:25.942+0100] {logging_mixin.py:188} INFO - [2024-02-02T13:09:25.942+0100] {dagbag.py:538} INFO - Filling up the DagBag from /home/ubuntu/.local/lib/python3.10/site-packages/airflow/example_dags/example_short_circuit_decorator.py
[2024-02-02T13:09:25.955+0100] {processor.py:840} INFO - DAG(s) 'example_short_circuit_decorator' retrieved from /home/ubuntu/.local/lib/python3.10/site-packages/airflow/example_dags/example_short_circuit_decorator.py
[2024-02-02T13:09:25.978+0100] {logging_mixin.py:188} INFO - [2024-02-02T13:09:25.978+0100] {dag.py:3033} INFO - Sync 1 DAGs
[2024-02-02T13:09:25.998+0100] {logging_mixin.py:188} INFO - [2024-02-02T13:09:25.998+0100] {dag.py:3820} INFO - Setting next_dagrun for example_short_circuit_decorator to 2024-02-01T00:00:00+00:00, run_after=2024-02-02T00:00:00+00:00
[2024-02-02T13:09:26.033+0100] {processor.py:183} INFO - Processing /home/ubuntu/.local/lib/python3.10/site-packages/airflow/example_dags/example_short_circuit_decorator.py took 0.098 seconds
[2024-02-02T13:10:18.780+0100] {processor.py:161} INFO - Started process (PID=7042) to work on /home/ubuntu/.local/lib/python3.10/site-packages/airflow/example_dags/example_short_circuit_decorator.py
[2024-02-02T13:10:18.782+0100] {processor.py:830} INFO - Processing file /home/ubuntu/.local/lib/python3.10/site-packages/airflow/example_dags/example_short_circuit_decorator.py for tasks to queue
[2024-02-02T13:10:18.784+0100] {logging_mixin.py:188} INFO - [2024-02-02T13:10:18.783+0100] {dagbag.py:538} INFO - Filling up the DagBag from /home/ubuntu/.local/lib/python3.10/site-packages/airflow/example_dags/example_short_circuit_decorator.py
[2024-02-02T13:10:18.802+0100] {processor.py:840} INFO - DAG(s) 'example_short_circuit_decorator' retrieved from /home/ubuntu/.local/lib/python3.10/site-packages/airflow/example_dags/example_short_circuit_decorator.py
[2024-02-02T13:10:18.841+0100] {logging_mixin.py:188} INFO - [2024-02-02T13:10:18.841+0100] {dag.py:3033} INFO - Sync 1 DAGs
[2024-02-02T13:10:18.879+0100] {logging_mixin.py:188} INFO - [2024-02-02T13:10:18.879+0100] {dag.py:3820} INFO - Setting next_dagrun for example_short_circuit_decorator to 2024-02-01T00:00:00+00:00, run_after=2024-02-02T00:00:00+00:00
[2024-02-02T13:10:18.919+0100] {processor.py:183} INFO - Processing /home/ubuntu/.local/lib/python3.10/site-packages/airflow/example_dags/example_short_circuit_decorator.py took 0.144 seconds
