[2024-02-02T08:38:17.530+0100] {processor.py:161} INFO - Started process (PID=23833) to work on /home/ubuntu/.local/lib/python3.10/site-packages/airflow/example_dags/example_branch_labels.py
[2024-02-02T08:38:17.531+0100] {processor.py:830} INFO - Processing file /home/ubuntu/.local/lib/python3.10/site-packages/airflow/example_dags/example_branch_labels.py for tasks to queue
[2024-02-02T08:38:17.532+0100] {logging_mixin.py:188} INFO - [2024-02-02T08:38:17.532+0100] {dagbag.py:538} INFO - Filling up the DagBag from /home/ubuntu/.local/lib/python3.10/site-packages/airflow/example_dags/example_branch_labels.py
[2024-02-02T08:38:17.543+0100] {processor.py:840} INFO - DAG(s) 'example_branch_labels' retrieved from /home/ubuntu/.local/lib/python3.10/site-packages/airflow/example_dags/example_branch_labels.py
[2024-02-02T08:38:17.563+0100] {logging_mixin.py:188} INFO - [2024-02-02T08:38:17.563+0100] {dag.py:3033} INFO - Sync 1 DAGs
[2024-02-02T08:38:17.585+0100] {logging_mixin.py:188} INFO - [2024-02-02T08:38:17.585+0100] {dag.py:3820} INFO - Setting next_dagrun for example_branch_labels to 2024-02-01T00:00:00+00:00, run_after=2024-02-02T00:00:00+00:00
[2024-02-02T08:38:17.615+0100] {processor.py:183} INFO - Processing /home/ubuntu/.local/lib/python3.10/site-packages/airflow/example_dags/example_branch_labels.py took 0.089 seconds
[2024-02-02T08:39:06.941+0100] {processor.py:161} INFO - Started process (PID=23895) to work on /home/ubuntu/.local/lib/python3.10/site-packages/airflow/example_dags/example_branch_labels.py
[2024-02-02T08:39:06.944+0100] {processor.py:830} INFO - Processing file /home/ubuntu/.local/lib/python3.10/site-packages/airflow/example_dags/example_branch_labels.py for tasks to queue
[2024-02-02T08:39:06.945+0100] {logging_mixin.py:188} INFO - [2024-02-02T08:39:06.945+0100] {dagbag.py:538} INFO - Filling up the DagBag from /home/ubuntu/.local/lib/python3.10/site-packages/airflow/example_dags/example_branch_labels.py
[2024-02-02T08:39:06.954+0100] {processor.py:840} INFO - DAG(s) 'example_branch_labels' retrieved from /home/ubuntu/.local/lib/python3.10/site-packages/airflow/example_dags/example_branch_labels.py
[2024-02-02T08:39:06.971+0100] {logging_mixin.py:188} INFO - [2024-02-02T08:39:06.970+0100] {dag.py:3033} INFO - Sync 1 DAGs
[2024-02-02T08:39:06.992+0100] {logging_mixin.py:188} INFO - [2024-02-02T08:39:06.992+0100] {dag.py:3820} INFO - Setting next_dagrun for example_branch_labels to 2024-02-01T00:00:00+00:00, run_after=2024-02-02T00:00:00+00:00
[2024-02-02T08:39:07.028+0100] {processor.py:183} INFO - Processing /home/ubuntu/.local/lib/python3.10/site-packages/airflow/example_dags/example_branch_labels.py took 0.090 seconds
[2024-02-02T12:41:40.144+0100] {processor.py:161} INFO - Started process (PID=4594) to work on /home/ubuntu/.local/lib/python3.10/site-packages/airflow/example_dags/example_branch_labels.py
[2024-02-02T12:41:40.146+0100] {processor.py:830} INFO - Processing file /home/ubuntu/.local/lib/python3.10/site-packages/airflow/example_dags/example_branch_labels.py for tasks to queue
[2024-02-02T12:41:40.147+0100] {logging_mixin.py:188} INFO - [2024-02-02T12:41:40.147+0100] {dagbag.py:538} INFO - Filling up the DagBag from /home/ubuntu/.local/lib/python3.10/site-packages/airflow/example_dags/example_branch_labels.py
[2024-02-02T12:41:40.158+0100] {processor.py:840} INFO - DAG(s) 'example_branch_labels' retrieved from /home/ubuntu/.local/lib/python3.10/site-packages/airflow/example_dags/example_branch_labels.py
[2024-02-02T12:41:40.264+0100] {logging_mixin.py:188} INFO - [2024-02-02T12:41:40.264+0100] {dag.py:3033} INFO - Sync 1 DAGs
[2024-02-02T12:41:40.284+0100] {logging_mixin.py:188} INFO - [2024-02-02T12:41:40.284+0100] {dag.py:3820} INFO - Setting next_dagrun for example_branch_labels to 2024-02-01T00:00:00+00:00, run_after=2024-02-02T00:00:00+00:00
[2024-02-02T12:41:40.310+0100] {processor.py:183} INFO - Processing /home/ubuntu/.local/lib/python3.10/site-packages/airflow/example_dags/example_branch_labels.py took 0.170 seconds
[2024-02-02T12:42:45.428+0100] {processor.py:161} INFO - Started process (PID=4677) to work on /home/ubuntu/.local/lib/python3.10/site-packages/airflow/example_dags/example_branch_labels.py
[2024-02-02T12:42:45.430+0100] {processor.py:830} INFO - Processing file /home/ubuntu/.local/lib/python3.10/site-packages/airflow/example_dags/example_branch_labels.py for tasks to queue
[2024-02-02T12:42:45.432+0100] {logging_mixin.py:188} INFO - [2024-02-02T12:42:45.431+0100] {dagbag.py:538} INFO - Filling up the DagBag from /home/ubuntu/.local/lib/python3.10/site-packages/airflow/example_dags/example_branch_labels.py
[2024-02-02T12:42:45.442+0100] {processor.py:840} INFO - DAG(s) 'example_branch_labels' retrieved from /home/ubuntu/.local/lib/python3.10/site-packages/airflow/example_dags/example_branch_labels.py
[2024-02-02T12:42:45.468+0100] {logging_mixin.py:188} INFO - [2024-02-02T12:42:45.468+0100] {dag.py:3033} INFO - Sync 1 DAGs
[2024-02-02T12:42:45.493+0100] {logging_mixin.py:188} INFO - [2024-02-02T12:42:45.493+0100] {dag.py:3820} INFO - Setting next_dagrun for example_branch_labels to 2024-02-01T00:00:00+00:00, run_after=2024-02-02T00:00:00+00:00
[2024-02-02T12:42:45.545+0100] {processor.py:183} INFO - Processing /home/ubuntu/.local/lib/python3.10/site-packages/airflow/example_dags/example_branch_labels.py took 0.121 seconds
[2024-02-02T12:43:58.715+0100] {processor.py:161} INFO - Started process (PID=4765) to work on /home/ubuntu/.local/lib/python3.10/site-packages/airflow/example_dags/example_branch_labels.py
[2024-02-02T12:43:58.732+0100] {processor.py:830} INFO - Processing file /home/ubuntu/.local/lib/python3.10/site-packages/airflow/example_dags/example_branch_labels.py for tasks to queue
[2024-02-02T12:43:58.740+0100] {logging_mixin.py:188} INFO - [2024-02-02T12:43:58.736+0100] {dagbag.py:538} INFO - Filling up the DagBag from /home/ubuntu/.local/lib/python3.10/site-packages/airflow/example_dags/example_branch_labels.py
[2024-02-02T12:43:58.773+0100] {processor.py:840} INFO - DAG(s) 'example_branch_labels' retrieved from /home/ubuntu/.local/lib/python3.10/site-packages/airflow/example_dags/example_branch_labels.py
[2024-02-02T12:43:58.811+0100] {logging_mixin.py:188} INFO - [2024-02-02T12:43:58.810+0100] {dag.py:3033} INFO - Sync 1 DAGs
[2024-02-02T12:43:58.867+0100] {logging_mixin.py:188} INFO - [2024-02-02T12:43:58.866+0100] {dag.py:3820} INFO - Setting next_dagrun for example_branch_labels to 2024-02-01T00:00:00+00:00, run_after=2024-02-02T00:00:00+00:00
[2024-02-02T12:43:58.934+0100] {processor.py:183} INFO - Processing /home/ubuntu/.local/lib/python3.10/site-packages/airflow/example_dags/example_branch_labels.py took 0.226 seconds
[2024-02-02T12:45:14.397+0100] {processor.py:161} INFO - Started process (PID=4868) to work on /home/ubuntu/.local/lib/python3.10/site-packages/airflow/example_dags/example_branch_labels.py
[2024-02-02T12:45:14.400+0100] {processor.py:830} INFO - Processing file /home/ubuntu/.local/lib/python3.10/site-packages/airflow/example_dags/example_branch_labels.py for tasks to queue
[2024-02-02T12:45:14.402+0100] {logging_mixin.py:188} INFO - [2024-02-02T12:45:14.401+0100] {dagbag.py:538} INFO - Filling up the DagBag from /home/ubuntu/.local/lib/python3.10/site-packages/airflow/example_dags/example_branch_labels.py
[2024-02-02T12:45:14.428+0100] {processor.py:840} INFO - DAG(s) 'example_branch_labels' retrieved from /home/ubuntu/.local/lib/python3.10/site-packages/airflow/example_dags/example_branch_labels.py
[2024-02-02T12:45:14.465+0100] {logging_mixin.py:188} INFO - [2024-02-02T12:45:14.465+0100] {dag.py:3033} INFO - Sync 1 DAGs
[2024-02-02T12:45:14.551+0100] {logging_mixin.py:188} INFO - [2024-02-02T12:45:14.551+0100] {dag.py:3820} INFO - Setting next_dagrun for example_branch_labels to 2024-02-01T00:00:00+00:00, run_after=2024-02-02T00:00:00+00:00
[2024-02-02T12:45:14.643+0100] {processor.py:183} INFO - Processing /home/ubuntu/.local/lib/python3.10/site-packages/airflow/example_dags/example_branch_labels.py took 0.254 seconds
[2024-02-02T12:46:32.687+0100] {processor.py:161} INFO - Started process (PID=4936) to work on /home/ubuntu/.local/lib/python3.10/site-packages/airflow/example_dags/example_branch_labels.py
[2024-02-02T12:46:32.713+0100] {processor.py:830} INFO - Processing file /home/ubuntu/.local/lib/python3.10/site-packages/airflow/example_dags/example_branch_labels.py for tasks to queue
[2024-02-02T12:46:32.718+0100] {logging_mixin.py:188} INFO - [2024-02-02T12:46:32.717+0100] {dagbag.py:538} INFO - Filling up the DagBag from /home/ubuntu/.local/lib/python3.10/site-packages/airflow/example_dags/example_branch_labels.py
[2024-02-02T12:46:32.747+0100] {processor.py:840} INFO - DAG(s) 'example_branch_labels' retrieved from /home/ubuntu/.local/lib/python3.10/site-packages/airflow/example_dags/example_branch_labels.py
[2024-02-02T12:46:32.795+0100] {logging_mixin.py:188} INFO - [2024-02-02T12:46:32.795+0100] {dag.py:3033} INFO - Sync 1 DAGs
[2024-02-02T12:46:32.845+0100] {logging_mixin.py:188} INFO - [2024-02-02T12:46:32.844+0100] {dag.py:3820} INFO - Setting next_dagrun for example_branch_labels to 2024-02-01T00:00:00+00:00, run_after=2024-02-02T00:00:00+00:00
[2024-02-02T12:46:32.983+0100] {processor.py:183} INFO - Processing /home/ubuntu/.local/lib/python3.10/site-packages/airflow/example_dags/example_branch_labels.py took 0.311 seconds
[2024-02-02T12:47:57.496+0100] {processor.py:161} INFO - Started process (PID=5012) to work on /home/ubuntu/.local/lib/python3.10/site-packages/airflow/example_dags/example_branch_labels.py
[2024-02-02T12:47:57.511+0100] {processor.py:830} INFO - Processing file /home/ubuntu/.local/lib/python3.10/site-packages/airflow/example_dags/example_branch_labels.py for tasks to queue
[2024-02-02T12:47:57.516+0100] {logging_mixin.py:188} INFO - [2024-02-02T12:47:57.512+0100] {dagbag.py:538} INFO - Filling up the DagBag from /home/ubuntu/.local/lib/python3.10/site-packages/airflow/example_dags/example_branch_labels.py
[2024-02-02T12:47:57.546+0100] {processor.py:840} INFO - DAG(s) 'example_branch_labels' retrieved from /home/ubuntu/.local/lib/python3.10/site-packages/airflow/example_dags/example_branch_labels.py
[2024-02-02T12:47:57.597+0100] {logging_mixin.py:188} INFO - [2024-02-02T12:47:57.597+0100] {dag.py:3033} INFO - Sync 1 DAGs
[2024-02-02T12:47:57.666+0100] {logging_mixin.py:188} INFO - [2024-02-02T12:47:57.665+0100] {dag.py:3820} INFO - Setting next_dagrun for example_branch_labels to 2024-02-01T00:00:00+00:00, run_after=2024-02-02T00:00:00+00:00
[2024-02-02T12:47:57.956+0100] {processor.py:183} INFO - Processing /home/ubuntu/.local/lib/python3.10/site-packages/airflow/example_dags/example_branch_labels.py took 0.481 seconds
[2024-02-02T12:49:24.771+0100] {processor.py:161} INFO - Started process (PID=5089) to work on /home/ubuntu/.local/lib/python3.10/site-packages/airflow/example_dags/example_branch_labels.py
[2024-02-02T12:49:24.797+0100] {processor.py:830} INFO - Processing file /home/ubuntu/.local/lib/python3.10/site-packages/airflow/example_dags/example_branch_labels.py for tasks to queue
[2024-02-02T12:49:24.798+0100] {logging_mixin.py:188} INFO - [2024-02-02T12:49:24.798+0100] {dagbag.py:538} INFO - Filling up the DagBag from /home/ubuntu/.local/lib/python3.10/site-packages/airflow/example_dags/example_branch_labels.py
[2024-02-02T12:49:24.863+0100] {processor.py:840} INFO - DAG(s) 'example_branch_labels' retrieved from /home/ubuntu/.local/lib/python3.10/site-packages/airflow/example_dags/example_branch_labels.py
[2024-02-02T12:49:25.067+0100] {logging_mixin.py:188} INFO - [2024-02-02T12:49:25.066+0100] {dag.py:3033} INFO - Sync 1 DAGs
[2024-02-02T12:49:25.108+0100] {logging_mixin.py:188} INFO - [2024-02-02T12:49:25.107+0100] {dag.py:3820} INFO - Setting next_dagrun for example_branch_labels to 2024-02-01T00:00:00+00:00, run_after=2024-02-02T00:00:00+00:00
[2024-02-02T12:49:25.204+0100] {processor.py:183} INFO - Processing /home/ubuntu/.local/lib/python3.10/site-packages/airflow/example_dags/example_branch_labels.py took 0.435 seconds
[2024-02-02T12:50:44.890+0100] {processor.py:161} INFO - Started process (PID=5157) to work on /home/ubuntu/.local/lib/python3.10/site-packages/airflow/example_dags/example_branch_labels.py
[2024-02-02T12:50:44.914+0100] {processor.py:830} INFO - Processing file /home/ubuntu/.local/lib/python3.10/site-packages/airflow/example_dags/example_branch_labels.py for tasks to queue
[2024-02-02T12:50:44.916+0100] {logging_mixin.py:188} INFO - [2024-02-02T12:50:44.915+0100] {dagbag.py:538} INFO - Filling up the DagBag from /home/ubuntu/.local/lib/python3.10/site-packages/airflow/example_dags/example_branch_labels.py
[2024-02-02T12:50:44.934+0100] {processor.py:840} INFO - DAG(s) 'example_branch_labels' retrieved from /home/ubuntu/.local/lib/python3.10/site-packages/airflow/example_dags/example_branch_labels.py
[2024-02-02T12:50:45.008+0100] {logging_mixin.py:188} INFO - [2024-02-02T12:50:45.008+0100] {dag.py:3033} INFO - Sync 1 DAGs
[2024-02-02T12:50:45.100+0100] {logging_mixin.py:188} INFO - [2024-02-02T12:50:45.099+0100] {dag.py:3820} INFO - Setting next_dagrun for example_branch_labels to 2024-02-01T00:00:00+00:00, run_after=2024-02-02T00:00:00+00:00
[2024-02-02T12:50:45.266+0100] {processor.py:183} INFO - Processing /home/ubuntu/.local/lib/python3.10/site-packages/airflow/example_dags/example_branch_labels.py took 0.384 seconds
[2024-02-02T12:52:02.294+0100] {processor.py:161} INFO - Started process (PID=5224) to work on /home/ubuntu/.local/lib/python3.10/site-packages/airflow/example_dags/example_branch_labels.py
[2024-02-02T12:52:02.335+0100] {processor.py:830} INFO - Processing file /home/ubuntu/.local/lib/python3.10/site-packages/airflow/example_dags/example_branch_labels.py for tasks to queue
[2024-02-02T12:52:02.336+0100] {logging_mixin.py:188} INFO - [2024-02-02T12:52:02.336+0100] {dagbag.py:538} INFO - Filling up the DagBag from /home/ubuntu/.local/lib/python3.10/site-packages/airflow/example_dags/example_branch_labels.py
[2024-02-02T12:52:02.361+0100] {processor.py:840} INFO - DAG(s) 'example_branch_labels' retrieved from /home/ubuntu/.local/lib/python3.10/site-packages/airflow/example_dags/example_branch_labels.py
[2024-02-02T12:52:02.401+0100] {logging_mixin.py:188} INFO - [2024-02-02T12:52:02.399+0100] {dag.py:3033} INFO - Sync 1 DAGs
[2024-02-02T12:52:02.446+0100] {logging_mixin.py:188} INFO - [2024-02-02T12:52:02.446+0100] {dag.py:3820} INFO - Setting next_dagrun for example_branch_labels to 2024-02-01T00:00:00+00:00, run_after=2024-02-02T00:00:00+00:00
[2024-02-02T12:52:02.522+0100] {processor.py:183} INFO - Processing /home/ubuntu/.local/lib/python3.10/site-packages/airflow/example_dags/example_branch_labels.py took 0.243 seconds
[2024-02-02T12:53:13.822+0100] {processor.py:161} INFO - Started process (PID=5285) to work on /home/ubuntu/.local/lib/python3.10/site-packages/airflow/example_dags/example_branch_labels.py
[2024-02-02T12:53:13.829+0100] {processor.py:830} INFO - Processing file /home/ubuntu/.local/lib/python3.10/site-packages/airflow/example_dags/example_branch_labels.py for tasks to queue
[2024-02-02T12:53:13.831+0100] {logging_mixin.py:188} INFO - [2024-02-02T12:53:13.830+0100] {dagbag.py:538} INFO - Filling up the DagBag from /home/ubuntu/.local/lib/python3.10/site-packages/airflow/example_dags/example_branch_labels.py
[2024-02-02T12:53:13.859+0100] {processor.py:840} INFO - DAG(s) 'example_branch_labels' retrieved from /home/ubuntu/.local/lib/python3.10/site-packages/airflow/example_dags/example_branch_labels.py
[2024-02-02T12:53:13.899+0100] {logging_mixin.py:188} INFO - [2024-02-02T12:53:13.898+0100] {dag.py:3033} INFO - Sync 1 DAGs
[2024-02-02T12:53:13.963+0100] {logging_mixin.py:188} INFO - [2024-02-02T12:53:13.963+0100] {dag.py:3820} INFO - Setting next_dagrun for example_branch_labels to 2024-02-01T00:00:00+00:00, run_after=2024-02-02T00:00:00+00:00
[2024-02-02T12:53:14.077+0100] {processor.py:183} INFO - Processing /home/ubuntu/.local/lib/python3.10/site-packages/airflow/example_dags/example_branch_labels.py took 0.259 seconds
[2024-02-02T12:54:34.225+0100] {processor.py:161} INFO - Started process (PID=5362) to work on /home/ubuntu/.local/lib/python3.10/site-packages/airflow/example_dags/example_branch_labels.py
[2024-02-02T12:54:34.229+0100] {processor.py:830} INFO - Processing file /home/ubuntu/.local/lib/python3.10/site-packages/airflow/example_dags/example_branch_labels.py for tasks to queue
[2024-02-02T12:54:34.236+0100] {logging_mixin.py:188} INFO - [2024-02-02T12:54:34.233+0100] {dagbag.py:538} INFO - Filling up the DagBag from /home/ubuntu/.local/lib/python3.10/site-packages/airflow/example_dags/example_branch_labels.py
[2024-02-02T12:54:34.308+0100] {processor.py:840} INFO - DAG(s) 'example_branch_labels' retrieved from /home/ubuntu/.local/lib/python3.10/site-packages/airflow/example_dags/example_branch_labels.py
[2024-02-02T12:54:34.432+0100] {logging_mixin.py:188} INFO - [2024-02-02T12:54:34.431+0100] {dag.py:3033} INFO - Sync 1 DAGs
[2024-02-02T12:54:34.601+0100] {logging_mixin.py:188} INFO - [2024-02-02T12:54:34.601+0100] {dag.py:3820} INFO - Setting next_dagrun for example_branch_labels to 2024-02-01T00:00:00+00:00, run_after=2024-02-02T00:00:00+00:00
[2024-02-02T12:54:34.659+0100] {processor.py:183} INFO - Processing /home/ubuntu/.local/lib/python3.10/site-packages/airflow/example_dags/example_branch_labels.py took 0.446 seconds
[2024-02-02T12:55:47.388+0100] {processor.py:161} INFO - Started process (PID=5422) to work on /home/ubuntu/.local/lib/python3.10/site-packages/airflow/example_dags/example_branch_labels.py
[2024-02-02T12:55:47.392+0100] {processor.py:830} INFO - Processing file /home/ubuntu/.local/lib/python3.10/site-packages/airflow/example_dags/example_branch_labels.py for tasks to queue
[2024-02-02T12:55:47.394+0100] {logging_mixin.py:188} INFO - [2024-02-02T12:55:47.393+0100] {dagbag.py:538} INFO - Filling up the DagBag from /home/ubuntu/.local/lib/python3.10/site-packages/airflow/example_dags/example_branch_labels.py
[2024-02-02T12:55:47.412+0100] {processor.py:840} INFO - DAG(s) 'example_branch_labels' retrieved from /home/ubuntu/.local/lib/python3.10/site-packages/airflow/example_dags/example_branch_labels.py
[2024-02-02T12:55:47.463+0100] {logging_mixin.py:188} INFO - [2024-02-02T12:55:47.463+0100] {dag.py:3033} INFO - Sync 1 DAGs
[2024-02-02T12:55:47.521+0100] {logging_mixin.py:188} INFO - [2024-02-02T12:55:47.521+0100] {dag.py:3820} INFO - Setting next_dagrun for example_branch_labels to 2024-02-01T00:00:00+00:00, run_after=2024-02-02T00:00:00+00:00
[2024-02-02T12:55:47.726+0100] {processor.py:183} INFO - Processing /home/ubuntu/.local/lib/python3.10/site-packages/airflow/example_dags/example_branch_labels.py took 0.343 seconds
[2024-02-02T12:57:01.414+0100] {processor.py:161} INFO - Started process (PID=5487) to work on /home/ubuntu/.local/lib/python3.10/site-packages/airflow/example_dags/example_branch_labels.py
[2024-02-02T12:57:01.425+0100] {processor.py:830} INFO - Processing file /home/ubuntu/.local/lib/python3.10/site-packages/airflow/example_dags/example_branch_labels.py for tasks to queue
[2024-02-02T12:57:01.427+0100] {logging_mixin.py:188} INFO - [2024-02-02T12:57:01.426+0100] {dagbag.py:538} INFO - Filling up the DagBag from /home/ubuntu/.local/lib/python3.10/site-packages/airflow/example_dags/example_branch_labels.py
[2024-02-02T12:57:01.453+0100] {processor.py:840} INFO - DAG(s) 'example_branch_labels' retrieved from /home/ubuntu/.local/lib/python3.10/site-packages/airflow/example_dags/example_branch_labels.py
[2024-02-02T12:57:01.509+0100] {logging_mixin.py:188} INFO - [2024-02-02T12:57:01.508+0100] {dag.py:3033} INFO - Sync 1 DAGs
[2024-02-02T12:57:01.624+0100] {logging_mixin.py:188} INFO - [2024-02-02T12:57:01.624+0100] {dag.py:3820} INFO - Setting next_dagrun for example_branch_labels to 2024-02-01T00:00:00+00:00, run_after=2024-02-02T00:00:00+00:00
[2024-02-02T12:57:01.759+0100] {processor.py:183} INFO - Processing /home/ubuntu/.local/lib/python3.10/site-packages/airflow/example_dags/example_branch_labels.py took 0.354 seconds
[2024-02-02T12:58:17.480+0100] {processor.py:161} INFO - Started process (PID=5564) to work on /home/ubuntu/.local/lib/python3.10/site-packages/airflow/example_dags/example_branch_labels.py
[2024-02-02T12:58:17.489+0100] {processor.py:830} INFO - Processing file /home/ubuntu/.local/lib/python3.10/site-packages/airflow/example_dags/example_branch_labels.py for tasks to queue
[2024-02-02T12:58:17.491+0100] {logging_mixin.py:188} INFO - [2024-02-02T12:58:17.490+0100] {dagbag.py:538} INFO - Filling up the DagBag from /home/ubuntu/.local/lib/python3.10/site-packages/airflow/example_dags/example_branch_labels.py
[2024-02-02T12:58:17.520+0100] {processor.py:840} INFO - DAG(s) 'example_branch_labels' retrieved from /home/ubuntu/.local/lib/python3.10/site-packages/airflow/example_dags/example_branch_labels.py
[2024-02-02T12:58:17.561+0100] {logging_mixin.py:188} INFO - [2024-02-02T12:58:17.561+0100] {dag.py:3033} INFO - Sync 1 DAGs
[2024-02-02T12:58:17.667+0100] {logging_mixin.py:188} INFO - [2024-02-02T12:58:17.666+0100] {dag.py:3820} INFO - Setting next_dagrun for example_branch_labels to 2024-02-01T00:00:00+00:00, run_after=2024-02-02T00:00:00+00:00
[2024-02-02T12:58:17.803+0100] {processor.py:183} INFO - Processing /home/ubuntu/.local/lib/python3.10/site-packages/airflow/example_dags/example_branch_labels.py took 0.329 seconds
[2024-02-02T13:00:02.756+0100] {processor.py:161} INFO - Started process (PID=6065) to work on /home/ubuntu/.local/lib/python3.10/site-packages/airflow/example_dags/example_branch_labels.py
[2024-02-02T13:00:02.762+0100] {processor.py:830} INFO - Processing file /home/ubuntu/.local/lib/python3.10/site-packages/airflow/example_dags/example_branch_labels.py for tasks to queue
[2024-02-02T13:00:02.767+0100] {logging_mixin.py:188} INFO - [2024-02-02T13:00:02.764+0100] {dagbag.py:538} INFO - Filling up the DagBag from /home/ubuntu/.local/lib/python3.10/site-packages/airflow/example_dags/example_branch_labels.py
[2024-02-02T13:00:02.788+0100] {processor.py:840} INFO - DAG(s) 'example_branch_labels' retrieved from /home/ubuntu/.local/lib/python3.10/site-packages/airflow/example_dags/example_branch_labels.py
[2024-02-02T13:00:03.032+0100] {logging_mixin.py:188} INFO - [2024-02-02T13:00:03.031+0100] {dag.py:3033} INFO - Sync 1 DAGs
[2024-02-02T13:00:03.088+0100] {logging_mixin.py:188} INFO - [2024-02-02T13:00:03.088+0100] {dag.py:3820} INFO - Setting next_dagrun for example_branch_labels to 2024-02-01T00:00:00+00:00, run_after=2024-02-02T00:00:00+00:00
[2024-02-02T13:00:03.236+0100] {processor.py:183} INFO - Processing /home/ubuntu/.local/lib/python3.10/site-packages/airflow/example_dags/example_branch_labels.py took 0.491 seconds
[2024-02-02T13:03:21.998+0100] {processor.py:161} INFO - Started process (PID=6482) to work on /home/ubuntu/.local/lib/python3.10/site-packages/airflow/example_dags/example_branch_labels.py
[2024-02-02T13:03:22.066+0100] {processor.py:830} INFO - Processing file /home/ubuntu/.local/lib/python3.10/site-packages/airflow/example_dags/example_branch_labels.py for tasks to queue
[2024-02-02T13:03:22.105+0100] {logging_mixin.py:188} INFO - [2024-02-02T13:03:22.067+0100] {dagbag.py:538} INFO - Filling up the DagBag from /home/ubuntu/.local/lib/python3.10/site-packages/airflow/example_dags/example_branch_labels.py
[2024-02-02T13:03:22.350+0100] {processor.py:840} INFO - DAG(s) 'example_branch_labels' retrieved from /home/ubuntu/.local/lib/python3.10/site-packages/airflow/example_dags/example_branch_labels.py
[2024-02-02T13:03:22.552+0100] {logging_mixin.py:188} INFO - [2024-02-02T13:03:22.551+0100] {dag.py:3033} INFO - Sync 1 DAGs
[2024-02-02T13:03:22.702+0100] {logging_mixin.py:188} INFO - [2024-02-02T13:03:22.702+0100] {dag.py:3820} INFO - Setting next_dagrun for example_branch_labels to 2024-02-01T00:00:00+00:00, run_after=2024-02-02T00:00:00+00:00
[2024-02-02T13:03:22.916+0100] {processor.py:183} INFO - Processing /home/ubuntu/.local/lib/python3.10/site-packages/airflow/example_dags/example_branch_labels.py took 0.926 seconds
[2024-02-02T13:04:45.086+0100] {processor.py:161} INFO - Started process (PID=6608) to work on /home/ubuntu/.local/lib/python3.10/site-packages/airflow/example_dags/example_branch_labels.py
[2024-02-02T13:04:45.147+0100] {processor.py:830} INFO - Processing file /home/ubuntu/.local/lib/python3.10/site-packages/airflow/example_dags/example_branch_labels.py for tasks to queue
[2024-02-02T13:04:45.148+0100] {logging_mixin.py:188} INFO - [2024-02-02T13:04:45.148+0100] {dagbag.py:538} INFO - Filling up the DagBag from /home/ubuntu/.local/lib/python3.10/site-packages/airflow/example_dags/example_branch_labels.py
[2024-02-02T13:04:45.265+0100] {processor.py:840} INFO - DAG(s) 'example_branch_labels' retrieved from /home/ubuntu/.local/lib/python3.10/site-packages/airflow/example_dags/example_branch_labels.py
[2024-02-02T13:04:45.330+0100] {logging_mixin.py:188} INFO - [2024-02-02T13:04:45.329+0100] {dag.py:3033} INFO - Sync 1 DAGs
[2024-02-02T13:04:45.444+0100] {logging_mixin.py:188} INFO - [2024-02-02T13:04:45.443+0100] {dag.py:3820} INFO - Setting next_dagrun for example_branch_labels to 2024-02-01T00:00:00+00:00, run_after=2024-02-02T00:00:00+00:00
[2024-02-02T13:04:45.693+0100] {processor.py:183} INFO - Processing /home/ubuntu/.local/lib/python3.10/site-packages/airflow/example_dags/example_branch_labels.py took 0.623 seconds
[2024-02-02T13:06:38.000+0100] {processor.py:161} INFO - Started process (PID=6733) to work on /home/ubuntu/.local/lib/python3.10/site-packages/airflow/example_dags/example_branch_labels.py
[2024-02-02T13:06:38.003+0100] {processor.py:830} INFO - Processing file /home/ubuntu/.local/lib/python3.10/site-packages/airflow/example_dags/example_branch_labels.py for tasks to queue
[2024-02-02T13:06:38.004+0100] {logging_mixin.py:188} INFO - [2024-02-02T13:06:38.004+0100] {dagbag.py:538} INFO - Filling up the DagBag from /home/ubuntu/.local/lib/python3.10/site-packages/airflow/example_dags/example_branch_labels.py
[2024-02-02T13:06:38.012+0100] {processor.py:840} INFO - DAG(s) 'example_branch_labels' retrieved from /home/ubuntu/.local/lib/python3.10/site-packages/airflow/example_dags/example_branch_labels.py
[2024-02-02T13:06:38.031+0100] {logging_mixin.py:188} INFO - [2024-02-02T13:06:38.031+0100] {dag.py:3033} INFO - Sync 1 DAGs
[2024-02-02T13:06:38.054+0100] {logging_mixin.py:188} INFO - [2024-02-02T13:06:38.054+0100] {dag.py:3820} INFO - Setting next_dagrun for example_branch_labels to 2024-02-01T00:00:00+00:00, run_after=2024-02-02T00:00:00+00:00
[2024-02-02T13:06:38.091+0100] {processor.py:183} INFO - Processing /home/ubuntu/.local/lib/python3.10/site-packages/airflow/example_dags/example_branch_labels.py took 0.094 seconds
[2024-02-02T13:07:44.379+0100] {processor.py:161} INFO - Started process (PID=6807) to work on /home/ubuntu/.local/lib/python3.10/site-packages/airflow/example_dags/example_branch_labels.py
[2024-02-02T13:07:44.381+0100] {processor.py:830} INFO - Processing file /home/ubuntu/.local/lib/python3.10/site-packages/airflow/example_dags/example_branch_labels.py for tasks to queue
[2024-02-02T13:07:44.382+0100] {logging_mixin.py:188} INFO - [2024-02-02T13:07:44.382+0100] {dagbag.py:538} INFO - Filling up the DagBag from /home/ubuntu/.local/lib/python3.10/site-packages/airflow/example_dags/example_branch_labels.py
[2024-02-02T13:07:44.392+0100] {processor.py:840} INFO - DAG(s) 'example_branch_labels' retrieved from /home/ubuntu/.local/lib/python3.10/site-packages/airflow/example_dags/example_branch_labels.py
[2024-02-02T13:07:44.416+0100] {logging_mixin.py:188} INFO - [2024-02-02T13:07:44.415+0100] {dag.py:3033} INFO - Sync 1 DAGs
[2024-02-02T13:07:44.439+0100] {logging_mixin.py:188} INFO - [2024-02-02T13:07:44.438+0100] {dag.py:3820} INFO - Setting next_dagrun for example_branch_labels to 2024-02-01T00:00:00+00:00, run_after=2024-02-02T00:00:00+00:00
[2024-02-02T13:07:44.471+0100] {processor.py:183} INFO - Processing /home/ubuntu/.local/lib/python3.10/site-packages/airflow/example_dags/example_branch_labels.py took 0.096 seconds
[2024-02-02T13:08:53.279+0100] {processor.py:161} INFO - Started process (PID=6886) to work on /home/ubuntu/.local/lib/python3.10/site-packages/airflow/example_dags/example_branch_labels.py
[2024-02-02T13:08:53.283+0100] {processor.py:830} INFO - Processing file /home/ubuntu/.local/lib/python3.10/site-packages/airflow/example_dags/example_branch_labels.py for tasks to queue
[2024-02-02T13:08:53.286+0100] {logging_mixin.py:188} INFO - [2024-02-02T13:08:53.284+0100] {dagbag.py:538} INFO - Filling up the DagBag from /home/ubuntu/.local/lib/python3.10/site-packages/airflow/example_dags/example_branch_labels.py
[2024-02-02T13:08:53.305+0100] {processor.py:840} INFO - DAG(s) 'example_branch_labels' retrieved from /home/ubuntu/.local/lib/python3.10/site-packages/airflow/example_dags/example_branch_labels.py
[2024-02-02T13:08:53.345+0100] {logging_mixin.py:188} INFO - [2024-02-02T13:08:53.344+0100] {dag.py:3033} INFO - Sync 1 DAGs
[2024-02-02T13:08:53.380+0100] {logging_mixin.py:188} INFO - [2024-02-02T13:08:53.379+0100] {dag.py:3820} INFO - Setting next_dagrun for example_branch_labels to 2024-02-01T00:00:00+00:00, run_after=2024-02-02T00:00:00+00:00
[2024-02-02T13:08:53.435+0100] {processor.py:183} INFO - Processing /home/ubuntu/.local/lib/python3.10/site-packages/airflow/example_dags/example_branch_labels.py took 0.166 seconds
[2024-02-02T13:09:49.209+0100] {processor.py:161} INFO - Started process (PID=6959) to work on /home/ubuntu/.local/lib/python3.10/site-packages/airflow/example_dags/example_branch_labels.py
[2024-02-02T13:09:49.212+0100] {processor.py:830} INFO - Processing file /home/ubuntu/.local/lib/python3.10/site-packages/airflow/example_dags/example_branch_labels.py for tasks to queue
[2024-02-02T13:09:49.213+0100] {logging_mixin.py:188} INFO - [2024-02-02T13:09:49.213+0100] {dagbag.py:538} INFO - Filling up the DagBag from /home/ubuntu/.local/lib/python3.10/site-packages/airflow/example_dags/example_branch_labels.py
[2024-02-02T13:09:49.223+0100] {processor.py:840} INFO - DAG(s) 'example_branch_labels' retrieved from /home/ubuntu/.local/lib/python3.10/site-packages/airflow/example_dags/example_branch_labels.py
[2024-02-02T13:09:49.244+0100] {logging_mixin.py:188} INFO - [2024-02-02T13:09:49.244+0100] {dag.py:3033} INFO - Sync 1 DAGs
[2024-02-02T13:09:49.266+0100] {logging_mixin.py:188} INFO - [2024-02-02T13:09:49.266+0100] {dag.py:3820} INFO - Setting next_dagrun for example_branch_labels to 2024-02-01T00:00:00+00:00, run_after=2024-02-02T00:00:00+00:00
[2024-02-02T13:09:49.306+0100] {processor.py:183} INFO - Processing /home/ubuntu/.local/lib/python3.10/site-packages/airflow/example_dags/example_branch_labels.py took 0.101 seconds
[2024-02-02T13:10:48.801+0100] {processor.py:161} INFO - Started process (PID=7642) to work on /home/ubuntu/.local/lib/python3.10/site-packages/airflow/example_dags/example_branch_labels.py
[2024-02-02T13:10:48.866+0100] {processor.py:830} INFO - Processing file /home/ubuntu/.local/lib/python3.10/site-packages/airflow/example_dags/example_branch_labels.py for tasks to queue
[2024-02-02T13:10:48.916+0100] {logging_mixin.py:188} INFO - [2024-02-02T13:10:48.870+0100] {dagbag.py:538} INFO - Filling up the DagBag from /home/ubuntu/.local/lib/python3.10/site-packages/airflow/example_dags/example_branch_labels.py
[2024-02-02T13:10:49.054+0100] {processor.py:840} INFO - DAG(s) 'example_branch_labels' retrieved from /home/ubuntu/.local/lib/python3.10/site-packages/airflow/example_dags/example_branch_labels.py
[2024-02-02T13:10:49.243+0100] {logging_mixin.py:188} INFO - [2024-02-02T13:10:49.243+0100] {dag.py:3033} INFO - Sync 1 DAGs
[2024-02-02T13:10:49.987+0100] {logging_mixin.py:188} INFO - [2024-02-02T13:10:49.987+0100] {dag.py:3820} INFO - Setting next_dagrun for example_branch_labels to 2024-02-01T00:00:00+00:00, run_after=2024-02-02T00:00:00+00:00
[2024-02-02T13:10:50.641+0100] {processor.py:183} INFO - Processing /home/ubuntu/.local/lib/python3.10/site-packages/airflow/example_dags/example_branch_labels.py took 2.074 seconds
