[2024-02-02T08:38:36.183+0100] {processor.py:161} INFO - Started process (PID=23854) to work on /home/ubuntu/.local/lib/python3.10/site-packages/airflow/example_dags/example_local_kubernetes_executor.py
[2024-02-02T08:38:36.185+0100] {processor.py:830} INFO - Processing file /home/ubuntu/.local/lib/python3.10/site-packages/airflow/example_dags/example_local_kubernetes_executor.py for tasks to queue
[2024-02-02T08:38:36.186+0100] {logging_mixin.py:188} INFO - [2024-02-02T08:38:36.186+0100] {dagbag.py:538} INFO - Filling up the DagBag from /home/ubuntu/.local/lib/python3.10/site-packages/airflow/example_dags/example_local_kubernetes_executor.py
[2024-02-02T08:38:36.429+0100] {processor.py:840} INFO - DAG(s) 'example_local_kubernetes_executor' retrieved from /home/ubuntu/.local/lib/python3.10/site-packages/airflow/example_dags/example_local_kubernetes_executor.py
[2024-02-02T08:38:36.442+0100] {logging_mixin.py:188} WARNING - /home/ubuntu/.local/lib/python3.10/site-packages/airflow/serialization/serialized_objects.py:1563 DeprecationWarning: This module is deprecated. The `cncf.kubernetes` provider before version 7.4.0 uses this module - you should migrate to a newer version of `cncf.kubernetes` to get rid of this warning. If you import the module via `airflow.kubernetes` import, please use `cncf.kubernetes' provider 7.4.0+ and switch all your imports to use `apache.airflow.providers.cncf.kubernetes` to get rid of the warning.
[2024-02-02T08:38:36.450+0100] {logging_mixin.py:188} INFO - [2024-02-02T08:38:36.449+0100] {dag.py:3033} INFO - Sync 1 DAGs
[2024-02-02T08:38:36.460+0100] {logging_mixin.py:188} INFO - [2024-02-02T08:38:36.460+0100] {dag.py:3820} INFO - Setting next_dagrun for example_local_kubernetes_executor to None, run_after=None
[2024-02-02T08:38:36.494+0100] {processor.py:183} INFO - Processing /home/ubuntu/.local/lib/python3.10/site-packages/airflow/example_dags/example_local_kubernetes_executor.py took 0.319 seconds
[2024-02-02T08:39:39.916+0100] {processor.py:161} INFO - Started process (PID=23949) to work on /home/ubuntu/.local/lib/python3.10/site-packages/airflow/example_dags/example_local_kubernetes_executor.py
[2024-02-02T08:39:39.919+0100] {processor.py:830} INFO - Processing file /home/ubuntu/.local/lib/python3.10/site-packages/airflow/example_dags/example_local_kubernetes_executor.py for tasks to queue
[2024-02-02T08:39:39.920+0100] {logging_mixin.py:188} INFO - [2024-02-02T08:39:39.920+0100] {dagbag.py:538} INFO - Filling up the DagBag from /home/ubuntu/.local/lib/python3.10/site-packages/airflow/example_dags/example_local_kubernetes_executor.py
[2024-02-02T08:39:40.269+0100] {processor.py:840} INFO - DAG(s) 'example_local_kubernetes_executor' retrieved from /home/ubuntu/.local/lib/python3.10/site-packages/airflow/example_dags/example_local_kubernetes_executor.py
[2024-02-02T08:39:40.289+0100] {logging_mixin.py:188} WARNING - /home/ubuntu/.local/lib/python3.10/site-packages/airflow/serialization/serialized_objects.py:1563 DeprecationWarning: This module is deprecated. The `cncf.kubernetes` provider before version 7.4.0 uses this module - you should migrate to a newer version of `cncf.kubernetes` to get rid of this warning. If you import the module via `airflow.kubernetes` import, please use `cncf.kubernetes' provider 7.4.0+ and switch all your imports to use `apache.airflow.providers.cncf.kubernetes` to get rid of the warning.
[2024-02-02T08:39:40.300+0100] {logging_mixin.py:188} INFO - [2024-02-02T08:39:40.299+0100] {dag.py:3033} INFO - Sync 1 DAGs
[2024-02-02T08:39:40.313+0100] {logging_mixin.py:188} INFO - [2024-02-02T08:39:40.313+0100] {dag.py:3820} INFO - Setting next_dagrun for example_local_kubernetes_executor to None, run_after=None
[2024-02-02T08:39:40.355+0100] {processor.py:183} INFO - Processing /home/ubuntu/.local/lib/python3.10/site-packages/airflow/example_dags/example_local_kubernetes_executor.py took 0.442 seconds
[2024-02-02T12:42:06.617+0100] {processor.py:161} INFO - Started process (PID=4615) to work on /home/ubuntu/.local/lib/python3.10/site-packages/airflow/example_dags/example_local_kubernetes_executor.py
[2024-02-02T12:42:06.619+0100] {processor.py:830} INFO - Processing file /home/ubuntu/.local/lib/python3.10/site-packages/airflow/example_dags/example_local_kubernetes_executor.py for tasks to queue
[2024-02-02T12:42:06.620+0100] {logging_mixin.py:188} INFO - [2024-02-02T12:42:06.620+0100] {dagbag.py:538} INFO - Filling up the DagBag from /home/ubuntu/.local/lib/python3.10/site-packages/airflow/example_dags/example_local_kubernetes_executor.py
[2024-02-02T12:42:06.987+0100] {processor.py:840} INFO - DAG(s) 'example_local_kubernetes_executor' retrieved from /home/ubuntu/.local/lib/python3.10/site-packages/airflow/example_dags/example_local_kubernetes_executor.py
[2024-02-02T12:42:07.002+0100] {logging_mixin.py:188} WARNING - /home/ubuntu/.local/lib/python3.10/site-packages/airflow/serialization/serialized_objects.py:1563 DeprecationWarning: This module is deprecated. The `cncf.kubernetes` provider before version 7.4.0 uses this module - you should migrate to a newer version of `cncf.kubernetes` to get rid of this warning. If you import the module via `airflow.kubernetes` import, please use `cncf.kubernetes' provider 7.4.0+ and switch all your imports to use `apache.airflow.providers.cncf.kubernetes` to get rid of the warning.
[2024-02-02T12:42:07.085+0100] {logging_mixin.py:188} INFO - [2024-02-02T12:42:07.084+0100] {dag.py:3033} INFO - Sync 1 DAGs
[2024-02-02T12:42:07.095+0100] {logging_mixin.py:188} INFO - [2024-02-02T12:42:07.094+0100] {dag.py:3820} INFO - Setting next_dagrun for example_local_kubernetes_executor to None, run_after=None
[2024-02-02T12:42:07.123+0100] {processor.py:183} INFO - Processing /home/ubuntu/.local/lib/python3.10/site-packages/airflow/example_dags/example_local_kubernetes_executor.py took 0.512 seconds
[2024-02-02T12:43:17.390+0100] {processor.py:161} INFO - Started process (PID=4723) to work on /home/ubuntu/.local/lib/python3.10/site-packages/airflow/example_dags/example_local_kubernetes_executor.py
[2024-02-02T12:43:17.427+0100] {processor.py:830} INFO - Processing file /home/ubuntu/.local/lib/python3.10/site-packages/airflow/example_dags/example_local_kubernetes_executor.py for tasks to queue
[2024-02-02T12:43:17.430+0100] {logging_mixin.py:188} INFO - [2024-02-02T12:43:17.429+0100] {dagbag.py:538} INFO - Filling up the DagBag from /home/ubuntu/.local/lib/python3.10/site-packages/airflow/example_dags/example_local_kubernetes_executor.py
[2024-02-02T12:43:18.527+0100] {processor.py:840} INFO - DAG(s) 'example_local_kubernetes_executor' retrieved from /home/ubuntu/.local/lib/python3.10/site-packages/airflow/example_dags/example_local_kubernetes_executor.py
[2024-02-02T12:43:18.554+0100] {logging_mixin.py:188} WARNING - /home/ubuntu/.local/lib/python3.10/site-packages/airflow/serialization/serialized_objects.py:1563 DeprecationWarning: This module is deprecated. The `cncf.kubernetes` provider before version 7.4.0 uses this module - you should migrate to a newer version of `cncf.kubernetes` to get rid of this warning. If you import the module via `airflow.kubernetes` import, please use `cncf.kubernetes' provider 7.4.0+ and switch all your imports to use `apache.airflow.providers.cncf.kubernetes` to get rid of the warning.
[2024-02-02T12:43:18.582+0100] {logging_mixin.py:188} INFO - [2024-02-02T12:43:18.580+0100] {dag.py:3033} INFO - Sync 1 DAGs
[2024-02-02T12:43:18.611+0100] {logging_mixin.py:188} INFO - [2024-02-02T12:43:18.610+0100] {dag.py:3820} INFO - Setting next_dagrun for example_local_kubernetes_executor to None, run_after=None
[2024-02-02T12:43:18.748+0100] {processor.py:183} INFO - Processing /home/ubuntu/.local/lib/python3.10/site-packages/airflow/example_dags/example_local_kubernetes_executor.py took 1.367 seconds
[2024-02-02T12:44:34.917+0100] {processor.py:161} INFO - Started process (PID=4791) to work on /home/ubuntu/.local/lib/python3.10/site-packages/airflow/example_dags/example_local_kubernetes_executor.py
[2024-02-02T12:44:34.923+0100] {processor.py:830} INFO - Processing file /home/ubuntu/.local/lib/python3.10/site-packages/airflow/example_dags/example_local_kubernetes_executor.py for tasks to queue
[2024-02-02T12:44:34.925+0100] {logging_mixin.py:188} INFO - [2024-02-02T12:44:34.925+0100] {dagbag.py:538} INFO - Filling up the DagBag from /home/ubuntu/.local/lib/python3.10/site-packages/airflow/example_dags/example_local_kubernetes_executor.py
[2024-02-02T12:44:35.786+0100] {processor.py:840} INFO - DAG(s) 'example_local_kubernetes_executor' retrieved from /home/ubuntu/.local/lib/python3.10/site-packages/airflow/example_dags/example_local_kubernetes_executor.py
[2024-02-02T12:44:35.818+0100] {logging_mixin.py:188} WARNING - /home/ubuntu/.local/lib/python3.10/site-packages/airflow/serialization/serialized_objects.py:1563 DeprecationWarning: This module is deprecated. The `cncf.kubernetes` provider before version 7.4.0 uses this module - you should migrate to a newer version of `cncf.kubernetes` to get rid of this warning. If you import the module via `airflow.kubernetes` import, please use `cncf.kubernetes' provider 7.4.0+ and switch all your imports to use `apache.airflow.providers.cncf.kubernetes` to get rid of the warning.
[2024-02-02T12:44:35.845+0100] {logging_mixin.py:188} INFO - [2024-02-02T12:44:35.842+0100] {dag.py:3033} INFO - Sync 1 DAGs
[2024-02-02T12:44:35.863+0100] {logging_mixin.py:188} INFO - [2024-02-02T12:44:35.863+0100] {dag.py:3820} INFO - Setting next_dagrun for example_local_kubernetes_executor to None, run_after=None
[2024-02-02T12:44:35.919+0100] {processor.py:183} INFO - Processing /home/ubuntu/.local/lib/python3.10/site-packages/airflow/example_dags/example_local_kubernetes_executor.py took 1.013 seconds
[2024-02-02T12:45:51.451+0100] {processor.py:161} INFO - Started process (PID=4897) to work on /home/ubuntu/.local/lib/python3.10/site-packages/airflow/example_dags/example_local_kubernetes_executor.py
[2024-02-02T12:45:51.461+0100] {processor.py:830} INFO - Processing file /home/ubuntu/.local/lib/python3.10/site-packages/airflow/example_dags/example_local_kubernetes_executor.py for tasks to queue
[2024-02-02T12:45:51.468+0100] {logging_mixin.py:188} INFO - [2024-02-02T12:45:51.467+0100] {dagbag.py:538} INFO - Filling up the DagBag from /home/ubuntu/.local/lib/python3.10/site-packages/airflow/example_dags/example_local_kubernetes_executor.py
[2024-02-02T12:45:52.499+0100] {processor.py:840} INFO - DAG(s) 'example_local_kubernetes_executor' retrieved from /home/ubuntu/.local/lib/python3.10/site-packages/airflow/example_dags/example_local_kubernetes_executor.py
[2024-02-02T12:45:52.552+0100] {logging_mixin.py:188} WARNING - /home/ubuntu/.local/lib/python3.10/site-packages/airflow/serialization/serialized_objects.py:1563 DeprecationWarning: This module is deprecated. The `cncf.kubernetes` provider before version 7.4.0 uses this module - you should migrate to a newer version of `cncf.kubernetes` to get rid of this warning. If you import the module via `airflow.kubernetes` import, please use `cncf.kubernetes' provider 7.4.0+ and switch all your imports to use `apache.airflow.providers.cncf.kubernetes` to get rid of the warning.
[2024-02-02T12:45:52.565+0100] {logging_mixin.py:188} INFO - [2024-02-02T12:45:52.564+0100] {dag.py:3033} INFO - Sync 1 DAGs
[2024-02-02T12:45:52.597+0100] {logging_mixin.py:188} INFO - [2024-02-02T12:45:52.597+0100] {dag.py:3820} INFO - Setting next_dagrun for example_local_kubernetes_executor to None, run_after=None
[2024-02-02T12:45:52.689+0100] {processor.py:183} INFO - Processing /home/ubuntu/.local/lib/python3.10/site-packages/airflow/example_dags/example_local_kubernetes_executor.py took 1.268 seconds
[2024-02-02T12:47:09.987+0100] {processor.py:161} INFO - Started process (PID=4972) to work on /home/ubuntu/.local/lib/python3.10/site-packages/airflow/example_dags/example_local_kubernetes_executor.py
[2024-02-02T12:47:09.990+0100] {processor.py:830} INFO - Processing file /home/ubuntu/.local/lib/python3.10/site-packages/airflow/example_dags/example_local_kubernetes_executor.py for tasks to queue
[2024-02-02T12:47:09.992+0100] {logging_mixin.py:188} INFO - [2024-02-02T12:47:09.991+0100] {dagbag.py:538} INFO - Filling up the DagBag from /home/ubuntu/.local/lib/python3.10/site-packages/airflow/example_dags/example_local_kubernetes_executor.py
[2024-02-02T12:47:10.779+0100] {processor.py:840} INFO - DAG(s) 'example_local_kubernetes_executor' retrieved from /home/ubuntu/.local/lib/python3.10/site-packages/airflow/example_dags/example_local_kubernetes_executor.py
[2024-02-02T12:47:10.825+0100] {logging_mixin.py:188} WARNING - /home/ubuntu/.local/lib/python3.10/site-packages/airflow/serialization/serialized_objects.py:1563 DeprecationWarning: This module is deprecated. The `cncf.kubernetes` provider before version 7.4.0 uses this module - you should migrate to a newer version of `cncf.kubernetes` to get rid of this warning. If you import the module via `airflow.kubernetes` import, please use `cncf.kubernetes' provider 7.4.0+ and switch all your imports to use `apache.airflow.providers.cncf.kubernetes` to get rid of the warning.
[2024-02-02T12:47:10.839+0100] {logging_mixin.py:188} INFO - [2024-02-02T12:47:10.839+0100] {dag.py:3033} INFO - Sync 1 DAGs
[2024-02-02T12:47:10.863+0100] {logging_mixin.py:188} INFO - [2024-02-02T12:47:10.863+0100] {dag.py:3820} INFO - Setting next_dagrun for example_local_kubernetes_executor to None, run_after=None
[2024-02-02T12:47:11.001+0100] {processor.py:183} INFO - Processing /home/ubuntu/.local/lib/python3.10/site-packages/airflow/example_dags/example_local_kubernetes_executor.py took 1.023 seconds
[2024-02-02T12:48:39.968+0100] {processor.py:161} INFO - Started process (PID=5051) to work on /home/ubuntu/.local/lib/python3.10/site-packages/airflow/example_dags/example_local_kubernetes_executor.py
[2024-02-02T12:48:40.001+0100] {processor.py:830} INFO - Processing file /home/ubuntu/.local/lib/python3.10/site-packages/airflow/example_dags/example_local_kubernetes_executor.py for tasks to queue
[2024-02-02T12:48:40.007+0100] {logging_mixin.py:188} INFO - [2024-02-02T12:48:40.002+0100] {dagbag.py:538} INFO - Filling up the DagBag from /home/ubuntu/.local/lib/python3.10/site-packages/airflow/example_dags/example_local_kubernetes_executor.py
[2024-02-02T12:48:41.186+0100] {processor.py:840} INFO - DAG(s) 'example_local_kubernetes_executor' retrieved from /home/ubuntu/.local/lib/python3.10/site-packages/airflow/example_dags/example_local_kubernetes_executor.py
[2024-02-02T12:48:41.226+0100] {logging_mixin.py:188} WARNING - /home/ubuntu/.local/lib/python3.10/site-packages/airflow/serialization/serialized_objects.py:1563 DeprecationWarning: This module is deprecated. The `cncf.kubernetes` provider before version 7.4.0 uses this module - you should migrate to a newer version of `cncf.kubernetes` to get rid of this warning. If you import the module via `airflow.kubernetes` import, please use `cncf.kubernetes' provider 7.4.0+ and switch all your imports to use `apache.airflow.providers.cncf.kubernetes` to get rid of the warning.
[2024-02-02T12:48:41.252+0100] {logging_mixin.py:188} INFO - [2024-02-02T12:48:41.249+0100] {dag.py:3033} INFO - Sync 1 DAGs
[2024-02-02T12:48:41.272+0100] {logging_mixin.py:188} INFO - [2024-02-02T12:48:41.271+0100] {dag.py:3820} INFO - Setting next_dagrun for example_local_kubernetes_executor to None, run_after=None
[2024-02-02T12:48:41.384+0100] {processor.py:183} INFO - Processing /home/ubuntu/.local/lib/python3.10/site-packages/airflow/example_dags/example_local_kubernetes_executor.py took 1.429 seconds
[2024-02-02T12:50:04.608+0100] {processor.py:161} INFO - Started process (PID=5120) to work on /home/ubuntu/.local/lib/python3.10/site-packages/airflow/example_dags/example_local_kubernetes_executor.py
[2024-02-02T12:50:04.612+0100] {processor.py:830} INFO - Processing file /home/ubuntu/.local/lib/python3.10/site-packages/airflow/example_dags/example_local_kubernetes_executor.py for tasks to queue
[2024-02-02T12:50:04.614+0100] {logging_mixin.py:188} INFO - [2024-02-02T12:50:04.613+0100] {dagbag.py:538} INFO - Filling up the DagBag from /home/ubuntu/.local/lib/python3.10/site-packages/airflow/example_dags/example_local_kubernetes_executor.py
[2024-02-02T12:50:05.704+0100] {processor.py:840} INFO - DAG(s) 'example_local_kubernetes_executor' retrieved from /home/ubuntu/.local/lib/python3.10/site-packages/airflow/example_dags/example_local_kubernetes_executor.py
[2024-02-02T12:50:05.799+0100] {logging_mixin.py:188} WARNING - /home/ubuntu/.local/lib/python3.10/site-packages/airflow/serialization/serialized_objects.py:1563 DeprecationWarning: This module is deprecated. The `cncf.kubernetes` provider before version 7.4.0 uses this module - you should migrate to a newer version of `cncf.kubernetes` to get rid of this warning. If you import the module via `airflow.kubernetes` import, please use `cncf.kubernetes' provider 7.4.0+ and switch all your imports to use `apache.airflow.providers.cncf.kubernetes` to get rid of the warning.
[2024-02-02T12:50:05.837+0100] {logging_mixin.py:188} INFO - [2024-02-02T12:50:05.827+0100] {dag.py:3033} INFO - Sync 1 DAGs
[2024-02-02T12:50:05.887+0100] {logging_mixin.py:188} INFO - [2024-02-02T12:50:05.887+0100] {dag.py:3820} INFO - Setting next_dagrun for example_local_kubernetes_executor to None, run_after=None
[2024-02-02T12:50:05.968+0100] {processor.py:183} INFO - Processing /home/ubuntu/.local/lib/python3.10/site-packages/airflow/example_dags/example_local_kubernetes_executor.py took 1.366 seconds
[2024-02-02T12:51:22.754+0100] {processor.py:161} INFO - Started process (PID=5186) to work on /home/ubuntu/.local/lib/python3.10/site-packages/airflow/example_dags/example_local_kubernetes_executor.py
[2024-02-02T12:51:22.757+0100] {processor.py:830} INFO - Processing file /home/ubuntu/.local/lib/python3.10/site-packages/airflow/example_dags/example_local_kubernetes_executor.py for tasks to queue
[2024-02-02T12:51:22.759+0100] {logging_mixin.py:188} INFO - [2024-02-02T12:51:22.759+0100] {dagbag.py:538} INFO - Filling up the DagBag from /home/ubuntu/.local/lib/python3.10/site-packages/airflow/example_dags/example_local_kubernetes_executor.py
[2024-02-02T12:51:23.580+0100] {processor.py:840} INFO - DAG(s) 'example_local_kubernetes_executor' retrieved from /home/ubuntu/.local/lib/python3.10/site-packages/airflow/example_dags/example_local_kubernetes_executor.py
[2024-02-02T12:51:23.620+0100] {logging_mixin.py:188} WARNING - /home/ubuntu/.local/lib/python3.10/site-packages/airflow/serialization/serialized_objects.py:1563 DeprecationWarning: This module is deprecated. The `cncf.kubernetes` provider before version 7.4.0 uses this module - you should migrate to a newer version of `cncf.kubernetes` to get rid of this warning. If you import the module via `airflow.kubernetes` import, please use `cncf.kubernetes' provider 7.4.0+ and switch all your imports to use `apache.airflow.providers.cncf.kubernetes` to get rid of the warning.
[2024-02-02T12:51:23.648+0100] {logging_mixin.py:188} INFO - [2024-02-02T12:51:23.644+0100] {dag.py:3033} INFO - Sync 1 DAGs
[2024-02-02T12:51:23.683+0100] {logging_mixin.py:188} INFO - [2024-02-02T12:51:23.683+0100] {dag.py:3820} INFO - Setting next_dagrun for example_local_kubernetes_executor to None, run_after=None
[2024-02-02T12:51:23.758+0100] {processor.py:183} INFO - Processing /home/ubuntu/.local/lib/python3.10/site-packages/airflow/example_dags/example_local_kubernetes_executor.py took 1.008 seconds
[2024-02-02T12:52:35.957+0100] {processor.py:161} INFO - Started process (PID=5250) to work on /home/ubuntu/.local/lib/python3.10/site-packages/airflow/example_dags/example_local_kubernetes_executor.py
[2024-02-02T12:52:35.975+0100] {processor.py:830} INFO - Processing file /home/ubuntu/.local/lib/python3.10/site-packages/airflow/example_dags/example_local_kubernetes_executor.py for tasks to queue
[2024-02-02T12:52:35.979+0100] {logging_mixin.py:188} INFO - [2024-02-02T12:52:35.979+0100] {dagbag.py:538} INFO - Filling up the DagBag from /home/ubuntu/.local/lib/python3.10/site-packages/airflow/example_dags/example_local_kubernetes_executor.py
[2024-02-02T12:52:36.797+0100] {processor.py:840} INFO - DAG(s) 'example_local_kubernetes_executor' retrieved from /home/ubuntu/.local/lib/python3.10/site-packages/airflow/example_dags/example_local_kubernetes_executor.py
[2024-02-02T12:52:36.820+0100] {logging_mixin.py:188} WARNING - /home/ubuntu/.local/lib/python3.10/site-packages/airflow/serialization/serialized_objects.py:1563 DeprecationWarning: This module is deprecated. The `cncf.kubernetes` provider before version 7.4.0 uses this module - you should migrate to a newer version of `cncf.kubernetes` to get rid of this warning. If you import the module via `airflow.kubernetes` import, please use `cncf.kubernetes' provider 7.4.0+ and switch all your imports to use `apache.airflow.providers.cncf.kubernetes` to get rid of the warning.
[2024-02-02T12:52:36.834+0100] {logging_mixin.py:188} INFO - [2024-02-02T12:52:36.833+0100] {dag.py:3033} INFO - Sync 1 DAGs
[2024-02-02T12:52:36.854+0100] {logging_mixin.py:188} INFO - [2024-02-02T12:52:36.853+0100] {dag.py:3820} INFO - Setting next_dagrun for example_local_kubernetes_executor to None, run_after=None
[2024-02-02T12:52:37.017+0100] {processor.py:183} INFO - Processing /home/ubuntu/.local/lib/python3.10/site-packages/airflow/example_dags/example_local_kubernetes_executor.py took 1.065 seconds
[2024-02-02T12:53:52.848+0100] {processor.py:161} INFO - Started process (PID=5323) to work on /home/ubuntu/.local/lib/python3.10/site-packages/airflow/example_dags/example_local_kubernetes_executor.py
[2024-02-02T12:53:52.862+0100] {processor.py:830} INFO - Processing file /home/ubuntu/.local/lib/python3.10/site-packages/airflow/example_dags/example_local_kubernetes_executor.py for tasks to queue
[2024-02-02T12:53:52.863+0100] {logging_mixin.py:188} INFO - [2024-02-02T12:53:52.863+0100] {dagbag.py:538} INFO - Filling up the DagBag from /home/ubuntu/.local/lib/python3.10/site-packages/airflow/example_dags/example_local_kubernetes_executor.py
[2024-02-02T12:53:53.539+0100] {processor.py:840} INFO - DAG(s) 'example_local_kubernetes_executor' retrieved from /home/ubuntu/.local/lib/python3.10/site-packages/airflow/example_dags/example_local_kubernetes_executor.py
[2024-02-02T12:53:53.577+0100] {logging_mixin.py:188} WARNING - /home/ubuntu/.local/lib/python3.10/site-packages/airflow/serialization/serialized_objects.py:1563 DeprecationWarning: This module is deprecated. The `cncf.kubernetes` provider before version 7.4.0 uses this module - you should migrate to a newer version of `cncf.kubernetes` to get rid of this warning. If you import the module via `airflow.kubernetes` import, please use `cncf.kubernetes' provider 7.4.0+ and switch all your imports to use `apache.airflow.providers.cncf.kubernetes` to get rid of the warning.
[2024-02-02T12:53:53.592+0100] {logging_mixin.py:188} INFO - [2024-02-02T12:53:53.590+0100] {dag.py:3033} INFO - Sync 1 DAGs
[2024-02-02T12:53:53.681+0100] {logging_mixin.py:188} INFO - [2024-02-02T12:53:53.664+0100] {dag.py:3820} INFO - Setting next_dagrun for example_local_kubernetes_executor to None, run_after=None
[2024-02-02T12:53:53.747+0100] {processor.py:183} INFO - Processing /home/ubuntu/.local/lib/python3.10/site-packages/airflow/example_dags/example_local_kubernetes_executor.py took 0.905 seconds
[2024-02-02T12:55:10.052+0100] {processor.py:161} INFO - Started process (PID=5389) to work on /home/ubuntu/.local/lib/python3.10/site-packages/airflow/example_dags/example_local_kubernetes_executor.py
[2024-02-02T12:55:10.071+0100] {processor.py:830} INFO - Processing file /home/ubuntu/.local/lib/python3.10/site-packages/airflow/example_dags/example_local_kubernetes_executor.py for tasks to queue
[2024-02-02T12:55:10.076+0100] {logging_mixin.py:188} INFO - [2024-02-02T12:55:10.075+0100] {dagbag.py:538} INFO - Filling up the DagBag from /home/ubuntu/.local/lib/python3.10/site-packages/airflow/example_dags/example_local_kubernetes_executor.py
[2024-02-02T12:55:10.852+0100] {processor.py:840} INFO - DAG(s) 'example_local_kubernetes_executor' retrieved from /home/ubuntu/.local/lib/python3.10/site-packages/airflow/example_dags/example_local_kubernetes_executor.py
[2024-02-02T12:55:10.907+0100] {logging_mixin.py:188} WARNING - /home/ubuntu/.local/lib/python3.10/site-packages/airflow/serialization/serialized_objects.py:1563 DeprecationWarning: This module is deprecated. The `cncf.kubernetes` provider before version 7.4.0 uses this module - you should migrate to a newer version of `cncf.kubernetes` to get rid of this warning. If you import the module via `airflow.kubernetes` import, please use `cncf.kubernetes' provider 7.4.0+ and switch all your imports to use `apache.airflow.providers.cncf.kubernetes` to get rid of the warning.
[2024-02-02T12:55:10.918+0100] {logging_mixin.py:188} INFO - [2024-02-02T12:55:10.917+0100] {dag.py:3033} INFO - Sync 1 DAGs
[2024-02-02T12:55:10.935+0100] {logging_mixin.py:188} INFO - [2024-02-02T12:55:10.934+0100] {dag.py:3820} INFO - Setting next_dagrun for example_local_kubernetes_executor to None, run_after=None
[2024-02-02T12:55:10.989+0100] {processor.py:183} INFO - Processing /home/ubuntu/.local/lib/python3.10/site-packages/airflow/example_dags/example_local_kubernetes_executor.py took 0.943 seconds
[2024-02-02T12:56:22.770+0100] {processor.py:161} INFO - Started process (PID=5450) to work on /home/ubuntu/.local/lib/python3.10/site-packages/airflow/example_dags/example_local_kubernetes_executor.py
[2024-02-02T12:56:22.795+0100] {processor.py:830} INFO - Processing file /home/ubuntu/.local/lib/python3.10/site-packages/airflow/example_dags/example_local_kubernetes_executor.py for tasks to queue
[2024-02-02T12:56:22.797+0100] {logging_mixin.py:188} INFO - [2024-02-02T12:56:22.796+0100] {dagbag.py:538} INFO - Filling up the DagBag from /home/ubuntu/.local/lib/python3.10/site-packages/airflow/example_dags/example_local_kubernetes_executor.py
[2024-02-02T12:56:23.621+0100] {processor.py:840} INFO - DAG(s) 'example_local_kubernetes_executor' retrieved from /home/ubuntu/.local/lib/python3.10/site-packages/airflow/example_dags/example_local_kubernetes_executor.py
[2024-02-02T12:56:23.686+0100] {logging_mixin.py:188} WARNING - /home/ubuntu/.local/lib/python3.10/site-packages/airflow/serialization/serialized_objects.py:1563 DeprecationWarning: This module is deprecated. The `cncf.kubernetes` provider before version 7.4.0 uses this module - you should migrate to a newer version of `cncf.kubernetes` to get rid of this warning. If you import the module via `airflow.kubernetes` import, please use `cncf.kubernetes' provider 7.4.0+ and switch all your imports to use `apache.airflow.providers.cncf.kubernetes` to get rid of the warning.
[2024-02-02T12:56:23.712+0100] {logging_mixin.py:188} INFO - [2024-02-02T12:56:23.709+0100] {dag.py:3033} INFO - Sync 1 DAGs
[2024-02-02T12:56:23.749+0100] {logging_mixin.py:188} INFO - [2024-02-02T12:56:23.746+0100] {dag.py:3820} INFO - Setting next_dagrun for example_local_kubernetes_executor to None, run_after=None
[2024-02-02T12:56:23.832+0100] {processor.py:183} INFO - Processing /home/ubuntu/.local/lib/python3.10/site-packages/airflow/example_dags/example_local_kubernetes_executor.py took 1.087 seconds
[2024-02-02T12:57:35.050+0100] {processor.py:161} INFO - Started process (PID=5528) to work on /home/ubuntu/.local/lib/python3.10/site-packages/airflow/example_dags/example_local_kubernetes_executor.py
[2024-02-02T12:57:35.057+0100] {processor.py:830} INFO - Processing file /home/ubuntu/.local/lib/python3.10/site-packages/airflow/example_dags/example_local_kubernetes_executor.py for tasks to queue
[2024-02-02T12:57:35.059+0100] {logging_mixin.py:188} INFO - [2024-02-02T12:57:35.058+0100] {dagbag.py:538} INFO - Filling up the DagBag from /home/ubuntu/.local/lib/python3.10/site-packages/airflow/example_dags/example_local_kubernetes_executor.py
[2024-02-02T12:57:36.210+0100] {processor.py:840} INFO - DAG(s) 'example_local_kubernetes_executor' retrieved from /home/ubuntu/.local/lib/python3.10/site-packages/airflow/example_dags/example_local_kubernetes_executor.py
[2024-02-02T12:57:36.265+0100] {logging_mixin.py:188} WARNING - /home/ubuntu/.local/lib/python3.10/site-packages/airflow/serialization/serialized_objects.py:1563 DeprecationWarning: This module is deprecated. The `cncf.kubernetes` provider before version 7.4.0 uses this module - you should migrate to a newer version of `cncf.kubernetes` to get rid of this warning. If you import the module via `airflow.kubernetes` import, please use `cncf.kubernetes' provider 7.4.0+ and switch all your imports to use `apache.airflow.providers.cncf.kubernetes` to get rid of the warning.
[2024-02-02T12:57:36.276+0100] {logging_mixin.py:188} INFO - [2024-02-02T12:57:36.275+0100] {dag.py:3033} INFO - Sync 1 DAGs
[2024-02-02T12:57:36.318+0100] {logging_mixin.py:188} INFO - [2024-02-02T12:57:36.318+0100] {dag.py:3820} INFO - Setting next_dagrun for example_local_kubernetes_executor to None, run_after=None
[2024-02-02T12:57:36.509+0100] {processor.py:183} INFO - Processing /home/ubuntu/.local/lib/python3.10/site-packages/airflow/example_dags/example_local_kubernetes_executor.py took 1.467 seconds
[2024-02-02T12:59:03.711+0100] {processor.py:161} INFO - Started process (PID=5601) to work on /home/ubuntu/.local/lib/python3.10/site-packages/airflow/example_dags/example_local_kubernetes_executor.py
[2024-02-02T12:59:03.724+0100] {processor.py:830} INFO - Processing file /home/ubuntu/.local/lib/python3.10/site-packages/airflow/example_dags/example_local_kubernetes_executor.py for tasks to queue
[2024-02-02T12:59:03.729+0100] {logging_mixin.py:188} INFO - [2024-02-02T12:59:03.725+0100] {dagbag.py:538} INFO - Filling up the DagBag from /home/ubuntu/.local/lib/python3.10/site-packages/airflow/example_dags/example_local_kubernetes_executor.py
[2024-02-02T12:59:05.029+0100] {processor.py:840} INFO - DAG(s) 'example_local_kubernetes_executor' retrieved from /home/ubuntu/.local/lib/python3.10/site-packages/airflow/example_dags/example_local_kubernetes_executor.py
[2024-02-02T12:59:05.077+0100] {logging_mixin.py:188} WARNING - /home/ubuntu/.local/lib/python3.10/site-packages/airflow/serialization/serialized_objects.py:1563 DeprecationWarning: This module is deprecated. The `cncf.kubernetes` provider before version 7.4.0 uses this module - you should migrate to a newer version of `cncf.kubernetes` to get rid of this warning. If you import the module via `airflow.kubernetes` import, please use `cncf.kubernetes' provider 7.4.0+ and switch all your imports to use `apache.airflow.providers.cncf.kubernetes` to get rid of the warning.
[2024-02-02T12:59:05.097+0100] {logging_mixin.py:188} INFO - [2024-02-02T12:59:05.096+0100] {dag.py:3033} INFO - Sync 1 DAGs
[2024-02-02T12:59:05.146+0100] {logging_mixin.py:188} INFO - [2024-02-02T12:59:05.145+0100] {dag.py:3820} INFO - Setting next_dagrun for example_local_kubernetes_executor to None, run_after=None
[2024-02-02T12:59:05.409+0100] {processor.py:183} INFO - Processing /home/ubuntu/.local/lib/python3.10/site-packages/airflow/example_dags/example_local_kubernetes_executor.py took 1.706 seconds
[2024-02-02T13:01:56.457+0100] {processor.py:161} INFO - Started process (PID=6360) to work on /home/ubuntu/.local/lib/python3.10/site-packages/airflow/example_dags/example_local_kubernetes_executor.py
[2024-02-02T13:01:56.494+0100] {processor.py:830} INFO - Processing file /home/ubuntu/.local/lib/python3.10/site-packages/airflow/example_dags/example_local_kubernetes_executor.py for tasks to queue
[2024-02-02T13:01:56.498+0100] {logging_mixin.py:188} INFO - [2024-02-02T13:01:56.497+0100] {dagbag.py:538} INFO - Filling up the DagBag from /home/ubuntu/.local/lib/python3.10/site-packages/airflow/example_dags/example_local_kubernetes_executor.py
[2024-02-02T13:02:03.956+0100] {processor.py:840} INFO - DAG(s) 'example_local_kubernetes_executor' retrieved from /home/ubuntu/.local/lib/python3.10/site-packages/airflow/example_dags/example_local_kubernetes_executor.py
[2024-02-02T13:02:04.075+0100] {logging_mixin.py:188} WARNING - /home/ubuntu/.local/lib/python3.10/site-packages/airflow/serialization/serialized_objects.py:1563 DeprecationWarning: This module is deprecated. The `cncf.kubernetes` provider before version 7.4.0 uses this module - you should migrate to a newer version of `cncf.kubernetes` to get rid of this warning. If you import the module via `airflow.kubernetes` import, please use `cncf.kubernetes' provider 7.4.0+ and switch all your imports to use `apache.airflow.providers.cncf.kubernetes` to get rid of the warning.
[2024-02-02T13:02:04.114+0100] {logging_mixin.py:188} INFO - [2024-02-02T13:02:04.109+0100] {dag.py:3033} INFO - Sync 1 DAGs
[2024-02-02T13:02:04.168+0100] {logging_mixin.py:188} INFO - [2024-02-02T13:02:04.168+0100] {dag.py:3820} INFO - Setting next_dagrun for example_local_kubernetes_executor to None, run_after=None
[2024-02-02T13:02:04.412+0100] {processor.py:183} INFO - Processing /home/ubuntu/.local/lib/python3.10/site-packages/airflow/example_dags/example_local_kubernetes_executor.py took 7.966 seconds
[2024-02-02T13:04:53.715+0100] {processor.py:161} INFO - Started process (PID=6613) to work on /home/ubuntu/.local/lib/python3.10/site-packages/airflow/example_dags/example_local_kubernetes_executor.py
[2024-02-02T13:04:53.742+0100] {processor.py:830} INFO - Processing file /home/ubuntu/.local/lib/python3.10/site-packages/airflow/example_dags/example_local_kubernetes_executor.py for tasks to queue
[2024-02-02T13:04:53.745+0100] {logging_mixin.py:188} INFO - [2024-02-02T13:04:53.743+0100] {dagbag.py:538} INFO - Filling up the DagBag from /home/ubuntu/.local/lib/python3.10/site-packages/airflow/example_dags/example_local_kubernetes_executor.py
[2024-02-02T13:04:54.572+0100] {processor.py:840} INFO - DAG(s) 'example_local_kubernetes_executor' retrieved from /home/ubuntu/.local/lib/python3.10/site-packages/airflow/example_dags/example_local_kubernetes_executor.py
[2024-02-02T13:04:54.606+0100] {logging_mixin.py:188} WARNING - /home/ubuntu/.local/lib/python3.10/site-packages/airflow/serialization/serialized_objects.py:1563 DeprecationWarning: This module is deprecated. The `cncf.kubernetes` provider before version 7.4.0 uses this module - you should migrate to a newer version of `cncf.kubernetes` to get rid of this warning. If you import the module via `airflow.kubernetes` import, please use `cncf.kubernetes' provider 7.4.0+ and switch all your imports to use `apache.airflow.providers.cncf.kubernetes` to get rid of the warning.
[2024-02-02T13:04:54.691+0100] {logging_mixin.py:188} INFO - [2024-02-02T13:04:54.690+0100] {dag.py:3033} INFO - Sync 1 DAGs
[2024-02-02T13:04:54.756+0100] {logging_mixin.py:188} INFO - [2024-02-02T13:04:54.756+0100] {dag.py:3820} INFO - Setting next_dagrun for example_local_kubernetes_executor to None, run_after=None
[2024-02-02T13:04:55.088+0100] {processor.py:183} INFO - Processing /home/ubuntu/.local/lib/python3.10/site-packages/airflow/example_dags/example_local_kubernetes_executor.py took 1.398 seconds
[2024-02-02T13:06:43.170+0100] {processor.py:161} INFO - Started process (PID=6736) to work on /home/ubuntu/.local/lib/python3.10/site-packages/airflow/example_dags/example_local_kubernetes_executor.py
[2024-02-02T13:06:43.173+0100] {processor.py:830} INFO - Processing file /home/ubuntu/.local/lib/python3.10/site-packages/airflow/example_dags/example_local_kubernetes_executor.py for tasks to queue
[2024-02-02T13:06:43.174+0100] {logging_mixin.py:188} INFO - [2024-02-02T13:06:43.174+0100] {dagbag.py:538} INFO - Filling up the DagBag from /home/ubuntu/.local/lib/python3.10/site-packages/airflow/example_dags/example_local_kubernetes_executor.py
[2024-02-02T13:06:44.273+0100] {processor.py:840} INFO - DAG(s) 'example_local_kubernetes_executor' retrieved from /home/ubuntu/.local/lib/python3.10/site-packages/airflow/example_dags/example_local_kubernetes_executor.py
[2024-02-02T13:06:44.288+0100] {logging_mixin.py:188} WARNING - /home/ubuntu/.local/lib/python3.10/site-packages/airflow/serialization/serialized_objects.py:1563 DeprecationWarning: This module is deprecated. The `cncf.kubernetes` provider before version 7.4.0 uses this module - you should migrate to a newer version of `cncf.kubernetes` to get rid of this warning. If you import the module via `airflow.kubernetes` import, please use `cncf.kubernetes' provider 7.4.0+ and switch all your imports to use `apache.airflow.providers.cncf.kubernetes` to get rid of the warning.
[2024-02-02T13:06:44.298+0100] {logging_mixin.py:188} INFO - [2024-02-02T13:06:44.297+0100] {dag.py:3033} INFO - Sync 1 DAGs
[2024-02-02T13:06:44.337+0100] {logging_mixin.py:188} INFO - [2024-02-02T13:06:44.336+0100] {dag.py:3820} INFO - Setting next_dagrun for example_local_kubernetes_executor to None, run_after=None
[2024-02-02T13:06:44.389+0100] {processor.py:183} INFO - Processing /home/ubuntu/.local/lib/python3.10/site-packages/airflow/example_dags/example_local_kubernetes_executor.py took 1.223 seconds
[2024-02-02T13:07:49.546+0100] {processor.py:161} INFO - Started process (PID=6811) to work on /home/ubuntu/.local/lib/python3.10/site-packages/airflow/example_dags/example_local_kubernetes_executor.py
[2024-02-02T13:07:49.550+0100] {processor.py:830} INFO - Processing file /home/ubuntu/.local/lib/python3.10/site-packages/airflow/example_dags/example_local_kubernetes_executor.py for tasks to queue
[2024-02-02T13:07:49.552+0100] {logging_mixin.py:188} INFO - [2024-02-02T13:07:49.551+0100] {dagbag.py:538} INFO - Filling up the DagBag from /home/ubuntu/.local/lib/python3.10/site-packages/airflow/example_dags/example_local_kubernetes_executor.py
[2024-02-02T13:07:51.567+0100] {processor.py:840} INFO - DAG(s) 'example_local_kubernetes_executor' retrieved from /home/ubuntu/.local/lib/python3.10/site-packages/airflow/example_dags/example_local_kubernetes_executor.py
[2024-02-02T13:07:51.638+0100] {logging_mixin.py:188} WARNING - /home/ubuntu/.local/lib/python3.10/site-packages/airflow/serialization/serialized_objects.py:1563 DeprecationWarning: This module is deprecated. The `cncf.kubernetes` provider before version 7.4.0 uses this module - you should migrate to a newer version of `cncf.kubernetes` to get rid of this warning. If you import the module via `airflow.kubernetes` import, please use `cncf.kubernetes' provider 7.4.0+ and switch all your imports to use `apache.airflow.providers.cncf.kubernetes` to get rid of the warning.
[2024-02-02T13:07:51.651+0100] {logging_mixin.py:188} INFO - [2024-02-02T13:07:51.649+0100] {dag.py:3033} INFO - Sync 1 DAGs
[2024-02-02T13:07:51.699+0100] {logging_mixin.py:188} INFO - [2024-02-02T13:07:51.699+0100] {dag.py:3820} INFO - Setting next_dagrun for example_local_kubernetes_executor to None, run_after=None
[2024-02-02T13:07:51.932+0100] {processor.py:183} INFO - Processing /home/ubuntu/.local/lib/python3.10/site-packages/airflow/example_dags/example_local_kubernetes_executor.py took 2.390 seconds
[2024-02-02T13:08:58.626+0100] {processor.py:161} INFO - Started process (PID=6898) to work on /home/ubuntu/.local/lib/python3.10/site-packages/airflow/example_dags/example_local_kubernetes_executor.py
[2024-02-02T13:08:58.631+0100] {processor.py:830} INFO - Processing file /home/ubuntu/.local/lib/python3.10/site-packages/airflow/example_dags/example_local_kubernetes_executor.py for tasks to queue
[2024-02-02T13:08:58.633+0100] {logging_mixin.py:188} INFO - [2024-02-02T13:08:58.632+0100] {dagbag.py:538} INFO - Filling up the DagBag from /home/ubuntu/.local/lib/python3.10/site-packages/airflow/example_dags/example_local_kubernetes_executor.py
[2024-02-02T13:08:59.670+0100] {processor.py:840} INFO - DAG(s) 'example_local_kubernetes_executor' retrieved from /home/ubuntu/.local/lib/python3.10/site-packages/airflow/example_dags/example_local_kubernetes_executor.py
[2024-02-02T13:08:59.688+0100] {logging_mixin.py:188} WARNING - /home/ubuntu/.local/lib/python3.10/site-packages/airflow/serialization/serialized_objects.py:1563 DeprecationWarning: This module is deprecated. The `cncf.kubernetes` provider before version 7.4.0 uses this module - you should migrate to a newer version of `cncf.kubernetes` to get rid of this warning. If you import the module via `airflow.kubernetes` import, please use `cncf.kubernetes' provider 7.4.0+ and switch all your imports to use `apache.airflow.providers.cncf.kubernetes` to get rid of the warning.
[2024-02-02T13:08:59.698+0100] {logging_mixin.py:188} INFO - [2024-02-02T13:08:59.697+0100] {dag.py:3033} INFO - Sync 1 DAGs
[2024-02-02T13:08:59.713+0100] {logging_mixin.py:188} INFO - [2024-02-02T13:08:59.713+0100] {dag.py:3820} INFO - Setting next_dagrun for example_local_kubernetes_executor to None, run_after=None
[2024-02-02T13:08:59.760+0100] {processor.py:183} INFO - Processing /home/ubuntu/.local/lib/python3.10/site-packages/airflow/example_dags/example_local_kubernetes_executor.py took 1.140 seconds
[2024-02-02T13:09:53.217+0100] {processor.py:161} INFO - Started process (PID=6962) to work on /home/ubuntu/.local/lib/python3.10/site-packages/airflow/example_dags/example_local_kubernetes_executor.py
[2024-02-02T13:09:53.220+0100] {processor.py:830} INFO - Processing file /home/ubuntu/.local/lib/python3.10/site-packages/airflow/example_dags/example_local_kubernetes_executor.py for tasks to queue
[2024-02-02T13:09:53.222+0100] {logging_mixin.py:188} INFO - [2024-02-02T13:09:53.221+0100] {dagbag.py:538} INFO - Filling up the DagBag from /home/ubuntu/.local/lib/python3.10/site-packages/airflow/example_dags/example_local_kubernetes_executor.py
[2024-02-02T13:09:53.607+0100] {processor.py:840} INFO - DAG(s) 'example_local_kubernetes_executor' retrieved from /home/ubuntu/.local/lib/python3.10/site-packages/airflow/example_dags/example_local_kubernetes_executor.py
[2024-02-02T13:09:53.626+0100] {logging_mixin.py:188} WARNING - /home/ubuntu/.local/lib/python3.10/site-packages/airflow/serialization/serialized_objects.py:1563 DeprecationWarning: This module is deprecated. The `cncf.kubernetes` provider before version 7.4.0 uses this module - you should migrate to a newer version of `cncf.kubernetes` to get rid of this warning. If you import the module via `airflow.kubernetes` import, please use `cncf.kubernetes' provider 7.4.0+ and switch all your imports to use `apache.airflow.providers.cncf.kubernetes` to get rid of the warning.
[2024-02-02T13:09:53.635+0100] {logging_mixin.py:188} INFO - [2024-02-02T13:09:53.634+0100] {dag.py:3033} INFO - Sync 1 DAGs
[2024-02-02T13:09:53.650+0100] {logging_mixin.py:188} INFO - [2024-02-02T13:09:53.650+0100] {dag.py:3820} INFO - Setting next_dagrun for example_local_kubernetes_executor to None, run_after=None
[2024-02-02T13:09:53.688+0100] {processor.py:183} INFO - Processing /home/ubuntu/.local/lib/python3.10/site-packages/airflow/example_dags/example_local_kubernetes_executor.py took 0.476 seconds
