[2024-02-02T08:38:18.327+0100] {processor.py:161} INFO - Started process (PID=23834) to work on /home/ubuntu/.local/lib/python3.10/site-packages/airflow/example_dags/example_dynamic_task_mapping.py
[2024-02-02T08:38:18.328+0100] {processor.py:830} INFO - Processing file /home/ubuntu/.local/lib/python3.10/site-packages/airflow/example_dags/example_dynamic_task_mapping.py for tasks to queue
[2024-02-02T08:38:18.329+0100] {logging_mixin.py:188} INFO - [2024-02-02T08:38:18.329+0100] {dagbag.py:538} INFO - Filling up the DagBag from /home/ubuntu/.local/lib/python3.10/site-packages/airflow/example_dags/example_dynamic_task_mapping.py
[2024-02-02T08:38:18.335+0100] {processor.py:840} INFO - DAG(s) 'example_dynamic_task_mapping' retrieved from /home/ubuntu/.local/lib/python3.10/site-packages/airflow/example_dags/example_dynamic_task_mapping.py
[2024-02-02T08:38:18.352+0100] {logging_mixin.py:188} INFO - [2024-02-02T08:38:18.352+0100] {dag.py:3033} INFO - Sync 1 DAGs
[2024-02-02T08:38:18.369+0100] {logging_mixin.py:188} INFO - [2024-02-02T08:38:18.369+0100] {dag.py:3820} INFO - Setting next_dagrun for example_dynamic_task_mapping to 2022-03-04T00:00:00+00:00, run_after=2022-03-05T00:00:00+00:00
[2024-02-02T08:38:18.398+0100] {processor.py:183} INFO - Processing /home/ubuntu/.local/lib/python3.10/site-packages/airflow/example_dags/example_dynamic_task_mapping.py took 0.075 seconds
[2024-02-02T08:39:08.130+0100] {processor.py:161} INFO - Started process (PID=23896) to work on /home/ubuntu/.local/lib/python3.10/site-packages/airflow/example_dags/example_dynamic_task_mapping.py
[2024-02-02T08:39:08.136+0100] {processor.py:830} INFO - Processing file /home/ubuntu/.local/lib/python3.10/site-packages/airflow/example_dags/example_dynamic_task_mapping.py for tasks to queue
[2024-02-02T08:39:08.138+0100] {logging_mixin.py:188} INFO - [2024-02-02T08:39:08.137+0100] {dagbag.py:538} INFO - Filling up the DagBag from /home/ubuntu/.local/lib/python3.10/site-packages/airflow/example_dags/example_dynamic_task_mapping.py
[2024-02-02T08:39:08.153+0100] {processor.py:840} INFO - DAG(s) 'example_dynamic_task_mapping' retrieved from /home/ubuntu/.local/lib/python3.10/site-packages/airflow/example_dags/example_dynamic_task_mapping.py
[2024-02-02T08:39:08.179+0100] {logging_mixin.py:188} INFO - [2024-02-02T08:39:08.179+0100] {dag.py:3033} INFO - Sync 1 DAGs
[2024-02-02T08:39:08.206+0100] {logging_mixin.py:188} INFO - [2024-02-02T08:39:08.206+0100] {dag.py:3820} INFO - Setting next_dagrun for example_dynamic_task_mapping to 2022-03-04T00:00:00+00:00, run_after=2022-03-05T00:00:00+00:00
[2024-02-02T08:39:08.241+0100] {processor.py:183} INFO - Processing /home/ubuntu/.local/lib/python3.10/site-packages/airflow/example_dags/example_dynamic_task_mapping.py took 0.119 seconds
[2024-02-02T12:41:41.432+0100] {processor.py:161} INFO - Started process (PID=4595) to work on /home/ubuntu/.local/lib/python3.10/site-packages/airflow/example_dags/example_dynamic_task_mapping.py
[2024-02-02T12:41:41.450+0100] {processor.py:830} INFO - Processing file /home/ubuntu/.local/lib/python3.10/site-packages/airflow/example_dags/example_dynamic_task_mapping.py for tasks to queue
[2024-02-02T12:41:41.452+0100] {logging_mixin.py:188} INFO - [2024-02-02T12:41:41.451+0100] {dagbag.py:538} INFO - Filling up the DagBag from /home/ubuntu/.local/lib/python3.10/site-packages/airflow/example_dags/example_dynamic_task_mapping.py
[2024-02-02T12:41:41.501+0100] {processor.py:840} INFO - DAG(s) 'example_dynamic_task_mapping' retrieved from /home/ubuntu/.local/lib/python3.10/site-packages/airflow/example_dags/example_dynamic_task_mapping.py
[2024-02-02T12:41:41.625+0100] {logging_mixin.py:188} INFO - [2024-02-02T12:41:41.625+0100] {dag.py:3033} INFO - Sync 1 DAGs
[2024-02-02T12:41:41.652+0100] {logging_mixin.py:188} INFO - [2024-02-02T12:41:41.652+0100] {dag.py:3820} INFO - Setting next_dagrun for example_dynamic_task_mapping to 2022-03-04T00:00:00+00:00, run_after=2022-03-05T00:00:00+00:00
[2024-02-02T12:41:41.718+0100] {processor.py:183} INFO - Processing /home/ubuntu/.local/lib/python3.10/site-packages/airflow/example_dags/example_dynamic_task_mapping.py took 0.291 seconds
[2024-02-02T12:42:46.703+0100] {processor.py:161} INFO - Started process (PID=4690) to work on /home/ubuntu/.local/lib/python3.10/site-packages/airflow/example_dags/example_dynamic_task_mapping.py
[2024-02-02T12:42:46.710+0100] {processor.py:830} INFO - Processing file /home/ubuntu/.local/lib/python3.10/site-packages/airflow/example_dags/example_dynamic_task_mapping.py for tasks to queue
[2024-02-02T12:42:46.713+0100] {logging_mixin.py:188} INFO - [2024-02-02T12:42:46.711+0100] {dagbag.py:538} INFO - Filling up the DagBag from /home/ubuntu/.local/lib/python3.10/site-packages/airflow/example_dags/example_dynamic_task_mapping.py
[2024-02-02T12:42:46.732+0100] {processor.py:840} INFO - DAG(s) 'example_dynamic_task_mapping' retrieved from /home/ubuntu/.local/lib/python3.10/site-packages/airflow/example_dags/example_dynamic_task_mapping.py
[2024-02-02T12:42:46.761+0100] {logging_mixin.py:188} INFO - [2024-02-02T12:42:46.761+0100] {dag.py:3033} INFO - Sync 1 DAGs
[2024-02-02T12:42:46.797+0100] {logging_mixin.py:188} INFO - [2024-02-02T12:42:46.797+0100] {dag.py:3820} INFO - Setting next_dagrun for example_dynamic_task_mapping to 2022-03-04T00:00:00+00:00, run_after=2022-03-05T00:00:00+00:00
[2024-02-02T12:42:46.823+0100] {processor.py:183} INFO - Processing /home/ubuntu/.local/lib/python3.10/site-packages/airflow/example_dags/example_dynamic_task_mapping.py took 0.134 seconds
[2024-02-02T12:44:00.206+0100] {processor.py:161} INFO - Started process (PID=4766) to work on /home/ubuntu/.local/lib/python3.10/site-packages/airflow/example_dags/example_dynamic_task_mapping.py
[2024-02-02T12:44:00.231+0100] {processor.py:830} INFO - Processing file /home/ubuntu/.local/lib/python3.10/site-packages/airflow/example_dags/example_dynamic_task_mapping.py for tasks to queue
[2024-02-02T12:44:00.236+0100] {logging_mixin.py:188} INFO - [2024-02-02T12:44:00.233+0100] {dagbag.py:538} INFO - Filling up the DagBag from /home/ubuntu/.local/lib/python3.10/site-packages/airflow/example_dags/example_dynamic_task_mapping.py
[2024-02-02T12:44:00.275+0100] {processor.py:840} INFO - DAG(s) 'example_dynamic_task_mapping' retrieved from /home/ubuntu/.local/lib/python3.10/site-packages/airflow/example_dags/example_dynamic_task_mapping.py
[2024-02-02T12:44:00.307+0100] {logging_mixin.py:188} INFO - [2024-02-02T12:44:00.307+0100] {dag.py:3033} INFO - Sync 1 DAGs
[2024-02-02T12:44:00.343+0100] {logging_mixin.py:188} INFO - [2024-02-02T12:44:00.343+0100] {dag.py:3820} INFO - Setting next_dagrun for example_dynamic_task_mapping to 2022-03-04T00:00:00+00:00, run_after=2022-03-05T00:00:00+00:00
[2024-02-02T12:44:00.428+0100] {processor.py:183} INFO - Processing /home/ubuntu/.local/lib/python3.10/site-packages/airflow/example_dags/example_dynamic_task_mapping.py took 0.231 seconds
[2024-02-02T12:45:14.976+0100] {processor.py:161} INFO - Started process (PID=4869) to work on /home/ubuntu/.local/lib/python3.10/site-packages/airflow/example_dags/example_dynamic_task_mapping.py
[2024-02-02T12:45:14.979+0100] {processor.py:830} INFO - Processing file /home/ubuntu/.local/lib/python3.10/site-packages/airflow/example_dags/example_dynamic_task_mapping.py for tasks to queue
[2024-02-02T12:45:14.982+0100] {logging_mixin.py:188} INFO - [2024-02-02T12:45:14.981+0100] {dagbag.py:538} INFO - Filling up the DagBag from /home/ubuntu/.local/lib/python3.10/site-packages/airflow/example_dags/example_dynamic_task_mapping.py
[2024-02-02T12:45:15.005+0100] {processor.py:840} INFO - DAG(s) 'example_dynamic_task_mapping' retrieved from /home/ubuntu/.local/lib/python3.10/site-packages/airflow/example_dags/example_dynamic_task_mapping.py
[2024-02-02T12:45:15.035+0100] {logging_mixin.py:188} INFO - [2024-02-02T12:45:15.034+0100] {dag.py:3033} INFO - Sync 1 DAGs
[2024-02-02T12:45:15.081+0100] {logging_mixin.py:188} INFO - [2024-02-02T12:45:15.080+0100] {dag.py:3820} INFO - Setting next_dagrun for example_dynamic_task_mapping to 2022-03-04T00:00:00+00:00, run_after=2022-03-05T00:00:00+00:00
[2024-02-02T12:45:15.162+0100] {processor.py:183} INFO - Processing /home/ubuntu/.local/lib/python3.10/site-packages/airflow/example_dags/example_dynamic_task_mapping.py took 0.191 seconds
[2024-02-02T12:46:34.170+0100] {processor.py:161} INFO - Started process (PID=4937) to work on /home/ubuntu/.local/lib/python3.10/site-packages/airflow/example_dags/example_dynamic_task_mapping.py
[2024-02-02T12:46:34.174+0100] {processor.py:830} INFO - Processing file /home/ubuntu/.local/lib/python3.10/site-packages/airflow/example_dags/example_dynamic_task_mapping.py for tasks to queue
[2024-02-02T12:46:34.177+0100] {logging_mixin.py:188} INFO - [2024-02-02T12:46:34.175+0100] {dagbag.py:538} INFO - Filling up the DagBag from /home/ubuntu/.local/lib/python3.10/site-packages/airflow/example_dags/example_dynamic_task_mapping.py
[2024-02-02T12:46:34.201+0100] {processor.py:840} INFO - DAG(s) 'example_dynamic_task_mapping' retrieved from /home/ubuntu/.local/lib/python3.10/site-packages/airflow/example_dags/example_dynamic_task_mapping.py
[2024-02-02T12:46:34.276+0100] {logging_mixin.py:188} INFO - [2024-02-02T12:46:34.275+0100] {dag.py:3033} INFO - Sync 1 DAGs
[2024-02-02T12:46:34.330+0100] {logging_mixin.py:188} INFO - [2024-02-02T12:46:34.326+0100] {dag.py:3820} INFO - Setting next_dagrun for example_dynamic_task_mapping to 2022-03-04T00:00:00+00:00, run_after=2022-03-05T00:00:00+00:00
[2024-02-02T12:46:34.383+0100] {processor.py:183} INFO - Processing /home/ubuntu/.local/lib/python3.10/site-packages/airflow/example_dags/example_dynamic_task_mapping.py took 0.225 seconds
[2024-02-02T12:47:59.123+0100] {processor.py:161} INFO - Started process (PID=5013) to work on /home/ubuntu/.local/lib/python3.10/site-packages/airflow/example_dags/example_dynamic_task_mapping.py
[2024-02-02T12:47:59.151+0100] {processor.py:830} INFO - Processing file /home/ubuntu/.local/lib/python3.10/site-packages/airflow/example_dags/example_dynamic_task_mapping.py for tasks to queue
[2024-02-02T12:47:59.159+0100] {logging_mixin.py:188} INFO - [2024-02-02T12:47:59.158+0100] {dagbag.py:538} INFO - Filling up the DagBag from /home/ubuntu/.local/lib/python3.10/site-packages/airflow/example_dags/example_dynamic_task_mapping.py
[2024-02-02T12:47:59.167+0100] {processor.py:840} INFO - DAG(s) 'example_dynamic_task_mapping' retrieved from /home/ubuntu/.local/lib/python3.10/site-packages/airflow/example_dags/example_dynamic_task_mapping.py
[2024-02-02T12:47:59.182+0100] {logging_mixin.py:188} INFO - [2024-02-02T12:47:59.182+0100] {dag.py:3033} INFO - Sync 1 DAGs
[2024-02-02T12:47:59.200+0100] {logging_mixin.py:188} INFO - [2024-02-02T12:47:59.200+0100] {dag.py:3820} INFO - Setting next_dagrun for example_dynamic_task_mapping to 2022-03-04T00:00:00+00:00, run_after=2022-03-05T00:00:00+00:00
[2024-02-02T12:47:59.250+0100] {processor.py:183} INFO - Processing /home/ubuntu/.local/lib/python3.10/site-packages/airflow/example_dags/example_dynamic_task_mapping.py took 0.145 seconds
[2024-02-02T12:49:26.423+0100] {processor.py:161} INFO - Started process (PID=5090) to work on /home/ubuntu/.local/lib/python3.10/site-packages/airflow/example_dags/example_dynamic_task_mapping.py
[2024-02-02T12:49:26.457+0100] {processor.py:830} INFO - Processing file /home/ubuntu/.local/lib/python3.10/site-packages/airflow/example_dags/example_dynamic_task_mapping.py for tasks to queue
[2024-02-02T12:49:26.458+0100] {logging_mixin.py:188} INFO - [2024-02-02T12:49:26.458+0100] {dagbag.py:538} INFO - Filling up the DagBag from /home/ubuntu/.local/lib/python3.10/site-packages/airflow/example_dags/example_dynamic_task_mapping.py
[2024-02-02T12:49:26.492+0100] {processor.py:840} INFO - DAG(s) 'example_dynamic_task_mapping' retrieved from /home/ubuntu/.local/lib/python3.10/site-packages/airflow/example_dags/example_dynamic_task_mapping.py
[2024-02-02T12:49:26.523+0100] {logging_mixin.py:188} INFO - [2024-02-02T12:49:26.522+0100] {dag.py:3033} INFO - Sync 1 DAGs
[2024-02-02T12:49:26.573+0100] {logging_mixin.py:188} INFO - [2024-02-02T12:49:26.572+0100] {dag.py:3820} INFO - Setting next_dagrun for example_dynamic_task_mapping to 2022-03-04T00:00:00+00:00, run_after=2022-03-05T00:00:00+00:00
[2024-02-02T12:49:26.679+0100] {processor.py:183} INFO - Processing /home/ubuntu/.local/lib/python3.10/site-packages/airflow/example_dags/example_dynamic_task_mapping.py took 0.285 seconds
[2024-02-02T12:50:45.589+0100] {processor.py:161} INFO - Started process (PID=5158) to work on /home/ubuntu/.local/lib/python3.10/site-packages/airflow/example_dags/example_dynamic_task_mapping.py
[2024-02-02T12:50:45.602+0100] {processor.py:830} INFO - Processing file /home/ubuntu/.local/lib/python3.10/site-packages/airflow/example_dags/example_dynamic_task_mapping.py for tasks to queue
[2024-02-02T12:50:45.608+0100] {logging_mixin.py:188} INFO - [2024-02-02T12:50:45.606+0100] {dagbag.py:538} INFO - Filling up the DagBag from /home/ubuntu/.local/lib/python3.10/site-packages/airflow/example_dags/example_dynamic_task_mapping.py
[2024-02-02T12:50:45.700+0100] {processor.py:840} INFO - DAG(s) 'example_dynamic_task_mapping' retrieved from /home/ubuntu/.local/lib/python3.10/site-packages/airflow/example_dags/example_dynamic_task_mapping.py
[2024-02-02T12:50:45.776+0100] {logging_mixin.py:188} INFO - [2024-02-02T12:50:45.776+0100] {dag.py:3033} INFO - Sync 1 DAGs
[2024-02-02T12:50:45.842+0100] {logging_mixin.py:188} INFO - [2024-02-02T12:50:45.836+0100] {dag.py:3820} INFO - Setting next_dagrun for example_dynamic_task_mapping to 2022-03-04T00:00:00+00:00, run_after=2022-03-05T00:00:00+00:00
[2024-02-02T12:50:45.956+0100] {processor.py:183} INFO - Processing /home/ubuntu/.local/lib/python3.10/site-packages/airflow/example_dags/example_dynamic_task_mapping.py took 0.378 seconds
[2024-02-02T12:52:03.658+0100] {processor.py:161} INFO - Started process (PID=5225) to work on /home/ubuntu/.local/lib/python3.10/site-packages/airflow/example_dags/example_dynamic_task_mapping.py
[2024-02-02T12:52:03.661+0100] {processor.py:830} INFO - Processing file /home/ubuntu/.local/lib/python3.10/site-packages/airflow/example_dags/example_dynamic_task_mapping.py for tasks to queue
[2024-02-02T12:52:03.662+0100] {logging_mixin.py:188} INFO - [2024-02-02T12:52:03.662+0100] {dagbag.py:538} INFO - Filling up the DagBag from /home/ubuntu/.local/lib/python3.10/site-packages/airflow/example_dags/example_dynamic_task_mapping.py
[2024-02-02T12:52:03.682+0100] {processor.py:840} INFO - DAG(s) 'example_dynamic_task_mapping' retrieved from /home/ubuntu/.local/lib/python3.10/site-packages/airflow/example_dags/example_dynamic_task_mapping.py
[2024-02-02T12:52:03.721+0100] {logging_mixin.py:188} INFO - [2024-02-02T12:52:03.721+0100] {dag.py:3033} INFO - Sync 1 DAGs
[2024-02-02T12:52:03.779+0100] {logging_mixin.py:188} INFO - [2024-02-02T12:52:03.779+0100] {dag.py:3820} INFO - Setting next_dagrun for example_dynamic_task_mapping to 2022-03-04T00:00:00+00:00, run_after=2022-03-05T00:00:00+00:00
[2024-02-02T12:52:03.840+0100] {processor.py:183} INFO - Processing /home/ubuntu/.local/lib/python3.10/site-packages/airflow/example_dags/example_dynamic_task_mapping.py took 0.191 seconds
[2024-02-02T12:53:15.173+0100] {processor.py:161} INFO - Started process (PID=5286) to work on /home/ubuntu/.local/lib/python3.10/site-packages/airflow/example_dags/example_dynamic_task_mapping.py
[2024-02-02T12:53:15.176+0100] {processor.py:830} INFO - Processing file /home/ubuntu/.local/lib/python3.10/site-packages/airflow/example_dags/example_dynamic_task_mapping.py for tasks to queue
[2024-02-02T12:53:15.177+0100] {logging_mixin.py:188} INFO - [2024-02-02T12:53:15.177+0100] {dagbag.py:538} INFO - Filling up the DagBag from /home/ubuntu/.local/lib/python3.10/site-packages/airflow/example_dags/example_dynamic_task_mapping.py
[2024-02-02T12:53:15.204+0100] {processor.py:840} INFO - DAG(s) 'example_dynamic_task_mapping' retrieved from /home/ubuntu/.local/lib/python3.10/site-packages/airflow/example_dags/example_dynamic_task_mapping.py
[2024-02-02T12:53:15.277+0100] {logging_mixin.py:188} INFO - [2024-02-02T12:53:15.277+0100] {dag.py:3033} INFO - Sync 1 DAGs
[2024-02-02T12:53:15.331+0100] {logging_mixin.py:188} INFO - [2024-02-02T12:53:15.331+0100] {dag.py:3820} INFO - Setting next_dagrun for example_dynamic_task_mapping to 2022-03-04T00:00:00+00:00, run_after=2022-03-05T00:00:00+00:00
[2024-02-02T12:53:15.467+0100] {processor.py:183} INFO - Processing /home/ubuntu/.local/lib/python3.10/site-packages/airflow/example_dags/example_dynamic_task_mapping.py took 0.299 seconds
[2024-02-02T12:54:34.978+0100] {processor.py:161} INFO - Started process (PID=5363) to work on /home/ubuntu/.local/lib/python3.10/site-packages/airflow/example_dags/example_dynamic_task_mapping.py
[2024-02-02T12:54:35.047+0100] {processor.py:830} INFO - Processing file /home/ubuntu/.local/lib/python3.10/site-packages/airflow/example_dags/example_dynamic_task_mapping.py for tasks to queue
[2024-02-02T12:54:35.059+0100] {logging_mixin.py:188} INFO - [2024-02-02T12:54:35.058+0100] {dagbag.py:538} INFO - Filling up the DagBag from /home/ubuntu/.local/lib/python3.10/site-packages/airflow/example_dags/example_dynamic_task_mapping.py
[2024-02-02T12:54:35.109+0100] {processor.py:840} INFO - DAG(s) 'example_dynamic_task_mapping' retrieved from /home/ubuntu/.local/lib/python3.10/site-packages/airflow/example_dags/example_dynamic_task_mapping.py
[2024-02-02T12:54:35.181+0100] {logging_mixin.py:188} INFO - [2024-02-02T12:54:35.181+0100] {dag.py:3033} INFO - Sync 1 DAGs
[2024-02-02T12:54:35.226+0100] {logging_mixin.py:188} INFO - [2024-02-02T12:54:35.225+0100] {dag.py:3820} INFO - Setting next_dagrun for example_dynamic_task_mapping to 2022-03-04T00:00:00+00:00, run_after=2022-03-05T00:00:00+00:00
[2024-02-02T12:54:35.324+0100] {processor.py:183} INFO - Processing /home/ubuntu/.local/lib/python3.10/site-packages/airflow/example_dags/example_dynamic_task_mapping.py took 0.359 seconds
[2024-02-02T12:55:49.036+0100] {processor.py:161} INFO - Started process (PID=5423) to work on /home/ubuntu/.local/lib/python3.10/site-packages/airflow/example_dags/example_dynamic_task_mapping.py
[2024-02-02T12:55:49.039+0100] {processor.py:830} INFO - Processing file /home/ubuntu/.local/lib/python3.10/site-packages/airflow/example_dags/example_dynamic_task_mapping.py for tasks to queue
[2024-02-02T12:55:49.042+0100] {logging_mixin.py:188} INFO - [2024-02-02T12:55:49.041+0100] {dagbag.py:538} INFO - Filling up the DagBag from /home/ubuntu/.local/lib/python3.10/site-packages/airflow/example_dags/example_dynamic_task_mapping.py
[2024-02-02T12:55:49.068+0100] {processor.py:840} INFO - DAG(s) 'example_dynamic_task_mapping' retrieved from /home/ubuntu/.local/lib/python3.10/site-packages/airflow/example_dags/example_dynamic_task_mapping.py
[2024-02-02T12:55:49.152+0100] {logging_mixin.py:188} INFO - [2024-02-02T12:55:49.152+0100] {dag.py:3033} INFO - Sync 1 DAGs
[2024-02-02T12:55:49.194+0100] {logging_mixin.py:188} INFO - [2024-02-02T12:55:49.194+0100] {dag.py:3820} INFO - Setting next_dagrun for example_dynamic_task_mapping to 2022-03-04T00:00:00+00:00, run_after=2022-03-05T00:00:00+00:00
[2024-02-02T12:55:49.251+0100] {processor.py:183} INFO - Processing /home/ubuntu/.local/lib/python3.10/site-packages/airflow/example_dags/example_dynamic_task_mapping.py took 0.220 seconds
[2024-02-02T12:57:02.915+0100] {processor.py:161} INFO - Started process (PID=5488) to work on /home/ubuntu/.local/lib/python3.10/site-packages/airflow/example_dags/example_dynamic_task_mapping.py
[2024-02-02T12:57:02.918+0100] {processor.py:830} INFO - Processing file /home/ubuntu/.local/lib/python3.10/site-packages/airflow/example_dags/example_dynamic_task_mapping.py for tasks to queue
[2024-02-02T12:57:02.919+0100] {logging_mixin.py:188} INFO - [2024-02-02T12:57:02.919+0100] {dagbag.py:538} INFO - Filling up the DagBag from /home/ubuntu/.local/lib/python3.10/site-packages/airflow/example_dags/example_dynamic_task_mapping.py
[2024-02-02T12:57:02.954+0100] {processor.py:840} INFO - DAG(s) 'example_dynamic_task_mapping' retrieved from /home/ubuntu/.local/lib/python3.10/site-packages/airflow/example_dags/example_dynamic_task_mapping.py
[2024-02-02T12:57:03.015+0100] {logging_mixin.py:188} INFO - [2024-02-02T12:57:03.010+0100] {dag.py:3033} INFO - Sync 1 DAGs
[2024-02-02T12:57:03.118+0100] {logging_mixin.py:188} INFO - [2024-02-02T12:57:03.117+0100] {dag.py:3820} INFO - Setting next_dagrun for example_dynamic_task_mapping to 2022-03-04T00:00:00+00:00, run_after=2022-03-05T00:00:00+00:00
[2024-02-02T12:57:03.177+0100] {processor.py:183} INFO - Processing /home/ubuntu/.local/lib/python3.10/site-packages/airflow/example_dags/example_dynamic_task_mapping.py took 0.268 seconds
[2024-02-02T12:58:18.975+0100] {processor.py:161} INFO - Started process (PID=5570) to work on /home/ubuntu/.local/lib/python3.10/site-packages/airflow/example_dags/example_dynamic_task_mapping.py
[2024-02-02T12:58:18.979+0100] {processor.py:830} INFO - Processing file /home/ubuntu/.local/lib/python3.10/site-packages/airflow/example_dags/example_dynamic_task_mapping.py for tasks to queue
[2024-02-02T12:58:18.981+0100] {logging_mixin.py:188} INFO - [2024-02-02T12:58:18.980+0100] {dagbag.py:538} INFO - Filling up the DagBag from /home/ubuntu/.local/lib/python3.10/site-packages/airflow/example_dags/example_dynamic_task_mapping.py
[2024-02-02T12:58:19.001+0100] {processor.py:840} INFO - DAG(s) 'example_dynamic_task_mapping' retrieved from /home/ubuntu/.local/lib/python3.10/site-packages/airflow/example_dags/example_dynamic_task_mapping.py
[2024-02-02T12:58:19.111+0100] {logging_mixin.py:188} INFO - [2024-02-02T12:58:19.098+0100] {dag.py:3033} INFO - Sync 1 DAGs
[2024-02-02T12:58:19.189+0100] {logging_mixin.py:188} INFO - [2024-02-02T12:58:19.189+0100] {dag.py:3820} INFO - Setting next_dagrun for example_dynamic_task_mapping to 2022-03-04T00:00:00+00:00, run_after=2022-03-05T00:00:00+00:00
[2024-02-02T12:58:19.272+0100] {processor.py:183} INFO - Processing /home/ubuntu/.local/lib/python3.10/site-packages/airflow/example_dags/example_dynamic_task_mapping.py took 0.306 seconds
[2024-02-02T13:00:04.638+0100] {processor.py:161} INFO - Started process (PID=6071) to work on /home/ubuntu/.local/lib/python3.10/site-packages/airflow/example_dags/example_dynamic_task_mapping.py
[2024-02-02T13:00:04.649+0100] {processor.py:830} INFO - Processing file /home/ubuntu/.local/lib/python3.10/site-packages/airflow/example_dags/example_dynamic_task_mapping.py for tasks to queue
[2024-02-02T13:00:04.661+0100] {logging_mixin.py:188} INFO - [2024-02-02T13:00:04.655+0100] {dagbag.py:538} INFO - Filling up the DagBag from /home/ubuntu/.local/lib/python3.10/site-packages/airflow/example_dags/example_dynamic_task_mapping.py
[2024-02-02T13:00:04.791+0100] {processor.py:840} INFO - DAG(s) 'example_dynamic_task_mapping' retrieved from /home/ubuntu/.local/lib/python3.10/site-packages/airflow/example_dags/example_dynamic_task_mapping.py
[2024-02-02T13:00:04.937+0100] {logging_mixin.py:188} INFO - [2024-02-02T13:00:04.936+0100] {dag.py:3033} INFO - Sync 1 DAGs
[2024-02-02T13:00:05.052+0100] {logging_mixin.py:188} INFO - [2024-02-02T13:00:05.052+0100] {dag.py:3820} INFO - Setting next_dagrun for example_dynamic_task_mapping to 2022-03-04T00:00:00+00:00, run_after=2022-03-05T00:00:00+00:00
[2024-02-02T13:00:05.336+0100] {processor.py:183} INFO - Processing /home/ubuntu/.local/lib/python3.10/site-packages/airflow/example_dags/example_dynamic_task_mapping.py took 0.723 seconds
[2024-02-02T13:03:24.347+0100] {processor.py:161} INFO - Started process (PID=6487) to work on /home/ubuntu/.local/lib/python3.10/site-packages/airflow/example_dags/example_dynamic_task_mapping.py
[2024-02-02T13:03:24.396+0100] {processor.py:830} INFO - Processing file /home/ubuntu/.local/lib/python3.10/site-packages/airflow/example_dags/example_dynamic_task_mapping.py for tasks to queue
[2024-02-02T13:03:24.402+0100] {logging_mixin.py:188} INFO - [2024-02-02T13:03:24.397+0100] {dagbag.py:538} INFO - Filling up the DagBag from /home/ubuntu/.local/lib/python3.10/site-packages/airflow/example_dags/example_dynamic_task_mapping.py
[2024-02-02T13:03:24.499+0100] {processor.py:840} INFO - DAG(s) 'example_dynamic_task_mapping' retrieved from /home/ubuntu/.local/lib/python3.10/site-packages/airflow/example_dags/example_dynamic_task_mapping.py
[2024-02-02T13:03:24.581+0100] {logging_mixin.py:188} INFO - [2024-02-02T13:03:24.561+0100] {dag.py:3033} INFO - Sync 1 DAGs
[2024-02-02T13:03:24.637+0100] {logging_mixin.py:188} INFO - [2024-02-02T13:03:24.637+0100] {dag.py:3820} INFO - Setting next_dagrun for example_dynamic_task_mapping to 2022-03-04T00:00:00+00:00, run_after=2022-03-05T00:00:00+00:00
[2024-02-02T13:03:24.851+0100] {processor.py:183} INFO - Processing /home/ubuntu/.local/lib/python3.10/site-packages/airflow/example_dags/example_dynamic_task_mapping.py took 0.513 seconds
[2024-02-02T13:04:47.103+0100] {processor.py:161} INFO - Started process (PID=6609) to work on /home/ubuntu/.local/lib/python3.10/site-packages/airflow/example_dags/example_dynamic_task_mapping.py
[2024-02-02T13:04:47.171+0100] {processor.py:830} INFO - Processing file /home/ubuntu/.local/lib/python3.10/site-packages/airflow/example_dags/example_dynamic_task_mapping.py for tasks to queue
[2024-02-02T13:04:47.173+0100] {logging_mixin.py:188} INFO - [2024-02-02T13:04:47.172+0100] {dagbag.py:538} INFO - Filling up the DagBag from /home/ubuntu/.local/lib/python3.10/site-packages/airflow/example_dags/example_dynamic_task_mapping.py
[2024-02-02T13:04:47.244+0100] {processor.py:840} INFO - DAG(s) 'example_dynamic_task_mapping' retrieved from /home/ubuntu/.local/lib/python3.10/site-packages/airflow/example_dags/example_dynamic_task_mapping.py
[2024-02-02T13:04:47.317+0100] {logging_mixin.py:188} INFO - [2024-02-02T13:04:47.317+0100] {dag.py:3033} INFO - Sync 1 DAGs
[2024-02-02T13:04:47.372+0100] {logging_mixin.py:188} INFO - [2024-02-02T13:04:47.371+0100] {dag.py:3820} INFO - Setting next_dagrun for example_dynamic_task_mapping to 2022-03-04T00:00:00+00:00, run_after=2022-03-05T00:00:00+00:00
[2024-02-02T13:04:47.689+0100] {processor.py:183} INFO - Processing /home/ubuntu/.local/lib/python3.10/site-packages/airflow/example_dags/example_dynamic_task_mapping.py took 0.655 seconds
[2024-02-02T13:06:39.228+0100] {processor.py:161} INFO - Started process (PID=6734) to work on /home/ubuntu/.local/lib/python3.10/site-packages/airflow/example_dags/example_dynamic_task_mapping.py
[2024-02-02T13:06:39.241+0100] {processor.py:830} INFO - Processing file /home/ubuntu/.local/lib/python3.10/site-packages/airflow/example_dags/example_dynamic_task_mapping.py for tasks to queue
[2024-02-02T13:06:39.243+0100] {logging_mixin.py:188} INFO - [2024-02-02T13:06:39.242+0100] {dagbag.py:538} INFO - Filling up the DagBag from /home/ubuntu/.local/lib/python3.10/site-packages/airflow/example_dags/example_dynamic_task_mapping.py
[2024-02-02T13:06:39.260+0100] {processor.py:840} INFO - DAG(s) 'example_dynamic_task_mapping' retrieved from /home/ubuntu/.local/lib/python3.10/site-packages/airflow/example_dags/example_dynamic_task_mapping.py
[2024-02-02T13:06:39.289+0100] {logging_mixin.py:188} INFO - [2024-02-02T13:06:39.289+0100] {dag.py:3033} INFO - Sync 1 DAGs
[2024-02-02T13:06:39.323+0100] {logging_mixin.py:188} INFO - [2024-02-02T13:06:39.322+0100] {dag.py:3820} INFO - Setting next_dagrun for example_dynamic_task_mapping to 2022-03-04T00:00:00+00:00, run_after=2022-03-05T00:00:00+00:00
[2024-02-02T13:06:39.364+0100] {processor.py:183} INFO - Processing /home/ubuntu/.local/lib/python3.10/site-packages/airflow/example_dags/example_dynamic_task_mapping.py took 0.140 seconds
[2024-02-02T13:07:45.556+0100] {processor.py:161} INFO - Started process (PID=6808) to work on /home/ubuntu/.local/lib/python3.10/site-packages/airflow/example_dags/example_dynamic_task_mapping.py
[2024-02-02T13:07:45.559+0100] {processor.py:830} INFO - Processing file /home/ubuntu/.local/lib/python3.10/site-packages/airflow/example_dags/example_dynamic_task_mapping.py for tasks to queue
[2024-02-02T13:07:45.561+0100] {logging_mixin.py:188} INFO - [2024-02-02T13:07:45.560+0100] {dagbag.py:538} INFO - Filling up the DagBag from /home/ubuntu/.local/lib/python3.10/site-packages/airflow/example_dags/example_dynamic_task_mapping.py
[2024-02-02T13:07:45.573+0100] {processor.py:840} INFO - DAG(s) 'example_dynamic_task_mapping' retrieved from /home/ubuntu/.local/lib/python3.10/site-packages/airflow/example_dags/example_dynamic_task_mapping.py
[2024-02-02T13:07:45.590+0100] {logging_mixin.py:188} INFO - [2024-02-02T13:07:45.590+0100] {dag.py:3033} INFO - Sync 1 DAGs
[2024-02-02T13:07:45.612+0100] {logging_mixin.py:188} INFO - [2024-02-02T13:07:45.612+0100] {dag.py:3820} INFO - Setting next_dagrun for example_dynamic_task_mapping to 2022-03-04T00:00:00+00:00, run_after=2022-03-05T00:00:00+00:00
[2024-02-02T13:07:45.650+0100] {processor.py:183} INFO - Processing /home/ubuntu/.local/lib/python3.10/site-packages/airflow/example_dags/example_dynamic_task_mapping.py took 0.100 seconds
[2024-02-02T13:08:54.590+0100] {processor.py:161} INFO - Started process (PID=6895) to work on /home/ubuntu/.local/lib/python3.10/site-packages/airflow/example_dags/example_dynamic_task_mapping.py
[2024-02-02T13:08:54.592+0100] {processor.py:830} INFO - Processing file /home/ubuntu/.local/lib/python3.10/site-packages/airflow/example_dags/example_dynamic_task_mapping.py for tasks to queue
[2024-02-02T13:08:54.593+0100] {logging_mixin.py:188} INFO - [2024-02-02T13:08:54.593+0100] {dagbag.py:538} INFO - Filling up the DagBag from /home/ubuntu/.local/lib/python3.10/site-packages/airflow/example_dags/example_dynamic_task_mapping.py
[2024-02-02T13:08:54.603+0100] {processor.py:840} INFO - DAG(s) 'example_dynamic_task_mapping' retrieved from /home/ubuntu/.local/lib/python3.10/site-packages/airflow/example_dags/example_dynamic_task_mapping.py
[2024-02-02T13:08:54.621+0100] {logging_mixin.py:188} INFO - [2024-02-02T13:08:54.621+0100] {dag.py:3033} INFO - Sync 1 DAGs
[2024-02-02T13:08:54.643+0100] {logging_mixin.py:188} INFO - [2024-02-02T13:08:54.643+0100] {dag.py:3820} INFO - Setting next_dagrun for example_dynamic_task_mapping to 2022-03-04T00:00:00+00:00, run_after=2022-03-05T00:00:00+00:00
[2024-02-02T13:08:54.670+0100] {processor.py:183} INFO - Processing /home/ubuntu/.local/lib/python3.10/site-packages/airflow/example_dags/example_dynamic_task_mapping.py took 0.084 seconds
[2024-02-02T13:09:50.467+0100] {processor.py:161} INFO - Started process (PID=6960) to work on /home/ubuntu/.local/lib/python3.10/site-packages/airflow/example_dags/example_dynamic_task_mapping.py
[2024-02-02T13:09:50.471+0100] {processor.py:830} INFO - Processing file /home/ubuntu/.local/lib/python3.10/site-packages/airflow/example_dags/example_dynamic_task_mapping.py for tasks to queue
[2024-02-02T13:09:50.473+0100] {logging_mixin.py:188} INFO - [2024-02-02T13:09:50.473+0100] {dagbag.py:538} INFO - Filling up the DagBag from /home/ubuntu/.local/lib/python3.10/site-packages/airflow/example_dags/example_dynamic_task_mapping.py
[2024-02-02T13:09:50.490+0100] {processor.py:840} INFO - DAG(s) 'example_dynamic_task_mapping' retrieved from /home/ubuntu/.local/lib/python3.10/site-packages/airflow/example_dags/example_dynamic_task_mapping.py
[2024-02-02T13:09:50.509+0100] {logging_mixin.py:188} INFO - [2024-02-02T13:09:50.509+0100] {dag.py:3033} INFO - Sync 1 DAGs
[2024-02-02T13:09:50.532+0100] {logging_mixin.py:188} INFO - [2024-02-02T13:09:50.532+0100] {dag.py:3820} INFO - Setting next_dagrun for example_dynamic_task_mapping to 2022-03-04T00:00:00+00:00, run_after=2022-03-05T00:00:00+00:00
[2024-02-02T13:09:50.562+0100] {processor.py:183} INFO - Processing /home/ubuntu/.local/lib/python3.10/site-packages/airflow/example_dags/example_dynamic_task_mapping.py took 0.100 seconds
[2024-02-02T13:10:54.107+0100] {processor.py:161} INFO - Started process (PID=7675) to work on /home/ubuntu/.local/lib/python3.10/site-packages/airflow/example_dags/example_dynamic_task_mapping.py
[2024-02-02T13:10:54.113+0100] {processor.py:830} INFO - Processing file /home/ubuntu/.local/lib/python3.10/site-packages/airflow/example_dags/example_dynamic_task_mapping.py for tasks to queue
[2024-02-02T13:10:54.157+0100] {logging_mixin.py:188} INFO - [2024-02-02T13:10:54.117+0100] {dagbag.py:538} INFO - Filling up the DagBag from /home/ubuntu/.local/lib/python3.10/site-packages/airflow/example_dags/example_dynamic_task_mapping.py
[2024-02-02T13:10:54.208+0100] {processor.py:840} INFO - DAG(s) 'example_dynamic_task_mapping' retrieved from /home/ubuntu/.local/lib/python3.10/site-packages/airflow/example_dags/example_dynamic_task_mapping.py
[2024-02-02T13:10:54.413+0100] {logging_mixin.py:188} INFO - [2024-02-02T13:10:54.413+0100] {dag.py:3033} INFO - Sync 1 DAGs
[2024-02-02T13:10:54.643+0100] {logging_mixin.py:188} INFO - [2024-02-02T13:10:54.624+0100] {dag.py:3820} INFO - Setting next_dagrun for example_dynamic_task_mapping to 2022-03-04T00:00:00+00:00, run_after=2022-03-05T00:00:00+00:00
[2024-02-02T13:10:55.011+0100] {processor.py:183} INFO - Processing /home/ubuntu/.local/lib/python3.10/site-packages/airflow/example_dags/example_dynamic_task_mapping.py took 0.929 seconds
