[2024-02-02T08:38:28.188+0100] {processor.py:161} INFO - Started process (PID=23845) to work on /home/ubuntu/.local/lib/python3.10/site-packages/airflow/example_dags/example_setup_teardown_taskflow.py
[2024-02-02T08:38:28.189+0100] {processor.py:830} INFO - Processing file /home/ubuntu/.local/lib/python3.10/site-packages/airflow/example_dags/example_setup_teardown_taskflow.py for tasks to queue
[2024-02-02T08:38:28.190+0100] {logging_mixin.py:188} INFO - [2024-02-02T08:38:28.190+0100] {dagbag.py:538} INFO - Filling up the DagBag from /home/ubuntu/.local/lib/python3.10/site-packages/airflow/example_dags/example_setup_teardown_taskflow.py
[2024-02-02T08:38:28.200+0100] {processor.py:840} INFO - DAG(s) 'example_setup_teardown_taskflow' retrieved from /home/ubuntu/.local/lib/python3.10/site-packages/airflow/example_dags/example_setup_teardown_taskflow.py
[2024-02-02T08:38:28.218+0100] {logging_mixin.py:188} INFO - [2024-02-02T08:38:28.218+0100] {dag.py:3033} INFO - Sync 1 DAGs
[2024-02-02T08:38:28.237+0100] {logging_mixin.py:188} INFO - [2024-02-02T08:38:28.237+0100] {dag.py:3820} INFO - Setting next_dagrun for example_setup_teardown_taskflow to 2024-02-01T00:00:00+00:00, run_after=2024-02-02T00:00:00+00:00
[2024-02-02T08:38:28.293+0100] {processor.py:183} INFO - Processing /home/ubuntu/.local/lib/python3.10/site-packages/airflow/example_dags/example_setup_teardown_taskflow.py took 0.109 seconds
[2024-02-02T08:39:19.188+0100] {processor.py:161} INFO - Started process (PID=23906) to work on /home/ubuntu/.local/lib/python3.10/site-packages/airflow/example_dags/example_setup_teardown_taskflow.py
[2024-02-02T08:39:19.193+0100] {processor.py:830} INFO - Processing file /home/ubuntu/.local/lib/python3.10/site-packages/airflow/example_dags/example_setup_teardown_taskflow.py for tasks to queue
[2024-02-02T08:39:19.194+0100] {logging_mixin.py:188} INFO - [2024-02-02T08:39:19.193+0100] {dagbag.py:538} INFO - Filling up the DagBag from /home/ubuntu/.local/lib/python3.10/site-packages/airflow/example_dags/example_setup_teardown_taskflow.py
[2024-02-02T08:39:19.205+0100] {processor.py:840} INFO - DAG(s) 'example_setup_teardown_taskflow' retrieved from /home/ubuntu/.local/lib/python3.10/site-packages/airflow/example_dags/example_setup_teardown_taskflow.py
[2024-02-02T08:39:19.223+0100] {logging_mixin.py:188} INFO - [2024-02-02T08:39:19.223+0100] {dag.py:3033} INFO - Sync 1 DAGs
[2024-02-02T08:39:19.241+0100] {logging_mixin.py:188} INFO - [2024-02-02T08:39:19.241+0100] {dag.py:3820} INFO - Setting next_dagrun for example_setup_teardown_taskflow to 2024-02-01T00:00:00+00:00, run_after=2024-02-02T00:00:00+00:00
[2024-02-02T08:39:19.277+0100] {processor.py:183} INFO - Processing /home/ubuntu/.local/lib/python3.10/site-packages/airflow/example_dags/example_setup_teardown_taskflow.py took 0.094 seconds
[2024-02-02T12:41:55.689+0100] {processor.py:161} INFO - Started process (PID=4608) to work on /home/ubuntu/.local/lib/python3.10/site-packages/airflow/example_dags/example_setup_teardown_taskflow.py
[2024-02-02T12:41:55.692+0100] {processor.py:830} INFO - Processing file /home/ubuntu/.local/lib/python3.10/site-packages/airflow/example_dags/example_setup_teardown_taskflow.py for tasks to queue
[2024-02-02T12:41:55.694+0100] {logging_mixin.py:188} INFO - [2024-02-02T12:41:55.693+0100] {dagbag.py:538} INFO - Filling up the DagBag from /home/ubuntu/.local/lib/python3.10/site-packages/airflow/example_dags/example_setup_teardown_taskflow.py
[2024-02-02T12:41:55.709+0100] {processor.py:840} INFO - DAG(s) 'example_setup_teardown_taskflow' retrieved from /home/ubuntu/.local/lib/python3.10/site-packages/airflow/example_dags/example_setup_teardown_taskflow.py
[2024-02-02T12:41:55.904+0100] {logging_mixin.py:188} INFO - [2024-02-02T12:41:55.904+0100] {dag.py:3033} INFO - Sync 1 DAGs
[2024-02-02T12:41:55.947+0100] {logging_mixin.py:188} INFO - [2024-02-02T12:41:55.947+0100] {dag.py:3820} INFO - Setting next_dagrun for example_setup_teardown_taskflow to 2024-02-01T00:00:00+00:00, run_after=2024-02-02T00:00:00+00:00
[2024-02-02T12:41:56.097+0100] {processor.py:183} INFO - Processing /home/ubuntu/.local/lib/python3.10/site-packages/airflow/example_dags/example_setup_teardown_taskflow.py took 0.412 seconds
[2024-02-02T12:43:06.766+0100] {processor.py:161} INFO - Started process (PID=4715) to work on /home/ubuntu/.local/lib/python3.10/site-packages/airflow/example_dags/example_setup_teardown_taskflow.py
[2024-02-02T12:43:06.777+0100] {processor.py:830} INFO - Processing file /home/ubuntu/.local/lib/python3.10/site-packages/airflow/example_dags/example_setup_teardown_taskflow.py for tasks to queue
[2024-02-02T12:43:06.780+0100] {logging_mixin.py:188} INFO - [2024-02-02T12:43:06.779+0100] {dagbag.py:538} INFO - Filling up the DagBag from /home/ubuntu/.local/lib/python3.10/site-packages/airflow/example_dags/example_setup_teardown_taskflow.py
[2024-02-02T12:43:06.823+0100] {processor.py:840} INFO - DAG(s) 'example_setup_teardown_taskflow' retrieved from /home/ubuntu/.local/lib/python3.10/site-packages/airflow/example_dags/example_setup_teardown_taskflow.py
[2024-02-02T12:43:06.906+0100] {logging_mixin.py:188} INFO - [2024-02-02T12:43:06.904+0100] {dag.py:3033} INFO - Sync 1 DAGs
[2024-02-02T12:43:07.036+0100] {logging_mixin.py:188} INFO - [2024-02-02T12:43:07.036+0100] {dag.py:3820} INFO - Setting next_dagrun for example_setup_teardown_taskflow to 2024-02-01T00:00:00+00:00, run_after=2024-02-02T00:00:00+00:00
[2024-02-02T12:43:07.199+0100] {processor.py:183} INFO - Processing /home/ubuntu/.local/lib/python3.10/site-packages/airflow/example_dags/example_setup_teardown_taskflow.py took 0.438 seconds
[2024-02-02T12:44:24.017+0100] {processor.py:161} INFO - Started process (PID=4784) to work on /home/ubuntu/.local/lib/python3.10/site-packages/airflow/example_dags/example_setup_teardown_taskflow.py
[2024-02-02T12:44:24.022+0100] {processor.py:830} INFO - Processing file /home/ubuntu/.local/lib/python3.10/site-packages/airflow/example_dags/example_setup_teardown_taskflow.py for tasks to queue
[2024-02-02T12:44:24.025+0100] {logging_mixin.py:188} INFO - [2024-02-02T12:44:24.024+0100] {dagbag.py:538} INFO - Filling up the DagBag from /home/ubuntu/.local/lib/python3.10/site-packages/airflow/example_dags/example_setup_teardown_taskflow.py
[2024-02-02T12:44:24.053+0100] {processor.py:840} INFO - DAG(s) 'example_setup_teardown_taskflow' retrieved from /home/ubuntu/.local/lib/python3.10/site-packages/airflow/example_dags/example_setup_teardown_taskflow.py
[2024-02-02T12:44:24.105+0100] {logging_mixin.py:188} INFO - [2024-02-02T12:44:24.105+0100] {dag.py:3033} INFO - Sync 1 DAGs
[2024-02-02T12:44:24.155+0100] {logging_mixin.py:188} INFO - [2024-02-02T12:44:24.154+0100] {dag.py:3820} INFO - Setting next_dagrun for example_setup_teardown_taskflow to 2024-02-01T00:00:00+00:00, run_after=2024-02-02T00:00:00+00:00
[2024-02-02T12:44:24.308+0100] {processor.py:183} INFO - Processing /home/ubuntu/.local/lib/python3.10/site-packages/airflow/example_dags/example_setup_teardown_taskflow.py took 0.304 seconds
[2024-02-02T12:45:40.898+0100] {processor.py:161} INFO - Started process (PID=4890) to work on /home/ubuntu/.local/lib/python3.10/site-packages/airflow/example_dags/example_setup_teardown_taskflow.py
[2024-02-02T12:45:40.909+0100] {processor.py:830} INFO - Processing file /home/ubuntu/.local/lib/python3.10/site-packages/airflow/example_dags/example_setup_teardown_taskflow.py for tasks to queue
[2024-02-02T12:45:40.911+0100] {logging_mixin.py:188} INFO - [2024-02-02T12:45:40.910+0100] {dagbag.py:538} INFO - Filling up the DagBag from /home/ubuntu/.local/lib/python3.10/site-packages/airflow/example_dags/example_setup_teardown_taskflow.py
[2024-02-02T12:45:40.945+0100] {processor.py:840} INFO - DAG(s) 'example_setup_teardown_taskflow' retrieved from /home/ubuntu/.local/lib/python3.10/site-packages/airflow/example_dags/example_setup_teardown_taskflow.py
[2024-02-02T12:45:40.976+0100] {logging_mixin.py:188} INFO - [2024-02-02T12:45:40.976+0100] {dag.py:3033} INFO - Sync 1 DAGs
[2024-02-02T12:45:41.035+0100] {logging_mixin.py:188} INFO - [2024-02-02T12:45:41.034+0100] {dag.py:3820} INFO - Setting next_dagrun for example_setup_teardown_taskflow to 2024-02-01T00:00:00+00:00, run_after=2024-02-02T00:00:00+00:00
[2024-02-02T12:45:41.153+0100] {processor.py:183} INFO - Processing /home/ubuntu/.local/lib/python3.10/site-packages/airflow/example_dags/example_setup_teardown_taskflow.py took 0.261 seconds
[2024-02-02T12:46:57.449+0100] {processor.py:161} INFO - Started process (PID=4959) to work on /home/ubuntu/.local/lib/python3.10/site-packages/airflow/example_dags/example_setup_teardown_taskflow.py
[2024-02-02T12:46:57.453+0100] {processor.py:830} INFO - Processing file /home/ubuntu/.local/lib/python3.10/site-packages/airflow/example_dags/example_setup_teardown_taskflow.py for tasks to queue
[2024-02-02T12:46:57.455+0100] {logging_mixin.py:188} INFO - [2024-02-02T12:46:57.454+0100] {dagbag.py:538} INFO - Filling up the DagBag from /home/ubuntu/.local/lib/python3.10/site-packages/airflow/example_dags/example_setup_teardown_taskflow.py
[2024-02-02T12:46:57.492+0100] {processor.py:840} INFO - DAG(s) 'example_setup_teardown_taskflow' retrieved from /home/ubuntu/.local/lib/python3.10/site-packages/airflow/example_dags/example_setup_teardown_taskflow.py
[2024-02-02T12:46:57.576+0100] {logging_mixin.py:188} INFO - [2024-02-02T12:46:57.575+0100] {dag.py:3033} INFO - Sync 1 DAGs
[2024-02-02T12:46:57.667+0100] {logging_mixin.py:188} INFO - [2024-02-02T12:46:57.666+0100] {dag.py:3820} INFO - Setting next_dagrun for example_setup_teardown_taskflow to 2024-02-01T00:00:00+00:00, run_after=2024-02-02T00:00:00+00:00
[2024-02-02T12:46:57.727+0100] {processor.py:183} INFO - Processing /home/ubuntu/.local/lib/python3.10/site-packages/airflow/example_dags/example_setup_teardown_taskflow.py took 0.285 seconds
[2024-02-02T12:48:27.709+0100] {processor.py:161} INFO - Started process (PID=5041) to work on /home/ubuntu/.local/lib/python3.10/site-packages/airflow/example_dags/example_setup_teardown_taskflow.py
[2024-02-02T12:48:27.734+0100] {processor.py:830} INFO - Processing file /home/ubuntu/.local/lib/python3.10/site-packages/airflow/example_dags/example_setup_teardown_taskflow.py for tasks to queue
[2024-02-02T12:48:27.735+0100] {logging_mixin.py:188} INFO - [2024-02-02T12:48:27.735+0100] {dagbag.py:538} INFO - Filling up the DagBag from /home/ubuntu/.local/lib/python3.10/site-packages/airflow/example_dags/example_setup_teardown_taskflow.py
[2024-02-02T12:48:27.826+0100] {processor.py:840} INFO - DAG(s) 'example_setup_teardown_taskflow' retrieved from /home/ubuntu/.local/lib/python3.10/site-packages/airflow/example_dags/example_setup_teardown_taskflow.py
[2024-02-02T12:48:27.935+0100] {logging_mixin.py:188} INFO - [2024-02-02T12:48:27.934+0100] {dag.py:3033} INFO - Sync 1 DAGs
[2024-02-02T12:48:28.011+0100] {logging_mixin.py:188} INFO - [2024-02-02T12:48:28.011+0100] {dag.py:3820} INFO - Setting next_dagrun for example_setup_teardown_taskflow to 2024-02-01T00:00:00+00:00, run_after=2024-02-02T00:00:00+00:00
[2024-02-02T12:48:28.403+0100] {processor.py:183} INFO - Processing /home/ubuntu/.local/lib/python3.10/site-packages/airflow/example_dags/example_setup_teardown_taskflow.py took 0.713 seconds
[2024-02-02T12:49:53.715+0100] {processor.py:161} INFO - Started process (PID=5112) to work on /home/ubuntu/.local/lib/python3.10/site-packages/airflow/example_dags/example_setup_teardown_taskflow.py
[2024-02-02T12:49:53.718+0100] {processor.py:830} INFO - Processing file /home/ubuntu/.local/lib/python3.10/site-packages/airflow/example_dags/example_setup_teardown_taskflow.py for tasks to queue
[2024-02-02T12:49:53.720+0100] {logging_mixin.py:188} INFO - [2024-02-02T12:49:53.719+0100] {dagbag.py:538} INFO - Filling up the DagBag from /home/ubuntu/.local/lib/python3.10/site-packages/airflow/example_dags/example_setup_teardown_taskflow.py
[2024-02-02T12:49:53.769+0100] {processor.py:840} INFO - DAG(s) 'example_setup_teardown_taskflow' retrieved from /home/ubuntu/.local/lib/python3.10/site-packages/airflow/example_dags/example_setup_teardown_taskflow.py
[2024-02-02T12:49:53.825+0100] {logging_mixin.py:188} INFO - [2024-02-02T12:49:53.825+0100] {dag.py:3033} INFO - Sync 1 DAGs
[2024-02-02T12:49:53.922+0100] {logging_mixin.py:188} INFO - [2024-02-02T12:49:53.921+0100] {dag.py:3820} INFO - Setting next_dagrun for example_setup_teardown_taskflow to 2024-02-01T00:00:00+00:00, run_after=2024-02-02T00:00:00+00:00
[2024-02-02T12:49:53.975+0100] {processor.py:183} INFO - Processing /home/ubuntu/.local/lib/python3.10/site-packages/airflow/example_dags/example_setup_teardown_taskflow.py took 0.269 seconds
[2024-02-02T12:51:12.288+0100] {processor.py:161} INFO - Started process (PID=5178) to work on /home/ubuntu/.local/lib/python3.10/site-packages/airflow/example_dags/example_setup_teardown_taskflow.py
[2024-02-02T12:51:12.299+0100] {processor.py:830} INFO - Processing file /home/ubuntu/.local/lib/python3.10/site-packages/airflow/example_dags/example_setup_teardown_taskflow.py for tasks to queue
[2024-02-02T12:51:12.303+0100] {logging_mixin.py:188} INFO - [2024-02-02T12:51:12.301+0100] {dagbag.py:538} INFO - Filling up the DagBag from /home/ubuntu/.local/lib/python3.10/site-packages/airflow/example_dags/example_setup_teardown_taskflow.py
[2024-02-02T12:51:12.323+0100] {processor.py:840} INFO - DAG(s) 'example_setup_teardown_taskflow' retrieved from /home/ubuntu/.local/lib/python3.10/site-packages/airflow/example_dags/example_setup_teardown_taskflow.py
[2024-02-02T12:51:12.431+0100] {logging_mixin.py:188} INFO - [2024-02-02T12:51:12.431+0100] {dag.py:3033} INFO - Sync 1 DAGs
[2024-02-02T12:51:12.502+0100] {logging_mixin.py:188} INFO - [2024-02-02T12:51:12.502+0100] {dag.py:3820} INFO - Setting next_dagrun for example_setup_teardown_taskflow to 2024-02-01T00:00:00+00:00, run_after=2024-02-02T00:00:00+00:00
[2024-02-02T12:51:12.565+0100] {processor.py:183} INFO - Processing /home/ubuntu/.local/lib/python3.10/site-packages/airflow/example_dags/example_setup_teardown_taskflow.py took 0.283 seconds
[2024-02-02T12:52:26.269+0100] {processor.py:161} INFO - Started process (PID=5243) to work on /home/ubuntu/.local/lib/python3.10/site-packages/airflow/example_dags/example_setup_teardown_taskflow.py
[2024-02-02T12:52:26.272+0100] {processor.py:830} INFO - Processing file /home/ubuntu/.local/lib/python3.10/site-packages/airflow/example_dags/example_setup_teardown_taskflow.py for tasks to queue
[2024-02-02T12:52:26.273+0100] {logging_mixin.py:188} INFO - [2024-02-02T12:52:26.273+0100] {dagbag.py:538} INFO - Filling up the DagBag from /home/ubuntu/.local/lib/python3.10/site-packages/airflow/example_dags/example_setup_teardown_taskflow.py
[2024-02-02T12:52:26.307+0100] {processor.py:840} INFO - DAG(s) 'example_setup_teardown_taskflow' retrieved from /home/ubuntu/.local/lib/python3.10/site-packages/airflow/example_dags/example_setup_teardown_taskflow.py
[2024-02-02T12:52:26.334+0100] {logging_mixin.py:188} INFO - [2024-02-02T12:52:26.333+0100] {dag.py:3033} INFO - Sync 1 DAGs
[2024-02-02T12:52:26.393+0100] {logging_mixin.py:188} INFO - [2024-02-02T12:52:26.392+0100] {dag.py:3820} INFO - Setting next_dagrun for example_setup_teardown_taskflow to 2024-02-01T00:00:00+00:00, run_after=2024-02-02T00:00:00+00:00
[2024-02-02T12:52:26.606+0100] {processor.py:183} INFO - Processing /home/ubuntu/.local/lib/python3.10/site-packages/airflow/example_dags/example_setup_teardown_taskflow.py took 0.383 seconds
[2024-02-02T12:53:40.534+0100] {processor.py:161} INFO - Started process (PID=5310) to work on /home/ubuntu/.local/lib/python3.10/site-packages/airflow/example_dags/example_setup_teardown_taskflow.py
[2024-02-02T12:53:40.537+0100] {processor.py:830} INFO - Processing file /home/ubuntu/.local/lib/python3.10/site-packages/airflow/example_dags/example_setup_teardown_taskflow.py for tasks to queue
[2024-02-02T12:53:40.539+0100] {logging_mixin.py:188} INFO - [2024-02-02T12:53:40.538+0100] {dagbag.py:538} INFO - Filling up the DagBag from /home/ubuntu/.local/lib/python3.10/site-packages/airflow/example_dags/example_setup_teardown_taskflow.py
[2024-02-02T12:53:40.570+0100] {processor.py:840} INFO - DAG(s) 'example_setup_teardown_taskflow' retrieved from /home/ubuntu/.local/lib/python3.10/site-packages/airflow/example_dags/example_setup_teardown_taskflow.py
[2024-02-02T12:53:40.616+0100] {logging_mixin.py:188} INFO - [2024-02-02T12:53:40.616+0100] {dag.py:3033} INFO - Sync 1 DAGs
[2024-02-02T12:53:40.766+0100] {logging_mixin.py:188} INFO - [2024-02-02T12:53:40.766+0100] {dag.py:3820} INFO - Setting next_dagrun for example_setup_teardown_taskflow to 2024-02-01T00:00:00+00:00, run_after=2024-02-02T00:00:00+00:00
[2024-02-02T12:53:40.959+0100] {processor.py:183} INFO - Processing /home/ubuntu/.local/lib/python3.10/site-packages/airflow/example_dags/example_setup_teardown_taskflow.py took 0.429 seconds
[2024-02-02T12:55:01.400+0100] {processor.py:161} INFO - Started process (PID=5382) to work on /home/ubuntu/.local/lib/python3.10/site-packages/airflow/example_dags/example_setup_teardown_taskflow.py
[2024-02-02T12:55:01.404+0100] {processor.py:830} INFO - Processing file /home/ubuntu/.local/lib/python3.10/site-packages/airflow/example_dags/example_setup_teardown_taskflow.py for tasks to queue
[2024-02-02T12:55:01.406+0100] {logging_mixin.py:188} INFO - [2024-02-02T12:55:01.405+0100] {dagbag.py:538} INFO - Filling up the DagBag from /home/ubuntu/.local/lib/python3.10/site-packages/airflow/example_dags/example_setup_teardown_taskflow.py
[2024-02-02T12:55:01.429+0100] {processor.py:840} INFO - DAG(s) 'example_setup_teardown_taskflow' retrieved from /home/ubuntu/.local/lib/python3.10/site-packages/airflow/example_dags/example_setup_teardown_taskflow.py
[2024-02-02T12:55:01.473+0100] {logging_mixin.py:188} INFO - [2024-02-02T12:55:01.473+0100] {dag.py:3033} INFO - Sync 1 DAGs
[2024-02-02T12:55:01.532+0100] {logging_mixin.py:188} INFO - [2024-02-02T12:55:01.531+0100] {dag.py:3820} INFO - Setting next_dagrun for example_setup_teardown_taskflow to 2024-02-01T00:00:00+00:00, run_after=2024-02-02T00:00:00+00:00
[2024-02-02T12:55:01.592+0100] {processor.py:183} INFO - Processing /home/ubuntu/.local/lib/python3.10/site-packages/airflow/example_dags/example_setup_teardown_taskflow.py took 0.197 seconds
[2024-02-02T12:56:14.115+0100] {processor.py:161} INFO - Started process (PID=5442) to work on /home/ubuntu/.local/lib/python3.10/site-packages/airflow/example_dags/example_setup_teardown_taskflow.py
[2024-02-02T12:56:14.117+0100] {processor.py:830} INFO - Processing file /home/ubuntu/.local/lib/python3.10/site-packages/airflow/example_dags/example_setup_teardown_taskflow.py for tasks to queue
[2024-02-02T12:56:14.119+0100] {logging_mixin.py:188} INFO - [2024-02-02T12:56:14.118+0100] {dagbag.py:538} INFO - Filling up the DagBag from /home/ubuntu/.local/lib/python3.10/site-packages/airflow/example_dags/example_setup_teardown_taskflow.py
[2024-02-02T12:56:14.148+0100] {processor.py:840} INFO - DAG(s) 'example_setup_teardown_taskflow' retrieved from /home/ubuntu/.local/lib/python3.10/site-packages/airflow/example_dags/example_setup_teardown_taskflow.py
[2024-02-02T12:56:14.179+0100] {logging_mixin.py:188} INFO - [2024-02-02T12:56:14.179+0100] {dag.py:3033} INFO - Sync 1 DAGs
[2024-02-02T12:56:14.242+0100] {logging_mixin.py:188} INFO - [2024-02-02T12:56:14.241+0100] {dag.py:3820} INFO - Setting next_dagrun for example_setup_teardown_taskflow to 2024-02-01T00:00:00+00:00, run_after=2024-02-02T00:00:00+00:00
[2024-02-02T12:56:14.359+0100] {processor.py:183} INFO - Processing /home/ubuntu/.local/lib/python3.10/site-packages/airflow/example_dags/example_setup_teardown_taskflow.py took 0.248 seconds
[2024-02-02T12:57:25.711+0100] {processor.py:161} INFO - Started process (PID=5520) to work on /home/ubuntu/.local/lib/python3.10/site-packages/airflow/example_dags/example_setup_teardown_taskflow.py
[2024-02-02T12:57:25.727+0100] {processor.py:830} INFO - Processing file /home/ubuntu/.local/lib/python3.10/site-packages/airflow/example_dags/example_setup_teardown_taskflow.py for tasks to queue
[2024-02-02T12:57:25.728+0100] {logging_mixin.py:188} INFO - [2024-02-02T12:57:25.727+0100] {dagbag.py:538} INFO - Filling up the DagBag from /home/ubuntu/.local/lib/python3.10/site-packages/airflow/example_dags/example_setup_teardown_taskflow.py
[2024-02-02T12:57:25.761+0100] {processor.py:840} INFO - DAG(s) 'example_setup_teardown_taskflow' retrieved from /home/ubuntu/.local/lib/python3.10/site-packages/airflow/example_dags/example_setup_teardown_taskflow.py
[2024-02-02T12:57:25.799+0100] {logging_mixin.py:188} INFO - [2024-02-02T12:57:25.799+0100] {dag.py:3033} INFO - Sync 1 DAGs
[2024-02-02T12:57:25.845+0100] {logging_mixin.py:188} INFO - [2024-02-02T12:57:25.845+0100] {dag.py:3820} INFO - Setting next_dagrun for example_setup_teardown_taskflow to 2024-02-01T00:00:00+00:00, run_after=2024-02-02T00:00:00+00:00
[2024-02-02T12:57:25.929+0100] {processor.py:183} INFO - Processing /home/ubuntu/.local/lib/python3.10/site-packages/airflow/example_dags/example_setup_teardown_taskflow.py took 0.232 seconds
[2024-02-02T12:58:52.163+0100] {processor.py:161} INFO - Started process (PID=5593) to work on /home/ubuntu/.local/lib/python3.10/site-packages/airflow/example_dags/example_setup_teardown_taskflow.py
[2024-02-02T12:58:52.183+0100] {processor.py:830} INFO - Processing file /home/ubuntu/.local/lib/python3.10/site-packages/airflow/example_dags/example_setup_teardown_taskflow.py for tasks to queue
[2024-02-02T12:58:52.187+0100] {logging_mixin.py:188} INFO - [2024-02-02T12:58:52.185+0100] {dagbag.py:538} INFO - Filling up the DagBag from /home/ubuntu/.local/lib/python3.10/site-packages/airflow/example_dags/example_setup_teardown_taskflow.py
[2024-02-02T12:58:52.218+0100] {processor.py:840} INFO - DAG(s) 'example_setup_teardown_taskflow' retrieved from /home/ubuntu/.local/lib/python3.10/site-packages/airflow/example_dags/example_setup_teardown_taskflow.py
[2024-02-02T12:58:52.273+0100] {logging_mixin.py:188} INFO - [2024-02-02T12:58:52.272+0100] {dag.py:3033} INFO - Sync 1 DAGs
[2024-02-02T12:58:52.410+0100] {logging_mixin.py:188} INFO - [2024-02-02T12:58:52.410+0100] {dag.py:3820} INFO - Setting next_dagrun for example_setup_teardown_taskflow to 2024-02-01T00:00:00+00:00, run_after=2024-02-02T00:00:00+00:00
[2024-02-02T12:58:52.499+0100] {processor.py:183} INFO - Processing /home/ubuntu/.local/lib/python3.10/site-packages/airflow/example_dags/example_setup_teardown_taskflow.py took 0.345 seconds
[2024-02-02T13:01:27.299+0100] {processor.py:161} INFO - Started process (PID=6284) to work on /home/ubuntu/.local/lib/python3.10/site-packages/airflow/example_dags/example_setup_teardown_taskflow.py
[2024-02-02T13:01:27.353+0100] {processor.py:830} INFO - Processing file /home/ubuntu/.local/lib/python3.10/site-packages/airflow/example_dags/example_setup_teardown_taskflow.py for tasks to queue
[2024-02-02T13:01:27.355+0100] {logging_mixin.py:188} INFO - [2024-02-02T13:01:27.354+0100] {dagbag.py:538} INFO - Filling up the DagBag from /home/ubuntu/.local/lib/python3.10/site-packages/airflow/example_dags/example_setup_teardown_taskflow.py
[2024-02-02T13:01:27.377+0100] {processor.py:840} INFO - DAG(s) 'example_setup_teardown_taskflow' retrieved from /home/ubuntu/.local/lib/python3.10/site-packages/airflow/example_dags/example_setup_teardown_taskflow.py
[2024-02-02T13:01:27.531+0100] {logging_mixin.py:188} INFO - [2024-02-02T13:01:27.530+0100] {dag.py:3033} INFO - Sync 1 DAGs
[2024-02-02T13:01:27.839+0100] {logging_mixin.py:188} INFO - [2024-02-02T13:01:27.838+0100] {dag.py:3820} INFO - Setting next_dagrun for example_setup_teardown_taskflow to 2024-02-01T00:00:00+00:00, run_after=2024-02-02T00:00:00+00:00
[2024-02-02T13:01:28.118+0100] {processor.py:183} INFO - Processing /home/ubuntu/.local/lib/python3.10/site-packages/airflow/example_dags/example_setup_teardown_taskflow.py took 0.844 seconds
[2024-02-02T13:03:49.327+0100] {processor.py:161} INFO - Started process (PID=6537) to work on /home/ubuntu/.local/lib/python3.10/site-packages/airflow/example_dags/example_setup_teardown_taskflow.py
[2024-02-02T13:03:49.573+0100] {processor.py:830} INFO - Processing file /home/ubuntu/.local/lib/python3.10/site-packages/airflow/example_dags/example_setup_teardown_taskflow.py for tasks to queue
[2024-02-02T13:03:49.626+0100] {logging_mixin.py:188} INFO - [2024-02-02T13:03:49.577+0100] {dagbag.py:538} INFO - Filling up the DagBag from /home/ubuntu/.local/lib/python3.10/site-packages/airflow/example_dags/example_setup_teardown_taskflow.py
[2024-02-02T13:03:50.332+0100] {processor.py:840} INFO - DAG(s) 'example_setup_teardown_taskflow' retrieved from /home/ubuntu/.local/lib/python3.10/site-packages/airflow/example_dags/example_setup_teardown_taskflow.py
[2024-02-02T13:03:50.601+0100] {logging_mixin.py:188} INFO - [2024-02-02T13:03:50.601+0100] {dag.py:3033} INFO - Sync 1 DAGs
[2024-02-02T13:03:50.819+0100] {logging_mixin.py:188} INFO - [2024-02-02T13:03:50.813+0100] {dag.py:3820} INFO - Setting next_dagrun for example_setup_teardown_taskflow to 2024-02-01T00:00:00+00:00, run_after=2024-02-02T00:00:00+00:00
[2024-02-02T13:03:51.212+0100] {processor.py:183} INFO - Processing /home/ubuntu/.local/lib/python3.10/site-packages/airflow/example_dags/example_setup_teardown_taskflow.py took 1.898 seconds
[2024-02-02T13:06:04.449+0100] {processor.py:161} INFO - Started process (PID=6701) to work on /home/ubuntu/.local/lib/python3.10/site-packages/airflow/example_dags/example_setup_teardown_taskflow.py
[2024-02-02T13:06:04.501+0100] {processor.py:830} INFO - Processing file /home/ubuntu/.local/lib/python3.10/site-packages/airflow/example_dags/example_setup_teardown_taskflow.py for tasks to queue
[2024-02-02T13:06:04.503+0100] {logging_mixin.py:188} INFO - [2024-02-02T13:06:04.502+0100] {dagbag.py:538} INFO - Filling up the DagBag from /home/ubuntu/.local/lib/python3.10/site-packages/airflow/example_dags/example_setup_teardown_taskflow.py
[2024-02-02T13:06:04.538+0100] {processor.py:840} INFO - DAG(s) 'example_setup_teardown_taskflow' retrieved from /home/ubuntu/.local/lib/python3.10/site-packages/airflow/example_dags/example_setup_teardown_taskflow.py
[2024-02-02T13:06:04.587+0100] {logging_mixin.py:188} INFO - [2024-02-02T13:06:04.587+0100] {dag.py:3033} INFO - Sync 1 DAGs
[2024-02-02T13:06:04.700+0100] {logging_mixin.py:188} INFO - [2024-02-02T13:06:04.700+0100] {dag.py:3820} INFO - Setting next_dagrun for example_setup_teardown_taskflow to 2024-02-01T00:00:00+00:00, run_after=2024-02-02T00:00:00+00:00
[2024-02-02T13:06:04.775+0100] {processor.py:183} INFO - Processing /home/ubuntu/.local/lib/python3.10/site-packages/airflow/example_dags/example_setup_teardown_taskflow.py took 0.334 seconds
[2024-02-02T13:07:16.408+0100] {processor.py:161} INFO - Started process (PID=6775) to work on /home/ubuntu/.local/lib/python3.10/site-packages/airflow/example_dags/example_setup_teardown_taskflow.py
[2024-02-02T13:07:16.412+0100] {processor.py:830} INFO - Processing file /home/ubuntu/.local/lib/python3.10/site-packages/airflow/example_dags/example_setup_teardown_taskflow.py for tasks to queue
[2024-02-02T13:07:16.415+0100] {logging_mixin.py:188} INFO - [2024-02-02T13:07:16.414+0100] {dagbag.py:538} INFO - Filling up the DagBag from /home/ubuntu/.local/lib/python3.10/site-packages/airflow/example_dags/example_setup_teardown_taskflow.py
[2024-02-02T13:07:16.437+0100] {processor.py:840} INFO - DAG(s) 'example_setup_teardown_taskflow' retrieved from /home/ubuntu/.local/lib/python3.10/site-packages/airflow/example_dags/example_setup_teardown_taskflow.py
[2024-02-02T13:07:16.471+0100] {logging_mixin.py:188} INFO - [2024-02-02T13:07:16.471+0100] {dag.py:3033} INFO - Sync 1 DAGs
[2024-02-02T13:07:16.504+0100] {logging_mixin.py:188} INFO - [2024-02-02T13:07:16.504+0100] {dag.py:3820} INFO - Setting next_dagrun for example_setup_teardown_taskflow to 2024-02-01T00:00:00+00:00, run_after=2024-02-02T00:00:00+00:00
[2024-02-02T13:07:16.544+0100] {processor.py:183} INFO - Processing /home/ubuntu/.local/lib/python3.10/site-packages/airflow/example_dags/example_setup_teardown_taskflow.py took 0.142 seconds
[2024-02-02T13:08:24.189+0100] {processor.py:161} INFO - Started process (PID=6855) to work on /home/ubuntu/.local/lib/python3.10/site-packages/airflow/example_dags/example_setup_teardown_taskflow.py
[2024-02-02T13:08:24.193+0100] {processor.py:830} INFO - Processing file /home/ubuntu/.local/lib/python3.10/site-packages/airflow/example_dags/example_setup_teardown_taskflow.py for tasks to queue
[2024-02-02T13:08:24.194+0100] {logging_mixin.py:188} INFO - [2024-02-02T13:08:24.194+0100] {dagbag.py:538} INFO - Filling up the DagBag from /home/ubuntu/.local/lib/python3.10/site-packages/airflow/example_dags/example_setup_teardown_taskflow.py
[2024-02-02T13:08:24.207+0100] {processor.py:840} INFO - DAG(s) 'example_setup_teardown_taskflow' retrieved from /home/ubuntu/.local/lib/python3.10/site-packages/airflow/example_dags/example_setup_teardown_taskflow.py
[2024-02-02T13:08:24.232+0100] {logging_mixin.py:188} INFO - [2024-02-02T13:08:24.232+0100] {dag.py:3033} INFO - Sync 1 DAGs
[2024-02-02T13:08:24.261+0100] {logging_mixin.py:188} INFO - [2024-02-02T13:08:24.261+0100] {dag.py:3820} INFO - Setting next_dagrun for example_setup_teardown_taskflow to 2024-02-01T00:00:00+00:00, run_after=2024-02-02T00:00:00+00:00
[2024-02-02T13:08:24.299+0100] {processor.py:183} INFO - Processing /home/ubuntu/.local/lib/python3.10/site-packages/airflow/example_dags/example_setup_teardown_taskflow.py took 0.113 seconds
[2024-02-02T13:09:28.293+0100] {processor.py:161} INFO - Started process (PID=6937) to work on /home/ubuntu/.local/lib/python3.10/site-packages/airflow/example_dags/example_setup_teardown_taskflow.py
[2024-02-02T13:09:28.296+0100] {processor.py:830} INFO - Processing file /home/ubuntu/.local/lib/python3.10/site-packages/airflow/example_dags/example_setup_teardown_taskflow.py for tasks to queue
[2024-02-02T13:09:28.298+0100] {logging_mixin.py:188} INFO - [2024-02-02T13:09:28.297+0100] {dagbag.py:538} INFO - Filling up the DagBag from /home/ubuntu/.local/lib/python3.10/site-packages/airflow/example_dags/example_setup_teardown_taskflow.py
[2024-02-02T13:09:28.312+0100] {processor.py:840} INFO - DAG(s) 'example_setup_teardown_taskflow' retrieved from /home/ubuntu/.local/lib/python3.10/site-packages/airflow/example_dags/example_setup_teardown_taskflow.py
[2024-02-02T13:09:28.337+0100] {logging_mixin.py:188} INFO - [2024-02-02T13:09:28.337+0100] {dag.py:3033} INFO - Sync 1 DAGs
[2024-02-02T13:09:28.357+0100] {logging_mixin.py:188} INFO - [2024-02-02T13:09:28.357+0100] {dag.py:3820} INFO - Setting next_dagrun for example_setup_teardown_taskflow to 2024-02-01T00:00:00+00:00, run_after=2024-02-02T00:00:00+00:00
[2024-02-02T13:09:28.395+0100] {processor.py:183} INFO - Processing /home/ubuntu/.local/lib/python3.10/site-packages/airflow/example_dags/example_setup_teardown_taskflow.py took 0.104 seconds
[2024-02-02T13:10:21.350+0100] {processor.py:161} INFO - Started process (PID=7047) to work on /home/ubuntu/.local/lib/python3.10/site-packages/airflow/example_dags/example_setup_teardown_taskflow.py
[2024-02-02T13:10:21.372+0100] {processor.py:830} INFO - Processing file /home/ubuntu/.local/lib/python3.10/site-packages/airflow/example_dags/example_setup_teardown_taskflow.py for tasks to queue
[2024-02-02T13:10:21.382+0100] {logging_mixin.py:188} INFO - [2024-02-02T13:10:21.381+0100] {dagbag.py:538} INFO - Filling up the DagBag from /home/ubuntu/.local/lib/python3.10/site-packages/airflow/example_dags/example_setup_teardown_taskflow.py
[2024-02-02T13:10:21.493+0100] {processor.py:840} INFO - DAG(s) 'example_setup_teardown_taskflow' retrieved from /home/ubuntu/.local/lib/python3.10/site-packages/airflow/example_dags/example_setup_teardown_taskflow.py
[2024-02-02T13:10:21.542+0100] {logging_mixin.py:188} INFO - [2024-02-02T13:10:21.541+0100] {dag.py:3033} INFO - Sync 1 DAGs
[2024-02-02T13:10:21.598+0100] {logging_mixin.py:188} INFO - [2024-02-02T13:10:21.598+0100] {dag.py:3820} INFO - Setting next_dagrun for example_setup_teardown_taskflow to 2024-02-01T00:00:00+00:00, run_after=2024-02-02T00:00:00+00:00
[2024-02-02T13:10:21.648+0100] {processor.py:183} INFO - Processing /home/ubuntu/.local/lib/python3.10/site-packages/airflow/example_dags/example_setup_teardown_taskflow.py took 0.306 seconds
