[2024-02-02T08:38:12.297+0100] {processor.py:161} INFO - Started process (PID=23828) to work on /home/ubuntu/.local/lib/python3.10/site-packages/airflow/example_dags/example_branch_day_of_week_operator.py
[2024-02-02T08:38:12.298+0100] {processor.py:830} INFO - Processing file /home/ubuntu/.local/lib/python3.10/site-packages/airflow/example_dags/example_branch_day_of_week_operator.py for tasks to queue
[2024-02-02T08:38:12.298+0100] {logging_mixin.py:188} INFO - [2024-02-02T08:38:12.298+0100] {dagbag.py:538} INFO - Filling up the DagBag from /home/ubuntu/.local/lib/python3.10/site-packages/airflow/example_dags/example_branch_day_of_week_operator.py
[2024-02-02T08:38:12.306+0100] {processor.py:840} INFO - DAG(s) 'example_weekday_branch_operator' retrieved from /home/ubuntu/.local/lib/python3.10/site-packages/airflow/example_dags/example_branch_day_of_week_operator.py
[2024-02-02T08:38:12.323+0100] {logging_mixin.py:188} INFO - [2024-02-02T08:38:12.323+0100] {dag.py:3033} INFO - Sync 1 DAGs
[2024-02-02T08:38:12.339+0100] {logging_mixin.py:188} INFO - [2024-02-02T08:38:12.339+0100] {dag.py:3820} INFO - Setting next_dagrun for example_weekday_branch_operator to 2024-02-01T00:00:00+00:00, run_after=2024-02-02T00:00:00+00:00
[2024-02-02T08:38:12.398+0100] {processor.py:183} INFO - Processing /home/ubuntu/.local/lib/python3.10/site-packages/airflow/example_dags/example_branch_day_of_week_operator.py took 0.104 seconds
[2024-02-02T08:39:01.777+0100] {processor.py:161} INFO - Started process (PID=23890) to work on /home/ubuntu/.local/lib/python3.10/site-packages/airflow/example_dags/example_branch_day_of_week_operator.py
[2024-02-02T08:39:01.779+0100] {processor.py:830} INFO - Processing file /home/ubuntu/.local/lib/python3.10/site-packages/airflow/example_dags/example_branch_day_of_week_operator.py for tasks to queue
[2024-02-02T08:39:01.781+0100] {logging_mixin.py:188} INFO - [2024-02-02T08:39:01.780+0100] {dagbag.py:538} INFO - Filling up the DagBag from /home/ubuntu/.local/lib/python3.10/site-packages/airflow/example_dags/example_branch_day_of_week_operator.py
[2024-02-02T08:39:01.792+0100] {processor.py:840} INFO - DAG(s) 'example_weekday_branch_operator' retrieved from /home/ubuntu/.local/lib/python3.10/site-packages/airflow/example_dags/example_branch_day_of_week_operator.py
[2024-02-02T08:39:01.814+0100] {logging_mixin.py:188} INFO - [2024-02-02T08:39:01.813+0100] {dag.py:3033} INFO - Sync 1 DAGs
[2024-02-02T08:39:01.836+0100] {logging_mixin.py:188} INFO - [2024-02-02T08:39:01.836+0100] {dag.py:3820} INFO - Setting next_dagrun for example_weekday_branch_operator to 2024-02-01T00:00:00+00:00, run_after=2024-02-02T00:00:00+00:00
[2024-02-02T08:39:01.863+0100] {processor.py:183} INFO - Processing /home/ubuntu/.local/lib/python3.10/site-packages/airflow/example_dags/example_branch_day_of_week_operator.py took 0.090 seconds
[2024-02-02T12:41:33.244+0100] {processor.py:161} INFO - Started process (PID=4588) to work on /home/ubuntu/.local/lib/python3.10/site-packages/airflow/example_dags/example_branch_day_of_week_operator.py
[2024-02-02T12:41:33.250+0100] {processor.py:830} INFO - Processing file /home/ubuntu/.local/lib/python3.10/site-packages/airflow/example_dags/example_branch_day_of_week_operator.py for tasks to queue
[2024-02-02T12:41:33.253+0100] {logging_mixin.py:188} INFO - [2024-02-02T12:41:33.251+0100] {dagbag.py:538} INFO - Filling up the DagBag from /home/ubuntu/.local/lib/python3.10/site-packages/airflow/example_dags/example_branch_day_of_week_operator.py
[2024-02-02T12:41:33.299+0100] {processor.py:840} INFO - DAG(s) 'example_weekday_branch_operator' retrieved from /home/ubuntu/.local/lib/python3.10/site-packages/airflow/example_dags/example_branch_day_of_week_operator.py
[2024-02-02T12:41:33.543+0100] {logging_mixin.py:188} INFO - [2024-02-02T12:41:33.543+0100] {dag.py:3033} INFO - Sync 1 DAGs
[2024-02-02T12:41:33.574+0100] {logging_mixin.py:188} INFO - [2024-02-02T12:41:33.574+0100] {dag.py:3820} INFO - Setting next_dagrun for example_weekday_branch_operator to 2024-02-01T00:00:00+00:00, run_after=2024-02-02T00:00:00+00:00
[2024-02-02T12:41:33.612+0100] {processor.py:183} INFO - Processing /home/ubuntu/.local/lib/python3.10/site-packages/airflow/example_dags/example_branch_day_of_week_operator.py took 0.376 seconds
[2024-02-02T12:42:40.350+0100] {processor.py:161} INFO - Started process (PID=4668) to work on /home/ubuntu/.local/lib/python3.10/site-packages/airflow/example_dags/example_branch_day_of_week_operator.py
[2024-02-02T12:42:40.353+0100] {processor.py:830} INFO - Processing file /home/ubuntu/.local/lib/python3.10/site-packages/airflow/example_dags/example_branch_day_of_week_operator.py for tasks to queue
[2024-02-02T12:42:40.354+0100] {logging_mixin.py:188} INFO - [2024-02-02T12:42:40.353+0100] {dagbag.py:538} INFO - Filling up the DagBag from /home/ubuntu/.local/lib/python3.10/site-packages/airflow/example_dags/example_branch_day_of_week_operator.py
[2024-02-02T12:42:40.365+0100] {processor.py:840} INFO - DAG(s) 'example_weekday_branch_operator' retrieved from /home/ubuntu/.local/lib/python3.10/site-packages/airflow/example_dags/example_branch_day_of_week_operator.py
[2024-02-02T12:42:40.390+0100] {logging_mixin.py:188} INFO - [2024-02-02T12:42:40.390+0100] {dag.py:3033} INFO - Sync 1 DAGs
[2024-02-02T12:42:40.422+0100] {logging_mixin.py:188} INFO - [2024-02-02T12:42:40.422+0100] {dag.py:3820} INFO - Setting next_dagrun for example_weekday_branch_operator to 2024-02-01T00:00:00+00:00, run_after=2024-02-02T00:00:00+00:00
[2024-02-02T12:42:40.468+0100] {processor.py:183} INFO - Processing /home/ubuntu/.local/lib/python3.10/site-packages/airflow/example_dags/example_branch_day_of_week_operator.py took 0.134 seconds
[2024-02-02T12:43:52.169+0100] {processor.py:161} INFO - Started process (PID=4759) to work on /home/ubuntu/.local/lib/python3.10/site-packages/airflow/example_dags/example_branch_day_of_week_operator.py
[2024-02-02T12:43:52.173+0100] {processor.py:830} INFO - Processing file /home/ubuntu/.local/lib/python3.10/site-packages/airflow/example_dags/example_branch_day_of_week_operator.py for tasks to queue
[2024-02-02T12:43:52.174+0100] {logging_mixin.py:188} INFO - [2024-02-02T12:43:52.174+0100] {dagbag.py:538} INFO - Filling up the DagBag from /home/ubuntu/.local/lib/python3.10/site-packages/airflow/example_dags/example_branch_day_of_week_operator.py
[2024-02-02T12:43:52.202+0100] {processor.py:840} INFO - DAG(s) 'example_weekday_branch_operator' retrieved from /home/ubuntu/.local/lib/python3.10/site-packages/airflow/example_dags/example_branch_day_of_week_operator.py
[2024-02-02T12:43:52.277+0100] {logging_mixin.py:188} INFO - [2024-02-02T12:43:52.277+0100] {dag.py:3033} INFO - Sync 1 DAGs
[2024-02-02T12:43:52.327+0100] {logging_mixin.py:188} INFO - [2024-02-02T12:43:52.327+0100] {dag.py:3820} INFO - Setting next_dagrun for example_weekday_branch_operator to 2024-02-01T00:00:00+00:00, run_after=2024-02-02T00:00:00+00:00
[2024-02-02T12:43:52.402+0100] {processor.py:183} INFO - Processing /home/ubuntu/.local/lib/python3.10/site-packages/airflow/example_dags/example_branch_day_of_week_operator.py took 0.238 seconds
[2024-02-02T12:45:07.529+0100] {processor.py:161} INFO - Started process (PID=4860) to work on /home/ubuntu/.local/lib/python3.10/site-packages/airflow/example_dags/example_branch_day_of_week_operator.py
[2024-02-02T12:45:07.532+0100] {processor.py:830} INFO - Processing file /home/ubuntu/.local/lib/python3.10/site-packages/airflow/example_dags/example_branch_day_of_week_operator.py for tasks to queue
[2024-02-02T12:45:07.534+0100] {logging_mixin.py:188} INFO - [2024-02-02T12:45:07.533+0100] {dagbag.py:538} INFO - Filling up the DagBag from /home/ubuntu/.local/lib/python3.10/site-packages/airflow/example_dags/example_branch_day_of_week_operator.py
[2024-02-02T12:45:07.554+0100] {processor.py:840} INFO - DAG(s) 'example_weekday_branch_operator' retrieved from /home/ubuntu/.local/lib/python3.10/site-packages/airflow/example_dags/example_branch_day_of_week_operator.py
[2024-02-02T12:45:07.599+0100] {logging_mixin.py:188} INFO - [2024-02-02T12:45:07.598+0100] {dag.py:3033} INFO - Sync 1 DAGs
[2024-02-02T12:45:07.651+0100] {logging_mixin.py:188} INFO - [2024-02-02T12:45:07.651+0100] {dag.py:3820} INFO - Setting next_dagrun for example_weekday_branch_operator to 2024-02-01T00:00:00+00:00, run_after=2024-02-02T00:00:00+00:00
[2024-02-02T12:45:07.720+0100] {processor.py:183} INFO - Processing /home/ubuntu/.local/lib/python3.10/site-packages/airflow/example_dags/example_branch_day_of_week_operator.py took 0.202 seconds
[2024-02-02T12:46:26.191+0100] {processor.py:161} INFO - Started process (PID=4931) to work on /home/ubuntu/.local/lib/python3.10/site-packages/airflow/example_dags/example_branch_day_of_week_operator.py
[2024-02-02T12:46:26.220+0100] {processor.py:830} INFO - Processing file /home/ubuntu/.local/lib/python3.10/site-packages/airflow/example_dags/example_branch_day_of_week_operator.py for tasks to queue
[2024-02-02T12:46:26.221+0100] {logging_mixin.py:188} INFO - [2024-02-02T12:46:26.221+0100] {dagbag.py:538} INFO - Filling up the DagBag from /home/ubuntu/.local/lib/python3.10/site-packages/airflow/example_dags/example_branch_day_of_week_operator.py
[2024-02-02T12:46:26.277+0100] {processor.py:840} INFO - DAG(s) 'example_weekday_branch_operator' retrieved from /home/ubuntu/.local/lib/python3.10/site-packages/airflow/example_dags/example_branch_day_of_week_operator.py
[2024-02-02T12:46:26.298+0100] {logging_mixin.py:188} INFO - [2024-02-02T12:46:26.298+0100] {dag.py:3033} INFO - Sync 1 DAGs
[2024-02-02T12:46:26.316+0100] {logging_mixin.py:188} INFO - [2024-02-02T12:46:26.316+0100] {dag.py:3820} INFO - Setting next_dagrun for example_weekday_branch_operator to 2024-02-01T00:00:00+00:00, run_after=2024-02-02T00:00:00+00:00
[2024-02-02T12:46:26.363+0100] {processor.py:183} INFO - Processing /home/ubuntu/.local/lib/python3.10/site-packages/airflow/example_dags/example_branch_day_of_week_operator.py took 0.196 seconds
[2024-02-02T12:47:50.255+0100] {processor.py:161} INFO - Started process (PID=5007) to work on /home/ubuntu/.local/lib/python3.10/site-packages/airflow/example_dags/example_branch_day_of_week_operator.py
[2024-02-02T12:47:50.260+0100] {processor.py:830} INFO - Processing file /home/ubuntu/.local/lib/python3.10/site-packages/airflow/example_dags/example_branch_day_of_week_operator.py for tasks to queue
[2024-02-02T12:47:50.263+0100] {logging_mixin.py:188} INFO - [2024-02-02T12:47:50.262+0100] {dagbag.py:538} INFO - Filling up the DagBag from /home/ubuntu/.local/lib/python3.10/site-packages/airflow/example_dags/example_branch_day_of_week_operator.py
[2024-02-02T12:47:50.283+0100] {processor.py:840} INFO - DAG(s) 'example_weekday_branch_operator' retrieved from /home/ubuntu/.local/lib/python3.10/site-packages/airflow/example_dags/example_branch_day_of_week_operator.py
[2024-02-02T12:47:50.365+0100] {logging_mixin.py:188} INFO - [2024-02-02T12:47:50.364+0100] {dag.py:3033} INFO - Sync 1 DAGs
[2024-02-02T12:47:50.437+0100] {logging_mixin.py:188} INFO - [2024-02-02T12:47:50.437+0100] {dag.py:3820} INFO - Setting next_dagrun for example_weekday_branch_operator to 2024-02-01T00:00:00+00:00, run_after=2024-02-02T00:00:00+00:00
[2024-02-02T12:47:50.557+0100] {processor.py:183} INFO - Processing /home/ubuntu/.local/lib/python3.10/site-packages/airflow/example_dags/example_branch_day_of_week_operator.py took 0.331 seconds
[2024-02-02T12:49:17.860+0100] {processor.py:161} INFO - Started process (PID=5084) to work on /home/ubuntu/.local/lib/python3.10/site-packages/airflow/example_dags/example_branch_day_of_week_operator.py
[2024-02-02T12:49:17.865+0100] {processor.py:830} INFO - Processing file /home/ubuntu/.local/lib/python3.10/site-packages/airflow/example_dags/example_branch_day_of_week_operator.py for tasks to queue
[2024-02-02T12:49:17.867+0100] {logging_mixin.py:188} INFO - [2024-02-02T12:49:17.866+0100] {dagbag.py:538} INFO - Filling up the DagBag from /home/ubuntu/.local/lib/python3.10/site-packages/airflow/example_dags/example_branch_day_of_week_operator.py
[2024-02-02T12:49:17.898+0100] {processor.py:840} INFO - DAG(s) 'example_weekday_branch_operator' retrieved from /home/ubuntu/.local/lib/python3.10/site-packages/airflow/example_dags/example_branch_day_of_week_operator.py
[2024-02-02T12:49:17.965+0100] {logging_mixin.py:188} INFO - [2024-02-02T12:49:17.964+0100] {dag.py:3033} INFO - Sync 1 DAGs
[2024-02-02T12:49:18.074+0100] {logging_mixin.py:188} INFO - [2024-02-02T12:49:18.073+0100] {dag.py:3820} INFO - Setting next_dagrun for example_weekday_branch_operator to 2024-02-01T00:00:00+00:00, run_after=2024-02-02T00:00:00+00:00
[2024-02-02T12:49:18.173+0100] {processor.py:183} INFO - Processing /home/ubuntu/.local/lib/python3.10/site-packages/airflow/example_dags/example_branch_day_of_week_operator.py took 0.334 seconds
[2024-02-02T12:50:37.584+0100] {processor.py:161} INFO - Started process (PID=5151) to work on /home/ubuntu/.local/lib/python3.10/site-packages/airflow/example_dags/example_branch_day_of_week_operator.py
[2024-02-02T12:50:37.590+0100] {processor.py:830} INFO - Processing file /home/ubuntu/.local/lib/python3.10/site-packages/airflow/example_dags/example_branch_day_of_week_operator.py for tasks to queue
[2024-02-02T12:50:37.593+0100] {logging_mixin.py:188} INFO - [2024-02-02T12:50:37.592+0100] {dagbag.py:538} INFO - Filling up the DagBag from /home/ubuntu/.local/lib/python3.10/site-packages/airflow/example_dags/example_branch_day_of_week_operator.py
[2024-02-02T12:50:37.618+0100] {processor.py:840} INFO - DAG(s) 'example_weekday_branch_operator' retrieved from /home/ubuntu/.local/lib/python3.10/site-packages/airflow/example_dags/example_branch_day_of_week_operator.py
[2024-02-02T12:50:37.713+0100] {logging_mixin.py:188} INFO - [2024-02-02T12:50:37.712+0100] {dag.py:3033} INFO - Sync 1 DAGs
[2024-02-02T12:50:37.776+0100] {logging_mixin.py:188} INFO - [2024-02-02T12:50:37.776+0100] {dag.py:3820} INFO - Setting next_dagrun for example_weekday_branch_operator to 2024-02-01T00:00:00+00:00, run_after=2024-02-02T00:00:00+00:00
[2024-02-02T12:50:37.931+0100] {processor.py:183} INFO - Processing /home/ubuntu/.local/lib/python3.10/site-packages/airflow/example_dags/example_branch_day_of_week_operator.py took 0.352 seconds
[2024-02-02T12:51:55.195+0100] {processor.py:161} INFO - Started process (PID=5217) to work on /home/ubuntu/.local/lib/python3.10/site-packages/airflow/example_dags/example_branch_day_of_week_operator.py
[2024-02-02T12:51:55.198+0100] {processor.py:830} INFO - Processing file /home/ubuntu/.local/lib/python3.10/site-packages/airflow/example_dags/example_branch_day_of_week_operator.py for tasks to queue
[2024-02-02T12:51:55.201+0100] {logging_mixin.py:188} INFO - [2024-02-02T12:51:55.201+0100] {dagbag.py:538} INFO - Filling up the DagBag from /home/ubuntu/.local/lib/python3.10/site-packages/airflow/example_dags/example_branch_day_of_week_operator.py
[2024-02-02T12:51:55.222+0100] {processor.py:840} INFO - DAG(s) 'example_weekday_branch_operator' retrieved from /home/ubuntu/.local/lib/python3.10/site-packages/airflow/example_dags/example_branch_day_of_week_operator.py
[2024-02-02T12:51:55.256+0100] {logging_mixin.py:188} INFO - [2024-02-02T12:51:55.256+0100] {dag.py:3033} INFO - Sync 1 DAGs
[2024-02-02T12:51:55.313+0100] {logging_mixin.py:188} INFO - [2024-02-02T12:51:55.312+0100] {dag.py:3820} INFO - Setting next_dagrun for example_weekday_branch_operator to 2024-02-01T00:00:00+00:00, run_after=2024-02-02T00:00:00+00:00
[2024-02-02T12:51:55.397+0100] {processor.py:183} INFO - Processing /home/ubuntu/.local/lib/python3.10/site-packages/airflow/example_dags/example_branch_day_of_week_operator.py took 0.210 seconds
[2024-02-02T12:53:07.900+0100] {processor.py:161} INFO - Started process (PID=5280) to work on /home/ubuntu/.local/lib/python3.10/site-packages/airflow/example_dags/example_branch_day_of_week_operator.py
[2024-02-02T12:53:07.913+0100] {processor.py:830} INFO - Processing file /home/ubuntu/.local/lib/python3.10/site-packages/airflow/example_dags/example_branch_day_of_week_operator.py for tasks to queue
[2024-02-02T12:53:07.915+0100] {logging_mixin.py:188} INFO - [2024-02-02T12:53:07.914+0100] {dagbag.py:538} INFO - Filling up the DagBag from /home/ubuntu/.local/lib/python3.10/site-packages/airflow/example_dags/example_branch_day_of_week_operator.py
[2024-02-02T12:53:07.929+0100] {processor.py:840} INFO - DAG(s) 'example_weekday_branch_operator' retrieved from /home/ubuntu/.local/lib/python3.10/site-packages/airflow/example_dags/example_branch_day_of_week_operator.py
[2024-02-02T12:53:07.976+0100] {logging_mixin.py:188} INFO - [2024-02-02T12:53:07.975+0100] {dag.py:3033} INFO - Sync 1 DAGs
[2024-02-02T12:53:08.066+0100] {logging_mixin.py:188} INFO - [2024-02-02T12:53:08.066+0100] {dag.py:3820} INFO - Setting next_dagrun for example_weekday_branch_operator to 2024-02-01T00:00:00+00:00, run_after=2024-02-02T00:00:00+00:00
[2024-02-02T12:53:08.170+0100] {processor.py:183} INFO - Processing /home/ubuntu/.local/lib/python3.10/site-packages/airflow/example_dags/example_branch_day_of_week_operator.py took 0.291 seconds
[2024-02-02T12:54:28.412+0100] {processor.py:161} INFO - Started process (PID=5357) to work on /home/ubuntu/.local/lib/python3.10/site-packages/airflow/example_dags/example_branch_day_of_week_operator.py
[2024-02-02T12:54:28.415+0100] {processor.py:830} INFO - Processing file /home/ubuntu/.local/lib/python3.10/site-packages/airflow/example_dags/example_branch_day_of_week_operator.py for tasks to queue
[2024-02-02T12:54:28.417+0100] {logging_mixin.py:188} INFO - [2024-02-02T12:54:28.416+0100] {dagbag.py:538} INFO - Filling up the DagBag from /home/ubuntu/.local/lib/python3.10/site-packages/airflow/example_dags/example_branch_day_of_week_operator.py
[2024-02-02T12:54:28.467+0100] {processor.py:840} INFO - DAG(s) 'example_weekday_branch_operator' retrieved from /home/ubuntu/.local/lib/python3.10/site-packages/airflow/example_dags/example_branch_day_of_week_operator.py
[2024-02-02T12:54:28.532+0100] {logging_mixin.py:188} INFO - [2024-02-02T12:54:28.532+0100] {dag.py:3033} INFO - Sync 1 DAGs
[2024-02-02T12:54:28.636+0100] {logging_mixin.py:188} INFO - [2024-02-02T12:54:28.636+0100] {dag.py:3820} INFO - Setting next_dagrun for example_weekday_branch_operator to 2024-02-01T00:00:00+00:00, run_after=2024-02-02T00:00:00+00:00
[2024-02-02T12:54:28.755+0100] {processor.py:183} INFO - Processing /home/ubuntu/.local/lib/python3.10/site-packages/airflow/example_dags/example_branch_day_of_week_operator.py took 0.349 seconds
[2024-02-02T12:55:40.688+0100] {processor.py:161} INFO - Started process (PID=5417) to work on /home/ubuntu/.local/lib/python3.10/site-packages/airflow/example_dags/example_branch_day_of_week_operator.py
[2024-02-02T12:55:40.694+0100] {processor.py:830} INFO - Processing file /home/ubuntu/.local/lib/python3.10/site-packages/airflow/example_dags/example_branch_day_of_week_operator.py for tasks to queue
[2024-02-02T12:55:40.700+0100] {logging_mixin.py:188} INFO - [2024-02-02T12:55:40.699+0100] {dagbag.py:538} INFO - Filling up the DagBag from /home/ubuntu/.local/lib/python3.10/site-packages/airflow/example_dags/example_branch_day_of_week_operator.py
[2024-02-02T12:55:40.721+0100] {processor.py:840} INFO - DAG(s) 'example_weekday_branch_operator' retrieved from /home/ubuntu/.local/lib/python3.10/site-packages/airflow/example_dags/example_branch_day_of_week_operator.py
[2024-02-02T12:55:40.788+0100] {logging_mixin.py:188} INFO - [2024-02-02T12:55:40.788+0100] {dag.py:3033} INFO - Sync 1 DAGs
[2024-02-02T12:55:40.836+0100] {logging_mixin.py:188} INFO - [2024-02-02T12:55:40.835+0100] {dag.py:3820} INFO - Setting next_dagrun for example_weekday_branch_operator to 2024-02-01T00:00:00+00:00, run_after=2024-02-02T00:00:00+00:00
[2024-02-02T12:55:40.897+0100] {processor.py:183} INFO - Processing /home/ubuntu/.local/lib/python3.10/site-packages/airflow/example_dags/example_branch_day_of_week_operator.py took 0.215 seconds
[2024-02-02T12:56:54.825+0100] {processor.py:161} INFO - Started process (PID=5482) to work on /home/ubuntu/.local/lib/python3.10/site-packages/airflow/example_dags/example_branch_day_of_week_operator.py
[2024-02-02T12:56:54.844+0100] {processor.py:830} INFO - Processing file /home/ubuntu/.local/lib/python3.10/site-packages/airflow/example_dags/example_branch_day_of_week_operator.py for tasks to queue
[2024-02-02T12:56:54.848+0100] {logging_mixin.py:188} INFO - [2024-02-02T12:56:54.848+0100] {dagbag.py:538} INFO - Filling up the DagBag from /home/ubuntu/.local/lib/python3.10/site-packages/airflow/example_dags/example_branch_day_of_week_operator.py
[2024-02-02T12:56:54.885+0100] {processor.py:840} INFO - DAG(s) 'example_weekday_branch_operator' retrieved from /home/ubuntu/.local/lib/python3.10/site-packages/airflow/example_dags/example_branch_day_of_week_operator.py
[2024-02-02T12:56:54.932+0100] {logging_mixin.py:188} INFO - [2024-02-02T12:56:54.931+0100] {dag.py:3033} INFO - Sync 1 DAGs
[2024-02-02T12:56:54.973+0100] {logging_mixin.py:188} INFO - [2024-02-02T12:56:54.972+0100] {dag.py:3820} INFO - Setting next_dagrun for example_weekday_branch_operator to 2024-02-01T00:00:00+00:00, run_after=2024-02-02T00:00:00+00:00
[2024-02-02T12:56:55.045+0100] {processor.py:183} INFO - Processing /home/ubuntu/.local/lib/python3.10/site-packages/airflow/example_dags/example_branch_day_of_week_operator.py took 0.227 seconds
[2024-02-02T12:58:10.256+0100] {processor.py:161} INFO - Started process (PID=5558) to work on /home/ubuntu/.local/lib/python3.10/site-packages/airflow/example_dags/example_branch_day_of_week_operator.py
[2024-02-02T12:58:10.265+0100] {processor.py:830} INFO - Processing file /home/ubuntu/.local/lib/python3.10/site-packages/airflow/example_dags/example_branch_day_of_week_operator.py for tasks to queue
[2024-02-02T12:58:10.268+0100] {logging_mixin.py:188} INFO - [2024-02-02T12:58:10.267+0100] {dagbag.py:538} INFO - Filling up the DagBag from /home/ubuntu/.local/lib/python3.10/site-packages/airflow/example_dags/example_branch_day_of_week_operator.py
[2024-02-02T12:58:10.308+0100] {processor.py:840} INFO - DAG(s) 'example_weekday_branch_operator' retrieved from /home/ubuntu/.local/lib/python3.10/site-packages/airflow/example_dags/example_branch_day_of_week_operator.py
[2024-02-02T12:58:10.359+0100] {logging_mixin.py:188} INFO - [2024-02-02T12:58:10.357+0100] {dag.py:3033} INFO - Sync 1 DAGs
[2024-02-02T12:58:10.488+0100] {logging_mixin.py:188} INFO - [2024-02-02T12:58:10.488+0100] {dag.py:3820} INFO - Setting next_dagrun for example_weekday_branch_operator to 2024-02-01T00:00:00+00:00, run_after=2024-02-02T00:00:00+00:00
[2024-02-02T12:58:10.558+0100] {processor.py:183} INFO - Processing /home/ubuntu/.local/lib/python3.10/site-packages/airflow/example_dags/example_branch_day_of_week_operator.py took 0.310 seconds
[2024-02-02T12:59:52.319+0100] {processor.py:161} INFO - Started process (PID=5935) to work on /home/ubuntu/.local/lib/python3.10/site-packages/airflow/example_dags/example_branch_day_of_week_operator.py
[2024-02-02T12:59:52.326+0100] {processor.py:830} INFO - Processing file /home/ubuntu/.local/lib/python3.10/site-packages/airflow/example_dags/example_branch_day_of_week_operator.py for tasks to queue
[2024-02-02T12:59:52.328+0100] {logging_mixin.py:188} INFO - [2024-02-02T12:59:52.327+0100] {dagbag.py:538} INFO - Filling up the DagBag from /home/ubuntu/.local/lib/python3.10/site-packages/airflow/example_dags/example_branch_day_of_week_operator.py
[2024-02-02T12:59:52.432+0100] {processor.py:840} INFO - DAG(s) 'example_weekday_branch_operator' retrieved from /home/ubuntu/.local/lib/python3.10/site-packages/airflow/example_dags/example_branch_day_of_week_operator.py
[2024-02-02T12:59:52.595+0100] {logging_mixin.py:188} INFO - [2024-02-02T12:59:52.595+0100] {dag.py:3033} INFO - Sync 1 DAGs
[2024-02-02T12:59:52.650+0100] {logging_mixin.py:188} INFO - [2024-02-02T12:59:52.650+0100] {dag.py:3820} INFO - Setting next_dagrun for example_weekday_branch_operator to 2024-02-01T00:00:00+00:00, run_after=2024-02-02T00:00:00+00:00
[2024-02-02T12:59:52.767+0100] {processor.py:183} INFO - Processing /home/ubuntu/.local/lib/python3.10/site-packages/airflow/example_dags/example_branch_day_of_week_operator.py took 0.469 seconds
[2024-02-02T13:03:11.303+0100] {processor.py:161} INFO - Started process (PID=6456) to work on /home/ubuntu/.local/lib/python3.10/site-packages/airflow/example_dags/example_branch_day_of_week_operator.py
[2024-02-02T13:03:11.307+0100] {processor.py:830} INFO - Processing file /home/ubuntu/.local/lib/python3.10/site-packages/airflow/example_dags/example_branch_day_of_week_operator.py for tasks to queue
[2024-02-02T13:03:11.309+0100] {logging_mixin.py:188} INFO - [2024-02-02T13:03:11.309+0100] {dagbag.py:538} INFO - Filling up the DagBag from /home/ubuntu/.local/lib/python3.10/site-packages/airflow/example_dags/example_branch_day_of_week_operator.py
[2024-02-02T13:03:11.325+0100] {processor.py:840} INFO - DAG(s) 'example_weekday_branch_operator' retrieved from /home/ubuntu/.local/lib/python3.10/site-packages/airflow/example_dags/example_branch_day_of_week_operator.py
[2024-02-02T13:03:11.406+0100] {logging_mixin.py:188} INFO - [2024-02-02T13:03:11.406+0100] {dag.py:3033} INFO - Sync 1 DAGs
[2024-02-02T13:03:11.594+0100] {logging_mixin.py:188} INFO - [2024-02-02T13:03:11.589+0100] {dag.py:3820} INFO - Setting next_dagrun for example_weekday_branch_operator to 2024-02-01T00:00:00+00:00, run_after=2024-02-02T00:00:00+00:00
[2024-02-02T13:03:11.700+0100] {processor.py:183} INFO - Processing /home/ubuntu/.local/lib/python3.10/site-packages/airflow/example_dags/example_branch_day_of_week_operator.py took 0.413 seconds
[2024-02-02T13:04:37.422+0100] {processor.py:161} INFO - Started process (PID=6599) to work on /home/ubuntu/.local/lib/python3.10/site-packages/airflow/example_dags/example_branch_day_of_week_operator.py
[2024-02-02T13:04:37.426+0100] {processor.py:830} INFO - Processing file /home/ubuntu/.local/lib/python3.10/site-packages/airflow/example_dags/example_branch_day_of_week_operator.py for tasks to queue
[2024-02-02T13:04:37.428+0100] {logging_mixin.py:188} INFO - [2024-02-02T13:04:37.427+0100] {dagbag.py:538} INFO - Filling up the DagBag from /home/ubuntu/.local/lib/python3.10/site-packages/airflow/example_dags/example_branch_day_of_week_operator.py
[2024-02-02T13:04:37.446+0100] {processor.py:840} INFO - DAG(s) 'example_weekday_branch_operator' retrieved from /home/ubuntu/.local/lib/python3.10/site-packages/airflow/example_dags/example_branch_day_of_week_operator.py
[2024-02-02T13:04:37.481+0100] {logging_mixin.py:188} INFO - [2024-02-02T13:04:37.481+0100] {dag.py:3033} INFO - Sync 1 DAGs
[2024-02-02T13:04:37.517+0100] {logging_mixin.py:188} INFO - [2024-02-02T13:04:37.517+0100] {dag.py:3820} INFO - Setting next_dagrun for example_weekday_branch_operator to 2024-02-01T00:00:00+00:00, run_after=2024-02-02T00:00:00+00:00
[2024-02-02T13:04:37.622+0100] {processor.py:183} INFO - Processing /home/ubuntu/.local/lib/python3.10/site-packages/airflow/example_dags/example_branch_day_of_week_operator.py took 0.207 seconds
[2024-02-02T13:06:31.233+0100] {processor.py:161} INFO - Started process (PID=6728) to work on /home/ubuntu/.local/lib/python3.10/site-packages/airflow/example_dags/example_branch_day_of_week_operator.py
[2024-02-02T13:06:31.236+0100] {processor.py:830} INFO - Processing file /home/ubuntu/.local/lib/python3.10/site-packages/airflow/example_dags/example_branch_day_of_week_operator.py for tasks to queue
[2024-02-02T13:06:31.237+0100] {logging_mixin.py:188} INFO - [2024-02-02T13:06:31.237+0100] {dagbag.py:538} INFO - Filling up the DagBag from /home/ubuntu/.local/lib/python3.10/site-packages/airflow/example_dags/example_branch_day_of_week_operator.py
[2024-02-02T13:06:31.257+0100] {processor.py:840} INFO - DAG(s) 'example_weekday_branch_operator' retrieved from /home/ubuntu/.local/lib/python3.10/site-packages/airflow/example_dags/example_branch_day_of_week_operator.py
[2024-02-02T13:06:31.279+0100] {logging_mixin.py:188} INFO - [2024-02-02T13:06:31.279+0100] {dag.py:3033} INFO - Sync 1 DAGs
[2024-02-02T13:06:31.312+0100] {logging_mixin.py:188} INFO - [2024-02-02T13:06:31.312+0100] {dag.py:3820} INFO - Setting next_dagrun for example_weekday_branch_operator to 2024-02-01T00:00:00+00:00, run_after=2024-02-02T00:00:00+00:00
[2024-02-02T13:06:31.418+0100] {processor.py:183} INFO - Processing /home/ubuntu/.local/lib/python3.10/site-packages/airflow/example_dags/example_branch_day_of_week_operator.py took 0.188 seconds
[2024-02-02T13:07:39.110+0100] {processor.py:161} INFO - Started process (PID=6802) to work on /home/ubuntu/.local/lib/python3.10/site-packages/airflow/example_dags/example_branch_day_of_week_operator.py
[2024-02-02T13:07:39.113+0100] {processor.py:830} INFO - Processing file /home/ubuntu/.local/lib/python3.10/site-packages/airflow/example_dags/example_branch_day_of_week_operator.py for tasks to queue
[2024-02-02T13:07:39.114+0100] {logging_mixin.py:188} INFO - [2024-02-02T13:07:39.114+0100] {dagbag.py:538} INFO - Filling up the DagBag from /home/ubuntu/.local/lib/python3.10/site-packages/airflow/example_dags/example_branch_day_of_week_operator.py
[2024-02-02T13:07:39.124+0100] {processor.py:840} INFO - DAG(s) 'example_weekday_branch_operator' retrieved from /home/ubuntu/.local/lib/python3.10/site-packages/airflow/example_dags/example_branch_day_of_week_operator.py
[2024-02-02T13:07:39.145+0100] {logging_mixin.py:188} INFO - [2024-02-02T13:07:39.145+0100] {dag.py:3033} INFO - Sync 1 DAGs
[2024-02-02T13:07:39.171+0100] {logging_mixin.py:188} INFO - [2024-02-02T13:07:39.171+0100] {dag.py:3820} INFO - Setting next_dagrun for example_weekday_branch_operator to 2024-02-01T00:00:00+00:00, run_after=2024-02-02T00:00:00+00:00
[2024-02-02T13:07:39.209+0100] {processor.py:183} INFO - Processing /home/ubuntu/.local/lib/python3.10/site-packages/airflow/example_dags/example_branch_day_of_week_operator.py took 0.104 seconds
[2024-02-02T13:08:46.561+0100] {processor.py:161} INFO - Started process (PID=6878) to work on /home/ubuntu/.local/lib/python3.10/site-packages/airflow/example_dags/example_branch_day_of_week_operator.py
[2024-02-02T13:08:46.565+0100] {processor.py:830} INFO - Processing file /home/ubuntu/.local/lib/python3.10/site-packages/airflow/example_dags/example_branch_day_of_week_operator.py for tasks to queue
[2024-02-02T13:08:46.567+0100] {logging_mixin.py:188} INFO - [2024-02-02T13:08:46.566+0100] {dagbag.py:538} INFO - Filling up the DagBag from /home/ubuntu/.local/lib/python3.10/site-packages/airflow/example_dags/example_branch_day_of_week_operator.py
[2024-02-02T13:08:46.582+0100] {processor.py:840} INFO - DAG(s) 'example_weekday_branch_operator' retrieved from /home/ubuntu/.local/lib/python3.10/site-packages/airflow/example_dags/example_branch_day_of_week_operator.py
[2024-02-02T13:08:46.639+0100] {logging_mixin.py:188} INFO - [2024-02-02T13:08:46.639+0100] {dag.py:3033} INFO - Sync 1 DAGs
[2024-02-02T13:08:46.700+0100] {logging_mixin.py:188} INFO - [2024-02-02T13:08:46.700+0100] {dag.py:3820} INFO - Setting next_dagrun for example_weekday_branch_operator to 2024-02-01T00:00:00+00:00, run_after=2024-02-02T00:00:00+00:00
[2024-02-02T13:08:46.738+0100] {processor.py:183} INFO - Processing /home/ubuntu/.local/lib/python3.10/site-packages/airflow/example_dags/example_branch_day_of_week_operator.py took 0.188 seconds
[2024-02-02T13:09:44.150+0100] {processor.py:161} INFO - Started process (PID=6953) to work on /home/ubuntu/.local/lib/python3.10/site-packages/airflow/example_dags/example_branch_day_of_week_operator.py
[2024-02-02T13:09:44.152+0100] {processor.py:830} INFO - Processing file /home/ubuntu/.local/lib/python3.10/site-packages/airflow/example_dags/example_branch_day_of_week_operator.py for tasks to queue
[2024-02-02T13:09:44.154+0100] {logging_mixin.py:188} INFO - [2024-02-02T13:09:44.153+0100] {dagbag.py:538} INFO - Filling up the DagBag from /home/ubuntu/.local/lib/python3.10/site-packages/airflow/example_dags/example_branch_day_of_week_operator.py
[2024-02-02T13:09:44.164+0100] {processor.py:840} INFO - DAG(s) 'example_weekday_branch_operator' retrieved from /home/ubuntu/.local/lib/python3.10/site-packages/airflow/example_dags/example_branch_day_of_week_operator.py
[2024-02-02T13:09:44.181+0100] {logging_mixin.py:188} INFO - [2024-02-02T13:09:44.181+0100] {dag.py:3033} INFO - Sync 1 DAGs
[2024-02-02T13:09:44.200+0100] {logging_mixin.py:188} INFO - [2024-02-02T13:09:44.200+0100] {dag.py:3820} INFO - Setting next_dagrun for example_weekday_branch_operator to 2024-02-01T00:00:00+00:00, run_after=2024-02-02T00:00:00+00:00
[2024-02-02T13:09:44.231+0100] {processor.py:183} INFO - Processing /home/ubuntu/.local/lib/python3.10/site-packages/airflow/example_dags/example_branch_day_of_week_operator.py took 0.084 seconds
[2024-02-02T13:10:39.125+0100] {processor.py:161} INFO - Started process (PID=7485) to work on /home/ubuntu/.local/lib/python3.10/site-packages/airflow/example_dags/example_branch_day_of_week_operator.py
[2024-02-02T13:10:39.135+0100] {processor.py:830} INFO - Processing file /home/ubuntu/.local/lib/python3.10/site-packages/airflow/example_dags/example_branch_day_of_week_operator.py for tasks to queue
[2024-02-02T13:10:39.148+0100] {logging_mixin.py:188} INFO - [2024-02-02T13:10:39.148+0100] {dagbag.py:538} INFO - Filling up the DagBag from /home/ubuntu/.local/lib/python3.10/site-packages/airflow/example_dags/example_branch_day_of_week_operator.py
[2024-02-02T13:10:39.273+0100] {processor.py:840} INFO - DAG(s) 'example_weekday_branch_operator' retrieved from /home/ubuntu/.local/lib/python3.10/site-packages/airflow/example_dags/example_branch_day_of_week_operator.py
[2024-02-02T13:10:39.401+0100] {logging_mixin.py:188} INFO - [2024-02-02T13:10:39.401+0100] {dag.py:3033} INFO - Sync 1 DAGs
[2024-02-02T13:10:39.989+0100] {logging_mixin.py:188} INFO - [2024-02-02T13:10:39.989+0100] {dag.py:3820} INFO - Setting next_dagrun for example_weekday_branch_operator to 2024-02-01T00:00:00+00:00, run_after=2024-02-02T00:00:00+00:00
[2024-02-02T13:10:40.387+0100] {processor.py:183} INFO - Processing /home/ubuntu/.local/lib/python3.10/site-packages/airflow/example_dags/example_branch_day_of_week_operator.py took 1.305 seconds
