[2024-02-02T08:38:03.582+0100] {processor.py:161} INFO - Started process (PID=23815) to work on /home/ubuntu/.local/lib/python3.10/site-packages/airflow/example_dags/tutorial_objectstorage.py
[2024-02-02T08:38:03.583+0100] {processor.py:830} INFO - Processing file /home/ubuntu/.local/lib/python3.10/site-packages/airflow/example_dags/tutorial_objectstorage.py for tasks to queue
[2024-02-02T08:38:03.584+0100] {logging_mixin.py:188} INFO - [2024-02-02T08:38:03.584+0100] {dagbag.py:538} INFO - Filling up the DagBag from /home/ubuntu/.local/lib/python3.10/site-packages/airflow/example_dags/tutorial_objectstorage.py
[2024-02-02T08:38:03.593+0100] {processor.py:840} INFO - DAG(s) 'tutorial_objectstorage' retrieved from /home/ubuntu/.local/lib/python3.10/site-packages/airflow/example_dags/tutorial_objectstorage.py
[2024-02-02T08:38:03.618+0100] {logging_mixin.py:188} INFO - [2024-02-02T08:38:03.618+0100] {dag.py:3033} INFO - Sync 1 DAGs
[2024-02-02T08:38:03.635+0100] {logging_mixin.py:188} INFO - [2024-02-02T08:38:03.634+0100] {dag.py:3820} INFO - Setting next_dagrun for tutorial_objectstorage to None, run_after=None
[2024-02-02T08:38:03.668+0100] {processor.py:183} INFO - Processing /home/ubuntu/.local/lib/python3.10/site-packages/airflow/example_dags/tutorial_objectstorage.py took 0.093 seconds
[2024-02-02T08:38:54.208+0100] {processor.py:161} INFO - Started process (PID=23874) to work on /home/ubuntu/.local/lib/python3.10/site-packages/airflow/example_dags/tutorial_objectstorage.py
[2024-02-02T08:38:54.210+0100] {processor.py:830} INFO - Processing file /home/ubuntu/.local/lib/python3.10/site-packages/airflow/example_dags/tutorial_objectstorage.py for tasks to queue
[2024-02-02T08:38:54.211+0100] {logging_mixin.py:188} INFO - [2024-02-02T08:38:54.211+0100] {dagbag.py:538} INFO - Filling up the DagBag from /home/ubuntu/.local/lib/python3.10/site-packages/airflow/example_dags/tutorial_objectstorage.py
[2024-02-02T08:38:54.218+0100] {processor.py:840} INFO - DAG(s) 'tutorial_objectstorage' retrieved from /home/ubuntu/.local/lib/python3.10/site-packages/airflow/example_dags/tutorial_objectstorage.py
[2024-02-02T08:38:54.237+0100] {logging_mixin.py:188} INFO - [2024-02-02T08:38:54.237+0100] {dag.py:3033} INFO - Sync 1 DAGs
[2024-02-02T08:38:54.249+0100] {logging_mixin.py:188} INFO - [2024-02-02T08:38:54.249+0100] {dag.py:3820} INFO - Setting next_dagrun for tutorial_objectstorage to None, run_after=None
[2024-02-02T08:38:54.275+0100] {processor.py:183} INFO - Processing /home/ubuntu/.local/lib/python3.10/site-packages/airflow/example_dags/tutorial_objectstorage.py took 0.071 seconds
[2024-02-02T08:39:47.941+0100] {processor.py:161} INFO - Started process (PID=24018) to work on /home/ubuntu/.local/lib/python3.10/site-packages/airflow/example_dags/tutorial_objectstorage.py
[2024-02-02T08:39:47.945+0100] {processor.py:830} INFO - Processing file /home/ubuntu/.local/lib/python3.10/site-packages/airflow/example_dags/tutorial_objectstorage.py for tasks to queue
[2024-02-02T08:39:47.946+0100] {logging_mixin.py:188} INFO - [2024-02-02T08:39:47.945+0100] {dagbag.py:538} INFO - Filling up the DagBag from /home/ubuntu/.local/lib/python3.10/site-packages/airflow/example_dags/tutorial_objectstorage.py
[2024-02-02T08:39:47.954+0100] {processor.py:840} INFO - DAG(s) 'tutorial_objectstorage' retrieved from /home/ubuntu/.local/lib/python3.10/site-packages/airflow/example_dags/tutorial_objectstorage.py
[2024-02-02T08:39:47.980+0100] {logging_mixin.py:188} INFO - [2024-02-02T08:39:47.980+0100] {dag.py:3033} INFO - Sync 1 DAGs
[2024-02-02T08:39:48.004+0100] {logging_mixin.py:188} INFO - [2024-02-02T08:39:48.004+0100] {dag.py:3820} INFO - Setting next_dagrun for tutorial_objectstorage to None, run_after=None
[2024-02-02T08:39:48.145+0100] {processor.py:183} INFO - Processing /home/ubuntu/.local/lib/python3.10/site-packages/airflow/example_dags/tutorial_objectstorage.py took 0.209 seconds
[2024-02-02T12:41:10.377+0100] {processor.py:161} INFO - Started process (PID=4562) to work on /home/ubuntu/.local/lib/python3.10/site-packages/airflow/example_dags/tutorial_objectstorage.py
[2024-02-02T12:41:10.453+0100] {processor.py:830} INFO - Processing file /home/ubuntu/.local/lib/python3.10/site-packages/airflow/example_dags/tutorial_objectstorage.py for tasks to queue
[2024-02-02T12:41:10.456+0100] {logging_mixin.py:188} INFO - [2024-02-02T12:41:10.454+0100] {dagbag.py:538} INFO - Filling up the DagBag from /home/ubuntu/.local/lib/python3.10/site-packages/airflow/example_dags/tutorial_objectstorage.py
[2024-02-02T12:41:10.539+0100] {processor.py:840} INFO - DAG(s) 'tutorial_objectstorage' retrieved from /home/ubuntu/.local/lib/python3.10/site-packages/airflow/example_dags/tutorial_objectstorage.py
[2024-02-02T12:41:21.599+0100] {logging_mixin.py:188} INFO - [2024-02-02T12:41:21.598+0100] {dag.py:3033} INFO - Sync 1 DAGs
[2024-02-02T12:41:21.678+0100] {logging_mixin.py:188} INFO - [2024-02-02T12:41:21.677+0100] {dag.py:3820} INFO - Setting next_dagrun for tutorial_objectstorage to None, run_after=None
[2024-02-02T12:41:22.036+0100] {processor.py:183} INFO - Processing /home/ubuntu/.local/lib/python3.10/site-packages/airflow/example_dags/tutorial_objectstorage.py took 11.677 seconds
[2024-02-02T12:42:31.526+0100] {processor.py:161} INFO - Started process (PID=4655) to work on /home/ubuntu/.local/lib/python3.10/site-packages/airflow/example_dags/tutorial_objectstorage.py
[2024-02-02T12:42:31.533+0100] {processor.py:830} INFO - Processing file /home/ubuntu/.local/lib/python3.10/site-packages/airflow/example_dags/tutorial_objectstorage.py for tasks to queue
[2024-02-02T12:42:31.535+0100] {logging_mixin.py:188} INFO - [2024-02-02T12:42:31.534+0100] {dagbag.py:538} INFO - Filling up the DagBag from /home/ubuntu/.local/lib/python3.10/site-packages/airflow/example_dags/tutorial_objectstorage.py
[2024-02-02T12:42:31.544+0100] {processor.py:840} INFO - DAG(s) 'tutorial_objectstorage' retrieved from /home/ubuntu/.local/lib/python3.10/site-packages/airflow/example_dags/tutorial_objectstorage.py
[2024-02-02T12:42:31.570+0100] {logging_mixin.py:188} INFO - [2024-02-02T12:42:31.570+0100] {dag.py:3033} INFO - Sync 1 DAGs
[2024-02-02T12:42:31.598+0100] {logging_mixin.py:188} INFO - [2024-02-02T12:42:31.597+0100] {dag.py:3820} INFO - Setting next_dagrun for tutorial_objectstorage to None, run_after=None
[2024-02-02T12:42:31.657+0100] {processor.py:183} INFO - Processing /home/ubuntu/.local/lib/python3.10/site-packages/airflow/example_dags/tutorial_objectstorage.py took 0.140 seconds
[2024-02-02T12:43:41.691+0100] {processor.py:161} INFO - Started process (PID=4745) to work on /home/ubuntu/.local/lib/python3.10/site-packages/airflow/example_dags/tutorial_objectstorage.py
[2024-02-02T12:43:41.712+0100] {processor.py:830} INFO - Processing file /home/ubuntu/.local/lib/python3.10/site-packages/airflow/example_dags/tutorial_objectstorage.py for tasks to queue
[2024-02-02T12:43:41.715+0100] {logging_mixin.py:188} INFO - [2024-02-02T12:43:41.715+0100] {dagbag.py:538} INFO - Filling up the DagBag from /home/ubuntu/.local/lib/python3.10/site-packages/airflow/example_dags/tutorial_objectstorage.py
[2024-02-02T12:43:41.752+0100] {processor.py:840} INFO - DAG(s) 'tutorial_objectstorage' retrieved from /home/ubuntu/.local/lib/python3.10/site-packages/airflow/example_dags/tutorial_objectstorage.py
[2024-02-02T12:43:41.793+0100] {logging_mixin.py:188} INFO - [2024-02-02T12:43:41.793+0100] {dag.py:3033} INFO - Sync 1 DAGs
[2024-02-02T12:43:41.811+0100] {logging_mixin.py:188} INFO - [2024-02-02T12:43:41.811+0100] {dag.py:3820} INFO - Setting next_dagrun for tutorial_objectstorage to None, run_after=None
[2024-02-02T12:43:41.883+0100] {processor.py:183} INFO - Processing /home/ubuntu/.local/lib/python3.10/site-packages/airflow/example_dags/tutorial_objectstorage.py took 0.223 seconds
[2024-02-02T12:44:57.500+0100] {processor.py:161} INFO - Started process (PID=4847) to work on /home/ubuntu/.local/lib/python3.10/site-packages/airflow/example_dags/tutorial_objectstorage.py
[2024-02-02T12:44:57.512+0100] {processor.py:830} INFO - Processing file /home/ubuntu/.local/lib/python3.10/site-packages/airflow/example_dags/tutorial_objectstorage.py for tasks to queue
[2024-02-02T12:44:57.532+0100] {logging_mixin.py:188} INFO - [2024-02-02T12:44:57.513+0100] {dagbag.py:538} INFO - Filling up the DagBag from /home/ubuntu/.local/lib/python3.10/site-packages/airflow/example_dags/tutorial_objectstorage.py
[2024-02-02T12:44:57.589+0100] {processor.py:840} INFO - DAG(s) 'tutorial_objectstorage' retrieved from /home/ubuntu/.local/lib/python3.10/site-packages/airflow/example_dags/tutorial_objectstorage.py
[2024-02-02T12:44:57.623+0100] {logging_mixin.py:188} INFO - [2024-02-02T12:44:57.622+0100] {dag.py:3033} INFO - Sync 1 DAGs
[2024-02-02T12:44:57.670+0100] {logging_mixin.py:188} INFO - [2024-02-02T12:44:57.670+0100] {dag.py:3820} INFO - Setting next_dagrun for tutorial_objectstorage to None, run_after=None
[2024-02-02T12:44:57.780+0100] {processor.py:183} INFO - Processing /home/ubuntu/.local/lib/python3.10/site-packages/airflow/example_dags/tutorial_objectstorage.py took 0.286 seconds
[2024-02-02T12:46:16.847+0100] {processor.py:161} INFO - Started process (PID=4917) to work on /home/ubuntu/.local/lib/python3.10/site-packages/airflow/example_dags/tutorial_objectstorage.py
[2024-02-02T12:46:16.853+0100] {processor.py:830} INFO - Processing file /home/ubuntu/.local/lib/python3.10/site-packages/airflow/example_dags/tutorial_objectstorage.py for tasks to queue
[2024-02-02T12:46:16.855+0100] {logging_mixin.py:188} INFO - [2024-02-02T12:46:16.854+0100] {dagbag.py:538} INFO - Filling up the DagBag from /home/ubuntu/.local/lib/python3.10/site-packages/airflow/example_dags/tutorial_objectstorage.py
[2024-02-02T12:46:16.878+0100] {processor.py:840} INFO - DAG(s) 'tutorial_objectstorage' retrieved from /home/ubuntu/.local/lib/python3.10/site-packages/airflow/example_dags/tutorial_objectstorage.py
[2024-02-02T12:46:16.915+0100] {logging_mixin.py:188} INFO - [2024-02-02T12:46:16.915+0100] {dag.py:3033} INFO - Sync 1 DAGs
[2024-02-02T12:46:16.952+0100] {logging_mixin.py:188} INFO - [2024-02-02T12:46:16.952+0100] {dag.py:3820} INFO - Setting next_dagrun for tutorial_objectstorage to None, run_after=None
[2024-02-02T12:46:17.059+0100] {processor.py:183} INFO - Processing /home/ubuntu/.local/lib/python3.10/site-packages/airflow/example_dags/tutorial_objectstorage.py took 0.217 seconds
[2024-02-02T12:47:38.151+0100] {processor.py:161} INFO - Started process (PID=4992) to work on /home/ubuntu/.local/lib/python3.10/site-packages/airflow/example_dags/tutorial_objectstorage.py
[2024-02-02T12:47:38.194+0100] {processor.py:830} INFO - Processing file /home/ubuntu/.local/lib/python3.10/site-packages/airflow/example_dags/tutorial_objectstorage.py for tasks to queue
[2024-02-02T12:47:38.197+0100] {logging_mixin.py:188} INFO - [2024-02-02T12:47:38.196+0100] {dagbag.py:538} INFO - Filling up the DagBag from /home/ubuntu/.local/lib/python3.10/site-packages/airflow/example_dags/tutorial_objectstorage.py
[2024-02-02T12:47:38.220+0100] {processor.py:840} INFO - DAG(s) 'tutorial_objectstorage' retrieved from /home/ubuntu/.local/lib/python3.10/site-packages/airflow/example_dags/tutorial_objectstorage.py
[2024-02-02T12:47:38.266+0100] {logging_mixin.py:188} INFO - [2024-02-02T12:47:38.265+0100] {dag.py:3033} INFO - Sync 1 DAGs
[2024-02-02T12:47:38.296+0100] {logging_mixin.py:188} INFO - [2024-02-02T12:47:38.296+0100] {dag.py:3820} INFO - Setting next_dagrun for tutorial_objectstorage to None, run_after=None
[2024-02-02T12:47:38.539+0100] {processor.py:183} INFO - Processing /home/ubuntu/.local/lib/python3.10/site-packages/airflow/example_dags/tutorial_objectstorage.py took 0.401 seconds
[2024-02-02T12:49:07.380+0100] {processor.py:161} INFO - Started process (PID=5071) to work on /home/ubuntu/.local/lib/python3.10/site-packages/airflow/example_dags/tutorial_objectstorage.py
[2024-02-02T12:49:07.383+0100] {processor.py:830} INFO - Processing file /home/ubuntu/.local/lib/python3.10/site-packages/airflow/example_dags/tutorial_objectstorage.py for tasks to queue
[2024-02-02T12:49:07.384+0100] {logging_mixin.py:188} INFO - [2024-02-02T12:49:07.383+0100] {dagbag.py:538} INFO - Filling up the DagBag from /home/ubuntu/.local/lib/python3.10/site-packages/airflow/example_dags/tutorial_objectstorage.py
[2024-02-02T12:49:07.397+0100] {processor.py:840} INFO - DAG(s) 'tutorial_objectstorage' retrieved from /home/ubuntu/.local/lib/python3.10/site-packages/airflow/example_dags/tutorial_objectstorage.py
[2024-02-02T12:49:07.446+0100] {logging_mixin.py:188} INFO - [2024-02-02T12:49:07.446+0100] {dag.py:3033} INFO - Sync 1 DAGs
[2024-02-02T12:49:07.485+0100] {logging_mixin.py:188} INFO - [2024-02-02T12:49:07.485+0100] {dag.py:3820} INFO - Setting next_dagrun for tutorial_objectstorage to None, run_after=None
[2024-02-02T12:49:07.581+0100] {processor.py:183} INFO - Processing /home/ubuntu/.local/lib/python3.10/site-packages/airflow/example_dags/tutorial_objectstorage.py took 0.230 seconds
[2024-02-02T12:50:26.467+0100] {processor.py:161} INFO - Started process (PID=5136) to work on /home/ubuntu/.local/lib/python3.10/site-packages/airflow/example_dags/tutorial_objectstorage.py
[2024-02-02T12:50:26.470+0100] {processor.py:830} INFO - Processing file /home/ubuntu/.local/lib/python3.10/site-packages/airflow/example_dags/tutorial_objectstorage.py for tasks to queue
[2024-02-02T12:50:26.472+0100] {logging_mixin.py:188} INFO - [2024-02-02T12:50:26.471+0100] {dagbag.py:538} INFO - Filling up the DagBag from /home/ubuntu/.local/lib/python3.10/site-packages/airflow/example_dags/tutorial_objectstorage.py
[2024-02-02T12:50:26.484+0100] {processor.py:840} INFO - DAG(s) 'tutorial_objectstorage' retrieved from /home/ubuntu/.local/lib/python3.10/site-packages/airflow/example_dags/tutorial_objectstorage.py
[2024-02-02T12:50:26.536+0100] {logging_mixin.py:188} INFO - [2024-02-02T12:50:26.536+0100] {dag.py:3033} INFO - Sync 1 DAGs
[2024-02-02T12:50:26.556+0100] {logging_mixin.py:188} INFO - [2024-02-02T12:50:26.555+0100] {dag.py:3820} INFO - Setting next_dagrun for tutorial_objectstorage to None, run_after=None
[2024-02-02T12:50:26.619+0100] {processor.py:183} INFO - Processing /home/ubuntu/.local/lib/python3.10/site-packages/airflow/example_dags/tutorial_objectstorage.py took 0.175 seconds
[2024-02-02T12:51:45.814+0100] {processor.py:161} INFO - Started process (PID=5204) to work on /home/ubuntu/.local/lib/python3.10/site-packages/airflow/example_dags/tutorial_objectstorage.py
[2024-02-02T12:51:45.817+0100] {processor.py:830} INFO - Processing file /home/ubuntu/.local/lib/python3.10/site-packages/airflow/example_dags/tutorial_objectstorage.py for tasks to queue
[2024-02-02T12:51:45.819+0100] {logging_mixin.py:188} INFO - [2024-02-02T12:51:45.819+0100] {dagbag.py:538} INFO - Filling up the DagBag from /home/ubuntu/.local/lib/python3.10/site-packages/airflow/example_dags/tutorial_objectstorage.py
[2024-02-02T12:51:45.839+0100] {processor.py:840} INFO - DAG(s) 'tutorial_objectstorage' retrieved from /home/ubuntu/.local/lib/python3.10/site-packages/airflow/example_dags/tutorial_objectstorage.py
[2024-02-02T12:51:45.895+0100] {logging_mixin.py:188} INFO - [2024-02-02T12:51:45.895+0100] {dag.py:3033} INFO - Sync 1 DAGs
[2024-02-02T12:51:45.948+0100] {logging_mixin.py:188} INFO - [2024-02-02T12:51:45.948+0100] {dag.py:3820} INFO - Setting next_dagrun for tutorial_objectstorage to None, run_after=None
[2024-02-02T12:51:46.045+0100] {processor.py:183} INFO - Processing /home/ubuntu/.local/lib/python3.10/site-packages/airflow/example_dags/tutorial_objectstorage.py took 0.238 seconds
[2024-02-02T12:52:57.457+0100] {processor.py:161} INFO - Started process (PID=5267) to work on /home/ubuntu/.local/lib/python3.10/site-packages/airflow/example_dags/tutorial_objectstorage.py
[2024-02-02T12:52:57.477+0100] {processor.py:830} INFO - Processing file /home/ubuntu/.local/lib/python3.10/site-packages/airflow/example_dags/tutorial_objectstorage.py for tasks to queue
[2024-02-02T12:52:57.479+0100] {logging_mixin.py:188} INFO - [2024-02-02T12:52:57.478+0100] {dagbag.py:538} INFO - Filling up the DagBag from /home/ubuntu/.local/lib/python3.10/site-packages/airflow/example_dags/tutorial_objectstorage.py
[2024-02-02T12:52:57.491+0100] {processor.py:840} INFO - DAG(s) 'tutorial_objectstorage' retrieved from /home/ubuntu/.local/lib/python3.10/site-packages/airflow/example_dags/tutorial_objectstorage.py
[2024-02-02T12:52:57.525+0100] {logging_mixin.py:188} INFO - [2024-02-02T12:52:57.525+0100] {dag.py:3033} INFO - Sync 1 DAGs
[2024-02-02T12:52:57.559+0100] {logging_mixin.py:188} INFO - [2024-02-02T12:52:57.559+0100] {dag.py:3820} INFO - Setting next_dagrun for tutorial_objectstorage to None, run_after=None
[2024-02-02T12:52:57.647+0100] {processor.py:183} INFO - Processing /home/ubuntu/.local/lib/python3.10/site-packages/airflow/example_dags/tutorial_objectstorage.py took 0.219 seconds
[2024-02-02T12:54:17.868+0100] {processor.py:161} INFO - Started process (PID=5343) to work on /home/ubuntu/.local/lib/python3.10/site-packages/airflow/example_dags/tutorial_objectstorage.py
[2024-02-02T12:54:17.889+0100] {processor.py:830} INFO - Processing file /home/ubuntu/.local/lib/python3.10/site-packages/airflow/example_dags/tutorial_objectstorage.py for tasks to queue
[2024-02-02T12:54:17.892+0100] {logging_mixin.py:188} INFO - [2024-02-02T12:54:17.891+0100] {dagbag.py:538} INFO - Filling up the DagBag from /home/ubuntu/.local/lib/python3.10/site-packages/airflow/example_dags/tutorial_objectstorage.py
[2024-02-02T12:54:17.911+0100] {processor.py:840} INFO - DAG(s) 'tutorial_objectstorage' retrieved from /home/ubuntu/.local/lib/python3.10/site-packages/airflow/example_dags/tutorial_objectstorage.py
[2024-02-02T12:54:17.957+0100] {logging_mixin.py:188} INFO - [2024-02-02T12:54:17.957+0100] {dag.py:3033} INFO - Sync 1 DAGs
[2024-02-02T12:54:17.998+0100] {logging_mixin.py:188} INFO - [2024-02-02T12:54:17.998+0100] {dag.py:3820} INFO - Setting next_dagrun for tutorial_objectstorage to None, run_after=None
[2024-02-02T12:54:18.081+0100] {processor.py:183} INFO - Processing /home/ubuntu/.local/lib/python3.10/site-packages/airflow/example_dags/tutorial_objectstorage.py took 0.228 seconds
[2024-02-02T12:55:30.651+0100] {processor.py:161} INFO - Started process (PID=5404) to work on /home/ubuntu/.local/lib/python3.10/site-packages/airflow/example_dags/tutorial_objectstorage.py
[2024-02-02T12:55:30.658+0100] {processor.py:830} INFO - Processing file /home/ubuntu/.local/lib/python3.10/site-packages/airflow/example_dags/tutorial_objectstorage.py for tasks to queue
[2024-02-02T12:55:30.661+0100] {logging_mixin.py:188} INFO - [2024-02-02T12:55:30.659+0100] {dagbag.py:538} INFO - Filling up the DagBag from /home/ubuntu/.local/lib/python3.10/site-packages/airflow/example_dags/tutorial_objectstorage.py
[2024-02-02T12:55:30.690+0100] {processor.py:840} INFO - DAG(s) 'tutorial_objectstorage' retrieved from /home/ubuntu/.local/lib/python3.10/site-packages/airflow/example_dags/tutorial_objectstorage.py
[2024-02-02T12:55:30.781+0100] {logging_mixin.py:188} INFO - [2024-02-02T12:55:30.779+0100] {dag.py:3033} INFO - Sync 1 DAGs
[2024-02-02T12:55:30.804+0100] {logging_mixin.py:188} INFO - [2024-02-02T12:55:30.803+0100] {dag.py:3820} INFO - Setting next_dagrun for tutorial_objectstorage to None, run_after=None
[2024-02-02T12:55:30.877+0100] {processor.py:183} INFO - Processing /home/ubuntu/.local/lib/python3.10/site-packages/airflow/example_dags/tutorial_objectstorage.py took 0.237 seconds
[2024-02-02T12:56:46.704+0100] {processor.py:161} INFO - Started process (PID=5468) to work on /home/ubuntu/.local/lib/python3.10/site-packages/airflow/example_dags/tutorial_objectstorage.py
[2024-02-02T12:56:46.724+0100] {processor.py:830} INFO - Processing file /home/ubuntu/.local/lib/python3.10/site-packages/airflow/example_dags/tutorial_objectstorage.py for tasks to queue
[2024-02-02T12:56:46.732+0100] {logging_mixin.py:188} INFO - [2024-02-02T12:56:46.727+0100] {dagbag.py:538} INFO - Filling up the DagBag from /home/ubuntu/.local/lib/python3.10/site-packages/airflow/example_dags/tutorial_objectstorage.py
[2024-02-02T12:56:46.750+0100] {processor.py:840} INFO - DAG(s) 'tutorial_objectstorage' retrieved from /home/ubuntu/.local/lib/python3.10/site-packages/airflow/example_dags/tutorial_objectstorage.py
[2024-02-02T12:56:46.802+0100] {logging_mixin.py:188} INFO - [2024-02-02T12:56:46.802+0100] {dag.py:3033} INFO - Sync 1 DAGs
[2024-02-02T12:56:46.839+0100] {logging_mixin.py:188} INFO - [2024-02-02T12:56:46.839+0100] {dag.py:3820} INFO - Setting next_dagrun for tutorial_objectstorage to None, run_after=None
[2024-02-02T12:56:46.972+0100] {processor.py:183} INFO - Processing /home/ubuntu/.local/lib/python3.10/site-packages/airflow/example_dags/tutorial_objectstorage.py took 0.272 seconds
[2024-02-02T12:57:59.045+0100] {processor.py:161} INFO - Started process (PID=5545) to work on /home/ubuntu/.local/lib/python3.10/site-packages/airflow/example_dags/tutorial_objectstorage.py
[2024-02-02T12:57:59.048+0100] {processor.py:830} INFO - Processing file /home/ubuntu/.local/lib/python3.10/site-packages/airflow/example_dags/tutorial_objectstorage.py for tasks to queue
[2024-02-02T12:57:59.050+0100] {logging_mixin.py:188} INFO - [2024-02-02T12:57:59.050+0100] {dagbag.py:538} INFO - Filling up the DagBag from /home/ubuntu/.local/lib/python3.10/site-packages/airflow/example_dags/tutorial_objectstorage.py
[2024-02-02T12:57:59.073+0100] {processor.py:840} INFO - DAG(s) 'tutorial_objectstorage' retrieved from /home/ubuntu/.local/lib/python3.10/site-packages/airflow/example_dags/tutorial_objectstorage.py
[2024-02-02T12:57:59.125+0100] {logging_mixin.py:188} INFO - [2024-02-02T12:57:59.124+0100] {dag.py:3033} INFO - Sync 1 DAGs
[2024-02-02T12:57:59.164+0100] {logging_mixin.py:188} INFO - [2024-02-02T12:57:59.164+0100] {dag.py:3820} INFO - Setting next_dagrun for tutorial_objectstorage to None, run_after=None
[2024-02-02T12:57:59.350+0100] {processor.py:183} INFO - Processing /home/ubuntu/.local/lib/python3.10/site-packages/airflow/example_dags/tutorial_objectstorage.py took 0.313 seconds
[2024-02-02T12:59:36.854+0100] {processor.py:161} INFO - Started process (PID=5800) to work on /home/ubuntu/.local/lib/python3.10/site-packages/airflow/example_dags/tutorial_objectstorage.py
[2024-02-02T12:59:36.878+0100] {processor.py:830} INFO - Processing file /home/ubuntu/.local/lib/python3.10/site-packages/airflow/example_dags/tutorial_objectstorage.py for tasks to queue
[2024-02-02T12:59:36.885+0100] {logging_mixin.py:188} INFO - [2024-02-02T12:59:36.879+0100] {dagbag.py:538} INFO - Filling up the DagBag from /home/ubuntu/.local/lib/python3.10/site-packages/airflow/example_dags/tutorial_objectstorage.py
[2024-02-02T12:59:36.937+0100] {processor.py:840} INFO - DAG(s) 'tutorial_objectstorage' retrieved from /home/ubuntu/.local/lib/python3.10/site-packages/airflow/example_dags/tutorial_objectstorage.py
[2024-02-02T12:59:37.173+0100] {logging_mixin.py:188} INFO - [2024-02-02T12:59:37.173+0100] {dag.py:3033} INFO - Sync 1 DAGs
[2024-02-02T12:59:37.250+0100] {logging_mixin.py:188} INFO - [2024-02-02T12:59:37.250+0100] {dag.py:3820} INFO - Setting next_dagrun for tutorial_objectstorage to None, run_after=None
[2024-02-02T12:59:37.361+0100] {processor.py:183} INFO - Processing /home/ubuntu/.local/lib/python3.10/site-packages/airflow/example_dags/tutorial_objectstorage.py took 0.541 seconds
[2024-02-02T13:00:54.534+0100] {processor.py:161} INFO - Started process (PID=6226) to work on /home/ubuntu/.local/lib/python3.10/site-packages/airflow/example_dags/tutorial_objectstorage.py
[2024-02-02T13:00:54.613+0100] {processor.py:830} INFO - Processing file /home/ubuntu/.local/lib/python3.10/site-packages/airflow/example_dags/tutorial_objectstorage.py for tasks to queue
[2024-02-02T13:00:54.614+0100] {logging_mixin.py:188} INFO - [2024-02-02T13:00:54.614+0100] {dagbag.py:538} INFO - Filling up the DagBag from /home/ubuntu/.local/lib/python3.10/site-packages/airflow/example_dags/tutorial_objectstorage.py
[2024-02-02T13:00:54.654+0100] {processor.py:840} INFO - DAG(s) 'tutorial_objectstorage' retrieved from /home/ubuntu/.local/lib/python3.10/site-packages/airflow/example_dags/tutorial_objectstorage.py
[2024-02-02T13:00:55.272+0100] {logging_mixin.py:188} INFO - [2024-02-02T13:00:55.271+0100] {dag.py:3033} INFO - Sync 1 DAGs
[2024-02-02T13:00:55.427+0100] {logging_mixin.py:188} INFO - [2024-02-02T13:00:55.427+0100] {dag.py:3820} INFO - Setting next_dagrun for tutorial_objectstorage to None, run_after=None
[2024-02-02T13:00:55.900+0100] {processor.py:183} INFO - Processing /home/ubuntu/.local/lib/python3.10/site-packages/airflow/example_dags/tutorial_objectstorage.py took 1.394 seconds
[2024-02-02T13:02:42.315+0100] {processor.py:161} INFO - Started process (PID=6422) to work on /home/ubuntu/.local/lib/python3.10/site-packages/airflow/example_dags/tutorial_objectstorage.py
[2024-02-02T13:02:42.376+0100] {processor.py:830} INFO - Processing file /home/ubuntu/.local/lib/python3.10/site-packages/airflow/example_dags/tutorial_objectstorage.py for tasks to queue
[2024-02-02T13:02:42.378+0100] {logging_mixin.py:188} INFO - [2024-02-02T13:02:42.377+0100] {dagbag.py:538} INFO - Filling up the DagBag from /home/ubuntu/.local/lib/python3.10/site-packages/airflow/example_dags/tutorial_objectstorage.py
[2024-02-02T13:02:42.510+0100] {processor.py:840} INFO - DAG(s) 'tutorial_objectstorage' retrieved from /home/ubuntu/.local/lib/python3.10/site-packages/airflow/example_dags/tutorial_objectstorage.py
[2024-02-02T13:02:42.859+0100] {logging_mixin.py:188} INFO - [2024-02-02T13:02:42.853+0100] {dag.py:3033} INFO - Sync 1 DAGs
[2024-02-02T13:02:42.985+0100] {logging_mixin.py:188} INFO - [2024-02-02T13:02:42.984+0100] {dag.py:3820} INFO - Setting next_dagrun for tutorial_objectstorage to None, run_after=None
[2024-02-02T13:02:43.237+0100] {processor.py:183} INFO - Processing /home/ubuntu/.local/lib/python3.10/site-packages/airflow/example_dags/tutorial_objectstorage.py took 0.930 seconds
[2024-02-02T13:04:22.240+0100] {processor.py:161} INFO - Started process (PID=6582) to work on /home/ubuntu/.local/lib/python3.10/site-packages/airflow/example_dags/tutorial_objectstorage.py
[2024-02-02T13:04:22.262+0100] {processor.py:830} INFO - Processing file /home/ubuntu/.local/lib/python3.10/site-packages/airflow/example_dags/tutorial_objectstorage.py for tasks to queue
[2024-02-02T13:04:22.266+0100] {logging_mixin.py:188} INFO - [2024-02-02T13:04:22.265+0100] {dagbag.py:538} INFO - Filling up the DagBag from /home/ubuntu/.local/lib/python3.10/site-packages/airflow/example_dags/tutorial_objectstorage.py
[2024-02-02T13:04:22.286+0100] {processor.py:840} INFO - DAG(s) 'tutorial_objectstorage' retrieved from /home/ubuntu/.local/lib/python3.10/site-packages/airflow/example_dags/tutorial_objectstorage.py
[2024-02-02T13:04:22.598+0100] {logging_mixin.py:188} INFO - [2024-02-02T13:04:22.597+0100] {dag.py:3033} INFO - Sync 1 DAGs
[2024-02-02T13:04:22.686+0100] {logging_mixin.py:188} INFO - [2024-02-02T13:04:22.685+0100] {dag.py:3820} INFO - Setting next_dagrun for tutorial_objectstorage to None, run_after=None
[2024-02-02T13:04:22.806+0100] {processor.py:183} INFO - Processing /home/ubuntu/.local/lib/python3.10/site-packages/airflow/example_dags/tutorial_objectstorage.py took 0.572 seconds
[2024-02-02T13:05:26.033+0100] {processor.py:161} INFO - Started process (PID=6677) to work on /home/ubuntu/.local/lib/python3.10/site-packages/airflow/example_dags/tutorial_objectstorage.py
[2024-02-02T13:05:26.079+0100] {processor.py:830} INFO - Processing file /home/ubuntu/.local/lib/python3.10/site-packages/airflow/example_dags/tutorial_objectstorage.py for tasks to queue
[2024-02-02T13:05:26.081+0100] {logging_mixin.py:188} INFO - [2024-02-02T13:05:26.080+0100] {dagbag.py:538} INFO - Filling up the DagBag from /home/ubuntu/.local/lib/python3.10/site-packages/airflow/example_dags/tutorial_objectstorage.py
[2024-02-02T13:05:26.138+0100] {processor.py:840} INFO - DAG(s) 'tutorial_objectstorage' retrieved from /home/ubuntu/.local/lib/python3.10/site-packages/airflow/example_dags/tutorial_objectstorage.py
[2024-02-02T13:05:26.207+0100] {logging_mixin.py:188} INFO - [2024-02-02T13:05:26.206+0100] {dag.py:3033} INFO - Sync 1 DAGs
[2024-02-02T13:05:26.329+0100] {logging_mixin.py:188} INFO - [2024-02-02T13:05:26.327+0100] {dag.py:3820} INFO - Setting next_dagrun for tutorial_objectstorage to None, run_after=None
[2024-02-02T13:05:26.574+0100] {processor.py:183} INFO - Processing /home/ubuntu/.local/lib/python3.10/site-packages/airflow/example_dags/tutorial_objectstorage.py took 0.561 seconds
[2024-02-02T13:06:26.136+0100] {processor.py:161} INFO - Started process (PID=6721) to work on /home/ubuntu/.local/lib/python3.10/site-packages/airflow/example_dags/tutorial_objectstorage.py
[2024-02-02T13:06:26.140+0100] {processor.py:830} INFO - Processing file /home/ubuntu/.local/lib/python3.10/site-packages/airflow/example_dags/tutorial_objectstorage.py for tasks to queue
[2024-02-02T13:06:26.144+0100] {logging_mixin.py:188} INFO - [2024-02-02T13:06:26.143+0100] {dagbag.py:538} INFO - Filling up the DagBag from /home/ubuntu/.local/lib/python3.10/site-packages/airflow/example_dags/tutorial_objectstorage.py
[2024-02-02T13:06:26.158+0100] {processor.py:840} INFO - DAG(s) 'tutorial_objectstorage' retrieved from /home/ubuntu/.local/lib/python3.10/site-packages/airflow/example_dags/tutorial_objectstorage.py
[2024-02-02T13:06:26.191+0100] {logging_mixin.py:188} INFO - [2024-02-02T13:06:26.191+0100] {dag.py:3033} INFO - Sync 1 DAGs
[2024-02-02T13:06:26.209+0100] {logging_mixin.py:188} INFO - [2024-02-02T13:06:26.209+0100] {dag.py:3820} INFO - Setting next_dagrun for tutorial_objectstorage to None, run_after=None
[2024-02-02T13:06:26.293+0100] {processor.py:183} INFO - Processing /home/ubuntu/.local/lib/python3.10/site-packages/airflow/example_dags/tutorial_objectstorage.py took 0.163 seconds
[2024-02-02T13:07:35.145+0100] {processor.py:161} INFO - Started process (PID=6797) to work on /home/ubuntu/.local/lib/python3.10/site-packages/airflow/example_dags/tutorial_objectstorage.py
[2024-02-02T13:07:35.179+0100] {processor.py:830} INFO - Processing file /home/ubuntu/.local/lib/python3.10/site-packages/airflow/example_dags/tutorial_objectstorage.py for tasks to queue
[2024-02-02T13:07:35.185+0100] {logging_mixin.py:188} INFO - [2024-02-02T13:07:35.181+0100] {dagbag.py:538} INFO - Filling up the DagBag from /home/ubuntu/.local/lib/python3.10/site-packages/airflow/example_dags/tutorial_objectstorage.py
[2024-02-02T13:07:35.215+0100] {processor.py:840} INFO - DAG(s) 'tutorial_objectstorage' retrieved from /home/ubuntu/.local/lib/python3.10/site-packages/airflow/example_dags/tutorial_objectstorage.py
[2024-02-02T13:07:35.294+0100] {logging_mixin.py:188} INFO - [2024-02-02T13:07:35.294+0100] {dag.py:3033} INFO - Sync 1 DAGs
[2024-02-02T13:07:35.347+0100] {logging_mixin.py:188} INFO - [2024-02-02T13:07:35.345+0100] {dag.py:3820} INFO - Setting next_dagrun for tutorial_objectstorage to None, run_after=None
[2024-02-02T13:07:35.416+0100] {processor.py:183} INFO - Processing /home/ubuntu/.local/lib/python3.10/site-packages/airflow/example_dags/tutorial_objectstorage.py took 0.282 seconds
[2024-02-02T13:08:41.820+0100] {processor.py:161} INFO - Started process (PID=6874) to work on /home/ubuntu/.local/lib/python3.10/site-packages/airflow/example_dags/tutorial_objectstorage.py
[2024-02-02T13:08:41.827+0100] {processor.py:830} INFO - Processing file /home/ubuntu/.local/lib/python3.10/site-packages/airflow/example_dags/tutorial_objectstorage.py for tasks to queue
[2024-02-02T13:08:41.831+0100] {logging_mixin.py:188} INFO - [2024-02-02T13:08:41.830+0100] {dagbag.py:538} INFO - Filling up the DagBag from /home/ubuntu/.local/lib/python3.10/site-packages/airflow/example_dags/tutorial_objectstorage.py
[2024-02-02T13:08:41.854+0100] {processor.py:840} INFO - DAG(s) 'tutorial_objectstorage' retrieved from /home/ubuntu/.local/lib/python3.10/site-packages/airflow/example_dags/tutorial_objectstorage.py
[2024-02-02T13:08:41.919+0100] {logging_mixin.py:188} INFO - [2024-02-02T13:08:41.919+0100] {dag.py:3033} INFO - Sync 1 DAGs
[2024-02-02T13:08:42.009+0100] {logging_mixin.py:188} INFO - [2024-02-02T13:08:42.008+0100] {dag.py:3820} INFO - Setting next_dagrun for tutorial_objectstorage to None, run_after=None
[2024-02-02T13:08:42.136+0100] {processor.py:183} INFO - Processing /home/ubuntu/.local/lib/python3.10/site-packages/airflow/example_dags/tutorial_objectstorage.py took 0.324 seconds
[2024-02-02T13:09:40.374+0100] {processor.py:161} INFO - Started process (PID=6949) to work on /home/ubuntu/.local/lib/python3.10/site-packages/airflow/example_dags/tutorial_objectstorage.py
[2024-02-02T13:09:40.381+0100] {processor.py:830} INFO - Processing file /home/ubuntu/.local/lib/python3.10/site-packages/airflow/example_dags/tutorial_objectstorage.py for tasks to queue
[2024-02-02T13:09:40.382+0100] {logging_mixin.py:188} INFO - [2024-02-02T13:09:40.382+0100] {dagbag.py:538} INFO - Filling up the DagBag from /home/ubuntu/.local/lib/python3.10/site-packages/airflow/example_dags/tutorial_objectstorage.py
[2024-02-02T13:09:40.391+0100] {processor.py:840} INFO - DAG(s) 'tutorial_objectstorage' retrieved from /home/ubuntu/.local/lib/python3.10/site-packages/airflow/example_dags/tutorial_objectstorage.py
[2024-02-02T13:09:40.415+0100] {logging_mixin.py:188} INFO - [2024-02-02T13:09:40.415+0100] {dag.py:3033} INFO - Sync 1 DAGs
[2024-02-02T13:09:40.429+0100] {logging_mixin.py:188} INFO - [2024-02-02T13:09:40.429+0100] {dag.py:3820} INFO - Setting next_dagrun for tutorial_objectstorage to None, run_after=None
[2024-02-02T13:09:40.457+0100] {processor.py:183} INFO - Processing /home/ubuntu/.local/lib/python3.10/site-packages/airflow/example_dags/tutorial_objectstorage.py took 0.096 seconds
[2024-02-02T13:10:32.720+0100] {processor.py:161} INFO - Started process (PID=7422) to work on /home/ubuntu/.local/lib/python3.10/site-packages/airflow/example_dags/tutorial_objectstorage.py
[2024-02-02T13:10:32.788+0100] {processor.py:830} INFO - Processing file /home/ubuntu/.local/lib/python3.10/site-packages/airflow/example_dags/tutorial_objectstorage.py for tasks to queue
[2024-02-02T13:10:32.793+0100] {logging_mixin.py:188} INFO - [2024-02-02T13:10:32.792+0100] {dagbag.py:538} INFO - Filling up the DagBag from /home/ubuntu/.local/lib/python3.10/site-packages/airflow/example_dags/tutorial_objectstorage.py
[2024-02-02T13:10:32.821+0100] {processor.py:840} INFO - DAG(s) 'tutorial_objectstorage' retrieved from /home/ubuntu/.local/lib/python3.10/site-packages/airflow/example_dags/tutorial_objectstorage.py
[2024-02-02T13:10:32.902+0100] {logging_mixin.py:188} INFO - [2024-02-02T13:10:32.902+0100] {dag.py:3033} INFO - Sync 1 DAGs
[2024-02-02T13:10:32.959+0100] {logging_mixin.py:188} INFO - [2024-02-02T13:10:32.959+0100] {dag.py:3820} INFO - Setting next_dagrun for tutorial_objectstorage to None, run_after=None
[2024-02-02T13:10:33.127+0100] {processor.py:183} INFO - Processing /home/ubuntu/.local/lib/python3.10/site-packages/airflow/example_dags/tutorial_objectstorage.py took 0.413 seconds
