[2024-01-31T01:01:38.511+0100] {processor.py:161} INFO - Started process (PID=26535) to work on /home/ubuntu/.local/lib/python3.10/site-packages/airflow/example_dags/plugins/event_listener.py
[2024-01-31T01:01:38.512+0100] {processor.py:830} INFO - Processing file /home/ubuntu/.local/lib/python3.10/site-packages/airflow/example_dags/plugins/event_listener.py for tasks to queue
[2024-01-31T01:01:38.513+0100] {logging_mixin.py:188} INFO - [2024-01-31T01:01:38.513+0100] {dagbag.py:538} INFO - Filling up the DagBag from /home/ubuntu/.local/lib/python3.10/site-packages/airflow/example_dags/plugins/event_listener.py
[2024-01-31T01:01:38.517+0100] {processor.py:842} WARNING - No viable dags retrieved from /home/ubuntu/.local/lib/python3.10/site-packages/airflow/example_dags/plugins/event_listener.py
[2024-01-31T01:01:38.528+0100] {processor.py:183} INFO - Processing /home/ubuntu/.local/lib/python3.10/site-packages/airflow/example_dags/plugins/event_listener.py took 0.021 seconds
[2024-01-31T10:29:12.744+0100] {processor.py:161} INFO - Started process (PID=26644) to work on /home/ubuntu/.local/lib/python3.10/site-packages/airflow/example_dags/plugins/event_listener.py
[2024-01-31T10:29:12.771+0100] {processor.py:830} INFO - Processing file /home/ubuntu/.local/lib/python3.10/site-packages/airflow/example_dags/plugins/event_listener.py for tasks to queue
[2024-01-31T10:29:12.804+0100] {logging_mixin.py:188} INFO - [2024-01-31T10:29:12.791+0100] {dagbag.py:538} INFO - Filling up the DagBag from /home/ubuntu/.local/lib/python3.10/site-packages/airflow/example_dags/plugins/event_listener.py
[2024-01-31T10:29:12.918+0100] {processor.py:842} WARNING - No viable dags retrieved from /home/ubuntu/.local/lib/python3.10/site-packages/airflow/example_dags/plugins/event_listener.py
[2024-01-31T10:29:13.111+0100] {processor.py:183} INFO - Processing /home/ubuntu/.local/lib/python3.10/site-packages/airflow/example_dags/plugins/event_listener.py took 0.561 seconds
[2024-01-31T10:30:14.350+0100] {processor.py:161} INFO - Started process (PID=26749) to work on /home/ubuntu/.local/lib/python3.10/site-packages/airflow/example_dags/plugins/event_listener.py
[2024-01-31T10:30:14.352+0100] {processor.py:830} INFO - Processing file /home/ubuntu/.local/lib/python3.10/site-packages/airflow/example_dags/plugins/event_listener.py for tasks to queue
[2024-01-31T10:30:14.353+0100] {logging_mixin.py:188} INFO - [2024-01-31T10:30:14.352+0100] {dagbag.py:538} INFO - Filling up the DagBag from /home/ubuntu/.local/lib/python3.10/site-packages/airflow/example_dags/plugins/event_listener.py
[2024-01-31T10:30:14.355+0100] {processor.py:842} WARNING - No viable dags retrieved from /home/ubuntu/.local/lib/python3.10/site-packages/airflow/example_dags/plugins/event_listener.py
[2024-01-31T10:30:14.367+0100] {processor.py:183} INFO - Processing /home/ubuntu/.local/lib/python3.10/site-packages/airflow/example_dags/plugins/event_listener.py took 0.021 seconds
[2024-01-31T10:31:09.879+0100] {processor.py:161} INFO - Started process (PID=26812) to work on /home/ubuntu/.local/lib/python3.10/site-packages/airflow/example_dags/plugins/event_listener.py
[2024-01-31T10:31:09.881+0100] {processor.py:830} INFO - Processing file /home/ubuntu/.local/lib/python3.10/site-packages/airflow/example_dags/plugins/event_listener.py for tasks to queue
[2024-01-31T10:31:09.883+0100] {logging_mixin.py:188} INFO - [2024-01-31T10:31:09.883+0100] {dagbag.py:538} INFO - Filling up the DagBag from /home/ubuntu/.local/lib/python3.10/site-packages/airflow/example_dags/plugins/event_listener.py
[2024-01-31T10:31:09.886+0100] {processor.py:842} WARNING - No viable dags retrieved from /home/ubuntu/.local/lib/python3.10/site-packages/airflow/example_dags/plugins/event_listener.py
[2024-01-31T10:31:09.899+0100] {processor.py:183} INFO - Processing /home/ubuntu/.local/lib/python3.10/site-packages/airflow/example_dags/plugins/event_listener.py took 0.024 seconds
[2024-01-31T10:31:51.314+0100] {processor.py:161} INFO - Started process (PID=26858) to work on /home/ubuntu/.local/lib/python3.10/site-packages/airflow/example_dags/plugins/event_listener.py
[2024-01-31T10:31:51.317+0100] {processor.py:830} INFO - Processing file /home/ubuntu/.local/lib/python3.10/site-packages/airflow/example_dags/plugins/event_listener.py for tasks to queue
[2024-01-31T10:31:51.319+0100] {logging_mixin.py:188} INFO - [2024-01-31T10:31:51.318+0100] {dagbag.py:538} INFO - Filling up the DagBag from /home/ubuntu/.local/lib/python3.10/site-packages/airflow/example_dags/plugins/event_listener.py
[2024-01-31T10:31:51.322+0100] {processor.py:842} WARNING - No viable dags retrieved from /home/ubuntu/.local/lib/python3.10/site-packages/airflow/example_dags/plugins/event_listener.py
[2024-01-31T10:31:51.336+0100] {processor.py:183} INFO - Processing /home/ubuntu/.local/lib/python3.10/site-packages/airflow/example_dags/plugins/event_listener.py took 0.026 seconds
[2024-01-31T10:32:48.807+0100] {processor.py:161} INFO - Started process (PID=26926) to work on /home/ubuntu/.local/lib/python3.10/site-packages/airflow/example_dags/plugins/event_listener.py
[2024-01-31T10:32:48.809+0100] {processor.py:830} INFO - Processing file /home/ubuntu/.local/lib/python3.10/site-packages/airflow/example_dags/plugins/event_listener.py for tasks to queue
[2024-01-31T10:32:48.810+0100] {logging_mixin.py:188} INFO - [2024-01-31T10:32:48.809+0100] {dagbag.py:538} INFO - Filling up the DagBag from /home/ubuntu/.local/lib/python3.10/site-packages/airflow/example_dags/plugins/event_listener.py
[2024-01-31T10:32:48.812+0100] {processor.py:842} WARNING - No viable dags retrieved from /home/ubuntu/.local/lib/python3.10/site-packages/airflow/example_dags/plugins/event_listener.py
[2024-01-31T10:32:48.826+0100] {processor.py:183} INFO - Processing /home/ubuntu/.local/lib/python3.10/site-packages/airflow/example_dags/plugins/event_listener.py took 0.023 seconds
[2024-01-31T10:33:30.768+0100] {processor.py:161} INFO - Started process (PID=26974) to work on /home/ubuntu/.local/lib/python3.10/site-packages/airflow/example_dags/plugins/event_listener.py
[2024-01-31T10:33:30.769+0100] {processor.py:830} INFO - Processing file /home/ubuntu/.local/lib/python3.10/site-packages/airflow/example_dags/plugins/event_listener.py for tasks to queue
[2024-01-31T10:33:30.770+0100] {logging_mixin.py:188} INFO - [2024-01-31T10:33:30.770+0100] {dagbag.py:538} INFO - Filling up the DagBag from /home/ubuntu/.local/lib/python3.10/site-packages/airflow/example_dags/plugins/event_listener.py
[2024-01-31T10:33:30.773+0100] {processor.py:842} WARNING - No viable dags retrieved from /home/ubuntu/.local/lib/python3.10/site-packages/airflow/example_dags/plugins/event_listener.py
[2024-01-31T10:33:30.786+0100] {processor.py:183} INFO - Processing /home/ubuntu/.local/lib/python3.10/site-packages/airflow/example_dags/plugins/event_listener.py took 0.022 seconds
[2024-01-31T10:34:11.775+0100] {processor.py:161} INFO - Started process (PID=27061) to work on /home/ubuntu/.local/lib/python3.10/site-packages/airflow/example_dags/plugins/event_listener.py
[2024-01-31T10:34:11.777+0100] {processor.py:830} INFO - Processing file /home/ubuntu/.local/lib/python3.10/site-packages/airflow/example_dags/plugins/event_listener.py for tasks to queue
[2024-01-31T10:34:11.778+0100] {logging_mixin.py:188} INFO - [2024-01-31T10:34:11.778+0100] {dagbag.py:538} INFO - Filling up the DagBag from /home/ubuntu/.local/lib/python3.10/site-packages/airflow/example_dags/plugins/event_listener.py
[2024-01-31T10:34:11.782+0100] {processor.py:842} WARNING - No viable dags retrieved from /home/ubuntu/.local/lib/python3.10/site-packages/airflow/example_dags/plugins/event_listener.py
[2024-01-31T10:34:11.800+0100] {processor.py:183} INFO - Processing /home/ubuntu/.local/lib/python3.10/site-packages/airflow/example_dags/plugins/event_listener.py took 0.032 seconds
[2024-01-31T10:34:53.944+0100] {processor.py:161} INFO - Started process (PID=27107) to work on /home/ubuntu/.local/lib/python3.10/site-packages/airflow/example_dags/plugins/event_listener.py
[2024-01-31T10:34:53.946+0100] {processor.py:830} INFO - Processing file /home/ubuntu/.local/lib/python3.10/site-packages/airflow/example_dags/plugins/event_listener.py for tasks to queue
[2024-01-31T10:34:53.947+0100] {logging_mixin.py:188} INFO - [2024-01-31T10:34:53.946+0100] {dagbag.py:538} INFO - Filling up the DagBag from /home/ubuntu/.local/lib/python3.10/site-packages/airflow/example_dags/plugins/event_listener.py
[2024-01-31T10:34:53.949+0100] {processor.py:842} WARNING - No viable dags retrieved from /home/ubuntu/.local/lib/python3.10/site-packages/airflow/example_dags/plugins/event_listener.py
[2024-01-31T10:34:53.961+0100] {processor.py:183} INFO - Processing /home/ubuntu/.local/lib/python3.10/site-packages/airflow/example_dags/plugins/event_listener.py took 0.021 seconds
[2024-01-31T10:35:38.031+0100] {processor.py:161} INFO - Started process (PID=27160) to work on /home/ubuntu/.local/lib/python3.10/site-packages/airflow/example_dags/plugins/event_listener.py
[2024-01-31T10:35:38.033+0100] {processor.py:830} INFO - Processing file /home/ubuntu/.local/lib/python3.10/site-packages/airflow/example_dags/plugins/event_listener.py for tasks to queue
[2024-01-31T10:35:38.034+0100] {logging_mixin.py:188} INFO - [2024-01-31T10:35:38.034+0100] {dagbag.py:538} INFO - Filling up the DagBag from /home/ubuntu/.local/lib/python3.10/site-packages/airflow/example_dags/plugins/event_listener.py
[2024-01-31T10:35:38.037+0100] {processor.py:842} WARNING - No viable dags retrieved from /home/ubuntu/.local/lib/python3.10/site-packages/airflow/example_dags/plugins/event_listener.py
[2024-01-31T10:35:38.055+0100] {processor.py:183} INFO - Processing /home/ubuntu/.local/lib/python3.10/site-packages/airflow/example_dags/plugins/event_listener.py took 0.030 seconds
[2024-01-31T10:36:25.006+0100] {processor.py:161} INFO - Started process (PID=27211) to work on /home/ubuntu/.local/lib/python3.10/site-packages/airflow/example_dags/plugins/event_listener.py
[2024-01-31T10:36:25.008+0100] {processor.py:830} INFO - Processing file /home/ubuntu/.local/lib/python3.10/site-packages/airflow/example_dags/plugins/event_listener.py for tasks to queue
[2024-01-31T10:36:25.009+0100] {logging_mixin.py:188} INFO - [2024-01-31T10:36:25.009+0100] {dagbag.py:538} INFO - Filling up the DagBag from /home/ubuntu/.local/lib/python3.10/site-packages/airflow/example_dags/plugins/event_listener.py
[2024-01-31T10:36:25.012+0100] {processor.py:842} WARNING - No viable dags retrieved from /home/ubuntu/.local/lib/python3.10/site-packages/airflow/example_dags/plugins/event_listener.py
[2024-01-31T10:36:25.024+0100] {processor.py:183} INFO - Processing /home/ubuntu/.local/lib/python3.10/site-packages/airflow/example_dags/plugins/event_listener.py took 0.023 seconds
[2024-01-31T10:37:07.248+0100] {processor.py:161} INFO - Started process (PID=27262) to work on /home/ubuntu/.local/lib/python3.10/site-packages/airflow/example_dags/plugins/event_listener.py
[2024-01-31T10:37:07.250+0100] {processor.py:830} INFO - Processing file /home/ubuntu/.local/lib/python3.10/site-packages/airflow/example_dags/plugins/event_listener.py for tasks to queue
[2024-01-31T10:37:07.252+0100] {logging_mixin.py:188} INFO - [2024-01-31T10:37:07.251+0100] {dagbag.py:538} INFO - Filling up the DagBag from /home/ubuntu/.local/lib/python3.10/site-packages/airflow/example_dags/plugins/event_listener.py
[2024-01-31T10:37:07.255+0100] {processor.py:842} WARNING - No viable dags retrieved from /home/ubuntu/.local/lib/python3.10/site-packages/airflow/example_dags/plugins/event_listener.py
[2024-01-31T10:37:07.267+0100] {processor.py:183} INFO - Processing /home/ubuntu/.local/lib/python3.10/site-packages/airflow/example_dags/plugins/event_listener.py took 0.023 seconds
[2024-01-31T10:37:49.597+0100] {processor.py:161} INFO - Started process (PID=27309) to work on /home/ubuntu/.local/lib/python3.10/site-packages/airflow/example_dags/plugins/event_listener.py
[2024-01-31T10:37:49.599+0100] {processor.py:830} INFO - Processing file /home/ubuntu/.local/lib/python3.10/site-packages/airflow/example_dags/plugins/event_listener.py for tasks to queue
[2024-01-31T10:37:49.600+0100] {logging_mixin.py:188} INFO - [2024-01-31T10:37:49.600+0100] {dagbag.py:538} INFO - Filling up the DagBag from /home/ubuntu/.local/lib/python3.10/site-packages/airflow/example_dags/plugins/event_listener.py
[2024-01-31T10:37:49.603+0100] {processor.py:842} WARNING - No viable dags retrieved from /home/ubuntu/.local/lib/python3.10/site-packages/airflow/example_dags/plugins/event_listener.py
[2024-01-31T10:37:49.617+0100] {processor.py:183} INFO - Processing /home/ubuntu/.local/lib/python3.10/site-packages/airflow/example_dags/plugins/event_listener.py took 0.023 seconds
[2024-01-31T10:38:32.662+0100] {processor.py:161} INFO - Started process (PID=27359) to work on /home/ubuntu/.local/lib/python3.10/site-packages/airflow/example_dags/plugins/event_listener.py
[2024-01-31T10:38:32.664+0100] {processor.py:830} INFO - Processing file /home/ubuntu/.local/lib/python3.10/site-packages/airflow/example_dags/plugins/event_listener.py for tasks to queue
[2024-01-31T10:38:32.666+0100] {logging_mixin.py:188} INFO - [2024-01-31T10:38:32.665+0100] {dagbag.py:538} INFO - Filling up the DagBag from /home/ubuntu/.local/lib/python3.10/site-packages/airflow/example_dags/plugins/event_listener.py
[2024-01-31T10:38:32.668+0100] {processor.py:842} WARNING - No viable dags retrieved from /home/ubuntu/.local/lib/python3.10/site-packages/airflow/example_dags/plugins/event_listener.py
[2024-01-31T10:38:32.681+0100] {processor.py:183} INFO - Processing /home/ubuntu/.local/lib/python3.10/site-packages/airflow/example_dags/plugins/event_listener.py took 0.025 seconds
[2024-01-31T10:39:16.250+0100] {processor.py:161} INFO - Started process (PID=27410) to work on /home/ubuntu/.local/lib/python3.10/site-packages/airflow/example_dags/plugins/event_listener.py
[2024-01-31T10:39:16.252+0100] {processor.py:830} INFO - Processing file /home/ubuntu/.local/lib/python3.10/site-packages/airflow/example_dags/plugins/event_listener.py for tasks to queue
[2024-01-31T10:39:16.253+0100] {logging_mixin.py:188} INFO - [2024-01-31T10:39:16.253+0100] {dagbag.py:538} INFO - Filling up the DagBag from /home/ubuntu/.local/lib/python3.10/site-packages/airflow/example_dags/plugins/event_listener.py
[2024-01-31T10:39:16.256+0100] {processor.py:842} WARNING - No viable dags retrieved from /home/ubuntu/.local/lib/python3.10/site-packages/airflow/example_dags/plugins/event_listener.py
[2024-01-31T10:39:16.268+0100] {processor.py:183} INFO - Processing /home/ubuntu/.local/lib/python3.10/site-packages/airflow/example_dags/plugins/event_listener.py took 0.022 seconds
[2024-01-31T10:39:57.449+0100] {processor.py:161} INFO - Started process (PID=27457) to work on /home/ubuntu/.local/lib/python3.10/site-packages/airflow/example_dags/plugins/event_listener.py
[2024-01-31T10:39:57.464+0100] {processor.py:830} INFO - Processing file /home/ubuntu/.local/lib/python3.10/site-packages/airflow/example_dags/plugins/event_listener.py for tasks to queue
[2024-01-31T10:39:57.468+0100] {logging_mixin.py:188} INFO - [2024-01-31T10:39:57.467+0100] {dagbag.py:538} INFO - Filling up the DagBag from /home/ubuntu/.local/lib/python3.10/site-packages/airflow/example_dags/plugins/event_listener.py
[2024-01-31T10:39:57.472+0100] {processor.py:842} WARNING - No viable dags retrieved from /home/ubuntu/.local/lib/python3.10/site-packages/airflow/example_dags/plugins/event_listener.py
[2024-01-31T10:39:57.486+0100] {processor.py:183} INFO - Processing /home/ubuntu/.local/lib/python3.10/site-packages/airflow/example_dags/plugins/event_listener.py took 0.045 seconds
[2024-01-31T10:40:54.758+0100] {processor.py:161} INFO - Started process (PID=27531) to work on /home/ubuntu/.local/lib/python3.10/site-packages/airflow/example_dags/plugins/event_listener.py
[2024-01-31T10:40:54.760+0100] {processor.py:830} INFO - Processing file /home/ubuntu/.local/lib/python3.10/site-packages/airflow/example_dags/plugins/event_listener.py for tasks to queue
[2024-01-31T10:40:54.761+0100] {logging_mixin.py:188} INFO - [2024-01-31T10:40:54.761+0100] {dagbag.py:538} INFO - Filling up the DagBag from /home/ubuntu/.local/lib/python3.10/site-packages/airflow/example_dags/plugins/event_listener.py
[2024-01-31T10:40:54.763+0100] {processor.py:842} WARNING - No viable dags retrieved from /home/ubuntu/.local/lib/python3.10/site-packages/airflow/example_dags/plugins/event_listener.py
[2024-01-31T10:40:54.781+0100] {processor.py:183} INFO - Processing /home/ubuntu/.local/lib/python3.10/site-packages/airflow/example_dags/plugins/event_listener.py took 0.026 seconds
[2024-01-31T10:41:54.012+0100] {processor.py:161} INFO - Started process (PID=27596) to work on /home/ubuntu/.local/lib/python3.10/site-packages/airflow/example_dags/plugins/event_listener.py
[2024-01-31T10:41:54.014+0100] {processor.py:830} INFO - Processing file /home/ubuntu/.local/lib/python3.10/site-packages/airflow/example_dags/plugins/event_listener.py for tasks to queue
[2024-01-31T10:41:54.015+0100] {logging_mixin.py:188} INFO - [2024-01-31T10:41:54.015+0100] {dagbag.py:538} INFO - Filling up the DagBag from /home/ubuntu/.local/lib/python3.10/site-packages/airflow/example_dags/plugins/event_listener.py
[2024-01-31T10:41:54.019+0100] {processor.py:842} WARNING - No viable dags retrieved from /home/ubuntu/.local/lib/python3.10/site-packages/airflow/example_dags/plugins/event_listener.py
[2024-01-31T10:41:54.033+0100] {processor.py:183} INFO - Processing /home/ubuntu/.local/lib/python3.10/site-packages/airflow/example_dags/plugins/event_listener.py took 0.025 seconds
[2024-01-31T10:42:35.040+0100] {processor.py:161} INFO - Started process (PID=27647) to work on /home/ubuntu/.local/lib/python3.10/site-packages/airflow/example_dags/plugins/event_listener.py
[2024-01-31T10:42:35.042+0100] {processor.py:830} INFO - Processing file /home/ubuntu/.local/lib/python3.10/site-packages/airflow/example_dags/plugins/event_listener.py for tasks to queue
[2024-01-31T10:42:35.043+0100] {logging_mixin.py:188} INFO - [2024-01-31T10:42:35.043+0100] {dagbag.py:538} INFO - Filling up the DagBag from /home/ubuntu/.local/lib/python3.10/site-packages/airflow/example_dags/plugins/event_listener.py
[2024-01-31T10:42:35.047+0100] {processor.py:842} WARNING - No viable dags retrieved from /home/ubuntu/.local/lib/python3.10/site-packages/airflow/example_dags/plugins/event_listener.py
[2024-01-31T10:42:35.059+0100] {processor.py:183} INFO - Processing /home/ubuntu/.local/lib/python3.10/site-packages/airflow/example_dags/plugins/event_listener.py took 0.023 seconds
[2024-01-31T10:43:13.438+0100] {processor.py:161} INFO - Started process (PID=27700) to work on /home/ubuntu/.local/lib/python3.10/site-packages/airflow/example_dags/plugins/event_listener.py
[2024-01-31T10:43:13.439+0100] {processor.py:830} INFO - Processing file /home/ubuntu/.local/lib/python3.10/site-packages/airflow/example_dags/plugins/event_listener.py for tasks to queue
[2024-01-31T10:43:13.441+0100] {logging_mixin.py:188} INFO - [2024-01-31T10:43:13.440+0100] {dagbag.py:538} INFO - Filling up the DagBag from /home/ubuntu/.local/lib/python3.10/site-packages/airflow/example_dags/plugins/event_listener.py
[2024-01-31T10:43:13.444+0100] {processor.py:842} WARNING - No viable dags retrieved from /home/ubuntu/.local/lib/python3.10/site-packages/airflow/example_dags/plugins/event_listener.py
[2024-01-31T10:43:13.455+0100] {processor.py:183} INFO - Processing /home/ubuntu/.local/lib/python3.10/site-packages/airflow/example_dags/plugins/event_listener.py took 0.021 seconds
[2024-01-31T10:44:10.577+0100] {processor.py:161} INFO - Started process (PID=27765) to work on /home/ubuntu/.local/lib/python3.10/site-packages/airflow/example_dags/plugins/event_listener.py
[2024-01-31T10:44:10.579+0100] {processor.py:830} INFO - Processing file /home/ubuntu/.local/lib/python3.10/site-packages/airflow/example_dags/plugins/event_listener.py for tasks to queue
[2024-01-31T10:44:10.580+0100] {logging_mixin.py:188} INFO - [2024-01-31T10:44:10.580+0100] {dagbag.py:538} INFO - Filling up the DagBag from /home/ubuntu/.local/lib/python3.10/site-packages/airflow/example_dags/plugins/event_listener.py
[2024-01-31T10:44:10.583+0100] {processor.py:842} WARNING - No viable dags retrieved from /home/ubuntu/.local/lib/python3.10/site-packages/airflow/example_dags/plugins/event_listener.py
[2024-01-31T10:44:10.596+0100] {processor.py:183} INFO - Processing /home/ubuntu/.local/lib/python3.10/site-packages/airflow/example_dags/plugins/event_listener.py took 0.022 seconds
[2024-01-31T10:44:51.246+0100] {processor.py:161} INFO - Started process (PID=27810) to work on /home/ubuntu/.local/lib/python3.10/site-packages/airflow/example_dags/plugins/event_listener.py
[2024-01-31T10:44:51.248+0100] {processor.py:830} INFO - Processing file /home/ubuntu/.local/lib/python3.10/site-packages/airflow/example_dags/plugins/event_listener.py for tasks to queue
[2024-01-31T10:44:51.250+0100] {logging_mixin.py:188} INFO - [2024-01-31T10:44:51.249+0100] {dagbag.py:538} INFO - Filling up the DagBag from /home/ubuntu/.local/lib/python3.10/site-packages/airflow/example_dags/plugins/event_listener.py
[2024-01-31T10:44:51.253+0100] {processor.py:842} WARNING - No viable dags retrieved from /home/ubuntu/.local/lib/python3.10/site-packages/airflow/example_dags/plugins/event_listener.py
[2024-01-31T10:44:51.266+0100] {processor.py:183} INFO - Processing /home/ubuntu/.local/lib/python3.10/site-packages/airflow/example_dags/plugins/event_listener.py took 0.024 seconds
[2024-01-31T10:45:34.271+0100] {processor.py:161} INFO - Started process (PID=27860) to work on /home/ubuntu/.local/lib/python3.10/site-packages/airflow/example_dags/plugins/event_listener.py
[2024-01-31T10:45:34.273+0100] {processor.py:830} INFO - Processing file /home/ubuntu/.local/lib/python3.10/site-packages/airflow/example_dags/plugins/event_listener.py for tasks to queue
[2024-01-31T10:45:34.274+0100] {logging_mixin.py:188} INFO - [2024-01-31T10:45:34.273+0100] {dagbag.py:538} INFO - Filling up the DagBag from /home/ubuntu/.local/lib/python3.10/site-packages/airflow/example_dags/plugins/event_listener.py
[2024-01-31T10:45:34.277+0100] {processor.py:842} WARNING - No viable dags retrieved from /home/ubuntu/.local/lib/python3.10/site-packages/airflow/example_dags/plugins/event_listener.py
[2024-01-31T10:45:34.291+0100] {processor.py:183} INFO - Processing /home/ubuntu/.local/lib/python3.10/site-packages/airflow/example_dags/plugins/event_listener.py took 0.024 seconds
[2024-01-31T10:46:14.838+0100] {processor.py:161} INFO - Started process (PID=27912) to work on /home/ubuntu/.local/lib/python3.10/site-packages/airflow/example_dags/plugins/event_listener.py
[2024-01-31T10:46:14.840+0100] {processor.py:830} INFO - Processing file /home/ubuntu/.local/lib/python3.10/site-packages/airflow/example_dags/plugins/event_listener.py for tasks to queue
[2024-01-31T10:46:14.841+0100] {logging_mixin.py:188} INFO - [2024-01-31T10:46:14.841+0100] {dagbag.py:538} INFO - Filling up the DagBag from /home/ubuntu/.local/lib/python3.10/site-packages/airflow/example_dags/plugins/event_listener.py
[2024-01-31T10:46:14.844+0100] {processor.py:842} WARNING - No viable dags retrieved from /home/ubuntu/.local/lib/python3.10/site-packages/airflow/example_dags/plugins/event_listener.py
[2024-01-31T10:46:14.860+0100] {processor.py:183} INFO - Processing /home/ubuntu/.local/lib/python3.10/site-packages/airflow/example_dags/plugins/event_listener.py took 0.026 seconds
[2024-01-31T10:47:12.607+0100] {processor.py:161} INFO - Started process (PID=27977) to work on /home/ubuntu/.local/lib/python3.10/site-packages/airflow/example_dags/plugins/event_listener.py
[2024-01-31T10:47:12.609+0100] {processor.py:830} INFO - Processing file /home/ubuntu/.local/lib/python3.10/site-packages/airflow/example_dags/plugins/event_listener.py for tasks to queue
[2024-01-31T10:47:12.610+0100] {logging_mixin.py:188} INFO - [2024-01-31T10:47:12.610+0100] {dagbag.py:538} INFO - Filling up the DagBag from /home/ubuntu/.local/lib/python3.10/site-packages/airflow/example_dags/plugins/event_listener.py
[2024-01-31T10:47:12.613+0100] {processor.py:842} WARNING - No viable dags retrieved from /home/ubuntu/.local/lib/python3.10/site-packages/airflow/example_dags/plugins/event_listener.py
[2024-01-31T10:47:12.625+0100] {processor.py:183} INFO - Processing /home/ubuntu/.local/lib/python3.10/site-packages/airflow/example_dags/plugins/event_listener.py took 0.022 seconds
[2024-01-31T10:47:53.150+0100] {processor.py:161} INFO - Started process (PID=28023) to work on /home/ubuntu/.local/lib/python3.10/site-packages/airflow/example_dags/plugins/event_listener.py
[2024-01-31T10:47:53.153+0100] {processor.py:830} INFO - Processing file /home/ubuntu/.local/lib/python3.10/site-packages/airflow/example_dags/plugins/event_listener.py for tasks to queue
[2024-01-31T10:47:53.154+0100] {logging_mixin.py:188} INFO - [2024-01-31T10:47:53.153+0100] {dagbag.py:538} INFO - Filling up the DagBag from /home/ubuntu/.local/lib/python3.10/site-packages/airflow/example_dags/plugins/event_listener.py
[2024-01-31T10:47:53.157+0100] {processor.py:842} WARNING - No viable dags retrieved from /home/ubuntu/.local/lib/python3.10/site-packages/airflow/example_dags/plugins/event_listener.py
[2024-01-31T10:47:53.168+0100] {processor.py:183} INFO - Processing /home/ubuntu/.local/lib/python3.10/site-packages/airflow/example_dags/plugins/event_listener.py took 0.022 seconds
[2024-01-31T10:48:34.486+0100] {processor.py:161} INFO - Started process (PID=28070) to work on /home/ubuntu/.local/lib/python3.10/site-packages/airflow/example_dags/plugins/event_listener.py
[2024-01-31T10:48:34.488+0100] {processor.py:830} INFO - Processing file /home/ubuntu/.local/lib/python3.10/site-packages/airflow/example_dags/plugins/event_listener.py for tasks to queue
[2024-01-31T10:48:34.489+0100] {logging_mixin.py:188} INFO - [2024-01-31T10:48:34.489+0100] {dagbag.py:538} INFO - Filling up the DagBag from /home/ubuntu/.local/lib/python3.10/site-packages/airflow/example_dags/plugins/event_listener.py
[2024-01-31T10:48:34.493+0100] {processor.py:842} WARNING - No viable dags retrieved from /home/ubuntu/.local/lib/python3.10/site-packages/airflow/example_dags/plugins/event_listener.py
[2024-01-31T10:48:34.507+0100] {processor.py:183} INFO - Processing /home/ubuntu/.local/lib/python3.10/site-packages/airflow/example_dags/plugins/event_listener.py took 0.024 seconds
[2024-01-31T10:49:18.257+0100] {processor.py:161} INFO - Started process (PID=28121) to work on /home/ubuntu/.local/lib/python3.10/site-packages/airflow/example_dags/plugins/event_listener.py
[2024-01-31T10:49:18.260+0100] {processor.py:830} INFO - Processing file /home/ubuntu/.local/lib/python3.10/site-packages/airflow/example_dags/plugins/event_listener.py for tasks to queue
[2024-01-31T10:49:18.261+0100] {logging_mixin.py:188} INFO - [2024-01-31T10:49:18.260+0100] {dagbag.py:538} INFO - Filling up the DagBag from /home/ubuntu/.local/lib/python3.10/site-packages/airflow/example_dags/plugins/event_listener.py
[2024-01-31T10:49:18.264+0100] {processor.py:842} WARNING - No viable dags retrieved from /home/ubuntu/.local/lib/python3.10/site-packages/airflow/example_dags/plugins/event_listener.py
[2024-01-31T10:49:18.276+0100] {processor.py:183} INFO - Processing /home/ubuntu/.local/lib/python3.10/site-packages/airflow/example_dags/plugins/event_listener.py took 0.022 seconds
[2024-01-31T10:49:58.723+0100] {processor.py:161} INFO - Started process (PID=28168) to work on /home/ubuntu/.local/lib/python3.10/site-packages/airflow/example_dags/plugins/event_listener.py
[2024-01-31T10:49:58.725+0100] {processor.py:830} INFO - Processing file /home/ubuntu/.local/lib/python3.10/site-packages/airflow/example_dags/plugins/event_listener.py for tasks to queue
[2024-01-31T10:49:58.725+0100] {logging_mixin.py:188} INFO - [2024-01-31T10:49:58.725+0100] {dagbag.py:538} INFO - Filling up the DagBag from /home/ubuntu/.local/lib/python3.10/site-packages/airflow/example_dags/plugins/event_listener.py
[2024-01-31T10:49:58.728+0100] {processor.py:842} WARNING - No viable dags retrieved from /home/ubuntu/.local/lib/python3.10/site-packages/airflow/example_dags/plugins/event_listener.py
[2024-01-31T10:49:58.740+0100] {processor.py:183} INFO - Processing /home/ubuntu/.local/lib/python3.10/site-packages/airflow/example_dags/plugins/event_listener.py took 0.023 seconds
[2024-01-31T10:50:56.486+0100] {processor.py:161} INFO - Started process (PID=28233) to work on /home/ubuntu/.local/lib/python3.10/site-packages/airflow/example_dags/plugins/event_listener.py
[2024-01-31T10:50:56.488+0100] {processor.py:830} INFO - Processing file /home/ubuntu/.local/lib/python3.10/site-packages/airflow/example_dags/plugins/event_listener.py for tasks to queue
[2024-01-31T10:50:56.489+0100] {logging_mixin.py:188} INFO - [2024-01-31T10:50:56.488+0100] {dagbag.py:538} INFO - Filling up the DagBag from /home/ubuntu/.local/lib/python3.10/site-packages/airflow/example_dags/plugins/event_listener.py
[2024-01-31T10:50:56.491+0100] {processor.py:842} WARNING - No viable dags retrieved from /home/ubuntu/.local/lib/python3.10/site-packages/airflow/example_dags/plugins/event_listener.py
[2024-01-31T10:50:56.506+0100] {processor.py:183} INFO - Processing /home/ubuntu/.local/lib/python3.10/site-packages/airflow/example_dags/plugins/event_listener.py took 0.024 seconds
[2024-01-31T10:51:40.124+0100] {processor.py:161} INFO - Started process (PID=28284) to work on /home/ubuntu/.local/lib/python3.10/site-packages/airflow/example_dags/plugins/event_listener.py
[2024-01-31T10:51:40.127+0100] {processor.py:830} INFO - Processing file /home/ubuntu/.local/lib/python3.10/site-packages/airflow/example_dags/plugins/event_listener.py for tasks to queue
[2024-01-31T10:51:40.128+0100] {logging_mixin.py:188} INFO - [2024-01-31T10:51:40.128+0100] {dagbag.py:538} INFO - Filling up the DagBag from /home/ubuntu/.local/lib/python3.10/site-packages/airflow/example_dags/plugins/event_listener.py
[2024-01-31T10:51:40.131+0100] {processor.py:842} WARNING - No viable dags retrieved from /home/ubuntu/.local/lib/python3.10/site-packages/airflow/example_dags/plugins/event_listener.py
[2024-01-31T10:51:40.143+0100] {processor.py:183} INFO - Processing /home/ubuntu/.local/lib/python3.10/site-packages/airflow/example_dags/plugins/event_listener.py took 0.024 seconds
[2024-01-31T10:52:18.511+0100] {processor.py:161} INFO - Started process (PID=28332) to work on /home/ubuntu/.local/lib/python3.10/site-packages/airflow/example_dags/plugins/event_listener.py
[2024-01-31T10:52:18.513+0100] {processor.py:830} INFO - Processing file /home/ubuntu/.local/lib/python3.10/site-packages/airflow/example_dags/plugins/event_listener.py for tasks to queue
[2024-01-31T10:52:18.514+0100] {logging_mixin.py:188} INFO - [2024-01-31T10:52:18.513+0100] {dagbag.py:538} INFO - Filling up the DagBag from /home/ubuntu/.local/lib/python3.10/site-packages/airflow/example_dags/plugins/event_listener.py
[2024-01-31T10:52:18.517+0100] {processor.py:842} WARNING - No viable dags retrieved from /home/ubuntu/.local/lib/python3.10/site-packages/airflow/example_dags/plugins/event_listener.py
[2024-01-31T10:52:18.530+0100] {processor.py:183} INFO - Processing /home/ubuntu/.local/lib/python3.10/site-packages/airflow/example_dags/plugins/event_listener.py took 0.024 seconds
[2024-01-31T10:52:59.815+0100] {processor.py:161} INFO - Started process (PID=28380) to work on /home/ubuntu/.local/lib/python3.10/site-packages/airflow/example_dags/plugins/event_listener.py
[2024-01-31T10:52:59.817+0100] {processor.py:830} INFO - Processing file /home/ubuntu/.local/lib/python3.10/site-packages/airflow/example_dags/plugins/event_listener.py for tasks to queue
[2024-01-31T10:52:59.818+0100] {logging_mixin.py:188} INFO - [2024-01-31T10:52:59.817+0100] {dagbag.py:538} INFO - Filling up the DagBag from /home/ubuntu/.local/lib/python3.10/site-packages/airflow/example_dags/plugins/event_listener.py
[2024-01-31T10:52:59.820+0100] {processor.py:842} WARNING - No viable dags retrieved from /home/ubuntu/.local/lib/python3.10/site-packages/airflow/example_dags/plugins/event_listener.py
[2024-01-31T10:52:59.837+0100] {processor.py:183} INFO - Processing /home/ubuntu/.local/lib/python3.10/site-packages/airflow/example_dags/plugins/event_listener.py took 0.026 seconds
[2024-01-31T10:53:42.996+0100] {processor.py:161} INFO - Started process (PID=28428) to work on /home/ubuntu/.local/lib/python3.10/site-packages/airflow/example_dags/plugins/event_listener.py
[2024-01-31T10:53:42.997+0100] {processor.py:830} INFO - Processing file /home/ubuntu/.local/lib/python3.10/site-packages/airflow/example_dags/plugins/event_listener.py for tasks to queue
[2024-01-31T10:53:42.999+0100] {logging_mixin.py:188} INFO - [2024-01-31T10:53:42.998+0100] {dagbag.py:538} INFO - Filling up the DagBag from /home/ubuntu/.local/lib/python3.10/site-packages/airflow/example_dags/plugins/event_listener.py
[2024-01-31T10:53:43.001+0100] {processor.py:842} WARNING - No viable dags retrieved from /home/ubuntu/.local/lib/python3.10/site-packages/airflow/example_dags/plugins/event_listener.py
[2024-01-31T10:53:43.016+0100] {processor.py:183} INFO - Processing /home/ubuntu/.local/lib/python3.10/site-packages/airflow/example_dags/plugins/event_listener.py took 0.025 seconds
[2024-01-31T10:54:24.291+0100] {processor.py:161} INFO - Started process (PID=28478) to work on /home/ubuntu/.local/lib/python3.10/site-packages/airflow/example_dags/plugins/event_listener.py
[2024-01-31T10:54:24.292+0100] {processor.py:830} INFO - Processing file /home/ubuntu/.local/lib/python3.10/site-packages/airflow/example_dags/plugins/event_listener.py for tasks to queue
[2024-01-31T10:54:24.293+0100] {logging_mixin.py:188} INFO - [2024-01-31T10:54:24.293+0100] {dagbag.py:538} INFO - Filling up the DagBag from /home/ubuntu/.local/lib/python3.10/site-packages/airflow/example_dags/plugins/event_listener.py
[2024-01-31T10:54:24.296+0100] {processor.py:842} WARNING - No viable dags retrieved from /home/ubuntu/.local/lib/python3.10/site-packages/airflow/example_dags/plugins/event_listener.py
[2024-01-31T10:54:24.308+0100] {processor.py:183} INFO - Processing /home/ubuntu/.local/lib/python3.10/site-packages/airflow/example_dags/plugins/event_listener.py took 0.021 seconds
[2024-01-31T10:55:06.073+0100] {processor.py:161} INFO - Started process (PID=28527) to work on /home/ubuntu/.local/lib/python3.10/site-packages/airflow/example_dags/plugins/event_listener.py
[2024-01-31T10:55:06.076+0100] {processor.py:830} INFO - Processing file /home/ubuntu/.local/lib/python3.10/site-packages/airflow/example_dags/plugins/event_listener.py for tasks to queue
[2024-01-31T10:55:06.076+0100] {logging_mixin.py:188} INFO - [2024-01-31T10:55:06.076+0100] {dagbag.py:538} INFO - Filling up the DagBag from /home/ubuntu/.local/lib/python3.10/site-packages/airflow/example_dags/plugins/event_listener.py
[2024-01-31T10:55:06.079+0100] {processor.py:842} WARNING - No viable dags retrieved from /home/ubuntu/.local/lib/python3.10/site-packages/airflow/example_dags/plugins/event_listener.py
[2024-01-31T10:55:06.093+0100] {processor.py:183} INFO - Processing /home/ubuntu/.local/lib/python3.10/site-packages/airflow/example_dags/plugins/event_listener.py took 0.025 seconds
[2024-01-31T10:55:49.421+0100] {processor.py:161} INFO - Started process (PID=28574) to work on /home/ubuntu/.local/lib/python3.10/site-packages/airflow/example_dags/plugins/event_listener.py
[2024-01-31T10:55:49.422+0100] {processor.py:830} INFO - Processing file /home/ubuntu/.local/lib/python3.10/site-packages/airflow/example_dags/plugins/event_listener.py for tasks to queue
[2024-01-31T10:55:49.423+0100] {logging_mixin.py:188} INFO - [2024-01-31T10:55:49.423+0100] {dagbag.py:538} INFO - Filling up the DagBag from /home/ubuntu/.local/lib/python3.10/site-packages/airflow/example_dags/plugins/event_listener.py
[2024-01-31T10:55:49.426+0100] {processor.py:842} WARNING - No viable dags retrieved from /home/ubuntu/.local/lib/python3.10/site-packages/airflow/example_dags/plugins/event_listener.py
[2024-01-31T10:55:49.439+0100] {processor.py:183} INFO - Processing /home/ubuntu/.local/lib/python3.10/site-packages/airflow/example_dags/plugins/event_listener.py took 0.022 seconds
[2024-01-31T10:56:33.034+0100] {processor.py:161} INFO - Started process (PID=28628) to work on /home/ubuntu/.local/lib/python3.10/site-packages/airflow/example_dags/plugins/event_listener.py
[2024-01-31T10:56:33.036+0100] {processor.py:830} INFO - Processing file /home/ubuntu/.local/lib/python3.10/site-packages/airflow/example_dags/plugins/event_listener.py for tasks to queue
[2024-01-31T10:56:33.037+0100] {logging_mixin.py:188} INFO - [2024-01-31T10:56:33.037+0100] {dagbag.py:538} INFO - Filling up the DagBag from /home/ubuntu/.local/lib/python3.10/site-packages/airflow/example_dags/plugins/event_listener.py
[2024-01-31T10:56:33.040+0100] {processor.py:842} WARNING - No viable dags retrieved from /home/ubuntu/.local/lib/python3.10/site-packages/airflow/example_dags/plugins/event_listener.py
[2024-01-31T10:56:33.053+0100] {processor.py:183} INFO - Processing /home/ubuntu/.local/lib/python3.10/site-packages/airflow/example_dags/plugins/event_listener.py took 0.022 seconds
[2024-01-31T10:57:16.181+0100] {processor.py:161} INFO - Started process (PID=28680) to work on /home/ubuntu/.local/lib/python3.10/site-packages/airflow/example_dags/plugins/event_listener.py
[2024-01-31T10:57:16.183+0100] {processor.py:830} INFO - Processing file /home/ubuntu/.local/lib/python3.10/site-packages/airflow/example_dags/plugins/event_listener.py for tasks to queue
[2024-01-31T10:57:16.184+0100] {logging_mixin.py:188} INFO - [2024-01-31T10:57:16.184+0100] {dagbag.py:538} INFO - Filling up the DagBag from /home/ubuntu/.local/lib/python3.10/site-packages/airflow/example_dags/plugins/event_listener.py
[2024-01-31T10:57:16.187+0100] {processor.py:842} WARNING - No viable dags retrieved from /home/ubuntu/.local/lib/python3.10/site-packages/airflow/example_dags/plugins/event_listener.py
[2024-01-31T10:57:16.200+0100] {processor.py:183} INFO - Processing /home/ubuntu/.local/lib/python3.10/site-packages/airflow/example_dags/plugins/event_listener.py took 0.023 seconds
[2024-01-31T10:57:54.780+0100] {processor.py:161} INFO - Started process (PID=28725) to work on /home/ubuntu/.local/lib/python3.10/site-packages/airflow/example_dags/plugins/event_listener.py
[2024-01-31T10:57:54.782+0100] {processor.py:830} INFO - Processing file /home/ubuntu/.local/lib/python3.10/site-packages/airflow/example_dags/plugins/event_listener.py for tasks to queue
[2024-01-31T10:57:54.783+0100] {logging_mixin.py:188} INFO - [2024-01-31T10:57:54.782+0100] {dagbag.py:538} INFO - Filling up the DagBag from /home/ubuntu/.local/lib/python3.10/site-packages/airflow/example_dags/plugins/event_listener.py
[2024-01-31T10:57:54.785+0100] {processor.py:842} WARNING - No viable dags retrieved from /home/ubuntu/.local/lib/python3.10/site-packages/airflow/example_dags/plugins/event_listener.py
[2024-01-31T10:57:54.797+0100] {processor.py:183} INFO - Processing /home/ubuntu/.local/lib/python3.10/site-packages/airflow/example_dags/plugins/event_listener.py took 0.021 seconds
[2024-01-31T10:58:34.217+0100] {processor.py:161} INFO - Started process (PID=28773) to work on /home/ubuntu/.local/lib/python3.10/site-packages/airflow/example_dags/plugins/event_listener.py
[2024-01-31T10:58:34.220+0100] {processor.py:830} INFO - Processing file /home/ubuntu/.local/lib/python3.10/site-packages/airflow/example_dags/plugins/event_listener.py for tasks to queue
[2024-01-31T10:58:34.221+0100] {logging_mixin.py:188} INFO - [2024-01-31T10:58:34.221+0100] {dagbag.py:538} INFO - Filling up the DagBag from /home/ubuntu/.local/lib/python3.10/site-packages/airflow/example_dags/plugins/event_listener.py
[2024-01-31T10:58:34.223+0100] {processor.py:842} WARNING - No viable dags retrieved from /home/ubuntu/.local/lib/python3.10/site-packages/airflow/example_dags/plugins/event_listener.py
[2024-01-31T10:58:34.234+0100] {processor.py:183} INFO - Processing /home/ubuntu/.local/lib/python3.10/site-packages/airflow/example_dags/plugins/event_listener.py took 0.019 seconds
[2024-01-31T10:59:14.543+0100] {processor.py:161} INFO - Started process (PID=28820) to work on /home/ubuntu/.local/lib/python3.10/site-packages/airflow/example_dags/plugins/event_listener.py
[2024-01-31T10:59:14.545+0100] {processor.py:830} INFO - Processing file /home/ubuntu/.local/lib/python3.10/site-packages/airflow/example_dags/plugins/event_listener.py for tasks to queue
[2024-01-31T10:59:14.546+0100] {logging_mixin.py:188} INFO - [2024-01-31T10:59:14.546+0100] {dagbag.py:538} INFO - Filling up the DagBag from /home/ubuntu/.local/lib/python3.10/site-packages/airflow/example_dags/plugins/event_listener.py
[2024-01-31T10:59:14.548+0100] {processor.py:842} WARNING - No viable dags retrieved from /home/ubuntu/.local/lib/python3.10/site-packages/airflow/example_dags/plugins/event_listener.py
[2024-01-31T10:59:14.561+0100] {processor.py:183} INFO - Processing /home/ubuntu/.local/lib/python3.10/site-packages/airflow/example_dags/plugins/event_listener.py took 0.021 seconds
[2024-01-31T10:59:57.164+0100] {processor.py:161} INFO - Started process (PID=28868) to work on /home/ubuntu/.local/lib/python3.10/site-packages/airflow/example_dags/plugins/event_listener.py
[2024-01-31T10:59:57.166+0100] {processor.py:830} INFO - Processing file /home/ubuntu/.local/lib/python3.10/site-packages/airflow/example_dags/plugins/event_listener.py for tasks to queue
[2024-01-31T10:59:57.167+0100] {logging_mixin.py:188} INFO - [2024-01-31T10:59:57.167+0100] {dagbag.py:538} INFO - Filling up the DagBag from /home/ubuntu/.local/lib/python3.10/site-packages/airflow/example_dags/plugins/event_listener.py
[2024-01-31T10:59:57.170+0100] {processor.py:842} WARNING - No viable dags retrieved from /home/ubuntu/.local/lib/python3.10/site-packages/airflow/example_dags/plugins/event_listener.py
[2024-01-31T10:59:57.181+0100] {processor.py:183} INFO - Processing /home/ubuntu/.local/lib/python3.10/site-packages/airflow/example_dags/plugins/event_listener.py took 0.020 seconds
[2024-01-31T11:00:39.641+0100] {processor.py:161} INFO - Started process (PID=28917) to work on /home/ubuntu/.local/lib/python3.10/site-packages/airflow/example_dags/plugins/event_listener.py
[2024-01-31T11:00:39.644+0100] {processor.py:830} INFO - Processing file /home/ubuntu/.local/lib/python3.10/site-packages/airflow/example_dags/plugins/event_listener.py for tasks to queue
[2024-01-31T11:00:39.645+0100] {logging_mixin.py:188} INFO - [2024-01-31T11:00:39.645+0100] {dagbag.py:538} INFO - Filling up the DagBag from /home/ubuntu/.local/lib/python3.10/site-packages/airflow/example_dags/plugins/event_listener.py
[2024-01-31T11:00:39.649+0100] {processor.py:842} WARNING - No viable dags retrieved from /home/ubuntu/.local/lib/python3.10/site-packages/airflow/example_dags/plugins/event_listener.py
[2024-01-31T11:00:39.664+0100] {processor.py:183} INFO - Processing /home/ubuntu/.local/lib/python3.10/site-packages/airflow/example_dags/plugins/event_listener.py took 0.026 seconds
[2024-01-31T11:01:20.936+0100] {processor.py:161} INFO - Started process (PID=28966) to work on /home/ubuntu/.local/lib/python3.10/site-packages/airflow/example_dags/plugins/event_listener.py
[2024-01-31T11:01:20.938+0100] {processor.py:830} INFO - Processing file /home/ubuntu/.local/lib/python3.10/site-packages/airflow/example_dags/plugins/event_listener.py for tasks to queue
[2024-01-31T11:01:20.939+0100] {logging_mixin.py:188} INFO - [2024-01-31T11:01:20.939+0100] {dagbag.py:538} INFO - Filling up the DagBag from /home/ubuntu/.local/lib/python3.10/site-packages/airflow/example_dags/plugins/event_listener.py
[2024-01-31T11:01:20.942+0100] {processor.py:842} WARNING - No viable dags retrieved from /home/ubuntu/.local/lib/python3.10/site-packages/airflow/example_dags/plugins/event_listener.py
[2024-01-31T11:01:20.955+0100] {processor.py:183} INFO - Processing /home/ubuntu/.local/lib/python3.10/site-packages/airflow/example_dags/plugins/event_listener.py took 0.024 seconds
[2024-01-31T11:02:02.125+0100] {processor.py:161} INFO - Started process (PID=29015) to work on /home/ubuntu/.local/lib/python3.10/site-packages/airflow/example_dags/plugins/event_listener.py
[2024-01-31T11:02:02.128+0100] {processor.py:830} INFO - Processing file /home/ubuntu/.local/lib/python3.10/site-packages/airflow/example_dags/plugins/event_listener.py for tasks to queue
[2024-01-31T11:02:02.128+0100] {logging_mixin.py:188} INFO - [2024-01-31T11:02:02.128+0100] {dagbag.py:538} INFO - Filling up the DagBag from /home/ubuntu/.local/lib/python3.10/site-packages/airflow/example_dags/plugins/event_listener.py
[2024-01-31T11:02:02.132+0100] {processor.py:842} WARNING - No viable dags retrieved from /home/ubuntu/.local/lib/python3.10/site-packages/airflow/example_dags/plugins/event_listener.py
[2024-01-31T11:02:02.144+0100] {processor.py:183} INFO - Processing /home/ubuntu/.local/lib/python3.10/site-packages/airflow/example_dags/plugins/event_listener.py took 0.022 seconds
[2024-01-31T11:02:43.311+0100] {processor.py:161} INFO - Started process (PID=29062) to work on /home/ubuntu/.local/lib/python3.10/site-packages/airflow/example_dags/plugins/event_listener.py
[2024-01-31T11:02:43.313+0100] {processor.py:830} INFO - Processing file /home/ubuntu/.local/lib/python3.10/site-packages/airflow/example_dags/plugins/event_listener.py for tasks to queue
[2024-01-31T11:02:43.314+0100] {logging_mixin.py:188} INFO - [2024-01-31T11:02:43.313+0100] {dagbag.py:538} INFO - Filling up the DagBag from /home/ubuntu/.local/lib/python3.10/site-packages/airflow/example_dags/plugins/event_listener.py
[2024-01-31T11:02:43.316+0100] {processor.py:842} WARNING - No viable dags retrieved from /home/ubuntu/.local/lib/python3.10/site-packages/airflow/example_dags/plugins/event_listener.py
[2024-01-31T11:02:43.329+0100] {processor.py:183} INFO - Processing /home/ubuntu/.local/lib/python3.10/site-packages/airflow/example_dags/plugins/event_listener.py took 0.021 seconds
[2024-01-31T11:03:24.111+0100] {processor.py:161} INFO - Started process (PID=29111) to work on /home/ubuntu/.local/lib/python3.10/site-packages/airflow/example_dags/plugins/event_listener.py
[2024-01-31T11:03:24.112+0100] {processor.py:830} INFO - Processing file /home/ubuntu/.local/lib/python3.10/site-packages/airflow/example_dags/plugins/event_listener.py for tasks to queue
[2024-01-31T11:03:24.113+0100] {logging_mixin.py:188} INFO - [2024-01-31T11:03:24.113+0100] {dagbag.py:538} INFO - Filling up the DagBag from /home/ubuntu/.local/lib/python3.10/site-packages/airflow/example_dags/plugins/event_listener.py
[2024-01-31T11:03:24.116+0100] {processor.py:842} WARNING - No viable dags retrieved from /home/ubuntu/.local/lib/python3.10/site-packages/airflow/example_dags/plugins/event_listener.py
[2024-01-31T11:03:24.128+0100] {processor.py:183} INFO - Processing /home/ubuntu/.local/lib/python3.10/site-packages/airflow/example_dags/plugins/event_listener.py took 0.021 seconds
[2024-01-31T11:04:04.539+0100] {processor.py:161} INFO - Started process (PID=29167) to work on /home/ubuntu/.local/lib/python3.10/site-packages/airflow/example_dags/plugins/event_listener.py
[2024-01-31T11:04:04.541+0100] {processor.py:830} INFO - Processing file /home/ubuntu/.local/lib/python3.10/site-packages/airflow/example_dags/plugins/event_listener.py for tasks to queue
[2024-01-31T11:04:04.542+0100] {logging_mixin.py:188} INFO - [2024-01-31T11:04:04.542+0100] {dagbag.py:538} INFO - Filling up the DagBag from /home/ubuntu/.local/lib/python3.10/site-packages/airflow/example_dags/plugins/event_listener.py
[2024-01-31T11:04:04.545+0100] {processor.py:842} WARNING - No viable dags retrieved from /home/ubuntu/.local/lib/python3.10/site-packages/airflow/example_dags/plugins/event_listener.py
[2024-01-31T11:04:04.557+0100] {processor.py:183} INFO - Processing /home/ubuntu/.local/lib/python3.10/site-packages/airflow/example_dags/plugins/event_listener.py took 0.022 seconds
[2024-01-31T11:04:45.314+0100] {processor.py:161} INFO - Started process (PID=29214) to work on /home/ubuntu/.local/lib/python3.10/site-packages/airflow/example_dags/plugins/event_listener.py
[2024-01-31T11:04:45.316+0100] {processor.py:830} INFO - Processing file /home/ubuntu/.local/lib/python3.10/site-packages/airflow/example_dags/plugins/event_listener.py for tasks to queue
[2024-01-31T11:04:45.317+0100] {logging_mixin.py:188} INFO - [2024-01-31T11:04:45.317+0100] {dagbag.py:538} INFO - Filling up the DagBag from /home/ubuntu/.local/lib/python3.10/site-packages/airflow/example_dags/plugins/event_listener.py
[2024-01-31T11:04:45.319+0100] {processor.py:842} WARNING - No viable dags retrieved from /home/ubuntu/.local/lib/python3.10/site-packages/airflow/example_dags/plugins/event_listener.py
[2024-01-31T11:04:45.332+0100] {processor.py:183} INFO - Processing /home/ubuntu/.local/lib/python3.10/site-packages/airflow/example_dags/plugins/event_listener.py took 0.021 seconds
[2024-01-31T11:05:26.729+0100] {processor.py:161} INFO - Started process (PID=29262) to work on /home/ubuntu/.local/lib/python3.10/site-packages/airflow/example_dags/plugins/event_listener.py
[2024-01-31T11:05:26.731+0100] {processor.py:830} INFO - Processing file /home/ubuntu/.local/lib/python3.10/site-packages/airflow/example_dags/plugins/event_listener.py for tasks to queue
[2024-01-31T11:05:26.732+0100] {logging_mixin.py:188} INFO - [2024-01-31T11:05:26.732+0100] {dagbag.py:538} INFO - Filling up the DagBag from /home/ubuntu/.local/lib/python3.10/site-packages/airflow/example_dags/plugins/event_listener.py
[2024-01-31T11:05:26.735+0100] {processor.py:842} WARNING - No viable dags retrieved from /home/ubuntu/.local/lib/python3.10/site-packages/airflow/example_dags/plugins/event_listener.py
[2024-01-31T11:05:26.749+0100] {processor.py:183} INFO - Processing /home/ubuntu/.local/lib/python3.10/site-packages/airflow/example_dags/plugins/event_listener.py took 0.024 seconds
[2024-01-31T11:06:22.255+0100] {processor.py:161} INFO - Started process (PID=29330) to work on /home/ubuntu/.local/lib/python3.10/site-packages/airflow/example_dags/plugins/event_listener.py
[2024-01-31T11:06:22.258+0100] {processor.py:830} INFO - Processing file /home/ubuntu/.local/lib/python3.10/site-packages/airflow/example_dags/plugins/event_listener.py for tasks to queue
[2024-01-31T11:06:22.259+0100] {logging_mixin.py:188} INFO - [2024-01-31T11:06:22.259+0100] {dagbag.py:538} INFO - Filling up the DagBag from /home/ubuntu/.local/lib/python3.10/site-packages/airflow/example_dags/plugins/event_listener.py
[2024-01-31T11:06:22.262+0100] {processor.py:842} WARNING - No viable dags retrieved from /home/ubuntu/.local/lib/python3.10/site-packages/airflow/example_dags/plugins/event_listener.py
[2024-01-31T11:06:22.281+0100] {processor.py:183} INFO - Processing /home/ubuntu/.local/lib/python3.10/site-packages/airflow/example_dags/plugins/event_listener.py took 0.031 seconds
[2024-01-31T11:07:02.568+0100] {processor.py:161} INFO - Started process (PID=29380) to work on /home/ubuntu/.local/lib/python3.10/site-packages/airflow/example_dags/plugins/event_listener.py
[2024-01-31T11:07:02.570+0100] {processor.py:830} INFO - Processing file /home/ubuntu/.local/lib/python3.10/site-packages/airflow/example_dags/plugins/event_listener.py for tasks to queue
[2024-01-31T11:07:02.571+0100] {logging_mixin.py:188} INFO - [2024-01-31T11:07:02.571+0100] {dagbag.py:538} INFO - Filling up the DagBag from /home/ubuntu/.local/lib/python3.10/site-packages/airflow/example_dags/plugins/event_listener.py
[2024-01-31T11:07:02.573+0100] {processor.py:842} WARNING - No viable dags retrieved from /home/ubuntu/.local/lib/python3.10/site-packages/airflow/example_dags/plugins/event_listener.py
[2024-01-31T11:07:02.585+0100] {processor.py:183} INFO - Processing /home/ubuntu/.local/lib/python3.10/site-packages/airflow/example_dags/plugins/event_listener.py took 0.021 seconds
[2024-01-31T11:07:45.835+0100] {processor.py:161} INFO - Started process (PID=29428) to work on /home/ubuntu/.local/lib/python3.10/site-packages/airflow/example_dags/plugins/event_listener.py
[2024-01-31T11:07:45.837+0100] {processor.py:830} INFO - Processing file /home/ubuntu/.local/lib/python3.10/site-packages/airflow/example_dags/plugins/event_listener.py for tasks to queue
[2024-01-31T11:07:45.839+0100] {logging_mixin.py:188} INFO - [2024-01-31T11:07:45.839+0100] {dagbag.py:538} INFO - Filling up the DagBag from /home/ubuntu/.local/lib/python3.10/site-packages/airflow/example_dags/plugins/event_listener.py
[2024-01-31T11:07:45.841+0100] {processor.py:842} WARNING - No viable dags retrieved from /home/ubuntu/.local/lib/python3.10/site-packages/airflow/example_dags/plugins/event_listener.py
[2024-01-31T11:07:45.861+0100] {processor.py:183} INFO - Processing /home/ubuntu/.local/lib/python3.10/site-packages/airflow/example_dags/plugins/event_listener.py took 0.031 seconds
[2024-01-31T11:08:26.150+0100] {processor.py:161} INFO - Started process (PID=29476) to work on /home/ubuntu/.local/lib/python3.10/site-packages/airflow/example_dags/plugins/event_listener.py
[2024-01-31T11:08:26.152+0100] {processor.py:830} INFO - Processing file /home/ubuntu/.local/lib/python3.10/site-packages/airflow/example_dags/plugins/event_listener.py for tasks to queue
[2024-01-31T11:08:26.153+0100] {logging_mixin.py:188} INFO - [2024-01-31T11:08:26.153+0100] {dagbag.py:538} INFO - Filling up the DagBag from /home/ubuntu/.local/lib/python3.10/site-packages/airflow/example_dags/plugins/event_listener.py
[2024-01-31T11:08:26.156+0100] {processor.py:842} WARNING - No viable dags retrieved from /home/ubuntu/.local/lib/python3.10/site-packages/airflow/example_dags/plugins/event_listener.py
[2024-01-31T11:08:26.168+0100] {processor.py:183} INFO - Processing /home/ubuntu/.local/lib/python3.10/site-packages/airflow/example_dags/plugins/event_listener.py took 0.022 seconds
[2024-01-31T11:09:10.212+0100] {processor.py:161} INFO - Started process (PID=29525) to work on /home/ubuntu/.local/lib/python3.10/site-packages/airflow/example_dags/plugins/event_listener.py
[2024-01-31T11:09:10.214+0100] {processor.py:830} INFO - Processing file /home/ubuntu/.local/lib/python3.10/site-packages/airflow/example_dags/plugins/event_listener.py for tasks to queue
[2024-01-31T11:09:10.215+0100] {logging_mixin.py:188} INFO - [2024-01-31T11:09:10.215+0100] {dagbag.py:538} INFO - Filling up the DagBag from /home/ubuntu/.local/lib/python3.10/site-packages/airflow/example_dags/plugins/event_listener.py
[2024-01-31T11:09:10.218+0100] {processor.py:842} WARNING - No viable dags retrieved from /home/ubuntu/.local/lib/python3.10/site-packages/airflow/example_dags/plugins/event_listener.py
[2024-01-31T11:09:10.231+0100] {processor.py:183} INFO - Processing /home/ubuntu/.local/lib/python3.10/site-packages/airflow/example_dags/plugins/event_listener.py took 0.023 seconds
[2024-01-31T11:09:54.604+0100] {processor.py:161} INFO - Started process (PID=29574) to work on /home/ubuntu/.local/lib/python3.10/site-packages/airflow/example_dags/plugins/event_listener.py
[2024-01-31T11:09:54.606+0100] {processor.py:830} INFO - Processing file /home/ubuntu/.local/lib/python3.10/site-packages/airflow/example_dags/plugins/event_listener.py for tasks to queue
[2024-01-31T11:09:54.607+0100] {logging_mixin.py:188} INFO - [2024-01-31T11:09:54.607+0100] {dagbag.py:538} INFO - Filling up the DagBag from /home/ubuntu/.local/lib/python3.10/site-packages/airflow/example_dags/plugins/event_listener.py
[2024-01-31T11:09:54.610+0100] {processor.py:842} WARNING - No viable dags retrieved from /home/ubuntu/.local/lib/python3.10/site-packages/airflow/example_dags/plugins/event_listener.py
[2024-01-31T11:09:54.621+0100] {processor.py:183} INFO - Processing /home/ubuntu/.local/lib/python3.10/site-packages/airflow/example_dags/plugins/event_listener.py took 0.021 seconds
[2024-01-31T11:10:36.648+0100] {processor.py:161} INFO - Started process (PID=29623) to work on /home/ubuntu/.local/lib/python3.10/site-packages/airflow/example_dags/plugins/event_listener.py
[2024-01-31T11:10:36.650+0100] {processor.py:830} INFO - Processing file /home/ubuntu/.local/lib/python3.10/site-packages/airflow/example_dags/plugins/event_listener.py for tasks to queue
[2024-01-31T11:10:36.651+0100] {logging_mixin.py:188} INFO - [2024-01-31T11:10:36.650+0100] {dagbag.py:538} INFO - Filling up the DagBag from /home/ubuntu/.local/lib/python3.10/site-packages/airflow/example_dags/plugins/event_listener.py
[2024-01-31T11:10:36.654+0100] {processor.py:842} WARNING - No viable dags retrieved from /home/ubuntu/.local/lib/python3.10/site-packages/airflow/example_dags/plugins/event_listener.py
[2024-01-31T11:10:36.667+0100] {processor.py:183} INFO - Processing /home/ubuntu/.local/lib/python3.10/site-packages/airflow/example_dags/plugins/event_listener.py took 0.022 seconds
[2024-01-31T11:11:17.100+0100] {processor.py:161} INFO - Started process (PID=29672) to work on /home/ubuntu/.local/lib/python3.10/site-packages/airflow/example_dags/plugins/event_listener.py
[2024-01-31T11:11:17.102+0100] {processor.py:830} INFO - Processing file /home/ubuntu/.local/lib/python3.10/site-packages/airflow/example_dags/plugins/event_listener.py for tasks to queue
[2024-01-31T11:11:17.104+0100] {logging_mixin.py:188} INFO - [2024-01-31T11:11:17.103+0100] {dagbag.py:538} INFO - Filling up the DagBag from /home/ubuntu/.local/lib/python3.10/site-packages/airflow/example_dags/plugins/event_listener.py
[2024-01-31T11:11:17.107+0100] {processor.py:842} WARNING - No viable dags retrieved from /home/ubuntu/.local/lib/python3.10/site-packages/airflow/example_dags/plugins/event_listener.py
[2024-01-31T11:11:17.121+0100] {processor.py:183} INFO - Processing /home/ubuntu/.local/lib/python3.10/site-packages/airflow/example_dags/plugins/event_listener.py took 0.026 seconds
[2024-01-31T11:11:59.873+0100] {processor.py:161} INFO - Started process (PID=29718) to work on /home/ubuntu/.local/lib/python3.10/site-packages/airflow/example_dags/plugins/event_listener.py
[2024-01-31T11:11:59.875+0100] {processor.py:830} INFO - Processing file /home/ubuntu/.local/lib/python3.10/site-packages/airflow/example_dags/plugins/event_listener.py for tasks to queue
[2024-01-31T11:11:59.877+0100] {logging_mixin.py:188} INFO - [2024-01-31T11:11:59.876+0100] {dagbag.py:538} INFO - Filling up the DagBag from /home/ubuntu/.local/lib/python3.10/site-packages/airflow/example_dags/plugins/event_listener.py
[2024-01-31T11:11:59.882+0100] {processor.py:842} WARNING - No viable dags retrieved from /home/ubuntu/.local/lib/python3.10/site-packages/airflow/example_dags/plugins/event_listener.py
[2024-01-31T11:11:59.896+0100] {processor.py:183} INFO - Processing /home/ubuntu/.local/lib/python3.10/site-packages/airflow/example_dags/plugins/event_listener.py took 0.028 seconds
[2024-01-31T11:12:44.332+0100] {processor.py:161} INFO - Started process (PID=29769) to work on /home/ubuntu/.local/lib/python3.10/site-packages/airflow/example_dags/plugins/event_listener.py
[2024-01-31T11:12:44.335+0100] {processor.py:830} INFO - Processing file /home/ubuntu/.local/lib/python3.10/site-packages/airflow/example_dags/plugins/event_listener.py for tasks to queue
[2024-01-31T11:12:44.336+0100] {logging_mixin.py:188} INFO - [2024-01-31T11:12:44.336+0100] {dagbag.py:538} INFO - Filling up the DagBag from /home/ubuntu/.local/lib/python3.10/site-packages/airflow/example_dags/plugins/event_listener.py
[2024-01-31T11:12:44.340+0100] {processor.py:842} WARNING - No viable dags retrieved from /home/ubuntu/.local/lib/python3.10/site-packages/airflow/example_dags/plugins/event_listener.py
[2024-01-31T11:12:44.359+0100] {processor.py:183} INFO - Processing /home/ubuntu/.local/lib/python3.10/site-packages/airflow/example_dags/plugins/event_listener.py took 0.031 seconds
[2024-01-31T11:13:31.492+0100] {processor.py:161} INFO - Started process (PID=29822) to work on /home/ubuntu/.local/lib/python3.10/site-packages/airflow/example_dags/plugins/event_listener.py
[2024-01-31T11:13:31.494+0100] {processor.py:830} INFO - Processing file /home/ubuntu/.local/lib/python3.10/site-packages/airflow/example_dags/plugins/event_listener.py for tasks to queue
[2024-01-31T11:13:31.495+0100] {logging_mixin.py:188} INFO - [2024-01-31T11:13:31.495+0100] {dagbag.py:538} INFO - Filling up the DagBag from /home/ubuntu/.local/lib/python3.10/site-packages/airflow/example_dags/plugins/event_listener.py
[2024-01-31T11:13:31.498+0100] {processor.py:842} WARNING - No viable dags retrieved from /home/ubuntu/.local/lib/python3.10/site-packages/airflow/example_dags/plugins/event_listener.py
[2024-01-31T11:13:31.513+0100] {processor.py:183} INFO - Processing /home/ubuntu/.local/lib/python3.10/site-packages/airflow/example_dags/plugins/event_listener.py took 0.025 seconds
[2024-01-31T11:14:12.572+0100] {processor.py:161} INFO - Started process (PID=29873) to work on /home/ubuntu/.local/lib/python3.10/site-packages/airflow/example_dags/plugins/event_listener.py
[2024-01-31T11:14:12.576+0100] {processor.py:830} INFO - Processing file /home/ubuntu/.local/lib/python3.10/site-packages/airflow/example_dags/plugins/event_listener.py for tasks to queue
[2024-01-31T11:14:12.578+0100] {logging_mixin.py:188} INFO - [2024-01-31T11:14:12.577+0100] {dagbag.py:538} INFO - Filling up the DagBag from /home/ubuntu/.local/lib/python3.10/site-packages/airflow/example_dags/plugins/event_listener.py
[2024-01-31T11:14:12.586+0100] {processor.py:842} WARNING - No viable dags retrieved from /home/ubuntu/.local/lib/python3.10/site-packages/airflow/example_dags/plugins/event_listener.py
[2024-01-31T11:14:12.605+0100] {processor.py:183} INFO - Processing /home/ubuntu/.local/lib/python3.10/site-packages/airflow/example_dags/plugins/event_listener.py took 0.044 seconds
[2024-01-31T11:15:26.184+0100] {processor.py:161} INFO - Started process (PID=30543) to work on /home/ubuntu/.local/lib/python3.10/site-packages/airflow/example_dags/plugins/event_listener.py
[2024-01-31T11:15:26.204+0100] {processor.py:830} INFO - Processing file /home/ubuntu/.local/lib/python3.10/site-packages/airflow/example_dags/plugins/event_listener.py for tasks to queue
[2024-01-31T11:15:26.205+0100] {logging_mixin.py:188} INFO - [2024-01-31T11:15:26.204+0100] {dagbag.py:538} INFO - Filling up the DagBag from /home/ubuntu/.local/lib/python3.10/site-packages/airflow/example_dags/plugins/event_listener.py
[2024-01-31T11:15:26.208+0100] {processor.py:842} WARNING - No viable dags retrieved from /home/ubuntu/.local/lib/python3.10/site-packages/airflow/example_dags/plugins/event_listener.py
[2024-01-31T11:15:26.221+0100] {processor.py:183} INFO - Processing /home/ubuntu/.local/lib/python3.10/site-packages/airflow/example_dags/plugins/event_listener.py took 0.041 seconds
[2024-01-31T11:16:17.226+0100] {processor.py:161} INFO - Started process (PID=30603) to work on /home/ubuntu/.local/lib/python3.10/site-packages/airflow/example_dags/plugins/event_listener.py
[2024-01-31T11:16:17.229+0100] {processor.py:830} INFO - Processing file /home/ubuntu/.local/lib/python3.10/site-packages/airflow/example_dags/plugins/event_listener.py for tasks to queue
[2024-01-31T11:16:17.230+0100] {logging_mixin.py:188} INFO - [2024-01-31T11:16:17.230+0100] {dagbag.py:538} INFO - Filling up the DagBag from /home/ubuntu/.local/lib/python3.10/site-packages/airflow/example_dags/plugins/event_listener.py
[2024-01-31T11:16:17.233+0100] {processor.py:842} WARNING - No viable dags retrieved from /home/ubuntu/.local/lib/python3.10/site-packages/airflow/example_dags/plugins/event_listener.py
[2024-01-31T11:16:17.248+0100] {processor.py:183} INFO - Processing /home/ubuntu/.local/lib/python3.10/site-packages/airflow/example_dags/plugins/event_listener.py took 0.025 seconds
[2024-01-31T11:17:03.048+0100] {processor.py:161} INFO - Started process (PID=30657) to work on /home/ubuntu/.local/lib/python3.10/site-packages/airflow/example_dags/plugins/event_listener.py
[2024-01-31T11:17:03.050+0100] {processor.py:830} INFO - Processing file /home/ubuntu/.local/lib/python3.10/site-packages/airflow/example_dags/plugins/event_listener.py for tasks to queue
[2024-01-31T11:17:03.052+0100] {logging_mixin.py:188} INFO - [2024-01-31T11:17:03.051+0100] {dagbag.py:538} INFO - Filling up the DagBag from /home/ubuntu/.local/lib/python3.10/site-packages/airflow/example_dags/plugins/event_listener.py
[2024-01-31T11:17:03.054+0100] {processor.py:842} WARNING - No viable dags retrieved from /home/ubuntu/.local/lib/python3.10/site-packages/airflow/example_dags/plugins/event_listener.py
[2024-01-31T11:17:03.068+0100] {processor.py:183} INFO - Processing /home/ubuntu/.local/lib/python3.10/site-packages/airflow/example_dags/plugins/event_listener.py took 0.023 seconds
[2024-01-31T11:18:01.587+0100] {processor.py:161} INFO - Started process (PID=30710) to work on /home/ubuntu/.local/lib/python3.10/site-packages/airflow/example_dags/plugins/event_listener.py
[2024-01-31T11:18:01.591+0100] {processor.py:830} INFO - Processing file /home/ubuntu/.local/lib/python3.10/site-packages/airflow/example_dags/plugins/event_listener.py for tasks to queue
[2024-01-31T11:18:01.593+0100] {logging_mixin.py:188} INFO - [2024-01-31T11:18:01.592+0100] {dagbag.py:538} INFO - Filling up the DagBag from /home/ubuntu/.local/lib/python3.10/site-packages/airflow/example_dags/plugins/event_listener.py
[2024-01-31T11:18:01.597+0100] {processor.py:842} WARNING - No viable dags retrieved from /home/ubuntu/.local/lib/python3.10/site-packages/airflow/example_dags/plugins/event_listener.py
[2024-01-31T11:18:01.622+0100] {processor.py:183} INFO - Processing /home/ubuntu/.local/lib/python3.10/site-packages/airflow/example_dags/plugins/event_listener.py took 0.041 seconds
[2024-01-31T11:18:56.442+0100] {processor.py:161} INFO - Started process (PID=30767) to work on /home/ubuntu/.local/lib/python3.10/site-packages/airflow/example_dags/plugins/event_listener.py
[2024-01-31T11:18:56.445+0100] {processor.py:830} INFO - Processing file /home/ubuntu/.local/lib/python3.10/site-packages/airflow/example_dags/plugins/event_listener.py for tasks to queue
[2024-01-31T11:18:56.446+0100] {logging_mixin.py:188} INFO - [2024-01-31T11:18:56.446+0100] {dagbag.py:538} INFO - Filling up the DagBag from /home/ubuntu/.local/lib/python3.10/site-packages/airflow/example_dags/plugins/event_listener.py
[2024-01-31T11:18:56.449+0100] {processor.py:842} WARNING - No viable dags retrieved from /home/ubuntu/.local/lib/python3.10/site-packages/airflow/example_dags/plugins/event_listener.py
[2024-01-31T11:18:56.461+0100] {processor.py:183} INFO - Processing /home/ubuntu/.local/lib/python3.10/site-packages/airflow/example_dags/plugins/event_listener.py took 0.023 seconds
[2024-01-31T11:19:43.727+0100] {processor.py:161} INFO - Started process (PID=30822) to work on /home/ubuntu/.local/lib/python3.10/site-packages/airflow/example_dags/plugins/event_listener.py
[2024-01-31T11:19:43.729+0100] {processor.py:830} INFO - Processing file /home/ubuntu/.local/lib/python3.10/site-packages/airflow/example_dags/plugins/event_listener.py for tasks to queue
[2024-01-31T11:19:43.731+0100] {logging_mixin.py:188} INFO - [2024-01-31T11:19:43.730+0100] {dagbag.py:538} INFO - Filling up the DagBag from /home/ubuntu/.local/lib/python3.10/site-packages/airflow/example_dags/plugins/event_listener.py
[2024-01-31T11:19:43.733+0100] {processor.py:842} WARNING - No viable dags retrieved from /home/ubuntu/.local/lib/python3.10/site-packages/airflow/example_dags/plugins/event_listener.py
[2024-01-31T11:19:43.745+0100] {processor.py:183} INFO - Processing /home/ubuntu/.local/lib/python3.10/site-packages/airflow/example_dags/plugins/event_listener.py took 0.022 seconds
[2024-01-31T11:20:30.911+0100] {processor.py:161} INFO - Started process (PID=30877) to work on /home/ubuntu/.local/lib/python3.10/site-packages/airflow/example_dags/plugins/event_listener.py
[2024-01-31T11:20:30.913+0100] {processor.py:830} INFO - Processing file /home/ubuntu/.local/lib/python3.10/site-packages/airflow/example_dags/plugins/event_listener.py for tasks to queue
[2024-01-31T11:20:30.915+0100] {logging_mixin.py:188} INFO - [2024-01-31T11:20:30.914+0100] {dagbag.py:538} INFO - Filling up the DagBag from /home/ubuntu/.local/lib/python3.10/site-packages/airflow/example_dags/plugins/event_listener.py
[2024-01-31T11:20:30.917+0100] {processor.py:842} WARNING - No viable dags retrieved from /home/ubuntu/.local/lib/python3.10/site-packages/airflow/example_dags/plugins/event_listener.py
[2024-01-31T11:20:30.930+0100] {processor.py:183} INFO - Processing /home/ubuntu/.local/lib/python3.10/site-packages/airflow/example_dags/plugins/event_listener.py took 0.023 seconds
[2024-01-31T11:21:14.056+0100] {processor.py:161} INFO - Started process (PID=30926) to work on /home/ubuntu/.local/lib/python3.10/site-packages/airflow/example_dags/plugins/event_listener.py
[2024-01-31T11:21:14.058+0100] {processor.py:830} INFO - Processing file /home/ubuntu/.local/lib/python3.10/site-packages/airflow/example_dags/plugins/event_listener.py for tasks to queue
[2024-01-31T11:21:14.059+0100] {logging_mixin.py:188} INFO - [2024-01-31T11:21:14.059+0100] {dagbag.py:538} INFO - Filling up the DagBag from /home/ubuntu/.local/lib/python3.10/site-packages/airflow/example_dags/plugins/event_listener.py
[2024-01-31T11:21:14.062+0100] {processor.py:842} WARNING - No viable dags retrieved from /home/ubuntu/.local/lib/python3.10/site-packages/airflow/example_dags/plugins/event_listener.py
[2024-01-31T11:21:14.075+0100] {processor.py:183} INFO - Processing /home/ubuntu/.local/lib/python3.10/site-packages/airflow/example_dags/plugins/event_listener.py took 0.024 seconds
[2024-01-31T11:21:56.624+0100] {processor.py:161} INFO - Started process (PID=30974) to work on /home/ubuntu/.local/lib/python3.10/site-packages/airflow/example_dags/plugins/event_listener.py
[2024-01-31T11:21:56.625+0100] {processor.py:830} INFO - Processing file /home/ubuntu/.local/lib/python3.10/site-packages/airflow/example_dags/plugins/event_listener.py for tasks to queue
[2024-01-31T11:21:56.627+0100] {logging_mixin.py:188} INFO - [2024-01-31T11:21:56.626+0100] {dagbag.py:538} INFO - Filling up the DagBag from /home/ubuntu/.local/lib/python3.10/site-packages/airflow/example_dags/plugins/event_listener.py
[2024-01-31T11:21:56.629+0100] {processor.py:842} WARNING - No viable dags retrieved from /home/ubuntu/.local/lib/python3.10/site-packages/airflow/example_dags/plugins/event_listener.py
[2024-01-31T11:21:56.641+0100] {processor.py:183} INFO - Processing /home/ubuntu/.local/lib/python3.10/site-packages/airflow/example_dags/plugins/event_listener.py took 0.022 seconds
[2024-01-31T11:22:38.036+0100] {processor.py:161} INFO - Started process (PID=31023) to work on /home/ubuntu/.local/lib/python3.10/site-packages/airflow/example_dags/plugins/event_listener.py
[2024-01-31T11:22:38.038+0100] {processor.py:830} INFO - Processing file /home/ubuntu/.local/lib/python3.10/site-packages/airflow/example_dags/plugins/event_listener.py for tasks to queue
[2024-01-31T11:22:38.038+0100] {logging_mixin.py:188} INFO - [2024-01-31T11:22:38.038+0100] {dagbag.py:538} INFO - Filling up the DagBag from /home/ubuntu/.local/lib/python3.10/site-packages/airflow/example_dags/plugins/event_listener.py
[2024-01-31T11:22:38.041+0100] {processor.py:842} WARNING - No viable dags retrieved from /home/ubuntu/.local/lib/python3.10/site-packages/airflow/example_dags/plugins/event_listener.py
[2024-01-31T11:22:38.055+0100] {processor.py:183} INFO - Processing /home/ubuntu/.local/lib/python3.10/site-packages/airflow/example_dags/plugins/event_listener.py took 0.023 seconds
[2024-01-31T11:23:22.221+0100] {processor.py:161} INFO - Started process (PID=31072) to work on /home/ubuntu/.local/lib/python3.10/site-packages/airflow/example_dags/plugins/event_listener.py
[2024-01-31T11:23:22.223+0100] {processor.py:830} INFO - Processing file /home/ubuntu/.local/lib/python3.10/site-packages/airflow/example_dags/plugins/event_listener.py for tasks to queue
[2024-01-31T11:23:22.224+0100] {logging_mixin.py:188} INFO - [2024-01-31T11:23:22.224+0100] {dagbag.py:538} INFO - Filling up the DagBag from /home/ubuntu/.local/lib/python3.10/site-packages/airflow/example_dags/plugins/event_listener.py
[2024-01-31T11:23:22.228+0100] {processor.py:842} WARNING - No viable dags retrieved from /home/ubuntu/.local/lib/python3.10/site-packages/airflow/example_dags/plugins/event_listener.py
[2024-01-31T11:23:22.243+0100] {processor.py:183} INFO - Processing /home/ubuntu/.local/lib/python3.10/site-packages/airflow/example_dags/plugins/event_listener.py took 0.027 seconds
[2024-01-31T11:24:07.098+0100] {processor.py:161} INFO - Started process (PID=31130) to work on /home/ubuntu/.local/lib/python3.10/site-packages/airflow/example_dags/plugins/event_listener.py
[2024-01-31T11:24:07.100+0100] {processor.py:830} INFO - Processing file /home/ubuntu/.local/lib/python3.10/site-packages/airflow/example_dags/plugins/event_listener.py for tasks to queue
[2024-01-31T11:24:07.100+0100] {logging_mixin.py:188} INFO - [2024-01-31T11:24:07.100+0100] {dagbag.py:538} INFO - Filling up the DagBag from /home/ubuntu/.local/lib/python3.10/site-packages/airflow/example_dags/plugins/event_listener.py
[2024-01-31T11:24:07.103+0100] {processor.py:842} WARNING - No viable dags retrieved from /home/ubuntu/.local/lib/python3.10/site-packages/airflow/example_dags/plugins/event_listener.py
[2024-01-31T11:24:07.115+0100] {processor.py:183} INFO - Processing /home/ubuntu/.local/lib/python3.10/site-packages/airflow/example_dags/plugins/event_listener.py took 0.022 seconds
[2024-01-31T11:24:48.604+0100] {processor.py:161} INFO - Started process (PID=31175) to work on /home/ubuntu/.local/lib/python3.10/site-packages/airflow/example_dags/plugins/event_listener.py
[2024-01-31T11:24:48.606+0100] {processor.py:830} INFO - Processing file /home/ubuntu/.local/lib/python3.10/site-packages/airflow/example_dags/plugins/event_listener.py for tasks to queue
[2024-01-31T11:24:48.607+0100] {logging_mixin.py:188} INFO - [2024-01-31T11:24:48.607+0100] {dagbag.py:538} INFO - Filling up the DagBag from /home/ubuntu/.local/lib/python3.10/site-packages/airflow/example_dags/plugins/event_listener.py
[2024-01-31T11:24:48.610+0100] {processor.py:842} WARNING - No viable dags retrieved from /home/ubuntu/.local/lib/python3.10/site-packages/airflow/example_dags/plugins/event_listener.py
[2024-01-31T11:24:48.628+0100] {processor.py:183} INFO - Processing /home/ubuntu/.local/lib/python3.10/site-packages/airflow/example_dags/plugins/event_listener.py took 0.028 seconds
[2024-01-31T11:25:43.536+0100] {processor.py:161} INFO - Started process (PID=31228) to work on /home/ubuntu/.local/lib/python3.10/site-packages/airflow/example_dags/plugins/event_listener.py
[2024-01-31T11:25:43.542+0100] {processor.py:830} INFO - Processing file /home/ubuntu/.local/lib/python3.10/site-packages/airflow/example_dags/plugins/event_listener.py for tasks to queue
[2024-01-31T11:25:43.550+0100] {logging_mixin.py:188} INFO - [2024-01-31T11:25:43.548+0100] {dagbag.py:538} INFO - Filling up the DagBag from /home/ubuntu/.local/lib/python3.10/site-packages/airflow/example_dags/plugins/event_listener.py
[2024-01-31T11:25:43.581+0100] {processor.py:842} WARNING - No viable dags retrieved from /home/ubuntu/.local/lib/python3.10/site-packages/airflow/example_dags/plugins/event_listener.py
[2024-01-31T11:25:43.667+0100] {processor.py:183} INFO - Processing /home/ubuntu/.local/lib/python3.10/site-packages/airflow/example_dags/plugins/event_listener.py took 0.146 seconds
[2024-01-31T11:26:57.768+0100] {processor.py:161} INFO - Started process (PID=31294) to work on /home/ubuntu/.local/lib/python3.10/site-packages/airflow/example_dags/plugins/event_listener.py
[2024-01-31T11:26:57.769+0100] {processor.py:830} INFO - Processing file /home/ubuntu/.local/lib/python3.10/site-packages/airflow/example_dags/plugins/event_listener.py for tasks to queue
[2024-01-31T11:26:57.770+0100] {logging_mixin.py:188} INFO - [2024-01-31T11:26:57.770+0100] {dagbag.py:538} INFO - Filling up the DagBag from /home/ubuntu/.local/lib/python3.10/site-packages/airflow/example_dags/plugins/event_listener.py
[2024-01-31T11:26:57.773+0100] {processor.py:842} WARNING - No viable dags retrieved from /home/ubuntu/.local/lib/python3.10/site-packages/airflow/example_dags/plugins/event_listener.py
[2024-01-31T11:26:57.788+0100] {processor.py:183} INFO - Processing /home/ubuntu/.local/lib/python3.10/site-packages/airflow/example_dags/plugins/event_listener.py took 0.024 seconds
