[2024-01-31T01:01:51.616+0100] {processor.py:161} INFO - Started process (PID=26545) to work on /home/ubuntu/.local/lib/python3.10/site-packages/airflow/example_dags/example_dag_decorator.py
[2024-01-31T01:01:51.617+0100] {processor.py:830} INFO - Processing file /home/ubuntu/.local/lib/python3.10/site-packages/airflow/example_dags/example_dag_decorator.py for tasks to queue
[2024-01-31T01:01:51.618+0100] {logging_mixin.py:188} INFO - [2024-01-31T01:01:51.618+0100] {dagbag.py:538} INFO - Filling up the DagBag from /home/ubuntu/.local/lib/python3.10/site-packages/airflow/example_dags/example_dag_decorator.py
[2024-01-31T01:01:51.723+0100] {processor.py:840} INFO - DAG(s) 'example_dag_decorator' retrieved from /home/ubuntu/.local/lib/python3.10/site-packages/airflow/example_dags/example_dag_decorator.py
[2024-01-31T01:01:51.829+0100] {logging_mixin.py:188} INFO - [2024-01-31T01:01:51.828+0100] {dag.py:3033} INFO - Sync 1 DAGs
[2024-01-31T01:01:51.839+0100] {logging_mixin.py:188} INFO - [2024-01-31T01:01:51.839+0100] {dag.py:3820} INFO - Setting next_dagrun for example_dag_decorator to None, run_after=None
[2024-01-31T01:01:51.871+0100] {processor.py:183} INFO - Processing /home/ubuntu/.local/lib/python3.10/site-packages/airflow/example_dags/example_dag_decorator.py took 0.260 seconds
[2024-01-31T10:29:41.462+0100] {processor.py:161} INFO - Started process (PID=26706) to work on /home/ubuntu/.local/lib/python3.10/site-packages/airflow/example_dags/example_dag_decorator.py
[2024-01-31T10:29:41.465+0100] {processor.py:830} INFO - Processing file /home/ubuntu/.local/lib/python3.10/site-packages/airflow/example_dags/example_dag_decorator.py for tasks to queue
[2024-01-31T10:29:41.466+0100] {logging_mixin.py:188} INFO - [2024-01-31T10:29:41.465+0100] {dagbag.py:538} INFO - Filling up the DagBag from /home/ubuntu/.local/lib/python3.10/site-packages/airflow/example_dags/example_dag_decorator.py
[2024-01-31T10:29:41.549+0100] {processor.py:840} INFO - DAG(s) 'example_dag_decorator' retrieved from /home/ubuntu/.local/lib/python3.10/site-packages/airflow/example_dags/example_dag_decorator.py
[2024-01-31T10:29:41.661+0100] {logging_mixin.py:188} INFO - [2024-01-31T10:29:41.661+0100] {dag.py:3033} INFO - Sync 1 DAGs
[2024-01-31T10:29:41.671+0100] {logging_mixin.py:188} INFO - [2024-01-31T10:29:41.670+0100] {dag.py:3820} INFO - Setting next_dagrun for example_dag_decorator to None, run_after=None
[2024-01-31T10:29:41.698+0100] {processor.py:183} INFO - Processing /home/ubuntu/.local/lib/python3.10/site-packages/airflow/example_dags/example_dag_decorator.py took 0.240 seconds
[2024-01-31T10:30:29.820+0100] {processor.py:161} INFO - Started process (PID=26765) to work on /home/ubuntu/.local/lib/python3.10/site-packages/airflow/example_dags/example_dag_decorator.py
[2024-01-31T10:30:29.821+0100] {processor.py:830} INFO - Processing file /home/ubuntu/.local/lib/python3.10/site-packages/airflow/example_dags/example_dag_decorator.py for tasks to queue
[2024-01-31T10:30:29.823+0100] {logging_mixin.py:188} INFO - [2024-01-31T10:30:29.822+0100] {dagbag.py:538} INFO - Filling up the DagBag from /home/ubuntu/.local/lib/python3.10/site-packages/airflow/example_dags/example_dag_decorator.py
[2024-01-31T10:30:29.907+0100] {processor.py:840} INFO - DAG(s) 'example_dag_decorator' retrieved from /home/ubuntu/.local/lib/python3.10/site-packages/airflow/example_dags/example_dag_decorator.py
[2024-01-31T10:30:30.000+0100] {logging_mixin.py:188} INFO - [2024-01-31T10:30:30.000+0100] {dag.py:3033} INFO - Sync 1 DAGs
[2024-01-31T10:30:30.009+0100] {logging_mixin.py:188} INFO - [2024-01-31T10:30:30.009+0100] {dag.py:3820} INFO - Setting next_dagrun for example_dag_decorator to None, run_after=None
[2024-01-31T10:30:30.037+0100] {processor.py:183} INFO - Processing /home/ubuntu/.local/lib/python3.10/site-packages/airflow/example_dags/example_dag_decorator.py took 0.221 seconds
[2024-01-31T10:31:20.168+0100] {processor.py:161} INFO - Started process (PID=26822) to work on /home/ubuntu/.local/lib/python3.10/site-packages/airflow/example_dags/example_dag_decorator.py
[2024-01-31T10:31:20.171+0100] {processor.py:830} INFO - Processing file /home/ubuntu/.local/lib/python3.10/site-packages/airflow/example_dags/example_dag_decorator.py for tasks to queue
[2024-01-31T10:31:20.172+0100] {logging_mixin.py:188} INFO - [2024-01-31T10:31:20.172+0100] {dagbag.py:538} INFO - Filling up the DagBag from /home/ubuntu/.local/lib/python3.10/site-packages/airflow/example_dags/example_dag_decorator.py
[2024-01-31T10:31:20.255+0100] {processor.py:840} INFO - DAG(s) 'example_dag_decorator' retrieved from /home/ubuntu/.local/lib/python3.10/site-packages/airflow/example_dags/example_dag_decorator.py
[2024-01-31T10:31:20.355+0100] {logging_mixin.py:188} INFO - [2024-01-31T10:31:20.355+0100] {dag.py:3033} INFO - Sync 1 DAGs
[2024-01-31T10:31:20.364+0100] {logging_mixin.py:188} INFO - [2024-01-31T10:31:20.364+0100] {dag.py:3820} INFO - Setting next_dagrun for example_dag_decorator to None, run_after=None
[2024-01-31T10:31:20.400+0100] {processor.py:183} INFO - Processing /home/ubuntu/.local/lib/python3.10/site-packages/airflow/example_dags/example_dag_decorator.py took 0.236 seconds
[2024-01-31T10:32:18.345+0100] {processor.py:161} INFO - Started process (PID=26889) to work on /home/ubuntu/.local/lib/python3.10/site-packages/airflow/example_dags/example_dag_decorator.py
[2024-01-31T10:32:18.348+0100] {processor.py:830} INFO - Processing file /home/ubuntu/.local/lib/python3.10/site-packages/airflow/example_dags/example_dag_decorator.py for tasks to queue
[2024-01-31T10:32:18.349+0100] {logging_mixin.py:188} INFO - [2024-01-31T10:32:18.348+0100] {dagbag.py:538} INFO - Filling up the DagBag from /home/ubuntu/.local/lib/python3.10/site-packages/airflow/example_dags/example_dag_decorator.py
[2024-01-31T10:32:18.431+0100] {processor.py:840} INFO - DAG(s) 'example_dag_decorator' retrieved from /home/ubuntu/.local/lib/python3.10/site-packages/airflow/example_dags/example_dag_decorator.py
[2024-01-31T10:32:18.525+0100] {logging_mixin.py:188} INFO - [2024-01-31T10:32:18.525+0100] {dag.py:3033} INFO - Sync 1 DAGs
[2024-01-31T10:32:18.535+0100] {logging_mixin.py:188} INFO - [2024-01-31T10:32:18.535+0100] {dag.py:3820} INFO - Setting next_dagrun for example_dag_decorator to None, run_after=None
[2024-01-31T10:32:18.564+0100] {processor.py:183} INFO - Processing /home/ubuntu/.local/lib/python3.10/site-packages/airflow/example_dags/example_dag_decorator.py took 0.224 seconds
[2024-01-31T10:33:17.513+0100] {processor.py:161} INFO - Started process (PID=26961) to work on /home/ubuntu/.local/lib/python3.10/site-packages/airflow/example_dags/example_dag_decorator.py
[2024-01-31T10:33:17.515+0100] {processor.py:830} INFO - Processing file /home/ubuntu/.local/lib/python3.10/site-packages/airflow/example_dags/example_dag_decorator.py for tasks to queue
[2024-01-31T10:33:17.516+0100] {logging_mixin.py:188} INFO - [2024-01-31T10:33:17.515+0100] {dagbag.py:538} INFO - Filling up the DagBag from /home/ubuntu/.local/lib/python3.10/site-packages/airflow/example_dags/example_dag_decorator.py
[2024-01-31T10:33:17.604+0100] {processor.py:840} INFO - DAG(s) 'example_dag_decorator' retrieved from /home/ubuntu/.local/lib/python3.10/site-packages/airflow/example_dags/example_dag_decorator.py
[2024-01-31T10:33:17.692+0100] {logging_mixin.py:188} INFO - [2024-01-31T10:33:17.692+0100] {dag.py:3033} INFO - Sync 1 DAGs
[2024-01-31T10:33:17.700+0100] {logging_mixin.py:188} INFO - [2024-01-31T10:33:17.700+0100] {dag.py:3820} INFO - Setting next_dagrun for example_dag_decorator to None, run_after=None
[2024-01-31T10:33:17.734+0100] {processor.py:183} INFO - Processing /home/ubuntu/.local/lib/python3.10/site-packages/airflow/example_dags/example_dag_decorator.py took 0.225 seconds
[2024-01-31T10:34:17.592+0100] {processor.py:161} INFO - Started process (PID=27067) to work on /home/ubuntu/.local/lib/python3.10/site-packages/airflow/example_dags/example_dag_decorator.py
[2024-01-31T10:34:17.594+0100] {processor.py:830} INFO - Processing file /home/ubuntu/.local/lib/python3.10/site-packages/airflow/example_dags/example_dag_decorator.py for tasks to queue
[2024-01-31T10:34:17.596+0100] {logging_mixin.py:188} INFO - [2024-01-31T10:34:17.596+0100] {dagbag.py:538} INFO - Filling up the DagBag from /home/ubuntu/.local/lib/python3.10/site-packages/airflow/example_dags/example_dag_decorator.py
[2024-01-31T10:34:17.721+0100] {processor.py:840} INFO - DAG(s) 'example_dag_decorator' retrieved from /home/ubuntu/.local/lib/python3.10/site-packages/airflow/example_dags/example_dag_decorator.py
[2024-01-31T10:34:17.852+0100] {logging_mixin.py:188} INFO - [2024-01-31T10:34:17.851+0100] {dag.py:3033} INFO - Sync 1 DAGs
[2024-01-31T10:34:17.868+0100] {logging_mixin.py:188} INFO - [2024-01-31T10:34:17.867+0100] {dag.py:3820} INFO - Setting next_dagrun for example_dag_decorator to None, run_after=None
[2024-01-31T10:34:17.911+0100] {processor.py:183} INFO - Processing /home/ubuntu/.local/lib/python3.10/site-packages/airflow/example_dags/example_dag_decorator.py took 0.324 seconds
[2024-01-31T10:35:22.752+0100] {processor.py:161} INFO - Started process (PID=27142) to work on /home/ubuntu/.local/lib/python3.10/site-packages/airflow/example_dags/example_dag_decorator.py
[2024-01-31T10:35:22.754+0100] {processor.py:830} INFO - Processing file /home/ubuntu/.local/lib/python3.10/site-packages/airflow/example_dags/example_dag_decorator.py for tasks to queue
[2024-01-31T10:35:22.755+0100] {logging_mixin.py:188} INFO - [2024-01-31T10:35:22.755+0100] {dagbag.py:538} INFO - Filling up the DagBag from /home/ubuntu/.local/lib/python3.10/site-packages/airflow/example_dags/example_dag_decorator.py
[2024-01-31T10:35:22.835+0100] {processor.py:840} INFO - DAG(s) 'example_dag_decorator' retrieved from /home/ubuntu/.local/lib/python3.10/site-packages/airflow/example_dags/example_dag_decorator.py
[2024-01-31T10:35:22.936+0100] {logging_mixin.py:188} INFO - [2024-01-31T10:35:22.936+0100] {dag.py:3033} INFO - Sync 1 DAGs
[2024-01-31T10:35:22.948+0100] {logging_mixin.py:188} INFO - [2024-01-31T10:35:22.948+0100] {dag.py:3820} INFO - Setting next_dagrun for example_dag_decorator to None, run_after=None
[2024-01-31T10:35:22.996+0100] {processor.py:183} INFO - Processing /home/ubuntu/.local/lib/python3.10/site-packages/airflow/example_dags/example_dag_decorator.py took 0.248 seconds
[2024-01-31T10:36:27.874+0100] {processor.py:161} INFO - Started process (PID=27215) to work on /home/ubuntu/.local/lib/python3.10/site-packages/airflow/example_dags/example_dag_decorator.py
[2024-01-31T10:36:27.876+0100] {processor.py:830} INFO - Processing file /home/ubuntu/.local/lib/python3.10/site-packages/airflow/example_dags/example_dag_decorator.py for tasks to queue
[2024-01-31T10:36:27.877+0100] {logging_mixin.py:188} INFO - [2024-01-31T10:36:27.877+0100] {dagbag.py:538} INFO - Filling up the DagBag from /home/ubuntu/.local/lib/python3.10/site-packages/airflow/example_dags/example_dag_decorator.py
[2024-01-31T10:36:27.958+0100] {processor.py:840} INFO - DAG(s) 'example_dag_decorator' retrieved from /home/ubuntu/.local/lib/python3.10/site-packages/airflow/example_dags/example_dag_decorator.py
[2024-01-31T10:36:28.050+0100] {logging_mixin.py:188} INFO - [2024-01-31T10:36:28.050+0100] {dag.py:3033} INFO - Sync 1 DAGs
[2024-01-31T10:36:28.061+0100] {logging_mixin.py:188} INFO - [2024-01-31T10:36:28.060+0100] {dag.py:3820} INFO - Setting next_dagrun for example_dag_decorator to None, run_after=None
[2024-01-31T10:36:28.089+0100] {processor.py:183} INFO - Processing /home/ubuntu/.local/lib/python3.10/site-packages/airflow/example_dags/example_dag_decorator.py took 0.218 seconds
[2024-01-31T10:37:30.210+0100] {processor.py:161} INFO - Started process (PID=27290) to work on /home/ubuntu/.local/lib/python3.10/site-packages/airflow/example_dags/example_dag_decorator.py
[2024-01-31T10:37:30.212+0100] {processor.py:830} INFO - Processing file /home/ubuntu/.local/lib/python3.10/site-packages/airflow/example_dags/example_dag_decorator.py for tasks to queue
[2024-01-31T10:37:30.213+0100] {logging_mixin.py:188} INFO - [2024-01-31T10:37:30.213+0100] {dagbag.py:538} INFO - Filling up the DagBag from /home/ubuntu/.local/lib/python3.10/site-packages/airflow/example_dags/example_dag_decorator.py
[2024-01-31T10:37:30.290+0100] {processor.py:840} INFO - DAG(s) 'example_dag_decorator' retrieved from /home/ubuntu/.local/lib/python3.10/site-packages/airflow/example_dags/example_dag_decorator.py
[2024-01-31T10:37:30.382+0100] {logging_mixin.py:188} INFO - [2024-01-31T10:37:30.382+0100] {dag.py:3033} INFO - Sync 1 DAGs
[2024-01-31T10:37:30.390+0100] {logging_mixin.py:188} INFO - [2024-01-31T10:37:30.390+0100] {dag.py:3820} INFO - Setting next_dagrun for example_dag_decorator to None, run_after=None
[2024-01-31T10:37:30.431+0100] {processor.py:183} INFO - Processing /home/ubuntu/.local/lib/python3.10/site-packages/airflow/example_dags/example_dag_decorator.py took 0.225 seconds
[2024-01-31T10:38:15.033+0100] {processor.py:161} INFO - Started process (PID=27342) to work on /home/ubuntu/.local/lib/python3.10/site-packages/airflow/example_dags/example_dag_decorator.py
[2024-01-31T10:38:15.035+0100] {processor.py:830} INFO - Processing file /home/ubuntu/.local/lib/python3.10/site-packages/airflow/example_dags/example_dag_decorator.py for tasks to queue
[2024-01-31T10:38:15.037+0100] {logging_mixin.py:188} INFO - [2024-01-31T10:38:15.036+0100] {dagbag.py:538} INFO - Filling up the DagBag from /home/ubuntu/.local/lib/python3.10/site-packages/airflow/example_dags/example_dag_decorator.py
[2024-01-31T10:38:15.118+0100] {processor.py:840} INFO - DAG(s) 'example_dag_decorator' retrieved from /home/ubuntu/.local/lib/python3.10/site-packages/airflow/example_dags/example_dag_decorator.py
[2024-01-31T10:38:15.209+0100] {logging_mixin.py:188} INFO - [2024-01-31T10:38:15.208+0100] {dag.py:3033} INFO - Sync 1 DAGs
[2024-01-31T10:38:15.217+0100] {logging_mixin.py:188} INFO - [2024-01-31T10:38:15.217+0100] {dag.py:3820} INFO - Setting next_dagrun for example_dag_decorator to None, run_after=None
[2024-01-31T10:38:15.247+0100] {processor.py:183} INFO - Processing /home/ubuntu/.local/lib/python3.10/site-packages/airflow/example_dags/example_dag_decorator.py took 0.218 seconds
[2024-01-31T10:39:18.330+0100] {processor.py:161} INFO - Started process (PID=27413) to work on /home/ubuntu/.local/lib/python3.10/site-packages/airflow/example_dags/example_dag_decorator.py
[2024-01-31T10:39:18.332+0100] {processor.py:830} INFO - Processing file /home/ubuntu/.local/lib/python3.10/site-packages/airflow/example_dags/example_dag_decorator.py for tasks to queue
[2024-01-31T10:39:18.333+0100] {logging_mixin.py:188} INFO - [2024-01-31T10:39:18.333+0100] {dagbag.py:538} INFO - Filling up the DagBag from /home/ubuntu/.local/lib/python3.10/site-packages/airflow/example_dags/example_dag_decorator.py
[2024-01-31T10:39:18.442+0100] {processor.py:840} INFO - DAG(s) 'example_dag_decorator' retrieved from /home/ubuntu/.local/lib/python3.10/site-packages/airflow/example_dags/example_dag_decorator.py
[2024-01-31T10:39:18.534+0100] {logging_mixin.py:188} INFO - [2024-01-31T10:39:18.533+0100] {dag.py:3033} INFO - Sync 1 DAGs
[2024-01-31T10:39:18.543+0100] {logging_mixin.py:188} INFO - [2024-01-31T10:39:18.543+0100] {dag.py:3820} INFO - Setting next_dagrun for example_dag_decorator to None, run_after=None
[2024-01-31T10:39:18.573+0100] {processor.py:183} INFO - Processing /home/ubuntu/.local/lib/python3.10/site-packages/airflow/example_dags/example_dag_decorator.py took 0.246 seconds
[2024-01-31T10:40:19.754+0100] {processor.py:161} INFO - Started process (PID=27490) to work on /home/ubuntu/.local/lib/python3.10/site-packages/airflow/example_dags/example_dag_decorator.py
[2024-01-31T10:40:19.756+0100] {processor.py:830} INFO - Processing file /home/ubuntu/.local/lib/python3.10/site-packages/airflow/example_dags/example_dag_decorator.py for tasks to queue
[2024-01-31T10:40:19.757+0100] {logging_mixin.py:188} INFO - [2024-01-31T10:40:19.757+0100] {dagbag.py:538} INFO - Filling up the DagBag from /home/ubuntu/.local/lib/python3.10/site-packages/airflow/example_dags/example_dag_decorator.py
[2024-01-31T10:40:19.840+0100] {processor.py:840} INFO - DAG(s) 'example_dag_decorator' retrieved from /home/ubuntu/.local/lib/python3.10/site-packages/airflow/example_dags/example_dag_decorator.py
[2024-01-31T10:40:19.930+0100] {logging_mixin.py:188} INFO - [2024-01-31T10:40:19.930+0100] {dag.py:3033} INFO - Sync 1 DAGs
[2024-01-31T10:40:19.939+0100] {logging_mixin.py:188} INFO - [2024-01-31T10:40:19.939+0100] {dag.py:3820} INFO - Setting next_dagrun for example_dag_decorator to None, run_after=None
[2024-01-31T10:40:19.969+0100] {processor.py:183} INFO - Processing /home/ubuntu/.local/lib/python3.10/site-packages/airflow/example_dags/example_dag_decorator.py took 0.218 seconds
[2024-01-31T10:41:17.073+0100] {processor.py:161} INFO - Started process (PID=27555) to work on /home/ubuntu/.local/lib/python3.10/site-packages/airflow/example_dags/example_dag_decorator.py
[2024-01-31T10:41:17.076+0100] {processor.py:830} INFO - Processing file /home/ubuntu/.local/lib/python3.10/site-packages/airflow/example_dags/example_dag_decorator.py for tasks to queue
[2024-01-31T10:41:17.077+0100] {logging_mixin.py:188} INFO - [2024-01-31T10:41:17.076+0100] {dagbag.py:538} INFO - Filling up the DagBag from /home/ubuntu/.local/lib/python3.10/site-packages/airflow/example_dags/example_dag_decorator.py
[2024-01-31T10:41:17.172+0100] {processor.py:840} INFO - DAG(s) 'example_dag_decorator' retrieved from /home/ubuntu/.local/lib/python3.10/site-packages/airflow/example_dags/example_dag_decorator.py
[2024-01-31T10:41:17.272+0100] {logging_mixin.py:188} INFO - [2024-01-31T10:41:17.272+0100] {dag.py:3033} INFO - Sync 1 DAGs
[2024-01-31T10:41:17.282+0100] {logging_mixin.py:188} INFO - [2024-01-31T10:41:17.281+0100] {dag.py:3820} INFO - Setting next_dagrun for example_dag_decorator to None, run_after=None
[2024-01-31T10:41:17.314+0100] {processor.py:183} INFO - Processing /home/ubuntu/.local/lib/python3.10/site-packages/airflow/example_dags/example_dag_decorator.py took 0.244 seconds
[2024-01-31T10:42:19.888+0100] {processor.py:161} INFO - Started process (PID=27631) to work on /home/ubuntu/.local/lib/python3.10/site-packages/airflow/example_dags/example_dag_decorator.py
[2024-01-31T10:42:19.890+0100] {processor.py:830} INFO - Processing file /home/ubuntu/.local/lib/python3.10/site-packages/airflow/example_dags/example_dag_decorator.py for tasks to queue
[2024-01-31T10:42:19.891+0100] {logging_mixin.py:188} INFO - [2024-01-31T10:42:19.891+0100] {dagbag.py:538} INFO - Filling up the DagBag from /home/ubuntu/.local/lib/python3.10/site-packages/airflow/example_dags/example_dag_decorator.py
[2024-01-31T10:42:19.977+0100] {processor.py:840} INFO - DAG(s) 'example_dag_decorator' retrieved from /home/ubuntu/.local/lib/python3.10/site-packages/airflow/example_dags/example_dag_decorator.py
[2024-01-31T10:42:20.075+0100] {logging_mixin.py:188} INFO - [2024-01-31T10:42:20.075+0100] {dag.py:3033} INFO - Sync 1 DAGs
[2024-01-31T10:42:20.083+0100] {logging_mixin.py:188} INFO - [2024-01-31T10:42:20.083+0100] {dag.py:3820} INFO - Setting next_dagrun for example_dag_decorator to None, run_after=None
[2024-01-31T10:42:20.113+0100] {processor.py:183} INFO - Processing /home/ubuntu/.local/lib/python3.10/site-packages/airflow/example_dags/example_dag_decorator.py took 0.229 seconds
[2024-01-31T10:43:17.442+0100] {processor.py:161} INFO - Started process (PID=27704) to work on /home/ubuntu/.local/lib/python3.10/site-packages/airflow/example_dags/example_dag_decorator.py
[2024-01-31T10:43:17.446+0100] {processor.py:830} INFO - Processing file /home/ubuntu/.local/lib/python3.10/site-packages/airflow/example_dags/example_dag_decorator.py for tasks to queue
[2024-01-31T10:43:17.447+0100] {logging_mixin.py:188} INFO - [2024-01-31T10:43:17.447+0100] {dagbag.py:538} INFO - Filling up the DagBag from /home/ubuntu/.local/lib/python3.10/site-packages/airflow/example_dags/example_dag_decorator.py
[2024-01-31T10:43:17.521+0100] {processor.py:840} INFO - DAG(s) 'example_dag_decorator' retrieved from /home/ubuntu/.local/lib/python3.10/site-packages/airflow/example_dags/example_dag_decorator.py
[2024-01-31T10:43:17.539+0100] {logging_mixin.py:188} INFO - [2024-01-31T10:43:17.539+0100] {dag.py:3033} INFO - Sync 1 DAGs
[2024-01-31T10:43:17.550+0100] {logging_mixin.py:188} INFO - [2024-01-31T10:43:17.549+0100] {dag.py:3820} INFO - Setting next_dagrun for example_dag_decorator to None, run_after=None
[2024-01-31T10:43:17.587+0100] {processor.py:183} INFO - Processing /home/ubuntu/.local/lib/python3.10/site-packages/airflow/example_dags/example_dag_decorator.py took 0.149 seconds
[2024-01-31T10:44:14.411+0100] {processor.py:161} INFO - Started process (PID=27769) to work on /home/ubuntu/.local/lib/python3.10/site-packages/airflow/example_dags/example_dag_decorator.py
[2024-01-31T10:44:14.413+0100] {processor.py:830} INFO - Processing file /home/ubuntu/.local/lib/python3.10/site-packages/airflow/example_dags/example_dag_decorator.py for tasks to queue
[2024-01-31T10:44:14.414+0100] {logging_mixin.py:188} INFO - [2024-01-31T10:44:14.414+0100] {dagbag.py:538} INFO - Filling up the DagBag from /home/ubuntu/.local/lib/python3.10/site-packages/airflow/example_dags/example_dag_decorator.py
[2024-01-31T10:44:14.510+0100] {processor.py:840} INFO - DAG(s) 'example_dag_decorator' retrieved from /home/ubuntu/.local/lib/python3.10/site-packages/airflow/example_dags/example_dag_decorator.py
[2024-01-31T10:44:14.529+0100] {logging_mixin.py:188} INFO - [2024-01-31T10:44:14.529+0100] {dag.py:3033} INFO - Sync 1 DAGs
[2024-01-31T10:44:14.540+0100] {logging_mixin.py:188} INFO - [2024-01-31T10:44:14.539+0100] {dag.py:3820} INFO - Setting next_dagrun for example_dag_decorator to None, run_after=None
[2024-01-31T10:44:14.568+0100] {processor.py:183} INFO - Processing /home/ubuntu/.local/lib/python3.10/site-packages/airflow/example_dags/example_dag_decorator.py took 0.162 seconds
[2024-01-31T10:45:17.512+0100] {processor.py:161} INFO - Started process (PID=27844) to work on /home/ubuntu/.local/lib/python3.10/site-packages/airflow/example_dags/example_dag_decorator.py
[2024-01-31T10:45:17.515+0100] {processor.py:830} INFO - Processing file /home/ubuntu/.local/lib/python3.10/site-packages/airflow/example_dags/example_dag_decorator.py for tasks to queue
[2024-01-31T10:45:17.516+0100] {logging_mixin.py:188} INFO - [2024-01-31T10:45:17.515+0100] {dagbag.py:538} INFO - Filling up the DagBag from /home/ubuntu/.local/lib/python3.10/site-packages/airflow/example_dags/example_dag_decorator.py
[2024-01-31T10:45:17.611+0100] {processor.py:840} INFO - DAG(s) 'example_dag_decorator' retrieved from /home/ubuntu/.local/lib/python3.10/site-packages/airflow/example_dags/example_dag_decorator.py
[2024-01-31T10:45:17.701+0100] {logging_mixin.py:188} INFO - [2024-01-31T10:45:17.701+0100] {dag.py:3033} INFO - Sync 1 DAGs
[2024-01-31T10:45:17.712+0100] {logging_mixin.py:188} INFO - [2024-01-31T10:45:17.711+0100] {dag.py:3820} INFO - Setting next_dagrun for example_dag_decorator to None, run_after=None
[2024-01-31T10:45:17.741+0100] {processor.py:183} INFO - Processing /home/ubuntu/.local/lib/python3.10/site-packages/airflow/example_dags/example_dag_decorator.py took 0.233 seconds
[2024-01-31T10:46:15.403+0100] {processor.py:161} INFO - Started process (PID=27914) to work on /home/ubuntu/.local/lib/python3.10/site-packages/airflow/example_dags/example_dag_decorator.py
[2024-01-31T10:46:15.406+0100] {processor.py:830} INFO - Processing file /home/ubuntu/.local/lib/python3.10/site-packages/airflow/example_dags/example_dag_decorator.py for tasks to queue
[2024-01-31T10:46:15.407+0100] {logging_mixin.py:188} INFO - [2024-01-31T10:46:15.407+0100] {dagbag.py:538} INFO - Filling up the DagBag from /home/ubuntu/.local/lib/python3.10/site-packages/airflow/example_dags/example_dag_decorator.py
[2024-01-31T10:46:15.482+0100] {processor.py:840} INFO - DAG(s) 'example_dag_decorator' retrieved from /home/ubuntu/.local/lib/python3.10/site-packages/airflow/example_dags/example_dag_decorator.py
[2024-01-31T10:46:15.568+0100] {logging_mixin.py:188} INFO - [2024-01-31T10:46:15.568+0100] {dag.py:3033} INFO - Sync 1 DAGs
[2024-01-31T10:46:15.576+0100] {logging_mixin.py:188} INFO - [2024-01-31T10:46:15.576+0100] {dag.py:3820} INFO - Setting next_dagrun for example_dag_decorator to None, run_after=None
[2024-01-31T10:46:15.619+0100] {processor.py:183} INFO - Processing /home/ubuntu/.local/lib/python3.10/site-packages/airflow/example_dags/example_dag_decorator.py took 0.219 seconds
[2024-01-31T10:47:16.421+0100] {processor.py:161} INFO - Started process (PID=27981) to work on /home/ubuntu/.local/lib/python3.10/site-packages/airflow/example_dags/example_dag_decorator.py
[2024-01-31T10:47:16.423+0100] {processor.py:830} INFO - Processing file /home/ubuntu/.local/lib/python3.10/site-packages/airflow/example_dags/example_dag_decorator.py for tasks to queue
[2024-01-31T10:47:16.424+0100] {logging_mixin.py:188} INFO - [2024-01-31T10:47:16.424+0100] {dagbag.py:538} INFO - Filling up the DagBag from /home/ubuntu/.local/lib/python3.10/site-packages/airflow/example_dags/example_dag_decorator.py
[2024-01-31T10:47:16.515+0100] {processor.py:840} INFO - DAG(s) 'example_dag_decorator' retrieved from /home/ubuntu/.local/lib/python3.10/site-packages/airflow/example_dags/example_dag_decorator.py
[2024-01-31T10:47:16.598+0100] {logging_mixin.py:188} INFO - [2024-01-31T10:47:16.598+0100] {dag.py:3033} INFO - Sync 1 DAGs
[2024-01-31T10:47:16.606+0100] {logging_mixin.py:188} INFO - [2024-01-31T10:47:16.606+0100] {dag.py:3820} INFO - Setting next_dagrun for example_dag_decorator to None, run_after=None
[2024-01-31T10:47:16.632+0100] {processor.py:183} INFO - Processing /home/ubuntu/.local/lib/python3.10/site-packages/airflow/example_dags/example_dag_decorator.py took 0.215 seconds
[2024-01-31T10:48:16.762+0100] {processor.py:161} INFO - Started process (PID=28054) to work on /home/ubuntu/.local/lib/python3.10/site-packages/airflow/example_dags/example_dag_decorator.py
[2024-01-31T10:48:16.764+0100] {processor.py:830} INFO - Processing file /home/ubuntu/.local/lib/python3.10/site-packages/airflow/example_dags/example_dag_decorator.py for tasks to queue
[2024-01-31T10:48:16.765+0100] {logging_mixin.py:188} INFO - [2024-01-31T10:48:16.765+0100] {dagbag.py:538} INFO - Filling up the DagBag from /home/ubuntu/.local/lib/python3.10/site-packages/airflow/example_dags/example_dag_decorator.py
[2024-01-31T10:48:16.860+0100] {processor.py:840} INFO - DAG(s) 'example_dag_decorator' retrieved from /home/ubuntu/.local/lib/python3.10/site-packages/airflow/example_dags/example_dag_decorator.py
[2024-01-31T10:48:16.980+0100] {logging_mixin.py:188} INFO - [2024-01-31T10:48:16.980+0100] {dag.py:3033} INFO - Sync 1 DAGs
[2024-01-31T10:48:16.990+0100] {logging_mixin.py:188} INFO - [2024-01-31T10:48:16.989+0100] {dag.py:3820} INFO - Setting next_dagrun for example_dag_decorator to None, run_after=None
[2024-01-31T10:48:17.021+0100] {processor.py:183} INFO - Processing /home/ubuntu/.local/lib/python3.10/site-packages/airflow/example_dags/example_dag_decorator.py took 0.263 seconds
[2024-01-31T10:49:02.582+0100] {processor.py:161} INFO - Started process (PID=28105) to work on /home/ubuntu/.local/lib/python3.10/site-packages/airflow/example_dags/example_dag_decorator.py
[2024-01-31T10:49:02.584+0100] {processor.py:830} INFO - Processing file /home/ubuntu/.local/lib/python3.10/site-packages/airflow/example_dags/example_dag_decorator.py for tasks to queue
[2024-01-31T10:49:02.586+0100] {logging_mixin.py:188} INFO - [2024-01-31T10:49:02.585+0100] {dagbag.py:538} INFO - Filling up the DagBag from /home/ubuntu/.local/lib/python3.10/site-packages/airflow/example_dags/example_dag_decorator.py
[2024-01-31T10:49:02.669+0100] {processor.py:840} INFO - DAG(s) 'example_dag_decorator' retrieved from /home/ubuntu/.local/lib/python3.10/site-packages/airflow/example_dags/example_dag_decorator.py
[2024-01-31T10:49:02.766+0100] {logging_mixin.py:188} INFO - [2024-01-31T10:49:02.766+0100] {dag.py:3033} INFO - Sync 1 DAGs
[2024-01-31T10:49:02.775+0100] {logging_mixin.py:188} INFO - [2024-01-31T10:49:02.775+0100] {dag.py:3820} INFO - Setting next_dagrun for example_dag_decorator to None, run_after=None
[2024-01-31T10:49:02.802+0100] {processor.py:183} INFO - Processing /home/ubuntu/.local/lib/python3.10/site-packages/airflow/example_dags/example_dag_decorator.py took 0.224 seconds
[2024-01-31T10:50:01.881+0100] {processor.py:161} INFO - Started process (PID=28174) to work on /home/ubuntu/.local/lib/python3.10/site-packages/airflow/example_dags/example_dag_decorator.py
[2024-01-31T10:50:01.883+0100] {processor.py:830} INFO - Processing file /home/ubuntu/.local/lib/python3.10/site-packages/airflow/example_dags/example_dag_decorator.py for tasks to queue
[2024-01-31T10:50:01.884+0100] {logging_mixin.py:188} INFO - [2024-01-31T10:50:01.884+0100] {dagbag.py:538} INFO - Filling up the DagBag from /home/ubuntu/.local/lib/python3.10/site-packages/airflow/example_dags/example_dag_decorator.py
[2024-01-31T10:50:01.969+0100] {processor.py:840} INFO - DAG(s) 'example_dag_decorator' retrieved from /home/ubuntu/.local/lib/python3.10/site-packages/airflow/example_dags/example_dag_decorator.py
[2024-01-31T10:50:02.073+0100] {logging_mixin.py:188} INFO - [2024-01-31T10:50:02.073+0100] {dag.py:3033} INFO - Sync 1 DAGs
[2024-01-31T10:50:02.082+0100] {logging_mixin.py:188} INFO - [2024-01-31T10:50:02.082+0100] {dag.py:3820} INFO - Setting next_dagrun for example_dag_decorator to None, run_after=None
[2024-01-31T10:50:02.117+0100] {processor.py:183} INFO - Processing /home/ubuntu/.local/lib/python3.10/site-packages/airflow/example_dags/example_dag_decorator.py took 0.240 seconds
[2024-01-31T10:51:02.812+0100] {processor.py:161} INFO - Started process (PID=28241) to work on /home/ubuntu/.local/lib/python3.10/site-packages/airflow/example_dags/example_dag_decorator.py
[2024-01-31T10:51:02.815+0100] {processor.py:830} INFO - Processing file /home/ubuntu/.local/lib/python3.10/site-packages/airflow/example_dags/example_dag_decorator.py for tasks to queue
[2024-01-31T10:51:02.816+0100] {logging_mixin.py:188} INFO - [2024-01-31T10:51:02.815+0100] {dagbag.py:538} INFO - Filling up the DagBag from /home/ubuntu/.local/lib/python3.10/site-packages/airflow/example_dags/example_dag_decorator.py
[2024-01-31T10:51:02.903+0100] {processor.py:840} INFO - DAG(s) 'example_dag_decorator' retrieved from /home/ubuntu/.local/lib/python3.10/site-packages/airflow/example_dags/example_dag_decorator.py
[2024-01-31T10:51:02.922+0100] {logging_mixin.py:188} INFO - [2024-01-31T10:51:02.922+0100] {dag.py:3033} INFO - Sync 1 DAGs
[2024-01-31T10:51:02.933+0100] {logging_mixin.py:188} INFO - [2024-01-31T10:51:02.932+0100] {dag.py:3820} INFO - Setting next_dagrun for example_dag_decorator to None, run_after=None
[2024-01-31T10:51:02.961+0100] {processor.py:183} INFO - Processing /home/ubuntu/.local/lib/python3.10/site-packages/airflow/example_dags/example_dag_decorator.py took 0.155 seconds
[2024-01-31T10:52:01.948+0100] {processor.py:161} INFO - Started process (PID=28315) to work on /home/ubuntu/.local/lib/python3.10/site-packages/airflow/example_dags/example_dag_decorator.py
[2024-01-31T10:52:01.951+0100] {processor.py:830} INFO - Processing file /home/ubuntu/.local/lib/python3.10/site-packages/airflow/example_dags/example_dag_decorator.py for tasks to queue
[2024-01-31T10:52:01.952+0100] {logging_mixin.py:188} INFO - [2024-01-31T10:52:01.951+0100] {dagbag.py:538} INFO - Filling up the DagBag from /home/ubuntu/.local/lib/python3.10/site-packages/airflow/example_dags/example_dag_decorator.py
[2024-01-31T10:52:02.040+0100] {processor.py:840} INFO - DAG(s) 'example_dag_decorator' retrieved from /home/ubuntu/.local/lib/python3.10/site-packages/airflow/example_dags/example_dag_decorator.py
[2024-01-31T10:52:02.146+0100] {logging_mixin.py:188} INFO - [2024-01-31T10:52:02.146+0100] {dag.py:3033} INFO - Sync 1 DAGs
[2024-01-31T10:52:02.154+0100] {logging_mixin.py:188} INFO - [2024-01-31T10:52:02.154+0100] {dag.py:3820} INFO - Setting next_dagrun for example_dag_decorator to None, run_after=None
[2024-01-31T10:52:02.184+0100] {processor.py:183} INFO - Processing /home/ubuntu/.local/lib/python3.10/site-packages/airflow/example_dags/example_dag_decorator.py took 0.239 seconds
[2024-01-31T10:53:04.203+0100] {processor.py:161} INFO - Started process (PID=28387) to work on /home/ubuntu/.local/lib/python3.10/site-packages/airflow/example_dags/example_dag_decorator.py
[2024-01-31T10:53:04.223+0100] {processor.py:830} INFO - Processing file /home/ubuntu/.local/lib/python3.10/site-packages/airflow/example_dags/example_dag_decorator.py for tasks to queue
[2024-01-31T10:53:04.224+0100] {logging_mixin.py:188} INFO - [2024-01-31T10:53:04.223+0100] {dagbag.py:538} INFO - Filling up the DagBag from /home/ubuntu/.local/lib/python3.10/site-packages/airflow/example_dags/example_dag_decorator.py
[2024-01-31T10:53:04.343+0100] {processor.py:840} INFO - DAG(s) 'example_dag_decorator' retrieved from /home/ubuntu/.local/lib/python3.10/site-packages/airflow/example_dags/example_dag_decorator.py
[2024-01-31T10:53:04.457+0100] {logging_mixin.py:188} INFO - [2024-01-31T10:53:04.457+0100] {dag.py:3033} INFO - Sync 1 DAGs
[2024-01-31T10:53:04.468+0100] {logging_mixin.py:188} INFO - [2024-01-31T10:53:04.468+0100] {dag.py:3820} INFO - Setting next_dagrun for example_dag_decorator to None, run_after=None
[2024-01-31T10:53:04.523+0100] {processor.py:183} INFO - Processing /home/ubuntu/.local/lib/python3.10/site-packages/airflow/example_dags/example_dag_decorator.py took 0.324 seconds
[2024-01-31T10:54:08.182+0100] {processor.py:161} INFO - Started process (PID=28462) to work on /home/ubuntu/.local/lib/python3.10/site-packages/airflow/example_dags/example_dag_decorator.py
[2024-01-31T10:54:08.184+0100] {processor.py:830} INFO - Processing file /home/ubuntu/.local/lib/python3.10/site-packages/airflow/example_dags/example_dag_decorator.py for tasks to queue
[2024-01-31T10:54:08.185+0100] {logging_mixin.py:188} INFO - [2024-01-31T10:54:08.185+0100] {dagbag.py:538} INFO - Filling up the DagBag from /home/ubuntu/.local/lib/python3.10/site-packages/airflow/example_dags/example_dag_decorator.py
[2024-01-31T10:54:08.273+0100] {processor.py:840} INFO - DAG(s) 'example_dag_decorator' retrieved from /home/ubuntu/.local/lib/python3.10/site-packages/airflow/example_dags/example_dag_decorator.py
[2024-01-31T10:54:08.349+0100] {logging_mixin.py:188} INFO - [2024-01-31T10:54:08.349+0100] {dag.py:3033} INFO - Sync 1 DAGs
[2024-01-31T10:54:08.357+0100] {logging_mixin.py:188} INFO - [2024-01-31T10:54:08.357+0100] {dag.py:3820} INFO - Setting next_dagrun for example_dag_decorator to None, run_after=None
[2024-01-31T10:54:08.410+0100] {processor.py:183} INFO - Processing /home/ubuntu/.local/lib/python3.10/site-packages/airflow/example_dags/example_dag_decorator.py took 0.233 seconds
[2024-01-31T10:55:11.927+0100] {processor.py:161} INFO - Started process (PID=28532) to work on /home/ubuntu/.local/lib/python3.10/site-packages/airflow/example_dags/example_dag_decorator.py
[2024-01-31T10:55:11.928+0100] {processor.py:830} INFO - Processing file /home/ubuntu/.local/lib/python3.10/site-packages/airflow/example_dags/example_dag_decorator.py for tasks to queue
[2024-01-31T10:55:11.930+0100] {logging_mixin.py:188} INFO - [2024-01-31T10:55:11.929+0100] {dagbag.py:538} INFO - Filling up the DagBag from /home/ubuntu/.local/lib/python3.10/site-packages/airflow/example_dags/example_dag_decorator.py
[2024-01-31T10:55:12.043+0100] {processor.py:840} INFO - DAG(s) 'example_dag_decorator' retrieved from /home/ubuntu/.local/lib/python3.10/site-packages/airflow/example_dags/example_dag_decorator.py
[2024-01-31T10:55:12.140+0100] {logging_mixin.py:188} INFO - [2024-01-31T10:55:12.139+0100] {dag.py:3033} INFO - Sync 1 DAGs
[2024-01-31T10:55:12.148+0100] {logging_mixin.py:188} INFO - [2024-01-31T10:55:12.147+0100] {dag.py:3820} INFO - Setting next_dagrun for example_dag_decorator to None, run_after=None
[2024-01-31T10:55:12.176+0100] {processor.py:183} INFO - Processing /home/ubuntu/.local/lib/python3.10/site-packages/airflow/example_dags/example_dag_decorator.py took 0.255 seconds
[2024-01-31T10:55:55.559+0100] {processor.py:161} INFO - Started process (PID=28583) to work on /home/ubuntu/.local/lib/python3.10/site-packages/airflow/example_dags/example_dag_decorator.py
[2024-01-31T10:55:55.561+0100] {processor.py:830} INFO - Processing file /home/ubuntu/.local/lib/python3.10/site-packages/airflow/example_dags/example_dag_decorator.py for tasks to queue
[2024-01-31T10:55:55.562+0100] {logging_mixin.py:188} INFO - [2024-01-31T10:55:55.562+0100] {dagbag.py:538} INFO - Filling up the DagBag from /home/ubuntu/.local/lib/python3.10/site-packages/airflow/example_dags/example_dag_decorator.py
[2024-01-31T10:55:55.647+0100] {processor.py:840} INFO - DAG(s) 'example_dag_decorator' retrieved from /home/ubuntu/.local/lib/python3.10/site-packages/airflow/example_dags/example_dag_decorator.py
[2024-01-31T10:55:55.740+0100] {logging_mixin.py:188} INFO - [2024-01-31T10:55:55.740+0100] {dag.py:3033} INFO - Sync 1 DAGs
[2024-01-31T10:55:55.749+0100] {logging_mixin.py:188} INFO - [2024-01-31T10:55:55.749+0100] {dag.py:3820} INFO - Setting next_dagrun for example_dag_decorator to None, run_after=None
[2024-01-31T10:55:55.784+0100] {processor.py:183} INFO - Processing /home/ubuntu/.local/lib/python3.10/site-packages/airflow/example_dags/example_dag_decorator.py took 0.229 seconds
[2024-01-31T10:57:00.505+0100] {processor.py:161} INFO - Started process (PID=28663) to work on /home/ubuntu/.local/lib/python3.10/site-packages/airflow/example_dags/example_dag_decorator.py
[2024-01-31T10:57:00.507+0100] {processor.py:830} INFO - Processing file /home/ubuntu/.local/lib/python3.10/site-packages/airflow/example_dags/example_dag_decorator.py for tasks to queue
[2024-01-31T10:57:00.508+0100] {logging_mixin.py:188} INFO - [2024-01-31T10:57:00.507+0100] {dagbag.py:538} INFO - Filling up the DagBag from /home/ubuntu/.local/lib/python3.10/site-packages/airflow/example_dags/example_dag_decorator.py
[2024-01-31T10:57:00.590+0100] {processor.py:840} INFO - DAG(s) 'example_dag_decorator' retrieved from /home/ubuntu/.local/lib/python3.10/site-packages/airflow/example_dags/example_dag_decorator.py
[2024-01-31T10:57:00.675+0100] {logging_mixin.py:188} INFO - [2024-01-31T10:57:00.675+0100] {dag.py:3033} INFO - Sync 1 DAGs
[2024-01-31T10:57:00.682+0100] {logging_mixin.py:188} INFO - [2024-01-31T10:57:00.682+0100] {dag.py:3820} INFO - Setting next_dagrun for example_dag_decorator to None, run_after=None
[2024-01-31T10:57:00.713+0100] {processor.py:183} INFO - Processing /home/ubuntu/.local/lib/python3.10/site-packages/airflow/example_dags/example_dag_decorator.py took 0.212 seconds
[2024-01-31T10:57:58.972+0100] {processor.py:161} INFO - Started process (PID=28729) to work on /home/ubuntu/.local/lib/python3.10/site-packages/airflow/example_dags/example_dag_decorator.py
[2024-01-31T10:57:58.974+0100] {processor.py:830} INFO - Processing file /home/ubuntu/.local/lib/python3.10/site-packages/airflow/example_dags/example_dag_decorator.py for tasks to queue
[2024-01-31T10:57:58.975+0100] {logging_mixin.py:188} INFO - [2024-01-31T10:57:58.975+0100] {dagbag.py:538} INFO - Filling up the DagBag from /home/ubuntu/.local/lib/python3.10/site-packages/airflow/example_dags/example_dag_decorator.py
[2024-01-31T10:57:59.060+0100] {processor.py:840} INFO - DAG(s) 'example_dag_decorator' retrieved from /home/ubuntu/.local/lib/python3.10/site-packages/airflow/example_dags/example_dag_decorator.py
[2024-01-31T10:57:59.081+0100] {logging_mixin.py:188} INFO - [2024-01-31T10:57:59.081+0100] {dag.py:3033} INFO - Sync 1 DAGs
[2024-01-31T10:57:59.092+0100] {logging_mixin.py:188} INFO - [2024-01-31T10:57:59.091+0100] {dag.py:3820} INFO - Setting next_dagrun for example_dag_decorator to None, run_after=None
[2024-01-31T10:57:59.119+0100] {processor.py:183} INFO - Processing /home/ubuntu/.local/lib/python3.10/site-packages/airflow/example_dags/example_dag_decorator.py took 0.151 seconds
[2024-01-31T10:58:57.898+0100] {processor.py:161} INFO - Started process (PID=28801) to work on /home/ubuntu/.local/lib/python3.10/site-packages/airflow/example_dags/example_dag_decorator.py
[2024-01-31T10:58:57.900+0100] {processor.py:830} INFO - Processing file /home/ubuntu/.local/lib/python3.10/site-packages/airflow/example_dags/example_dag_decorator.py for tasks to queue
[2024-01-31T10:58:57.901+0100] {logging_mixin.py:188} INFO - [2024-01-31T10:58:57.900+0100] {dagbag.py:538} INFO - Filling up the DagBag from /home/ubuntu/.local/lib/python3.10/site-packages/airflow/example_dags/example_dag_decorator.py
[2024-01-31T10:58:57.985+0100] {processor.py:840} INFO - DAG(s) 'example_dag_decorator' retrieved from /home/ubuntu/.local/lib/python3.10/site-packages/airflow/example_dags/example_dag_decorator.py
[2024-01-31T10:58:58.006+0100] {logging_mixin.py:188} INFO - [2024-01-31T10:58:58.006+0100] {dag.py:3033} INFO - Sync 1 DAGs
[2024-01-31T10:58:58.017+0100] {logging_mixin.py:188} INFO - [2024-01-31T10:58:58.017+0100] {dag.py:3820} INFO - Setting next_dagrun for example_dag_decorator to None, run_after=None
[2024-01-31T10:58:58.046+0100] {processor.py:183} INFO - Processing /home/ubuntu/.local/lib/python3.10/site-packages/airflow/example_dags/example_dag_decorator.py took 0.153 seconds
[2024-01-31T11:00:01.039+0100] {processor.py:161} INFO - Started process (PID=28874) to work on /home/ubuntu/.local/lib/python3.10/site-packages/airflow/example_dags/example_dag_decorator.py
[2024-01-31T11:00:01.041+0100] {processor.py:830} INFO - Processing file /home/ubuntu/.local/lib/python3.10/site-packages/airflow/example_dags/example_dag_decorator.py for tasks to queue
[2024-01-31T11:00:01.043+0100] {logging_mixin.py:188} INFO - [2024-01-31T11:00:01.042+0100] {dagbag.py:538} INFO - Filling up the DagBag from /home/ubuntu/.local/lib/python3.10/site-packages/airflow/example_dags/example_dag_decorator.py
[2024-01-31T11:00:01.132+0100] {processor.py:840} INFO - DAG(s) 'example_dag_decorator' retrieved from /home/ubuntu/.local/lib/python3.10/site-packages/airflow/example_dags/example_dag_decorator.py
[2024-01-31T11:00:01.224+0100] {logging_mixin.py:188} INFO - [2024-01-31T11:00:01.223+0100] {dag.py:3033} INFO - Sync 1 DAGs
[2024-01-31T11:00:01.234+0100] {logging_mixin.py:188} INFO - [2024-01-31T11:00:01.233+0100] {dag.py:3820} INFO - Setting next_dagrun for example_dag_decorator to None, run_after=None
[2024-01-31T11:00:01.376+0100] {processor.py:183} INFO - Processing /home/ubuntu/.local/lib/python3.10/site-packages/airflow/example_dags/example_dag_decorator.py took 0.340 seconds
[2024-01-31T11:01:03.889+0100] {processor.py:161} INFO - Started process (PID=28949) to work on /home/ubuntu/.local/lib/python3.10/site-packages/airflow/example_dags/example_dag_decorator.py
[2024-01-31T11:01:03.891+0100] {processor.py:830} INFO - Processing file /home/ubuntu/.local/lib/python3.10/site-packages/airflow/example_dags/example_dag_decorator.py for tasks to queue
[2024-01-31T11:01:03.892+0100] {logging_mixin.py:188} INFO - [2024-01-31T11:01:03.891+0100] {dagbag.py:538} INFO - Filling up the DagBag from /home/ubuntu/.local/lib/python3.10/site-packages/airflow/example_dags/example_dag_decorator.py
[2024-01-31T11:01:03.987+0100] {processor.py:840} INFO - DAG(s) 'example_dag_decorator' retrieved from /home/ubuntu/.local/lib/python3.10/site-packages/airflow/example_dags/example_dag_decorator.py
[2024-01-31T11:01:04.005+0100] {logging_mixin.py:188} INFO - [2024-01-31T11:01:04.005+0100] {dag.py:3033} INFO - Sync 1 DAGs
[2024-01-31T11:01:04.017+0100] {logging_mixin.py:188} INFO - [2024-01-31T11:01:04.017+0100] {dag.py:3820} INFO - Setting next_dagrun for example_dag_decorator to None, run_after=None
[2024-01-31T11:01:04.047+0100] {processor.py:183} INFO - Processing /home/ubuntu/.local/lib/python3.10/site-packages/airflow/example_dags/example_dag_decorator.py took 0.163 seconds
[2024-01-31T11:02:06.123+0100] {processor.py:161} INFO - Started process (PID=29019) to work on /home/ubuntu/.local/lib/python3.10/site-packages/airflow/example_dags/example_dag_decorator.py
[2024-01-31T11:02:06.133+0100] {processor.py:830} INFO - Processing file /home/ubuntu/.local/lib/python3.10/site-packages/airflow/example_dags/example_dag_decorator.py for tasks to queue
[2024-01-31T11:02:06.135+0100] {logging_mixin.py:188} INFO - [2024-01-31T11:02:06.135+0100] {dagbag.py:538} INFO - Filling up the DagBag from /home/ubuntu/.local/lib/python3.10/site-packages/airflow/example_dags/example_dag_decorator.py
[2024-01-31T11:02:06.215+0100] {processor.py:840} INFO - DAG(s) 'example_dag_decorator' retrieved from /home/ubuntu/.local/lib/python3.10/site-packages/airflow/example_dags/example_dag_decorator.py
[2024-01-31T11:02:06.233+0100] {logging_mixin.py:188} INFO - [2024-01-31T11:02:06.233+0100] {dag.py:3033} INFO - Sync 1 DAGs
[2024-01-31T11:02:06.244+0100] {logging_mixin.py:188} INFO - [2024-01-31T11:02:06.244+0100] {dag.py:3820} INFO - Setting next_dagrun for example_dag_decorator to None, run_after=None
[2024-01-31T11:02:06.303+0100] {processor.py:183} INFO - Processing /home/ubuntu/.local/lib/python3.10/site-packages/airflow/example_dags/example_dag_decorator.py took 0.183 seconds
[2024-01-31T11:03:06.489+0100] {processor.py:161} INFO - Started process (PID=29094) to work on /home/ubuntu/.local/lib/python3.10/site-packages/airflow/example_dags/example_dag_decorator.py
[2024-01-31T11:03:06.503+0100] {processor.py:830} INFO - Processing file /home/ubuntu/.local/lib/python3.10/site-packages/airflow/example_dags/example_dag_decorator.py for tasks to queue
[2024-01-31T11:03:06.504+0100] {logging_mixin.py:188} INFO - [2024-01-31T11:03:06.503+0100] {dagbag.py:538} INFO - Filling up the DagBag from /home/ubuntu/.local/lib/python3.10/site-packages/airflow/example_dags/example_dag_decorator.py
[2024-01-31T11:03:06.590+0100] {processor.py:840} INFO - DAG(s) 'example_dag_decorator' retrieved from /home/ubuntu/.local/lib/python3.10/site-packages/airflow/example_dags/example_dag_decorator.py
[2024-01-31T11:03:06.609+0100] {logging_mixin.py:188} INFO - [2024-01-31T11:03:06.609+0100] {dag.py:3033} INFO - Sync 1 DAGs
[2024-01-31T11:03:06.620+0100] {logging_mixin.py:188} INFO - [2024-01-31T11:03:06.620+0100] {dag.py:3820} INFO - Setting next_dagrun for example_dag_decorator to None, run_after=None
[2024-01-31T11:03:06.647+0100] {processor.py:183} INFO - Processing /home/ubuntu/.local/lib/python3.10/site-packages/airflow/example_dags/example_dag_decorator.py took 0.162 seconds
[2024-01-31T11:04:07.881+0100] {processor.py:161} INFO - Started process (PID=29171) to work on /home/ubuntu/.local/lib/python3.10/site-packages/airflow/example_dags/example_dag_decorator.py
[2024-01-31T11:04:07.884+0100] {processor.py:830} INFO - Processing file /home/ubuntu/.local/lib/python3.10/site-packages/airflow/example_dags/example_dag_decorator.py for tasks to queue
[2024-01-31T11:04:07.885+0100] {logging_mixin.py:188} INFO - [2024-01-31T11:04:07.885+0100] {dagbag.py:538} INFO - Filling up the DagBag from /home/ubuntu/.local/lib/python3.10/site-packages/airflow/example_dags/example_dag_decorator.py
[2024-01-31T11:04:07.972+0100] {processor.py:840} INFO - DAG(s) 'example_dag_decorator' retrieved from /home/ubuntu/.local/lib/python3.10/site-packages/airflow/example_dags/example_dag_decorator.py
[2024-01-31T11:04:07.992+0100] {logging_mixin.py:188} INFO - [2024-01-31T11:04:07.992+0100] {dag.py:3033} INFO - Sync 1 DAGs
[2024-01-31T11:04:08.002+0100] {logging_mixin.py:188} INFO - [2024-01-31T11:04:08.002+0100] {dag.py:3820} INFO - Setting next_dagrun for example_dag_decorator to None, run_after=None
[2024-01-31T11:04:08.032+0100] {processor.py:183} INFO - Processing /home/ubuntu/.local/lib/python3.10/site-packages/airflow/example_dags/example_dag_decorator.py took 0.154 seconds
[2024-01-31T11:05:10.930+0100] {processor.py:161} INFO - Started process (PID=29245) to work on /home/ubuntu/.local/lib/python3.10/site-packages/airflow/example_dags/example_dag_decorator.py
[2024-01-31T11:05:10.932+0100] {processor.py:830} INFO - Processing file /home/ubuntu/.local/lib/python3.10/site-packages/airflow/example_dags/example_dag_decorator.py for tasks to queue
[2024-01-31T11:05:10.933+0100] {logging_mixin.py:188} INFO - [2024-01-31T11:05:10.932+0100] {dagbag.py:538} INFO - Filling up the DagBag from /home/ubuntu/.local/lib/python3.10/site-packages/airflow/example_dags/example_dag_decorator.py
[2024-01-31T11:05:11.018+0100] {processor.py:840} INFO - DAG(s) 'example_dag_decorator' retrieved from /home/ubuntu/.local/lib/python3.10/site-packages/airflow/example_dags/example_dag_decorator.py
[2024-01-31T11:05:11.110+0100] {logging_mixin.py:188} INFO - [2024-01-31T11:05:11.110+0100] {dag.py:3033} INFO - Sync 1 DAGs
[2024-01-31T11:05:11.120+0100] {logging_mixin.py:188} INFO - [2024-01-31T11:05:11.120+0100] {dag.py:3820} INFO - Setting next_dagrun for example_dag_decorator to None, run_after=None
[2024-01-31T11:05:11.269+0100] {processor.py:183} INFO - Processing /home/ubuntu/.local/lib/python3.10/site-packages/airflow/example_dags/example_dag_decorator.py took 0.343 seconds
[2024-01-31T11:06:07.302+0100] {processor.py:161} INFO - Started process (PID=29315) to work on /home/ubuntu/.local/lib/python3.10/site-packages/airflow/example_dags/example_dag_decorator.py
[2024-01-31T11:06:07.305+0100] {processor.py:830} INFO - Processing file /home/ubuntu/.local/lib/python3.10/site-packages/airflow/example_dags/example_dag_decorator.py for tasks to queue
[2024-01-31T11:06:07.307+0100] {logging_mixin.py:188} INFO - [2024-01-31T11:06:07.306+0100] {dagbag.py:538} INFO - Filling up the DagBag from /home/ubuntu/.local/lib/python3.10/site-packages/airflow/example_dags/example_dag_decorator.py
[2024-01-31T11:06:07.392+0100] {processor.py:840} INFO - DAG(s) 'example_dag_decorator' retrieved from /home/ubuntu/.local/lib/python3.10/site-packages/airflow/example_dags/example_dag_decorator.py
[2024-01-31T11:06:07.485+0100] {logging_mixin.py:188} INFO - [2024-01-31T11:06:07.485+0100] {dag.py:3033} INFO - Sync 1 DAGs
[2024-01-31T11:06:07.493+0100] {logging_mixin.py:188} INFO - [2024-01-31T11:06:07.493+0100] {dag.py:3820} INFO - Setting next_dagrun for example_dag_decorator to None, run_after=None
[2024-01-31T11:06:07.522+0100] {processor.py:183} INFO - Processing /home/ubuntu/.local/lib/python3.10/site-packages/airflow/example_dags/example_dag_decorator.py took 0.223 seconds
[2024-01-31T11:07:08.418+0100] {processor.py:161} INFO - Started process (PID=29386) to work on /home/ubuntu/.local/lib/python3.10/site-packages/airflow/example_dags/example_dag_decorator.py
[2024-01-31T11:07:08.420+0100] {processor.py:830} INFO - Processing file /home/ubuntu/.local/lib/python3.10/site-packages/airflow/example_dags/example_dag_decorator.py for tasks to queue
[2024-01-31T11:07:08.421+0100] {logging_mixin.py:188} INFO - [2024-01-31T11:07:08.421+0100] {dagbag.py:538} INFO - Filling up the DagBag from /home/ubuntu/.local/lib/python3.10/site-packages/airflow/example_dags/example_dag_decorator.py
[2024-01-31T11:07:08.504+0100] {processor.py:840} INFO - DAG(s) 'example_dag_decorator' retrieved from /home/ubuntu/.local/lib/python3.10/site-packages/airflow/example_dags/example_dag_decorator.py
[2024-01-31T11:07:08.717+0100] {logging_mixin.py:188} INFO - [2024-01-31T11:07:08.717+0100] {dag.py:3033} INFO - Sync 1 DAGs
[2024-01-31T11:07:08.726+0100] {logging_mixin.py:188} INFO - [2024-01-31T11:07:08.725+0100] {dag.py:3820} INFO - Setting next_dagrun for example_dag_decorator to None, run_after=None
[2024-01-31T11:07:08.753+0100] {processor.py:183} INFO - Processing /home/ubuntu/.local/lib/python3.10/site-packages/airflow/example_dags/example_dag_decorator.py took 0.339 seconds
[2024-01-31T11:08:09.548+0100] {processor.py:161} INFO - Started process (PID=29460) to work on /home/ubuntu/.local/lib/python3.10/site-packages/airflow/example_dags/example_dag_decorator.py
[2024-01-31T11:08:09.550+0100] {processor.py:830} INFO - Processing file /home/ubuntu/.local/lib/python3.10/site-packages/airflow/example_dags/example_dag_decorator.py for tasks to queue
[2024-01-31T11:08:09.551+0100] {logging_mixin.py:188} INFO - [2024-01-31T11:08:09.551+0100] {dagbag.py:538} INFO - Filling up the DagBag from /home/ubuntu/.local/lib/python3.10/site-packages/airflow/example_dags/example_dag_decorator.py
[2024-01-31T11:08:09.640+0100] {processor.py:840} INFO - DAG(s) 'example_dag_decorator' retrieved from /home/ubuntu/.local/lib/python3.10/site-packages/airflow/example_dags/example_dag_decorator.py
[2024-01-31T11:08:09.737+0100] {logging_mixin.py:188} INFO - [2024-01-31T11:08:09.736+0100] {dag.py:3033} INFO - Sync 1 DAGs
[2024-01-31T11:08:09.868+0100] {logging_mixin.py:188} INFO - [2024-01-31T11:08:09.868+0100] {dag.py:3820} INFO - Setting next_dagrun for example_dag_decorator to None, run_after=None
[2024-01-31T11:08:09.897+0100] {processor.py:183} INFO - Processing /home/ubuntu/.local/lib/python3.10/site-packages/airflow/example_dags/example_dag_decorator.py took 0.353 seconds
[2024-01-31T11:09:14.357+0100] {processor.py:161} INFO - Started process (PID=29530) to work on /home/ubuntu/.local/lib/python3.10/site-packages/airflow/example_dags/example_dag_decorator.py
[2024-01-31T11:09:14.359+0100] {processor.py:830} INFO - Processing file /home/ubuntu/.local/lib/python3.10/site-packages/airflow/example_dags/example_dag_decorator.py for tasks to queue
[2024-01-31T11:09:14.361+0100] {logging_mixin.py:188} INFO - [2024-01-31T11:09:14.360+0100] {dagbag.py:538} INFO - Filling up the DagBag from /home/ubuntu/.local/lib/python3.10/site-packages/airflow/example_dags/example_dag_decorator.py
[2024-01-31T11:09:14.464+0100] {processor.py:840} INFO - DAG(s) 'example_dag_decorator' retrieved from /home/ubuntu/.local/lib/python3.10/site-packages/airflow/example_dags/example_dag_decorator.py
[2024-01-31T11:09:14.484+0100] {logging_mixin.py:188} INFO - [2024-01-31T11:09:14.484+0100] {dag.py:3033} INFO - Sync 1 DAGs
[2024-01-31T11:09:14.496+0100] {logging_mixin.py:188} INFO - [2024-01-31T11:09:14.495+0100] {dag.py:3820} INFO - Setting next_dagrun for example_dag_decorator to None, run_after=None
[2024-01-31T11:09:14.647+0100] {processor.py:183} INFO - Processing /home/ubuntu/.local/lib/python3.10/site-packages/airflow/example_dags/example_dag_decorator.py took 0.295 seconds
[2024-01-31T11:09:59.846+0100] {processor.py:161} INFO - Started process (PID=29579) to work on /home/ubuntu/.local/lib/python3.10/site-packages/airflow/example_dags/example_dag_decorator.py
[2024-01-31T11:09:59.849+0100] {processor.py:830} INFO - Processing file /home/ubuntu/.local/lib/python3.10/site-packages/airflow/example_dags/example_dag_decorator.py for tasks to queue
[2024-01-31T11:09:59.849+0100] {logging_mixin.py:188} INFO - [2024-01-31T11:09:59.849+0100] {dagbag.py:538} INFO - Filling up the DagBag from /home/ubuntu/.local/lib/python3.10/site-packages/airflow/example_dags/example_dag_decorator.py
[2024-01-31T11:09:59.935+0100] {processor.py:840} INFO - DAG(s) 'example_dag_decorator' retrieved from /home/ubuntu/.local/lib/python3.10/site-packages/airflow/example_dags/example_dag_decorator.py
[2024-01-31T11:10:00.138+0100] {logging_mixin.py:188} INFO - [2024-01-31T11:10:00.138+0100] {dag.py:3033} INFO - Sync 1 DAGs
[2024-01-31T11:10:00.145+0100] {logging_mixin.py:188} INFO - [2024-01-31T11:10:00.145+0100] {dag.py:3820} INFO - Setting next_dagrun for example_dag_decorator to None, run_after=None
[2024-01-31T11:10:00.171+0100] {processor.py:183} INFO - Processing /home/ubuntu/.local/lib/python3.10/site-packages/airflow/example_dags/example_dag_decorator.py took 0.329 seconds
[2024-01-31T11:10:59.975+0100] {processor.py:161} INFO - Started process (PID=29654) to work on /home/ubuntu/.local/lib/python3.10/site-packages/airflow/example_dags/example_dag_decorator.py
[2024-01-31T11:10:59.977+0100] {processor.py:830} INFO - Processing file /home/ubuntu/.local/lib/python3.10/site-packages/airflow/example_dags/example_dag_decorator.py for tasks to queue
[2024-01-31T11:10:59.978+0100] {logging_mixin.py:188} INFO - [2024-01-31T11:10:59.977+0100] {dagbag.py:538} INFO - Filling up the DagBag from /home/ubuntu/.local/lib/python3.10/site-packages/airflow/example_dags/example_dag_decorator.py
[2024-01-31T11:11:00.067+0100] {processor.py:840} INFO - DAG(s) 'example_dag_decorator' retrieved from /home/ubuntu/.local/lib/python3.10/site-packages/airflow/example_dags/example_dag_decorator.py
[2024-01-31T11:11:00.269+0100] {logging_mixin.py:188} INFO - [2024-01-31T11:11:00.269+0100] {dag.py:3033} INFO - Sync 1 DAGs
[2024-01-31T11:11:00.279+0100] {logging_mixin.py:188} INFO - [2024-01-31T11:11:00.278+0100] {dag.py:3820} INFO - Setting next_dagrun for example_dag_decorator to None, run_after=None
[2024-01-31T11:11:00.307+0100] {processor.py:183} INFO - Processing /home/ubuntu/.local/lib/python3.10/site-packages/airflow/example_dags/example_dag_decorator.py took 0.335 seconds
[2024-01-31T11:12:02.667+0100] {processor.py:161} INFO - Started process (PID=29723) to work on /home/ubuntu/.local/lib/python3.10/site-packages/airflow/example_dags/example_dag_decorator.py
[2024-01-31T11:12:02.669+0100] {processor.py:830} INFO - Processing file /home/ubuntu/.local/lib/python3.10/site-packages/airflow/example_dags/example_dag_decorator.py for tasks to queue
[2024-01-31T11:12:02.670+0100] {logging_mixin.py:188} INFO - [2024-01-31T11:12:02.669+0100] {dagbag.py:538} INFO - Filling up the DagBag from /home/ubuntu/.local/lib/python3.10/site-packages/airflow/example_dags/example_dag_decorator.py
[2024-01-31T11:12:02.763+0100] {processor.py:840} INFO - DAG(s) 'example_dag_decorator' retrieved from /home/ubuntu/.local/lib/python3.10/site-packages/airflow/example_dags/example_dag_decorator.py
[2024-01-31T11:12:02.964+0100] {logging_mixin.py:188} INFO - [2024-01-31T11:12:02.964+0100] {dag.py:3033} INFO - Sync 1 DAGs
[2024-01-31T11:12:02.972+0100] {logging_mixin.py:188} INFO - [2024-01-31T11:12:02.972+0100] {dag.py:3820} INFO - Setting next_dagrun for example_dag_decorator to None, run_after=None
[2024-01-31T11:12:02.998+0100] {processor.py:183} INFO - Processing /home/ubuntu/.local/lib/python3.10/site-packages/airflow/example_dags/example_dag_decorator.py took 0.336 seconds
[2024-01-31T11:12:49.442+0100] {processor.py:161} INFO - Started process (PID=29774) to work on /home/ubuntu/.local/lib/python3.10/site-packages/airflow/example_dags/example_dag_decorator.py
[2024-01-31T11:12:49.444+0100] {processor.py:830} INFO - Processing file /home/ubuntu/.local/lib/python3.10/site-packages/airflow/example_dags/example_dag_decorator.py for tasks to queue
[2024-01-31T11:12:49.445+0100] {logging_mixin.py:188} INFO - [2024-01-31T11:12:49.445+0100] {dagbag.py:538} INFO - Filling up the DagBag from /home/ubuntu/.local/lib/python3.10/site-packages/airflow/example_dags/example_dag_decorator.py
[2024-01-31T11:12:49.538+0100] {processor.py:840} INFO - DAG(s) 'example_dag_decorator' retrieved from /home/ubuntu/.local/lib/python3.10/site-packages/airflow/example_dags/example_dag_decorator.py
[2024-01-31T11:12:49.813+0100] {logging_mixin.py:188} INFO - [2024-01-31T11:12:49.813+0100] {dag.py:3033} INFO - Sync 1 DAGs
[2024-01-31T11:12:49.822+0100] {logging_mixin.py:188} INFO - [2024-01-31T11:12:49.822+0100] {dag.py:3820} INFO - Setting next_dagrun for example_dag_decorator to None, run_after=None
[2024-01-31T11:12:49.862+0100] {processor.py:183} INFO - Processing /home/ubuntu/.local/lib/python3.10/site-packages/airflow/example_dags/example_dag_decorator.py took 0.424 seconds
[2024-01-31T11:13:36.584+0100] {processor.py:161} INFO - Started process (PID=29827) to work on /home/ubuntu/.local/lib/python3.10/site-packages/airflow/example_dags/example_dag_decorator.py
[2024-01-31T11:13:36.587+0100] {processor.py:830} INFO - Processing file /home/ubuntu/.local/lib/python3.10/site-packages/airflow/example_dags/example_dag_decorator.py for tasks to queue
[2024-01-31T11:13:36.588+0100] {logging_mixin.py:188} INFO - [2024-01-31T11:13:36.587+0100] {dagbag.py:538} INFO - Filling up the DagBag from /home/ubuntu/.local/lib/python3.10/site-packages/airflow/example_dags/example_dag_decorator.py
[2024-01-31T11:13:36.668+0100] {processor.py:840} INFO - DAG(s) 'example_dag_decorator' retrieved from /home/ubuntu/.local/lib/python3.10/site-packages/airflow/example_dags/example_dag_decorator.py
[2024-01-31T11:13:36.689+0100] {logging_mixin.py:188} INFO - [2024-01-31T11:13:36.688+0100] {dag.py:3033} INFO - Sync 1 DAGs
[2024-01-31T11:13:36.702+0100] {logging_mixin.py:188} INFO - [2024-01-31T11:13:36.700+0100] {dag.py:3820} INFO - Setting next_dagrun for example_dag_decorator to None, run_after=None
[2024-01-31T11:13:36.857+0100] {processor.py:183} INFO - Processing /home/ubuntu/.local/lib/python3.10/site-packages/airflow/example_dags/example_dag_decorator.py took 0.277 seconds
[2024-01-31T11:14:45.188+0100] {processor.py:161} INFO - Started process (PID=30511) to work on /home/ubuntu/.local/lib/python3.10/site-packages/airflow/example_dags/example_dag_decorator.py
[2024-01-31T11:14:45.197+0100] {processor.py:830} INFO - Processing file /home/ubuntu/.local/lib/python3.10/site-packages/airflow/example_dags/example_dag_decorator.py for tasks to queue
[2024-01-31T11:14:45.204+0100] {logging_mixin.py:188} INFO - [2024-01-31T11:14:45.198+0100] {dagbag.py:538} INFO - Filling up the DagBag from /home/ubuntu/.local/lib/python3.10/site-packages/airflow/example_dags/example_dag_decorator.py
[2024-01-31T11:14:45.953+0100] {processor.py:840} INFO - DAG(s) 'example_dag_decorator' retrieved from /home/ubuntu/.local/lib/python3.10/site-packages/airflow/example_dags/example_dag_decorator.py
[2024-01-31T11:14:47.886+0100] {logging_mixin.py:188} INFO - [2024-01-31T11:14:47.885+0100] {dag.py:3033} INFO - Sync 1 DAGs
[2024-01-31T11:14:47.908+0100] {logging_mixin.py:188} INFO - [2024-01-31T11:14:47.907+0100] {dag.py:3820} INFO - Setting next_dagrun for example_dag_decorator to None, run_after=None
[2024-01-31T11:14:47.981+0100] {processor.py:183} INFO - Processing /home/ubuntu/.local/lib/python3.10/site-packages/airflow/example_dags/example_dag_decorator.py took 2.812 seconds
[2024-01-31T11:16:05.674+0100] {processor.py:161} INFO - Started process (PID=30587) to work on /home/ubuntu/.local/lib/python3.10/site-packages/airflow/example_dags/example_dag_decorator.py
[2024-01-31T11:16:05.677+0100] {processor.py:830} INFO - Processing file /home/ubuntu/.local/lib/python3.10/site-packages/airflow/example_dags/example_dag_decorator.py for tasks to queue
[2024-01-31T11:16:05.679+0100] {logging_mixin.py:188} INFO - [2024-01-31T11:16:05.678+0100] {dagbag.py:538} INFO - Filling up the DagBag from /home/ubuntu/.local/lib/python3.10/site-packages/airflow/example_dags/example_dag_decorator.py
[2024-01-31T11:16:05.888+0100] {processor.py:840} INFO - DAG(s) 'example_dag_decorator' retrieved from /home/ubuntu/.local/lib/python3.10/site-packages/airflow/example_dags/example_dag_decorator.py
[2024-01-31T11:16:05.902+0100] {logging_mixin.py:188} INFO - [2024-01-31T11:16:05.902+0100] {dag.py:3033} INFO - Sync 1 DAGs
[2024-01-31T11:16:05.912+0100] {logging_mixin.py:188} INFO - [2024-01-31T11:16:05.912+0100] {dag.py:3820} INFO - Setting next_dagrun for example_dag_decorator to None, run_after=None
[2024-01-31T11:16:05.943+0100] {processor.py:183} INFO - Processing /home/ubuntu/.local/lib/python3.10/site-packages/airflow/example_dags/example_dag_decorator.py took 0.272 seconds
[2024-01-31T11:17:06.938+0100] {processor.py:161} INFO - Started process (PID=30661) to work on /home/ubuntu/.local/lib/python3.10/site-packages/airflow/example_dags/example_dag_decorator.py
[2024-01-31T11:17:06.943+0100] {processor.py:830} INFO - Processing file /home/ubuntu/.local/lib/python3.10/site-packages/airflow/example_dags/example_dag_decorator.py for tasks to queue
[2024-01-31T11:17:06.950+0100] {logging_mixin.py:188} INFO - [2024-01-31T11:17:06.948+0100] {dagbag.py:538} INFO - Filling up the DagBag from /home/ubuntu/.local/lib/python3.10/site-packages/airflow/example_dags/example_dag_decorator.py
[2024-01-31T11:17:07.127+0100] {processor.py:840} INFO - DAG(s) 'example_dag_decorator' retrieved from /home/ubuntu/.local/lib/python3.10/site-packages/airflow/example_dags/example_dag_decorator.py
[2024-01-31T11:17:07.401+0100] {logging_mixin.py:188} INFO - [2024-01-31T11:17:07.401+0100] {dag.py:3033} INFO - Sync 1 DAGs
[2024-01-31T11:17:07.411+0100] {logging_mixin.py:188} INFO - [2024-01-31T11:17:07.411+0100] {dag.py:3820} INFO - Setting next_dagrun for example_dag_decorator to None, run_after=None
[2024-01-31T11:17:07.451+0100] {processor.py:183} INFO - Processing /home/ubuntu/.local/lib/python3.10/site-packages/airflow/example_dags/example_dag_decorator.py took 0.518 seconds
[2024-01-31T11:18:09.166+0100] {processor.py:161} INFO - Started process (PID=30718) to work on /home/ubuntu/.local/lib/python3.10/site-packages/airflow/example_dags/example_dag_decorator.py
[2024-01-31T11:18:09.168+0100] {processor.py:830} INFO - Processing file /home/ubuntu/.local/lib/python3.10/site-packages/airflow/example_dags/example_dag_decorator.py for tasks to queue
[2024-01-31T11:18:09.170+0100] {logging_mixin.py:188} INFO - [2024-01-31T11:18:09.169+0100] {dagbag.py:538} INFO - Filling up the DagBag from /home/ubuntu/.local/lib/python3.10/site-packages/airflow/example_dags/example_dag_decorator.py
[2024-01-31T11:18:09.290+0100] {processor.py:840} INFO - DAG(s) 'example_dag_decorator' retrieved from /home/ubuntu/.local/lib/python3.10/site-packages/airflow/example_dags/example_dag_decorator.py
[2024-01-31T11:18:09.543+0100] {logging_mixin.py:188} INFO - [2024-01-31T11:18:09.543+0100] {dag.py:3033} INFO - Sync 1 DAGs
[2024-01-31T11:18:09.556+0100] {logging_mixin.py:188} INFO - [2024-01-31T11:18:09.555+0100] {dag.py:3820} INFO - Setting next_dagrun for example_dag_decorator to None, run_after=None
[2024-01-31T11:18:09.591+0100] {processor.py:183} INFO - Processing /home/ubuntu/.local/lib/python3.10/site-packages/airflow/example_dags/example_dag_decorator.py took 0.429 seconds
[2024-01-31T11:19:02.830+0100] {processor.py:161} INFO - Started process (PID=30775) to work on /home/ubuntu/.local/lib/python3.10/site-packages/airflow/example_dags/example_dag_decorator.py
[2024-01-31T11:19:02.832+0100] {processor.py:830} INFO - Processing file /home/ubuntu/.local/lib/python3.10/site-packages/airflow/example_dags/example_dag_decorator.py for tasks to queue
[2024-01-31T11:19:02.835+0100] {logging_mixin.py:188} INFO - [2024-01-31T11:19:02.834+0100] {dagbag.py:538} INFO - Filling up the DagBag from /home/ubuntu/.local/lib/python3.10/site-packages/airflow/example_dags/example_dag_decorator.py
[2024-01-31T11:19:03.136+0100] {processor.py:840} INFO - DAG(s) 'example_dag_decorator' retrieved from /home/ubuntu/.local/lib/python3.10/site-packages/airflow/example_dags/example_dag_decorator.py
[2024-01-31T11:19:03.222+0100] {logging_mixin.py:188} INFO - [2024-01-31T11:19:03.221+0100] {dag.py:3033} INFO - Sync 1 DAGs
[2024-01-31T11:19:03.231+0100] {logging_mixin.py:188} INFO - [2024-01-31T11:19:03.230+0100] {dag.py:3820} INFO - Setting next_dagrun for example_dag_decorator to None, run_after=None
[2024-01-31T11:19:03.259+0100] {processor.py:183} INFO - Processing /home/ubuntu/.local/lib/python3.10/site-packages/airflow/example_dags/example_dag_decorator.py took 0.433 seconds
[2024-01-31T11:19:50.839+0100] {processor.py:161} INFO - Started process (PID=30828) to work on /home/ubuntu/.local/lib/python3.10/site-packages/airflow/example_dags/example_dag_decorator.py
[2024-01-31T11:19:50.841+0100] {processor.py:830} INFO - Processing file /home/ubuntu/.local/lib/python3.10/site-packages/airflow/example_dags/example_dag_decorator.py for tasks to queue
[2024-01-31T11:19:50.842+0100] {logging_mixin.py:188} INFO - [2024-01-31T11:19:50.842+0100] {dagbag.py:538} INFO - Filling up the DagBag from /home/ubuntu/.local/lib/python3.10/site-packages/airflow/example_dags/example_dag_decorator.py
[2024-01-31T11:19:50.958+0100] {processor.py:840} INFO - DAG(s) 'example_dag_decorator' retrieved from /home/ubuntu/.local/lib/python3.10/site-packages/airflow/example_dags/example_dag_decorator.py
[2024-01-31T11:19:51.247+0100] {logging_mixin.py:188} INFO - [2024-01-31T11:19:51.246+0100] {dag.py:3033} INFO - Sync 1 DAGs
[2024-01-31T11:19:51.258+0100] {logging_mixin.py:188} INFO - [2024-01-31T11:19:51.257+0100] {dag.py:3820} INFO - Setting next_dagrun for example_dag_decorator to None, run_after=None
[2024-01-31T11:19:51.304+0100] {processor.py:183} INFO - Processing /home/ubuntu/.local/lib/python3.10/site-packages/airflow/example_dags/example_dag_decorator.py took 0.470 seconds
[2024-01-31T11:20:37.623+0100] {processor.py:161} INFO - Started process (PID=30883) to work on /home/ubuntu/.local/lib/python3.10/site-packages/airflow/example_dags/example_dag_decorator.py
[2024-01-31T11:20:37.625+0100] {processor.py:830} INFO - Processing file /home/ubuntu/.local/lib/python3.10/site-packages/airflow/example_dags/example_dag_decorator.py for tasks to queue
[2024-01-31T11:20:37.627+0100] {logging_mixin.py:188} INFO - [2024-01-31T11:20:37.626+0100] {dagbag.py:538} INFO - Filling up the DagBag from /home/ubuntu/.local/lib/python3.10/site-packages/airflow/example_dags/example_dag_decorator.py
[2024-01-31T11:20:37.703+0100] {processor.py:840} INFO - DAG(s) 'example_dag_decorator' retrieved from /home/ubuntu/.local/lib/python3.10/site-packages/airflow/example_dags/example_dag_decorator.py
[2024-01-31T11:20:37.726+0100] {logging_mixin.py:188} INFO - [2024-01-31T11:20:37.725+0100] {dag.py:3033} INFO - Sync 1 DAGs
[2024-01-31T11:20:37.740+0100] {logging_mixin.py:188} INFO - [2024-01-31T11:20:37.739+0100] {dag.py:3820} INFO - Setting next_dagrun for example_dag_decorator to None, run_after=None
[2024-01-31T11:20:37.772+0100] {processor.py:183} INFO - Processing /home/ubuntu/.local/lib/python3.10/site-packages/airflow/example_dags/example_dag_decorator.py took 0.152 seconds
[2024-01-31T11:21:22.689+0100] {processor.py:161} INFO - Started process (PID=30934) to work on /home/ubuntu/.local/lib/python3.10/site-packages/airflow/example_dags/example_dag_decorator.py
[2024-01-31T11:21:22.691+0100] {processor.py:830} INFO - Processing file /home/ubuntu/.local/lib/python3.10/site-packages/airflow/example_dags/example_dag_decorator.py for tasks to queue
[2024-01-31T11:21:22.692+0100] {logging_mixin.py:188} INFO - [2024-01-31T11:21:22.692+0100] {dagbag.py:538} INFO - Filling up the DagBag from /home/ubuntu/.local/lib/python3.10/site-packages/airflow/example_dags/example_dag_decorator.py
[2024-01-31T11:21:22.927+0100] {processor.py:840} INFO - DAG(s) 'example_dag_decorator' retrieved from /home/ubuntu/.local/lib/python3.10/site-packages/airflow/example_dags/example_dag_decorator.py
[2024-01-31T11:21:23.006+0100] {logging_mixin.py:188} INFO - [2024-01-31T11:21:23.005+0100] {dag.py:3033} INFO - Sync 1 DAGs
[2024-01-31T11:21:23.013+0100] {logging_mixin.py:188} INFO - [2024-01-31T11:21:23.013+0100] {dag.py:3820} INFO - Setting next_dagrun for example_dag_decorator to None, run_after=None
[2024-01-31T11:21:23.040+0100] {processor.py:183} INFO - Processing /home/ubuntu/.local/lib/python3.10/site-packages/airflow/example_dags/example_dag_decorator.py took 0.355 seconds
[2024-01-31T11:22:24.739+0100] {processor.py:161} INFO - Started process (PID=31004) to work on /home/ubuntu/.local/lib/python3.10/site-packages/airflow/example_dags/example_dag_decorator.py
[2024-01-31T11:22:24.741+0100] {processor.py:830} INFO - Processing file /home/ubuntu/.local/lib/python3.10/site-packages/airflow/example_dags/example_dag_decorator.py for tasks to queue
[2024-01-31T11:22:24.742+0100] {logging_mixin.py:188} INFO - [2024-01-31T11:22:24.741+0100] {dagbag.py:538} INFO - Filling up the DagBag from /home/ubuntu/.local/lib/python3.10/site-packages/airflow/example_dags/example_dag_decorator.py
[2024-01-31T11:22:24.837+0100] {processor.py:840} INFO - DAG(s) 'example_dag_decorator' retrieved from /home/ubuntu/.local/lib/python3.10/site-packages/airflow/example_dags/example_dag_decorator.py
[2024-01-31T11:22:25.036+0100] {logging_mixin.py:188} INFO - [2024-01-31T11:22:25.036+0100] {dag.py:3033} INFO - Sync 1 DAGs
[2024-01-31T11:22:25.042+0100] {logging_mixin.py:188} INFO - [2024-01-31T11:22:25.042+0100] {dag.py:3820} INFO - Setting next_dagrun for example_dag_decorator to None, run_after=None
[2024-01-31T11:22:25.082+0100] {processor.py:183} INFO - Processing /home/ubuntu/.local/lib/python3.10/site-packages/airflow/example_dags/example_dag_decorator.py took 0.347 seconds
[2024-01-31T11:23:30.322+0100] {processor.py:161} INFO - Started process (PID=31080) to work on /home/ubuntu/.local/lib/python3.10/site-packages/airflow/example_dags/example_dag_decorator.py
[2024-01-31T11:23:30.323+0100] {processor.py:830} INFO - Processing file /home/ubuntu/.local/lib/python3.10/site-packages/airflow/example_dags/example_dag_decorator.py for tasks to queue
[2024-01-31T11:23:30.324+0100] {logging_mixin.py:188} INFO - [2024-01-31T11:23:30.324+0100] {dagbag.py:538} INFO - Filling up the DagBag from /home/ubuntu/.local/lib/python3.10/site-packages/airflow/example_dags/example_dag_decorator.py
[2024-01-31T11:23:30.424+0100] {processor.py:840} INFO - DAG(s) 'example_dag_decorator' retrieved from /home/ubuntu/.local/lib/python3.10/site-packages/airflow/example_dags/example_dag_decorator.py
[2024-01-31T11:23:30.701+0100] {logging_mixin.py:188} INFO - [2024-01-31T11:23:30.701+0100] {dag.py:3033} INFO - Sync 1 DAGs
[2024-01-31T11:23:30.712+0100] {logging_mixin.py:188} INFO - [2024-01-31T11:23:30.712+0100] {dag.py:3820} INFO - Setting next_dagrun for example_dag_decorator to None, run_after=None
[2024-01-31T11:23:30.747+0100] {processor.py:183} INFO - Processing /home/ubuntu/.local/lib/python3.10/site-packages/airflow/example_dags/example_dag_decorator.py took 0.429 seconds
[2024-01-31T11:24:33.308+0100] {processor.py:161} INFO - Started process (PID=31156) to work on /home/ubuntu/.local/lib/python3.10/site-packages/airflow/example_dags/example_dag_decorator.py
[2024-01-31T11:24:33.310+0100] {processor.py:830} INFO - Processing file /home/ubuntu/.local/lib/python3.10/site-packages/airflow/example_dags/example_dag_decorator.py for tasks to queue
[2024-01-31T11:24:33.311+0100] {logging_mixin.py:188} INFO - [2024-01-31T11:24:33.311+0100] {dagbag.py:538} INFO - Filling up the DagBag from /home/ubuntu/.local/lib/python3.10/site-packages/airflow/example_dags/example_dag_decorator.py
[2024-01-31T11:24:33.516+0100] {processor.py:840} INFO - DAG(s) 'example_dag_decorator' retrieved from /home/ubuntu/.local/lib/python3.10/site-packages/airflow/example_dags/example_dag_decorator.py
[2024-01-31T11:24:33.601+0100] {logging_mixin.py:188} INFO - [2024-01-31T11:24:33.601+0100] {dag.py:3033} INFO - Sync 1 DAGs
[2024-01-31T11:24:33.609+0100] {logging_mixin.py:188} INFO - [2024-01-31T11:24:33.609+0100] {dag.py:3820} INFO - Setting next_dagrun for example_dag_decorator to None, run_after=None
[2024-01-31T11:24:33.637+0100] {processor.py:183} INFO - Processing /home/ubuntu/.local/lib/python3.10/site-packages/airflow/example_dags/example_dag_decorator.py took 0.333 seconds
[2024-01-31T11:25:22.850+0100] {processor.py:161} INFO - Started process (PID=31208) to work on /home/ubuntu/.local/lib/python3.10/site-packages/airflow/example_dags/example_dag_decorator.py
[2024-01-31T11:25:22.852+0100] {processor.py:830} INFO - Processing file /home/ubuntu/.local/lib/python3.10/site-packages/airflow/example_dags/example_dag_decorator.py for tasks to queue
[2024-01-31T11:25:22.853+0100] {logging_mixin.py:188} INFO - [2024-01-31T11:25:22.853+0100] {dagbag.py:538} INFO - Filling up the DagBag from /home/ubuntu/.local/lib/python3.10/site-packages/airflow/example_dags/example_dag_decorator.py
[2024-01-31T11:25:22.960+0100] {processor.py:840} INFO - DAG(s) 'example_dag_decorator' retrieved from /home/ubuntu/.local/lib/python3.10/site-packages/airflow/example_dags/example_dag_decorator.py
[2024-01-31T11:25:23.273+0100] {logging_mixin.py:188} INFO - [2024-01-31T11:25:23.273+0100] {dag.py:3033} INFO - Sync 1 DAGs
[2024-01-31T11:25:23.291+0100] {logging_mixin.py:188} INFO - [2024-01-31T11:25:23.291+0100] {dag.py:3820} INFO - Setting next_dagrun for example_dag_decorator to None, run_after=None
[2024-01-31T11:25:23.325+0100] {processor.py:183} INFO - Processing /home/ubuntu/.local/lib/python3.10/site-packages/airflow/example_dags/example_dag_decorator.py took 0.480 seconds
[2024-01-31T11:26:35.179+0100] {processor.py:161} INFO - Started process (PID=31269) to work on /home/ubuntu/.local/lib/python3.10/site-packages/airflow/example_dags/example_dag_decorator.py
[2024-01-31T11:26:35.180+0100] {processor.py:830} INFO - Processing file /home/ubuntu/.local/lib/python3.10/site-packages/airflow/example_dags/example_dag_decorator.py for tasks to queue
[2024-01-31T11:26:35.181+0100] {logging_mixin.py:188} INFO - [2024-01-31T11:26:35.181+0100] {dagbag.py:538} INFO - Filling up the DagBag from /home/ubuntu/.local/lib/python3.10/site-packages/airflow/example_dags/example_dag_decorator.py
[2024-01-31T11:26:35.408+0100] {processor.py:840} INFO - DAG(s) 'example_dag_decorator' retrieved from /home/ubuntu/.local/lib/python3.10/site-packages/airflow/example_dags/example_dag_decorator.py
[2024-01-31T11:26:35.572+0100] {logging_mixin.py:188} INFO - [2024-01-31T11:26:35.572+0100] {dag.py:3033} INFO - Sync 1 DAGs
[2024-01-31T11:26:35.589+0100] {logging_mixin.py:188} INFO - [2024-01-31T11:26:35.588+0100] {dag.py:3820} INFO - Setting next_dagrun for example_dag_decorator to None, run_after=None
[2024-01-31T11:26:35.629+0100] {processor.py:183} INFO - Processing /home/ubuntu/.local/lib/python3.10/site-packages/airflow/example_dags/example_dag_decorator.py took 0.456 seconds
