[2024-01-31T01:01:54.206+0100] {processor.py:161} INFO - Started process (PID=26547) to work on /home/ubuntu/.local/lib/python3.10/site-packages/airflow/example_dags/example_branch_operator_decorator.py
[2024-01-31T01:01:54.208+0100] {processor.py:830} INFO - Processing file /home/ubuntu/.local/lib/python3.10/site-packages/airflow/example_dags/example_branch_operator_decorator.py for tasks to queue
[2024-01-31T01:01:54.210+0100] {logging_mixin.py:188} INFO - [2024-01-31T01:01:54.209+0100] {dagbag.py:538} INFO - Filling up the DagBag from /home/ubuntu/.local/lib/python3.10/site-packages/airflow/example_dags/example_branch_operator_decorator.py
[2024-01-31T01:01:54.239+0100] {processor.py:840} INFO - DAG(s) 'example_branch_python_operator_decorator' retrieved from /home/ubuntu/.local/lib/python3.10/site-packages/airflow/example_dags/example_branch_operator_decorator.py
[2024-01-31T01:01:54.266+0100] {logging_mixin.py:188} INFO - [2024-01-31T01:01:54.266+0100] {dag.py:3033} INFO - Sync 1 DAGs
[2024-01-31T01:01:54.289+0100] {logging_mixin.py:188} INFO - [2024-01-31T01:01:54.289+0100] {dag.py:3820} INFO - Setting next_dagrun for example_branch_python_operator_decorator to 2024-01-30T00:00:00+00:00, run_after=2024-01-31T00:00:00+00:00
[2024-01-31T01:01:54.321+0100] {processor.py:183} INFO - Processing /home/ubuntu/.local/lib/python3.10/site-packages/airflow/example_dags/example_branch_operator_decorator.py took 0.120 seconds
[2024-01-31T10:29:44.057+0100] {processor.py:161} INFO - Started process (PID=26708) to work on /home/ubuntu/.local/lib/python3.10/site-packages/airflow/example_dags/example_branch_operator_decorator.py
[2024-01-31T10:29:44.058+0100] {processor.py:830} INFO - Processing file /home/ubuntu/.local/lib/python3.10/site-packages/airflow/example_dags/example_branch_operator_decorator.py for tasks to queue
[2024-01-31T10:29:44.059+0100] {logging_mixin.py:188} INFO - [2024-01-31T10:29:44.059+0100] {dagbag.py:538} INFO - Filling up the DagBag from /home/ubuntu/.local/lib/python3.10/site-packages/airflow/example_dags/example_branch_operator_decorator.py
[2024-01-31T10:29:44.080+0100] {processor.py:840} INFO - DAG(s) 'example_branch_python_operator_decorator' retrieved from /home/ubuntu/.local/lib/python3.10/site-packages/airflow/example_dags/example_branch_operator_decorator.py
[2024-01-31T10:29:44.105+0100] {logging_mixin.py:188} INFO - [2024-01-31T10:29:44.105+0100] {dag.py:3033} INFO - Sync 1 DAGs
[2024-01-31T10:29:44.129+0100] {logging_mixin.py:188} INFO - [2024-01-31T10:29:44.129+0100] {dag.py:3820} INFO - Setting next_dagrun for example_branch_python_operator_decorator to 2024-01-30T00:00:00+00:00, run_after=2024-01-31T00:00:00+00:00
[2024-01-31T10:29:44.163+0100] {processor.py:183} INFO - Processing /home/ubuntu/.local/lib/python3.10/site-packages/airflow/example_dags/example_branch_operator_decorator.py took 0.110 seconds
[2024-01-31T10:30:32.414+0100] {processor.py:161} INFO - Started process (PID=26767) to work on /home/ubuntu/.local/lib/python3.10/site-packages/airflow/example_dags/example_branch_operator_decorator.py
[2024-01-31T10:30:32.416+0100] {processor.py:830} INFO - Processing file /home/ubuntu/.local/lib/python3.10/site-packages/airflow/example_dags/example_branch_operator_decorator.py for tasks to queue
[2024-01-31T10:30:32.417+0100] {logging_mixin.py:188} INFO - [2024-01-31T10:30:32.417+0100] {dagbag.py:538} INFO - Filling up the DagBag from /home/ubuntu/.local/lib/python3.10/site-packages/airflow/example_dags/example_branch_operator_decorator.py
[2024-01-31T10:30:32.438+0100] {processor.py:840} INFO - DAG(s) 'example_branch_python_operator_decorator' retrieved from /home/ubuntu/.local/lib/python3.10/site-packages/airflow/example_dags/example_branch_operator_decorator.py
[2024-01-31T10:30:32.461+0100] {logging_mixin.py:188} INFO - [2024-01-31T10:30:32.461+0100] {dag.py:3033} INFO - Sync 1 DAGs
[2024-01-31T10:30:32.480+0100] {logging_mixin.py:188} INFO - [2024-01-31T10:30:32.480+0100] {dag.py:3820} INFO - Setting next_dagrun for example_branch_python_operator_decorator to 2024-01-30T00:00:00+00:00, run_after=2024-01-31T00:00:00+00:00
[2024-01-31T10:30:32.514+0100] {processor.py:183} INFO - Processing /home/ubuntu/.local/lib/python3.10/site-packages/airflow/example_dags/example_branch_operator_decorator.py took 0.105 seconds
[2024-01-31T10:31:30.591+0100] {processor.py:161} INFO - Started process (PID=26833) to work on /home/ubuntu/.local/lib/python3.10/site-packages/airflow/example_dags/example_branch_operator_decorator.py
[2024-01-31T10:31:30.593+0100] {processor.py:830} INFO - Processing file /home/ubuntu/.local/lib/python3.10/site-packages/airflow/example_dags/example_branch_operator_decorator.py for tasks to queue
[2024-01-31T10:31:30.594+0100] {logging_mixin.py:188} INFO - [2024-01-31T10:31:30.593+0100] {dagbag.py:538} INFO - Filling up the DagBag from /home/ubuntu/.local/lib/python3.10/site-packages/airflow/example_dags/example_branch_operator_decorator.py
[2024-01-31T10:31:30.615+0100] {processor.py:840} INFO - DAG(s) 'example_branch_python_operator_decorator' retrieved from /home/ubuntu/.local/lib/python3.10/site-packages/airflow/example_dags/example_branch_operator_decorator.py
[2024-01-31T10:31:30.648+0100] {logging_mixin.py:188} INFO - [2024-01-31T10:31:30.648+0100] {dag.py:3033} INFO - Sync 1 DAGs
[2024-01-31T10:31:30.675+0100] {logging_mixin.py:188} INFO - [2024-01-31T10:31:30.675+0100] {dag.py:3820} INFO - Setting next_dagrun for example_branch_python_operator_decorator to 2024-01-30T00:00:00+00:00, run_after=2024-01-31T00:00:00+00:00
[2024-01-31T10:31:30.703+0100] {processor.py:183} INFO - Processing /home/ubuntu/.local/lib/python3.10/site-packages/airflow/example_dags/example_branch_operator_decorator.py took 0.116 seconds
[2024-01-31T10:32:28.337+0100] {processor.py:161} INFO - Started process (PID=26906) to work on /home/ubuntu/.local/lib/python3.10/site-packages/airflow/example_dags/example_branch_operator_decorator.py
[2024-01-31T10:32:28.339+0100] {processor.py:830} INFO - Processing file /home/ubuntu/.local/lib/python3.10/site-packages/airflow/example_dags/example_branch_operator_decorator.py for tasks to queue
[2024-01-31T10:32:28.340+0100] {logging_mixin.py:188} INFO - [2024-01-31T10:32:28.340+0100] {dagbag.py:538} INFO - Filling up the DagBag from /home/ubuntu/.local/lib/python3.10/site-packages/airflow/example_dags/example_branch_operator_decorator.py
[2024-01-31T10:32:28.364+0100] {processor.py:840} INFO - DAG(s) 'example_branch_python_operator_decorator' retrieved from /home/ubuntu/.local/lib/python3.10/site-packages/airflow/example_dags/example_branch_operator_decorator.py
[2024-01-31T10:32:28.386+0100] {logging_mixin.py:188} INFO - [2024-01-31T10:32:28.386+0100] {dag.py:3033} INFO - Sync 1 DAGs
[2024-01-31T10:32:28.405+0100] {logging_mixin.py:188} INFO - [2024-01-31T10:32:28.405+0100] {dag.py:3820} INFO - Setting next_dagrun for example_branch_python_operator_decorator to 2024-01-30T00:00:00+00:00, run_after=2024-01-31T00:00:00+00:00
[2024-01-31T10:32:28.437+0100] {processor.py:183} INFO - Processing /home/ubuntu/.local/lib/python3.10/site-packages/airflow/example_dags/example_branch_operator_decorator.py took 0.104 seconds
[2024-01-31T10:33:19.124+0100] {processor.py:161} INFO - Started process (PID=26963) to work on /home/ubuntu/.local/lib/python3.10/site-packages/airflow/example_dags/example_branch_operator_decorator.py
[2024-01-31T10:33:19.126+0100] {processor.py:830} INFO - Processing file /home/ubuntu/.local/lib/python3.10/site-packages/airflow/example_dags/example_branch_operator_decorator.py for tasks to queue
[2024-01-31T10:33:19.128+0100] {logging_mixin.py:188} INFO - [2024-01-31T10:33:19.127+0100] {dagbag.py:538} INFO - Filling up the DagBag from /home/ubuntu/.local/lib/python3.10/site-packages/airflow/example_dags/example_branch_operator_decorator.py
[2024-01-31T10:33:19.153+0100] {processor.py:840} INFO - DAG(s) 'example_branch_python_operator_decorator' retrieved from /home/ubuntu/.local/lib/python3.10/site-packages/airflow/example_dags/example_branch_operator_decorator.py
[2024-01-31T10:33:19.176+0100] {logging_mixin.py:188} INFO - [2024-01-31T10:33:19.175+0100] {dag.py:3033} INFO - Sync 1 DAGs
[2024-01-31T10:33:19.194+0100] {logging_mixin.py:188} INFO - [2024-01-31T10:33:19.193+0100] {dag.py:3820} INFO - Setting next_dagrun for example_branch_python_operator_decorator to 2024-01-30T00:00:00+00:00, run_after=2024-01-31T00:00:00+00:00
[2024-01-31T10:33:19.221+0100] {processor.py:183} INFO - Processing /home/ubuntu/.local/lib/python3.10/site-packages/airflow/example_dags/example_branch_operator_decorator.py took 0.101 seconds
[2024-01-31T10:34:20.309+0100] {processor.py:161} INFO - Started process (PID=27069) to work on /home/ubuntu/.local/lib/python3.10/site-packages/airflow/example_dags/example_branch_operator_decorator.py
[2024-01-31T10:34:20.311+0100] {processor.py:830} INFO - Processing file /home/ubuntu/.local/lib/python3.10/site-packages/airflow/example_dags/example_branch_operator_decorator.py for tasks to queue
[2024-01-31T10:34:20.312+0100] {logging_mixin.py:188} INFO - [2024-01-31T10:34:20.312+0100] {dagbag.py:538} INFO - Filling up the DagBag from /home/ubuntu/.local/lib/python3.10/site-packages/airflow/example_dags/example_branch_operator_decorator.py
[2024-01-31T10:34:20.338+0100] {processor.py:840} INFO - DAG(s) 'example_branch_python_operator_decorator' retrieved from /home/ubuntu/.local/lib/python3.10/site-packages/airflow/example_dags/example_branch_operator_decorator.py
[2024-01-31T10:34:20.369+0100] {logging_mixin.py:188} INFO - [2024-01-31T10:34:20.368+0100] {dag.py:3033} INFO - Sync 1 DAGs
[2024-01-31T10:34:20.395+0100] {logging_mixin.py:188} INFO - [2024-01-31T10:34:20.395+0100] {dag.py:3820} INFO - Setting next_dagrun for example_branch_python_operator_decorator to 2024-01-30T00:00:00+00:00, run_after=2024-01-31T00:00:00+00:00
[2024-01-31T10:34:20.431+0100] {processor.py:183} INFO - Processing /home/ubuntu/.local/lib/python3.10/site-packages/airflow/example_dags/example_branch_operator_decorator.py took 0.127 seconds
[2024-01-31T10:35:25.371+0100] {processor.py:161} INFO - Started process (PID=27144) to work on /home/ubuntu/.local/lib/python3.10/site-packages/airflow/example_dags/example_branch_operator_decorator.py
[2024-01-31T10:35:25.374+0100] {processor.py:830} INFO - Processing file /home/ubuntu/.local/lib/python3.10/site-packages/airflow/example_dags/example_branch_operator_decorator.py for tasks to queue
[2024-01-31T10:35:25.375+0100] {logging_mixin.py:188} INFO - [2024-01-31T10:35:25.375+0100] {dagbag.py:538} INFO - Filling up the DagBag from /home/ubuntu/.local/lib/python3.10/site-packages/airflow/example_dags/example_branch_operator_decorator.py
[2024-01-31T10:35:25.393+0100] {processor.py:840} INFO - DAG(s) 'example_branch_python_operator_decorator' retrieved from /home/ubuntu/.local/lib/python3.10/site-packages/airflow/example_dags/example_branch_operator_decorator.py
[2024-01-31T10:35:25.416+0100] {logging_mixin.py:188} INFO - [2024-01-31T10:35:25.416+0100] {dag.py:3033} INFO - Sync 1 DAGs
[2024-01-31T10:35:25.434+0100] {logging_mixin.py:188} INFO - [2024-01-31T10:35:25.433+0100] {dag.py:3820} INFO - Setting next_dagrun for example_branch_python_operator_decorator to 2024-01-30T00:00:00+00:00, run_after=2024-01-31T00:00:00+00:00
[2024-01-31T10:35:25.460+0100] {processor.py:183} INFO - Processing /home/ubuntu/.local/lib/python3.10/site-packages/airflow/example_dags/example_branch_operator_decorator.py took 0.092 seconds
[2024-01-31T10:36:30.462+0100] {processor.py:161} INFO - Started process (PID=27217) to work on /home/ubuntu/.local/lib/python3.10/site-packages/airflow/example_dags/example_branch_operator_decorator.py
[2024-01-31T10:36:30.465+0100] {processor.py:830} INFO - Processing file /home/ubuntu/.local/lib/python3.10/site-packages/airflow/example_dags/example_branch_operator_decorator.py for tasks to queue
[2024-01-31T10:36:30.466+0100] {logging_mixin.py:188} INFO - [2024-01-31T10:36:30.465+0100] {dagbag.py:538} INFO - Filling up the DagBag from /home/ubuntu/.local/lib/python3.10/site-packages/airflow/example_dags/example_branch_operator_decorator.py
[2024-01-31T10:36:30.487+0100] {processor.py:840} INFO - DAG(s) 'example_branch_python_operator_decorator' retrieved from /home/ubuntu/.local/lib/python3.10/site-packages/airflow/example_dags/example_branch_operator_decorator.py
[2024-01-31T10:36:30.510+0100] {logging_mixin.py:188} INFO - [2024-01-31T10:36:30.510+0100] {dag.py:3033} INFO - Sync 1 DAGs
[2024-01-31T10:36:30.529+0100] {logging_mixin.py:188} INFO - [2024-01-31T10:36:30.529+0100] {dag.py:3820} INFO - Setting next_dagrun for example_branch_python_operator_decorator to 2024-01-30T00:00:00+00:00, run_after=2024-01-31T00:00:00+00:00
[2024-01-31T10:36:30.556+0100] {processor.py:183} INFO - Processing /home/ubuntu/.local/lib/python3.10/site-packages/airflow/example_dags/example_branch_operator_decorator.py took 0.098 seconds
[2024-01-31T10:37:32.766+0100] {processor.py:161} INFO - Started process (PID=27292) to work on /home/ubuntu/.local/lib/python3.10/site-packages/airflow/example_dags/example_branch_operator_decorator.py
[2024-01-31T10:37:32.768+0100] {processor.py:830} INFO - Processing file /home/ubuntu/.local/lib/python3.10/site-packages/airflow/example_dags/example_branch_operator_decorator.py for tasks to queue
[2024-01-31T10:37:32.769+0100] {logging_mixin.py:188} INFO - [2024-01-31T10:37:32.769+0100] {dagbag.py:538} INFO - Filling up the DagBag from /home/ubuntu/.local/lib/python3.10/site-packages/airflow/example_dags/example_branch_operator_decorator.py
[2024-01-31T10:37:32.794+0100] {processor.py:840} INFO - DAG(s) 'example_branch_python_operator_decorator' retrieved from /home/ubuntu/.local/lib/python3.10/site-packages/airflow/example_dags/example_branch_operator_decorator.py
[2024-01-31T10:37:32.819+0100] {logging_mixin.py:188} INFO - [2024-01-31T10:37:32.819+0100] {dag.py:3033} INFO - Sync 1 DAGs
[2024-01-31T10:37:32.838+0100] {logging_mixin.py:188} INFO - [2024-01-31T10:37:32.838+0100] {dag.py:3820} INFO - Setting next_dagrun for example_branch_python_operator_decorator to 2024-01-30T00:00:00+00:00, run_after=2024-01-31T00:00:00+00:00
[2024-01-31T10:37:32.869+0100] {processor.py:183} INFO - Processing /home/ubuntu/.local/lib/python3.10/site-packages/airflow/example_dags/example_branch_operator_decorator.py took 0.106 seconds
[2024-01-31T10:38:36.664+0100] {processor.py:161} INFO - Started process (PID=27363) to work on /home/ubuntu/.local/lib/python3.10/site-packages/airflow/example_dags/example_branch_operator_decorator.py
[2024-01-31T10:38:36.666+0100] {processor.py:830} INFO - Processing file /home/ubuntu/.local/lib/python3.10/site-packages/airflow/example_dags/example_branch_operator_decorator.py for tasks to queue
[2024-01-31T10:38:36.668+0100] {logging_mixin.py:188} INFO - [2024-01-31T10:38:36.667+0100] {dagbag.py:538} INFO - Filling up the DagBag from /home/ubuntu/.local/lib/python3.10/site-packages/airflow/example_dags/example_branch_operator_decorator.py
[2024-01-31T10:38:36.692+0100] {processor.py:840} INFO - DAG(s) 'example_branch_python_operator_decorator' retrieved from /home/ubuntu/.local/lib/python3.10/site-packages/airflow/example_dags/example_branch_operator_decorator.py
[2024-01-31T10:38:36.719+0100] {logging_mixin.py:188} INFO - [2024-01-31T10:38:36.718+0100] {dag.py:3033} INFO - Sync 1 DAGs
[2024-01-31T10:38:36.740+0100] {logging_mixin.py:188} INFO - [2024-01-31T10:38:36.739+0100] {dag.py:3820} INFO - Setting next_dagrun for example_branch_python_operator_decorator to 2024-01-30T00:00:00+00:00, run_after=2024-01-31T00:00:00+00:00
[2024-01-31T10:38:36.768+0100] {processor.py:183} INFO - Processing /home/ubuntu/.local/lib/python3.10/site-packages/airflow/example_dags/example_branch_operator_decorator.py took 0.109 seconds
[2024-01-31T10:39:40.420+0100] {processor.py:161} INFO - Started process (PID=27440) to work on /home/ubuntu/.local/lib/python3.10/site-packages/airflow/example_dags/example_branch_operator_decorator.py
[2024-01-31T10:39:40.422+0100] {processor.py:830} INFO - Processing file /home/ubuntu/.local/lib/python3.10/site-packages/airflow/example_dags/example_branch_operator_decorator.py for tasks to queue
[2024-01-31T10:39:40.424+0100] {logging_mixin.py:188} INFO - [2024-01-31T10:39:40.423+0100] {dagbag.py:538} INFO - Filling up the DagBag from /home/ubuntu/.local/lib/python3.10/site-packages/airflow/example_dags/example_branch_operator_decorator.py
[2024-01-31T10:39:40.444+0100] {processor.py:840} INFO - DAG(s) 'example_branch_python_operator_decorator' retrieved from /home/ubuntu/.local/lib/python3.10/site-packages/airflow/example_dags/example_branch_operator_decorator.py
[2024-01-31T10:39:40.467+0100] {logging_mixin.py:188} INFO - [2024-01-31T10:39:40.467+0100] {dag.py:3033} INFO - Sync 1 DAGs
[2024-01-31T10:39:40.486+0100] {logging_mixin.py:188} INFO - [2024-01-31T10:39:40.486+0100] {dag.py:3820} INFO - Setting next_dagrun for example_branch_python_operator_decorator to 2024-01-30T00:00:00+00:00, run_after=2024-01-31T00:00:00+00:00
[2024-01-31T10:39:40.513+0100] {processor.py:183} INFO - Processing /home/ubuntu/.local/lib/python3.10/site-packages/airflow/example_dags/example_branch_operator_decorator.py took 0.096 seconds
[2024-01-31T10:40:39.801+0100] {processor.py:161} INFO - Started process (PID=27510) to work on /home/ubuntu/.local/lib/python3.10/site-packages/airflow/example_dags/example_branch_operator_decorator.py
[2024-01-31T10:40:39.804+0100] {processor.py:830} INFO - Processing file /home/ubuntu/.local/lib/python3.10/site-packages/airflow/example_dags/example_branch_operator_decorator.py for tasks to queue
[2024-01-31T10:40:39.805+0100] {logging_mixin.py:188} INFO - [2024-01-31T10:40:39.804+0100] {dagbag.py:538} INFO - Filling up the DagBag from /home/ubuntu/.local/lib/python3.10/site-packages/airflow/example_dags/example_branch_operator_decorator.py
[2024-01-31T10:40:39.826+0100] {processor.py:840} INFO - DAG(s) 'example_branch_python_operator_decorator' retrieved from /home/ubuntu/.local/lib/python3.10/site-packages/airflow/example_dags/example_branch_operator_decorator.py
[2024-01-31T10:40:39.849+0100] {logging_mixin.py:188} INFO - [2024-01-31T10:40:39.849+0100] {dag.py:3033} INFO - Sync 1 DAGs
[2024-01-31T10:40:39.868+0100] {logging_mixin.py:188} INFO - [2024-01-31T10:40:39.867+0100] {dag.py:3820} INFO - Setting next_dagrun for example_branch_python_operator_decorator to 2024-01-30T00:00:00+00:00, run_after=2024-01-31T00:00:00+00:00
[2024-01-31T10:40:39.897+0100] {processor.py:183} INFO - Processing /home/ubuntu/.local/lib/python3.10/site-packages/airflow/example_dags/example_branch_operator_decorator.py took 0.100 seconds
[2024-01-31T10:41:38.733+0100] {processor.py:161} INFO - Started process (PID=27581) to work on /home/ubuntu/.local/lib/python3.10/site-packages/airflow/example_dags/example_branch_operator_decorator.py
[2024-01-31T10:41:38.736+0100] {processor.py:830} INFO - Processing file /home/ubuntu/.local/lib/python3.10/site-packages/airflow/example_dags/example_branch_operator_decorator.py for tasks to queue
[2024-01-31T10:41:38.736+0100] {logging_mixin.py:188} INFO - [2024-01-31T10:41:38.736+0100] {dagbag.py:538} INFO - Filling up the DagBag from /home/ubuntu/.local/lib/python3.10/site-packages/airflow/example_dags/example_branch_operator_decorator.py
[2024-01-31T10:41:38.756+0100] {processor.py:840} INFO - DAG(s) 'example_branch_python_operator_decorator' retrieved from /home/ubuntu/.local/lib/python3.10/site-packages/airflow/example_dags/example_branch_operator_decorator.py
[2024-01-31T10:41:38.783+0100] {logging_mixin.py:188} INFO - [2024-01-31T10:41:38.782+0100] {dag.py:3033} INFO - Sync 1 DAGs
[2024-01-31T10:41:38.801+0100] {logging_mixin.py:188} INFO - [2024-01-31T10:41:38.800+0100] {dag.py:3820} INFO - Setting next_dagrun for example_branch_python_operator_decorator to 2024-01-30T00:00:00+00:00, run_after=2024-01-31T00:00:00+00:00
[2024-01-31T10:41:38.828+0100] {processor.py:183} INFO - Processing /home/ubuntu/.local/lib/python3.10/site-packages/airflow/example_dags/example_branch_operator_decorator.py took 0.099 seconds
[2024-01-31T10:42:40.245+0100] {processor.py:161} INFO - Started process (PID=27652) to work on /home/ubuntu/.local/lib/python3.10/site-packages/airflow/example_dags/example_branch_operator_decorator.py
[2024-01-31T10:42:40.247+0100] {processor.py:830} INFO - Processing file /home/ubuntu/.local/lib/python3.10/site-packages/airflow/example_dags/example_branch_operator_decorator.py for tasks to queue
[2024-01-31T10:42:40.249+0100] {logging_mixin.py:188} INFO - [2024-01-31T10:42:40.248+0100] {dagbag.py:538} INFO - Filling up the DagBag from /home/ubuntu/.local/lib/python3.10/site-packages/airflow/example_dags/example_branch_operator_decorator.py
[2024-01-31T10:42:40.272+0100] {processor.py:840} INFO - DAG(s) 'example_branch_python_operator_decorator' retrieved from /home/ubuntu/.local/lib/python3.10/site-packages/airflow/example_dags/example_branch_operator_decorator.py
[2024-01-31T10:42:40.295+0100] {logging_mixin.py:188} INFO - [2024-01-31T10:42:40.295+0100] {dag.py:3033} INFO - Sync 1 DAGs
[2024-01-31T10:42:40.315+0100] {logging_mixin.py:188} INFO - [2024-01-31T10:42:40.315+0100] {dag.py:3820} INFO - Setting next_dagrun for example_branch_python_operator_decorator to 2024-01-30T00:00:00+00:00, run_after=2024-01-31T00:00:00+00:00
[2024-01-31T10:42:40.345+0100] {processor.py:183} INFO - Processing /home/ubuntu/.local/lib/python3.10/site-packages/airflow/example_dags/example_branch_operator_decorator.py took 0.105 seconds
[2024-01-31T10:43:35.466+0100] {processor.py:161} INFO - Started process (PID=27722) to work on /home/ubuntu/.local/lib/python3.10/site-packages/airflow/example_dags/example_branch_operator_decorator.py
[2024-01-31T10:43:35.469+0100] {processor.py:830} INFO - Processing file /home/ubuntu/.local/lib/python3.10/site-packages/airflow/example_dags/example_branch_operator_decorator.py for tasks to queue
[2024-01-31T10:43:35.471+0100] {logging_mixin.py:188} INFO - [2024-01-31T10:43:35.471+0100] {dagbag.py:538} INFO - Filling up the DagBag from /home/ubuntu/.local/lib/python3.10/site-packages/airflow/example_dags/example_branch_operator_decorator.py
[2024-01-31T10:43:35.497+0100] {processor.py:840} INFO - DAG(s) 'example_branch_python_operator_decorator' retrieved from /home/ubuntu/.local/lib/python3.10/site-packages/airflow/example_dags/example_branch_operator_decorator.py
[2024-01-31T10:43:35.522+0100] {logging_mixin.py:188} INFO - [2024-01-31T10:43:35.521+0100] {dag.py:3033} INFO - Sync 1 DAGs
[2024-01-31T10:43:35.540+0100] {logging_mixin.py:188} INFO - [2024-01-31T10:43:35.540+0100] {dag.py:3820} INFO - Setting next_dagrun for example_branch_python_operator_decorator to 2024-01-30T00:00:00+00:00, run_after=2024-01-31T00:00:00+00:00
[2024-01-31T10:43:35.568+0100] {processor.py:183} INFO - Processing /home/ubuntu/.local/lib/python3.10/site-packages/airflow/example_dags/example_branch_operator_decorator.py took 0.106 seconds
[2024-01-31T10:44:35.757+0100] {processor.py:161} INFO - Started process (PID=27795) to work on /home/ubuntu/.local/lib/python3.10/site-packages/airflow/example_dags/example_branch_operator_decorator.py
[2024-01-31T10:44:35.759+0100] {processor.py:830} INFO - Processing file /home/ubuntu/.local/lib/python3.10/site-packages/airflow/example_dags/example_branch_operator_decorator.py for tasks to queue
[2024-01-31T10:44:35.760+0100] {logging_mixin.py:188} INFO - [2024-01-31T10:44:35.760+0100] {dagbag.py:538} INFO - Filling up the DagBag from /home/ubuntu/.local/lib/python3.10/site-packages/airflow/example_dags/example_branch_operator_decorator.py
[2024-01-31T10:44:35.781+0100] {processor.py:840} INFO - DAG(s) 'example_branch_python_operator_decorator' retrieved from /home/ubuntu/.local/lib/python3.10/site-packages/airflow/example_dags/example_branch_operator_decorator.py
[2024-01-31T10:44:35.806+0100] {logging_mixin.py:188} INFO - [2024-01-31T10:44:35.805+0100] {dag.py:3033} INFO - Sync 1 DAGs
[2024-01-31T10:44:35.825+0100] {logging_mixin.py:188} INFO - [2024-01-31T10:44:35.825+0100] {dag.py:3820} INFO - Setting next_dagrun for example_branch_python_operator_decorator to 2024-01-30T00:00:00+00:00, run_after=2024-01-31T00:00:00+00:00
[2024-01-31T10:44:35.861+0100] {processor.py:183} INFO - Processing /home/ubuntu/.local/lib/python3.10/site-packages/airflow/example_dags/example_branch_operator_decorator.py took 0.109 seconds
[2024-01-31T10:45:40.080+0100] {processor.py:161} INFO - Started process (PID=27866) to work on /home/ubuntu/.local/lib/python3.10/site-packages/airflow/example_dags/example_branch_operator_decorator.py
[2024-01-31T10:45:40.082+0100] {processor.py:830} INFO - Processing file /home/ubuntu/.local/lib/python3.10/site-packages/airflow/example_dags/example_branch_operator_decorator.py for tasks to queue
[2024-01-31T10:45:40.083+0100] {logging_mixin.py:188} INFO - [2024-01-31T10:45:40.083+0100] {dagbag.py:538} INFO - Filling up the DagBag from /home/ubuntu/.local/lib/python3.10/site-packages/airflow/example_dags/example_branch_operator_decorator.py
[2024-01-31T10:45:40.103+0100] {processor.py:840} INFO - DAG(s) 'example_branch_python_operator_decorator' retrieved from /home/ubuntu/.local/lib/python3.10/site-packages/airflow/example_dags/example_branch_operator_decorator.py
[2024-01-31T10:45:40.126+0100] {logging_mixin.py:188} INFO - [2024-01-31T10:45:40.126+0100] {dag.py:3033} INFO - Sync 1 DAGs
[2024-01-31T10:45:40.146+0100] {logging_mixin.py:188} INFO - [2024-01-31T10:45:40.146+0100] {dag.py:3820} INFO - Setting next_dagrun for example_branch_python_operator_decorator to 2024-01-30T00:00:00+00:00, run_after=2024-01-31T00:00:00+00:00
[2024-01-31T10:45:40.174+0100] {processor.py:183} INFO - Processing /home/ubuntu/.local/lib/python3.10/site-packages/airflow/example_dags/example_branch_operator_decorator.py took 0.098 seconds
[2024-01-31T10:46:36.436+0100] {processor.py:161} INFO - Started process (PID=27934) to work on /home/ubuntu/.local/lib/python3.10/site-packages/airflow/example_dags/example_branch_operator_decorator.py
[2024-01-31T10:46:36.439+0100] {processor.py:830} INFO - Processing file /home/ubuntu/.local/lib/python3.10/site-packages/airflow/example_dags/example_branch_operator_decorator.py for tasks to queue
[2024-01-31T10:46:36.441+0100] {logging_mixin.py:188} INFO - [2024-01-31T10:46:36.440+0100] {dagbag.py:538} INFO - Filling up the DagBag from /home/ubuntu/.local/lib/python3.10/site-packages/airflow/example_dags/example_branch_operator_decorator.py
[2024-01-31T10:46:36.471+0100] {processor.py:840} INFO - DAG(s) 'example_branch_python_operator_decorator' retrieved from /home/ubuntu/.local/lib/python3.10/site-packages/airflow/example_dags/example_branch_operator_decorator.py
[2024-01-31T10:46:36.500+0100] {logging_mixin.py:188} INFO - [2024-01-31T10:46:36.500+0100] {dag.py:3033} INFO - Sync 1 DAGs
[2024-01-31T10:46:36.524+0100] {logging_mixin.py:188} INFO - [2024-01-31T10:46:36.524+0100] {dag.py:3820} INFO - Setting next_dagrun for example_branch_python_operator_decorator to 2024-01-30T00:00:00+00:00, run_after=2024-01-31T00:00:00+00:00
[2024-01-31T10:46:36.566+0100] {processor.py:183} INFO - Processing /home/ubuntu/.local/lib/python3.10/site-packages/airflow/example_dags/example_branch_operator_decorator.py took 0.135 seconds
[2024-01-31T10:47:38.160+0100] {processor.py:161} INFO - Started process (PID=28008) to work on /home/ubuntu/.local/lib/python3.10/site-packages/airflow/example_dags/example_branch_operator_decorator.py
[2024-01-31T10:47:38.162+0100] {processor.py:830} INFO - Processing file /home/ubuntu/.local/lib/python3.10/site-packages/airflow/example_dags/example_branch_operator_decorator.py for tasks to queue
[2024-01-31T10:47:38.163+0100] {logging_mixin.py:188} INFO - [2024-01-31T10:47:38.163+0100] {dagbag.py:538} INFO - Filling up the DagBag from /home/ubuntu/.local/lib/python3.10/site-packages/airflow/example_dags/example_branch_operator_decorator.py
[2024-01-31T10:47:38.184+0100] {processor.py:840} INFO - DAG(s) 'example_branch_python_operator_decorator' retrieved from /home/ubuntu/.local/lib/python3.10/site-packages/airflow/example_dags/example_branch_operator_decorator.py
[2024-01-31T10:47:38.210+0100] {logging_mixin.py:188} INFO - [2024-01-31T10:47:38.210+0100] {dag.py:3033} INFO - Sync 1 DAGs
[2024-01-31T10:47:38.230+0100] {logging_mixin.py:188} INFO - [2024-01-31T10:47:38.230+0100] {dag.py:3820} INFO - Setting next_dagrun for example_branch_python_operator_decorator to 2024-01-30T00:00:00+00:00, run_after=2024-01-31T00:00:00+00:00
[2024-01-31T10:47:38.260+0100] {processor.py:183} INFO - Processing /home/ubuntu/.local/lib/python3.10/site-packages/airflow/example_dags/example_branch_operator_decorator.py took 0.106 seconds
[2024-01-31T10:48:41.236+0100] {processor.py:161} INFO - Started process (PID=28077) to work on /home/ubuntu/.local/lib/python3.10/site-packages/airflow/example_dags/example_branch_operator_decorator.py
[2024-01-31T10:48:41.238+0100] {processor.py:830} INFO - Processing file /home/ubuntu/.local/lib/python3.10/site-packages/airflow/example_dags/example_branch_operator_decorator.py for tasks to queue
[2024-01-31T10:48:41.239+0100] {logging_mixin.py:188} INFO - [2024-01-31T10:48:41.239+0100] {dagbag.py:538} INFO - Filling up the DagBag from /home/ubuntu/.local/lib/python3.10/site-packages/airflow/example_dags/example_branch_operator_decorator.py
[2024-01-31T10:48:41.263+0100] {processor.py:840} INFO - DAG(s) 'example_branch_python_operator_decorator' retrieved from /home/ubuntu/.local/lib/python3.10/site-packages/airflow/example_dags/example_branch_operator_decorator.py
[2024-01-31T10:48:41.288+0100] {logging_mixin.py:188} INFO - [2024-01-31T10:48:41.287+0100] {dag.py:3033} INFO - Sync 1 DAGs
[2024-01-31T10:48:41.310+0100] {logging_mixin.py:188} INFO - [2024-01-31T10:48:41.309+0100] {dag.py:3820} INFO - Setting next_dagrun for example_branch_python_operator_decorator to 2024-01-30T00:00:00+00:00, run_after=2024-01-31T00:00:00+00:00
[2024-01-31T10:48:41.338+0100] {processor.py:183} INFO - Processing /home/ubuntu/.local/lib/python3.10/site-packages/airflow/example_dags/example_branch_operator_decorator.py took 0.106 seconds
[2024-01-31T10:49:45.177+0100] {processor.py:161} INFO - Started process (PID=28153) to work on /home/ubuntu/.local/lib/python3.10/site-packages/airflow/example_dags/example_branch_operator_decorator.py
[2024-01-31T10:49:45.179+0100] {processor.py:830} INFO - Processing file /home/ubuntu/.local/lib/python3.10/site-packages/airflow/example_dags/example_branch_operator_decorator.py for tasks to queue
[2024-01-31T10:49:45.181+0100] {logging_mixin.py:188} INFO - [2024-01-31T10:49:45.180+0100] {dagbag.py:538} INFO - Filling up the DagBag from /home/ubuntu/.local/lib/python3.10/site-packages/airflow/example_dags/example_branch_operator_decorator.py
[2024-01-31T10:49:45.201+0100] {processor.py:840} INFO - DAG(s) 'example_branch_python_operator_decorator' retrieved from /home/ubuntu/.local/lib/python3.10/site-packages/airflow/example_dags/example_branch_operator_decorator.py
[2024-01-31T10:49:45.224+0100] {logging_mixin.py:188} INFO - [2024-01-31T10:49:45.224+0100] {dag.py:3033} INFO - Sync 1 DAGs
[2024-01-31T10:49:45.250+0100] {logging_mixin.py:188} INFO - [2024-01-31T10:49:45.250+0100] {dag.py:3820} INFO - Setting next_dagrun for example_branch_python_operator_decorator to 2024-01-30T00:00:00+00:00, run_after=2024-01-31T00:00:00+00:00
[2024-01-31T10:49:45.282+0100] {processor.py:183} INFO - Processing /home/ubuntu/.local/lib/python3.10/site-packages/airflow/example_dags/example_branch_operator_decorator.py took 0.109 seconds
[2024-01-31T10:50:41.474+0100] {processor.py:161} INFO - Started process (PID=28218) to work on /home/ubuntu/.local/lib/python3.10/site-packages/airflow/example_dags/example_branch_operator_decorator.py
[2024-01-31T10:50:41.476+0100] {processor.py:830} INFO - Processing file /home/ubuntu/.local/lib/python3.10/site-packages/airflow/example_dags/example_branch_operator_decorator.py for tasks to queue
[2024-01-31T10:50:41.477+0100] {logging_mixin.py:188} INFO - [2024-01-31T10:50:41.477+0100] {dagbag.py:538} INFO - Filling up the DagBag from /home/ubuntu/.local/lib/python3.10/site-packages/airflow/example_dags/example_branch_operator_decorator.py
[2024-01-31T10:50:41.497+0100] {processor.py:840} INFO - DAG(s) 'example_branch_python_operator_decorator' retrieved from /home/ubuntu/.local/lib/python3.10/site-packages/airflow/example_dags/example_branch_operator_decorator.py
[2024-01-31T10:50:41.521+0100] {logging_mixin.py:188} INFO - [2024-01-31T10:50:41.521+0100] {dag.py:3033} INFO - Sync 1 DAGs
[2024-01-31T10:50:41.539+0100] {logging_mixin.py:188} INFO - [2024-01-31T10:50:41.539+0100] {dag.py:3820} INFO - Setting next_dagrun for example_branch_python_operator_decorator to 2024-01-30T00:00:00+00:00, run_after=2024-01-31T00:00:00+00:00
[2024-01-31T10:50:41.568+0100] {processor.py:183} INFO - Processing /home/ubuntu/.local/lib/python3.10/site-packages/airflow/example_dags/example_branch_operator_decorator.py took 0.097 seconds
[2024-01-31T10:51:44.157+0100] {processor.py:161} INFO - Started process (PID=28289) to work on /home/ubuntu/.local/lib/python3.10/site-packages/airflow/example_dags/example_branch_operator_decorator.py
[2024-01-31T10:51:44.159+0100] {processor.py:830} INFO - Processing file /home/ubuntu/.local/lib/python3.10/site-packages/airflow/example_dags/example_branch_operator_decorator.py for tasks to queue
[2024-01-31T10:51:44.160+0100] {logging_mixin.py:188} INFO - [2024-01-31T10:51:44.160+0100] {dagbag.py:538} INFO - Filling up the DagBag from /home/ubuntu/.local/lib/python3.10/site-packages/airflow/example_dags/example_branch_operator_decorator.py
[2024-01-31T10:51:44.180+0100] {processor.py:840} INFO - DAG(s) 'example_branch_python_operator_decorator' retrieved from /home/ubuntu/.local/lib/python3.10/site-packages/airflow/example_dags/example_branch_operator_decorator.py
[2024-01-31T10:51:44.204+0100] {logging_mixin.py:188} INFO - [2024-01-31T10:51:44.204+0100] {dag.py:3033} INFO - Sync 1 DAGs
[2024-01-31T10:51:44.222+0100] {logging_mixin.py:188} INFO - [2024-01-31T10:51:44.222+0100] {dag.py:3820} INFO - Setting next_dagrun for example_branch_python_operator_decorator to 2024-01-30T00:00:00+00:00, run_after=2024-01-31T00:00:00+00:00
[2024-01-31T10:51:44.258+0100] {processor.py:183} INFO - Processing /home/ubuntu/.local/lib/python3.10/site-packages/airflow/example_dags/example_branch_operator_decorator.py took 0.105 seconds
[2024-01-31T10:52:45.743+0100] {processor.py:161} INFO - Started process (PID=28365) to work on /home/ubuntu/.local/lib/python3.10/site-packages/airflow/example_dags/example_branch_operator_decorator.py
[2024-01-31T10:52:45.745+0100] {processor.py:830} INFO - Processing file /home/ubuntu/.local/lib/python3.10/site-packages/airflow/example_dags/example_branch_operator_decorator.py for tasks to queue
[2024-01-31T10:52:45.746+0100] {logging_mixin.py:188} INFO - [2024-01-31T10:52:45.745+0100] {dagbag.py:538} INFO - Filling up the DagBag from /home/ubuntu/.local/lib/python3.10/site-packages/airflow/example_dags/example_branch_operator_decorator.py
[2024-01-31T10:52:45.766+0100] {processor.py:840} INFO - DAG(s) 'example_branch_python_operator_decorator' retrieved from /home/ubuntu/.local/lib/python3.10/site-packages/airflow/example_dags/example_branch_operator_decorator.py
[2024-01-31T10:52:45.787+0100] {logging_mixin.py:188} INFO - [2024-01-31T10:52:45.787+0100] {dag.py:3033} INFO - Sync 1 DAGs
[2024-01-31T10:52:45.807+0100] {logging_mixin.py:188} INFO - [2024-01-31T10:52:45.806+0100] {dag.py:3820} INFO - Setting next_dagrun for example_branch_python_operator_decorator to 2024-01-30T00:00:00+00:00, run_after=2024-01-31T00:00:00+00:00
[2024-01-31T10:52:45.835+0100] {processor.py:183} INFO - Processing /home/ubuntu/.local/lib/python3.10/site-packages/airflow/example_dags/example_branch_operator_decorator.py took 0.096 seconds
[2024-01-31T10:53:49.004+0100] {processor.py:161} INFO - Started process (PID=28435) to work on /home/ubuntu/.local/lib/python3.10/site-packages/airflow/example_dags/example_branch_operator_decorator.py
[2024-01-31T10:53:49.007+0100] {processor.py:830} INFO - Processing file /home/ubuntu/.local/lib/python3.10/site-packages/airflow/example_dags/example_branch_operator_decorator.py for tasks to queue
[2024-01-31T10:53:49.008+0100] {logging_mixin.py:188} INFO - [2024-01-31T10:53:49.007+0100] {dagbag.py:538} INFO - Filling up the DagBag from /home/ubuntu/.local/lib/python3.10/site-packages/airflow/example_dags/example_branch_operator_decorator.py
[2024-01-31T10:53:49.030+0100] {processor.py:840} INFO - DAG(s) 'example_branch_python_operator_decorator' retrieved from /home/ubuntu/.local/lib/python3.10/site-packages/airflow/example_dags/example_branch_operator_decorator.py
[2024-01-31T10:53:49.053+0100] {logging_mixin.py:188} INFO - [2024-01-31T10:53:49.053+0100] {dag.py:3033} INFO - Sync 1 DAGs
[2024-01-31T10:53:49.074+0100] {logging_mixin.py:188} INFO - [2024-01-31T10:53:49.073+0100] {dag.py:3820} INFO - Setting next_dagrun for example_branch_python_operator_decorator to 2024-01-30T00:00:00+00:00, run_after=2024-01-31T00:00:00+00:00
[2024-01-31T10:53:49.101+0100] {processor.py:183} INFO - Processing /home/ubuntu/.local/lib/python3.10/site-packages/airflow/example_dags/example_branch_operator_decorator.py took 0.103 seconds
[2024-01-31T10:54:51.192+0100] {processor.py:161} INFO - Started process (PID=28510) to work on /home/ubuntu/.local/lib/python3.10/site-packages/airflow/example_dags/example_branch_operator_decorator.py
[2024-01-31T10:54:51.194+0100] {processor.py:830} INFO - Processing file /home/ubuntu/.local/lib/python3.10/site-packages/airflow/example_dags/example_branch_operator_decorator.py for tasks to queue
[2024-01-31T10:54:51.196+0100] {logging_mixin.py:188} INFO - [2024-01-31T10:54:51.195+0100] {dagbag.py:538} INFO - Filling up the DagBag from /home/ubuntu/.local/lib/python3.10/site-packages/airflow/example_dags/example_branch_operator_decorator.py
[2024-01-31T10:54:51.218+0100] {processor.py:840} INFO - DAG(s) 'example_branch_python_operator_decorator' retrieved from /home/ubuntu/.local/lib/python3.10/site-packages/airflow/example_dags/example_branch_operator_decorator.py
[2024-01-31T10:54:51.241+0100] {logging_mixin.py:188} INFO - [2024-01-31T10:54:51.240+0100] {dag.py:3033} INFO - Sync 1 DAGs
[2024-01-31T10:54:51.263+0100] {logging_mixin.py:188} INFO - [2024-01-31T10:54:51.262+0100] {dag.py:3820} INFO - Setting next_dagrun for example_branch_python_operator_decorator to 2024-01-30T00:00:00+00:00, run_after=2024-01-31T00:00:00+00:00
[2024-01-31T10:54:51.295+0100] {processor.py:183} INFO - Processing /home/ubuntu/.local/lib/python3.10/site-packages/airflow/example_dags/example_branch_operator_decorator.py took 0.107 seconds
[2024-01-31T10:55:56.911+0100] {processor.py:161} INFO - Started process (PID=28584) to work on /home/ubuntu/.local/lib/python3.10/site-packages/airflow/example_dags/example_branch_operator_decorator.py
[2024-01-31T10:55:56.914+0100] {processor.py:830} INFO - Processing file /home/ubuntu/.local/lib/python3.10/site-packages/airflow/example_dags/example_branch_operator_decorator.py for tasks to queue
[2024-01-31T10:55:56.915+0100] {logging_mixin.py:188} INFO - [2024-01-31T10:55:56.914+0100] {dagbag.py:538} INFO - Filling up the DagBag from /home/ubuntu/.local/lib/python3.10/site-packages/airflow/example_dags/example_branch_operator_decorator.py
[2024-01-31T10:55:56.936+0100] {processor.py:840} INFO - DAG(s) 'example_branch_python_operator_decorator' retrieved from /home/ubuntu/.local/lib/python3.10/site-packages/airflow/example_dags/example_branch_operator_decorator.py
[2024-01-31T10:55:56.961+0100] {logging_mixin.py:188} INFO - [2024-01-31T10:55:56.960+0100] {dag.py:3033} INFO - Sync 1 DAGs
[2024-01-31T10:55:56.979+0100] {logging_mixin.py:188} INFO - [2024-01-31T10:55:56.979+0100] {dag.py:3820} INFO - Setting next_dagrun for example_branch_python_operator_decorator to 2024-01-30T00:00:00+00:00, run_after=2024-01-31T00:00:00+00:00
[2024-01-31T10:55:57.007+0100] {processor.py:183} INFO - Processing /home/ubuntu/.local/lib/python3.10/site-packages/airflow/example_dags/example_branch_operator_decorator.py took 0.099 seconds
[2024-01-31T10:57:01.036+0100] {processor.py:161} INFO - Started process (PID=28664) to work on /home/ubuntu/.local/lib/python3.10/site-packages/airflow/example_dags/example_branch_operator_decorator.py
[2024-01-31T10:57:01.038+0100] {processor.py:830} INFO - Processing file /home/ubuntu/.local/lib/python3.10/site-packages/airflow/example_dags/example_branch_operator_decorator.py for tasks to queue
[2024-01-31T10:57:01.039+0100] {logging_mixin.py:188} INFO - [2024-01-31T10:57:01.039+0100] {dagbag.py:538} INFO - Filling up the DagBag from /home/ubuntu/.local/lib/python3.10/site-packages/airflow/example_dags/example_branch_operator_decorator.py
[2024-01-31T10:57:01.058+0100] {processor.py:840} INFO - DAG(s) 'example_branch_python_operator_decorator' retrieved from /home/ubuntu/.local/lib/python3.10/site-packages/airflow/example_dags/example_branch_operator_decorator.py
[2024-01-31T10:57:01.081+0100] {logging_mixin.py:188} INFO - [2024-01-31T10:57:01.081+0100] {dag.py:3033} INFO - Sync 1 DAGs
[2024-01-31T10:57:01.099+0100] {logging_mixin.py:188} INFO - [2024-01-31T10:57:01.098+0100] {dag.py:3820} INFO - Setting next_dagrun for example_branch_python_operator_decorator to 2024-01-30T00:00:00+00:00, run_after=2024-01-31T00:00:00+00:00
[2024-01-31T10:57:01.125+0100] {processor.py:183} INFO - Processing /home/ubuntu/.local/lib/python3.10/site-packages/airflow/example_dags/example_branch_operator_decorator.py took 0.093 seconds
[2024-01-31T10:57:59.500+0100] {processor.py:161} INFO - Started process (PID=28730) to work on /home/ubuntu/.local/lib/python3.10/site-packages/airflow/example_dags/example_branch_operator_decorator.py
[2024-01-31T10:57:59.514+0100] {processor.py:830} INFO - Processing file /home/ubuntu/.local/lib/python3.10/site-packages/airflow/example_dags/example_branch_operator_decorator.py for tasks to queue
[2024-01-31T10:57:59.515+0100] {logging_mixin.py:188} INFO - [2024-01-31T10:57:59.515+0100] {dagbag.py:538} INFO - Filling up the DagBag from /home/ubuntu/.local/lib/python3.10/site-packages/airflow/example_dags/example_branch_operator_decorator.py
[2024-01-31T10:57:59.536+0100] {processor.py:840} INFO - DAG(s) 'example_branch_python_operator_decorator' retrieved from /home/ubuntu/.local/lib/python3.10/site-packages/airflow/example_dags/example_branch_operator_decorator.py
[2024-01-31T10:57:59.560+0100] {logging_mixin.py:188} INFO - [2024-01-31T10:57:59.560+0100] {dag.py:3033} INFO - Sync 1 DAGs
[2024-01-31T10:57:59.581+0100] {logging_mixin.py:188} INFO - [2024-01-31T10:57:59.581+0100] {dag.py:3820} INFO - Setting next_dagrun for example_branch_python_operator_decorator to 2024-01-30T00:00:00+00:00, run_after=2024-01-31T00:00:00+00:00
[2024-01-31T10:57:59.609+0100] {processor.py:183} INFO - Processing /home/ubuntu/.local/lib/python3.10/site-packages/airflow/example_dags/example_branch_operator_decorator.py took 0.113 seconds
[2024-01-31T10:58:58.888+0100] {processor.py:161} INFO - Started process (PID=28802) to work on /home/ubuntu/.local/lib/python3.10/site-packages/airflow/example_dags/example_branch_operator_decorator.py
[2024-01-31T10:58:58.893+0100] {processor.py:830} INFO - Processing file /home/ubuntu/.local/lib/python3.10/site-packages/airflow/example_dags/example_branch_operator_decorator.py for tasks to queue
[2024-01-31T10:58:58.894+0100] {logging_mixin.py:188} INFO - [2024-01-31T10:58:58.894+0100] {dagbag.py:538} INFO - Filling up the DagBag from /home/ubuntu/.local/lib/python3.10/site-packages/airflow/example_dags/example_branch_operator_decorator.py
[2024-01-31T10:58:58.914+0100] {processor.py:840} INFO - DAG(s) 'example_branch_python_operator_decorator' retrieved from /home/ubuntu/.local/lib/python3.10/site-packages/airflow/example_dags/example_branch_operator_decorator.py
[2024-01-31T10:58:58.938+0100] {logging_mixin.py:188} INFO - [2024-01-31T10:58:58.937+0100] {dag.py:3033} INFO - Sync 1 DAGs
[2024-01-31T10:58:58.959+0100] {logging_mixin.py:188} INFO - [2024-01-31T10:58:58.959+0100] {dag.py:3820} INFO - Setting next_dagrun for example_branch_python_operator_decorator to 2024-01-30T00:00:00+00:00, run_after=2024-01-31T00:00:00+00:00
[2024-01-31T10:58:58.987+0100] {processor.py:183} INFO - Processing /home/ubuntu/.local/lib/python3.10/site-packages/airflow/example_dags/example_branch_operator_decorator.py took 0.103 seconds
[2024-01-31T11:00:02.500+0100] {processor.py:161} INFO - Started process (PID=28875) to work on /home/ubuntu/.local/lib/python3.10/site-packages/airflow/example_dags/example_branch_operator_decorator.py
[2024-01-31T11:00:02.502+0100] {processor.py:830} INFO - Processing file /home/ubuntu/.local/lib/python3.10/site-packages/airflow/example_dags/example_branch_operator_decorator.py for tasks to queue
[2024-01-31T11:00:02.503+0100] {logging_mixin.py:188} INFO - [2024-01-31T11:00:02.502+0100] {dagbag.py:538} INFO - Filling up the DagBag from /home/ubuntu/.local/lib/python3.10/site-packages/airflow/example_dags/example_branch_operator_decorator.py
[2024-01-31T11:00:02.525+0100] {processor.py:840} INFO - DAG(s) 'example_branch_python_operator_decorator' retrieved from /home/ubuntu/.local/lib/python3.10/site-packages/airflow/example_dags/example_branch_operator_decorator.py
[2024-01-31T11:00:02.549+0100] {logging_mixin.py:188} INFO - [2024-01-31T11:00:02.548+0100] {dag.py:3033} INFO - Sync 1 DAGs
[2024-01-31T11:00:02.567+0100] {logging_mixin.py:188} INFO - [2024-01-31T11:00:02.567+0100] {dag.py:3820} INFO - Setting next_dagrun for example_branch_python_operator_decorator to 2024-01-30T00:00:00+00:00, run_after=2024-01-31T00:00:00+00:00
[2024-01-31T11:00:02.595+0100] {processor.py:183} INFO - Processing /home/ubuntu/.local/lib/python3.10/site-packages/airflow/example_dags/example_branch_operator_decorator.py took 0.099 seconds
[2024-01-31T11:01:05.129+0100] {processor.py:161} INFO - Started process (PID=28950) to work on /home/ubuntu/.local/lib/python3.10/site-packages/airflow/example_dags/example_branch_operator_decorator.py
[2024-01-31T11:01:05.131+0100] {processor.py:830} INFO - Processing file /home/ubuntu/.local/lib/python3.10/site-packages/airflow/example_dags/example_branch_operator_decorator.py for tasks to queue
[2024-01-31T11:01:05.132+0100] {logging_mixin.py:188} INFO - [2024-01-31T11:01:05.132+0100] {dagbag.py:538} INFO - Filling up the DagBag from /home/ubuntu/.local/lib/python3.10/site-packages/airflow/example_dags/example_branch_operator_decorator.py
[2024-01-31T11:01:05.153+0100] {processor.py:840} INFO - DAG(s) 'example_branch_python_operator_decorator' retrieved from /home/ubuntu/.local/lib/python3.10/site-packages/airflow/example_dags/example_branch_operator_decorator.py
[2024-01-31T11:01:05.175+0100] {logging_mixin.py:188} INFO - [2024-01-31T11:01:05.175+0100] {dag.py:3033} INFO - Sync 1 DAGs
[2024-01-31T11:01:05.194+0100] {logging_mixin.py:188} INFO - [2024-01-31T11:01:05.194+0100] {dag.py:3820} INFO - Setting next_dagrun for example_branch_python_operator_decorator to 2024-01-30T00:00:00+00:00, run_after=2024-01-31T00:00:00+00:00
[2024-01-31T11:01:05.223+0100] {processor.py:183} INFO - Processing /home/ubuntu/.local/lib/python3.10/site-packages/airflow/example_dags/example_branch_operator_decorator.py took 0.097 seconds
[2024-01-31T11:02:07.372+0100] {processor.py:161} INFO - Started process (PID=29020) to work on /home/ubuntu/.local/lib/python3.10/site-packages/airflow/example_dags/example_branch_operator_decorator.py
[2024-01-31T11:02:07.397+0100] {processor.py:830} INFO - Processing file /home/ubuntu/.local/lib/python3.10/site-packages/airflow/example_dags/example_branch_operator_decorator.py for tasks to queue
[2024-01-31T11:02:07.399+0100] {logging_mixin.py:188} INFO - [2024-01-31T11:02:07.398+0100] {dagbag.py:538} INFO - Filling up the DagBag from /home/ubuntu/.local/lib/python3.10/site-packages/airflow/example_dags/example_branch_operator_decorator.py
[2024-01-31T11:02:07.418+0100] {processor.py:840} INFO - DAG(s) 'example_branch_python_operator_decorator' retrieved from /home/ubuntu/.local/lib/python3.10/site-packages/airflow/example_dags/example_branch_operator_decorator.py
[2024-01-31T11:02:07.441+0100] {logging_mixin.py:188} INFO - [2024-01-31T11:02:07.440+0100] {dag.py:3033} INFO - Sync 1 DAGs
[2024-01-31T11:02:07.463+0100] {logging_mixin.py:188} INFO - [2024-01-31T11:02:07.463+0100] {dag.py:3820} INFO - Setting next_dagrun for example_branch_python_operator_decorator to 2024-01-30T00:00:00+00:00, run_after=2024-01-31T00:00:00+00:00
[2024-01-31T11:02:07.491+0100] {processor.py:183} INFO - Processing /home/ubuntu/.local/lib/python3.10/site-packages/airflow/example_dags/example_branch_operator_decorator.py took 0.124 seconds
[2024-01-31T11:03:07.753+0100] {processor.py:161} INFO - Started process (PID=29095) to work on /home/ubuntu/.local/lib/python3.10/site-packages/airflow/example_dags/example_branch_operator_decorator.py
[2024-01-31T11:03:07.756+0100] {processor.py:830} INFO - Processing file /home/ubuntu/.local/lib/python3.10/site-packages/airflow/example_dags/example_branch_operator_decorator.py for tasks to queue
[2024-01-31T11:03:07.757+0100] {logging_mixin.py:188} INFO - [2024-01-31T11:03:07.756+0100] {dagbag.py:538} INFO - Filling up the DagBag from /home/ubuntu/.local/lib/python3.10/site-packages/airflow/example_dags/example_branch_operator_decorator.py
[2024-01-31T11:03:07.777+0100] {processor.py:840} INFO - DAG(s) 'example_branch_python_operator_decorator' retrieved from /home/ubuntu/.local/lib/python3.10/site-packages/airflow/example_dags/example_branch_operator_decorator.py
[2024-01-31T11:03:07.800+0100] {logging_mixin.py:188} INFO - [2024-01-31T11:03:07.800+0100] {dag.py:3033} INFO - Sync 1 DAGs
[2024-01-31T11:03:07.818+0100] {logging_mixin.py:188} INFO - [2024-01-31T11:03:07.818+0100] {dag.py:3820} INFO - Setting next_dagrun for example_branch_python_operator_decorator to 2024-01-30T00:00:00+00:00, run_after=2024-01-31T00:00:00+00:00
[2024-01-31T11:03:07.846+0100] {processor.py:183} INFO - Processing /home/ubuntu/.local/lib/python3.10/site-packages/airflow/example_dags/example_branch_operator_decorator.py took 0.097 seconds
[2024-01-31T11:04:08.538+0100] {processor.py:161} INFO - Started process (PID=29172) to work on /home/ubuntu/.local/lib/python3.10/site-packages/airflow/example_dags/example_branch_operator_decorator.py
[2024-01-31T11:04:08.540+0100] {processor.py:830} INFO - Processing file /home/ubuntu/.local/lib/python3.10/site-packages/airflow/example_dags/example_branch_operator_decorator.py for tasks to queue
[2024-01-31T11:04:08.541+0100] {logging_mixin.py:188} INFO - [2024-01-31T11:04:08.541+0100] {dagbag.py:538} INFO - Filling up the DagBag from /home/ubuntu/.local/lib/python3.10/site-packages/airflow/example_dags/example_branch_operator_decorator.py
[2024-01-31T11:04:08.561+0100] {processor.py:840} INFO - DAG(s) 'example_branch_python_operator_decorator' retrieved from /home/ubuntu/.local/lib/python3.10/site-packages/airflow/example_dags/example_branch_operator_decorator.py
[2024-01-31T11:04:08.582+0100] {logging_mixin.py:188} INFO - [2024-01-31T11:04:08.582+0100] {dag.py:3033} INFO - Sync 1 DAGs
[2024-01-31T11:04:08.601+0100] {logging_mixin.py:188} INFO - [2024-01-31T11:04:08.601+0100] {dag.py:3820} INFO - Setting next_dagrun for example_branch_python_operator_decorator to 2024-01-30T00:00:00+00:00, run_after=2024-01-31T00:00:00+00:00
[2024-01-31T11:04:08.627+0100] {processor.py:183} INFO - Processing /home/ubuntu/.local/lib/python3.10/site-packages/airflow/example_dags/example_branch_operator_decorator.py took 0.092 seconds
[2024-01-31T11:05:11.483+0100] {processor.py:161} INFO - Started process (PID=29246) to work on /home/ubuntu/.local/lib/python3.10/site-packages/airflow/example_dags/example_branch_operator_decorator.py
[2024-01-31T11:05:11.485+0100] {processor.py:830} INFO - Processing file /home/ubuntu/.local/lib/python3.10/site-packages/airflow/example_dags/example_branch_operator_decorator.py for tasks to queue
[2024-01-31T11:05:11.487+0100] {logging_mixin.py:188} INFO - [2024-01-31T11:05:11.487+0100] {dagbag.py:538} INFO - Filling up the DagBag from /home/ubuntu/.local/lib/python3.10/site-packages/airflow/example_dags/example_branch_operator_decorator.py
[2024-01-31T11:05:11.516+0100] {processor.py:840} INFO - DAG(s) 'example_branch_python_operator_decorator' retrieved from /home/ubuntu/.local/lib/python3.10/site-packages/airflow/example_dags/example_branch_operator_decorator.py
[2024-01-31T11:05:11.547+0100] {logging_mixin.py:188} INFO - [2024-01-31T11:05:11.547+0100] {dag.py:3033} INFO - Sync 1 DAGs
[2024-01-31T11:05:11.571+0100] {logging_mixin.py:188} INFO - [2024-01-31T11:05:11.571+0100] {dag.py:3820} INFO - Setting next_dagrun for example_branch_python_operator_decorator to 2024-01-30T00:00:00+00:00, run_after=2024-01-31T00:00:00+00:00
[2024-01-31T11:05:11.600+0100] {processor.py:183} INFO - Processing /home/ubuntu/.local/lib/python3.10/site-packages/airflow/example_dags/example_branch_operator_decorator.py took 0.121 seconds
[2024-01-31T11:06:08.003+0100] {processor.py:161} INFO - Started process (PID=29316) to work on /home/ubuntu/.local/lib/python3.10/site-packages/airflow/example_dags/example_branch_operator_decorator.py
[2024-01-31T11:06:08.007+0100] {processor.py:830} INFO - Processing file /home/ubuntu/.local/lib/python3.10/site-packages/airflow/example_dags/example_branch_operator_decorator.py for tasks to queue
[2024-01-31T11:06:08.007+0100] {logging_mixin.py:188} INFO - [2024-01-31T11:06:08.007+0100] {dagbag.py:538} INFO - Filling up the DagBag from /home/ubuntu/.local/lib/python3.10/site-packages/airflow/example_dags/example_branch_operator_decorator.py
[2024-01-31T11:06:08.030+0100] {processor.py:840} INFO - DAG(s) 'example_branch_python_operator_decorator' retrieved from /home/ubuntu/.local/lib/python3.10/site-packages/airflow/example_dags/example_branch_operator_decorator.py
[2024-01-31T11:06:08.055+0100] {logging_mixin.py:188} INFO - [2024-01-31T11:06:08.055+0100] {dag.py:3033} INFO - Sync 1 DAGs
[2024-01-31T11:06:08.073+0100] {logging_mixin.py:188} INFO - [2024-01-31T11:06:08.073+0100] {dag.py:3820} INFO - Setting next_dagrun for example_branch_python_operator_decorator to 2024-01-30T00:00:00+00:00, run_after=2024-01-31T00:00:00+00:00
[2024-01-31T11:06:08.103+0100] {processor.py:183} INFO - Processing /home/ubuntu/.local/lib/python3.10/site-packages/airflow/example_dags/example_branch_operator_decorator.py took 0.103 seconds
[2024-01-31T11:07:09.897+0100] {processor.py:161} INFO - Started process (PID=29387) to work on /home/ubuntu/.local/lib/python3.10/site-packages/airflow/example_dags/example_branch_operator_decorator.py
[2024-01-31T11:07:09.901+0100] {processor.py:830} INFO - Processing file /home/ubuntu/.local/lib/python3.10/site-packages/airflow/example_dags/example_branch_operator_decorator.py for tasks to queue
[2024-01-31T11:07:09.902+0100] {logging_mixin.py:188} INFO - [2024-01-31T11:07:09.901+0100] {dagbag.py:538} INFO - Filling up the DagBag from /home/ubuntu/.local/lib/python3.10/site-packages/airflow/example_dags/example_branch_operator_decorator.py
[2024-01-31T11:07:09.940+0100] {processor.py:840} INFO - DAG(s) 'example_branch_python_operator_decorator' retrieved from /home/ubuntu/.local/lib/python3.10/site-packages/airflow/example_dags/example_branch_operator_decorator.py
[2024-01-31T11:07:09.979+0100] {logging_mixin.py:188} INFO - [2024-01-31T11:07:09.979+0100] {dag.py:3033} INFO - Sync 1 DAGs
[2024-01-31T11:07:10.013+0100] {logging_mixin.py:188} INFO - [2024-01-31T11:07:10.013+0100] {dag.py:3820} INFO - Setting next_dagrun for example_branch_python_operator_decorator to 2024-01-30T00:00:00+00:00, run_after=2024-01-31T00:00:00+00:00
[2024-01-31T11:07:10.055+0100] {processor.py:183} INFO - Processing /home/ubuntu/.local/lib/python3.10/site-packages/airflow/example_dags/example_branch_operator_decorator.py took 0.167 seconds
[2024-01-31T11:08:11.002+0100] {processor.py:161} INFO - Started process (PID=29461) to work on /home/ubuntu/.local/lib/python3.10/site-packages/airflow/example_dags/example_branch_operator_decorator.py
[2024-01-31T11:08:11.004+0100] {processor.py:830} INFO - Processing file /home/ubuntu/.local/lib/python3.10/site-packages/airflow/example_dags/example_branch_operator_decorator.py for tasks to queue
[2024-01-31T11:08:11.005+0100] {logging_mixin.py:188} INFO - [2024-01-31T11:08:11.005+0100] {dagbag.py:538} INFO - Filling up the DagBag from /home/ubuntu/.local/lib/python3.10/site-packages/airflow/example_dags/example_branch_operator_decorator.py
[2024-01-31T11:08:11.028+0100] {processor.py:840} INFO - DAG(s) 'example_branch_python_operator_decorator' retrieved from /home/ubuntu/.local/lib/python3.10/site-packages/airflow/example_dags/example_branch_operator_decorator.py
[2024-01-31T11:08:11.053+0100] {logging_mixin.py:188} INFO - [2024-01-31T11:08:11.052+0100] {dag.py:3033} INFO - Sync 1 DAGs
[2024-01-31T11:08:11.073+0100] {logging_mixin.py:188} INFO - [2024-01-31T11:08:11.073+0100] {dag.py:3820} INFO - Setting next_dagrun for example_branch_python_operator_decorator to 2024-01-30T00:00:00+00:00, run_after=2024-01-31T00:00:00+00:00
[2024-01-31T11:08:11.102+0100] {processor.py:183} INFO - Processing /home/ubuntu/.local/lib/python3.10/site-packages/airflow/example_dags/example_branch_operator_decorator.py took 0.103 seconds
[2024-01-31T11:09:16.991+0100] {processor.py:161} INFO - Started process (PID=29532) to work on /home/ubuntu/.local/lib/python3.10/site-packages/airflow/example_dags/example_branch_operator_decorator.py
[2024-01-31T11:09:16.993+0100] {processor.py:830} INFO - Processing file /home/ubuntu/.local/lib/python3.10/site-packages/airflow/example_dags/example_branch_operator_decorator.py for tasks to queue
[2024-01-31T11:09:16.994+0100] {logging_mixin.py:188} INFO - [2024-01-31T11:09:16.994+0100] {dagbag.py:538} INFO - Filling up the DagBag from /home/ubuntu/.local/lib/python3.10/site-packages/airflow/example_dags/example_branch_operator_decorator.py
[2024-01-31T11:09:17.019+0100] {processor.py:840} INFO - DAG(s) 'example_branch_python_operator_decorator' retrieved from /home/ubuntu/.local/lib/python3.10/site-packages/airflow/example_dags/example_branch_operator_decorator.py
[2024-01-31T11:09:17.045+0100] {logging_mixin.py:188} INFO - [2024-01-31T11:09:17.045+0100] {dag.py:3033} INFO - Sync 1 DAGs
[2024-01-31T11:09:17.066+0100] {logging_mixin.py:188} INFO - [2024-01-31T11:09:17.066+0100] {dag.py:3820} INFO - Setting next_dagrun for example_branch_python_operator_decorator to 2024-01-30T00:00:00+00:00, run_after=2024-01-31T00:00:00+00:00
[2024-01-31T11:09:17.097+0100] {processor.py:183} INFO - Processing /home/ubuntu/.local/lib/python3.10/site-packages/airflow/example_dags/example_branch_operator_decorator.py took 0.112 seconds
[2024-01-31T11:10:21.690+0100] {processor.py:161} INFO - Started process (PID=29608) to work on /home/ubuntu/.local/lib/python3.10/site-packages/airflow/example_dags/example_branch_operator_decorator.py
[2024-01-31T11:10:21.692+0100] {processor.py:830} INFO - Processing file /home/ubuntu/.local/lib/python3.10/site-packages/airflow/example_dags/example_branch_operator_decorator.py for tasks to queue
[2024-01-31T11:10:21.693+0100] {logging_mixin.py:188} INFO - [2024-01-31T11:10:21.692+0100] {dagbag.py:538} INFO - Filling up the DagBag from /home/ubuntu/.local/lib/python3.10/site-packages/airflow/example_dags/example_branch_operator_decorator.py
[2024-01-31T11:10:21.713+0100] {processor.py:840} INFO - DAG(s) 'example_branch_python_operator_decorator' retrieved from /home/ubuntu/.local/lib/python3.10/site-packages/airflow/example_dags/example_branch_operator_decorator.py
[2024-01-31T11:10:21.736+0100] {logging_mixin.py:188} INFO - [2024-01-31T11:10:21.735+0100] {dag.py:3033} INFO - Sync 1 DAGs
[2024-01-31T11:10:21.756+0100] {logging_mixin.py:188} INFO - [2024-01-31T11:10:21.756+0100] {dag.py:3820} INFO - Setting next_dagrun for example_branch_python_operator_decorator to 2024-01-30T00:00:00+00:00, run_after=2024-01-31T00:00:00+00:00
[2024-01-31T11:10:21.782+0100] {processor.py:183} INFO - Processing /home/ubuntu/.local/lib/python3.10/site-packages/airflow/example_dags/example_branch_operator_decorator.py took 0.096 seconds
[2024-01-31T11:11:21.100+0100] {processor.py:161} INFO - Started process (PID=29676) to work on /home/ubuntu/.local/lib/python3.10/site-packages/airflow/example_dags/example_branch_operator_decorator.py
[2024-01-31T11:11:21.103+0100] {processor.py:830} INFO - Processing file /home/ubuntu/.local/lib/python3.10/site-packages/airflow/example_dags/example_branch_operator_decorator.py for tasks to queue
[2024-01-31T11:11:21.104+0100] {logging_mixin.py:188} INFO - [2024-01-31T11:11:21.103+0100] {dagbag.py:538} INFO - Filling up the DagBag from /home/ubuntu/.local/lib/python3.10/site-packages/airflow/example_dags/example_branch_operator_decorator.py
[2024-01-31T11:11:21.125+0100] {processor.py:840} INFO - DAG(s) 'example_branch_python_operator_decorator' retrieved from /home/ubuntu/.local/lib/python3.10/site-packages/airflow/example_dags/example_branch_operator_decorator.py
[2024-01-31T11:11:21.147+0100] {logging_mixin.py:188} INFO - [2024-01-31T11:11:21.147+0100] {dag.py:3033} INFO - Sync 1 DAGs
[2024-01-31T11:11:21.167+0100] {logging_mixin.py:188} INFO - [2024-01-31T11:11:21.167+0100] {dag.py:3820} INFO - Setting next_dagrun for example_branch_python_operator_decorator to 2024-01-30T00:00:00+00:00, run_after=2024-01-31T00:00:00+00:00
[2024-01-31T11:11:21.196+0100] {processor.py:183} INFO - Processing /home/ubuntu/.local/lib/python3.10/site-packages/airflow/example_dags/example_branch_operator_decorator.py took 0.101 seconds
[2024-01-31T11:12:25.517+0100] {processor.py:161} INFO - Started process (PID=29747) to work on /home/ubuntu/.local/lib/python3.10/site-packages/airflow/example_dags/example_branch_operator_decorator.py
[2024-01-31T11:12:25.521+0100] {processor.py:830} INFO - Processing file /home/ubuntu/.local/lib/python3.10/site-packages/airflow/example_dags/example_branch_operator_decorator.py for tasks to queue
[2024-01-31T11:12:25.523+0100] {logging_mixin.py:188} INFO - [2024-01-31T11:12:25.522+0100] {dagbag.py:538} INFO - Filling up the DagBag from /home/ubuntu/.local/lib/python3.10/site-packages/airflow/example_dags/example_branch_operator_decorator.py
[2024-01-31T11:12:25.561+0100] {processor.py:840} INFO - DAG(s) 'example_branch_python_operator_decorator' retrieved from /home/ubuntu/.local/lib/python3.10/site-packages/airflow/example_dags/example_branch_operator_decorator.py
[2024-01-31T11:12:25.618+0100] {logging_mixin.py:188} INFO - [2024-01-31T11:12:25.618+0100] {dag.py:3033} INFO - Sync 1 DAGs
[2024-01-31T11:12:25.655+0100] {logging_mixin.py:188} INFO - [2024-01-31T11:12:25.655+0100] {dag.py:3820} INFO - Setting next_dagrun for example_branch_python_operator_decorator to 2024-01-30T00:00:00+00:00, run_after=2024-01-31T00:00:00+00:00
[2024-01-31T11:12:25.701+0100] {processor.py:183} INFO - Processing /home/ubuntu/.local/lib/python3.10/site-packages/airflow/example_dags/example_branch_operator_decorator.py took 0.188 seconds
[2024-01-31T11:13:11.854+0100] {processor.py:161} INFO - Started process (PID=29798) to work on /home/ubuntu/.local/lib/python3.10/site-packages/airflow/example_dags/example_branch_operator_decorator.py
[2024-01-31T11:13:11.856+0100] {processor.py:830} INFO - Processing file /home/ubuntu/.local/lib/python3.10/site-packages/airflow/example_dags/example_branch_operator_decorator.py for tasks to queue
[2024-01-31T11:13:11.858+0100] {logging_mixin.py:188} INFO - [2024-01-31T11:13:11.857+0100] {dagbag.py:538} INFO - Filling up the DagBag from /home/ubuntu/.local/lib/python3.10/site-packages/airflow/example_dags/example_branch_operator_decorator.py
[2024-01-31T11:13:11.883+0100] {processor.py:840} INFO - DAG(s) 'example_branch_python_operator_decorator' retrieved from /home/ubuntu/.local/lib/python3.10/site-packages/airflow/example_dags/example_branch_operator_decorator.py
[2024-01-31T11:13:11.909+0100] {logging_mixin.py:188} INFO - [2024-01-31T11:13:11.909+0100] {dag.py:3033} INFO - Sync 1 DAGs
[2024-01-31T11:13:11.930+0100] {logging_mixin.py:188} INFO - [2024-01-31T11:13:11.930+0100] {dag.py:3820} INFO - Setting next_dagrun for example_branch_python_operator_decorator to 2024-01-30T00:00:00+00:00, run_after=2024-01-31T00:00:00+00:00
[2024-01-31T11:13:11.961+0100] {processor.py:183} INFO - Processing /home/ubuntu/.local/lib/python3.10/site-packages/airflow/example_dags/example_branch_operator_decorator.py took 0.111 seconds
[2024-01-31T11:13:56.985+0100] {processor.py:161} INFO - Started process (PID=29847) to work on /home/ubuntu/.local/lib/python3.10/site-packages/airflow/example_dags/example_branch_operator_decorator.py
[2024-01-31T11:13:56.986+0100] {processor.py:830} INFO - Processing file /home/ubuntu/.local/lib/python3.10/site-packages/airflow/example_dags/example_branch_operator_decorator.py for tasks to queue
[2024-01-31T11:13:56.987+0100] {logging_mixin.py:188} INFO - [2024-01-31T11:13:56.987+0100] {dagbag.py:538} INFO - Filling up the DagBag from /home/ubuntu/.local/lib/python3.10/site-packages/airflow/example_dags/example_branch_operator_decorator.py
[2024-01-31T11:13:57.007+0100] {processor.py:840} INFO - DAG(s) 'example_branch_python_operator_decorator' retrieved from /home/ubuntu/.local/lib/python3.10/site-packages/airflow/example_dags/example_branch_operator_decorator.py
[2024-01-31T11:13:57.030+0100] {logging_mixin.py:188} INFO - [2024-01-31T11:13:57.029+0100] {dag.py:3033} INFO - Sync 1 DAGs
[2024-01-31T11:13:57.055+0100] {logging_mixin.py:188} INFO - [2024-01-31T11:13:57.054+0100] {dag.py:3820} INFO - Setting next_dagrun for example_branch_python_operator_decorator to 2024-01-30T00:00:00+00:00, run_after=2024-01-31T00:00:00+00:00
[2024-01-31T11:13:57.096+0100] {processor.py:183} INFO - Processing /home/ubuntu/.local/lib/python3.10/site-packages/airflow/example_dags/example_branch_operator_decorator.py took 0.116 seconds
[2024-01-31T11:15:30.412+0100] {processor.py:161} INFO - Started process (PID=30547) to work on /home/ubuntu/.local/lib/python3.10/site-packages/airflow/example_dags/example_branch_operator_decorator.py
[2024-01-31T11:15:30.414+0100] {processor.py:830} INFO - Processing file /home/ubuntu/.local/lib/python3.10/site-packages/airflow/example_dags/example_branch_operator_decorator.py for tasks to queue
[2024-01-31T11:15:30.415+0100] {logging_mixin.py:188} INFO - [2024-01-31T11:15:30.415+0100] {dagbag.py:538} INFO - Filling up the DagBag from /home/ubuntu/.local/lib/python3.10/site-packages/airflow/example_dags/example_branch_operator_decorator.py
[2024-01-31T11:15:30.439+0100] {processor.py:840} INFO - DAG(s) 'example_branch_python_operator_decorator' retrieved from /home/ubuntu/.local/lib/python3.10/site-packages/airflow/example_dags/example_branch_operator_decorator.py
[2024-01-31T11:15:30.465+0100] {logging_mixin.py:188} INFO - [2024-01-31T11:15:30.465+0100] {dag.py:3033} INFO - Sync 1 DAGs
[2024-01-31T11:15:30.485+0100] {logging_mixin.py:188} INFO - [2024-01-31T11:15:30.485+0100] {dag.py:3820} INFO - Setting next_dagrun for example_branch_python_operator_decorator to 2024-01-30T00:00:00+00:00, run_after=2024-01-31T00:00:00+00:00
[2024-01-31T11:15:30.515+0100] {processor.py:183} INFO - Processing /home/ubuntu/.local/lib/python3.10/site-packages/airflow/example_dags/example_branch_operator_decorator.py took 0.107 seconds
[2024-01-31T11:16:21.226+0100] {processor.py:161} INFO - Started process (PID=30607) to work on /home/ubuntu/.local/lib/python3.10/site-packages/airflow/example_dags/example_branch_operator_decorator.py
[2024-01-31T11:16:21.231+0100] {processor.py:830} INFO - Processing file /home/ubuntu/.local/lib/python3.10/site-packages/airflow/example_dags/example_branch_operator_decorator.py for tasks to queue
[2024-01-31T11:16:21.232+0100] {logging_mixin.py:188} INFO - [2024-01-31T11:16:21.231+0100] {dagbag.py:538} INFO - Filling up the DagBag from /home/ubuntu/.local/lib/python3.10/site-packages/airflow/example_dags/example_branch_operator_decorator.py
[2024-01-31T11:16:21.253+0100] {processor.py:840} INFO - DAG(s) 'example_branch_python_operator_decorator' retrieved from /home/ubuntu/.local/lib/python3.10/site-packages/airflow/example_dags/example_branch_operator_decorator.py
[2024-01-31T11:16:21.277+0100] {logging_mixin.py:188} INFO - [2024-01-31T11:16:21.277+0100] {dag.py:3033} INFO - Sync 1 DAGs
[2024-01-31T11:16:21.298+0100] {logging_mixin.py:188} INFO - [2024-01-31T11:16:21.298+0100] {dag.py:3820} INFO - Setting next_dagrun for example_branch_python_operator_decorator to 2024-01-30T00:00:00+00:00, run_after=2024-01-31T00:00:00+00:00
[2024-01-31T11:16:21.328+0100] {processor.py:183} INFO - Processing /home/ubuntu/.local/lib/python3.10/site-packages/airflow/example_dags/example_branch_operator_decorator.py took 0.106 seconds
[2024-01-31T11:17:09.488+0100] {processor.py:161} INFO - Started process (PID=30663) to work on /home/ubuntu/.local/lib/python3.10/site-packages/airflow/example_dags/example_branch_operator_decorator.py
[2024-01-31T11:17:09.490+0100] {processor.py:830} INFO - Processing file /home/ubuntu/.local/lib/python3.10/site-packages/airflow/example_dags/example_branch_operator_decorator.py for tasks to queue
[2024-01-31T11:17:09.492+0100] {logging_mixin.py:188} INFO - [2024-01-31T11:17:09.491+0100] {dagbag.py:538} INFO - Filling up the DagBag from /home/ubuntu/.local/lib/python3.10/site-packages/airflow/example_dags/example_branch_operator_decorator.py
[2024-01-31T11:17:09.523+0100] {processor.py:840} INFO - DAG(s) 'example_branch_python_operator_decorator' retrieved from /home/ubuntu/.local/lib/python3.10/site-packages/airflow/example_dags/example_branch_operator_decorator.py
[2024-01-31T11:17:09.556+0100] {logging_mixin.py:188} INFO - [2024-01-31T11:17:09.556+0100] {dag.py:3033} INFO - Sync 1 DAGs
[2024-01-31T11:17:09.580+0100] {logging_mixin.py:188} INFO - [2024-01-31T11:17:09.580+0100] {dag.py:3820} INFO - Setting next_dagrun for example_branch_python_operator_decorator to 2024-01-30T00:00:00+00:00, run_after=2024-01-31T00:00:00+00:00
[2024-01-31T11:17:09.625+0100] {processor.py:183} INFO - Processing /home/ubuntu/.local/lib/python3.10/site-packages/airflow/example_dags/example_branch_operator_decorator.py took 0.141 seconds
[2024-01-31T11:18:11.585+0100] {processor.py:161} INFO - Started process (PID=30720) to work on /home/ubuntu/.local/lib/python3.10/site-packages/airflow/example_dags/example_branch_operator_decorator.py
[2024-01-31T11:18:11.588+0100] {processor.py:830} INFO - Processing file /home/ubuntu/.local/lib/python3.10/site-packages/airflow/example_dags/example_branch_operator_decorator.py for tasks to queue
[2024-01-31T11:18:11.589+0100] {logging_mixin.py:188} INFO - [2024-01-31T11:18:11.589+0100] {dagbag.py:538} INFO - Filling up the DagBag from /home/ubuntu/.local/lib/python3.10/site-packages/airflow/example_dags/example_branch_operator_decorator.py
[2024-01-31T11:18:11.626+0100] {processor.py:840} INFO - DAG(s) 'example_branch_python_operator_decorator' retrieved from /home/ubuntu/.local/lib/python3.10/site-packages/airflow/example_dags/example_branch_operator_decorator.py
[2024-01-31T11:18:11.659+0100] {logging_mixin.py:188} INFO - [2024-01-31T11:18:11.659+0100] {dag.py:3033} INFO - Sync 1 DAGs
[2024-01-31T11:18:11.688+0100] {logging_mixin.py:188} INFO - [2024-01-31T11:18:11.687+0100] {dag.py:3820} INFO - Setting next_dagrun for example_branch_python_operator_decorator to 2024-01-30T00:00:00+00:00, run_after=2024-01-31T00:00:00+00:00
[2024-01-31T11:18:11.722+0100] {processor.py:183} INFO - Processing /home/ubuntu/.local/lib/python3.10/site-packages/airflow/example_dags/example_branch_operator_decorator.py took 0.142 seconds
[2024-01-31T11:19:05.653+0100] {processor.py:161} INFO - Started process (PID=30777) to work on /home/ubuntu/.local/lib/python3.10/site-packages/airflow/example_dags/example_branch_operator_decorator.py
[2024-01-31T11:19:05.655+0100] {processor.py:830} INFO - Processing file /home/ubuntu/.local/lib/python3.10/site-packages/airflow/example_dags/example_branch_operator_decorator.py for tasks to queue
[2024-01-31T11:19:05.656+0100] {logging_mixin.py:188} INFO - [2024-01-31T11:19:05.656+0100] {dagbag.py:538} INFO - Filling up the DagBag from /home/ubuntu/.local/lib/python3.10/site-packages/airflow/example_dags/example_branch_operator_decorator.py
[2024-01-31T11:19:05.693+0100] {processor.py:840} INFO - DAG(s) 'example_branch_python_operator_decorator' retrieved from /home/ubuntu/.local/lib/python3.10/site-packages/airflow/example_dags/example_branch_operator_decorator.py
[2024-01-31T11:19:05.717+0100] {logging_mixin.py:188} INFO - [2024-01-31T11:19:05.717+0100] {dag.py:3033} INFO - Sync 1 DAGs
[2024-01-31T11:19:05.735+0100] {logging_mixin.py:188} INFO - [2024-01-31T11:19:05.735+0100] {dag.py:3820} INFO - Setting next_dagrun for example_branch_python_operator_decorator to 2024-01-30T00:00:00+00:00, run_after=2024-01-31T00:00:00+00:00
[2024-01-31T11:19:05.762+0100] {processor.py:183} INFO - Processing /home/ubuntu/.local/lib/python3.10/site-packages/airflow/example_dags/example_branch_operator_decorator.py took 0.114 seconds
[2024-01-31T11:19:53.348+0100] {processor.py:161} INFO - Started process (PID=30830) to work on /home/ubuntu/.local/lib/python3.10/site-packages/airflow/example_dags/example_branch_operator_decorator.py
[2024-01-31T11:19:53.350+0100] {processor.py:830} INFO - Processing file /home/ubuntu/.local/lib/python3.10/site-packages/airflow/example_dags/example_branch_operator_decorator.py for tasks to queue
[2024-01-31T11:19:53.352+0100] {logging_mixin.py:188} INFO - [2024-01-31T11:19:53.351+0100] {dagbag.py:538} INFO - Filling up the DagBag from /home/ubuntu/.local/lib/python3.10/site-packages/airflow/example_dags/example_branch_operator_decorator.py
[2024-01-31T11:19:53.386+0100] {processor.py:840} INFO - DAG(s) 'example_branch_python_operator_decorator' retrieved from /home/ubuntu/.local/lib/python3.10/site-packages/airflow/example_dags/example_branch_operator_decorator.py
[2024-01-31T11:19:53.412+0100] {logging_mixin.py:188} INFO - [2024-01-31T11:19:53.412+0100] {dag.py:3033} INFO - Sync 1 DAGs
[2024-01-31T11:19:53.442+0100] {logging_mixin.py:188} INFO - [2024-01-31T11:19:53.442+0100] {dag.py:3820} INFO - Setting next_dagrun for example_branch_python_operator_decorator to 2024-01-30T00:00:00+00:00, run_after=2024-01-31T00:00:00+00:00
[2024-01-31T11:19:53.488+0100] {processor.py:183} INFO - Processing /home/ubuntu/.local/lib/python3.10/site-packages/airflow/example_dags/example_branch_operator_decorator.py took 0.144 seconds
[2024-01-31T11:20:40.133+0100] {processor.py:161} INFO - Started process (PID=30885) to work on /home/ubuntu/.local/lib/python3.10/site-packages/airflow/example_dags/example_branch_operator_decorator.py
[2024-01-31T11:20:40.136+0100] {processor.py:830} INFO - Processing file /home/ubuntu/.local/lib/python3.10/site-packages/airflow/example_dags/example_branch_operator_decorator.py for tasks to queue
[2024-01-31T11:20:40.137+0100] {logging_mixin.py:188} INFO - [2024-01-31T11:20:40.136+0100] {dagbag.py:538} INFO - Filling up the DagBag from /home/ubuntu/.local/lib/python3.10/site-packages/airflow/example_dags/example_branch_operator_decorator.py
[2024-01-31T11:20:40.167+0100] {processor.py:840} INFO - DAG(s) 'example_branch_python_operator_decorator' retrieved from /home/ubuntu/.local/lib/python3.10/site-packages/airflow/example_dags/example_branch_operator_decorator.py
[2024-01-31T11:20:40.197+0100] {logging_mixin.py:188} INFO - [2024-01-31T11:20:40.197+0100] {dag.py:3033} INFO - Sync 1 DAGs
[2024-01-31T11:20:40.223+0100] {logging_mixin.py:188} INFO - [2024-01-31T11:20:40.223+0100] {dag.py:3820} INFO - Setting next_dagrun for example_branch_python_operator_decorator to 2024-01-30T00:00:00+00:00, run_after=2024-01-31T00:00:00+00:00
[2024-01-31T11:20:40.269+0100] {processor.py:183} INFO - Processing /home/ubuntu/.local/lib/python3.10/site-packages/airflow/example_dags/example_branch_operator_decorator.py took 0.141 seconds
[2024-01-31T11:21:44.388+0100] {processor.py:161} INFO - Started process (PID=30956) to work on /home/ubuntu/.local/lib/python3.10/site-packages/airflow/example_dags/example_branch_operator_decorator.py
[2024-01-31T11:21:44.389+0100] {processor.py:830} INFO - Processing file /home/ubuntu/.local/lib/python3.10/site-packages/airflow/example_dags/example_branch_operator_decorator.py for tasks to queue
[2024-01-31T11:21:44.391+0100] {logging_mixin.py:188} INFO - [2024-01-31T11:21:44.390+0100] {dagbag.py:538} INFO - Filling up the DagBag from /home/ubuntu/.local/lib/python3.10/site-packages/airflow/example_dags/example_branch_operator_decorator.py
[2024-01-31T11:21:44.416+0100] {processor.py:840} INFO - DAG(s) 'example_branch_python_operator_decorator' retrieved from /home/ubuntu/.local/lib/python3.10/site-packages/airflow/example_dags/example_branch_operator_decorator.py
[2024-01-31T11:21:44.448+0100] {logging_mixin.py:188} INFO - [2024-01-31T11:21:44.447+0100] {dag.py:3033} INFO - Sync 1 DAGs
[2024-01-31T11:21:44.473+0100] {logging_mixin.py:188} INFO - [2024-01-31T11:21:44.473+0100] {dag.py:3820} INFO - Setting next_dagrun for example_branch_python_operator_decorator to 2024-01-30T00:00:00+00:00, run_after=2024-01-31T00:00:00+00:00
[2024-01-31T11:21:44.506+0100] {processor.py:183} INFO - Processing /home/ubuntu/.local/lib/python3.10/site-packages/airflow/example_dags/example_branch_operator_decorator.py took 0.123 seconds
[2024-01-31T11:22:46.460+0100] {processor.py:161} INFO - Started process (PID=31031) to work on /home/ubuntu/.local/lib/python3.10/site-packages/airflow/example_dags/example_branch_operator_decorator.py
[2024-01-31T11:22:46.462+0100] {processor.py:830} INFO - Processing file /home/ubuntu/.local/lib/python3.10/site-packages/airflow/example_dags/example_branch_operator_decorator.py for tasks to queue
[2024-01-31T11:22:46.463+0100] {logging_mixin.py:188} INFO - [2024-01-31T11:22:46.463+0100] {dagbag.py:538} INFO - Filling up the DagBag from /home/ubuntu/.local/lib/python3.10/site-packages/airflow/example_dags/example_branch_operator_decorator.py
[2024-01-31T11:22:46.488+0100] {processor.py:840} INFO - DAG(s) 'example_branch_python_operator_decorator' retrieved from /home/ubuntu/.local/lib/python3.10/site-packages/airflow/example_dags/example_branch_operator_decorator.py
[2024-01-31T11:22:46.518+0100] {logging_mixin.py:188} INFO - [2024-01-31T11:22:46.517+0100] {dag.py:3033} INFO - Sync 1 DAGs
[2024-01-31T11:22:46.542+0100] {logging_mixin.py:188} INFO - [2024-01-31T11:22:46.541+0100] {dag.py:3820} INFO - Setting next_dagrun for example_branch_python_operator_decorator to 2024-01-30T00:00:00+00:00, run_after=2024-01-31T00:00:00+00:00
[2024-01-31T11:22:46.573+0100] {processor.py:183} INFO - Processing /home/ubuntu/.local/lib/python3.10/site-packages/airflow/example_dags/example_branch_operator_decorator.py took 0.118 seconds
[2024-01-31T11:23:52.959+0100] {processor.py:161} INFO - Started process (PID=31108) to work on /home/ubuntu/.local/lib/python3.10/site-packages/airflow/example_dags/example_branch_operator_decorator.py
[2024-01-31T11:23:52.961+0100] {processor.py:830} INFO - Processing file /home/ubuntu/.local/lib/python3.10/site-packages/airflow/example_dags/example_branch_operator_decorator.py for tasks to queue
[2024-01-31T11:23:52.963+0100] {logging_mixin.py:188} INFO - [2024-01-31T11:23:52.962+0100] {dagbag.py:538} INFO - Filling up the DagBag from /home/ubuntu/.local/lib/python3.10/site-packages/airflow/example_dags/example_branch_operator_decorator.py
[2024-01-31T11:23:52.982+0100] {processor.py:840} INFO - DAG(s) 'example_branch_python_operator_decorator' retrieved from /home/ubuntu/.local/lib/python3.10/site-packages/airflow/example_dags/example_branch_operator_decorator.py
[2024-01-31T11:23:53.005+0100] {logging_mixin.py:188} INFO - [2024-01-31T11:23:53.005+0100] {dag.py:3033} INFO - Sync 1 DAGs
[2024-01-31T11:23:53.023+0100] {logging_mixin.py:188} INFO - [2024-01-31T11:23:53.022+0100] {dag.py:3820} INFO - Setting next_dagrun for example_branch_python_operator_decorator to 2024-01-30T00:00:00+00:00, run_after=2024-01-31T00:00:00+00:00
[2024-01-31T11:23:53.051+0100] {processor.py:183} INFO - Processing /home/ubuntu/.local/lib/python3.10/site-packages/airflow/example_dags/example_branch_operator_decorator.py took 0.096 seconds
[2024-01-31T11:24:58.559+0100] {processor.py:161} INFO - Started process (PID=31183) to work on /home/ubuntu/.local/lib/python3.10/site-packages/airflow/example_dags/example_branch_operator_decorator.py
[2024-01-31T11:24:58.561+0100] {processor.py:830} INFO - Processing file /home/ubuntu/.local/lib/python3.10/site-packages/airflow/example_dags/example_branch_operator_decorator.py for tasks to queue
[2024-01-31T11:24:58.562+0100] {logging_mixin.py:188} INFO - [2024-01-31T11:24:58.562+0100] {dagbag.py:538} INFO - Filling up the DagBag from /home/ubuntu/.local/lib/python3.10/site-packages/airflow/example_dags/example_branch_operator_decorator.py
[2024-01-31T11:24:58.582+0100] {processor.py:840} INFO - DAG(s) 'example_branch_python_operator_decorator' retrieved from /home/ubuntu/.local/lib/python3.10/site-packages/airflow/example_dags/example_branch_operator_decorator.py
[2024-01-31T11:24:58.604+0100] {logging_mixin.py:188} INFO - [2024-01-31T11:24:58.604+0100] {dag.py:3033} INFO - Sync 1 DAGs
[2024-01-31T11:24:58.622+0100] {logging_mixin.py:188} INFO - [2024-01-31T11:24:58.622+0100] {dag.py:3820} INFO - Setting next_dagrun for example_branch_python_operator_decorator to 2024-01-30T00:00:00+00:00, run_after=2024-01-31T00:00:00+00:00
[2024-01-31T11:24:58.656+0100] {processor.py:183} INFO - Processing /home/ubuntu/.local/lib/python3.10/site-packages/airflow/example_dags/example_branch_operator_decorator.py took 0.100 seconds
[2024-01-31T11:25:54.107+0100] {processor.py:161} INFO - Started process (PID=31236) to work on /home/ubuntu/.local/lib/python3.10/site-packages/airflow/example_dags/example_branch_operator_decorator.py
[2024-01-31T11:25:54.111+0100] {processor.py:830} INFO - Processing file /home/ubuntu/.local/lib/python3.10/site-packages/airflow/example_dags/example_branch_operator_decorator.py for tasks to queue
[2024-01-31T11:25:54.116+0100] {logging_mixin.py:188} INFO - [2024-01-31T11:25:54.115+0100] {dagbag.py:538} INFO - Filling up the DagBag from /home/ubuntu/.local/lib/python3.10/site-packages/airflow/example_dags/example_branch_operator_decorator.py
[2024-01-31T11:25:54.199+0100] {processor.py:840} INFO - DAG(s) 'example_branch_python_operator_decorator' retrieved from /home/ubuntu/.local/lib/python3.10/site-packages/airflow/example_dags/example_branch_operator_decorator.py
[2024-01-31T11:25:54.276+0100] {logging_mixin.py:188} INFO - [2024-01-31T11:25:54.275+0100] {dag.py:3033} INFO - Sync 1 DAGs
[2024-01-31T11:25:54.367+0100] {logging_mixin.py:188} INFO - [2024-01-31T11:25:54.366+0100] {dag.py:3820} INFO - Setting next_dagrun for example_branch_python_operator_decorator to 2024-01-30T00:00:00+00:00, run_after=2024-01-31T00:00:00+00:00
[2024-01-31T11:25:54.785+0100] {processor.py:183} INFO - Processing /home/ubuntu/.local/lib/python3.10/site-packages/airflow/example_dags/example_branch_operator_decorator.py took 0.692 seconds
                                                                                                                                                                                                                                                                                                                                                                                                                                                                                                                                                                                                                                                                                                                                                                                                                                                                                                                                                                                                                                                                                                                                                                                                                                                                                                                                                                                                                                                                                                   