[2024-01-31T01:01:50.342+0100] {processor.py:161} INFO - Started process (PID=26544) to work on /home/ubuntu/.local/lib/python3.10/site-packages/airflow/example_dags/example_dynamic_task_mapping.py
[2024-01-31T01:01:50.345+0100] {processor.py:830} INFO - Processing file /home/ubuntu/.local/lib/python3.10/site-packages/airflow/example_dags/example_dynamic_task_mapping.py for tasks to queue
[2024-01-31T01:01:50.348+0100] {logging_mixin.py:188} INFO - [2024-01-31T01:01:50.347+0100] {dagbag.py:538} INFO - Filling up the DagBag from /home/ubuntu/.local/lib/python3.10/site-packages/airflow/example_dags/example_dynamic_task_mapping.py
[2024-01-31T01:01:50.364+0100] {processor.py:840} INFO - DAG(s) 'example_dynamic_task_mapping' retrieved from /home/ubuntu/.local/lib/python3.10/site-packages/airflow/example_dags/example_dynamic_task_mapping.py
[2024-01-31T01:01:50.390+0100] {logging_mixin.py:188} INFO - [2024-01-31T01:01:50.389+0100] {dag.py:3033} INFO - Sync 1 DAGs
[2024-01-31T01:01:50.415+0100] {logging_mixin.py:188} INFO - [2024-01-31T01:01:50.415+0100] {dag.py:3820} INFO - Setting next_dagrun for example_dynamic_task_mapping to 2022-03-04T00:00:00+00:00, run_after=2022-03-05T00:00:00+00:00
[2024-01-31T01:01:50.467+0100] {processor.py:183} INFO - Processing /home/ubuntu/.local/lib/python3.10/site-packages/airflow/example_dags/example_dynamic_task_mapping.py took 0.132 seconds
[2024-01-31T10:29:40.407+0100] {processor.py:161} INFO - Started process (PID=26705) to work on /home/ubuntu/.local/lib/python3.10/site-packages/airflow/example_dags/example_dynamic_task_mapping.py
[2024-01-31T10:29:40.409+0100] {processor.py:830} INFO - Processing file /home/ubuntu/.local/lib/python3.10/site-packages/airflow/example_dags/example_dynamic_task_mapping.py for tasks to queue
[2024-01-31T10:29:40.410+0100] {logging_mixin.py:188} INFO - [2024-01-31T10:29:40.409+0100] {dagbag.py:538} INFO - Filling up the DagBag from /home/ubuntu/.local/lib/python3.10/site-packages/airflow/example_dags/example_dynamic_task_mapping.py
[2024-01-31T10:29:40.417+0100] {processor.py:840} INFO - DAG(s) 'example_dynamic_task_mapping' retrieved from /home/ubuntu/.local/lib/python3.10/site-packages/airflow/example_dags/example_dynamic_task_mapping.py
[2024-01-31T10:29:40.434+0100] {logging_mixin.py:188} INFO - [2024-01-31T10:29:40.434+0100] {dag.py:3033} INFO - Sync 1 DAGs
[2024-01-31T10:29:40.452+0100] {logging_mixin.py:188} INFO - [2024-01-31T10:29:40.452+0100] {dag.py:3820} INFO - Setting next_dagrun for example_dynamic_task_mapping to 2022-03-04T00:00:00+00:00, run_after=2022-03-05T00:00:00+00:00
[2024-01-31T10:29:40.480+0100] {processor.py:183} INFO - Processing /home/ubuntu/.local/lib/python3.10/site-packages/airflow/example_dags/example_dynamic_task_mapping.py took 0.077 seconds
[2024-01-31T10:30:28.679+0100] {processor.py:161} INFO - Started process (PID=26764) to work on /home/ubuntu/.local/lib/python3.10/site-packages/airflow/example_dags/example_dynamic_task_mapping.py
[2024-01-31T10:30:28.681+0100] {processor.py:830} INFO - Processing file /home/ubuntu/.local/lib/python3.10/site-packages/airflow/example_dags/example_dynamic_task_mapping.py for tasks to queue
[2024-01-31T10:30:28.682+0100] {logging_mixin.py:188} INFO - [2024-01-31T10:30:28.681+0100] {dagbag.py:538} INFO - Filling up the DagBag from /home/ubuntu/.local/lib/python3.10/site-packages/airflow/example_dags/example_dynamic_task_mapping.py
[2024-01-31T10:30:28.689+0100] {processor.py:840} INFO - DAG(s) 'example_dynamic_task_mapping' retrieved from /home/ubuntu/.local/lib/python3.10/site-packages/airflow/example_dags/example_dynamic_task_mapping.py
[2024-01-31T10:30:28.708+0100] {logging_mixin.py:188} INFO - [2024-01-31T10:30:28.707+0100] {dag.py:3033} INFO - Sync 1 DAGs
[2024-01-31T10:30:28.724+0100] {logging_mixin.py:188} INFO - [2024-01-31T10:30:28.724+0100] {dag.py:3820} INFO - Setting next_dagrun for example_dynamic_task_mapping to 2022-03-04T00:00:00+00:00, run_after=2022-03-05T00:00:00+00:00
[2024-01-31T10:30:28.751+0100] {processor.py:183} INFO - Processing /home/ubuntu/.local/lib/python3.10/site-packages/airflow/example_dags/example_dynamic_task_mapping.py took 0.076 seconds
[2024-01-31T10:31:19.012+0100] {processor.py:161} INFO - Started process (PID=26821) to work on /home/ubuntu/.local/lib/python3.10/site-packages/airflow/example_dags/example_dynamic_task_mapping.py
[2024-01-31T10:31:19.014+0100] {processor.py:830} INFO - Processing file /home/ubuntu/.local/lib/python3.10/site-packages/airflow/example_dags/example_dynamic_task_mapping.py for tasks to queue
[2024-01-31T10:31:19.015+0100] {logging_mixin.py:188} INFO - [2024-01-31T10:31:19.015+0100] {dagbag.py:538} INFO - Filling up the DagBag from /home/ubuntu/.local/lib/python3.10/site-packages/airflow/example_dags/example_dynamic_task_mapping.py
[2024-01-31T10:31:19.022+0100] {processor.py:840} INFO - DAG(s) 'example_dynamic_task_mapping' retrieved from /home/ubuntu/.local/lib/python3.10/site-packages/airflow/example_dags/example_dynamic_task_mapping.py
[2024-01-31T10:31:19.039+0100] {logging_mixin.py:188} INFO - [2024-01-31T10:31:19.039+0100] {dag.py:3033} INFO - Sync 1 DAGs
[2024-01-31T10:31:19.058+0100] {logging_mixin.py:188} INFO - [2024-01-31T10:31:19.058+0100] {dag.py:3820} INFO - Setting next_dagrun for example_dynamic_task_mapping to 2022-03-04T00:00:00+00:00, run_after=2022-03-05T00:00:00+00:00
[2024-01-31T10:31:19.090+0100] {processor.py:183} INFO - Processing /home/ubuntu/.local/lib/python3.10/site-packages/airflow/example_dags/example_dynamic_task_mapping.py took 0.082 seconds
[2024-01-31T10:32:17.200+0100] {processor.py:161} INFO - Started process (PID=26888) to work on /home/ubuntu/.local/lib/python3.10/site-packages/airflow/example_dags/example_dynamic_task_mapping.py
[2024-01-31T10:32:17.203+0100] {processor.py:830} INFO - Processing file /home/ubuntu/.local/lib/python3.10/site-packages/airflow/example_dags/example_dynamic_task_mapping.py for tasks to queue
[2024-01-31T10:32:17.204+0100] {logging_mixin.py:188} INFO - [2024-01-31T10:32:17.203+0100] {dagbag.py:538} INFO - Filling up the DagBag from /home/ubuntu/.local/lib/python3.10/site-packages/airflow/example_dags/example_dynamic_task_mapping.py
[2024-01-31T10:32:17.211+0100] {processor.py:840} INFO - DAG(s) 'example_dynamic_task_mapping' retrieved from /home/ubuntu/.local/lib/python3.10/site-packages/airflow/example_dags/example_dynamic_task_mapping.py
[2024-01-31T10:32:17.229+0100] {logging_mixin.py:188} INFO - [2024-01-31T10:32:17.229+0100] {dag.py:3033} INFO - Sync 1 DAGs
[2024-01-31T10:32:17.248+0100] {logging_mixin.py:188} INFO - [2024-01-31T10:32:17.247+0100] {dag.py:3820} INFO - Setting next_dagrun for example_dynamic_task_mapping to 2022-03-04T00:00:00+00:00, run_after=2022-03-05T00:00:00+00:00
[2024-01-31T10:32:17.277+0100] {processor.py:183} INFO - Processing /home/ubuntu/.local/lib/python3.10/site-packages/airflow/example_dags/example_dynamic_task_mapping.py took 0.081 seconds
[2024-01-31T10:33:16.376+0100] {processor.py:161} INFO - Started process (PID=26960) to work on /home/ubuntu/.local/lib/python3.10/site-packages/airflow/example_dags/example_dynamic_task_mapping.py
[2024-01-31T10:33:16.378+0100] {processor.py:830} INFO - Processing file /home/ubuntu/.local/lib/python3.10/site-packages/airflow/example_dags/example_dynamic_task_mapping.py for tasks to queue
[2024-01-31T10:33:16.379+0100] {logging_mixin.py:188} INFO - [2024-01-31T10:33:16.379+0100] {dagbag.py:538} INFO - Filling up the DagBag from /home/ubuntu/.local/lib/python3.10/site-packages/airflow/example_dags/example_dynamic_task_mapping.py
[2024-01-31T10:33:16.389+0100] {processor.py:840} INFO - DAG(s) 'example_dynamic_task_mapping' retrieved from /home/ubuntu/.local/lib/python3.10/site-packages/airflow/example_dags/example_dynamic_task_mapping.py
[2024-01-31T10:33:16.412+0100] {logging_mixin.py:188} INFO - [2024-01-31T10:33:16.412+0100] {dag.py:3033} INFO - Sync 1 DAGs
[2024-01-31T10:33:16.430+0100] {logging_mixin.py:188} INFO - [2024-01-31T10:33:16.430+0100] {dag.py:3820} INFO - Setting next_dagrun for example_dynamic_task_mapping to 2022-03-04T00:00:00+00:00, run_after=2022-03-05T00:00:00+00:00
[2024-01-31T10:33:16.459+0100] {processor.py:183} INFO - Processing /home/ubuntu/.local/lib/python3.10/site-packages/airflow/example_dags/example_dynamic_task_mapping.py took 0.088 seconds
[2024-01-31T10:34:16.285+0100] {processor.py:161} INFO - Started process (PID=27066) to work on /home/ubuntu/.local/lib/python3.10/site-packages/airflow/example_dags/example_dynamic_task_mapping.py
[2024-01-31T10:34:16.287+0100] {processor.py:830} INFO - Processing file /home/ubuntu/.local/lib/python3.10/site-packages/airflow/example_dags/example_dynamic_task_mapping.py for tasks to queue
[2024-01-31T10:34:16.288+0100] {logging_mixin.py:188} INFO - [2024-01-31T10:34:16.288+0100] {dagbag.py:538} INFO - Filling up the DagBag from /home/ubuntu/.local/lib/python3.10/site-packages/airflow/example_dags/example_dynamic_task_mapping.py
[2024-01-31T10:34:16.296+0100] {processor.py:840} INFO - DAG(s) 'example_dynamic_task_mapping' retrieved from /home/ubuntu/.local/lib/python3.10/site-packages/airflow/example_dags/example_dynamic_task_mapping.py
[2024-01-31T10:34:16.319+0100] {logging_mixin.py:188} INFO - [2024-01-31T10:34:16.319+0100] {dag.py:3033} INFO - Sync 1 DAGs
[2024-01-31T10:34:16.348+0100] {logging_mixin.py:188} INFO - [2024-01-31T10:34:16.347+0100] {dag.py:3820} INFO - Setting next_dagrun for example_dynamic_task_mapping to 2022-03-04T00:00:00+00:00, run_after=2022-03-05T00:00:00+00:00
[2024-01-31T10:34:16.379+0100] {processor.py:183} INFO - Processing /home/ubuntu/.local/lib/python3.10/site-packages/airflow/example_dags/example_dynamic_task_mapping.py took 0.100 seconds
[2024-01-31T10:35:21.610+0100] {processor.py:161} INFO - Started process (PID=27141) to work on /home/ubuntu/.local/lib/python3.10/site-packages/airflow/example_dags/example_dynamic_task_mapping.py
[2024-01-31T10:35:21.612+0100] {processor.py:830} INFO - Processing file /home/ubuntu/.local/lib/python3.10/site-packages/airflow/example_dags/example_dynamic_task_mapping.py for tasks to queue
[2024-01-31T10:35:21.613+0100] {logging_mixin.py:188} INFO - [2024-01-31T10:35:21.613+0100] {dagbag.py:538} INFO - Filling up the DagBag from /home/ubuntu/.local/lib/python3.10/site-packages/airflow/example_dags/example_dynamic_task_mapping.py
[2024-01-31T10:35:21.621+0100] {processor.py:840} INFO - DAG(s) 'example_dynamic_task_mapping' retrieved from /home/ubuntu/.local/lib/python3.10/site-packages/airflow/example_dags/example_dynamic_task_mapping.py
[2024-01-31T10:35:21.638+0100] {logging_mixin.py:188} INFO - [2024-01-31T10:35:21.637+0100] {dag.py:3033} INFO - Sync 1 DAGs
[2024-01-31T10:35:21.654+0100] {logging_mixin.py:188} INFO - [2024-01-31T10:35:21.654+0100] {dag.py:3820} INFO - Setting next_dagrun for example_dynamic_task_mapping to 2022-03-04T00:00:00+00:00, run_after=2022-03-05T00:00:00+00:00
[2024-01-31T10:35:21.688+0100] {processor.py:183} INFO - Processing /home/ubuntu/.local/lib/python3.10/site-packages/airflow/example_dags/example_dynamic_task_mapping.py took 0.081 seconds
[2024-01-31T10:36:26.716+0100] {processor.py:161} INFO - Started process (PID=27214) to work on /home/ubuntu/.local/lib/python3.10/site-packages/airflow/example_dags/example_dynamic_task_mapping.py
[2024-01-31T10:36:26.718+0100] {processor.py:830} INFO - Processing file /home/ubuntu/.local/lib/python3.10/site-packages/airflow/example_dags/example_dynamic_task_mapping.py for tasks to queue
[2024-01-31T10:36:26.719+0100] {logging_mixin.py:188} INFO - [2024-01-31T10:36:26.719+0100] {dagbag.py:538} INFO - Filling up the DagBag from /home/ubuntu/.local/lib/python3.10/site-packages/airflow/example_dags/example_dynamic_task_mapping.py
[2024-01-31T10:36:26.726+0100] {processor.py:840} INFO - DAG(s) 'example_dynamic_task_mapping' retrieved from /home/ubuntu/.local/lib/python3.10/site-packages/airflow/example_dags/example_dynamic_task_mapping.py
[2024-01-31T10:36:26.743+0100] {logging_mixin.py:188} INFO - [2024-01-31T10:36:26.743+0100] {dag.py:3033} INFO - Sync 1 DAGs
[2024-01-31T10:36:26.761+0100] {logging_mixin.py:188} INFO - [2024-01-31T10:36:26.760+0100] {dag.py:3820} INFO - Setting next_dagrun for example_dynamic_task_mapping to 2022-03-04T00:00:00+00:00, run_after=2022-03-05T00:00:00+00:00
[2024-01-31T10:36:26.786+0100] {processor.py:183} INFO - Processing /home/ubuntu/.local/lib/python3.10/site-packages/airflow/example_dags/example_dynamic_task_mapping.py took 0.073 seconds
[2024-01-31T10:37:10.540+0100] {processor.py:161} INFO - Started process (PID=27265) to work on /home/ubuntu/.local/lib/python3.10/site-packages/airflow/example_dags/example_dynamic_task_mapping.py
[2024-01-31T10:37:10.543+0100] {processor.py:830} INFO - Processing file /home/ubuntu/.local/lib/python3.10/site-packages/airflow/example_dags/example_dynamic_task_mapping.py for tasks to queue
[2024-01-31T10:37:10.544+0100] {logging_mixin.py:188} INFO - [2024-01-31T10:37:10.543+0100] {dagbag.py:538} INFO - Filling up the DagBag from /home/ubuntu/.local/lib/python3.10/site-packages/airflow/example_dags/example_dynamic_task_mapping.py
[2024-01-31T10:37:10.551+0100] {processor.py:840} INFO - DAG(s) 'example_dynamic_task_mapping' retrieved from /home/ubuntu/.local/lib/python3.10/site-packages/airflow/example_dags/example_dynamic_task_mapping.py
[2024-01-31T10:37:10.567+0100] {logging_mixin.py:188} INFO - [2024-01-31T10:37:10.567+0100] {dag.py:3033} INFO - Sync 1 DAGs
[2024-01-31T10:37:10.585+0100] {logging_mixin.py:188} INFO - [2024-01-31T10:37:10.584+0100] {dag.py:3820} INFO - Setting next_dagrun for example_dynamic_task_mapping to 2022-03-04T00:00:00+00:00, run_after=2022-03-05T00:00:00+00:00
[2024-01-31T10:37:10.612+0100] {processor.py:183} INFO - Processing /home/ubuntu/.local/lib/python3.10/site-packages/airflow/example_dags/example_dynamic_task_mapping.py took 0.076 seconds
[2024-01-31T10:38:13.886+0100] {processor.py:161} INFO - Started process (PID=27341) to work on /home/ubuntu/.local/lib/python3.10/site-packages/airflow/example_dags/example_dynamic_task_mapping.py
[2024-01-31T10:38:13.888+0100] {processor.py:830} INFO - Processing file /home/ubuntu/.local/lib/python3.10/site-packages/airflow/example_dags/example_dynamic_task_mapping.py for tasks to queue
[2024-01-31T10:38:13.889+0100] {logging_mixin.py:188} INFO - [2024-01-31T10:38:13.889+0100] {dagbag.py:538} INFO - Filling up the DagBag from /home/ubuntu/.local/lib/python3.10/site-packages/airflow/example_dags/example_dynamic_task_mapping.py
[2024-01-31T10:38:13.897+0100] {processor.py:840} INFO - DAG(s) 'example_dynamic_task_mapping' retrieved from /home/ubuntu/.local/lib/python3.10/site-packages/airflow/example_dags/example_dynamic_task_mapping.py
[2024-01-31T10:38:13.923+0100] {logging_mixin.py:188} INFO - [2024-01-31T10:38:13.923+0100] {dag.py:3033} INFO - Sync 1 DAGs
[2024-01-31T10:38:13.942+0100] {logging_mixin.py:188} INFO - [2024-01-31T10:38:13.942+0100] {dag.py:3820} INFO - Setting next_dagrun for example_dynamic_task_mapping to 2022-03-04T00:00:00+00:00, run_after=2022-03-05T00:00:00+00:00
[2024-01-31T10:38:13.973+0100] {processor.py:183} INFO - Processing /home/ubuntu/.local/lib/python3.10/site-packages/airflow/example_dags/example_dynamic_task_mapping.py took 0.090 seconds
[2024-01-31T10:38:58.045+0100] {processor.py:161} INFO - Started process (PID=27390) to work on /home/ubuntu/.local/lib/python3.10/site-packages/airflow/example_dags/example_dynamic_task_mapping.py
[2024-01-31T10:38:58.047+0100] {processor.py:830} INFO - Processing file /home/ubuntu/.local/lib/python3.10/site-packages/airflow/example_dags/example_dynamic_task_mapping.py for tasks to queue
[2024-01-31T10:38:58.049+0100] {logging_mixin.py:188} INFO - [2024-01-31T10:38:58.048+0100] {dagbag.py:538} INFO - Filling up the DagBag from /home/ubuntu/.local/lib/python3.10/site-packages/airflow/example_dags/example_dynamic_task_mapping.py
[2024-01-31T10:38:58.055+0100] {processor.py:840} INFO - DAG(s) 'example_dynamic_task_mapping' retrieved from /home/ubuntu/.local/lib/python3.10/site-packages/airflow/example_dags/example_dynamic_task_mapping.py
[2024-01-31T10:38:58.074+0100] {logging_mixin.py:188} INFO - [2024-01-31T10:38:58.074+0100] {dag.py:3033} INFO - Sync 1 DAGs
[2024-01-31T10:38:58.091+0100] {logging_mixin.py:188} INFO - [2024-01-31T10:38:58.091+0100] {dag.py:3820} INFO - Setting next_dagrun for example_dynamic_task_mapping to 2022-03-04T00:00:00+00:00, run_after=2022-03-05T00:00:00+00:00
[2024-01-31T10:38:58.117+0100] {processor.py:183} INFO - Processing /home/ubuntu/.local/lib/python3.10/site-packages/airflow/example_dags/example_dynamic_task_mapping.py took 0.078 seconds
[2024-01-31T10:39:59.884+0100] {processor.py:161} INFO - Started process (PID=27462) to work on /home/ubuntu/.local/lib/python3.10/site-packages/airflow/example_dags/example_dynamic_task_mapping.py
[2024-01-31T10:39:59.887+0100] {processor.py:830} INFO - Processing file /home/ubuntu/.local/lib/python3.10/site-packages/airflow/example_dags/example_dynamic_task_mapping.py for tasks to queue
[2024-01-31T10:39:59.887+0100] {logging_mixin.py:188} INFO - [2024-01-31T10:39:59.887+0100] {dagbag.py:538} INFO - Filling up the DagBag from /home/ubuntu/.local/lib/python3.10/site-packages/airflow/example_dags/example_dynamic_task_mapping.py
[2024-01-31T10:39:59.895+0100] {processor.py:840} INFO - DAG(s) 'example_dynamic_task_mapping' retrieved from /home/ubuntu/.local/lib/python3.10/site-packages/airflow/example_dags/example_dynamic_task_mapping.py
[2024-01-31T10:39:59.912+0100] {logging_mixin.py:188} INFO - [2024-01-31T10:39:59.912+0100] {dag.py:3033} INFO - Sync 1 DAGs
[2024-01-31T10:39:59.930+0100] {logging_mixin.py:188} INFO - [2024-01-31T10:39:59.929+0100] {dag.py:3820} INFO - Setting next_dagrun for example_dynamic_task_mapping to 2022-03-04T00:00:00+00:00, run_after=2022-03-05T00:00:00+00:00
[2024-01-31T10:39:59.956+0100] {processor.py:183} INFO - Processing /home/ubuntu/.local/lib/python3.10/site-packages/airflow/example_dags/example_dynamic_task_mapping.py took 0.076 seconds
[2024-01-31T10:40:56.898+0100] {processor.py:161} INFO - Started process (PID=27534) to work on /home/ubuntu/.local/lib/python3.10/site-packages/airflow/example_dags/example_dynamic_task_mapping.py
[2024-01-31T10:40:56.900+0100] {processor.py:830} INFO - Processing file /home/ubuntu/.local/lib/python3.10/site-packages/airflow/example_dags/example_dynamic_task_mapping.py for tasks to queue
[2024-01-31T10:40:56.901+0100] {logging_mixin.py:188} INFO - [2024-01-31T10:40:56.900+0100] {dagbag.py:538} INFO - Filling up the DagBag from /home/ubuntu/.local/lib/python3.10/site-packages/airflow/example_dags/example_dynamic_task_mapping.py
[2024-01-31T10:40:56.911+0100] {processor.py:840} INFO - DAG(s) 'example_dynamic_task_mapping' retrieved from /home/ubuntu/.local/lib/python3.10/site-packages/airflow/example_dags/example_dynamic_task_mapping.py
[2024-01-31T10:40:56.930+0100] {logging_mixin.py:188} INFO - [2024-01-31T10:40:56.930+0100] {dag.py:3033} INFO - Sync 1 DAGs
[2024-01-31T10:40:56.952+0100] {logging_mixin.py:188} INFO - [2024-01-31T10:40:56.952+0100] {dag.py:3820} INFO - Setting next_dagrun for example_dynamic_task_mapping to 2022-03-04T00:00:00+00:00, run_after=2022-03-05T00:00:00+00:00
[2024-01-31T10:40:56.983+0100] {processor.py:183} INFO - Processing /home/ubuntu/.local/lib/python3.10/site-packages/airflow/example_dags/example_dynamic_task_mapping.py took 0.090 seconds
[2024-01-31T10:42:00.645+0100] {processor.py:161} INFO - Started process (PID=27605) to work on /home/ubuntu/.local/lib/python3.10/site-packages/airflow/example_dags/example_dynamic_task_mapping.py
[2024-01-31T10:42:00.648+0100] {processor.py:830} INFO - Processing file /home/ubuntu/.local/lib/python3.10/site-packages/airflow/example_dags/example_dynamic_task_mapping.py for tasks to queue
[2024-01-31T10:42:00.649+0100] {logging_mixin.py:188} INFO - [2024-01-31T10:42:00.649+0100] {dagbag.py:538} INFO - Filling up the DagBag from /home/ubuntu/.local/lib/python3.10/site-packages/airflow/example_dags/example_dynamic_task_mapping.py
[2024-01-31T10:42:00.660+0100] {processor.py:840} INFO - DAG(s) 'example_dynamic_task_mapping' retrieved from /home/ubuntu/.local/lib/python3.10/site-packages/airflow/example_dags/example_dynamic_task_mapping.py
[2024-01-31T10:42:00.681+0100] {logging_mixin.py:188} INFO - [2024-01-31T10:42:00.681+0100] {dag.py:3033} INFO - Sync 1 DAGs
[2024-01-31T10:42:00.704+0100] {logging_mixin.py:188} INFO - [2024-01-31T10:42:00.704+0100] {dag.py:3820} INFO - Setting next_dagrun for example_dynamic_task_mapping to 2022-03-04T00:00:00+00:00, run_after=2022-03-05T00:00:00+00:00
[2024-01-31T10:42:00.742+0100] {processor.py:183} INFO - Processing /home/ubuntu/.local/lib/python3.10/site-packages/airflow/example_dags/example_dynamic_task_mapping.py took 0.102 seconds
[2024-01-31T10:42:59.137+0100] {processor.py:161} INFO - Started process (PID=27683) to work on /home/ubuntu/.local/lib/python3.10/site-packages/airflow/example_dags/example_dynamic_task_mapping.py
[2024-01-31T10:42:59.139+0100] {processor.py:830} INFO - Processing file /home/ubuntu/.local/lib/python3.10/site-packages/airflow/example_dags/example_dynamic_task_mapping.py for tasks to queue
[2024-01-31T10:42:59.140+0100] {logging_mixin.py:188} INFO - [2024-01-31T10:42:59.140+0100] {dagbag.py:538} INFO - Filling up the DagBag from /home/ubuntu/.local/lib/python3.10/site-packages/airflow/example_dags/example_dynamic_task_mapping.py
[2024-01-31T10:42:59.147+0100] {processor.py:840} INFO - DAG(s) 'example_dynamic_task_mapping' retrieved from /home/ubuntu/.local/lib/python3.10/site-packages/airflow/example_dags/example_dynamic_task_mapping.py
[2024-01-31T10:42:59.163+0100] {logging_mixin.py:188} INFO - [2024-01-31T10:42:59.162+0100] {dag.py:3033} INFO - Sync 1 DAGs
[2024-01-31T10:42:59.178+0100] {logging_mixin.py:188} INFO - [2024-01-31T10:42:59.177+0100] {dag.py:3820} INFO - Setting next_dagrun for example_dynamic_task_mapping to 2022-03-04T00:00:00+00:00, run_after=2022-03-05T00:00:00+00:00
[2024-01-31T10:42:59.207+0100] {processor.py:183} INFO - Processing /home/ubuntu/.local/lib/python3.10/site-packages/airflow/example_dags/example_dynamic_task_mapping.py took 0.073 seconds
[2024-01-31T10:43:55.300+0100] {processor.py:161} INFO - Started process (PID=27748) to work on /home/ubuntu/.local/lib/python3.10/site-packages/airflow/example_dags/example_dynamic_task_mapping.py
[2024-01-31T10:43:55.303+0100] {processor.py:830} INFO - Processing file /home/ubuntu/.local/lib/python3.10/site-packages/airflow/example_dags/example_dynamic_task_mapping.py for tasks to queue
[2024-01-31T10:43:55.304+0100] {logging_mixin.py:188} INFO - [2024-01-31T10:43:55.303+0100] {dagbag.py:538} INFO - Filling up the DagBag from /home/ubuntu/.local/lib/python3.10/site-packages/airflow/example_dags/example_dynamic_task_mapping.py
[2024-01-31T10:43:55.311+0100] {processor.py:840} INFO - DAG(s) 'example_dynamic_task_mapping' retrieved from /home/ubuntu/.local/lib/python3.10/site-packages/airflow/example_dags/example_dynamic_task_mapping.py
[2024-01-31T10:43:55.329+0100] {logging_mixin.py:188} INFO - [2024-01-31T10:43:55.328+0100] {dag.py:3033} INFO - Sync 1 DAGs
[2024-01-31T10:43:55.347+0100] {logging_mixin.py:188} INFO - [2024-01-31T10:43:55.346+0100] {dag.py:3820} INFO - Setting next_dagrun for example_dynamic_task_mapping to 2022-03-04T00:00:00+00:00, run_after=2022-03-05T00:00:00+00:00
[2024-01-31T10:43:55.377+0100] {processor.py:183} INFO - Processing /home/ubuntu/.local/lib/python3.10/site-packages/airflow/example_dags/example_dynamic_task_mapping.py took 0.080 seconds
[2024-01-31T10:44:57.675+0100] {processor.py:161} INFO - Started process (PID=27817) to work on /home/ubuntu/.local/lib/python3.10/site-packages/airflow/example_dags/example_dynamic_task_mapping.py
[2024-01-31T10:44:57.678+0100] {processor.py:830} INFO - Processing file /home/ubuntu/.local/lib/python3.10/site-packages/airflow/example_dags/example_dynamic_task_mapping.py for tasks to queue
[2024-01-31T10:44:57.679+0100] {logging_mixin.py:188} INFO - [2024-01-31T10:44:57.679+0100] {dagbag.py:538} INFO - Filling up the DagBag from /home/ubuntu/.local/lib/python3.10/site-packages/airflow/example_dags/example_dynamic_task_mapping.py
[2024-01-31T10:44:57.687+0100] {processor.py:840} INFO - DAG(s) 'example_dynamic_task_mapping' retrieved from /home/ubuntu/.local/lib/python3.10/site-packages/airflow/example_dags/example_dynamic_task_mapping.py
[2024-01-31T10:44:57.702+0100] {logging_mixin.py:188} INFO - [2024-01-31T10:44:57.702+0100] {dag.py:3033} INFO - Sync 1 DAGs
[2024-01-31T10:44:57.717+0100] {logging_mixin.py:188} INFO - [2024-01-31T10:44:57.717+0100] {dag.py:3820} INFO - Setting next_dagrun for example_dynamic_task_mapping to 2022-03-04T00:00:00+00:00, run_after=2022-03-05T00:00:00+00:00
[2024-01-31T10:44:57.758+0100] {processor.py:183} INFO - Processing /home/ubuntu/.local/lib/python3.10/site-packages/airflow/example_dags/example_dynamic_task_mapping.py took 0.086 seconds
[2024-01-31T10:45:59.809+0100] {processor.py:161} INFO - Started process (PID=27895) to work on /home/ubuntu/.local/lib/python3.10/site-packages/airflow/example_dags/example_dynamic_task_mapping.py
[2024-01-31T10:45:59.811+0100] {processor.py:830} INFO - Processing file /home/ubuntu/.local/lib/python3.10/site-packages/airflow/example_dags/example_dynamic_task_mapping.py for tasks to queue
[2024-01-31T10:45:59.812+0100] {logging_mixin.py:188} INFO - [2024-01-31T10:45:59.812+0100] {dagbag.py:538} INFO - Filling up the DagBag from /home/ubuntu/.local/lib/python3.10/site-packages/airflow/example_dags/example_dynamic_task_mapping.py
[2024-01-31T10:45:59.825+0100] {processor.py:840} INFO - DAG(s) 'example_dynamic_task_mapping' retrieved from /home/ubuntu/.local/lib/python3.10/site-packages/airflow/example_dags/example_dynamic_task_mapping.py
[2024-01-31T10:45:59.844+0100] {logging_mixin.py:188} INFO - [2024-01-31T10:45:59.844+0100] {dag.py:3033} INFO - Sync 1 DAGs
[2024-01-31T10:45:59.861+0100] {logging_mixin.py:188} INFO - [2024-01-31T10:45:59.861+0100] {dag.py:3820} INFO - Setting next_dagrun for example_dynamic_task_mapping to 2022-03-04T00:00:00+00:00, run_after=2022-03-05T00:00:00+00:00
[2024-01-31T10:45:59.892+0100] {processor.py:183} INFO - Processing /home/ubuntu/.local/lib/python3.10/site-packages/airflow/example_dags/example_dynamic_task_mapping.py took 0.088 seconds
[2024-01-31T10:46:56.508+0100] {processor.py:161} INFO - Started process (PID=27960) to work on /home/ubuntu/.local/lib/python3.10/site-packages/airflow/example_dags/example_dynamic_task_mapping.py
[2024-01-31T10:46:56.510+0100] {processor.py:830} INFO - Processing file /home/ubuntu/.local/lib/python3.10/site-packages/airflow/example_dags/example_dynamic_task_mapping.py for tasks to queue
[2024-01-31T10:46:56.511+0100] {logging_mixin.py:188} INFO - [2024-01-31T10:46:56.511+0100] {dagbag.py:538} INFO - Filling up the DagBag from /home/ubuntu/.local/lib/python3.10/site-packages/airflow/example_dags/example_dynamic_task_mapping.py
[2024-01-31T10:46:56.519+0100] {processor.py:840} INFO - DAG(s) 'example_dynamic_task_mapping' retrieved from /home/ubuntu/.local/lib/python3.10/site-packages/airflow/example_dags/example_dynamic_task_mapping.py
[2024-01-31T10:46:56.536+0100] {logging_mixin.py:188} INFO - [2024-01-31T10:46:56.536+0100] {dag.py:3033} INFO - Sync 1 DAGs
[2024-01-31T10:46:56.555+0100] {logging_mixin.py:188} INFO - [2024-01-31T10:46:56.555+0100] {dag.py:3820} INFO - Setting next_dagrun for example_dynamic_task_mapping to 2022-03-04T00:00:00+00:00, run_after=2022-03-05T00:00:00+00:00
[2024-01-31T10:46:56.583+0100] {processor.py:183} INFO - Processing /home/ubuntu/.local/lib/python3.10/site-packages/airflow/example_dags/example_dynamic_task_mapping.py took 0.078 seconds
[2024-01-31T10:47:56.652+0100] {processor.py:161} INFO - Started process (PID=28028) to work on /home/ubuntu/.local/lib/python3.10/site-packages/airflow/example_dags/example_dynamic_task_mapping.py
[2024-01-31T10:47:56.654+0100] {processor.py:830} INFO - Processing file /home/ubuntu/.local/lib/python3.10/site-packages/airflow/example_dags/example_dynamic_task_mapping.py for tasks to queue
[2024-01-31T10:47:56.655+0100] {logging_mixin.py:188} INFO - [2024-01-31T10:47:56.655+0100] {dagbag.py:538} INFO - Filling up the DagBag from /home/ubuntu/.local/lib/python3.10/site-packages/airflow/example_dags/example_dynamic_task_mapping.py
[2024-01-31T10:47:56.663+0100] {processor.py:840} INFO - DAG(s) 'example_dynamic_task_mapping' retrieved from /home/ubuntu/.local/lib/python3.10/site-packages/airflow/example_dags/example_dynamic_task_mapping.py
[2024-01-31T10:47:56.682+0100] {logging_mixin.py:188} INFO - [2024-01-31T10:47:56.682+0100] {dag.py:3033} INFO - Sync 1 DAGs
[2024-01-31T10:47:56.705+0100] {logging_mixin.py:188} INFO - [2024-01-31T10:47:56.705+0100] {dag.py:3820} INFO - Setting next_dagrun for example_dynamic_task_mapping to 2022-03-04T00:00:00+00:00, run_after=2022-03-05T00:00:00+00:00
[2024-01-31T10:47:56.735+0100] {processor.py:183} INFO - Processing /home/ubuntu/.local/lib/python3.10/site-packages/airflow/example_dags/example_dynamic_task_mapping.py took 0.087 seconds
[2024-01-31T10:49:01.849+0100] {processor.py:161} INFO - Started process (PID=28104) to work on /home/ubuntu/.local/lib/python3.10/site-packages/airflow/example_dags/example_dynamic_task_mapping.py
[2024-01-31T10:49:01.851+0100] {processor.py:830} INFO - Processing file /home/ubuntu/.local/lib/python3.10/site-packages/airflow/example_dags/example_dynamic_task_mapping.py for tasks to queue
[2024-01-31T10:49:01.852+0100] {logging_mixin.py:188} INFO - [2024-01-31T10:49:01.852+0100] {dagbag.py:538} INFO - Filling up the DagBag from /home/ubuntu/.local/lib/python3.10/site-packages/airflow/example_dags/example_dynamic_task_mapping.py
[2024-01-31T10:49:01.859+0100] {processor.py:840} INFO - DAG(s) 'example_dynamic_task_mapping' retrieved from /home/ubuntu/.local/lib/python3.10/site-packages/airflow/example_dags/example_dynamic_task_mapping.py
[2024-01-31T10:49:01.881+0100] {logging_mixin.py:188} INFO - [2024-01-31T10:49:01.881+0100] {dag.py:3033} INFO - Sync 1 DAGs
[2024-01-31T10:49:01.899+0100] {logging_mixin.py:188} INFO - [2024-01-31T10:49:01.898+0100] {dag.py:3820} INFO - Setting next_dagrun for example_dynamic_task_mapping to 2022-03-04T00:00:00+00:00, run_after=2022-03-05T00:00:00+00:00
[2024-01-31T10:49:01.934+0100] {processor.py:183} INFO - Processing /home/ubuntu/.local/lib/python3.10/site-packages/airflow/example_dags/example_dynamic_task_mapping.py took 0.090 seconds
[2024-01-31T10:49:44.000+0100] {processor.py:161} INFO - Started process (PID=28152) to work on /home/ubuntu/.local/lib/python3.10/site-packages/airflow/example_dags/example_dynamic_task_mapping.py
[2024-01-31T10:49:44.002+0100] {processor.py:830} INFO - Processing file /home/ubuntu/.local/lib/python3.10/site-packages/airflow/example_dags/example_dynamic_task_mapping.py for tasks to queue
[2024-01-31T10:49:44.003+0100] {logging_mixin.py:188} INFO - [2024-01-31T10:49:44.003+0100] {dagbag.py:538} INFO - Filling up the DagBag from /home/ubuntu/.local/lib/python3.10/site-packages/airflow/example_dags/example_dynamic_task_mapping.py
[2024-01-31T10:49:44.013+0100] {processor.py:840} INFO - DAG(s) 'example_dynamic_task_mapping' retrieved from /home/ubuntu/.local/lib/python3.10/site-packages/airflow/example_dags/example_dynamic_task_mapping.py
[2024-01-31T10:49:44.035+0100] {logging_mixin.py:188} INFO - [2024-01-31T10:49:44.035+0100] {dag.py:3033} INFO - Sync 1 DAGs
[2024-01-31T10:49:44.061+0100] {logging_mixin.py:188} INFO - [2024-01-31T10:49:44.061+0100] {dag.py:3820} INFO - Setting next_dagrun for example_dynamic_task_mapping to 2022-03-04T00:00:00+00:00, run_after=2022-03-05T00:00:00+00:00
[2024-01-31T10:49:44.101+0100] {processor.py:183} INFO - Processing /home/ubuntu/.local/lib/python3.10/site-packages/airflow/example_dags/example_dynamic_task_mapping.py took 0.105 seconds
[2024-01-31T10:50:41.140+0100] {processor.py:161} INFO - Started process (PID=28217) to work on /home/ubuntu/.local/lib/python3.10/site-packages/airflow/example_dags/example_dynamic_task_mapping.py
[2024-01-31T10:50:41.142+0100] {processor.py:830} INFO - Processing file /home/ubuntu/.local/lib/python3.10/site-packages/airflow/example_dags/example_dynamic_task_mapping.py for tasks to queue
[2024-01-31T10:50:41.143+0100] {logging_mixin.py:188} INFO - [2024-01-31T10:50:41.143+0100] {dagbag.py:538} INFO - Filling up the DagBag from /home/ubuntu/.local/lib/python3.10/site-packages/airflow/example_dags/example_dynamic_task_mapping.py
[2024-01-31T10:50:41.151+0100] {processor.py:840} INFO - DAG(s) 'example_dynamic_task_mapping' retrieved from /home/ubuntu/.local/lib/python3.10/site-packages/airflow/example_dags/example_dynamic_task_mapping.py
[2024-01-31T10:50:41.169+0100] {logging_mixin.py:188} INFO - [2024-01-31T10:50:41.169+0100] {dag.py:3033} INFO - Sync 1 DAGs
[2024-01-31T10:50:41.190+0100] {logging_mixin.py:188} INFO - [2024-01-31T10:50:41.189+0100] {dag.py:3820} INFO - Setting next_dagrun for example_dynamic_task_mapping to 2022-03-04T00:00:00+00:00, run_after=2022-03-05T00:00:00+00:00
[2024-01-31T10:50:41.217+0100] {processor.py:183} INFO - Processing /home/ubuntu/.local/lib/python3.10/site-packages/airflow/example_dags/example_dynamic_task_mapping.py took 0.081 seconds
[2024-01-31T10:51:24.824+0100] {processor.py:161} INFO - Started process (PID=28268) to work on /home/ubuntu/.local/lib/python3.10/site-packages/airflow/example_dags/example_dynamic_task_mapping.py
[2024-01-31T10:51:24.827+0100] {processor.py:830} INFO - Processing file /home/ubuntu/.local/lib/python3.10/site-packages/airflow/example_dags/example_dynamic_task_mapping.py for tasks to queue
[2024-01-31T10:51:24.828+0100] {logging_mixin.py:188} INFO - [2024-01-31T10:51:24.827+0100] {dagbag.py:538} INFO - Filling up the DagBag from /home/ubuntu/.local/lib/python3.10/site-packages/airflow/example_dags/example_dynamic_task_mapping.py
[2024-01-31T10:51:24.834+0100] {processor.py:840} INFO - DAG(s) 'example_dynamic_task_mapping' retrieved from /home/ubuntu/.local/lib/python3.10/site-packages/airflow/example_dags/example_dynamic_task_mapping.py
[2024-01-31T10:51:24.851+0100] {logging_mixin.py:188} INFO - [2024-01-31T10:51:24.851+0100] {dag.py:3033} INFO - Sync 1 DAGs
[2024-01-31T10:51:24.868+0100] {logging_mixin.py:188} INFO - [2024-01-31T10:51:24.868+0100] {dag.py:3820} INFO - Setting next_dagrun for example_dynamic_task_mapping to 2022-03-04T00:00:00+00:00, run_after=2022-03-05T00:00:00+00:00
[2024-01-31T10:51:24.904+0100] {processor.py:183} INFO - Processing /home/ubuntu/.local/lib/python3.10/site-packages/airflow/example_dags/example_dynamic_task_mapping.py took 0.084 seconds
[2024-01-31T10:52:23.521+0100] {processor.py:161} INFO - Started process (PID=28337) to work on /home/ubuntu/.local/lib/python3.10/site-packages/airflow/example_dags/example_dynamic_task_mapping.py
[2024-01-31T10:52:23.523+0100] {processor.py:830} INFO - Processing file /home/ubuntu/.local/lib/python3.10/site-packages/airflow/example_dags/example_dynamic_task_mapping.py for tasks to queue
[2024-01-31T10:52:23.524+0100] {logging_mixin.py:188} INFO - [2024-01-31T10:52:23.524+0100] {dagbag.py:538} INFO - Filling up the DagBag from /home/ubuntu/.local/lib/python3.10/site-packages/airflow/example_dags/example_dynamic_task_mapping.py
[2024-01-31T10:52:23.534+0100] {processor.py:840} INFO - DAG(s) 'example_dynamic_task_mapping' retrieved from /home/ubuntu/.local/lib/python3.10/site-packages/airflow/example_dags/example_dynamic_task_mapping.py
[2024-01-31T10:52:23.555+0100] {logging_mixin.py:188} INFO - [2024-01-31T10:52:23.555+0100] {dag.py:3033} INFO - Sync 1 DAGs
[2024-01-31T10:52:23.577+0100] {logging_mixin.py:188} INFO - [2024-01-31T10:52:23.577+0100] {dag.py:3820} INFO - Setting next_dagrun for example_dynamic_task_mapping to 2022-03-04T00:00:00+00:00, run_after=2022-03-05T00:00:00+00:00
[2024-01-31T10:52:23.604+0100] {processor.py:183} INFO - Processing /home/ubuntu/.local/lib/python3.10/site-packages/airflow/example_dags/example_dynamic_task_mapping.py took 0.087 seconds
[2024-01-31T10:53:27.492+0100] {processor.py:161} INFO - Started process (PID=28413) to work on /home/ubuntu/.local/lib/python3.10/site-packages/airflow/example_dags/example_dynamic_task_mapping.py
[2024-01-31T10:53:27.494+0100] {processor.py:830} INFO - Processing file /home/ubuntu/.local/lib/python3.10/site-packages/airflow/example_dags/example_dynamic_task_mapping.py for tasks to queue
[2024-01-31T10:53:27.495+0100] {logging_mixin.py:188} INFO - [2024-01-31T10:53:27.494+0100] {dagbag.py:538} INFO - Filling up the DagBag from /home/ubuntu/.local/lib/python3.10/site-packages/airflow/example_dags/example_dynamic_task_mapping.py
[2024-01-31T10:53:27.502+0100] {processor.py:840} INFO - DAG(s) 'example_dynamic_task_mapping' retrieved from /home/ubuntu/.local/lib/python3.10/site-packages/airflow/example_dags/example_dynamic_task_mapping.py
[2024-01-31T10:53:27.521+0100] {logging_mixin.py:188} INFO - [2024-01-31T10:53:27.521+0100] {dag.py:3033} INFO - Sync 1 DAGs
[2024-01-31T10:53:27.540+0100] {logging_mixin.py:188} INFO - [2024-01-31T10:53:27.540+0100] {dag.py:3820} INFO - Setting next_dagrun for example_dynamic_task_mapping to 2022-03-04T00:00:00+00:00, run_after=2022-03-05T00:00:00+00:00
[2024-01-31T10:53:27.572+0100] {processor.py:183} INFO - Processing /home/ubuntu/.local/lib/python3.10/site-packages/airflow/example_dags/example_dynamic_task_mapping.py took 0.084 seconds
[2024-01-31T10:54:28.835+0100] {processor.py:161} INFO - Started process (PID=28482) to work on /home/ubuntu/.local/lib/python3.10/site-packages/airflow/example_dags/example_dynamic_task_mapping.py
[2024-01-31T10:54:28.837+0100] {processor.py:830} INFO - Processing file /home/ubuntu/.local/lib/python3.10/site-packages/airflow/example_dags/example_dynamic_task_mapping.py for tasks to queue
[2024-01-31T10:54:28.837+0100] {logging_mixin.py:188} INFO - [2024-01-31T10:54:28.837+0100] {dagbag.py:538} INFO - Filling up the DagBag from /home/ubuntu/.local/lib/python3.10/site-packages/airflow/example_dags/example_dynamic_task_mapping.py
[2024-01-31T10:54:28.844+0100] {processor.py:840} INFO - DAG(s) 'example_dynamic_task_mapping' retrieved from /home/ubuntu/.local/lib/python3.10/site-packages/airflow/example_dags/example_dynamic_task_mapping.py
[2024-01-31T10:54:28.858+0100] {logging_mixin.py:188} INFO - [2024-01-31T10:54:28.858+0100] {dag.py:3033} INFO - Sync 1 DAGs
[2024-01-31T10:54:28.872+0100] {logging_mixin.py:188} INFO - [2024-01-31T10:54:28.872+0100] {dag.py:3820} INFO - Setting next_dagrun for example_dynamic_task_mapping to 2022-03-04T00:00:00+00:00, run_after=2022-03-05T00:00:00+00:00
[2024-01-31T10:54:28.908+0100] {processor.py:183} INFO - Processing /home/ubuntu/.local/lib/python3.10/site-packages/airflow/example_dags/example_dynamic_task_mapping.py took 0.077 seconds
[2024-01-31T10:55:33.690+0100] {processor.py:161} INFO - Started process (PID=28559) to work on /home/ubuntu/.local/lib/python3.10/site-packages/airflow/example_dags/example_dynamic_task_mapping.py
[2024-01-31T10:55:33.692+0100] {processor.py:830} INFO - Processing file /home/ubuntu/.local/lib/python3.10/site-packages/airflow/example_dags/example_dynamic_task_mapping.py for tasks to queue
[2024-01-31T10:55:33.694+0100] {logging_mixin.py:188} INFO - [2024-01-31T10:55:33.693+0100] {dagbag.py:538} INFO - Filling up the DagBag from /home/ubuntu/.local/lib/python3.10/site-packages/airflow/example_dags/example_dynamic_task_mapping.py
[2024-01-31T10:55:33.703+0100] {processor.py:840} INFO - DAG(s) 'example_dynamic_task_mapping' retrieved from /home/ubuntu/.local/lib/python3.10/site-packages/airflow/example_dags/example_dynamic_task_mapping.py
[2024-01-31T10:55:33.721+0100] {logging_mixin.py:188} INFO - [2024-01-31T10:55:33.720+0100] {dag.py:3033} INFO - Sync 1 DAGs
[2024-01-31T10:55:33.738+0100] {logging_mixin.py:188} INFO - [2024-01-31T10:55:33.737+0100] {dag.py:3820} INFO - Setting next_dagrun for example_dynamic_task_mapping to 2022-03-04T00:00:00+00:00, run_after=2022-03-05T00:00:00+00:00
[2024-01-31T10:55:33.785+0100] {processor.py:183} INFO - Processing /home/ubuntu/.local/lib/python3.10/site-packages/airflow/example_dags/example_dynamic_task_mapping.py took 0.099 seconds
[2024-01-31T10:56:38.836+0100] {processor.py:161} INFO - Started process (PID=28634) to work on /home/ubuntu/.local/lib/python3.10/site-packages/airflow/example_dags/example_dynamic_task_mapping.py
[2024-01-31T10:56:38.838+0100] {processor.py:830} INFO - Processing file /home/ubuntu/.local/lib/python3.10/site-packages/airflow/example_dags/example_dynamic_task_mapping.py for tasks to queue
[2024-01-31T10:56:38.839+0100] {logging_mixin.py:188} INFO - [2024-01-31T10:56:38.839+0100] {dagbag.py:538} INFO - Filling up the DagBag from /home/ubuntu/.local/lib/python3.10/site-packages/airflow/example_dags/example_dynamic_task_mapping.py
[2024-01-31T10:56:38.846+0100] {processor.py:840} INFO - DAG(s) 'example_dynamic_task_mapping' retrieved from /home/ubuntu/.local/lib/python3.10/site-packages/airflow/example_dags/example_dynamic_task_mapping.py
[2024-01-31T10:56:38.862+0100] {logging_mixin.py:188} INFO - [2024-01-31T10:56:38.862+0100] {dag.py:3033} INFO - Sync 1 DAGs
[2024-01-31T10:56:38.879+0100] {logging_mixin.py:188} INFO - [2024-01-31T10:56:38.879+0100] {dag.py:3820} INFO - Setting next_dagrun for example_dynamic_task_mapping to 2022-03-04T00:00:00+00:00, run_after=2022-03-05T00:00:00+00:00
[2024-01-31T10:56:38.908+0100] {processor.py:183} INFO - Processing /home/ubuntu/.local/lib/python3.10/site-packages/airflow/example_dags/example_dynamic_task_mapping.py took 0.077 seconds
[2024-01-31T10:57:39.193+0100] {processor.py:161} INFO - Started process (PID=28710) to work on /home/ubuntu/.local/lib/python3.10/site-packages/airflow/example_dags/example_dynamic_task_mapping.py
[2024-01-31T10:57:39.195+0100] {processor.py:830} INFO - Processing file /home/ubuntu/.local/lib/python3.10/site-packages/airflow/example_dags/example_dynamic_task_mapping.py for tasks to queue
[2024-01-31T10:57:39.197+0100] {logging_mixin.py:188} INFO - [2024-01-31T10:57:39.196+0100] {dagbag.py:538} INFO - Filling up the DagBag from /home/ubuntu/.local/lib/python3.10/site-packages/airflow/example_dags/example_dynamic_task_mapping.py
[2024-01-31T10:57:39.205+0100] {processor.py:840} INFO - DAG(s) 'example_dynamic_task_mapping' retrieved from /home/ubuntu/.local/lib/python3.10/site-packages/airflow/example_dags/example_dynamic_task_mapping.py
[2024-01-31T10:57:39.222+0100] {logging_mixin.py:188} INFO - [2024-01-31T10:57:39.221+0100] {dag.py:3033} INFO - Sync 1 DAGs
[2024-01-31T10:57:39.238+0100] {logging_mixin.py:188} INFO - [2024-01-31T10:57:39.238+0100] {dag.py:3820} INFO - Setting next_dagrun for example_dynamic_task_mapping to 2022-03-04T00:00:00+00:00, run_after=2022-03-05T00:00:00+00:00
[2024-01-31T10:57:39.267+0100] {processor.py:183} INFO - Processing /home/ubuntu/.local/lib/python3.10/site-packages/airflow/example_dags/example_dynamic_task_mapping.py took 0.078 seconds
[2024-01-31T10:58:37.149+0100] {processor.py:161} INFO - Started process (PID=28776) to work on /home/ubuntu/.local/lib/python3.10/site-packages/airflow/example_dags/example_dynamic_task_mapping.py
[2024-01-31T10:58:37.151+0100] {processor.py:830} INFO - Processing file /home/ubuntu/.local/lib/python3.10/site-packages/airflow/example_dags/example_dynamic_task_mapping.py for tasks to queue
[2024-01-31T10:58:37.152+0100] {logging_mixin.py:188} INFO - [2024-01-31T10:58:37.152+0100] {dagbag.py:538} INFO - Filling up the DagBag from /home/ubuntu/.local/lib/python3.10/site-packages/airflow/example_dags/example_dynamic_task_mapping.py
[2024-01-31T10:58:37.159+0100] {processor.py:840} INFO - DAG(s) 'example_dynamic_task_mapping' retrieved from /home/ubuntu/.local/lib/python3.10/site-packages/airflow/example_dags/example_dynamic_task_mapping.py
[2024-01-31T10:58:37.177+0100] {logging_mixin.py:188} INFO - [2024-01-31T10:58:37.176+0100] {dag.py:3033} INFO - Sync 1 DAGs
[2024-01-31T10:58:37.194+0100] {logging_mixin.py:188} INFO - [2024-01-31T10:58:37.194+0100] {dag.py:3820} INFO - Setting next_dagrun for example_dynamic_task_mapping to 2022-03-04T00:00:00+00:00, run_after=2022-03-05T00:00:00+00:00
[2024-01-31T10:58:37.221+0100] {processor.py:183} INFO - Processing /home/ubuntu/.local/lib/python3.10/site-packages/airflow/example_dags/example_dynamic_task_mapping.py took 0.075 seconds
[2024-01-31T10:59:39.674+0100] {processor.py:161} INFO - Started process (PID=28851) to work on /home/ubuntu/.local/lib/python3.10/site-packages/airflow/example_dags/example_dynamic_task_mapping.py
[2024-01-31T10:59:39.676+0100] {processor.py:830} INFO - Processing file /home/ubuntu/.local/lib/python3.10/site-packages/airflow/example_dags/example_dynamic_task_mapping.py for tasks to queue
[2024-01-31T10:59:39.676+0100] {logging_mixin.py:188} INFO - [2024-01-31T10:59:39.676+0100] {dagbag.py:538} INFO - Filling up the DagBag from /home/ubuntu/.local/lib/python3.10/site-packages/airflow/example_dags/example_dynamic_task_mapping.py
[2024-01-31T10:59:39.684+0100] {processor.py:840} INFO - DAG(s) 'example_dynamic_task_mapping' retrieved from /home/ubuntu/.local/lib/python3.10/site-packages/airflow/example_dags/example_dynamic_task_mapping.py
[2024-01-31T10:59:39.701+0100] {logging_mixin.py:188} INFO - [2024-01-31T10:59:39.700+0100] {dag.py:3033} INFO - Sync 1 DAGs
[2024-01-31T10:59:39.720+0100] {logging_mixin.py:188} INFO - [2024-01-31T10:59:39.720+0100] {dag.py:3820} INFO - Setting next_dagrun for example_dynamic_task_mapping to 2022-03-04T00:00:00+00:00, run_after=2022-03-05T00:00:00+00:00
[2024-01-31T10:59:39.749+0100] {processor.py:183} INFO - Processing /home/ubuntu/.local/lib/python3.10/site-packages/airflow/example_dags/example_dynamic_task_mapping.py took 0.079 seconds
[2024-01-31T11:00:44.109+0100] {processor.py:161} INFO - Started process (PID=28922) to work on /home/ubuntu/.local/lib/python3.10/site-packages/airflow/example_dags/example_dynamic_task_mapping.py
[2024-01-31T11:00:44.111+0100] {processor.py:830} INFO - Processing file /home/ubuntu/.local/lib/python3.10/site-packages/airflow/example_dags/example_dynamic_task_mapping.py for tasks to queue
[2024-01-31T11:00:44.112+0100] {logging_mixin.py:188} INFO - [2024-01-31T11:00:44.112+0100] {dagbag.py:538} INFO - Filling up the DagBag from /home/ubuntu/.local/lib/python3.10/site-packages/airflow/example_dags/example_dynamic_task_mapping.py
[2024-01-31T11:00:44.120+0100] {processor.py:840} INFO - DAG(s) 'example_dynamic_task_mapping' retrieved from /home/ubuntu/.local/lib/python3.10/site-packages/airflow/example_dags/example_dynamic_task_mapping.py
[2024-01-31T11:00:44.137+0100] {logging_mixin.py:188} INFO - [2024-01-31T11:00:44.137+0100] {dag.py:3033} INFO - Sync 1 DAGs
[2024-01-31T11:00:44.159+0100] {logging_mixin.py:188} INFO - [2024-01-31T11:00:44.159+0100] {dag.py:3820} INFO - Setting next_dagrun for example_dynamic_task_mapping to 2022-03-04T00:00:00+00:00, run_after=2022-03-05T00:00:00+00:00
[2024-01-31T11:00:44.189+0100] {processor.py:183} INFO - Processing /home/ubuntu/.local/lib/python3.10/site-packages/airflow/example_dags/example_dynamic_task_mapping.py took 0.085 seconds
[2024-01-31T11:01:47.338+0100] {processor.py:161} INFO - Started process (PID=28997) to work on /home/ubuntu/.local/lib/python3.10/site-packages/airflow/example_dags/example_dynamic_task_mapping.py
[2024-01-31T11:01:47.340+0100] {processor.py:830} INFO - Processing file /home/ubuntu/.local/lib/python3.10/site-packages/airflow/example_dags/example_dynamic_task_mapping.py for tasks to queue
[2024-01-31T11:01:47.341+0100] {logging_mixin.py:188} INFO - [2024-01-31T11:01:47.341+0100] {dagbag.py:538} INFO - Filling up the DagBag from /home/ubuntu/.local/lib/python3.10/site-packages/airflow/example_dags/example_dynamic_task_mapping.py
[2024-01-31T11:01:47.350+0100] {processor.py:840} INFO - DAG(s) 'example_dynamic_task_mapping' retrieved from /home/ubuntu/.local/lib/python3.10/site-packages/airflow/example_dags/example_dynamic_task_mapping.py
[2024-01-31T11:01:47.372+0100] {logging_mixin.py:188} INFO - [2024-01-31T11:01:47.371+0100] {dag.py:3033} INFO - Sync 1 DAGs
[2024-01-31T11:01:47.394+0100] {logging_mixin.py:188} INFO - [2024-01-31T11:01:47.393+0100] {dag.py:3820} INFO - Setting next_dagrun for example_dynamic_task_mapping to 2022-03-04T00:00:00+00:00, run_after=2022-03-05T00:00:00+00:00
[2024-01-31T11:01:47.423+0100] {processor.py:183} INFO - Processing /home/ubuntu/.local/lib/python3.10/site-packages/airflow/example_dags/example_dynamic_task_mapping.py took 0.091 seconds
[2024-01-31T11:02:48.975+0100] {processor.py:161} INFO - Started process (PID=29067) to work on /home/ubuntu/.local/lib/python3.10/site-packages/airflow/example_dags/example_dynamic_task_mapping.py
[2024-01-31T11:02:48.977+0100] {processor.py:830} INFO - Processing file /home/ubuntu/.local/lib/python3.10/site-packages/airflow/example_dags/example_dynamic_task_mapping.py for tasks to queue
[2024-01-31T11:02:48.978+0100] {logging_mixin.py:188} INFO - [2024-01-31T11:02:48.978+0100] {dagbag.py:538} INFO - Filling up the DagBag from /home/ubuntu/.local/lib/python3.10/site-packages/airflow/example_dags/example_dynamic_task_mapping.py
[2024-01-31T11:02:48.985+0100] {processor.py:840} INFO - DAG(s) 'example_dynamic_task_mapping' retrieved from /home/ubuntu/.local/lib/python3.10/site-packages/airflow/example_dags/example_dynamic_task_mapping.py
[2024-01-31T11:02:49.003+0100] {logging_mixin.py:188} INFO - [2024-01-31T11:02:49.003+0100] {dag.py:3033} INFO - Sync 1 DAGs
[2024-01-31T11:02:49.021+0100] {logging_mixin.py:188} INFO - [2024-01-31T11:02:49.020+0100] {dag.py:3820} INFO - Setting next_dagrun for example_dynamic_task_mapping to 2022-03-04T00:00:00+00:00, run_after=2022-03-05T00:00:00+00:00
[2024-01-31T11:02:49.049+0100] {processor.py:183} INFO - Processing /home/ubuntu/.local/lib/python3.10/site-packages/airflow/example_dags/example_dynamic_task_mapping.py took 0.077 seconds
[2024-01-31T11:03:47.836+0100] {processor.py:161} INFO - Started process (PID=29140) to work on /home/ubuntu/.local/lib/python3.10/site-packages/airflow/example_dags/example_dynamic_task_mapping.py
[2024-01-31T11:03:47.838+0100] {processor.py:830} INFO - Processing file /home/ubuntu/.local/lib/python3.10/site-packages/airflow/example_dags/example_dynamic_task_mapping.py for tasks to queue
[2024-01-31T11:03:47.840+0100] {logging_mixin.py:188} INFO - [2024-01-31T11:03:47.839+0100] {dagbag.py:538} INFO - Filling up the DagBag from /home/ubuntu/.local/lib/python3.10/site-packages/airflow/example_dags/example_dynamic_task_mapping.py
[2024-01-31T11:03:47.849+0100] {processor.py:840} INFO - DAG(s) 'example_dynamic_task_mapping' retrieved from /home/ubuntu/.local/lib/python3.10/site-packages/airflow/example_dags/example_dynamic_task_mapping.py
[2024-01-31T11:03:47.873+0100] {logging_mixin.py:188} INFO - [2024-01-31T11:03:47.873+0100] {dag.py:3033} INFO - Sync 1 DAGs
[2024-01-31T11:03:47.900+0100] {logging_mixin.py:188} INFO - [2024-01-31T11:03:47.900+0100] {dag.py:3820} INFO - Setting next_dagrun for example_dynamic_task_mapping to 2022-03-04T00:00:00+00:00, run_after=2022-03-05T00:00:00+00:00
[2024-01-31T11:03:47.937+0100] {processor.py:183} INFO - Processing /home/ubuntu/.local/lib/python3.10/site-packages/airflow/example_dags/example_dynamic_task_mapping.py took 0.106 seconds
[2024-01-31T11:04:50.006+0100] {processor.py:161} INFO - Started process (PID=29218) to work on /home/ubuntu/.local/lib/python3.10/site-packages/airflow/example_dags/example_dynamic_task_mapping.py
[2024-01-31T11:04:50.008+0100] {processor.py:830} INFO - Processing file /home/ubuntu/.local/lib/python3.10/site-packages/airflow/example_dags/example_dynamic_task_mapping.py for tasks to queue
[2024-01-31T11:04:50.009+0100] {logging_mixin.py:188} INFO - [2024-01-31T11:04:50.009+0100] {dagbag.py:538} INFO - Filling up the DagBag from /home/ubuntu/.local/lib/python3.10/site-packages/airflow/example_dags/example_dynamic_task_mapping.py
[2024-01-31T11:04:50.016+0100] {processor.py:840} INFO - DAG(s) 'example_dynamic_task_mapping' retrieved from /home/ubuntu/.local/lib/python3.10/site-packages/airflow/example_dags/example_dynamic_task_mapping.py
[2024-01-31T11:04:50.035+0100] {logging_mixin.py:188} INFO - [2024-01-31T11:04:50.035+0100] {dag.py:3033} INFO - Sync 1 DAGs
[2024-01-31T11:04:50.052+0100] {logging_mixin.py:188} INFO - [2024-01-31T11:04:50.052+0100] {dag.py:3820} INFO - Setting next_dagrun for example_dynamic_task_mapping to 2022-03-04T00:00:00+00:00, run_after=2022-03-05T00:00:00+00:00
[2024-01-31T11:04:50.079+0100] {processor.py:183} INFO - Processing /home/ubuntu/.local/lib/python3.10/site-packages/airflow/example_dags/example_dynamic_task_mapping.py took 0.077 seconds
[2024-01-31T11:05:48.973+0100] {processor.py:161} INFO - Started process (PID=29295) to work on /home/ubuntu/.local/lib/python3.10/site-packages/airflow/example_dags/example_dynamic_task_mapping.py
[2024-01-31T11:05:48.975+0100] {processor.py:830} INFO - Processing file /home/ubuntu/.local/lib/python3.10/site-packages/airflow/example_dags/example_dynamic_task_mapping.py for tasks to queue
[2024-01-31T11:05:48.976+0100] {logging_mixin.py:188} INFO - [2024-01-31T11:05:48.976+0100] {dagbag.py:538} INFO - Filling up the DagBag from /home/ubuntu/.local/lib/python3.10/site-packages/airflow/example_dags/example_dynamic_task_mapping.py
[2024-01-31T11:05:48.983+0100] {processor.py:840} INFO - DAG(s) 'example_dynamic_task_mapping' retrieved from /home/ubuntu/.local/lib/python3.10/site-packages/airflow/example_dags/example_dynamic_task_mapping.py
[2024-01-31T11:05:48.999+0100] {logging_mixin.py:188} INFO - [2024-01-31T11:05:48.999+0100] {dag.py:3033} INFO - Sync 1 DAGs
[2024-01-31T11:05:49.016+0100] {logging_mixin.py:188} INFO - [2024-01-31T11:05:49.016+0100] {dag.py:3820} INFO - Setting next_dagrun for example_dynamic_task_mapping to 2022-03-04T00:00:00+00:00, run_after=2022-03-05T00:00:00+00:00
[2024-01-31T11:05:49.046+0100] {processor.py:183} INFO - Processing /home/ubuntu/.local/lib/python3.10/site-packages/airflow/example_dags/example_dynamic_task_mapping.py took 0.077 seconds
[2024-01-31T11:06:48.129+0100] {processor.py:161} INFO - Started process (PID=29363) to work on /home/ubuntu/.local/lib/python3.10/site-packages/airflow/example_dags/example_dynamic_task_mapping.py
[2024-01-31T11:06:48.131+0100] {processor.py:830} INFO - Processing file /home/ubuntu/.local/lib/python3.10/site-packages/airflow/example_dags/example_dynamic_task_mapping.py for tasks to queue
[2024-01-31T11:06:48.132+0100] {logging_mixin.py:188} INFO - [2024-01-31T11:06:48.131+0100] {dagbag.py:538} INFO - Filling up the DagBag from /home/ubuntu/.local/lib/python3.10/site-packages/airflow/example_dags/example_dynamic_task_mapping.py
[2024-01-31T11:06:48.142+0100] {processor.py:840} INFO - DAG(s) 'example_dynamic_task_mapping' retrieved from /home/ubuntu/.local/lib/python3.10/site-packages/airflow/example_dags/example_dynamic_task_mapping.py
[2024-01-31T11:06:48.166+0100] {logging_mixin.py:188} INFO - [2024-01-31T11:06:48.165+0100] {dag.py:3033} INFO - Sync 1 DAGs
[2024-01-31T11:06:48.188+0100] {logging_mixin.py:188} INFO - [2024-01-31T11:06:48.187+0100] {dag.py:3820} INFO - Setting next_dagrun for example_dynamic_task_mapping to 2022-03-04T00:00:00+00:00, run_after=2022-03-05T00:00:00+00:00
[2024-01-31T11:06:48.217+0100] {processor.py:183} INFO - Processing /home/ubuntu/.local/lib/python3.10/site-packages/airflow/example_dags/example_dynamic_task_mapping.py took 0.092 seconds
[2024-01-31T11:07:51.720+0100] {processor.py:161} INFO - Started process (PID=29434) to work on /home/ubuntu/.local/lib/python3.10/site-packages/airflow/example_dags/example_dynamic_task_mapping.py
[2024-01-31T11:07:51.724+0100] {processor.py:830} INFO - Processing file /home/ubuntu/.local/lib/python3.10/site-packages/airflow/example_dags/example_dynamic_task_mapping.py for tasks to queue
[2024-01-31T11:07:51.725+0100] {logging_mixin.py:188} INFO - [2024-01-31T11:07:51.725+0100] {dagbag.py:538} INFO - Filling up the DagBag from /home/ubuntu/.local/lib/python3.10/site-packages/airflow/example_dags/example_dynamic_task_mapping.py
[2024-01-31T11:07:51.732+0100] {processor.py:840} INFO - DAG(s) 'example_dynamic_task_mapping' retrieved from /home/ubuntu/.local/lib/python3.10/site-packages/airflow/example_dags/example_dynamic_task_mapping.py
[2024-01-31T11:07:51.749+0100] {logging_mixin.py:188} INFO - [2024-01-31T11:07:51.749+0100] {dag.py:3033} INFO - Sync 1 DAGs
[2024-01-31T11:07:51.768+0100] {logging_mixin.py:188} INFO - [2024-01-31T11:07:51.768+0100] {dag.py:3820} INFO - Setting next_dagrun for example_dynamic_task_mapping to 2022-03-04T00:00:00+00:00, run_after=2022-03-05T00:00:00+00:00
[2024-01-31T11:07:51.796+0100] {processor.py:183} INFO - Processing /home/ubuntu/.local/lib/python3.10/site-packages/airflow/example_dags/example_dynamic_task_mapping.py took 0.079 seconds
[2024-01-31T11:08:53.739+0100] {processor.py:161} INFO - Started process (PID=29508) to work on /home/ubuntu/.local/lib/python3.10/site-packages/airflow/example_dags/example_dynamic_task_mapping.py
[2024-01-31T11:08:53.741+0100] {processor.py:830} INFO - Processing file /home/ubuntu/.local/lib/python3.10/site-packages/airflow/example_dags/example_dynamic_task_mapping.py for tasks to queue
[2024-01-31T11:08:53.743+0100] {logging_mixin.py:188} INFO - [2024-01-31T11:08:53.742+0100] {dagbag.py:538} INFO - Filling up the DagBag from /home/ubuntu/.local/lib/python3.10/site-packages/airflow/example_dags/example_dynamic_task_mapping.py
[2024-01-31T11:08:53.751+0100] {processor.py:840} INFO - DAG(s) 'example_dynamic_task_mapping' retrieved from /home/ubuntu/.local/lib/python3.10/site-packages/airflow/example_dags/example_dynamic_task_mapping.py
[2024-01-31T11:08:53.768+0100] {logging_mixin.py:188} INFO - [2024-01-31T11:08:53.768+0100] {dag.py:3033} INFO - Sync 1 DAGs
[2024-01-31T11:08:53.787+0100] {logging_mixin.py:188} INFO - [2024-01-31T11:08:53.787+0100] {dag.py:3820} INFO - Setting next_dagrun for example_dynamic_task_mapping to 2022-03-04T00:00:00+00:00, run_after=2022-03-05T00:00:00+00:00
[2024-01-31T11:08:53.820+0100] {processor.py:183} INFO - Processing /home/ubuntu/.local/lib/python3.10/site-packages/airflow/example_dags/example_dynamic_task_mapping.py took 0.085 seconds
[2024-01-31T11:09:40.033+0100] {processor.py:161} INFO - Started process (PID=29559) to work on /home/ubuntu/.local/lib/python3.10/site-packages/airflow/example_dags/example_dynamic_task_mapping.py
[2024-01-31T11:09:40.035+0100] {processor.py:830} INFO - Processing file /home/ubuntu/.local/lib/python3.10/site-packages/airflow/example_dags/example_dynamic_task_mapping.py for tasks to queue
[2024-01-31T11:09:40.036+0100] {logging_mixin.py:188} INFO - [2024-01-31T11:09:40.036+0100] {dagbag.py:538} INFO - Filling up the DagBag from /home/ubuntu/.local/lib/python3.10/site-packages/airflow/example_dags/example_dynamic_task_mapping.py
[2024-01-31T11:09:40.045+0100] {processor.py:840} INFO - DAG(s) 'example_dynamic_task_mapping' retrieved from /home/ubuntu/.local/lib/python3.10/site-packages/airflow/example_dags/example_dynamic_task_mapping.py
[2024-01-31T11:09:40.063+0100] {logging_mixin.py:188} INFO - [2024-01-31T11:09:40.062+0100] {dag.py:3033} INFO - Sync 1 DAGs
[2024-01-31T11:09:40.080+0100] {logging_mixin.py:188} INFO - [2024-01-31T11:09:40.080+0100] {dag.py:3820} INFO - Setting next_dagrun for example_dynamic_task_mapping to 2022-03-04T00:00:00+00:00, run_after=2022-03-05T00:00:00+00:00
[2024-01-31T11:09:40.107+0100] {processor.py:183} INFO - Processing /home/ubuntu/.local/lib/python3.10/site-packages/airflow/example_dags/example_dynamic_task_mapping.py took 0.078 seconds
[2024-01-31T11:10:41.989+0100] {processor.py:161} INFO - Started process (PID=29629) to work on /home/ubuntu/.local/lib/python3.10/site-packages/airflow/example_dags/example_dynamic_task_mapping.py
[2024-01-31T11:10:41.991+0100] {processor.py:830} INFO - Processing file /home/ubuntu/.local/lib/python3.10/site-packages/airflow/example_dags/example_dynamic_task_mapping.py for tasks to queue
[2024-01-31T11:10:41.992+0100] {logging_mixin.py:188} INFO - [2024-01-31T11:10:41.992+0100] {dagbag.py:538} INFO - Filling up the DagBag from /home/ubuntu/.local/lib/python3.10/site-packages/airflow/example_dags/example_dynamic_task_mapping.py
[2024-01-31T11:10:42.001+0100] {processor.py:840} INFO - DAG(s) 'example_dynamic_task_mapping' retrieved from /home/ubuntu/.local/lib/python3.10/site-packages/airflow/example_dags/example_dynamic_task_mapping.py
[2024-01-31T11:10:42.029+0100] {logging_mixin.py:188} INFO - [2024-01-31T11:10:42.029+0100] {dag.py:3033} INFO - Sync 1 DAGs
[2024-01-31T11:10:42.053+0100] {logging_mixin.py:188} INFO - [2024-01-31T11:10:42.053+0100] {dag.py:3820} INFO - Setting next_dagrun for example_dynamic_task_mapping to 2022-03-04T00:00:00+00:00, run_after=2022-03-05T00:00:00+00:00
[2024-01-31T11:10:42.085+0100] {processor.py:183} INFO - Processing /home/ubuntu/.local/lib/python3.10/site-packages/airflow/example_dags/example_dynamic_task_mapping.py took 0.101 seconds
[2024-01-31T11:11:41.823+0100] {processor.py:161} INFO - Started process (PID=29696) to work on /home/ubuntu/.local/lib/python3.10/site-packages/airflow/example_dags/example_dynamic_task_mapping.py
[2024-01-31T11:11:41.825+0100] {processor.py:830} INFO - Processing file /home/ubuntu/.local/lib/python3.10/site-packages/airflow/example_dags/example_dynamic_task_mapping.py for tasks to queue
[2024-01-31T11:11:41.826+0100] {logging_mixin.py:188} INFO - [2024-01-31T11:11:41.825+0100] {dagbag.py:538} INFO - Filling up the DagBag from /home/ubuntu/.local/lib/python3.10/site-packages/airflow/example_dags/example_dynamic_task_mapping.py
[2024-01-31T11:11:41.833+0100] {processor.py:840} INFO - DAG(s) 'example_dynamic_task_mapping' retrieved from /home/ubuntu/.local/lib/python3.10/site-packages/airflow/example_dags/example_dynamic_task_mapping.py
[2024-01-31T11:11:41.851+0100] {logging_mixin.py:188} INFO - [2024-01-31T11:11:41.851+0100] {dag.py:3033} INFO - Sync 1 DAGs
[2024-01-31T11:11:41.868+0100] {logging_mixin.py:188} INFO - [2024-01-31T11:11:41.868+0100] {dag.py:3820} INFO - Setting next_dagrun for example_dynamic_task_mapping to 2022-03-04T00:00:00+00:00, run_after=2022-03-05T00:00:00+00:00
[2024-01-31T11:11:41.903+0100] {processor.py:183} INFO - Processing /home/ubuntu/.local/lib/python3.10/site-packages/airflow/example_dags/example_dynamic_task_mapping.py took 0.084 seconds
[2024-01-31T11:12:48.288+0100] {processor.py:161} INFO - Started process (PID=29773) to work on /home/ubuntu/.local/lib/python3.10/site-packages/airflow/example_dags/example_dynamic_task_mapping.py
[2024-01-31T11:12:48.291+0100] {processor.py:830} INFO - Processing file /home/ubuntu/.local/lib/python3.10/site-packages/airflow/example_dags/example_dynamic_task_mapping.py for tasks to queue
[2024-01-31T11:12:48.292+0100] {logging_mixin.py:188} INFO - [2024-01-31T11:12:48.291+0100] {dagbag.py:538} INFO - Filling up the DagBag from /home/ubuntu/.local/lib/python3.10/site-packages/airflow/example_dags/example_dynamic_task_mapping.py
[2024-01-31T11:12:48.299+0100] {processor.py:840} INFO - DAG(s) 'example_dynamic_task_mapping' retrieved from /home/ubuntu/.local/lib/python3.10/site-packages/airflow/example_dags/example_dynamic_task_mapping.py
[2024-01-31T11:12:48.319+0100] {logging_mixin.py:188} INFO - [2024-01-31T11:12:48.319+0100] {dag.py:3033} INFO - Sync 1 DAGs
[2024-01-31T11:12:48.339+0100] {logging_mixin.py:188} INFO - [2024-01-31T11:12:48.339+0100] {dag.py:3820} INFO - Setting next_dagrun for example_dynamic_task_mapping to 2022-03-04T00:00:00+00:00, run_after=2022-03-05T00:00:00+00:00
[2024-01-31T11:12:48.372+0100] {processor.py:183} INFO - Processing /home/ubuntu/.local/lib/python3.10/site-packages/airflow/example_dags/example_dynamic_task_mapping.py took 0.087 seconds
[2024-01-31T11:13:35.331+0100] {processor.py:161} INFO - Started process (PID=29826) to work on /home/ubuntu/.local/lib/python3.10/site-packages/airflow/example_dags/example_dynamic_task_mapping.py
[2024-01-31T11:13:35.333+0100] {processor.py:830} INFO - Processing file /home/ubuntu/.local/lib/python3.10/site-packages/airflow/example_dags/example_dynamic_task_mapping.py for tasks to queue
[2024-01-31T11:13:35.335+0100] {logging_mixin.py:188} INFO - [2024-01-31T11:13:35.333+0100] {dagbag.py:538} INFO - Filling up the DagBag from /home/ubuntu/.local/lib/python3.10/site-packages/airflow/example_dags/example_dynamic_task_mapping.py
[2024-01-31T11:13:35.343+0100] {processor.py:840} INFO - DAG(s) 'example_dynamic_task_mapping' retrieved from /home/ubuntu/.local/lib/python3.10/site-packages/airflow/example_dags/example_dynamic_task_mapping.py
[2024-01-31T11:13:35.363+0100] {logging_mixin.py:188} INFO - [2024-01-31T11:13:35.362+0100] {dag.py:3033} INFO - Sync 1 DAGs
[2024-01-31T11:13:35.393+0100] {logging_mixin.py:188} INFO - [2024-01-31T11:13:35.393+0100] {dag.py:3820} INFO - Setting next_dagrun for example_dynamic_task_mapping to 2022-03-04T00:00:00+00:00, run_after=2022-03-05T00:00:00+00:00
[2024-01-31T11:13:35.433+0100] {processor.py:183} INFO - Processing /home/ubuntu/.local/lib/python3.10/site-packages/airflow/example_dags/example_dynamic_task_mapping.py took 0.106 seconds
[2024-01-31T11:14:44.069+0100] {processor.py:161} INFO - Started process (PID=30510) to work on /home/ubuntu/.local/lib/python3.10/site-packages/airflow/example_dags/example_dynamic_task_mapping.py
[2024-01-31T11:14:44.149+0100] {processor.py:830} INFO - Processing file /home/ubuntu/.local/lib/python3.10/site-packages/airflow/example_dags/example_dynamic_task_mapping.py for tasks to queue
[2024-01-31T11:14:44.165+0100] {logging_mixin.py:188} INFO - [2024-01-31T11:14:44.157+0100] {dagbag.py:538} INFO - Filling up the DagBag from /home/ubuntu/.local/lib/python3.10/site-packages/airflow/example_dags/example_dynamic_task_mapping.py
[2024-01-31T11:14:44.213+0100] {processor.py:840} INFO - DAG(s) 'example_dynamic_task_mapping' retrieved from /home/ubuntu/.local/lib/python3.10/site-packages/airflow/example_dags/example_dynamic_task_mapping.py
[2024-01-31T11:14:44.289+0100] {logging_mixin.py:188} INFO - [2024-01-31T11:14:44.288+0100] {dag.py:3033} INFO - Sync 1 DAGs
[2024-01-31T11:14:44.377+0100] {logging_mixin.py:188} INFO - [2024-01-31T11:14:44.377+0100] {dag.py:3820} INFO - Setting next_dagrun for example_dynamic_task_mapping to 2022-03-04T00:00:00+00:00, run_after=2022-03-05T00:00:00+00:00
[2024-01-31T11:14:44.549+0100] {processor.py:183} INFO - Processing /home/ubuntu/.local/lib/python3.10/site-packages/airflow/example_dags/example_dynamic_task_mapping.py took 0.505 seconds
[2024-01-31T11:16:05.074+0100] {processor.py:161} INFO - Started process (PID=30586) to work on /home/ubuntu/.local/lib/python3.10/site-packages/airflow/example_dags/example_dynamic_task_mapping.py
[2024-01-31T11:16:05.076+0100] {processor.py:830} INFO - Processing file /home/ubuntu/.local/lib/python3.10/site-packages/airflow/example_dags/example_dynamic_task_mapping.py for tasks to queue
[2024-01-31T11:16:05.077+0100] {logging_mixin.py:188} INFO - [2024-01-31T11:16:05.077+0100] {dagbag.py:538} INFO - Filling up the DagBag from /home/ubuntu/.local/lib/python3.10/site-packages/airflow/example_dags/example_dynamic_task_mapping.py
[2024-01-31T11:16:05.086+0100] {processor.py:840} INFO - DAG(s) 'example_dynamic_task_mapping' retrieved from /home/ubuntu/.local/lib/python3.10/site-packages/airflow/example_dags/example_dynamic_task_mapping.py
[2024-01-31T11:16:05.101+0100] {logging_mixin.py:188} INFO - [2024-01-31T11:16:05.101+0100] {dag.py:3033} INFO - Sync 1 DAGs
[2024-01-31T11:16:05.117+0100] {logging_mixin.py:188} INFO - [2024-01-31T11:16:05.117+0100] {dag.py:3820} INFO - Setting next_dagrun for example_dynamic_task_mapping to 2022-03-04T00:00:00+00:00, run_after=2022-03-05T00:00:00+00:00
[2024-01-31T11:16:05.142+0100] {processor.py:183} INFO - Processing /home/ubuntu/.local/lib/python3.10/site-packages/airflow/example_dags/example_dynamic_task_mapping.py took 0.071 seconds
[2024-01-31T11:16:54.938+0100] {processor.py:161} INFO - Started process (PID=30638) to work on /home/ubuntu/.local/lib/python3.10/site-packages/airflow/example_dags/example_dynamic_task_mapping.py
[2024-01-31T11:16:54.940+0100] {processor.py:830} INFO - Processing file /home/ubuntu/.local/lib/python3.10/site-packages/airflow/example_dags/example_dynamic_task_mapping.py for tasks to queue
[2024-01-31T11:16:54.941+0100] {logging_mixin.py:188} INFO - [2024-01-31T11:16:54.940+0100] {dagbag.py:538} INFO - Filling up the DagBag from /home/ubuntu/.local/lib/python3.10/site-packages/airflow/example_dags/example_dynamic_task_mapping.py
[2024-01-31T11:16:54.949+0100] {processor.py:840} INFO - DAG(s) 'example_dynamic_task_mapping' retrieved from /home/ubuntu/.local/lib/python3.10/site-packages/airflow/example_dags/example_dynamic_task_mapping.py
[2024-01-31T11:16:54.969+0100] {logging_mixin.py:188} INFO - [2024-01-31T11:16:54.969+0100] {dag.py:3033} INFO - Sync 1 DAGs
[2024-01-31T11:16:54.990+0100] {logging_mixin.py:188} INFO - [2024-01-31T11:16:54.989+0100] {dag.py:3820} INFO - Setting next_dagrun for example_dynamic_task_mapping to 2022-03-04T00:00:00+00:00, run_after=2022-03-05T00:00:00+00:00
[2024-01-31T11:16:55.019+0100] {processor.py:183} INFO - Processing /home/ubuntu/.local/lib/python3.10/site-packages/airflow/example_dags/example_dynamic_task_mapping.py took 0.086 seconds
[2024-01-31T11:18:08.021+0100] {processor.py:161} INFO - Started process (PID=30717) to work on /home/ubuntu/.local/lib/python3.10/site-packages/airflow/example_dags/example_dynamic_task_mapping.py
[2024-01-31T11:18:08.024+0100] {processor.py:830} INFO - Processing file /home/ubuntu/.local/lib/python3.10/site-packages/airflow/example_dags/example_dynamic_task_mapping.py for tasks to queue
[2024-01-31T11:18:08.025+0100] {logging_mixin.py:188} INFO - [2024-01-31T11:18:08.024+0100] {dagbag.py:538} INFO - Filling up the DagBag from /home/ubuntu/.local/lib/python3.10/site-packages/airflow/example_dags/example_dynamic_task_mapping.py
[2024-01-31T11:18:08.034+0100] {processor.py:840} INFO - DAG(s) 'example_dynamic_task_mapping' retrieved from /home/ubuntu/.local/lib/python3.10/site-packages/airflow/example_dags/example_dynamic_task_mapping.py
[2024-01-31T11:18:08.053+0100] {logging_mixin.py:188} INFO - [2024-01-31T11:18:08.053+0100] {dag.py:3033} INFO - Sync 1 DAGs
[2024-01-31T11:18:08.073+0100] {logging_mixin.py:188} INFO - [2024-01-31T11:18:08.073+0100] {dag.py:3820} INFO - Setting next_dagrun for example_dynamic_task_mapping to 2022-03-04T00:00:00+00:00, run_after=2022-03-05T00:00:00+00:00
[2024-01-31T11:18:08.101+0100] {processor.py:183} INFO - Processing /home/ubuntu/.local/lib/python3.10/site-packages/airflow/example_dags/example_dynamic_task_mapping.py took 0.084 seconds
[2024-01-31T11:19:01.580+0100] {processor.py:161} INFO - Started process (PID=30772) to work on /home/ubuntu/.local/lib/python3.10/site-packages/airflow/example_dags/example_dynamic_task_mapping.py
[2024-01-31T11:19:01.582+0100] {processor.py:830} INFO - Processing file /home/ubuntu/.local/lib/python3.10/site-packages/airflow/example_dags/example_dynamic_task_mapping.py for tasks to queue
[2024-01-31T11:19:01.583+0100] {logging_mixin.py:188} INFO - [2024-01-31T11:19:01.583+0100] {dagbag.py:538} INFO - Filling up the DagBag from /home/ubuntu/.local/lib/python3.10/site-packages/airflow/example_dags/example_dynamic_task_mapping.py
[2024-01-31T11:19:01.590+0100] {processor.py:840} INFO - DAG(s) 'example_dynamic_task_mapping' retrieved from /home/ubuntu/.local/lib/python3.10/site-packages/airflow/example_dags/example_dynamic_task_mapping.py
[2024-01-31T11:19:01.609+0100] {logging_mixin.py:188} INFO - [2024-01-31T11:19:01.609+0100] {dag.py:3033} INFO - Sync 1 DAGs
[2024-01-31T11:19:01.628+0100] {logging_mixin.py:188} INFO - [2024-01-31T11:19:01.628+0100] {dag.py:3820} INFO - Setting next_dagrun for example_dynamic_task_mapping to 2022-03-04T00:00:00+00:00, run_after=2022-03-05T00:00:00+00:00
[2024-01-31T11:19:01.675+0100] {processor.py:183} INFO - Processing /home/ubuntu/.local/lib/python3.10/site-packages/airflow/example_dags/example_dynamic_task_mapping.py took 0.098 seconds
[2024-01-31T11:19:49.595+0100] {processor.py:161} INFO - Started process (PID=30827) to work on /home/ubuntu/.local/lib/python3.10/site-packages/airflow/example_dags/example_dynamic_task_mapping.py
[2024-01-31T11:19:49.598+0100] {processor.py:830} INFO - Processing file /home/ubuntu/.local/lib/python3.10/site-packages/airflow/example_dags/example_dynamic_task_mapping.py for tasks to queue
[2024-01-31T11:19:49.599+0100] {logging_mixin.py:188} INFO - [2024-01-31T11:19:49.598+0100] {dagbag.py:538} INFO - Filling up the DagBag from /home/ubuntu/.local/lib/python3.10/site-packages/airflow/example_dags/example_dynamic_task_mapping.py
[2024-01-31T11:19:49.607+0100] {processor.py:840} INFO - DAG(s) 'example_dynamic_task_mapping' retrieved from /home/ubuntu/.local/lib/python3.10/site-packages/airflow/example_dags/example_dynamic_task_mapping.py
[2024-01-31T11:19:49.631+0100] {logging_mixin.py:188} INFO - [2024-01-31T11:19:49.631+0100] {dag.py:3033} INFO - Sync 1 DAGs
[2024-01-31T11:19:49.659+0100] {logging_mixin.py:188} INFO - [2024-01-31T11:19:49.658+0100] {dag.py:3820} INFO - Setting next_dagrun for example_dynamic_task_mapping to 2022-03-04T00:00:00+00:00, run_after=2022-03-05T00:00:00+00:00
[2024-01-31T11:19:49.702+0100] {processor.py:183} INFO - Processing /home/ubuntu/.local/lib/python3.10/site-packages/airflow/example_dags/example_dynamic_task_mapping.py took 0.112 seconds
[2024-01-31T11:20:36.379+0100] {processor.py:161} INFO - Started process (PID=30882) to work on /home/ubuntu/.local/lib/python3.10/site-packages/airflow/example_dags/example_dynamic_task_mapping.py
[2024-01-31T11:20:36.382+0100] {processor.py:830} INFO - Processing file /home/ubuntu/.local/lib/python3.10/site-packages/airflow/example_dags/example_dynamic_task_mapping.py for tasks to queue
[2024-01-31T11:20:36.383+0100] {logging_mixin.py:188} INFO - [2024-01-31T11:20:36.383+0100] {dagbag.py:538} INFO - Filling up the DagBag from /home/ubuntu/.local/lib/python3.10/site-packages/airflow/example_dags/example_dynamic_task_mapping.py
[2024-01-31T11:20:36.391+0100] {processor.py:840} INFO - DAG(s) 'example_dynamic_task_mapping' retrieved from /home/ubuntu/.local/lib/python3.10/site-packages/airflow/example_dags/example_dynamic_task_mapping.py
[2024-01-31T11:20:36.409+0100] {logging_mixin.py:188} INFO - [2024-01-31T11:20:36.409+0100] {dag.py:3033} INFO - Sync 1 DAGs
[2024-01-31T11:20:36.427+0100] {logging_mixin.py:188} INFO - [2024-01-31T11:20:36.426+0100] {dag.py:3820} INFO - Setting next_dagrun for example_dynamic_task_mapping to 2022-03-04T00:00:00+00:00, run_after=2022-03-05T00:00:00+00:00
[2024-01-31T11:20:36.570+0100] {processor.py:183} INFO - Processing /home/ubuntu/.local/lib/python3.10/site-packages/airflow/example_dags/example_dynamic_task_mapping.py took 0.196 seconds
[2024-01-31T11:21:21.545+0100] {processor.py:161} INFO - Started process (PID=30933) to work on /home/ubuntu/.local/lib/python3.10/site-packages/airflow/example_dags/example_dynamic_task_mapping.py
[2024-01-31T11:21:21.547+0100] {processor.py:830} INFO - Processing file /home/ubuntu/.local/lib/python3.10/site-packages/airflow/example_dags/example_dynamic_task_mapping.py for tasks to queue
[2024-01-31T11:21:21.548+0100] {logging_mixin.py:188} INFO - [2024-01-31T11:21:21.547+0100] {dagbag.py:538} INFO - Filling up the DagBag from /home/ubuntu/.local/lib/python3.10/site-packages/airflow/example_dags/example_dynamic_task_mapping.py
[2024-01-31T11:21:21.553+0100] {processor.py:840} INFO - DAG(s) 'example_dynamic_task_mapping' retrieved from /home/ubuntu/.local/lib/python3.10/site-packages/airflow/example_dags/example_dynamic_task_mapping.py
[2024-01-31T11:21:21.569+0100] {logging_mixin.py:188} INFO - [2024-01-31T11:21:21.569+0100] {dag.py:3033} INFO - Sync 1 DAGs
[2024-01-31T11:21:21.584+0100] {logging_mixin.py:188} INFO - [2024-01-31T11:21:21.583+0100] {dag.py:3820} INFO - Setting next_dagrun for example_dynamic_task_mapping to 2022-03-04T00:00:00+00:00, run_after=2022-03-05T00:00:00+00:00
[2024-01-31T11:21:21.632+0100] {processor.py:183} INFO - Processing /home/ubuntu/.local/lib/python3.10/site-packages/airflow/example_dags/example_dynamic_task_mapping.py took 0.091 seconds
[2024-01-31T11:22:23.589+0100] {processor.py:161} INFO - Started process (PID=31002) to work on /home/ubuntu/.local/lib/python3.10/site-packages/airflow/example_dags/example_dynamic_task_mapping.py
[2024-01-31T11:22:23.591+0100] {processor.py:830} INFO - Processing file /home/ubuntu/.local/lib/python3.10/site-packages/airflow/example_dags/example_dynamic_task_mapping.py for tasks to queue
[2024-01-31T11:22:23.592+0100] {logging_mixin.py:188} INFO - [2024-01-31T11:22:23.591+0100] {dagbag.py:538} INFO - Filling up the DagBag from /home/ubuntu/.local/lib/python3.10/site-packages/airflow/example_dags/example_dynamic_task_mapping.py
[2024-01-31T11:22:23.601+0100] {processor.py:840} INFO - DAG(s) 'example_dynamic_task_mapping' retrieved from /home/ubuntu/.local/lib/python3.10/site-packages/airflow/example_dags/example_dynamic_task_mapping.py
[2024-01-31T11:22:23.619+0100] {logging_mixin.py:188} INFO - [2024-01-31T11:22:23.619+0100] {dag.py:3033} INFO - Sync 1 DAGs
[2024-01-31T11:22:23.636+0100] {logging_mixin.py:188} INFO - [2024-01-31T11:22:23.636+0100] {dag.py:3820} INFO - Setting next_dagrun for example_dynamic_task_mapping to 2022-03-04T00:00:00+00:00, run_after=2022-03-05T00:00:00+00:00
[2024-01-31T11:22:23.666+0100] {processor.py:183} INFO - Processing /home/ubuntu/.local/lib/python3.10/site-packages/airflow/example_dags/example_dynamic_task_mapping.py took 0.081 seconds
[2024-01-31T11:23:29.639+0100] {processor.py:161} INFO - Started process (PID=31079) to work on /home/ubuntu/.local/lib/python3.10/site-packages/airflow/example_dags/example_dynamic_task_mapping.py
[2024-01-31T11:23:29.641+0100] {processor.py:830} INFO - Processing file /home/ubuntu/.local/lib/python3.10/site-packages/airflow/example_dags/example_dynamic_task_mapping.py for tasks to queue
[2024-01-31T11:23:29.642+0100] {logging_mixin.py:188} INFO - [2024-01-31T11:23:29.642+0100] {dagbag.py:538} INFO - Filling up the DagBag from /home/ubuntu/.local/lib/python3.10/site-packages/airflow/example_dags/example_dynamic_task_mapping.py
[2024-01-31T11:23:29.652+0100] {processor.py:840} INFO - DAG(s) 'example_dynamic_task_mapping' retrieved from /home/ubuntu/.local/lib/python3.10/site-packages/airflow/example_dags/example_dynamic_task_mapping.py
[2024-01-31T11:23:29.673+0100] {logging_mixin.py:188} INFO - [2024-01-31T11:23:29.673+0100] {dag.py:3033} INFO - Sync 1 DAGs
[2024-01-31T11:23:29.698+0100] {logging_mixin.py:188} INFO - [2024-01-31T11:23:29.698+0100] {dag.py:3820} INFO - Setting next_dagrun for example_dynamic_task_mapping to 2022-03-04T00:00:00+00:00, run_after=2022-03-05T00:00:00+00:00
[2024-01-31T11:23:29.733+0100] {processor.py:183} INFO - Processing /home/ubuntu/.local/lib/python3.10/site-packages/airflow/example_dags/example_dynamic_task_mapping.py took 0.098 seconds
[2024-01-31T11:24:13.586+0100] {processor.py:161} INFO - Started process (PID=31137) to work on /home/ubuntu/.local/lib/python3.10/site-packages/airflow/example_dags/example_dynamic_task_mapping.py
[2024-01-31T11:24:13.588+0100] {processor.py:830} INFO - Processing file /home/ubuntu/.local/lib/python3.10/site-packages/airflow/example_dags/example_dynamic_task_mapping.py for tasks to queue
[2024-01-31T11:24:13.589+0100] {logging_mixin.py:188} INFO - [2024-01-31T11:24:13.589+0100] {dagbag.py:538} INFO - Filling up the DagBag from /home/ubuntu/.local/lib/python3.10/site-packages/airflow/example_dags/example_dynamic_task_mapping.py
[2024-01-31T11:24:13.595+0100] {processor.py:840} INFO - DAG(s) 'example_dynamic_task_mapping' retrieved from /home/ubuntu/.local/lib/python3.10/site-packages/airflow/example_dags/example_dynamic_task_mapping.py
[2024-01-31T11:24:13.614+0100] {logging_mixin.py:188} INFO - [2024-01-31T11:24:13.614+0100] {dag.py:3033} INFO - Sync 1 DAGs
[2024-01-31T11:24:13.631+0100] {logging_mixin.py:188} INFO - [2024-01-31T11:24:13.631+0100] {dag.py:3820} INFO - Setting next_dagrun for example_dynamic_task_mapping to 2022-03-04T00:00:00+00:00, run_after=2022-03-05T00:00:00+00:00
[2024-01-31T11:24:13.660+0100] {processor.py:183} INFO - Processing /home/ubuntu/.local/lib/python3.10/site-packages/airflow/example_dags/example_dynamic_task_mapping.py took 0.078 seconds
[2024-01-31T11:25:21.701+0100] {processor.py:161} INFO - Started process (PID=31207) to work on /home/ubuntu/.local/lib/python3.10/site-packages/airflow/example_dags/example_dynamic_task_mapping.py
[2024-01-31T11:25:21.703+0100] {processor.py:830} INFO - Processing file /home/ubuntu/.local/lib/python3.10/site-packages/airflow/example_dags/example_dynamic_task_mapping.py for tasks to queue
[2024-01-31T11:25:21.704+0100] {logging_mixin.py:188} INFO - [2024-01-31T11:25:21.704+0100] {dagbag.py:538} INFO - Filling up the DagBag from /home/ubuntu/.local/lib/python3.10/site-packages/airflow/example_dags/example_dynamic_task_mapping.py
[2024-01-31T11:25:21.711+0100] {processor.py:840} INFO - DAG(s) 'example_dynamic_task_mapping' retrieved from /home/ubuntu/.local/lib/python3.10/site-packages/airflow/example_dags/example_dynamic_task_mapping.py
[2024-01-31T11:25:21.728+0100] {logging_mixin.py:188} INFO - [2024-01-31T11:25:21.728+0100] {dag.py:3033} INFO - Sync 1 DAGs
[2024-01-31T11:25:21.744+0100] {logging_mixin.py:188} INFO - [2024-01-31T11:25:21.744+0100] {dag.py:3820} INFO - Setting next_dagrun for example_dynamic_task_mapping to 2022-03-04T00:00:00+00:00, run_after=2022-03-05T00:00:00+00:00
[2024-01-31T11:25:21.772+0100] {processor.py:183} INFO - Processing /home/ubuntu/.local/lib/python3.10/site-packages/airflow/example_dags/example_dynamic_task_mapping.py took 0.075 seconds
[2024-01-31T11:26:33.830+0100] {processor.py:161} INFO - Started process (PID=31268) to work on /home/ubuntu/.local/lib/python3.10/site-packages/airflow/example_dags/example_dynamic_task_mapping.py
[2024-01-31T11:26:33.834+0100] {processor.py:830} INFO - Processing file /home/ubuntu/.local/lib/python3.10/site-packages/airflow/example_dags/example_dynamic_task_mapping.py for tasks to queue
[2024-01-31T11:26:33.840+0100] {logging_mixin.py:188} INFO - [2024-01-31T11:26:33.837+0100] {dagbag.py:538} INFO - Filling up the DagBag from /home/ubuntu/.local/lib/python3.10/site-packages/airflow/example_dags/example_dynamic_task_mapping.py
[2024-01-31T11:26:33.860+0100] {processor.py:840} INFO - DAG(s) 'example_dynamic_task_mapping' retrieved from /home/ubuntu/.local/lib/python3.10/site-packages/airflow/example_dags/example_dynamic_task_mapping.py
[2024-01-31T11:26:33.897+0100] {logging_mixin.py:188} INFO - [2024-01-31T11:26:33.897+0100] {dag.py:3033} INFO - Sync 1 DAGs
[2024-01-31T11:26:34.070+0100] {logging_mixin.py:188} INFO - [2024-01-31T11:26:34.070+0100] {dag.py:3820} INFO - Setting next_dagrun for example_dynamic_task_mapping to 2022-03-04T00:00:00+00:00, run_after=2022-03-05T00:00:00+00:00
[2024-01-31T11:26:34.108+0100] {processor.py:183} INFO - Processing /home/ubuntu/.local/lib/python3.10/site-packages/airflow/example_dags/example_dynamic_task_mapping.py took 0.290 seconds
