[2024-01-31T01:02:01.870+0100] {processor.py:161} INFO - Started process (PID=26554) to work on /home/ubuntu/.local/lib/python3.10/site-packages/airflow/example_dags/example_setup_teardown_taskflow.py
[2024-01-31T01:02:01.872+0100] {processor.py:830} INFO - Processing file /home/ubuntu/.local/lib/python3.10/site-packages/airflow/example_dags/example_setup_teardown_taskflow.py for tasks to queue
[2024-01-31T01:02:01.874+0100] {logging_mixin.py:188} INFO - [2024-01-31T01:02:01.873+0100] {dagbag.py:538} INFO - Filling up the DagBag from /home/ubuntu/.local/lib/python3.10/site-packages/airflow/example_dags/example_setup_teardown_taskflow.py
[2024-01-31T01:02:01.894+0100] {processor.py:840} INFO - DAG(s) 'example_setup_teardown_taskflow' retrieved from /home/ubuntu/.local/lib/python3.10/site-packages/airflow/example_dags/example_setup_teardown_taskflow.py
[2024-01-31T01:02:01.917+0100] {logging_mixin.py:188} INFO - [2024-01-31T01:02:01.917+0100] {dag.py:3033} INFO - Sync 1 DAGs
[2024-01-31T01:02:01.938+0100] {logging_mixin.py:188} INFO - [2024-01-31T01:02:01.938+0100] {dag.py:3820} INFO - Setting next_dagrun for example_setup_teardown_taskflow to 2024-01-30T00:00:00+00:00, run_after=2024-01-31T00:00:00+00:00
[2024-01-31T01:02:01.969+0100] {processor.py:183} INFO - Processing /home/ubuntu/.local/lib/python3.10/site-packages/airflow/example_dags/example_setup_teardown_taskflow.py took 0.102 seconds
[2024-01-31T10:29:49.564+0100] {processor.py:161} INFO - Started process (PID=26715) to work on /home/ubuntu/.local/lib/python3.10/site-packages/airflow/example_dags/example_setup_teardown_taskflow.py
[2024-01-31T10:29:49.566+0100] {processor.py:830} INFO - Processing file /home/ubuntu/.local/lib/python3.10/site-packages/airflow/example_dags/example_setup_teardown_taskflow.py for tasks to queue
[2024-01-31T10:29:49.567+0100] {logging_mixin.py:188} INFO - [2024-01-31T10:29:49.567+0100] {dagbag.py:538} INFO - Filling up the DagBag from /home/ubuntu/.local/lib/python3.10/site-packages/airflow/example_dags/example_setup_teardown_taskflow.py
[2024-01-31T10:29:49.582+0100] {processor.py:840} INFO - DAG(s) 'example_setup_teardown_taskflow' retrieved from /home/ubuntu/.local/lib/python3.10/site-packages/airflow/example_dags/example_setup_teardown_taskflow.py
[2024-01-31T10:29:49.601+0100] {logging_mixin.py:188} INFO - [2024-01-31T10:29:49.601+0100] {dag.py:3033} INFO - Sync 1 DAGs
[2024-01-31T10:29:49.616+0100] {logging_mixin.py:188} INFO - [2024-01-31T10:29:49.616+0100] {dag.py:3820} INFO - Setting next_dagrun for example_setup_teardown_taskflow to 2024-01-30T00:00:00+00:00, run_after=2024-01-31T00:00:00+00:00
[2024-01-31T10:29:49.645+0100] {processor.py:183} INFO - Processing /home/ubuntu/.local/lib/python3.10/site-packages/airflow/example_dags/example_setup_teardown_taskflow.py took 0.085 seconds
[2024-01-31T10:30:38.994+0100] {processor.py:161} INFO - Started process (PID=26774) to work on /home/ubuntu/.local/lib/python3.10/site-packages/airflow/example_dags/example_setup_teardown_taskflow.py
[2024-01-31T10:30:38.997+0100] {processor.py:830} INFO - Processing file /home/ubuntu/.local/lib/python3.10/site-packages/airflow/example_dags/example_setup_teardown_taskflow.py for tasks to queue
[2024-01-31T10:30:38.998+0100] {logging_mixin.py:188} INFO - [2024-01-31T10:30:38.997+0100] {dagbag.py:538} INFO - Filling up the DagBag from /home/ubuntu/.local/lib/python3.10/site-packages/airflow/example_dags/example_setup_teardown_taskflow.py
[2024-01-31T10:30:39.008+0100] {processor.py:840} INFO - DAG(s) 'example_setup_teardown_taskflow' retrieved from /home/ubuntu/.local/lib/python3.10/site-packages/airflow/example_dags/example_setup_teardown_taskflow.py
[2024-01-31T10:30:39.028+0100] {logging_mixin.py:188} INFO - [2024-01-31T10:30:39.027+0100] {dag.py:3033} INFO - Sync 1 DAGs
[2024-01-31T10:30:39.047+0100] {logging_mixin.py:188} INFO - [2024-01-31T10:30:39.047+0100] {dag.py:3820} INFO - Setting next_dagrun for example_setup_teardown_taskflow to 2024-01-30T00:00:00+00:00, run_after=2024-01-31T00:00:00+00:00
[2024-01-31T10:30:39.075+0100] {processor.py:183} INFO - Processing /home/ubuntu/.local/lib/python3.10/site-packages/airflow/example_dags/example_setup_teardown_taskflow.py took 0.086 seconds
[2024-01-31T10:31:38.033+0100] {processor.py:161} INFO - Started process (PID=26840) to work on /home/ubuntu/.local/lib/python3.10/site-packages/airflow/example_dags/example_setup_teardown_taskflow.py
[2024-01-31T10:31:38.035+0100] {processor.py:830} INFO - Processing file /home/ubuntu/.local/lib/python3.10/site-packages/airflow/example_dags/example_setup_teardown_taskflow.py for tasks to queue
[2024-01-31T10:31:38.036+0100] {logging_mixin.py:188} INFO - [2024-01-31T10:31:38.036+0100] {dagbag.py:538} INFO - Filling up the DagBag from /home/ubuntu/.local/lib/python3.10/site-packages/airflow/example_dags/example_setup_teardown_taskflow.py
[2024-01-31T10:31:38.047+0100] {processor.py:840} INFO - DAG(s) 'example_setup_teardown_taskflow' retrieved from /home/ubuntu/.local/lib/python3.10/site-packages/airflow/example_dags/example_setup_teardown_taskflow.py
[2024-01-31T10:31:38.066+0100] {logging_mixin.py:188} INFO - [2024-01-31T10:31:38.066+0100] {dag.py:3033} INFO - Sync 1 DAGs
[2024-01-31T10:31:38.084+0100] {logging_mixin.py:188} INFO - [2024-01-31T10:31:38.084+0100] {dag.py:3820} INFO - Setting next_dagrun for example_setup_teardown_taskflow to 2024-01-30T00:00:00+00:00, run_after=2024-01-31T00:00:00+00:00
[2024-01-31T10:31:38.119+0100] {processor.py:183} INFO - Processing /home/ubuntu/.local/lib/python3.10/site-packages/airflow/example_dags/example_setup_teardown_taskflow.py took 0.090 seconds
[2024-01-31T10:32:35.509+0100] {processor.py:161} INFO - Started process (PID=26913) to work on /home/ubuntu/.local/lib/python3.10/site-packages/airflow/example_dags/example_setup_teardown_taskflow.py
[2024-01-31T10:32:35.511+0100] {processor.py:830} INFO - Processing file /home/ubuntu/.local/lib/python3.10/site-packages/airflow/example_dags/example_setup_teardown_taskflow.py for tasks to queue
[2024-01-31T10:32:35.512+0100] {logging_mixin.py:188} INFO - [2024-01-31T10:32:35.511+0100] {dagbag.py:538} INFO - Filling up the DagBag from /home/ubuntu/.local/lib/python3.10/site-packages/airflow/example_dags/example_setup_teardown_taskflow.py
[2024-01-31T10:32:35.521+0100] {processor.py:840} INFO - DAG(s) 'example_setup_teardown_taskflow' retrieved from /home/ubuntu/.local/lib/python3.10/site-packages/airflow/example_dags/example_setup_teardown_taskflow.py
[2024-01-31T10:32:35.540+0100] {logging_mixin.py:188} INFO - [2024-01-31T10:32:35.540+0100] {dag.py:3033} INFO - Sync 1 DAGs
[2024-01-31T10:32:35.557+0100] {logging_mixin.py:188} INFO - [2024-01-31T10:32:35.556+0100] {dag.py:3820} INFO - Setting next_dagrun for example_setup_teardown_taskflow to 2024-01-30T00:00:00+00:00, run_after=2024-01-31T00:00:00+00:00
[2024-01-31T10:32:35.586+0100] {processor.py:183} INFO - Processing /home/ubuntu/.local/lib/python3.10/site-packages/airflow/example_dags/example_setup_teardown_taskflow.py took 0.081 seconds
[2024-01-31T10:33:37.057+0100] {processor.py:161} INFO - Started process (PID=26981) to work on /home/ubuntu/.local/lib/python3.10/site-packages/airflow/example_dags/example_setup_teardown_taskflow.py
[2024-01-31T10:33:37.060+0100] {processor.py:830} INFO - Processing file /home/ubuntu/.local/lib/python3.10/site-packages/airflow/example_dags/example_setup_teardown_taskflow.py for tasks to queue
[2024-01-31T10:33:37.061+0100] {logging_mixin.py:188} INFO - [2024-01-31T10:33:37.060+0100] {dagbag.py:538} INFO - Filling up the DagBag from /home/ubuntu/.local/lib/python3.10/site-packages/airflow/example_dags/example_setup_teardown_taskflow.py
[2024-01-31T10:33:37.072+0100] {processor.py:840} INFO - DAG(s) 'example_setup_teardown_taskflow' retrieved from /home/ubuntu/.local/lib/python3.10/site-packages/airflow/example_dags/example_setup_teardown_taskflow.py
[2024-01-31T10:33:37.091+0100] {logging_mixin.py:188} INFO - [2024-01-31T10:33:37.091+0100] {dag.py:3033} INFO - Sync 1 DAGs
[2024-01-31T10:33:37.113+0100] {logging_mixin.py:188} INFO - [2024-01-31T10:33:37.112+0100] {dag.py:3820} INFO - Setting next_dagrun for example_setup_teardown_taskflow to 2024-01-30T00:00:00+00:00, run_after=2024-01-31T00:00:00+00:00
[2024-01-31T10:33:37.165+0100] {processor.py:183} INFO - Processing /home/ubuntu/.local/lib/python3.10/site-packages/airflow/example_dags/example_setup_teardown_taskflow.py took 0.112 seconds
[2024-01-31T10:34:39.546+0100] {processor.py:161} INFO - Started process (PID=27093) to work on /home/ubuntu/.local/lib/python3.10/site-packages/airflow/example_dags/example_setup_teardown_taskflow.py
[2024-01-31T10:34:39.548+0100] {processor.py:830} INFO - Processing file /home/ubuntu/.local/lib/python3.10/site-packages/airflow/example_dags/example_setup_teardown_taskflow.py for tasks to queue
[2024-01-31T10:34:39.549+0100] {logging_mixin.py:188} INFO - [2024-01-31T10:34:39.549+0100] {dagbag.py:538} INFO - Filling up the DagBag from /home/ubuntu/.local/lib/python3.10/site-packages/airflow/example_dags/example_setup_teardown_taskflow.py
[2024-01-31T10:34:39.560+0100] {processor.py:840} INFO - DAG(s) 'example_setup_teardown_taskflow' retrieved from /home/ubuntu/.local/lib/python3.10/site-packages/airflow/example_dags/example_setup_teardown_taskflow.py
[2024-01-31T10:34:39.579+0100] {logging_mixin.py:188} INFO - [2024-01-31T10:34:39.579+0100] {dag.py:3033} INFO - Sync 1 DAGs
[2024-01-31T10:34:39.598+0100] {logging_mixin.py:188} INFO - [2024-01-31T10:34:39.597+0100] {dag.py:3820} INFO - Setting next_dagrun for example_setup_teardown_taskflow to 2024-01-30T00:00:00+00:00, run_after=2024-01-31T00:00:00+00:00
[2024-01-31T10:34:39.626+0100] {processor.py:183} INFO - Processing /home/ubuntu/.local/lib/python3.10/site-packages/airflow/example_dags/example_setup_teardown_taskflow.py took 0.084 seconds
[2024-01-31T10:35:45.058+0100] {processor.py:161} INFO - Started process (PID=27167) to work on /home/ubuntu/.local/lib/python3.10/site-packages/airflow/example_dags/example_setup_teardown_taskflow.py
[2024-01-31T10:35:45.060+0100] {processor.py:830} INFO - Processing file /home/ubuntu/.local/lib/python3.10/site-packages/airflow/example_dags/example_setup_teardown_taskflow.py for tasks to queue
[2024-01-31T10:35:45.061+0100] {logging_mixin.py:188} INFO - [2024-01-31T10:35:45.061+0100] {dagbag.py:538} INFO - Filling up the DagBag from /home/ubuntu/.local/lib/python3.10/site-packages/airflow/example_dags/example_setup_teardown_taskflow.py
[2024-01-31T10:35:45.072+0100] {processor.py:840} INFO - DAG(s) 'example_setup_teardown_taskflow' retrieved from /home/ubuntu/.local/lib/python3.10/site-packages/airflow/example_dags/example_setup_teardown_taskflow.py
[2024-01-31T10:35:45.092+0100] {logging_mixin.py:188} INFO - [2024-01-31T10:35:45.092+0100] {dag.py:3033} INFO - Sync 1 DAGs
[2024-01-31T10:35:45.111+0100] {logging_mixin.py:188} INFO - [2024-01-31T10:35:45.111+0100] {dag.py:3820} INFO - Setting next_dagrun for example_setup_teardown_taskflow to 2024-01-30T00:00:00+00:00, run_after=2024-01-31T00:00:00+00:00
[2024-01-31T10:35:45.139+0100] {processor.py:183} INFO - Processing /home/ubuntu/.local/lib/python3.10/site-packages/airflow/example_dags/example_setup_teardown_taskflow.py took 0.085 seconds
[2024-01-31T10:36:50.927+0100] {processor.py:161} INFO - Started process (PID=27244) to work on /home/ubuntu/.local/lib/python3.10/site-packages/airflow/example_dags/example_setup_teardown_taskflow.py
[2024-01-31T10:36:50.929+0100] {processor.py:830} INFO - Processing file /home/ubuntu/.local/lib/python3.10/site-packages/airflow/example_dags/example_setup_teardown_taskflow.py for tasks to queue
[2024-01-31T10:36:50.930+0100] {logging_mixin.py:188} INFO - [2024-01-31T10:36:50.929+0100] {dagbag.py:538} INFO - Filling up the DagBag from /home/ubuntu/.local/lib/python3.10/site-packages/airflow/example_dags/example_setup_teardown_taskflow.py
[2024-01-31T10:36:50.941+0100] {processor.py:840} INFO - DAG(s) 'example_setup_teardown_taskflow' retrieved from /home/ubuntu/.local/lib/python3.10/site-packages/airflow/example_dags/example_setup_teardown_taskflow.py
[2024-01-31T10:36:50.960+0100] {logging_mixin.py:188} INFO - [2024-01-31T10:36:50.960+0100] {dag.py:3033} INFO - Sync 1 DAGs
[2024-01-31T10:36:50.980+0100] {logging_mixin.py:188} INFO - [2024-01-31T10:36:50.979+0100] {dag.py:3820} INFO - Setting next_dagrun for example_setup_teardown_taskflow to 2024-01-30T00:00:00+00:00, run_after=2024-01-31T00:00:00+00:00
[2024-01-31T10:36:51.013+0100] {processor.py:183} INFO - Processing /home/ubuntu/.local/lib/python3.10/site-packages/airflow/example_dags/example_setup_teardown_taskflow.py took 0.091 seconds
[2024-01-31T10:37:54.761+0100] {processor.py:161} INFO - Started process (PID=27315) to work on /home/ubuntu/.local/lib/python3.10/site-packages/airflow/example_dags/example_setup_teardown_taskflow.py
[2024-01-31T10:37:54.763+0100] {processor.py:830} INFO - Processing file /home/ubuntu/.local/lib/python3.10/site-packages/airflow/example_dags/example_setup_teardown_taskflow.py for tasks to queue
[2024-01-31T10:37:54.764+0100] {logging_mixin.py:188} INFO - [2024-01-31T10:37:54.764+0100] {dagbag.py:538} INFO - Filling up the DagBag from /home/ubuntu/.local/lib/python3.10/site-packages/airflow/example_dags/example_setup_teardown_taskflow.py
[2024-01-31T10:37:54.775+0100] {processor.py:840} INFO - DAG(s) 'example_setup_teardown_taskflow' retrieved from /home/ubuntu/.local/lib/python3.10/site-packages/airflow/example_dags/example_setup_teardown_taskflow.py
[2024-01-31T10:37:54.794+0100] {logging_mixin.py:188} INFO - [2024-01-31T10:37:54.794+0100] {dag.py:3033} INFO - Sync 1 DAGs
[2024-01-31T10:37:54.813+0100] {logging_mixin.py:188} INFO - [2024-01-31T10:37:54.813+0100] {dag.py:3820} INFO - Setting next_dagrun for example_setup_teardown_taskflow to 2024-01-30T00:00:00+00:00, run_after=2024-01-31T00:00:00+00:00
[2024-01-31T10:37:54.860+0100] {processor.py:183} INFO - Processing /home/ubuntu/.local/lib/python3.10/site-packages/airflow/example_dags/example_setup_teardown_taskflow.py took 0.103 seconds
[2024-01-31T10:38:59.185+0100] {processor.py:161} INFO - Started process (PID=27391) to work on /home/ubuntu/.local/lib/python3.10/site-packages/airflow/example_dags/example_setup_teardown_taskflow.py
[2024-01-31T10:38:59.187+0100] {processor.py:830} INFO - Processing file /home/ubuntu/.local/lib/python3.10/site-packages/airflow/example_dags/example_setup_teardown_taskflow.py for tasks to queue
[2024-01-31T10:38:59.188+0100] {logging_mixin.py:188} INFO - [2024-01-31T10:38:59.187+0100] {dagbag.py:538} INFO - Filling up the DagBag from /home/ubuntu/.local/lib/python3.10/site-packages/airflow/example_dags/example_setup_teardown_taskflow.py
[2024-01-31T10:38:59.197+0100] {processor.py:840} INFO - DAG(s) 'example_setup_teardown_taskflow' retrieved from /home/ubuntu/.local/lib/python3.10/site-packages/airflow/example_dags/example_setup_teardown_taskflow.py
[2024-01-31T10:38:59.217+0100] {logging_mixin.py:188} INFO - [2024-01-31T10:38:59.216+0100] {dag.py:3033} INFO - Sync 1 DAGs
[2024-01-31T10:38:59.240+0100] {logging_mixin.py:188} INFO - [2024-01-31T10:38:59.240+0100] {dag.py:3820} INFO - Setting next_dagrun for example_setup_teardown_taskflow to 2024-01-30T00:00:00+00:00, run_after=2024-01-31T00:00:00+00:00
[2024-01-31T10:38:59.284+0100] {processor.py:183} INFO - Processing /home/ubuntu/.local/lib/python3.10/site-packages/airflow/example_dags/example_setup_teardown_taskflow.py took 0.103 seconds
[2024-01-31T10:40:01.057+0100] {processor.py:161} INFO - Started process (PID=27463) to work on /home/ubuntu/.local/lib/python3.10/site-packages/airflow/example_dags/example_setup_teardown_taskflow.py
[2024-01-31T10:40:01.060+0100] {processor.py:830} INFO - Processing file /home/ubuntu/.local/lib/python3.10/site-packages/airflow/example_dags/example_setup_teardown_taskflow.py for tasks to queue
[2024-01-31T10:40:01.061+0100] {logging_mixin.py:188} INFO - [2024-01-31T10:40:01.060+0100] {dagbag.py:538} INFO - Filling up the DagBag from /home/ubuntu/.local/lib/python3.10/site-packages/airflow/example_dags/example_setup_teardown_taskflow.py
[2024-01-31T10:40:01.071+0100] {processor.py:840} INFO - DAG(s) 'example_setup_teardown_taskflow' retrieved from /home/ubuntu/.local/lib/python3.10/site-packages/airflow/example_dags/example_setup_teardown_taskflow.py
[2024-01-31T10:40:01.092+0100] {logging_mixin.py:188} INFO - [2024-01-31T10:40:01.092+0100] {dag.py:3033} INFO - Sync 1 DAGs
[2024-01-31T10:40:01.109+0100] {logging_mixin.py:188} INFO - [2024-01-31T10:40:01.109+0100] {dag.py:3820} INFO - Setting next_dagrun for example_setup_teardown_taskflow to 2024-01-30T00:00:00+00:00, run_after=2024-01-31T00:00:00+00:00
[2024-01-31T10:40:01.142+0100] {processor.py:183} INFO - Processing /home/ubuntu/.local/lib/python3.10/site-packages/airflow/example_dags/example_setup_teardown_taskflow.py took 0.090 seconds
[2024-01-31T10:40:58.057+0100] {processor.py:161} INFO - Started process (PID=27535) to work on /home/ubuntu/.local/lib/python3.10/site-packages/airflow/example_dags/example_setup_teardown_taskflow.py
[2024-01-31T10:40:58.060+0100] {processor.py:830} INFO - Processing file /home/ubuntu/.local/lib/python3.10/site-packages/airflow/example_dags/example_setup_teardown_taskflow.py for tasks to queue
[2024-01-31T10:40:58.062+0100] {logging_mixin.py:188} INFO - [2024-01-31T10:40:58.061+0100] {dagbag.py:538} INFO - Filling up the DagBag from /home/ubuntu/.local/lib/python3.10/site-packages/airflow/example_dags/example_setup_teardown_taskflow.py
[2024-01-31T10:40:58.074+0100] {processor.py:840} INFO - DAG(s) 'example_setup_teardown_taskflow' retrieved from /home/ubuntu/.local/lib/python3.10/site-packages/airflow/example_dags/example_setup_teardown_taskflow.py
[2024-01-31T10:40:58.100+0100] {logging_mixin.py:188} INFO - [2024-01-31T10:40:58.100+0100] {dag.py:3033} INFO - Sync 1 DAGs
[2024-01-31T10:40:58.121+0100] {logging_mixin.py:188} INFO - [2024-01-31T10:40:58.121+0100] {dag.py:3820} INFO - Setting next_dagrun for example_setup_teardown_taskflow to 2024-01-30T00:00:00+00:00, run_after=2024-01-31T00:00:00+00:00
[2024-01-31T10:40:58.148+0100] {processor.py:183} INFO - Processing /home/ubuntu/.local/lib/python3.10/site-packages/airflow/example_dags/example_setup_teardown_taskflow.py took 0.095 seconds
[2024-01-31T10:42:00.996+0100] {processor.py:161} INFO - Started process (PID=27606) to work on /home/ubuntu/.local/lib/python3.10/site-packages/airflow/example_dags/example_setup_teardown_taskflow.py
[2024-01-31T10:42:00.998+0100] {processor.py:830} INFO - Processing file /home/ubuntu/.local/lib/python3.10/site-packages/airflow/example_dags/example_setup_teardown_taskflow.py for tasks to queue
[2024-01-31T10:42:00.999+0100] {logging_mixin.py:188} INFO - [2024-01-31T10:42:00.998+0100] {dagbag.py:538} INFO - Filling up the DagBag from /home/ubuntu/.local/lib/python3.10/site-packages/airflow/example_dags/example_setup_teardown_taskflow.py
[2024-01-31T10:42:01.013+0100] {processor.py:840} INFO - DAG(s) 'example_setup_teardown_taskflow' retrieved from /home/ubuntu/.local/lib/python3.10/site-packages/airflow/example_dags/example_setup_teardown_taskflow.py
[2024-01-31T10:42:01.036+0100] {logging_mixin.py:188} INFO - [2024-01-31T10:42:01.036+0100] {dag.py:3033} INFO - Sync 1 DAGs
[2024-01-31T10:42:01.059+0100] {logging_mixin.py:188} INFO - [2024-01-31T10:42:01.059+0100] {dag.py:3820} INFO - Setting next_dagrun for example_setup_teardown_taskflow to 2024-01-30T00:00:00+00:00, run_after=2024-01-31T00:00:00+00:00
[2024-01-31T10:42:01.086+0100] {processor.py:183} INFO - Processing /home/ubuntu/.local/lib/python3.10/site-packages/airflow/example_dags/example_setup_teardown_taskflow.py took 0.095 seconds
[2024-01-31T10:43:00.283+0100] {processor.py:161} INFO - Started process (PID=27686) to work on /home/ubuntu/.local/lib/python3.10/site-packages/airflow/example_dags/example_setup_teardown_taskflow.py
[2024-01-31T10:43:00.287+0100] {processor.py:830} INFO - Processing file /home/ubuntu/.local/lib/python3.10/site-packages/airflow/example_dags/example_setup_teardown_taskflow.py for tasks to queue
[2024-01-31T10:43:00.288+0100] {logging_mixin.py:188} INFO - [2024-01-31T10:43:00.287+0100] {dagbag.py:538} INFO - Filling up the DagBag from /home/ubuntu/.local/lib/python3.10/site-packages/airflow/example_dags/example_setup_teardown_taskflow.py
[2024-01-31T10:43:00.298+0100] {processor.py:840} INFO - DAG(s) 'example_setup_teardown_taskflow' retrieved from /home/ubuntu/.local/lib/python3.10/site-packages/airflow/example_dags/example_setup_teardown_taskflow.py
[2024-01-31T10:43:00.314+0100] {logging_mixin.py:188} INFO - [2024-01-31T10:43:00.314+0100] {dag.py:3033} INFO - Sync 1 DAGs
[2024-01-31T10:43:00.332+0100] {logging_mixin.py:188} INFO - [2024-01-31T10:43:00.331+0100] {dag.py:3820} INFO - Setting next_dagrun for example_setup_teardown_taskflow to 2024-01-30T00:00:00+00:00, run_after=2024-01-31T00:00:00+00:00
[2024-01-31T10:43:00.370+0100] {processor.py:183} INFO - Processing /home/ubuntu/.local/lib/python3.10/site-packages/airflow/example_dags/example_setup_teardown_taskflow.py took 0.090 seconds
[2024-01-31T10:43:55.873+0100] {processor.py:161} INFO - Started process (PID=27749) to work on /home/ubuntu/.local/lib/python3.10/site-packages/airflow/example_dags/example_setup_teardown_taskflow.py
[2024-01-31T10:43:55.875+0100] {processor.py:830} INFO - Processing file /home/ubuntu/.local/lib/python3.10/site-packages/airflow/example_dags/example_setup_teardown_taskflow.py for tasks to queue
[2024-01-31T10:43:55.876+0100] {logging_mixin.py:188} INFO - [2024-01-31T10:43:55.876+0100] {dagbag.py:538} INFO - Filling up the DagBag from /home/ubuntu/.local/lib/python3.10/site-packages/airflow/example_dags/example_setup_teardown_taskflow.py
[2024-01-31T10:43:55.887+0100] {processor.py:840} INFO - DAG(s) 'example_setup_teardown_taskflow' retrieved from /home/ubuntu/.local/lib/python3.10/site-packages/airflow/example_dags/example_setup_teardown_taskflow.py
[2024-01-31T10:43:55.907+0100] {logging_mixin.py:188} INFO - [2024-01-31T10:43:55.907+0100] {dag.py:3033} INFO - Sync 1 DAGs
[2024-01-31T10:43:55.927+0100] {logging_mixin.py:188} INFO - [2024-01-31T10:43:55.926+0100] {dag.py:3820} INFO - Setting next_dagrun for example_setup_teardown_taskflow to 2024-01-30T00:00:00+00:00, run_after=2024-01-31T00:00:00+00:00
[2024-01-31T10:43:55.956+0100] {processor.py:183} INFO - Processing /home/ubuntu/.local/lib/python3.10/site-packages/airflow/example_dags/example_setup_teardown_taskflow.py took 0.087 seconds
[2024-01-31T10:44:58.814+0100] {processor.py:161} INFO - Started process (PID=27818) to work on /home/ubuntu/.local/lib/python3.10/site-packages/airflow/example_dags/example_setup_teardown_taskflow.py
[2024-01-31T10:44:58.816+0100] {processor.py:830} INFO - Processing file /home/ubuntu/.local/lib/python3.10/site-packages/airflow/example_dags/example_setup_teardown_taskflow.py for tasks to queue
[2024-01-31T10:44:58.817+0100] {logging_mixin.py:188} INFO - [2024-01-31T10:44:58.817+0100] {dagbag.py:538} INFO - Filling up the DagBag from /home/ubuntu/.local/lib/python3.10/site-packages/airflow/example_dags/example_setup_teardown_taskflow.py
[2024-01-31T10:44:58.825+0100] {processor.py:840} INFO - DAG(s) 'example_setup_teardown_taskflow' retrieved from /home/ubuntu/.local/lib/python3.10/site-packages/airflow/example_dags/example_setup_teardown_taskflow.py
[2024-01-31T10:44:58.841+0100] {logging_mixin.py:188} INFO - [2024-01-31T10:44:58.841+0100] {dag.py:3033} INFO - Sync 1 DAGs
[2024-01-31T10:44:58.856+0100] {logging_mixin.py:188} INFO - [2024-01-31T10:44:58.855+0100] {dag.py:3820} INFO - Setting next_dagrun for example_setup_teardown_taskflow to 2024-01-30T00:00:00+00:00, run_after=2024-01-31T00:00:00+00:00
[2024-01-31T10:44:58.892+0100] {processor.py:183} INFO - Processing /home/ubuntu/.local/lib/python3.10/site-packages/airflow/example_dags/example_setup_teardown_taskflow.py took 0.081 seconds
[2024-01-31T10:46:00.072+0100] {processor.py:161} INFO - Started process (PID=27898) to work on /home/ubuntu/.local/lib/python3.10/site-packages/airflow/example_dags/example_setup_teardown_taskflow.py
[2024-01-31T10:46:00.074+0100] {processor.py:830} INFO - Processing file /home/ubuntu/.local/lib/python3.10/site-packages/airflow/example_dags/example_setup_teardown_taskflow.py for tasks to queue
[2024-01-31T10:46:00.075+0100] {logging_mixin.py:188} INFO - [2024-01-31T10:46:00.074+0100] {dagbag.py:538} INFO - Filling up the DagBag from /home/ubuntu/.local/lib/python3.10/site-packages/airflow/example_dags/example_setup_teardown_taskflow.py
[2024-01-31T10:46:00.085+0100] {processor.py:840} INFO - DAG(s) 'example_setup_teardown_taskflow' retrieved from /home/ubuntu/.local/lib/python3.10/site-packages/airflow/example_dags/example_setup_teardown_taskflow.py
[2024-01-31T10:46:00.103+0100] {logging_mixin.py:188} INFO - [2024-01-31T10:46:00.103+0100] {dag.py:3033} INFO - Sync 1 DAGs
[2024-01-31T10:46:00.120+0100] {logging_mixin.py:188} INFO - [2024-01-31T10:46:00.120+0100] {dag.py:3820} INFO - Setting next_dagrun for example_setup_teardown_taskflow to 2024-01-30T00:00:00+00:00, run_after=2024-01-31T00:00:00+00:00
[2024-01-31T10:46:00.150+0100] {processor.py:183} INFO - Processing /home/ubuntu/.local/lib/python3.10/site-packages/airflow/example_dags/example_setup_teardown_taskflow.py took 0.083 seconds
[2024-01-31T10:46:57.653+0100] {processor.py:161} INFO - Started process (PID=27961) to work on /home/ubuntu/.local/lib/python3.10/site-packages/airflow/example_dags/example_setup_teardown_taskflow.py
[2024-01-31T10:46:57.656+0100] {processor.py:830} INFO - Processing file /home/ubuntu/.local/lib/python3.10/site-packages/airflow/example_dags/example_setup_teardown_taskflow.py for tasks to queue
[2024-01-31T10:46:57.657+0100] {logging_mixin.py:188} INFO - [2024-01-31T10:46:57.657+0100] {dagbag.py:538} INFO - Filling up the DagBag from /home/ubuntu/.local/lib/python3.10/site-packages/airflow/example_dags/example_setup_teardown_taskflow.py
[2024-01-31T10:46:57.667+0100] {processor.py:840} INFO - DAG(s) 'example_setup_teardown_taskflow' retrieved from /home/ubuntu/.local/lib/python3.10/site-packages/airflow/example_dags/example_setup_teardown_taskflow.py
[2024-01-31T10:46:57.685+0100] {logging_mixin.py:188} INFO - [2024-01-31T10:46:57.685+0100] {dag.py:3033} INFO - Sync 1 DAGs
[2024-01-31T10:46:57.702+0100] {logging_mixin.py:188} INFO - [2024-01-31T10:46:57.702+0100] {dag.py:3820} INFO - Setting next_dagrun for example_setup_teardown_taskflow to 2024-01-30T00:00:00+00:00, run_after=2024-01-31T00:00:00+00:00
[2024-01-31T10:46:57.732+0100] {processor.py:183} INFO - Processing /home/ubuntu/.local/lib/python3.10/site-packages/airflow/example_dags/example_setup_teardown_taskflow.py took 0.082 seconds
[2024-01-31T10:47:57.305+0100] {processor.py:161} INFO - Started process (PID=28029) to work on /home/ubuntu/.local/lib/python3.10/site-packages/airflow/example_dags/example_setup_teardown_taskflow.py
[2024-01-31T10:47:57.308+0100] {processor.py:830} INFO - Processing file /home/ubuntu/.local/lib/python3.10/site-packages/airflow/example_dags/example_setup_teardown_taskflow.py for tasks to queue
[2024-01-31T10:47:57.310+0100] {logging_mixin.py:188} INFO - [2024-01-31T10:47:57.309+0100] {dagbag.py:538} INFO - Filling up the DagBag from /home/ubuntu/.local/lib/python3.10/site-packages/airflow/example_dags/example_setup_teardown_taskflow.py
[2024-01-31T10:47:57.321+0100] {processor.py:840} INFO - DAG(s) 'example_setup_teardown_taskflow' retrieved from /home/ubuntu/.local/lib/python3.10/site-packages/airflow/example_dags/example_setup_teardown_taskflow.py
[2024-01-31T10:47:57.344+0100] {logging_mixin.py:188} INFO - [2024-01-31T10:47:57.343+0100] {dag.py:3033} INFO - Sync 1 DAGs
[2024-01-31T10:47:57.367+0100] {logging_mixin.py:188} INFO - [2024-01-31T10:47:57.367+0100] {dag.py:3820} INFO - Setting next_dagrun for example_setup_teardown_taskflow to 2024-01-30T00:00:00+00:00, run_after=2024-01-31T00:00:00+00:00
[2024-01-31T10:47:57.404+0100] {processor.py:183} INFO - Processing /home/ubuntu/.local/lib/python3.10/site-packages/airflow/example_dags/example_setup_teardown_taskflow.py took 0.103 seconds
[2024-01-31T10:49:05.188+0100] {processor.py:161} INFO - Started process (PID=28107) to work on /home/ubuntu/.local/lib/python3.10/site-packages/airflow/example_dags/example_setup_teardown_taskflow.py
[2024-01-31T10:49:05.189+0100] {processor.py:830} INFO - Processing file /home/ubuntu/.local/lib/python3.10/site-packages/airflow/example_dags/example_setup_teardown_taskflow.py for tasks to queue
[2024-01-31T10:49:05.190+0100] {logging_mixin.py:188} INFO - [2024-01-31T10:49:05.190+0100] {dagbag.py:538} INFO - Filling up the DagBag from /home/ubuntu/.local/lib/python3.10/site-packages/airflow/example_dags/example_setup_teardown_taskflow.py
[2024-01-31T10:49:05.200+0100] {processor.py:840} INFO - DAG(s) 'example_setup_teardown_taskflow' retrieved from /home/ubuntu/.local/lib/python3.10/site-packages/airflow/example_dags/example_setup_teardown_taskflow.py
[2024-01-31T10:49:05.218+0100] {logging_mixin.py:188} INFO - [2024-01-31T10:49:05.218+0100] {dag.py:3033} INFO - Sync 1 DAGs
[2024-01-31T10:49:05.236+0100] {logging_mixin.py:188} INFO - [2024-01-31T10:49:05.235+0100] {dag.py:3820} INFO - Setting next_dagrun for example_setup_teardown_taskflow to 2024-01-30T00:00:00+00:00, run_after=2024-01-31T00:00:00+00:00
[2024-01-31T10:49:05.265+0100] {processor.py:183} INFO - Processing /home/ubuntu/.local/lib/python3.10/site-packages/airflow/example_dags/example_setup_teardown_taskflow.py took 0.085 seconds
[2024-01-31T10:50:04.473+0100] {processor.py:161} INFO - Started process (PID=28176) to work on /home/ubuntu/.local/lib/python3.10/site-packages/airflow/example_dags/example_setup_teardown_taskflow.py
[2024-01-31T10:50:04.475+0100] {processor.py:830} INFO - Processing file /home/ubuntu/.local/lib/python3.10/site-packages/airflow/example_dags/example_setup_teardown_taskflow.py for tasks to queue
[2024-01-31T10:50:04.476+0100] {logging_mixin.py:188} INFO - [2024-01-31T10:50:04.476+0100] {dagbag.py:538} INFO - Filling up the DagBag from /home/ubuntu/.local/lib/python3.10/site-packages/airflow/example_dags/example_setup_teardown_taskflow.py
[2024-01-31T10:50:04.488+0100] {processor.py:840} INFO - DAG(s) 'example_setup_teardown_taskflow' retrieved from /home/ubuntu/.local/lib/python3.10/site-packages/airflow/example_dags/example_setup_teardown_taskflow.py
[2024-01-31T10:50:04.511+0100] {logging_mixin.py:188} INFO - [2024-01-31T10:50:04.511+0100] {dag.py:3033} INFO - Sync 1 DAGs
[2024-01-31T10:50:04.534+0100] {logging_mixin.py:188} INFO - [2024-01-31T10:50:04.534+0100] {dag.py:3820} INFO - Setting next_dagrun for example_setup_teardown_taskflow to 2024-01-30T00:00:00+00:00, run_after=2024-01-31T00:00:00+00:00
[2024-01-31T10:50:04.569+0100] {processor.py:183} INFO - Processing /home/ubuntu/.local/lib/python3.10/site-packages/airflow/example_dags/example_setup_teardown_taskflow.py took 0.101 seconds
[2024-01-31T10:51:05.300+0100] {processor.py:161} INFO - Started process (PID=28243) to work on /home/ubuntu/.local/lib/python3.10/site-packages/airflow/example_dags/example_setup_teardown_taskflow.py
[2024-01-31T10:51:05.302+0100] {processor.py:830} INFO - Processing file /home/ubuntu/.local/lib/python3.10/site-packages/airflow/example_dags/example_setup_teardown_taskflow.py for tasks to queue
[2024-01-31T10:51:05.303+0100] {logging_mixin.py:188} INFO - [2024-01-31T10:51:05.303+0100] {dagbag.py:538} INFO - Filling up the DagBag from /home/ubuntu/.local/lib/python3.10/site-packages/airflow/example_dags/example_setup_teardown_taskflow.py
[2024-01-31T10:51:05.315+0100] {processor.py:840} INFO - DAG(s) 'example_setup_teardown_taskflow' retrieved from /home/ubuntu/.local/lib/python3.10/site-packages/airflow/example_dags/example_setup_teardown_taskflow.py
[2024-01-31T10:51:05.334+0100] {logging_mixin.py:188} INFO - [2024-01-31T10:51:05.333+0100] {dag.py:3033} INFO - Sync 1 DAGs
[2024-01-31T10:51:05.350+0100] {logging_mixin.py:188} INFO - [2024-01-31T10:51:05.350+0100] {dag.py:3820} INFO - Setting next_dagrun for example_setup_teardown_taskflow to 2024-01-30T00:00:00+00:00, run_after=2024-01-31T00:00:00+00:00
[2024-01-31T10:51:05.380+0100] {processor.py:183} INFO - Processing /home/ubuntu/.local/lib/python3.10/site-packages/airflow/example_dags/example_setup_teardown_taskflow.py took 0.084 seconds
[2024-01-31T10:52:03.669+0100] {processor.py:161} INFO - Started process (PID=28317) to work on /home/ubuntu/.local/lib/python3.10/site-packages/airflow/example_dags/example_setup_teardown_taskflow.py
[2024-01-31T10:52:03.670+0100] {processor.py:830} INFO - Processing file /home/ubuntu/.local/lib/python3.10/site-packages/airflow/example_dags/example_setup_teardown_taskflow.py for tasks to queue
[2024-01-31T10:52:03.671+0100] {logging_mixin.py:188} INFO - [2024-01-31T10:52:03.671+0100] {dagbag.py:538} INFO - Filling up the DagBag from /home/ubuntu/.local/lib/python3.10/site-packages/airflow/example_dags/example_setup_teardown_taskflow.py
[2024-01-31T10:52:03.683+0100] {processor.py:840} INFO - DAG(s) 'example_setup_teardown_taskflow' retrieved from /home/ubuntu/.local/lib/python3.10/site-packages/airflow/example_dags/example_setup_teardown_taskflow.py
[2024-01-31T10:52:03.704+0100] {logging_mixin.py:188} INFO - [2024-01-31T10:52:03.703+0100] {dag.py:3033} INFO - Sync 1 DAGs
[2024-01-31T10:52:03.721+0100] {logging_mixin.py:188} INFO - [2024-01-31T10:52:03.721+0100] {dag.py:3820} INFO - Setting next_dagrun for example_setup_teardown_taskflow to 2024-01-30T00:00:00+00:00, run_after=2024-01-31T00:00:00+00:00
[2024-01-31T10:52:03.750+0100] {processor.py:183} INFO - Processing /home/ubuntu/.local/lib/python3.10/site-packages/airflow/example_dags/example_setup_teardown_taskflow.py took 0.087 seconds
[2024-01-31T10:53:06.715+0100] {processor.py:161} INFO - Started process (PID=28389) to work on /home/ubuntu/.local/lib/python3.10/site-packages/airflow/example_dags/example_setup_teardown_taskflow.py
[2024-01-31T10:53:06.717+0100] {processor.py:830} INFO - Processing file /home/ubuntu/.local/lib/python3.10/site-packages/airflow/example_dags/example_setup_teardown_taskflow.py for tasks to queue
[2024-01-31T10:53:06.719+0100] {logging_mixin.py:188} INFO - [2024-01-31T10:53:06.718+0100] {dagbag.py:538} INFO - Filling up the DagBag from /home/ubuntu/.local/lib/python3.10/site-packages/airflow/example_dags/example_setup_teardown_taskflow.py
[2024-01-31T10:53:06.730+0100] {processor.py:840} INFO - DAG(s) 'example_setup_teardown_taskflow' retrieved from /home/ubuntu/.local/lib/python3.10/site-packages/airflow/example_dags/example_setup_teardown_taskflow.py
[2024-01-31T10:53:06.748+0100] {logging_mixin.py:188} INFO - [2024-01-31T10:53:06.748+0100] {dag.py:3033} INFO - Sync 1 DAGs
[2024-01-31T10:53:06.767+0100] {logging_mixin.py:188} INFO - [2024-01-31T10:53:06.767+0100] {dag.py:3820} INFO - Setting next_dagrun for example_setup_teardown_taskflow to 2024-01-30T00:00:00+00:00, run_after=2024-01-31T00:00:00+00:00
[2024-01-31T10:53:06.792+0100] {processor.py:183} INFO - Processing /home/ubuntu/.local/lib/python3.10/site-packages/airflow/example_dags/example_setup_teardown_taskflow.py took 0.082 seconds
[2024-01-31T10:54:09.870+0100] {processor.py:161} INFO - Started process (PID=28464) to work on /home/ubuntu/.local/lib/python3.10/site-packages/airflow/example_dags/example_setup_teardown_taskflow.py
[2024-01-31T10:54:09.872+0100] {processor.py:830} INFO - Processing file /home/ubuntu/.local/lib/python3.10/site-packages/airflow/example_dags/example_setup_teardown_taskflow.py for tasks to queue
[2024-01-31T10:54:09.873+0100] {logging_mixin.py:188} INFO - [2024-01-31T10:54:09.872+0100] {dagbag.py:538} INFO - Filling up the DagBag from /home/ubuntu/.local/lib/python3.10/site-packages/airflow/example_dags/example_setup_teardown_taskflow.py
[2024-01-31T10:54:09.883+0100] {processor.py:840} INFO - DAG(s) 'example_setup_teardown_taskflow' retrieved from /home/ubuntu/.local/lib/python3.10/site-packages/airflow/example_dags/example_setup_teardown_taskflow.py
[2024-01-31T10:54:09.899+0100] {logging_mixin.py:188} INFO - [2024-01-31T10:54:09.899+0100] {dag.py:3033} INFO - Sync 1 DAGs
[2024-01-31T10:54:09.915+0100] {logging_mixin.py:188} INFO - [2024-01-31T10:54:09.915+0100] {dag.py:3820} INFO - Setting next_dagrun for example_setup_teardown_taskflow to 2024-01-30T00:00:00+00:00, run_after=2024-01-31T00:00:00+00:00
[2024-01-31T10:54:09.995+0100] {processor.py:183} INFO - Processing /home/ubuntu/.local/lib/python3.10/site-packages/airflow/example_dags/example_setup_teardown_taskflow.py took 0.129 seconds
[2024-01-31T10:55:13.700+0100] {processor.py:161} INFO - Started process (PID=28534) to work on /home/ubuntu/.local/lib/python3.10/site-packages/airflow/example_dags/example_setup_teardown_taskflow.py
[2024-01-31T10:55:13.702+0100] {processor.py:830} INFO - Processing file /home/ubuntu/.local/lib/python3.10/site-packages/airflow/example_dags/example_setup_teardown_taskflow.py for tasks to queue
[2024-01-31T10:55:13.704+0100] {logging_mixin.py:188} INFO - [2024-01-31T10:55:13.703+0100] {dagbag.py:538} INFO - Filling up the DagBag from /home/ubuntu/.local/lib/python3.10/site-packages/airflow/example_dags/example_setup_teardown_taskflow.py
[2024-01-31T10:55:13.714+0100] {processor.py:840} INFO - DAG(s) 'example_setup_teardown_taskflow' retrieved from /home/ubuntu/.local/lib/python3.10/site-packages/airflow/example_dags/example_setup_teardown_taskflow.py
[2024-01-31T10:55:13.733+0100] {logging_mixin.py:188} INFO - [2024-01-31T10:55:13.733+0100] {dag.py:3033} INFO - Sync 1 DAGs
[2024-01-31T10:55:13.750+0100] {logging_mixin.py:188} INFO - [2024-01-31T10:55:13.750+0100] {dag.py:3820} INFO - Setting next_dagrun for example_setup_teardown_taskflow to 2024-01-30T00:00:00+00:00, run_after=2024-01-31T00:00:00+00:00
[2024-01-31T10:55:13.780+0100] {processor.py:183} INFO - Processing /home/ubuntu/.local/lib/python3.10/site-packages/airflow/example_dags/example_setup_teardown_taskflow.py took 0.083 seconds
[2024-01-31T10:56:18.558+0100] {processor.py:161} INFO - Started process (PID=28613) to work on /home/ubuntu/.local/lib/python3.10/site-packages/airflow/example_dags/example_setup_teardown_taskflow.py
[2024-01-31T10:56:18.560+0100] {processor.py:830} INFO - Processing file /home/ubuntu/.local/lib/python3.10/site-packages/airflow/example_dags/example_setup_teardown_taskflow.py for tasks to queue
[2024-01-31T10:56:18.561+0100] {logging_mixin.py:188} INFO - [2024-01-31T10:56:18.561+0100] {dagbag.py:538} INFO - Filling up the DagBag from /home/ubuntu/.local/lib/python3.10/site-packages/airflow/example_dags/example_setup_teardown_taskflow.py
[2024-01-31T10:56:18.576+0100] {processor.py:840} INFO - DAG(s) 'example_setup_teardown_taskflow' retrieved from /home/ubuntu/.local/lib/python3.10/site-packages/airflow/example_dags/example_setup_teardown_taskflow.py
[2024-01-31T10:56:18.598+0100] {logging_mixin.py:188} INFO - [2024-01-31T10:56:18.597+0100] {dag.py:3033} INFO - Sync 1 DAGs
[2024-01-31T10:56:18.620+0100] {logging_mixin.py:188} INFO - [2024-01-31T10:56:18.620+0100] {dag.py:3820} INFO - Setting next_dagrun for example_setup_teardown_taskflow to 2024-01-30T00:00:00+00:00, run_after=2024-01-31T00:00:00+00:00
[2024-01-31T10:56:18.655+0100] {processor.py:183} INFO - Processing /home/ubuntu/.local/lib/python3.10/site-packages/airflow/example_dags/example_setup_teardown_taskflow.py took 0.102 seconds
[2024-01-31T10:57:22.099+0100] {processor.py:161} INFO - Started process (PID=28686) to work on /home/ubuntu/.local/lib/python3.10/site-packages/airflow/example_dags/example_setup_teardown_taskflow.py
[2024-01-31T10:57:22.101+0100] {processor.py:830} INFO - Processing file /home/ubuntu/.local/lib/python3.10/site-packages/airflow/example_dags/example_setup_teardown_taskflow.py for tasks to queue
[2024-01-31T10:57:22.102+0100] {logging_mixin.py:188} INFO - [2024-01-31T10:57:22.101+0100] {dagbag.py:538} INFO - Filling up the DagBag from /home/ubuntu/.local/lib/python3.10/site-packages/airflow/example_dags/example_setup_teardown_taskflow.py
[2024-01-31T10:57:22.112+0100] {processor.py:840} INFO - DAG(s) 'example_setup_teardown_taskflow' retrieved from /home/ubuntu/.local/lib/python3.10/site-packages/airflow/example_dags/example_setup_teardown_taskflow.py
[2024-01-31T10:57:22.129+0100] {logging_mixin.py:188} INFO - [2024-01-31T10:57:22.129+0100] {dag.py:3033} INFO - Sync 1 DAGs
[2024-01-31T10:57:22.148+0100] {logging_mixin.py:188} INFO - [2024-01-31T10:57:22.148+0100] {dag.py:3820} INFO - Setting next_dagrun for example_setup_teardown_taskflow to 2024-01-30T00:00:00+00:00, run_after=2024-01-31T00:00:00+00:00
[2024-01-31T10:57:22.179+0100] {processor.py:183} INFO - Processing /home/ubuntu/.local/lib/python3.10/site-packages/airflow/example_dags/example_setup_teardown_taskflow.py took 0.083 seconds
[2024-01-31T10:58:19.265+0100] {processor.py:161} INFO - Started process (PID=28758) to work on /home/ubuntu/.local/lib/python3.10/site-packages/airflow/example_dags/example_setup_teardown_taskflow.py
[2024-01-31T10:58:19.275+0100] {processor.py:830} INFO - Processing file /home/ubuntu/.local/lib/python3.10/site-packages/airflow/example_dags/example_setup_teardown_taskflow.py for tasks to queue
[2024-01-31T10:58:19.276+0100] {logging_mixin.py:188} INFO - [2024-01-31T10:58:19.275+0100] {dagbag.py:538} INFO - Filling up the DagBag from /home/ubuntu/.local/lib/python3.10/site-packages/airflow/example_dags/example_setup_teardown_taskflow.py
[2024-01-31T10:58:19.286+0100] {processor.py:840} INFO - DAG(s) 'example_setup_teardown_taskflow' retrieved from /home/ubuntu/.local/lib/python3.10/site-packages/airflow/example_dags/example_setup_teardown_taskflow.py
[2024-01-31T10:58:19.303+0100] {logging_mixin.py:188} INFO - [2024-01-31T10:58:19.303+0100] {dag.py:3033} INFO - Sync 1 DAGs
[2024-01-31T10:58:19.320+0100] {logging_mixin.py:188} INFO - [2024-01-31T10:58:19.319+0100] {dag.py:3820} INFO - Setting next_dagrun for example_setup_teardown_taskflow to 2024-01-30T00:00:00+00:00, run_after=2024-01-31T00:00:00+00:00
[2024-01-31T10:58:19.352+0100] {processor.py:183} INFO - Processing /home/ubuntu/.local/lib/python3.10/site-packages/airflow/example_dags/example_setup_teardown_taskflow.py took 0.092 seconds
[2024-01-31T10:59:20.528+0100] {processor.py:161} INFO - Started process (PID=28826) to work on /home/ubuntu/.local/lib/python3.10/site-packages/airflow/example_dags/example_setup_teardown_taskflow.py
[2024-01-31T10:59:20.530+0100] {processor.py:830} INFO - Processing file /home/ubuntu/.local/lib/python3.10/site-packages/airflow/example_dags/example_setup_teardown_taskflow.py for tasks to queue
[2024-01-31T10:59:20.531+0100] {logging_mixin.py:188} INFO - [2024-01-31T10:59:20.531+0100] {dagbag.py:538} INFO - Filling up the DagBag from /home/ubuntu/.local/lib/python3.10/site-packages/airflow/example_dags/example_setup_teardown_taskflow.py
[2024-01-31T10:59:20.541+0100] {processor.py:840} INFO - DAG(s) 'example_setup_teardown_taskflow' retrieved from /home/ubuntu/.local/lib/python3.10/site-packages/airflow/example_dags/example_setup_teardown_taskflow.py
[2024-01-31T10:59:20.561+0100] {logging_mixin.py:188} INFO - [2024-01-31T10:59:20.560+0100] {dag.py:3033} INFO - Sync 1 DAGs
[2024-01-31T10:59:20.580+0100] {logging_mixin.py:188} INFO - [2024-01-31T10:59:20.580+0100] {dag.py:3820} INFO - Setting next_dagrun for example_setup_teardown_taskflow to 2024-01-30T00:00:00+00:00, run_after=2024-01-31T00:00:00+00:00
[2024-01-31T10:59:20.610+0100] {processor.py:183} INFO - Processing /home/ubuntu/.local/lib/python3.10/site-packages/airflow/example_dags/example_setup_teardown_taskflow.py took 0.086 seconds
[2024-01-31T11:00:24.726+0100] {processor.py:161} INFO - Started process (PID=28902) to work on /home/ubuntu/.local/lib/python3.10/site-packages/airflow/example_dags/example_setup_teardown_taskflow.py
[2024-01-31T11:00:24.729+0100] {processor.py:830} INFO - Processing file /home/ubuntu/.local/lib/python3.10/site-packages/airflow/example_dags/example_setup_teardown_taskflow.py for tasks to queue
[2024-01-31T11:00:24.730+0100] {logging_mixin.py:188} INFO - [2024-01-31T11:00:24.730+0100] {dagbag.py:538} INFO - Filling up the DagBag from /home/ubuntu/.local/lib/python3.10/site-packages/airflow/example_dags/example_setup_teardown_taskflow.py
[2024-01-31T11:00:24.740+0100] {processor.py:840} INFO - DAG(s) 'example_setup_teardown_taskflow' retrieved from /home/ubuntu/.local/lib/python3.10/site-packages/airflow/example_dags/example_setup_teardown_taskflow.py
[2024-01-31T11:00:24.758+0100] {logging_mixin.py:188} INFO - [2024-01-31T11:00:24.757+0100] {dag.py:3033} INFO - Sync 1 DAGs
[2024-01-31T11:00:24.773+0100] {logging_mixin.py:188} INFO - [2024-01-31T11:00:24.773+0100] {dag.py:3820} INFO - Setting next_dagrun for example_setup_teardown_taskflow to 2024-01-30T00:00:00+00:00, run_after=2024-01-31T00:00:00+00:00
[2024-01-31T11:00:24.803+0100] {processor.py:183} INFO - Processing /home/ubuntu/.local/lib/python3.10/site-packages/airflow/example_dags/example_setup_teardown_taskflow.py took 0.081 seconds
[2024-01-31T11:01:27.030+0100] {processor.py:161} INFO - Started process (PID=28972) to work on /home/ubuntu/.local/lib/python3.10/site-packages/airflow/example_dags/example_setup_teardown_taskflow.py
[2024-01-31T11:01:27.033+0100] {processor.py:830} INFO - Processing file /home/ubuntu/.local/lib/python3.10/site-packages/airflow/example_dags/example_setup_teardown_taskflow.py for tasks to queue
[2024-01-31T11:01:27.034+0100] {logging_mixin.py:188} INFO - [2024-01-31T11:01:27.033+0100] {dagbag.py:538} INFO - Filling up the DagBag from /home/ubuntu/.local/lib/python3.10/site-packages/airflow/example_dags/example_setup_teardown_taskflow.py
[2024-01-31T11:01:27.044+0100] {processor.py:840} INFO - DAG(s) 'example_setup_teardown_taskflow' retrieved from /home/ubuntu/.local/lib/python3.10/site-packages/airflow/example_dags/example_setup_teardown_taskflow.py
[2024-01-31T11:01:27.062+0100] {logging_mixin.py:188} INFO - [2024-01-31T11:01:27.062+0100] {dag.py:3033} INFO - Sync 1 DAGs
[2024-01-31T11:01:27.079+0100] {logging_mixin.py:188} INFO - [2024-01-31T11:01:27.079+0100] {dag.py:3820} INFO - Setting next_dagrun for example_setup_teardown_taskflow to 2024-01-30T00:00:00+00:00, run_after=2024-01-31T00:00:00+00:00
[2024-01-31T11:01:27.108+0100] {processor.py:183} INFO - Processing /home/ubuntu/.local/lib/python3.10/site-packages/airflow/example_dags/example_setup_teardown_taskflow.py took 0.081 seconds
[2024-01-31T11:02:28.401+0100] {processor.py:161} INFO - Started process (PID=29047) to work on /home/ubuntu/.local/lib/python3.10/site-packages/airflow/example_dags/example_setup_teardown_taskflow.py
[2024-01-31T11:02:28.404+0100] {processor.py:830} INFO - Processing file /home/ubuntu/.local/lib/python3.10/site-packages/airflow/example_dags/example_setup_teardown_taskflow.py for tasks to queue
[2024-01-31T11:02:28.405+0100] {logging_mixin.py:188} INFO - [2024-01-31T11:02:28.404+0100] {dagbag.py:538} INFO - Filling up the DagBag from /home/ubuntu/.local/lib/python3.10/site-packages/airflow/example_dags/example_setup_teardown_taskflow.py
[2024-01-31T11:02:28.416+0100] {processor.py:840} INFO - DAG(s) 'example_setup_teardown_taskflow' retrieved from /home/ubuntu/.local/lib/python3.10/site-packages/airflow/example_dags/example_setup_teardown_taskflow.py
[2024-01-31T11:02:28.434+0100] {logging_mixin.py:188} INFO - [2024-01-31T11:02:28.434+0100] {dag.py:3033} INFO - Sync 1 DAGs
[2024-01-31T11:02:28.451+0100] {logging_mixin.py:188} INFO - [2024-01-31T11:02:28.451+0100] {dag.py:3820} INFO - Setting next_dagrun for example_setup_teardown_taskflow to 2024-01-30T00:00:00+00:00, run_after=2024-01-31T00:00:00+00:00
[2024-01-31T11:02:28.480+0100] {processor.py:183} INFO - Processing /home/ubuntu/.local/lib/python3.10/site-packages/airflow/example_dags/example_setup_teardown_taskflow.py took 0.086 seconds
[2024-01-31T11:03:28.393+0100] {processor.py:161} INFO - Started process (PID=29115) to work on /home/ubuntu/.local/lib/python3.10/site-packages/airflow/example_dags/example_setup_teardown_taskflow.py
[2024-01-31T11:03:28.396+0100] {processor.py:830} INFO - Processing file /home/ubuntu/.local/lib/python3.10/site-packages/airflow/example_dags/example_setup_teardown_taskflow.py for tasks to queue
[2024-01-31T11:03:28.397+0100] {logging_mixin.py:188} INFO - [2024-01-31T11:03:28.396+0100] {dagbag.py:538} INFO - Filling up the DagBag from /home/ubuntu/.local/lib/python3.10/site-packages/airflow/example_dags/example_setup_teardown_taskflow.py
[2024-01-31T11:03:28.410+0100] {processor.py:840} INFO - DAG(s) 'example_setup_teardown_taskflow' retrieved from /home/ubuntu/.local/lib/python3.10/site-packages/airflow/example_dags/example_setup_teardown_taskflow.py
[2024-01-31T11:03:28.428+0100] {logging_mixin.py:188} INFO - [2024-01-31T11:03:28.428+0100] {dag.py:3033} INFO - Sync 1 DAGs
[2024-01-31T11:03:28.448+0100] {logging_mixin.py:188} INFO - [2024-01-31T11:03:28.448+0100] {dag.py:3820} INFO - Setting next_dagrun for example_setup_teardown_taskflow to 2024-01-30T00:00:00+00:00, run_after=2024-01-31T00:00:00+00:00
[2024-01-31T11:03:28.476+0100] {processor.py:183} INFO - Processing /home/ubuntu/.local/lib/python3.10/site-packages/airflow/example_dags/example_setup_teardown_taskflow.py took 0.088 seconds
[2024-01-31T11:04:30.995+0100] {processor.py:161} INFO - Started process (PID=29199) to work on /home/ubuntu/.local/lib/python3.10/site-packages/airflow/example_dags/example_setup_teardown_taskflow.py
[2024-01-31T11:04:31.007+0100] {processor.py:830} INFO - Processing file /home/ubuntu/.local/lib/python3.10/site-packages/airflow/example_dags/example_setup_teardown_taskflow.py for tasks to queue
[2024-01-31T11:04:31.008+0100] {logging_mixin.py:188} INFO - [2024-01-31T11:04:31.008+0100] {dagbag.py:538} INFO - Filling up the DagBag from /home/ubuntu/.local/lib/python3.10/site-packages/airflow/example_dags/example_setup_teardown_taskflow.py
[2024-01-31T11:04:31.018+0100] {processor.py:840} INFO - DAG(s) 'example_setup_teardown_taskflow' retrieved from /home/ubuntu/.local/lib/python3.10/site-packages/airflow/example_dags/example_setup_teardown_taskflow.py
[2024-01-31T11:04:31.038+0100] {logging_mixin.py:188} INFO - [2024-01-31T11:04:31.038+0100] {dag.py:3033} INFO - Sync 1 DAGs
[2024-01-31T11:04:31.052+0100] {logging_mixin.py:188} INFO - [2024-01-31T11:04:31.052+0100] {dag.py:3820} INFO - Setting next_dagrun for example_setup_teardown_taskflow to 2024-01-30T00:00:00+00:00, run_after=2024-01-31T00:00:00+00:00
[2024-01-31T11:04:31.080+0100] {processor.py:183} INFO - Processing /home/ubuntu/.local/lib/python3.10/site-packages/airflow/example_dags/example_setup_teardown_taskflow.py took 0.088 seconds
[2024-01-31T11:05:32.323+0100] {processor.py:161} INFO - Started process (PID=29268) to work on /home/ubuntu/.local/lib/python3.10/site-packages/airflow/example_dags/example_setup_teardown_taskflow.py
[2024-01-31T11:05:32.325+0100] {processor.py:830} INFO - Processing file /home/ubuntu/.local/lib/python3.10/site-packages/airflow/example_dags/example_setup_teardown_taskflow.py for tasks to queue
[2024-01-31T11:05:32.326+0100] {logging_mixin.py:188} INFO - [2024-01-31T11:05:32.326+0100] {dagbag.py:538} INFO - Filling up the DagBag from /home/ubuntu/.local/lib/python3.10/site-packages/airflow/example_dags/example_setup_teardown_taskflow.py
[2024-01-31T11:05:32.336+0100] {processor.py:840} INFO - DAG(s) 'example_setup_teardown_taskflow' retrieved from /home/ubuntu/.local/lib/python3.10/site-packages/airflow/example_dags/example_setup_teardown_taskflow.py
[2024-01-31T11:05:32.357+0100] {logging_mixin.py:188} INFO - [2024-01-31T11:05:32.356+0100] {dag.py:3033} INFO - Sync 1 DAGs
[2024-01-31T11:05:32.374+0100] {logging_mixin.py:188} INFO - [2024-01-31T11:05:32.374+0100] {dag.py:3820} INFO - Setting next_dagrun for example_setup_teardown_taskflow to 2024-01-30T00:00:00+00:00, run_after=2024-01-31T00:00:00+00:00
[2024-01-31T11:05:32.408+0100] {processor.py:183} INFO - Processing /home/ubuntu/.local/lib/python3.10/site-packages/airflow/example_dags/example_setup_teardown_taskflow.py took 0.090 seconds
[2024-01-31T11:06:28.881+0100] {processor.py:161} INFO - Started process (PID=29336) to work on /home/ubuntu/.local/lib/python3.10/site-packages/airflow/example_dags/example_setup_teardown_taskflow.py
[2024-01-31T11:06:28.884+0100] {processor.py:830} INFO - Processing file /home/ubuntu/.local/lib/python3.10/site-packages/airflow/example_dags/example_setup_teardown_taskflow.py for tasks to queue
[2024-01-31T11:06:28.884+0100] {logging_mixin.py:188} INFO - [2024-01-31T11:06:28.884+0100] {dagbag.py:538} INFO - Filling up the DagBag from /home/ubuntu/.local/lib/python3.10/site-packages/airflow/example_dags/example_setup_teardown_taskflow.py
[2024-01-31T11:06:28.895+0100] {processor.py:840} INFO - DAG(s) 'example_setup_teardown_taskflow' retrieved from /home/ubuntu/.local/lib/python3.10/site-packages/airflow/example_dags/example_setup_teardown_taskflow.py
[2024-01-31T11:06:28.918+0100] {logging_mixin.py:188} INFO - [2024-01-31T11:06:28.918+0100] {dag.py:3033} INFO - Sync 1 DAGs
[2024-01-31T11:06:28.940+0100] {logging_mixin.py:188} INFO - [2024-01-31T11:06:28.940+0100] {dag.py:3820} INFO - Setting next_dagrun for example_setup_teardown_taskflow to 2024-01-30T00:00:00+00:00, run_after=2024-01-31T00:00:00+00:00
[2024-01-31T11:06:28.974+0100] {processor.py:183} INFO - Processing /home/ubuntu/.local/lib/python3.10/site-packages/airflow/example_dags/example_setup_teardown_taskflow.py took 0.097 seconds
[2024-01-31T11:07:32.052+0100] {processor.py:161} INFO - Started process (PID=29414) to work on /home/ubuntu/.local/lib/python3.10/site-packages/airflow/example_dags/example_setup_teardown_taskflow.py
[2024-01-31T11:07:32.055+0100] {processor.py:830} INFO - Processing file /home/ubuntu/.local/lib/python3.10/site-packages/airflow/example_dags/example_setup_teardown_taskflow.py for tasks to queue
[2024-01-31T11:07:32.056+0100] {logging_mixin.py:188} INFO - [2024-01-31T11:07:32.056+0100] {dagbag.py:538} INFO - Filling up the DagBag from /home/ubuntu/.local/lib/python3.10/site-packages/airflow/example_dags/example_setup_teardown_taskflow.py
[2024-01-31T11:07:32.068+0100] {processor.py:840} INFO - DAG(s) 'example_setup_teardown_taskflow' retrieved from /home/ubuntu/.local/lib/python3.10/site-packages/airflow/example_dags/example_setup_teardown_taskflow.py
[2024-01-31T11:07:32.087+0100] {logging_mixin.py:188} INFO - [2024-01-31T11:07:32.087+0100] {dag.py:3033} INFO - Sync 1 DAGs
[2024-01-31T11:07:32.105+0100] {logging_mixin.py:188} INFO - [2024-01-31T11:07:32.105+0100] {dag.py:3820} INFO - Setting next_dagrun for example_setup_teardown_taskflow to 2024-01-30T00:00:00+00:00, run_after=2024-01-31T00:00:00+00:00
[2024-01-31T11:07:32.132+0100] {processor.py:183} INFO - Processing /home/ubuntu/.local/lib/python3.10/site-packages/airflow/example_dags/example_setup_teardown_taskflow.py took 0.084 seconds
[2024-01-31T11:08:32.519+0100] {processor.py:161} INFO - Started process (PID=29482) to work on /home/ubuntu/.local/lib/python3.10/site-packages/airflow/example_dags/example_setup_teardown_taskflow.py
[2024-01-31T11:08:32.522+0100] {processor.py:830} INFO - Processing file /home/ubuntu/.local/lib/python3.10/site-packages/airflow/example_dags/example_setup_teardown_taskflow.py for tasks to queue
[2024-01-31T11:08:32.523+0100] {logging_mixin.py:188} INFO - [2024-01-31T11:08:32.522+0100] {dagbag.py:538} INFO - Filling up the DagBag from /home/ubuntu/.local/lib/python3.10/site-packages/airflow/example_dags/example_setup_teardown_taskflow.py
[2024-01-31T11:08:32.537+0100] {processor.py:840} INFO - DAG(s) 'example_setup_teardown_taskflow' retrieved from /home/ubuntu/.local/lib/python3.10/site-packages/airflow/example_dags/example_setup_teardown_taskflow.py
[2024-01-31T11:08:32.559+0100] {logging_mixin.py:188} INFO - [2024-01-31T11:08:32.559+0100] {dag.py:3033} INFO - Sync 1 DAGs
[2024-01-31T11:08:32.583+0100] {logging_mixin.py:188} INFO - [2024-01-31T11:08:32.582+0100] {dag.py:3820} INFO - Setting next_dagrun for example_setup_teardown_taskflow to 2024-01-30T00:00:00+00:00, run_after=2024-01-31T00:00:00+00:00
[2024-01-31T11:08:32.621+0100] {processor.py:183} INFO - Processing /home/ubuntu/.local/lib/python3.10/site-packages/airflow/example_dags/example_setup_teardown_taskflow.py took 0.105 seconds
[2024-01-31T11:09:40.732+0100] {processor.py:161} INFO - Started process (PID=29560) to work on /home/ubuntu/.local/lib/python3.10/site-packages/airflow/example_dags/example_setup_teardown_taskflow.py
[2024-01-31T11:09:40.734+0100] {processor.py:830} INFO - Processing file /home/ubuntu/.local/lib/python3.10/site-packages/airflow/example_dags/example_setup_teardown_taskflow.py for tasks to queue
[2024-01-31T11:09:40.735+0100] {logging_mixin.py:188} INFO - [2024-01-31T11:09:40.734+0100] {dagbag.py:538} INFO - Filling up the DagBag from /home/ubuntu/.local/lib/python3.10/site-packages/airflow/example_dags/example_setup_teardown_taskflow.py
[2024-01-31T11:09:40.747+0100] {processor.py:840} INFO - DAG(s) 'example_setup_teardown_taskflow' retrieved from /home/ubuntu/.local/lib/python3.10/site-packages/airflow/example_dags/example_setup_teardown_taskflow.py
[2024-01-31T11:09:40.771+0100] {logging_mixin.py:188} INFO - [2024-01-31T11:09:40.771+0100] {dag.py:3033} INFO - Sync 1 DAGs
[2024-01-31T11:09:40.792+0100] {logging_mixin.py:188} INFO - [2024-01-31T11:09:40.792+0100] {dag.py:3820} INFO - Setting next_dagrun for example_setup_teardown_taskflow to 2024-01-30T00:00:00+00:00, run_after=2024-01-31T00:00:00+00:00
[2024-01-31T11:09:40.821+0100] {processor.py:183} INFO - Processing /home/ubuntu/.local/lib/python3.10/site-packages/airflow/example_dags/example_setup_teardown_taskflow.py took 0.094 seconds
[2024-01-31T11:10:43.242+0100] {processor.py:161} INFO - Started process (PID=29630) to work on /home/ubuntu/.local/lib/python3.10/site-packages/airflow/example_dags/example_setup_teardown_taskflow.py
[2024-01-31T11:10:43.244+0100] {processor.py:830} INFO - Processing file /home/ubuntu/.local/lib/python3.10/site-packages/airflow/example_dags/example_setup_teardown_taskflow.py for tasks to queue
[2024-01-31T11:10:43.245+0100] {logging_mixin.py:188} INFO - [2024-01-31T11:10:43.244+0100] {dagbag.py:538} INFO - Filling up the DagBag from /home/ubuntu/.local/lib/python3.10/site-packages/airflow/example_dags/example_setup_teardown_taskflow.py
[2024-01-31T11:10:43.255+0100] {processor.py:840} INFO - DAG(s) 'example_setup_teardown_taskflow' retrieved from /home/ubuntu/.local/lib/python3.10/site-packages/airflow/example_dags/example_setup_teardown_taskflow.py
[2024-01-31T11:10:43.274+0100] {logging_mixin.py:188} INFO - [2024-01-31T11:10:43.273+0100] {dag.py:3033} INFO - Sync 1 DAGs
[2024-01-31T11:10:43.291+0100] {logging_mixin.py:188} INFO - [2024-01-31T11:10:43.291+0100] {dag.py:3820} INFO - Setting next_dagrun for example_setup_teardown_taskflow to 2024-01-30T00:00:00+00:00, run_after=2024-01-31T00:00:00+00:00
[2024-01-31T11:10:43.325+0100] {processor.py:183} INFO - Processing /home/ubuntu/.local/lib/python3.10/site-packages/airflow/example_dags/example_setup_teardown_taskflow.py took 0.087 seconds
[2024-01-31T11:11:42.004+0100] {processor.py:161} INFO - Started process (PID=29697) to work on /home/ubuntu/.local/lib/python3.10/site-packages/airflow/example_dags/example_setup_teardown_taskflow.py
[2024-01-31T11:11:42.006+0100] {processor.py:830} INFO - Processing file /home/ubuntu/.local/lib/python3.10/site-packages/airflow/example_dags/example_setup_teardown_taskflow.py for tasks to queue
[2024-01-31T11:11:42.008+0100] {logging_mixin.py:188} INFO - [2024-01-31T11:11:42.007+0100] {dagbag.py:538} INFO - Filling up the DagBag from /home/ubuntu/.local/lib/python3.10/site-packages/airflow/example_dags/example_setup_teardown_taskflow.py
[2024-01-31T11:11:42.024+0100] {processor.py:840} INFO - DAG(s) 'example_setup_teardown_taskflow' retrieved from /home/ubuntu/.local/lib/python3.10/site-packages/airflow/example_dags/example_setup_teardown_taskflow.py
[2024-01-31T11:11:42.046+0100] {logging_mixin.py:188} INFO - [2024-01-31T11:11:42.045+0100] {dag.py:3033} INFO - Sync 1 DAGs
[2024-01-31T11:11:42.067+0100] {logging_mixin.py:188} INFO - [2024-01-31T11:11:42.066+0100] {dag.py:3820} INFO - Setting next_dagrun for example_setup_teardown_taskflow to 2024-01-30T00:00:00+00:00, run_after=2024-01-31T00:00:00+00:00
[2024-01-31T11:11:42.099+0100] {processor.py:183} INFO - Processing /home/ubuntu/.local/lib/python3.10/site-packages/airflow/example_dags/example_setup_teardown_taskflow.py took 0.101 seconds
[2024-01-31T11:12:52.260+0100] {processor.py:161} INFO - Started process (PID=29776) to work on /home/ubuntu/.local/lib/python3.10/site-packages/airflow/example_dags/example_setup_teardown_taskflow.py
[2024-01-31T11:12:52.262+0100] {processor.py:830} INFO - Processing file /home/ubuntu/.local/lib/python3.10/site-packages/airflow/example_dags/example_setup_teardown_taskflow.py for tasks to queue
[2024-01-31T11:12:52.263+0100] {logging_mixin.py:188} INFO - [2024-01-31T11:12:52.263+0100] {dagbag.py:538} INFO - Filling up the DagBag from /home/ubuntu/.local/lib/python3.10/site-packages/airflow/example_dags/example_setup_teardown_taskflow.py
[2024-01-31T11:12:52.273+0100] {processor.py:840} INFO - DAG(s) 'example_setup_teardown_taskflow' retrieved from /home/ubuntu/.local/lib/python3.10/site-packages/airflow/example_dags/example_setup_teardown_taskflow.py
[2024-01-31T11:12:52.292+0100] {logging_mixin.py:188} INFO - [2024-01-31T11:12:52.291+0100] {dag.py:3033} INFO - Sync 1 DAGs
[2024-01-31T11:12:52.309+0100] {logging_mixin.py:188} INFO - [2024-01-31T11:12:52.309+0100] {dag.py:3820} INFO - Setting next_dagrun for example_setup_teardown_taskflow to 2024-01-30T00:00:00+00:00, run_after=2024-01-31T00:00:00+00:00
[2024-01-31T11:12:52.340+0100] {processor.py:183} INFO - Processing /home/ubuntu/.local/lib/python3.10/site-packages/airflow/example_dags/example_setup_teardown_taskflow.py took 0.083 seconds
[2024-01-31T11:13:57.442+0100] {processor.py:161} INFO - Started process (PID=29848) to work on /home/ubuntu/.local/lib/python3.10/site-packages/airflow/example_dags/example_setup_teardown_taskflow.py
[2024-01-31T11:13:57.444+0100] {processor.py:830} INFO - Processing file /home/ubuntu/.local/lib/python3.10/site-packages/airflow/example_dags/example_setup_teardown_taskflow.py for tasks to queue
[2024-01-31T11:13:57.445+0100] {logging_mixin.py:188} INFO - [2024-01-31T11:13:57.444+0100] {dagbag.py:538} INFO - Filling up the DagBag from /home/ubuntu/.local/lib/python3.10/site-packages/airflow/example_dags/example_setup_teardown_taskflow.py
[2024-01-31T11:13:57.456+0100] {processor.py:840} INFO - DAG(s) 'example_setup_teardown_taskflow' retrieved from /home/ubuntu/.local/lib/python3.10/site-packages/airflow/example_dags/example_setup_teardown_taskflow.py
[2024-01-31T11:13:57.477+0100] {logging_mixin.py:188} INFO - [2024-01-31T11:13:57.477+0100] {dag.py:3033} INFO - Sync 1 DAGs
[2024-01-31T11:13:57.497+0100] {logging_mixin.py:188} INFO - [2024-01-31T11:13:57.496+0100] {dag.py:3820} INFO - Setting next_dagrun for example_setup_teardown_taskflow to 2024-01-30T00:00:00+00:00, run_after=2024-01-31T00:00:00+00:00
[2024-01-31T11:13:57.527+0100] {processor.py:183} INFO - Processing /home/ubuntu/.local/lib/python3.10/site-packages/airflow/example_dags/example_setup_teardown_taskflow.py took 0.091 seconds
[2024-01-31T11:15:34.058+0100] {processor.py:161} INFO - Started process (PID=30550) to work on /home/ubuntu/.local/lib/python3.10/site-packages/airflow/example_dags/example_setup_teardown_taskflow.py
[2024-01-31T11:15:34.062+0100] {processor.py:830} INFO - Processing file /home/ubuntu/.local/lib/python3.10/site-packages/airflow/example_dags/example_setup_teardown_taskflow.py for tasks to queue
[2024-01-31T11:15:34.064+0100] {logging_mixin.py:188} INFO - [2024-01-31T11:15:34.063+0100] {dagbag.py:538} INFO - Filling up the DagBag from /home/ubuntu/.local/lib/python3.10/site-packages/airflow/example_dags/example_setup_teardown_taskflow.py
[2024-01-31T11:15:34.081+0100] {processor.py:840} INFO - DAG(s) 'example_setup_teardown_taskflow' retrieved from /home/ubuntu/.local/lib/python3.10/site-packages/airflow/example_dags/example_setup_teardown_taskflow.py
[2024-01-31T11:15:34.117+0100] {logging_mixin.py:188} INFO - [2024-01-31T11:15:34.117+0100] {dag.py:3033} INFO - Sync 1 DAGs
[2024-01-31T11:15:34.163+0100] {logging_mixin.py:188} INFO - [2024-01-31T11:15:34.163+0100] {dag.py:3820} INFO - Setting next_dagrun for example_setup_teardown_taskflow to 2024-01-30T00:00:00+00:00, run_after=2024-01-31T00:00:00+00:00
[2024-01-31T11:15:34.229+0100] {processor.py:183} INFO - Processing /home/ubuntu/.local/lib/python3.10/site-packages/airflow/example_dags/example_setup_teardown_taskflow.py took 0.178 seconds
[2024-01-31T11:16:24.879+0100] {processor.py:161} INFO - Started process (PID=30610) to work on /home/ubuntu/.local/lib/python3.10/site-packages/airflow/example_dags/example_setup_teardown_taskflow.py
[2024-01-31T11:16:24.881+0100] {processor.py:830} INFO - Processing file /home/ubuntu/.local/lib/python3.10/site-packages/airflow/example_dags/example_setup_teardown_taskflow.py for tasks to queue
[2024-01-31T11:16:24.883+0100] {logging_mixin.py:188} INFO - [2024-01-31T11:16:24.882+0100] {dagbag.py:538} INFO - Filling up the DagBag from /home/ubuntu/.local/lib/python3.10/site-packages/airflow/example_dags/example_setup_teardown_taskflow.py
[2024-01-31T11:16:24.896+0100] {processor.py:840} INFO - DAG(s) 'example_setup_teardown_taskflow' retrieved from /home/ubuntu/.local/lib/python3.10/site-packages/airflow/example_dags/example_setup_teardown_taskflow.py
[2024-01-31T11:16:24.917+0100] {logging_mixin.py:188} INFO - [2024-01-31T11:16:24.917+0100] {dag.py:3033} INFO - Sync 1 DAGs
[2024-01-31T11:16:24.942+0100] {logging_mixin.py:188} INFO - [2024-01-31T11:16:24.941+0100] {dag.py:3820} INFO - Setting next_dagrun for example_setup_teardown_taskflow to 2024-01-30T00:00:00+00:00, run_after=2024-01-31T00:00:00+00:00
[2024-01-31T11:16:24.970+0100] {processor.py:183} INFO - Processing /home/ubuntu/.local/lib/python3.10/site-packages/airflow/example_dags/example_setup_teardown_taskflow.py took 0.097 seconds
[2024-01-31T11:17:18.892+0100] {processor.py:161} INFO - Started process (PID=30671) to work on /home/ubuntu/.local/lib/python3.10/site-packages/airflow/example_dags/example_setup_teardown_taskflow.py
[2024-01-31T11:17:18.902+0100] {processor.py:830} INFO - Processing file /home/ubuntu/.local/lib/python3.10/site-packages/airflow/example_dags/example_setup_teardown_taskflow.py for tasks to queue
[2024-01-31T11:17:18.906+0100] {logging_mixin.py:188} INFO - [2024-01-31T11:17:18.904+0100] {dagbag.py:538} INFO - Filling up the DagBag from /home/ubuntu/.local/lib/python3.10/site-packages/airflow/example_dags/example_setup_teardown_taskflow.py
[2024-01-31T11:17:18.949+0100] {processor.py:840} INFO - DAG(s) 'example_setup_teardown_taskflow' retrieved from /home/ubuntu/.local/lib/python3.10/site-packages/airflow/example_dags/example_setup_teardown_taskflow.py
[2024-01-31T11:17:19.045+0100] {logging_mixin.py:188} INFO - [2024-01-31T11:17:19.045+0100] {dag.py:3033} INFO - Sync 1 DAGs
[2024-01-31T11:17:19.137+0100] {logging_mixin.py:188} INFO - [2024-01-31T11:17:19.136+0100] {dag.py:3820} INFO - Setting next_dagrun for example_setup_teardown_taskflow to 2024-01-30T00:00:00+00:00, run_after=2024-01-31T00:00:00+00:00
[2024-01-31T11:17:19.253+0100] {processor.py:183} INFO - Processing /home/ubuntu/.local/lib/python3.10/site-packages/airflow/example_dags/example_setup_teardown_taskflow.py took 0.374 seconds
[2024-01-31T11:18:18.449+0100] {processor.py:161} INFO - Started process (PID=30727) to work on /home/ubuntu/.local/lib/python3.10/site-packages/airflow/example_dags/example_setup_teardown_taskflow.py
[2024-01-31T11:18:18.451+0100] {processor.py:830} INFO - Processing file /home/ubuntu/.local/lib/python3.10/site-packages/airflow/example_dags/example_setup_teardown_taskflow.py for tasks to queue
[2024-01-31T11:18:18.452+0100] {logging_mixin.py:188} INFO - [2024-01-31T11:18:18.452+0100] {dagbag.py:538} INFO - Filling up the DagBag from /home/ubuntu/.local/lib/python3.10/site-packages/airflow/example_dags/example_setup_teardown_taskflow.py
[2024-01-31T11:18:18.461+0100] {processor.py:840} INFO - DAG(s) 'example_setup_teardown_taskflow' retrieved from /home/ubuntu/.local/lib/python3.10/site-packages/airflow/example_dags/example_setup_teardown_taskflow.py
[2024-01-31T11:18:18.481+0100] {logging_mixin.py:188} INFO - [2024-01-31T11:18:18.481+0100] {dag.py:3033} INFO - Sync 1 DAGs
[2024-01-31T11:18:18.497+0100] {logging_mixin.py:188} INFO - [2024-01-31T11:18:18.497+0100] {dag.py:3820} INFO - Setting next_dagrun for example_setup_teardown_taskflow to 2024-01-30T00:00:00+00:00, run_after=2024-01-31T00:00:00+00:00
[2024-01-31T11:18:18.555+0100] {processor.py:183} INFO - Processing /home/ubuntu/.local/lib/python3.10/site-packages/airflow/example_dags/example_setup_teardown_taskflow.py took 0.109 seconds
[2024-01-31T11:19:12.288+0100] {processor.py:161} INFO - Started process (PID=30784) to work on /home/ubuntu/.local/lib/python3.10/site-packages/airflow/example_dags/example_setup_teardown_taskflow.py
[2024-01-31T11:19:12.291+0100] {processor.py:830} INFO - Processing file /home/ubuntu/.local/lib/python3.10/site-packages/airflow/example_dags/example_setup_teardown_taskflow.py for tasks to queue
[2024-01-31T11:19:12.292+0100] {logging_mixin.py:188} INFO - [2024-01-31T11:19:12.291+0100] {dagbag.py:538} INFO - Filling up the DagBag from /home/ubuntu/.local/lib/python3.10/site-packages/airflow/example_dags/example_setup_teardown_taskflow.py
[2024-01-31T11:19:12.304+0100] {processor.py:840} INFO - DAG(s) 'example_setup_teardown_taskflow' retrieved from /home/ubuntu/.local/lib/python3.10/site-packages/airflow/example_dags/example_setup_teardown_taskflow.py
[2024-01-31T11:19:12.326+0100] {logging_mixin.py:188} INFO - [2024-01-31T11:19:12.326+0100] {dag.py:3033} INFO - Sync 1 DAGs
[2024-01-31T11:19:12.352+0100] {logging_mixin.py:188} INFO - [2024-01-31T11:19:12.351+0100] {dag.py:3820} INFO - Setting next_dagrun for example_setup_teardown_taskflow to 2024-01-30T00:00:00+00:00, run_after=2024-01-31T00:00:00+00:00
[2024-01-31T11:19:12.384+0100] {processor.py:183} INFO - Processing /home/ubuntu/.local/lib/python3.10/site-packages/airflow/example_dags/example_setup_teardown_taskflow.py took 0.101 seconds
[2024-01-31T11:20:22.069+0100] {processor.py:161} INFO - Started process (PID=30863) to work on /home/ubuntu/.local/lib/python3.10/site-packages/airflow/example_dags/example_setup_teardown_taskflow.py
[2024-01-31T11:20:22.072+0100] {processor.py:830} INFO - Processing file /home/ubuntu/.local/lib/python3.10/site-packages/airflow/example_dags/example_setup_teardown_taskflow.py for tasks to queue
[2024-01-31T11:20:22.073+0100] {logging_mixin.py:188} INFO - [2024-01-31T11:20:22.072+0100] {dagbag.py:538} INFO - Filling up the DagBag from /home/ubuntu/.local/lib/python3.10/site-packages/airflow/example_dags/example_setup_teardown_taskflow.py
[2024-01-31T11:20:22.085+0100] {processor.py:840} INFO - DAG(s) 'example_setup_teardown_taskflow' retrieved from /home/ubuntu/.local/lib/python3.10/site-packages/airflow/example_dags/example_setup_teardown_taskflow.py
[2024-01-31T11:20:22.103+0100] {logging_mixin.py:188} INFO - [2024-01-31T11:20:22.103+0100] {dag.py:3033} INFO - Sync 1 DAGs
[2024-01-31T11:20:22.121+0100] {logging_mixin.py:188} INFO - [2024-01-31T11:20:22.120+0100] {dag.py:3820} INFO - Setting next_dagrun for example_setup_teardown_taskflow to 2024-01-30T00:00:00+00:00, run_after=2024-01-31T00:00:00+00:00
[2024-01-31T11:20:22.146+0100] {processor.py:183} INFO - Processing /home/ubuntu/.local/lib/python3.10/site-packages/airflow/example_dags/example_setup_teardown_taskflow.py took 0.081 seconds
[2024-01-31T11:21:26.713+0100] {processor.py:161} INFO - Started process (PID=30938) to work on /home/ubuntu/.local/lib/python3.10/site-packages/airflow/example_dags/example_setup_teardown_taskflow.py
[2024-01-31T11:21:26.716+0100] {processor.py:830} INFO - Processing file /home/ubuntu/.local/lib/python3.10/site-packages/airflow/example_dags/example_setup_teardown_taskflow.py for tasks to queue
[2024-01-31T11:21:26.717+0100] {logging_mixin.py:188} INFO - [2024-01-31T11:21:26.716+0100] {dagbag.py:538} INFO - Filling up the DagBag from /home/ubuntu/.local/lib/python3.10/site-packages/airflow/example_dags/example_setup_teardown_taskflow.py
[2024-01-31T11:21:26.728+0100] {processor.py:840} INFO - DAG(s) 'example_setup_teardown_taskflow' retrieved from /home/ubuntu/.local/lib/python3.10/site-packages/airflow/example_dags/example_setup_teardown_taskflow.py
[2024-01-31T11:21:26.747+0100] {logging_mixin.py:188} INFO - [2024-01-31T11:21:26.746+0100] {dag.py:3033} INFO - Sync 1 DAGs
[2024-01-31T11:21:26.766+0100] {logging_mixin.py:188} INFO - [2024-01-31T11:21:26.766+0100] {dag.py:3820} INFO - Setting next_dagrun for example_setup_teardown_taskflow to 2024-01-30T00:00:00+00:00, run_after=2024-01-31T00:00:00+00:00
[2024-01-31T11:21:26.805+0100] {processor.py:183} INFO - Processing /home/ubuntu/.local/lib/python3.10/site-packages/airflow/example_dags/example_setup_teardown_taskflow.py took 0.096 seconds
[2024-01-31T11:22:28.757+0100] {processor.py:161} INFO - Started process (PID=31008) to work on /home/ubuntu/.local/lib/python3.10/site-packages/airflow/example_dags/example_setup_teardown_taskflow.py
[2024-01-31T11:22:28.760+0100] {processor.py:830} INFO - Processing file /home/ubuntu/.local/lib/python3.10/site-packages/airflow/example_dags/example_setup_teardown_taskflow.py for tasks to queue
[2024-01-31T11:22:28.761+0100] {logging_mixin.py:188} INFO - [2024-01-31T11:22:28.760+0100] {dagbag.py:538} INFO - Filling up the DagBag from /home/ubuntu/.local/lib/python3.10/site-packages/airflow/example_dags/example_setup_teardown_taskflow.py
[2024-01-31T11:22:28.774+0100] {processor.py:840} INFO - DAG(s) 'example_setup_teardown_taskflow' retrieved from /home/ubuntu/.local/lib/python3.10/site-packages/airflow/example_dags/example_setup_teardown_taskflow.py
[2024-01-31T11:22:28.799+0100] {logging_mixin.py:188} INFO - [2024-01-31T11:22:28.799+0100] {dag.py:3033} INFO - Sync 1 DAGs
[2024-01-31T11:22:28.820+0100] {logging_mixin.py:188} INFO - [2024-01-31T11:22:28.820+0100] {dag.py:3820} INFO - Setting next_dagrun for example_setup_teardown_taskflow to 2024-01-30T00:00:00+00:00, run_after=2024-01-31T00:00:00+00:00
[2024-01-31T11:22:28.849+0100] {processor.py:183} INFO - Processing /home/ubuntu/.local/lib/python3.10/site-packages/airflow/example_dags/example_setup_teardown_taskflow.py took 0.097 seconds
[2024-01-31T11:23:34.636+0100] {processor.py:161} INFO - Started process (PID=31084) to work on /home/ubuntu/.local/lib/python3.10/site-packages/airflow/example_dags/example_setup_teardown_taskflow.py
[2024-01-31T11:23:34.639+0100] {processor.py:830} INFO - Processing file /home/ubuntu/.local/lib/python3.10/site-packages/airflow/example_dags/example_setup_teardown_taskflow.py for tasks to queue
[2024-01-31T11:23:34.640+0100] {logging_mixin.py:188} INFO - [2024-01-31T11:23:34.639+0100] {dagbag.py:538} INFO - Filling up the DagBag from /home/ubuntu/.local/lib/python3.10/site-packages/airflow/example_dags/example_setup_teardown_taskflow.py
[2024-01-31T11:23:34.657+0100] {processor.py:840} INFO - DAG(s) 'example_setup_teardown_taskflow' retrieved from /home/ubuntu/.local/lib/python3.10/site-packages/airflow/example_dags/example_setup_teardown_taskflow.py
[2024-01-31T11:23:34.687+0100] {logging_mixin.py:188} INFO - [2024-01-31T11:23:34.687+0100] {dag.py:3033} INFO - Sync 1 DAGs
[2024-01-31T11:23:34.716+0100] {logging_mixin.py:188} INFO - [2024-01-31T11:23:34.715+0100] {dag.py:3820} INFO - Setting next_dagrun for example_setup_teardown_taskflow to 2024-01-30T00:00:00+00:00, run_after=2024-01-31T00:00:00+00:00
[2024-01-31T11:23:34.759+0100] {processor.py:183} INFO - Processing /home/ubuntu/.local/lib/python3.10/site-packages/airflow/example_dags/example_setup_teardown_taskflow.py took 0.129 seconds
[2024-01-31T11:24:38.306+0100] {processor.py:161} INFO - Started process (PID=31160) to work on /home/ubuntu/.local/lib/python3.10/site-packages/airflow/example_dags/example_setup_teardown_taskflow.py
[2024-01-31T11:24:38.309+0100] {processor.py:830} INFO - Processing file /home/ubuntu/.local/lib/python3.10/site-packages/airflow/example_dags/example_setup_teardown_taskflow.py for tasks to queue
[2024-01-31T11:24:38.310+0100] {logging_mixin.py:188} INFO - [2024-01-31T11:24:38.310+0100] {dagbag.py:538} INFO - Filling up the DagBag from /home/ubuntu/.local/lib/python3.10/site-packages/airflow/example_dags/example_setup_teardown_taskflow.py
[2024-01-31T11:24:38.319+0100] {processor.py:840} INFO - DAG(s) 'example_setup_teardown_taskflow' retrieved from /home/ubuntu/.local/lib/python3.10/site-packages/airflow/example_dags/example_setup_teardown_taskflow.py
[2024-01-31T11:24:38.337+0100] {logging_mixin.py:188} INFO - [2024-01-31T11:24:38.337+0100] {dag.py:3033} INFO - Sync 1 DAGs
[2024-01-31T11:24:38.354+0100] {logging_mixin.py:188} INFO - [2024-01-31T11:24:38.353+0100] {dag.py:3820} INFO - Setting next_dagrun for example_setup_teardown_taskflow to 2024-01-30T00:00:00+00:00, run_after=2024-01-31T00:00:00+00:00
[2024-01-31T11:24:38.526+0100] {processor.py:183} INFO - Processing /home/ubuntu/.local/lib/python3.10/site-packages/airflow/example_dags/example_setup_teardown_taskflow.py took 0.223 seconds
[2024-01-31T11:25:59.219+0100] {processor.py:161} INFO - Started process (PID=31240) to work on /home/ubuntu/.local/lib/python3.10/site-packages/airflow/example_dags/example_setup_teardown_taskflow.py
[2024-01-31T11:25:59.221+0100] {processor.py:830} INFO - Processing file /home/ubuntu/.local/lib/python3.10/site-packages/airflow/example_dags/example_setup_teardown_taskflow.py for tasks to queue
[2024-01-31T11:25:59.222+0100] {logging_mixin.py:188} INFO - [2024-01-31T11:25:59.221+0100] {dagbag.py:538} INFO - Filling up the DagBag from /home/ubuntu/.local/lib/python3.10/site-packages/airflow/example_dags/example_setup_teardown_taskflow.py
[2024-01-31T11:25:59.233+0100] {processor.py:840} INFO - DAG(s) 'example_setup_teardown_taskflow' retrieved from /home/ubuntu/.local/lib/python3.10/site-packages/airflow/example_dags/example_setup_teardown_taskflow.py
[2024-01-31T11:25:59.254+0100] {logging_mixin.py:188} INFO - [2024-01-31T11:25:59.254+0100] {dag.py:3033} INFO - Sync 1 DAGs
[2024-01-31T11:25:59.285+0100] {logging_mixin.py:188} INFO - [2024-01-31T11:25:59.285+0100] {dag.py:3820} INFO - Setting next_dagrun for example_setup_teardown_taskflow to 2024-01-30T00:00:00+00:00, run_after=2024-01-31T00:00:00+00:00
[2024-01-31T11:25:59.334+0100] {processor.py:183} INFO - Processing /home/ubuntu/.local/lib/python3.10/site-packages/airflow/example_dags/example_setup_teardown_taskflow.py took 0.120 seconds
                                                                                                                                                                                                                                                                                                                                                                                                                                                                                                                                                                                                                                                                                                                                                                                                                                                                                                                                                                                                                                                                                                                                                                                                                                                                       