[2024-01-31T01:02:14.718+0100] {processor.py:161} INFO - Started process (PID=26565) to work on /home/ubuntu/.local/lib/python3.10/site-packages/airflow/example_dags/example_setup_teardown.py
[2024-01-31T01:02:14.719+0100] {processor.py:830} INFO - Processing file /home/ubuntu/.local/lib/python3.10/site-packages/airflow/example_dags/example_setup_teardown.py for tasks to queue
[2024-01-31T01:02:14.720+0100] {logging_mixin.py:188} INFO - [2024-01-31T01:02:14.720+0100] {dagbag.py:538} INFO - Filling up the DagBag from /home/ubuntu/.local/lib/python3.10/site-packages/airflow/example_dags/example_setup_teardown.py
[2024-01-31T01:02:14.728+0100] {processor.py:840} INFO - DAG(s) 'example_setup_teardown' retrieved from /home/ubuntu/.local/lib/python3.10/site-packages/airflow/example_dags/example_setup_teardown.py
[2024-01-31T01:02:14.747+0100] {logging_mixin.py:188} INFO - [2024-01-31T01:02:14.747+0100] {dag.py:3033} INFO - Sync 1 DAGs
[2024-01-31T01:02:14.766+0100] {logging_mixin.py:188} INFO - [2024-01-31T01:02:14.766+0100] {dag.py:3820} INFO - Setting next_dagrun for example_setup_teardown to 2024-01-30T00:00:00+00:00, run_after=2024-01-31T00:00:00+00:00
[2024-01-31T01:02:14.813+0100] {processor.py:183} INFO - Processing /home/ubuntu/.local/lib/python3.10/site-packages/airflow/example_dags/example_setup_teardown.py took 0.099 seconds
[2024-01-31T10:30:00.342+0100] {processor.py:161} INFO - Started process (PID=26728) to work on /home/ubuntu/.local/lib/python3.10/site-packages/airflow/example_dags/example_setup_teardown.py
[2024-01-31T10:30:00.345+0100] {processor.py:830} INFO - Processing file /home/ubuntu/.local/lib/python3.10/site-packages/airflow/example_dags/example_setup_teardown.py for tasks to queue
[2024-01-31T10:30:00.346+0100] {logging_mixin.py:188} INFO - [2024-01-31T10:30:00.345+0100] {dagbag.py:538} INFO - Filling up the DagBag from /home/ubuntu/.local/lib/python3.10/site-packages/airflow/example_dags/example_setup_teardown.py
[2024-01-31T10:30:00.354+0100] {processor.py:840} INFO - DAG(s) 'example_setup_teardown' retrieved from /home/ubuntu/.local/lib/python3.10/site-packages/airflow/example_dags/example_setup_teardown.py
[2024-01-31T10:30:00.376+0100] {logging_mixin.py:188} INFO - [2024-01-31T10:30:00.376+0100] {dag.py:3033} INFO - Sync 1 DAGs
[2024-01-31T10:30:00.395+0100] {logging_mixin.py:188} INFO - [2024-01-31T10:30:00.395+0100] {dag.py:3820} INFO - Setting next_dagrun for example_setup_teardown to 2024-01-30T00:00:00+00:00, run_after=2024-01-31T00:00:00+00:00
[2024-01-31T10:30:00.427+0100] {processor.py:183} INFO - Processing /home/ubuntu/.local/lib/python3.10/site-packages/airflow/example_dags/example_setup_teardown.py took 0.089 seconds
[2024-01-31T10:30:59.554+0100] {processor.py:161} INFO - Started process (PID=26796) to work on /home/ubuntu/.local/lib/python3.10/site-packages/airflow/example_dags/example_setup_teardown.py
[2024-01-31T10:30:59.556+0100] {processor.py:830} INFO - Processing file /home/ubuntu/.local/lib/python3.10/site-packages/airflow/example_dags/example_setup_teardown.py for tasks to queue
[2024-01-31T10:30:59.557+0100] {logging_mixin.py:188} INFO - [2024-01-31T10:30:59.556+0100] {dagbag.py:538} INFO - Filling up the DagBag from /home/ubuntu/.local/lib/python3.10/site-packages/airflow/example_dags/example_setup_teardown.py
[2024-01-31T10:30:59.569+0100] {processor.py:840} INFO - DAG(s) 'example_setup_teardown' retrieved from /home/ubuntu/.local/lib/python3.10/site-packages/airflow/example_dags/example_setup_teardown.py
[2024-01-31T10:30:59.593+0100] {logging_mixin.py:188} INFO - [2024-01-31T10:30:59.593+0100] {dag.py:3033} INFO - Sync 1 DAGs
[2024-01-31T10:30:59.617+0100] {logging_mixin.py:188} INFO - [2024-01-31T10:30:59.617+0100] {dag.py:3820} INFO - Setting next_dagrun for example_setup_teardown to 2024-01-30T00:00:00+00:00, run_after=2024-01-31T00:00:00+00:00
[2024-01-31T10:30:59.659+0100] {processor.py:183} INFO - Processing /home/ubuntu/.local/lib/python3.10/site-packages/airflow/example_dags/example_setup_teardown.py took 0.108 seconds
[2024-01-31T10:31:59.264+0100] {processor.py:161} INFO - Started process (PID=26867) to work on /home/ubuntu/.local/lib/python3.10/site-packages/airflow/example_dags/example_setup_teardown.py
[2024-01-31T10:31:59.266+0100] {processor.py:830} INFO - Processing file /home/ubuntu/.local/lib/python3.10/site-packages/airflow/example_dags/example_setup_teardown.py for tasks to queue
[2024-01-31T10:31:59.267+0100] {logging_mixin.py:188} INFO - [2024-01-31T10:31:59.267+0100] {dagbag.py:538} INFO - Filling up the DagBag from /home/ubuntu/.local/lib/python3.10/site-packages/airflow/example_dags/example_setup_teardown.py
[2024-01-31T10:31:59.275+0100] {processor.py:840} INFO - DAG(s) 'example_setup_teardown' retrieved from /home/ubuntu/.local/lib/python3.10/site-packages/airflow/example_dags/example_setup_teardown.py
[2024-01-31T10:31:59.292+0100] {logging_mixin.py:188} INFO - [2024-01-31T10:31:59.292+0100] {dag.py:3033} INFO - Sync 1 DAGs
[2024-01-31T10:31:59.309+0100] {logging_mixin.py:188} INFO - [2024-01-31T10:31:59.309+0100] {dag.py:3820} INFO - Setting next_dagrun for example_setup_teardown to 2024-01-30T00:00:00+00:00, run_after=2024-01-31T00:00:00+00:00
[2024-01-31T10:31:59.341+0100] {processor.py:183} INFO - Processing /home/ubuntu/.local/lib/python3.10/site-packages/airflow/example_dags/example_setup_teardown.py took 0.081 seconds
[2024-01-31T10:32:58.288+0100] {processor.py:161} INFO - Started process (PID=26935) to work on /home/ubuntu/.local/lib/python3.10/site-packages/airflow/example_dags/example_setup_teardown.py
[2024-01-31T10:32:58.290+0100] {processor.py:830} INFO - Processing file /home/ubuntu/.local/lib/python3.10/site-packages/airflow/example_dags/example_setup_teardown.py for tasks to queue
[2024-01-31T10:32:58.291+0100] {logging_mixin.py:188} INFO - [2024-01-31T10:32:58.291+0100] {dagbag.py:538} INFO - Filling up the DagBag from /home/ubuntu/.local/lib/python3.10/site-packages/airflow/example_dags/example_setup_teardown.py
[2024-01-31T10:32:58.299+0100] {processor.py:840} INFO - DAG(s) 'example_setup_teardown' retrieved from /home/ubuntu/.local/lib/python3.10/site-packages/airflow/example_dags/example_setup_teardown.py
[2024-01-31T10:32:58.317+0100] {logging_mixin.py:188} INFO - [2024-01-31T10:32:58.317+0100] {dag.py:3033} INFO - Sync 1 DAGs
[2024-01-31T10:32:58.340+0100] {logging_mixin.py:188} INFO - [2024-01-31T10:32:58.340+0100] {dag.py:3820} INFO - Setting next_dagrun for example_setup_teardown to 2024-01-30T00:00:00+00:00, run_after=2024-01-31T00:00:00+00:00
[2024-01-31T10:32:58.370+0100] {processor.py:183} INFO - Processing /home/ubuntu/.local/lib/python3.10/site-packages/airflow/example_dags/example_setup_teardown.py took 0.088 seconds
[2024-01-31T10:34:00.787+0100] {processor.py:161} INFO - Started process (PID=27012) to work on /home/ubuntu/.local/lib/python3.10/site-packages/airflow/example_dags/example_setup_teardown.py
[2024-01-31T10:34:00.788+0100] {processor.py:830} INFO - Processing file /home/ubuntu/.local/lib/python3.10/site-packages/airflow/example_dags/example_setup_teardown.py for tasks to queue
[2024-01-31T10:34:00.789+0100] {logging_mixin.py:188} INFO - [2024-01-31T10:34:00.789+0100] {dagbag.py:538} INFO - Filling up the DagBag from /home/ubuntu/.local/lib/python3.10/site-packages/airflow/example_dags/example_setup_teardown.py
[2024-01-31T10:34:00.797+0100] {processor.py:840} INFO - DAG(s) 'example_setup_teardown' retrieved from /home/ubuntu/.local/lib/python3.10/site-packages/airflow/example_dags/example_setup_teardown.py
[2024-01-31T10:34:00.818+0100] {logging_mixin.py:188} INFO - [2024-01-31T10:34:00.818+0100] {dag.py:3033} INFO - Sync 1 DAGs
[2024-01-31T10:34:00.838+0100] {logging_mixin.py:188} INFO - [2024-01-31T10:34:00.838+0100] {dag.py:3820} INFO - Setting next_dagrun for example_setup_teardown to 2024-01-30T00:00:00+00:00, run_after=2024-01-31T00:00:00+00:00
[2024-01-31T10:34:00.866+0100] {processor.py:183} INFO - Processing /home/ubuntu/.local/lib/python3.10/site-packages/airflow/example_dags/example_setup_teardown.py took 0.084 seconds
[2024-01-31T10:35:04.248+0100] {processor.py:161} INFO - Started process (PID=27119) to work on /home/ubuntu/.local/lib/python3.10/site-packages/airflow/example_dags/example_setup_teardown.py
[2024-01-31T10:35:04.251+0100] {processor.py:830} INFO - Processing file /home/ubuntu/.local/lib/python3.10/site-packages/airflow/example_dags/example_setup_teardown.py for tasks to queue
[2024-01-31T10:35:04.252+0100] {logging_mixin.py:188} INFO - [2024-01-31T10:35:04.251+0100] {dagbag.py:538} INFO - Filling up the DagBag from /home/ubuntu/.local/lib/python3.10/site-packages/airflow/example_dags/example_setup_teardown.py
[2024-01-31T10:35:04.261+0100] {processor.py:840} INFO - DAG(s) 'example_setup_teardown' retrieved from /home/ubuntu/.local/lib/python3.10/site-packages/airflow/example_dags/example_setup_teardown.py
[2024-01-31T10:35:04.281+0100] {logging_mixin.py:188} INFO - [2024-01-31T10:35:04.280+0100] {dag.py:3033} INFO - Sync 1 DAGs
[2024-01-31T10:35:04.301+0100] {logging_mixin.py:188} INFO - [2024-01-31T10:35:04.301+0100] {dag.py:3820} INFO - Setting next_dagrun for example_setup_teardown to 2024-01-30T00:00:00+00:00, run_after=2024-01-31T00:00:00+00:00
[2024-01-31T10:35:04.334+0100] {processor.py:183} INFO - Processing /home/ubuntu/.local/lib/python3.10/site-packages/airflow/example_dags/example_setup_teardown.py took 0.089 seconds
[2024-01-31T10:36:13.789+0100] {processor.py:161} INFO - Started process (PID=27200) to work on /home/ubuntu/.local/lib/python3.10/site-packages/airflow/example_dags/example_setup_teardown.py
[2024-01-31T10:36:13.801+0100] {processor.py:830} INFO - Processing file /home/ubuntu/.local/lib/python3.10/site-packages/airflow/example_dags/example_setup_teardown.py for tasks to queue
[2024-01-31T10:36:13.803+0100] {logging_mixin.py:188} INFO - [2024-01-31T10:36:13.802+0100] {dagbag.py:538} INFO - Filling up the DagBag from /home/ubuntu/.local/lib/python3.10/site-packages/airflow/example_dags/example_setup_teardown.py
[2024-01-31T10:36:13.810+0100] {processor.py:840} INFO - DAG(s) 'example_setup_teardown' retrieved from /home/ubuntu/.local/lib/python3.10/site-packages/airflow/example_dags/example_setup_teardown.py
[2024-01-31T10:36:13.828+0100] {logging_mixin.py:188} INFO - [2024-01-31T10:36:13.828+0100] {dag.py:3033} INFO - Sync 1 DAGs
[2024-01-31T10:36:13.847+0100] {logging_mixin.py:188} INFO - [2024-01-31T10:36:13.847+0100] {dag.py:3820} INFO - Setting next_dagrun for example_setup_teardown to 2024-01-30T00:00:00+00:00, run_after=2024-01-31T00:00:00+00:00
[2024-01-31T10:36:13.878+0100] {processor.py:183} INFO - Processing /home/ubuntu/.local/lib/python3.10/site-packages/airflow/example_dags/example_setup_teardown.py took 0.092 seconds
[2024-01-31T10:37:17.394+0100] {processor.py:161} INFO - Started process (PID=27271) to work on /home/ubuntu/.local/lib/python3.10/site-packages/airflow/example_dags/example_setup_teardown.py
[2024-01-31T10:37:17.396+0100] {processor.py:830} INFO - Processing file /home/ubuntu/.local/lib/python3.10/site-packages/airflow/example_dags/example_setup_teardown.py for tasks to queue
[2024-01-31T10:37:17.397+0100] {logging_mixin.py:188} INFO - [2024-01-31T10:37:17.397+0100] {dagbag.py:538} INFO - Filling up the DagBag from /home/ubuntu/.local/lib/python3.10/site-packages/airflow/example_dags/example_setup_teardown.py
[2024-01-31T10:37:17.406+0100] {processor.py:840} INFO - DAG(s) 'example_setup_teardown' retrieved from /home/ubuntu/.local/lib/python3.10/site-packages/airflow/example_dags/example_setup_teardown.py
[2024-01-31T10:37:17.424+0100] {logging_mixin.py:188} INFO - [2024-01-31T10:37:17.424+0100] {dag.py:3033} INFO - Sync 1 DAGs
[2024-01-31T10:37:17.442+0100] {logging_mixin.py:188} INFO - [2024-01-31T10:37:17.442+0100] {dag.py:3820} INFO - Setting next_dagrun for example_setup_teardown to 2024-01-30T00:00:00+00:00, run_after=2024-01-31T00:00:00+00:00
[2024-01-31T10:37:17.473+0100] {processor.py:183} INFO - Processing /home/ubuntu/.local/lib/python3.10/site-packages/airflow/example_dags/example_setup_teardown.py took 0.083 seconds
[2024-01-31T10:38:21.063+0100] {processor.py:161} INFO - Started process (PID=27348) to work on /home/ubuntu/.local/lib/python3.10/site-packages/airflow/example_dags/example_setup_teardown.py
[2024-01-31T10:38:21.065+0100] {processor.py:830} INFO - Processing file /home/ubuntu/.local/lib/python3.10/site-packages/airflow/example_dags/example_setup_teardown.py for tasks to queue
[2024-01-31T10:38:21.066+0100] {logging_mixin.py:188} INFO - [2024-01-31T10:38:21.066+0100] {dagbag.py:538} INFO - Filling up the DagBag from /home/ubuntu/.local/lib/python3.10/site-packages/airflow/example_dags/example_setup_teardown.py
[2024-01-31T10:38:21.073+0100] {processor.py:840} INFO - DAG(s) 'example_setup_teardown' retrieved from /home/ubuntu/.local/lib/python3.10/site-packages/airflow/example_dags/example_setup_teardown.py
[2024-01-31T10:38:21.092+0100] {logging_mixin.py:188} INFO - [2024-01-31T10:38:21.092+0100] {dag.py:3033} INFO - Sync 1 DAGs
[2024-01-31T10:38:21.110+0100] {logging_mixin.py:188} INFO - [2024-01-31T10:38:21.110+0100] {dag.py:3820} INFO - Setting next_dagrun for example_setup_teardown to 2024-01-30T00:00:00+00:00, run_after=2024-01-31T00:00:00+00:00
[2024-01-31T10:38:21.139+0100] {processor.py:183} INFO - Processing /home/ubuntu/.local/lib/python3.10/site-packages/airflow/example_dags/example_setup_teardown.py took 0.080 seconds
[2024-01-31T10:39:25.332+0100] {processor.py:161} INFO - Started process (PID=27419) to work on /home/ubuntu/.local/lib/python3.10/site-packages/airflow/example_dags/example_setup_teardown.py
[2024-01-31T10:39:25.334+0100] {processor.py:830} INFO - Processing file /home/ubuntu/.local/lib/python3.10/site-packages/airflow/example_dags/example_setup_teardown.py for tasks to queue
[2024-01-31T10:39:25.335+0100] {logging_mixin.py:188} INFO - [2024-01-31T10:39:25.335+0100] {dagbag.py:538} INFO - Filling up the DagBag from /home/ubuntu/.local/lib/python3.10/site-packages/airflow/example_dags/example_setup_teardown.py
[2024-01-31T10:39:25.342+0100] {processor.py:840} INFO - DAG(s) 'example_setup_teardown' retrieved from /home/ubuntu/.local/lib/python3.10/site-packages/airflow/example_dags/example_setup_teardown.py
[2024-01-31T10:39:25.365+0100] {logging_mixin.py:188} INFO - [2024-01-31T10:39:25.365+0100] {dag.py:3033} INFO - Sync 1 DAGs
[2024-01-31T10:39:25.384+0100] {logging_mixin.py:188} INFO - [2024-01-31T10:39:25.383+0100] {dag.py:3820} INFO - Setting next_dagrun for example_setup_teardown to 2024-01-30T00:00:00+00:00, run_after=2024-01-31T00:00:00+00:00
[2024-01-31T10:39:25.411+0100] {processor.py:183} INFO - Processing /home/ubuntu/.local/lib/python3.10/site-packages/airflow/example_dags/example_setup_teardown.py took 0.084 seconds
[2024-01-31T10:40:26.042+0100] {processor.py:161} INFO - Started process (PID=27496) to work on /home/ubuntu/.local/lib/python3.10/site-packages/airflow/example_dags/example_setup_teardown.py
[2024-01-31T10:40:26.044+0100] {processor.py:830} INFO - Processing file /home/ubuntu/.local/lib/python3.10/site-packages/airflow/example_dags/example_setup_teardown.py for tasks to queue
[2024-01-31T10:40:26.045+0100] {logging_mixin.py:188} INFO - [2024-01-31T10:40:26.045+0100] {dagbag.py:538} INFO - Filling up the DagBag from /home/ubuntu/.local/lib/python3.10/site-packages/airflow/example_dags/example_setup_teardown.py
[2024-01-31T10:40:26.053+0100] {processor.py:840} INFO - DAG(s) 'example_setup_teardown' retrieved from /home/ubuntu/.local/lib/python3.10/site-packages/airflow/example_dags/example_setup_teardown.py
[2024-01-31T10:40:26.072+0100] {logging_mixin.py:188} INFO - [2024-01-31T10:40:26.072+0100] {dag.py:3033} INFO - Sync 1 DAGs
[2024-01-31T10:40:26.091+0100] {logging_mixin.py:188} INFO - [2024-01-31T10:40:26.091+0100] {dag.py:3820} INFO - Setting next_dagrun for example_setup_teardown to 2024-01-30T00:00:00+00:00, run_after=2024-01-31T00:00:00+00:00
[2024-01-31T10:40:26.119+0100] {processor.py:183} INFO - Processing /home/ubuntu/.local/lib/python3.10/site-packages/airflow/example_dags/example_setup_teardown.py took 0.081 seconds
[2024-01-31T10:41:23.107+0100] {processor.py:161} INFO - Started process (PID=27561) to work on /home/ubuntu/.local/lib/python3.10/site-packages/airflow/example_dags/example_setup_teardown.py
[2024-01-31T10:41:23.108+0100] {processor.py:830} INFO - Processing file /home/ubuntu/.local/lib/python3.10/site-packages/airflow/example_dags/example_setup_teardown.py for tasks to queue
[2024-01-31T10:41:23.109+0100] {logging_mixin.py:188} INFO - [2024-01-31T10:41:23.109+0100] {dagbag.py:538} INFO - Filling up the DagBag from /home/ubuntu/.local/lib/python3.10/site-packages/airflow/example_dags/example_setup_teardown.py
[2024-01-31T10:41:23.117+0100] {processor.py:840} INFO - DAG(s) 'example_setup_teardown' retrieved from /home/ubuntu/.local/lib/python3.10/site-packages/airflow/example_dags/example_setup_teardown.py
[2024-01-31T10:41:23.135+0100] {logging_mixin.py:188} INFO - [2024-01-31T10:41:23.135+0100] {dag.py:3033} INFO - Sync 1 DAGs
[2024-01-31T10:41:23.152+0100] {logging_mixin.py:188} INFO - [2024-01-31T10:41:23.152+0100] {dag.py:3820} INFO - Setting next_dagrun for example_setup_teardown to 2024-01-30T00:00:00+00:00, run_after=2024-01-31T00:00:00+00:00
[2024-01-31T10:41:23.189+0100] {processor.py:183} INFO - Processing /home/ubuntu/.local/lib/python3.10/site-packages/airflow/example_dags/example_setup_teardown.py took 0.087 seconds
[2024-01-31T10:42:25.842+0100] {processor.py:161} INFO - Started process (PID=27638) to work on /home/ubuntu/.local/lib/python3.10/site-packages/airflow/example_dags/example_setup_teardown.py
[2024-01-31T10:42:25.843+0100] {processor.py:830} INFO - Processing file /home/ubuntu/.local/lib/python3.10/site-packages/airflow/example_dags/example_setup_teardown.py for tasks to queue
[2024-01-31T10:42:25.844+0100] {logging_mixin.py:188} INFO - [2024-01-31T10:42:25.844+0100] {dagbag.py:538} INFO - Filling up the DagBag from /home/ubuntu/.local/lib/python3.10/site-packages/airflow/example_dags/example_setup_teardown.py
[2024-01-31T10:42:25.852+0100] {processor.py:840} INFO - DAG(s) 'example_setup_teardown' retrieved from /home/ubuntu/.local/lib/python3.10/site-packages/airflow/example_dags/example_setup_teardown.py
[2024-01-31T10:42:25.871+0100] {logging_mixin.py:188} INFO - [2024-01-31T10:42:25.870+0100] {dag.py:3033} INFO - Sync 1 DAGs
[2024-01-31T10:42:25.889+0100] {logging_mixin.py:188} INFO - [2024-01-31T10:42:25.889+0100] {dag.py:3820} INFO - Setting next_dagrun for example_setup_teardown to 2024-01-30T00:00:00+00:00, run_after=2024-01-31T00:00:00+00:00
[2024-01-31T10:42:25.923+0100] {processor.py:183} INFO - Processing /home/ubuntu/.local/lib/python3.10/site-packages/airflow/example_dags/example_setup_teardown.py took 0.085 seconds
[2024-01-31T10:43:22.728+0100] {processor.py:161} INFO - Started process (PID=27710) to work on /home/ubuntu/.local/lib/python3.10/site-packages/airflow/example_dags/example_setup_teardown.py
[2024-01-31T10:43:22.730+0100] {processor.py:830} INFO - Processing file /home/ubuntu/.local/lib/python3.10/site-packages/airflow/example_dags/example_setup_teardown.py for tasks to queue
[2024-01-31T10:43:22.731+0100] {logging_mixin.py:188} INFO - [2024-01-31T10:43:22.731+0100] {dagbag.py:538} INFO - Filling up the DagBag from /home/ubuntu/.local/lib/python3.10/site-packages/airflow/example_dags/example_setup_teardown.py
[2024-01-31T10:43:22.740+0100] {processor.py:840} INFO - DAG(s) 'example_setup_teardown' retrieved from /home/ubuntu/.local/lib/python3.10/site-packages/airflow/example_dags/example_setup_teardown.py
[2024-01-31T10:43:22.757+0100] {logging_mixin.py:188} INFO - [2024-01-31T10:43:22.757+0100] {dag.py:3033} INFO - Sync 1 DAGs
[2024-01-31T10:43:22.774+0100] {logging_mixin.py:188} INFO - [2024-01-31T10:43:22.773+0100] {dag.py:3820} INFO - Setting next_dagrun for example_setup_teardown to 2024-01-30T00:00:00+00:00, run_after=2024-01-31T00:00:00+00:00
[2024-01-31T10:43:22.815+0100] {processor.py:183} INFO - Processing /home/ubuntu/.local/lib/python3.10/site-packages/airflow/example_dags/example_setup_teardown.py took 0.090 seconds
[2024-01-31T10:44:21.980+0100] {processor.py:161} INFO - Started process (PID=27775) to work on /home/ubuntu/.local/lib/python3.10/site-packages/airflow/example_dags/example_setup_teardown.py
[2024-01-31T10:44:21.982+0100] {processor.py:830} INFO - Processing file /home/ubuntu/.local/lib/python3.10/site-packages/airflow/example_dags/example_setup_teardown.py for tasks to queue
[2024-01-31T10:44:21.983+0100] {logging_mixin.py:188} INFO - [2024-01-31T10:44:21.983+0100] {dagbag.py:538} INFO - Filling up the DagBag from /home/ubuntu/.local/lib/python3.10/site-packages/airflow/example_dags/example_setup_teardown.py
[2024-01-31T10:44:21.991+0100] {processor.py:840} INFO - DAG(s) 'example_setup_teardown' retrieved from /home/ubuntu/.local/lib/python3.10/site-packages/airflow/example_dags/example_setup_teardown.py
[2024-01-31T10:44:22.009+0100] {logging_mixin.py:188} INFO - [2024-01-31T10:44:22.009+0100] {dag.py:3033} INFO - Sync 1 DAGs
[2024-01-31T10:44:22.028+0100] {logging_mixin.py:188} INFO - [2024-01-31T10:44:22.028+0100] {dag.py:3820} INFO - Setting next_dagrun for example_setup_teardown to 2024-01-30T00:00:00+00:00, run_after=2024-01-31T00:00:00+00:00
[2024-01-31T10:44:22.058+0100] {processor.py:183} INFO - Processing /home/ubuntu/.local/lib/python3.10/site-packages/airflow/example_dags/example_setup_teardown.py took 0.082 seconds
[2024-01-31T10:45:25.268+0100] {processor.py:161} INFO - Started process (PID=27851) to work on /home/ubuntu/.local/lib/python3.10/site-packages/airflow/example_dags/example_setup_teardown.py
[2024-01-31T10:45:25.270+0100] {processor.py:830} INFO - Processing file /home/ubuntu/.local/lib/python3.10/site-packages/airflow/example_dags/example_setup_teardown.py for tasks to queue
[2024-01-31T10:45:25.271+0100] {logging_mixin.py:188} INFO - [2024-01-31T10:45:25.271+0100] {dagbag.py:538} INFO - Filling up the DagBag from /home/ubuntu/.local/lib/python3.10/site-packages/airflow/example_dags/example_setup_teardown.py
[2024-01-31T10:45:25.281+0100] {processor.py:840} INFO - DAG(s) 'example_setup_teardown' retrieved from /home/ubuntu/.local/lib/python3.10/site-packages/airflow/example_dags/example_setup_teardown.py
[2024-01-31T10:45:25.299+0100] {logging_mixin.py:188} INFO - [2024-01-31T10:45:25.299+0100] {dag.py:3033} INFO - Sync 1 DAGs
[2024-01-31T10:45:25.319+0100] {logging_mixin.py:188} INFO - [2024-01-31T10:45:25.319+0100] {dag.py:3820} INFO - Setting next_dagrun for example_setup_teardown to 2024-01-30T00:00:00+00:00, run_after=2024-01-31T00:00:00+00:00
[2024-01-31T10:45:25.353+0100] {processor.py:183} INFO - Processing /home/ubuntu/.local/lib/python3.10/site-packages/airflow/example_dags/example_setup_teardown.py took 0.089 seconds
[2024-01-31T10:46:23.783+0100] {processor.py:161} INFO - Started process (PID=27921) to work on /home/ubuntu/.local/lib/python3.10/site-packages/airflow/example_dags/example_setup_teardown.py
[2024-01-31T10:46:23.785+0100] {processor.py:830} INFO - Processing file /home/ubuntu/.local/lib/python3.10/site-packages/airflow/example_dags/example_setup_teardown.py for tasks to queue
[2024-01-31T10:46:23.786+0100] {logging_mixin.py:188} INFO - [2024-01-31T10:46:23.786+0100] {dagbag.py:538} INFO - Filling up the DagBag from /home/ubuntu/.local/lib/python3.10/site-packages/airflow/example_dags/example_setup_teardown.py
[2024-01-31T10:46:23.795+0100] {processor.py:840} INFO - DAG(s) 'example_setup_teardown' retrieved from /home/ubuntu/.local/lib/python3.10/site-packages/airflow/example_dags/example_setup_teardown.py
[2024-01-31T10:46:23.814+0100] {logging_mixin.py:188} INFO - [2024-01-31T10:46:23.813+0100] {dag.py:3033} INFO - Sync 1 DAGs
[2024-01-31T10:46:23.834+0100] {logging_mixin.py:188} INFO - [2024-01-31T10:46:23.834+0100] {dag.py:3820} INFO - Setting next_dagrun for example_setup_teardown to 2024-01-30T00:00:00+00:00, run_after=2024-01-31T00:00:00+00:00
[2024-01-31T10:46:23.874+0100] {processor.py:183} INFO - Processing /home/ubuntu/.local/lib/python3.10/site-packages/airflow/example_dags/example_setup_teardown.py took 0.098 seconds
[2024-01-31T10:47:23.803+0100] {processor.py:161} INFO - Started process (PID=27988) to work on /home/ubuntu/.local/lib/python3.10/site-packages/airflow/example_dags/example_setup_teardown.py
[2024-01-31T10:47:23.805+0100] {processor.py:830} INFO - Processing file /home/ubuntu/.local/lib/python3.10/site-packages/airflow/example_dags/example_setup_teardown.py for tasks to queue
[2024-01-31T10:47:23.806+0100] {logging_mixin.py:188} INFO - [2024-01-31T10:47:23.806+0100] {dagbag.py:538} INFO - Filling up the DagBag from /home/ubuntu/.local/lib/python3.10/site-packages/airflow/example_dags/example_setup_teardown.py
[2024-01-31T10:47:23.813+0100] {processor.py:840} INFO - DAG(s) 'example_setup_teardown' retrieved from /home/ubuntu/.local/lib/python3.10/site-packages/airflow/example_dags/example_setup_teardown.py
[2024-01-31T10:47:23.832+0100] {logging_mixin.py:188} INFO - [2024-01-31T10:47:23.832+0100] {dag.py:3033} INFO - Sync 1 DAGs
[2024-01-31T10:47:23.851+0100] {logging_mixin.py:188} INFO - [2024-01-31T10:47:23.851+0100] {dag.py:3820} INFO - Setting next_dagrun for example_setup_teardown to 2024-01-30T00:00:00+00:00, run_after=2024-01-31T00:00:00+00:00
[2024-01-31T10:47:23.882+0100] {processor.py:183} INFO - Processing /home/ubuntu/.local/lib/python3.10/site-packages/airflow/example_dags/example_setup_teardown.py took 0.083 seconds
[2024-01-31T10:48:24.841+0100] {processor.py:161} INFO - Started process (PID=28061) to work on /home/ubuntu/.local/lib/python3.10/site-packages/airflow/example_dags/example_setup_teardown.py
[2024-01-31T10:48:24.843+0100] {processor.py:830} INFO - Processing file /home/ubuntu/.local/lib/python3.10/site-packages/airflow/example_dags/example_setup_teardown.py for tasks to queue
[2024-01-31T10:48:24.844+0100] {logging_mixin.py:188} INFO - [2024-01-31T10:48:24.843+0100] {dagbag.py:538} INFO - Filling up the DagBag from /home/ubuntu/.local/lib/python3.10/site-packages/airflow/example_dags/example_setup_teardown.py
[2024-01-31T10:48:24.851+0100] {processor.py:840} INFO - DAG(s) 'example_setup_teardown' retrieved from /home/ubuntu/.local/lib/python3.10/site-packages/airflow/example_dags/example_setup_teardown.py
[2024-01-31T10:48:24.869+0100] {logging_mixin.py:188} INFO - [2024-01-31T10:48:24.869+0100] {dag.py:3033} INFO - Sync 1 DAGs
[2024-01-31T10:48:24.889+0100] {logging_mixin.py:188} INFO - [2024-01-31T10:48:24.889+0100] {dag.py:3820} INFO - Setting next_dagrun for example_setup_teardown to 2024-01-30T00:00:00+00:00, run_after=2024-01-31T00:00:00+00:00
[2024-01-31T10:48:24.918+0100] {processor.py:183} INFO - Processing /home/ubuntu/.local/lib/python3.10/site-packages/airflow/example_dags/example_setup_teardown.py took 0.080 seconds
[2024-01-31T10:49:31.134+0100] {processor.py:161} INFO - Started process (PID=28133) to work on /home/ubuntu/.local/lib/python3.10/site-packages/airflow/example_dags/example_setup_teardown.py
[2024-01-31T10:49:31.137+0100] {processor.py:830} INFO - Processing file /home/ubuntu/.local/lib/python3.10/site-packages/airflow/example_dags/example_setup_teardown.py for tasks to queue
[2024-01-31T10:49:31.137+0100] {logging_mixin.py:188} INFO - [2024-01-31T10:49:31.137+0100] {dagbag.py:538} INFO - Filling up the DagBag from /home/ubuntu/.local/lib/python3.10/site-packages/airflow/example_dags/example_setup_teardown.py
[2024-01-31T10:49:31.145+0100] {processor.py:840} INFO - DAG(s) 'example_setup_teardown' retrieved from /home/ubuntu/.local/lib/python3.10/site-packages/airflow/example_dags/example_setup_teardown.py
[2024-01-31T10:49:31.162+0100] {logging_mixin.py:188} INFO - [2024-01-31T10:49:31.162+0100] {dag.py:3033} INFO - Sync 1 DAGs
[2024-01-31T10:49:31.181+0100] {logging_mixin.py:188} INFO - [2024-01-31T10:49:31.180+0100] {dag.py:3820} INFO - Setting next_dagrun for example_setup_teardown to 2024-01-30T00:00:00+00:00, run_after=2024-01-31T00:00:00+00:00
[2024-01-31T10:49:31.209+0100] {processor.py:183} INFO - Processing /home/ubuntu/.local/lib/python3.10/site-packages/airflow/example_dags/example_setup_teardown.py took 0.078 seconds
[2024-01-31T10:50:27.472+0100] {processor.py:161} INFO - Started process (PID=28198) to work on /home/ubuntu/.local/lib/python3.10/site-packages/airflow/example_dags/example_setup_teardown.py
[2024-01-31T10:50:27.474+0100] {processor.py:830} INFO - Processing file /home/ubuntu/.local/lib/python3.10/site-packages/airflow/example_dags/example_setup_teardown.py for tasks to queue
[2024-01-31T10:50:27.475+0100] {logging_mixin.py:188} INFO - [2024-01-31T10:50:27.475+0100] {dagbag.py:538} INFO - Filling up the DagBag from /home/ubuntu/.local/lib/python3.10/site-packages/airflow/example_dags/example_setup_teardown.py
[2024-01-31T10:50:27.483+0100] {processor.py:840} INFO - DAG(s) 'example_setup_teardown' retrieved from /home/ubuntu/.local/lib/python3.10/site-packages/airflow/example_dags/example_setup_teardown.py
[2024-01-31T10:50:27.502+0100] {logging_mixin.py:188} INFO - [2024-01-31T10:50:27.501+0100] {dag.py:3033} INFO - Sync 1 DAGs
[2024-01-31T10:50:27.519+0100] {logging_mixin.py:188} INFO - [2024-01-31T10:50:27.519+0100] {dag.py:3820} INFO - Setting next_dagrun for example_setup_teardown to 2024-01-30T00:00:00+00:00, run_after=2024-01-31T00:00:00+00:00
[2024-01-31T10:50:27.545+0100] {processor.py:183} INFO - Processing /home/ubuntu/.local/lib/python3.10/site-packages/airflow/example_dags/example_setup_teardown.py took 0.076 seconds
[2024-01-31T10:51:30.397+0100] {processor.py:161} INFO - Started process (PID=28275) to work on /home/ubuntu/.local/lib/python3.10/site-packages/airflow/example_dags/example_setup_teardown.py
[2024-01-31T10:51:30.399+0100] {processor.py:830} INFO - Processing file /home/ubuntu/.local/lib/python3.10/site-packages/airflow/example_dags/example_setup_teardown.py for tasks to queue
[2024-01-31T10:51:30.400+0100] {logging_mixin.py:188} INFO - [2024-01-31T10:51:30.399+0100] {dagbag.py:538} INFO - Filling up the DagBag from /home/ubuntu/.local/lib/python3.10/site-packages/airflow/example_dags/example_setup_teardown.py
[2024-01-31T10:51:30.407+0100] {processor.py:840} INFO - DAG(s) 'example_setup_teardown' retrieved from /home/ubuntu/.local/lib/python3.10/site-packages/airflow/example_dags/example_setup_teardown.py
[2024-01-31T10:51:30.424+0100] {logging_mixin.py:188} INFO - [2024-01-31T10:51:30.424+0100] {dag.py:3033} INFO - Sync 1 DAGs
[2024-01-31T10:51:30.443+0100] {logging_mixin.py:188} INFO - [2024-01-31T10:51:30.443+0100] {dag.py:3820} INFO - Setting next_dagrun for example_setup_teardown to 2024-01-30T00:00:00+00:00, run_after=2024-01-31T00:00:00+00:00
[2024-01-31T10:51:30.473+0100] {processor.py:183} INFO - Processing /home/ubuntu/.local/lib/python3.10/site-packages/airflow/example_dags/example_setup_teardown.py took 0.082 seconds
[2024-01-31T10:52:29.794+0100] {processor.py:161} INFO - Started process (PID=28344) to work on /home/ubuntu/.local/lib/python3.10/site-packages/airflow/example_dags/example_setup_teardown.py
[2024-01-31T10:52:29.796+0100] {processor.py:830} INFO - Processing file /home/ubuntu/.local/lib/python3.10/site-packages/airflow/example_dags/example_setup_teardown.py for tasks to queue
[2024-01-31T10:52:29.797+0100] {logging_mixin.py:188} INFO - [2024-01-31T10:52:29.796+0100] {dagbag.py:538} INFO - Filling up the DagBag from /home/ubuntu/.local/lib/python3.10/site-packages/airflow/example_dags/example_setup_teardown.py
[2024-01-31T10:52:29.804+0100] {processor.py:840} INFO - DAG(s) 'example_setup_teardown' retrieved from /home/ubuntu/.local/lib/python3.10/site-packages/airflow/example_dags/example_setup_teardown.py
[2024-01-31T10:52:29.824+0100] {logging_mixin.py:188} INFO - [2024-01-31T10:52:29.824+0100] {dag.py:3033} INFO - Sync 1 DAGs
[2024-01-31T10:52:29.843+0100] {logging_mixin.py:188} INFO - [2024-01-31T10:52:29.843+0100] {dag.py:3820} INFO - Setting next_dagrun for example_setup_teardown to 2024-01-30T00:00:00+00:00, run_after=2024-01-31T00:00:00+00:00
[2024-01-31T10:52:29.871+0100] {processor.py:183} INFO - Processing /home/ubuntu/.local/lib/python3.10/site-packages/airflow/example_dags/example_setup_teardown.py took 0.081 seconds
[2024-01-31T10:53:33.416+0100] {processor.py:161} INFO - Started process (PID=28419) to work on /home/ubuntu/.local/lib/python3.10/site-packages/airflow/example_dags/example_setup_teardown.py
[2024-01-31T10:53:33.418+0100] {processor.py:830} INFO - Processing file /home/ubuntu/.local/lib/python3.10/site-packages/airflow/example_dags/example_setup_teardown.py for tasks to queue
[2024-01-31T10:53:33.419+0100] {logging_mixin.py:188} INFO - [2024-01-31T10:53:33.419+0100] {dagbag.py:538} INFO - Filling up the DagBag from /home/ubuntu/.local/lib/python3.10/site-packages/airflow/example_dags/example_setup_teardown.py
[2024-01-31T10:53:33.427+0100] {processor.py:840} INFO - DAG(s) 'example_setup_teardown' retrieved from /home/ubuntu/.local/lib/python3.10/site-packages/airflow/example_dags/example_setup_teardown.py
[2024-01-31T10:53:33.447+0100] {logging_mixin.py:188} INFO - [2024-01-31T10:53:33.447+0100] {dag.py:3033} INFO - Sync 1 DAGs
[2024-01-31T10:53:33.466+0100] {logging_mixin.py:188} INFO - [2024-01-31T10:53:33.466+0100] {dag.py:3820} INFO - Setting next_dagrun for example_setup_teardown to 2024-01-30T00:00:00+00:00, run_after=2024-01-31T00:00:00+00:00
[2024-01-31T10:53:33.493+0100] {processor.py:183} INFO - Processing /home/ubuntu/.local/lib/python3.10/site-packages/airflow/example_dags/example_setup_teardown.py took 0.081 seconds
[2024-01-31T10:54:35.498+0100] {processor.py:161} INFO - Started process (PID=28488) to work on /home/ubuntu/.local/lib/python3.10/site-packages/airflow/example_dags/example_setup_teardown.py
[2024-01-31T10:54:35.500+0100] {processor.py:830} INFO - Processing file /home/ubuntu/.local/lib/python3.10/site-packages/airflow/example_dags/example_setup_teardown.py for tasks to queue
[2024-01-31T10:54:35.502+0100] {logging_mixin.py:188} INFO - [2024-01-31T10:54:35.501+0100] {dagbag.py:538} INFO - Filling up the DagBag from /home/ubuntu/.local/lib/python3.10/site-packages/airflow/example_dags/example_setup_teardown.py
[2024-01-31T10:54:35.512+0100] {processor.py:840} INFO - DAG(s) 'example_setup_teardown' retrieved from /home/ubuntu/.local/lib/python3.10/site-packages/airflow/example_dags/example_setup_teardown.py
[2024-01-31T10:54:35.534+0100] {logging_mixin.py:188} INFO - [2024-01-31T10:54:35.534+0100] {dag.py:3033} INFO - Sync 1 DAGs
[2024-01-31T10:54:35.553+0100] {logging_mixin.py:188} INFO - [2024-01-31T10:54:35.553+0100] {dag.py:3820} INFO - Setting next_dagrun for example_setup_teardown to 2024-01-30T00:00:00+00:00, run_after=2024-01-31T00:00:00+00:00
[2024-01-31T10:54:35.579+0100] {processor.py:183} INFO - Processing /home/ubuntu/.local/lib/python3.10/site-packages/airflow/example_dags/example_setup_teardown.py took 0.086 seconds
[2024-01-31T10:55:41.301+0100] {processor.py:161} INFO - Started process (PID=28565) to work on /home/ubuntu/.local/lib/python3.10/site-packages/airflow/example_dags/example_setup_teardown.py
[2024-01-31T10:55:41.303+0100] {processor.py:830} INFO - Processing file /home/ubuntu/.local/lib/python3.10/site-packages/airflow/example_dags/example_setup_teardown.py for tasks to queue
[2024-01-31T10:55:41.304+0100] {logging_mixin.py:188} INFO - [2024-01-31T10:55:41.304+0100] {dagbag.py:538} INFO - Filling up the DagBag from /home/ubuntu/.local/lib/python3.10/site-packages/airflow/example_dags/example_setup_teardown.py
[2024-01-31T10:55:41.312+0100] {processor.py:840} INFO - DAG(s) 'example_setup_teardown' retrieved from /home/ubuntu/.local/lib/python3.10/site-packages/airflow/example_dags/example_setup_teardown.py
[2024-01-31T10:55:41.333+0100] {logging_mixin.py:188} INFO - [2024-01-31T10:55:41.333+0100] {dag.py:3033} INFO - Sync 1 DAGs
[2024-01-31T10:55:41.351+0100] {logging_mixin.py:188} INFO - [2024-01-31T10:55:41.351+0100] {dag.py:3820} INFO - Setting next_dagrun for example_setup_teardown to 2024-01-30T00:00:00+00:00, run_after=2024-01-31T00:00:00+00:00
[2024-01-31T10:55:41.383+0100] {processor.py:183} INFO - Processing /home/ubuntu/.local/lib/python3.10/site-packages/airflow/example_dags/example_setup_teardown.py took 0.086 seconds
[2024-01-31T10:56:45.894+0100] {processor.py:161} INFO - Started process (PID=28641) to work on /home/ubuntu/.local/lib/python3.10/site-packages/airflow/example_dags/example_setup_teardown.py
[2024-01-31T10:56:45.897+0100] {processor.py:830} INFO - Processing file /home/ubuntu/.local/lib/python3.10/site-packages/airflow/example_dags/example_setup_teardown.py for tasks to queue
[2024-01-31T10:56:45.898+0100] {logging_mixin.py:188} INFO - [2024-01-31T10:56:45.897+0100] {dagbag.py:538} INFO - Filling up the DagBag from /home/ubuntu/.local/lib/python3.10/site-packages/airflow/example_dags/example_setup_teardown.py
[2024-01-31T10:56:45.905+0100] {processor.py:840} INFO - DAG(s) 'example_setup_teardown' retrieved from /home/ubuntu/.local/lib/python3.10/site-packages/airflow/example_dags/example_setup_teardown.py
[2024-01-31T10:56:45.923+0100] {logging_mixin.py:188} INFO - [2024-01-31T10:56:45.923+0100] {dag.py:3033} INFO - Sync 1 DAGs
[2024-01-31T10:56:45.942+0100] {logging_mixin.py:188} INFO - [2024-01-31T10:56:45.941+0100] {dag.py:3820} INFO - Setting next_dagrun for example_setup_teardown to 2024-01-30T00:00:00+00:00, run_after=2024-01-31T00:00:00+00:00
[2024-01-31T10:56:45.973+0100] {processor.py:183} INFO - Processing /home/ubuntu/.local/lib/python3.10/site-packages/airflow/example_dags/example_setup_teardown.py took 0.083 seconds
[2024-01-31T10:57:46.477+0100] {processor.py:161} INFO - Started process (PID=28716) to work on /home/ubuntu/.local/lib/python3.10/site-packages/airflow/example_dags/example_setup_teardown.py
[2024-01-31T10:57:46.480+0100] {processor.py:830} INFO - Processing file /home/ubuntu/.local/lib/python3.10/site-packages/airflow/example_dags/example_setup_teardown.py for tasks to queue
[2024-01-31T10:57:46.481+0100] {logging_mixin.py:188} INFO - [2024-01-31T10:57:46.481+0100] {dagbag.py:538} INFO - Filling up the DagBag from /home/ubuntu/.local/lib/python3.10/site-packages/airflow/example_dags/example_setup_teardown.py
[2024-01-31T10:57:46.489+0100] {processor.py:840} INFO - DAG(s) 'example_setup_teardown' retrieved from /home/ubuntu/.local/lib/python3.10/site-packages/airflow/example_dags/example_setup_teardown.py
[2024-01-31T10:57:46.506+0100] {logging_mixin.py:188} INFO - [2024-01-31T10:57:46.506+0100] {dag.py:3033} INFO - Sync 1 DAGs
[2024-01-31T10:57:46.526+0100] {logging_mixin.py:188} INFO - [2024-01-31T10:57:46.526+0100] {dag.py:3820} INFO - Setting next_dagrun for example_setup_teardown to 2024-01-30T00:00:00+00:00, run_after=2024-01-31T00:00:00+00:00
[2024-01-31T10:57:46.553+0100] {processor.py:183} INFO - Processing /home/ubuntu/.local/lib/python3.10/site-packages/airflow/example_dags/example_setup_teardown.py took 0.080 seconds
[2024-01-31T10:58:44.610+0100] {processor.py:161} INFO - Started process (PID=28782) to work on /home/ubuntu/.local/lib/python3.10/site-packages/airflow/example_dags/example_setup_teardown.py
[2024-01-31T10:58:44.620+0100] {processor.py:830} INFO - Processing file /home/ubuntu/.local/lib/python3.10/site-packages/airflow/example_dags/example_setup_teardown.py for tasks to queue
[2024-01-31T10:58:44.621+0100] {logging_mixin.py:188} INFO - [2024-01-31T10:58:44.621+0100] {dagbag.py:538} INFO - Filling up the DagBag from /home/ubuntu/.local/lib/python3.10/site-packages/airflow/example_dags/example_setup_teardown.py
[2024-01-31T10:58:44.631+0100] {processor.py:840} INFO - DAG(s) 'example_setup_teardown' retrieved from /home/ubuntu/.local/lib/python3.10/site-packages/airflow/example_dags/example_setup_teardown.py
[2024-01-31T10:58:44.652+0100] {logging_mixin.py:188} INFO - [2024-01-31T10:58:44.652+0100] {dag.py:3033} INFO - Sync 1 DAGs
[2024-01-31T10:58:44.670+0100] {logging_mixin.py:188} INFO - [2024-01-31T10:58:44.670+0100] {dag.py:3820} INFO - Setting next_dagrun for example_setup_teardown to 2024-01-30T00:00:00+00:00, run_after=2024-01-31T00:00:00+00:00
[2024-01-31T10:58:44.700+0100] {processor.py:183} INFO - Processing /home/ubuntu/.local/lib/python3.10/site-packages/airflow/example_dags/example_setup_teardown.py took 0.094 seconds
[2024-01-31T10:59:46.837+0100] {processor.py:161} INFO - Started process (PID=28858) to work on /home/ubuntu/.local/lib/python3.10/site-packages/airflow/example_dags/example_setup_teardown.py
[2024-01-31T10:59:46.840+0100] {processor.py:830} INFO - Processing file /home/ubuntu/.local/lib/python3.10/site-packages/airflow/example_dags/example_setup_teardown.py for tasks to queue
[2024-01-31T10:59:46.841+0100] {logging_mixin.py:188} INFO - [2024-01-31T10:59:46.841+0100] {dagbag.py:538} INFO - Filling up the DagBag from /home/ubuntu/.local/lib/python3.10/site-packages/airflow/example_dags/example_setup_teardown.py
[2024-01-31T10:59:46.848+0100] {processor.py:840} INFO - DAG(s) 'example_setup_teardown' retrieved from /home/ubuntu/.local/lib/python3.10/site-packages/airflow/example_dags/example_setup_teardown.py
[2024-01-31T10:59:46.865+0100] {logging_mixin.py:188} INFO - [2024-01-31T10:59:46.865+0100] {dag.py:3033} INFO - Sync 1 DAGs
[2024-01-31T10:59:46.883+0100] {logging_mixin.py:188} INFO - [2024-01-31T10:59:46.882+0100] {dag.py:3820} INFO - Setting next_dagrun for example_setup_teardown to 2024-01-30T00:00:00+00:00, run_after=2024-01-31T00:00:00+00:00
[2024-01-31T10:59:46.912+0100] {processor.py:183} INFO - Processing /home/ubuntu/.local/lib/python3.10/site-packages/airflow/example_dags/example_setup_teardown.py took 0.079 seconds
[2024-01-31T11:00:50.611+0100] {processor.py:161} INFO - Started process (PID=28928) to work on /home/ubuntu/.local/lib/python3.10/site-packages/airflow/example_dags/example_setup_teardown.py
[2024-01-31T11:00:50.613+0100] {processor.py:830} INFO - Processing file /home/ubuntu/.local/lib/python3.10/site-packages/airflow/example_dags/example_setup_teardown.py for tasks to queue
[2024-01-31T11:00:50.614+0100] {logging_mixin.py:188} INFO - [2024-01-31T11:00:50.614+0100] {dagbag.py:538} INFO - Filling up the DagBag from /home/ubuntu/.local/lib/python3.10/site-packages/airflow/example_dags/example_setup_teardown.py
[2024-01-31T11:00:50.622+0100] {processor.py:840} INFO - DAG(s) 'example_setup_teardown' retrieved from /home/ubuntu/.local/lib/python3.10/site-packages/airflow/example_dags/example_setup_teardown.py
[2024-01-31T11:00:50.639+0100] {logging_mixin.py:188} INFO - [2024-01-31T11:00:50.638+0100] {dag.py:3033} INFO - Sync 1 DAGs
[2024-01-31T11:00:50.658+0100] {logging_mixin.py:188} INFO - [2024-01-31T11:00:50.657+0100] {dag.py:3820} INFO - Setting next_dagrun for example_setup_teardown to 2024-01-30T00:00:00+00:00, run_after=2024-01-31T00:00:00+00:00
[2024-01-31T11:00:50.687+0100] {processor.py:183} INFO - Processing /home/ubuntu/.local/lib/python3.10/site-packages/airflow/example_dags/example_setup_teardown.py took 0.080 seconds
[2024-01-31T11:01:53.460+0100] {processor.py:161} INFO - Started process (PID=29003) to work on /home/ubuntu/.local/lib/python3.10/site-packages/airflow/example_dags/example_setup_teardown.py
[2024-01-31T11:01:53.464+0100] {processor.py:830} INFO - Processing file /home/ubuntu/.local/lib/python3.10/site-packages/airflow/example_dags/example_setup_teardown.py for tasks to queue
[2024-01-31T11:01:53.465+0100] {logging_mixin.py:188} INFO - [2024-01-31T11:01:53.465+0100] {dagbag.py:538} INFO - Filling up the DagBag from /home/ubuntu/.local/lib/python3.10/site-packages/airflow/example_dags/example_setup_teardown.py
[2024-01-31T11:01:53.479+0100] {processor.py:840} INFO - DAG(s) 'example_setup_teardown' retrieved from /home/ubuntu/.local/lib/python3.10/site-packages/airflow/example_dags/example_setup_teardown.py
[2024-01-31T11:01:53.508+0100] {logging_mixin.py:188} INFO - [2024-01-31T11:01:53.507+0100] {dag.py:3033} INFO - Sync 1 DAGs
[2024-01-31T11:01:53.527+0100] {logging_mixin.py:188} INFO - [2024-01-31T11:01:53.526+0100] {dag.py:3820} INFO - Setting next_dagrun for example_setup_teardown to 2024-01-30T00:00:00+00:00, run_after=2024-01-31T00:00:00+00:00
[2024-01-31T11:01:53.556+0100] {processor.py:183} INFO - Processing /home/ubuntu/.local/lib/python3.10/site-packages/airflow/example_dags/example_setup_teardown.py took 0.103 seconds
[2024-01-31T11:02:54.700+0100] {processor.py:161} INFO - Started process (PID=29073) to work on /home/ubuntu/.local/lib/python3.10/site-packages/airflow/example_dags/example_setup_teardown.py
[2024-01-31T11:02:54.702+0100] {processor.py:830} INFO - Processing file /home/ubuntu/.local/lib/python3.10/site-packages/airflow/example_dags/example_setup_teardown.py for tasks to queue
[2024-01-31T11:02:54.703+0100] {logging_mixin.py:188} INFO - [2024-01-31T11:02:54.703+0100] {dagbag.py:538} INFO - Filling up the DagBag from /home/ubuntu/.local/lib/python3.10/site-packages/airflow/example_dags/example_setup_teardown.py
[2024-01-31T11:02:54.713+0100] {processor.py:840} INFO - DAG(s) 'example_setup_teardown' retrieved from /home/ubuntu/.local/lib/python3.10/site-packages/airflow/example_dags/example_setup_teardown.py
[2024-01-31T11:02:54.735+0100] {logging_mixin.py:188} INFO - [2024-01-31T11:02:54.735+0100] {dag.py:3033} INFO - Sync 1 DAGs
[2024-01-31T11:02:54.754+0100] {logging_mixin.py:188} INFO - [2024-01-31T11:02:54.754+0100] {dag.py:3820} INFO - Setting next_dagrun for example_setup_teardown to 2024-01-30T00:00:00+00:00, run_after=2024-01-31T00:00:00+00:00
[2024-01-31T11:02:54.784+0100] {processor.py:183} INFO - Processing /home/ubuntu/.local/lib/python3.10/site-packages/airflow/example_dags/example_setup_teardown.py took 0.088 seconds
[2024-01-31T11:03:54.543+0100] {processor.py:161} INFO - Started process (PID=29155) to work on /home/ubuntu/.local/lib/python3.10/site-packages/airflow/example_dags/example_setup_teardown.py
[2024-01-31T11:03:54.545+0100] {processor.py:830} INFO - Processing file /home/ubuntu/.local/lib/python3.10/site-packages/airflow/example_dags/example_setup_teardown.py for tasks to queue
[2024-01-31T11:03:54.546+0100] {logging_mixin.py:188} INFO - [2024-01-31T11:03:54.546+0100] {dagbag.py:538} INFO - Filling up the DagBag from /home/ubuntu/.local/lib/python3.10/site-packages/airflow/example_dags/example_setup_teardown.py
[2024-01-31T11:03:54.553+0100] {processor.py:840} INFO - DAG(s) 'example_setup_teardown' retrieved from /home/ubuntu/.local/lib/python3.10/site-packages/airflow/example_dags/example_setup_teardown.py
[2024-01-31T11:03:54.570+0100] {logging_mixin.py:188} INFO - [2024-01-31T11:03:54.570+0100] {dag.py:3033} INFO - Sync 1 DAGs
[2024-01-31T11:03:54.589+0100] {logging_mixin.py:188} INFO - [2024-01-31T11:03:54.589+0100] {dag.py:3820} INFO - Setting next_dagrun for example_setup_teardown to 2024-01-30T00:00:00+00:00, run_after=2024-01-31T00:00:00+00:00
[2024-01-31T11:03:54.615+0100] {processor.py:183} INFO - Processing /home/ubuntu/.local/lib/python3.10/site-packages/airflow/example_dags/example_setup_teardown.py took 0.076 seconds
[2024-01-31T11:04:55.950+0100] {processor.py:161} INFO - Started process (PID=29224) to work on /home/ubuntu/.local/lib/python3.10/site-packages/airflow/example_dags/example_setup_teardown.py
[2024-01-31T11:04:55.952+0100] {processor.py:830} INFO - Processing file /home/ubuntu/.local/lib/python3.10/site-packages/airflow/example_dags/example_setup_teardown.py for tasks to queue
[2024-01-31T11:04:55.953+0100] {logging_mixin.py:188} INFO - [2024-01-31T11:04:55.953+0100] {dagbag.py:538} INFO - Filling up the DagBag from /home/ubuntu/.local/lib/python3.10/site-packages/airflow/example_dags/example_setup_teardown.py
[2024-01-31T11:04:55.962+0100] {processor.py:840} INFO - DAG(s) 'example_setup_teardown' retrieved from /home/ubuntu/.local/lib/python3.10/site-packages/airflow/example_dags/example_setup_teardown.py
[2024-01-31T11:04:55.982+0100] {logging_mixin.py:188} INFO - [2024-01-31T11:04:55.982+0100] {dag.py:3033} INFO - Sync 1 DAGs
[2024-01-31T11:04:55.999+0100] {logging_mixin.py:188} INFO - [2024-01-31T11:04:55.999+0100] {dag.py:3820} INFO - Setting next_dagrun for example_setup_teardown to 2024-01-30T00:00:00+00:00, run_after=2024-01-31T00:00:00+00:00
[2024-01-31T11:04:56.033+0100] {processor.py:183} INFO - Processing /home/ubuntu/.local/lib/python3.10/site-packages/airflow/example_dags/example_setup_teardown.py took 0.088 seconds
[2024-01-31T11:05:56.294+0100] {processor.py:161} INFO - Started process (PID=29301) to work on /home/ubuntu/.local/lib/python3.10/site-packages/airflow/example_dags/example_setup_teardown.py
[2024-01-31T11:05:56.296+0100] {processor.py:830} INFO - Processing file /home/ubuntu/.local/lib/python3.10/site-packages/airflow/example_dags/example_setup_teardown.py for tasks to queue
[2024-01-31T11:05:56.297+0100] {logging_mixin.py:188} INFO - [2024-01-31T11:05:56.297+0100] {dagbag.py:538} INFO - Filling up the DagBag from /home/ubuntu/.local/lib/python3.10/site-packages/airflow/example_dags/example_setup_teardown.py
[2024-01-31T11:05:56.305+0100] {processor.py:840} INFO - DAG(s) 'example_setup_teardown' retrieved from /home/ubuntu/.local/lib/python3.10/site-packages/airflow/example_dags/example_setup_teardown.py
[2024-01-31T11:05:56.323+0100] {logging_mixin.py:188} INFO - [2024-01-31T11:05:56.322+0100] {dag.py:3033} INFO - Sync 1 DAGs
[2024-01-31T11:05:56.341+0100] {logging_mixin.py:188} INFO - [2024-01-31T11:05:56.341+0100] {dag.py:3820} INFO - Setting next_dagrun for example_setup_teardown to 2024-01-30T00:00:00+00:00, run_after=2024-01-31T00:00:00+00:00
[2024-01-31T11:05:56.370+0100] {processor.py:183} INFO - Processing /home/ubuntu/.local/lib/python3.10/site-packages/airflow/example_dags/example_setup_teardown.py took 0.080 seconds
[2024-01-31T11:06:54.813+0100] {processor.py:161} INFO - Started process (PID=29369) to work on /home/ubuntu/.local/lib/python3.10/site-packages/airflow/example_dags/example_setup_teardown.py
[2024-01-31T11:06:54.816+0100] {processor.py:830} INFO - Processing file /home/ubuntu/.local/lib/python3.10/site-packages/airflow/example_dags/example_setup_teardown.py for tasks to queue
[2024-01-31T11:06:54.817+0100] {logging_mixin.py:188} INFO - [2024-01-31T11:06:54.816+0100] {dagbag.py:538} INFO - Filling up the DagBag from /home/ubuntu/.local/lib/python3.10/site-packages/airflow/example_dags/example_setup_teardown.py
[2024-01-31T11:06:54.824+0100] {processor.py:840} INFO - DAG(s) 'example_setup_teardown' retrieved from /home/ubuntu/.local/lib/python3.10/site-packages/airflow/example_dags/example_setup_teardown.py
[2024-01-31T11:06:54.843+0100] {logging_mixin.py:188} INFO - [2024-01-31T11:06:54.843+0100] {dag.py:3033} INFO - Sync 1 DAGs
[2024-01-31T11:06:54.860+0100] {logging_mixin.py:188} INFO - [2024-01-31T11:06:54.860+0100] {dag.py:3820} INFO - Setting next_dagrun for example_setup_teardown to 2024-01-30T00:00:00+00:00, run_after=2024-01-31T00:00:00+00:00
[2024-01-31T11:06:54.900+0100] {processor.py:183} INFO - Processing /home/ubuntu/.local/lib/python3.10/site-packages/airflow/example_dags/example_setup_teardown.py took 0.091 seconds
[2024-01-31T11:07:57.862+0100] {processor.py:161} INFO - Started process (PID=29440) to work on /home/ubuntu/.local/lib/python3.10/site-packages/airflow/example_dags/example_setup_teardown.py
[2024-01-31T11:07:57.864+0100] {processor.py:830} INFO - Processing file /home/ubuntu/.local/lib/python3.10/site-packages/airflow/example_dags/example_setup_teardown.py for tasks to queue
[2024-01-31T11:07:57.865+0100] {logging_mixin.py:188} INFO - [2024-01-31T11:07:57.865+0100] {dagbag.py:538} INFO - Filling up the DagBag from /home/ubuntu/.local/lib/python3.10/site-packages/airflow/example_dags/example_setup_teardown.py
[2024-01-31T11:07:57.873+0100] {processor.py:840} INFO - DAG(s) 'example_setup_teardown' retrieved from /home/ubuntu/.local/lib/python3.10/site-packages/airflow/example_dags/example_setup_teardown.py
[2024-01-31T11:07:57.893+0100] {logging_mixin.py:188} INFO - [2024-01-31T11:07:57.893+0100] {dag.py:3033} INFO - Sync 1 DAGs
[2024-01-31T11:07:57.911+0100] {logging_mixin.py:188} INFO - [2024-01-31T11:07:57.911+0100] {dag.py:3820} INFO - Setting next_dagrun for example_setup_teardown to 2024-01-30T00:00:00+00:00, run_after=2024-01-31T00:00:00+00:00
[2024-01-31T11:07:57.939+0100] {processor.py:183} INFO - Processing /home/ubuntu/.local/lib/python3.10/site-packages/airflow/example_dags/example_setup_teardown.py took 0.081 seconds
[2024-01-31T11:09:00.449+0100] {processor.py:161} INFO - Started process (PID=29516) to work on /home/ubuntu/.local/lib/python3.10/site-packages/airflow/example_dags/example_setup_teardown.py
[2024-01-31T11:09:00.451+0100] {processor.py:830} INFO - Processing file /home/ubuntu/.local/lib/python3.10/site-packages/airflow/example_dags/example_setup_teardown.py for tasks to queue
[2024-01-31T11:09:00.452+0100] {logging_mixin.py:188} INFO - [2024-01-31T11:09:00.451+0100] {dagbag.py:538} INFO - Filling up the DagBag from /home/ubuntu/.local/lib/python3.10/site-packages/airflow/example_dags/example_setup_teardown.py
[2024-01-31T11:09:00.460+0100] {processor.py:840} INFO - DAG(s) 'example_setup_teardown' retrieved from /home/ubuntu/.local/lib/python3.10/site-packages/airflow/example_dags/example_setup_teardown.py
[2024-01-31T11:09:00.482+0100] {logging_mixin.py:188} INFO - [2024-01-31T11:09:00.482+0100] {dag.py:3033} INFO - Sync 1 DAGs
[2024-01-31T11:09:00.502+0100] {logging_mixin.py:188} INFO - [2024-01-31T11:09:00.502+0100] {dag.py:3820} INFO - Setting next_dagrun for example_setup_teardown to 2024-01-30T00:00:00+00:00, run_after=2024-01-31T00:00:00+00:00
[2024-01-31T11:09:00.532+0100] {processor.py:183} INFO - Processing /home/ubuntu/.local/lib/python3.10/site-packages/airflow/example_dags/example_setup_teardown.py took 0.087 seconds
[2024-01-31T11:10:07.937+0100] {processor.py:161} INFO - Started process (PID=29588) to work on /home/ubuntu/.local/lib/python3.10/site-packages/airflow/example_dags/example_setup_teardown.py
[2024-01-31T11:10:07.940+0100] {processor.py:830} INFO - Processing file /home/ubuntu/.local/lib/python3.10/site-packages/airflow/example_dags/example_setup_teardown.py for tasks to queue
[2024-01-31T11:10:07.941+0100] {logging_mixin.py:188} INFO - [2024-01-31T11:10:07.941+0100] {dagbag.py:538} INFO - Filling up the DagBag from /home/ubuntu/.local/lib/python3.10/site-packages/airflow/example_dags/example_setup_teardown.py
[2024-01-31T11:10:07.952+0100] {processor.py:840} INFO - DAG(s) 'example_setup_teardown' retrieved from /home/ubuntu/.local/lib/python3.10/site-packages/airflow/example_dags/example_setup_teardown.py
[2024-01-31T11:10:07.968+0100] {logging_mixin.py:188} INFO - [2024-01-31T11:10:07.968+0100] {dag.py:3033} INFO - Sync 1 DAGs
[2024-01-31T11:10:07.983+0100] {logging_mixin.py:188} INFO - [2024-01-31T11:10:07.982+0100] {dag.py:3820} INFO - Setting next_dagrun for example_setup_teardown to 2024-01-30T00:00:00+00:00, run_after=2024-01-31T00:00:00+00:00
[2024-01-31T11:10:08.030+0100] {processor.py:183} INFO - Processing /home/ubuntu/.local/lib/python3.10/site-packages/airflow/example_dags/example_setup_teardown.py took 0.096 seconds
[2024-01-31T11:11:07.769+0100] {processor.py:161} INFO - Started process (PID=29663) to work on /home/ubuntu/.local/lib/python3.10/site-packages/airflow/example_dags/example_setup_teardown.py
[2024-01-31T11:11:07.772+0100] {processor.py:830} INFO - Processing file /home/ubuntu/.local/lib/python3.10/site-packages/airflow/example_dags/example_setup_teardown.py for tasks to queue
[2024-01-31T11:11:07.773+0100] {logging_mixin.py:188} INFO - [2024-01-31T11:11:07.772+0100] {dagbag.py:538} INFO - Filling up the DagBag from /home/ubuntu/.local/lib/python3.10/site-packages/airflow/example_dags/example_setup_teardown.py
[2024-01-31T11:11:07.780+0100] {processor.py:840} INFO - DAG(s) 'example_setup_teardown' retrieved from /home/ubuntu/.local/lib/python3.10/site-packages/airflow/example_dags/example_setup_teardown.py
[2024-01-31T11:11:07.799+0100] {logging_mixin.py:188} INFO - [2024-01-31T11:11:07.799+0100] {dag.py:3033} INFO - Sync 1 DAGs
[2024-01-31T11:11:07.821+0100] {logging_mixin.py:188} INFO - [2024-01-31T11:11:07.821+0100] {dag.py:3820} INFO - Setting next_dagrun for example_setup_teardown to 2024-01-30T00:00:00+00:00, run_after=2024-01-31T00:00:00+00:00
[2024-01-31T11:11:07.849+0100] {processor.py:183} INFO - Processing /home/ubuntu/.local/lib/python3.10/site-packages/airflow/example_dags/example_setup_teardown.py took 0.087 seconds
[2024-01-31T11:12:10.434+0100] {processor.py:161} INFO - Started process (PID=29730) to work on /home/ubuntu/.local/lib/python3.10/site-packages/airflow/example_dags/example_setup_teardown.py
[2024-01-31T11:12:10.436+0100] {processor.py:830} INFO - Processing file /home/ubuntu/.local/lib/python3.10/site-packages/airflow/example_dags/example_setup_teardown.py for tasks to queue
[2024-01-31T11:12:10.437+0100] {logging_mixin.py:188} INFO - [2024-01-31T11:12:10.437+0100] {dagbag.py:538} INFO - Filling up the DagBag from /home/ubuntu/.local/lib/python3.10/site-packages/airflow/example_dags/example_setup_teardown.py
[2024-01-31T11:12:10.445+0100] {processor.py:840} INFO - DAG(s) 'example_setup_teardown' retrieved from /home/ubuntu/.local/lib/python3.10/site-packages/airflow/example_dags/example_setup_teardown.py
[2024-01-31T11:12:10.463+0100] {logging_mixin.py:188} INFO - [2024-01-31T11:12:10.463+0100] {dag.py:3033} INFO - Sync 1 DAGs
[2024-01-31T11:12:10.481+0100] {logging_mixin.py:188} INFO - [2024-01-31T11:12:10.481+0100] {dag.py:3820} INFO - Setting next_dagrun for example_setup_teardown to 2024-01-30T00:00:00+00:00, run_after=2024-01-31T00:00:00+00:00
[2024-01-31T11:12:10.518+0100] {processor.py:183} INFO - Processing /home/ubuntu/.local/lib/python3.10/site-packages/airflow/example_dags/example_setup_teardown.py took 0.087 seconds
[2024-01-31T11:13:20.768+0100] {processor.py:161} INFO - Started process (PID=29806) to work on /home/ubuntu/.local/lib/python3.10/site-packages/airflow/example_dags/example_setup_teardown.py
[2024-01-31T11:13:20.771+0100] {processor.py:830} INFO - Processing file /home/ubuntu/.local/lib/python3.10/site-packages/airflow/example_dags/example_setup_teardown.py for tasks to queue
[2024-01-31T11:13:20.772+0100] {logging_mixin.py:188} INFO - [2024-01-31T11:13:20.771+0100] {dagbag.py:538} INFO - Filling up the DagBag from /home/ubuntu/.local/lib/python3.10/site-packages/airflow/example_dags/example_setup_teardown.py
[2024-01-31T11:13:20.779+0100] {processor.py:840} INFO - DAG(s) 'example_setup_teardown' retrieved from /home/ubuntu/.local/lib/python3.10/site-packages/airflow/example_dags/example_setup_teardown.py
[2024-01-31T11:13:20.796+0100] {logging_mixin.py:188} INFO - [2024-01-31T11:13:20.796+0100] {dag.py:3033} INFO - Sync 1 DAGs
[2024-01-31T11:13:20.817+0100] {logging_mixin.py:188} INFO - [2024-01-31T11:13:20.817+0100] {dag.py:3820} INFO - Setting next_dagrun for example_setup_teardown to 2024-01-30T00:00:00+00:00, run_after=2024-01-31T00:00:00+00:00
[2024-01-31T11:13:20.848+0100] {processor.py:183} INFO - Processing /home/ubuntu/.local/lib/python3.10/site-packages/airflow/example_dags/example_setup_teardown.py took 0.083 seconds
[2024-01-31T11:14:22.225+0100] {processor.py:161} INFO - Started process (PID=29881) to work on /home/ubuntu/.local/lib/python3.10/site-packages/airflow/example_dags/example_setup_teardown.py
[2024-01-31T11:14:22.227+0100] {processor.py:830} INFO - Processing file /home/ubuntu/.local/lib/python3.10/site-packages/airflow/example_dags/example_setup_teardown.py for tasks to queue
[2024-01-31T11:14:22.228+0100] {logging_mixin.py:188} INFO - [2024-01-31T11:14:22.228+0100] {dagbag.py:538} INFO - Filling up the DagBag from /home/ubuntu/.local/lib/python3.10/site-packages/airflow/example_dags/example_setup_teardown.py
[2024-01-31T11:14:22.236+0100] {processor.py:840} INFO - DAG(s) 'example_setup_teardown' retrieved from /home/ubuntu/.local/lib/python3.10/site-packages/airflow/example_dags/example_setup_teardown.py
[2024-01-31T11:14:22.253+0100] {logging_mixin.py:188} INFO - [2024-01-31T11:14:22.253+0100] {dag.py:3033} INFO - Sync 1 DAGs
[2024-01-31T11:14:22.273+0100] {logging_mixin.py:188} INFO - [2024-01-31T11:14:22.273+0100] {dag.py:3820} INFO - Setting next_dagrun for example_setup_teardown to 2024-01-30T00:00:00+00:00, run_after=2024-01-31T00:00:00+00:00
[2024-01-31T11:14:22.311+0100] {processor.py:183} INFO - Processing /home/ubuntu/.local/lib/python3.10/site-packages/airflow/example_dags/example_setup_teardown.py took 0.090 seconds
[2024-01-31T11:15:44.809+0100] {processor.py:161} INFO - Started process (PID=30561) to work on /home/ubuntu/.local/lib/python3.10/site-packages/airflow/example_dags/example_setup_teardown.py
[2024-01-31T11:15:44.811+0100] {processor.py:830} INFO - Processing file /home/ubuntu/.local/lib/python3.10/site-packages/airflow/example_dags/example_setup_teardown.py for tasks to queue
[2024-01-31T11:15:44.813+0100] {logging_mixin.py:188} INFO - [2024-01-31T11:15:44.812+0100] {dagbag.py:538} INFO - Filling up the DagBag from /home/ubuntu/.local/lib/python3.10/site-packages/airflow/example_dags/example_setup_teardown.py
[2024-01-31T11:15:44.821+0100] {processor.py:840} INFO - DAG(s) 'example_setup_teardown' retrieved from /home/ubuntu/.local/lib/python3.10/site-packages/airflow/example_dags/example_setup_teardown.py
[2024-01-31T11:15:44.841+0100] {logging_mixin.py:188} INFO - [2024-01-31T11:15:44.840+0100] {dag.py:3033} INFO - Sync 1 DAGs
[2024-01-31T11:15:44.861+0100] {logging_mixin.py:188} INFO - [2024-01-31T11:15:44.861+0100] {dag.py:3820} INFO - Setting next_dagrun for example_setup_teardown to 2024-01-30T00:00:00+00:00, run_after=2024-01-31T00:00:00+00:00
[2024-01-31T11:15:44.902+0100] {processor.py:183} INFO - Processing /home/ubuntu/.local/lib/python3.10/site-packages/airflow/example_dags/example_setup_teardown.py took 0.097 seconds
[2024-01-31T11:16:56.783+0100] {processor.py:161} INFO - Started process (PID=30641) to work on /home/ubuntu/.local/lib/python3.10/site-packages/airflow/example_dags/example_setup_teardown.py
[2024-01-31T11:16:56.786+0100] {processor.py:830} INFO - Processing file /home/ubuntu/.local/lib/python3.10/site-packages/airflow/example_dags/example_setup_teardown.py for tasks to queue
[2024-01-31T11:16:56.787+0100] {logging_mixin.py:188} INFO - [2024-01-31T11:16:56.786+0100] {dagbag.py:538} INFO - Filling up the DagBag from /home/ubuntu/.local/lib/python3.10/site-packages/airflow/example_dags/example_setup_teardown.py
[2024-01-31T11:16:56.793+0100] {processor.py:840} INFO - DAG(s) 'example_setup_teardown' retrieved from /home/ubuntu/.local/lib/python3.10/site-packages/airflow/example_dags/example_setup_teardown.py
[2024-01-31T11:16:56.813+0100] {logging_mixin.py:188} INFO - [2024-01-31T11:16:56.812+0100] {dag.py:3033} INFO - Sync 1 DAGs
[2024-01-31T11:16:56.830+0100] {logging_mixin.py:188} INFO - [2024-01-31T11:16:56.829+0100] {dag.py:3820} INFO - Setting next_dagrun for example_setup_teardown to 2024-01-30T00:00:00+00:00, run_after=2024-01-31T00:00:00+00:00
[2024-01-31T11:16:56.868+0100] {processor.py:183} INFO - Processing /home/ubuntu/.local/lib/python3.10/site-packages/airflow/example_dags/example_setup_teardown.py took 0.088 seconds
[2024-01-31T11:18:24.621+0100] {processor.py:161} INFO - Started process (PID=30732) to work on /home/ubuntu/.local/lib/python3.10/site-packages/airflow/example_dags/example_setup_teardown.py
[2024-01-31T11:18:24.623+0100] {processor.py:830} INFO - Processing file /home/ubuntu/.local/lib/python3.10/site-packages/airflow/example_dags/example_setup_teardown.py for tasks to queue
[2024-01-31T11:18:24.624+0100] {logging_mixin.py:188} INFO - [2024-01-31T11:18:24.623+0100] {dagbag.py:538} INFO - Filling up the DagBag from /home/ubuntu/.local/lib/python3.10/site-packages/airflow/example_dags/example_setup_teardown.py
[2024-01-31T11:18:24.636+0100] {processor.py:840} INFO - DAG(s) 'example_setup_teardown' retrieved from /home/ubuntu/.local/lib/python3.10/site-packages/airflow/example_dags/example_setup_teardown.py
[2024-01-31T11:18:24.660+0100] {logging_mixin.py:188} INFO - [2024-01-31T11:18:24.660+0100] {dag.py:3033} INFO - Sync 1 DAGs
[2024-01-31T11:18:24.677+0100] {logging_mixin.py:188} INFO - [2024-01-31T11:18:24.677+0100] {dag.py:3820} INFO - Setting next_dagrun for example_setup_teardown to 2024-01-30T00:00:00+00:00, run_after=2024-01-31T00:00:00+00:00
[2024-01-31T11:18:24.706+0100] {processor.py:183} INFO - Processing /home/ubuntu/.local/lib/python3.10/site-packages/airflow/example_dags/example_setup_teardown.py took 0.090 seconds
[2024-01-31T11:19:37.786+0100] {processor.py:161} INFO - Started process (PID=30810) to work on /home/ubuntu/.local/lib/python3.10/site-packages/airflow/example_dags/example_setup_teardown.py
[2024-01-31T11:19:37.790+0100] {processor.py:830} INFO - Processing file /home/ubuntu/.local/lib/python3.10/site-packages/airflow/example_dags/example_setup_teardown.py for tasks to queue
[2024-01-31T11:19:37.792+0100] {logging_mixin.py:188} INFO - [2024-01-31T11:19:37.791+0100] {dagbag.py:538} INFO - Filling up the DagBag from /home/ubuntu/.local/lib/python3.10/site-packages/airflow/example_dags/example_setup_teardown.py
[2024-01-31T11:19:37.808+0100] {processor.py:840} INFO - DAG(s) 'example_setup_teardown' retrieved from /home/ubuntu/.local/lib/python3.10/site-packages/airflow/example_dags/example_setup_teardown.py
[2024-01-31T11:19:37.837+0100] {logging_mixin.py:188} INFO - [2024-01-31T11:19:37.837+0100] {dag.py:3033} INFO - Sync 1 DAGs
[2024-01-31T11:19:37.856+0100] {logging_mixin.py:188} INFO - [2024-01-31T11:19:37.856+0100] {dag.py:3820} INFO - Setting next_dagrun for example_setup_teardown to 2024-01-30T00:00:00+00:00, run_after=2024-01-31T00:00:00+00:00
[2024-01-31T11:19:37.894+0100] {processor.py:183} INFO - Processing /home/ubuntu/.local/lib/python3.10/site-packages/airflow/example_dags/example_setup_teardown.py took 0.115 seconds
[2024-01-31T11:20:45.293+0100] {processor.py:161} INFO - Started process (PID=30891) to work on /home/ubuntu/.local/lib/python3.10/site-packages/airflow/example_dags/example_setup_teardown.py
[2024-01-31T11:20:45.295+0100] {processor.py:830} INFO - Processing file /home/ubuntu/.local/lib/python3.10/site-packages/airflow/example_dags/example_setup_teardown.py for tasks to queue
[2024-01-31T11:20:45.296+0100] {logging_mixin.py:188} INFO - [2024-01-31T11:20:45.296+0100] {dagbag.py:538} INFO - Filling up the DagBag from /home/ubuntu/.local/lib/python3.10/site-packages/airflow/example_dags/example_setup_teardown.py
[2024-01-31T11:20:45.303+0100] {processor.py:840} INFO - DAG(s) 'example_setup_teardown' retrieved from /home/ubuntu/.local/lib/python3.10/site-packages/airflow/example_dags/example_setup_teardown.py
[2024-01-31T11:20:45.321+0100] {logging_mixin.py:188} INFO - [2024-01-31T11:20:45.321+0100] {dag.py:3033} INFO - Sync 1 DAGs
[2024-01-31T11:20:45.339+0100] {logging_mixin.py:188} INFO - [2024-01-31T11:20:45.339+0100] {dag.py:3820} INFO - Setting next_dagrun for example_setup_teardown to 2024-01-30T00:00:00+00:00, run_after=2024-01-31T00:00:00+00:00
[2024-01-31T11:20:45.380+0100] {processor.py:183} INFO - Processing /home/ubuntu/.local/lib/python3.10/site-packages/airflow/example_dags/example_setup_teardown.py took 0.092 seconds
[2024-01-31T11:21:50.793+0100] {processor.py:161} INFO - Started process (PID=30962) to work on /home/ubuntu/.local/lib/python3.10/site-packages/airflow/example_dags/example_setup_teardown.py
[2024-01-31T11:21:50.796+0100] {processor.py:830} INFO - Processing file /home/ubuntu/.local/lib/python3.10/site-packages/airflow/example_dags/example_setup_teardown.py for tasks to queue
[2024-01-31T11:21:50.797+0100] {logging_mixin.py:188} INFO - [2024-01-31T11:21:50.796+0100] {dagbag.py:538} INFO - Filling up the DagBag from /home/ubuntu/.local/lib/python3.10/site-packages/airflow/example_dags/example_setup_teardown.py
[2024-01-31T11:21:50.804+0100] {processor.py:840} INFO - DAG(s) 'example_setup_teardown' retrieved from /home/ubuntu/.local/lib/python3.10/site-packages/airflow/example_dags/example_setup_teardown.py
[2024-01-31T11:21:50.826+0100] {logging_mixin.py:188} INFO - [2024-01-31T11:21:50.826+0100] {dag.py:3033} INFO - Sync 1 DAGs
[2024-01-31T11:21:50.843+0100] {logging_mixin.py:188} INFO - [2024-01-31T11:21:50.842+0100] {dag.py:3820} INFO - Setting next_dagrun for example_setup_teardown to 2024-01-30T00:00:00+00:00, run_after=2024-01-31T00:00:00+00:00
[2024-01-31T11:21:50.869+0100] {processor.py:183} INFO - Processing /home/ubuntu/.local/lib/python3.10/site-packages/airflow/example_dags/example_setup_teardown.py took 0.081 seconds
[2024-01-31T11:22:53.068+0100] {processor.py:161} INFO - Started process (PID=31037) to work on /home/ubuntu/.local/lib/python3.10/site-packages/airflow/example_dags/example_setup_teardown.py
[2024-01-31T11:22:53.072+0100] {processor.py:830} INFO - Processing file /home/ubuntu/.local/lib/python3.10/site-packages/airflow/example_dags/example_setup_teardown.py for tasks to queue
[2024-01-31T11:22:53.073+0100] {logging_mixin.py:188} INFO - [2024-01-31T11:22:53.072+0100] {dagbag.py:538} INFO - Filling up the DagBag from /home/ubuntu/.local/lib/python3.10/site-packages/airflow/example_dags/example_setup_teardown.py
[2024-01-31T11:22:53.079+0100] {processor.py:840} INFO - DAG(s) 'example_setup_teardown' retrieved from /home/ubuntu/.local/lib/python3.10/site-packages/airflow/example_dags/example_setup_teardown.py
[2024-01-31T11:22:53.097+0100] {logging_mixin.py:188} INFO - [2024-01-31T11:22:53.097+0100] {dag.py:3033} INFO - Sync 1 DAGs
[2024-01-31T11:22:53.112+0100] {logging_mixin.py:188} INFO - [2024-01-31T11:22:53.112+0100] {dag.py:3820} INFO - Setting next_dagrun for example_setup_teardown to 2024-01-30T00:00:00+00:00, run_after=2024-01-31T00:00:00+00:00
[2024-01-31T11:22:53.146+0100] {processor.py:183} INFO - Processing /home/ubuntu/.local/lib/python3.10/site-packages/airflow/example_dags/example_setup_teardown.py took 0.081 seconds
[2024-01-31T11:23:59.273+0100] {processor.py:161} INFO - Started process (PID=31115) to work on /home/ubuntu/.local/lib/python3.10/site-packages/airflow/example_dags/example_setup_teardown.py
[2024-01-31T11:23:59.276+0100] {processor.py:830} INFO - Processing file /home/ubuntu/.local/lib/python3.10/site-packages/airflow/example_dags/example_setup_teardown.py for tasks to queue
[2024-01-31T11:23:59.277+0100] {logging_mixin.py:188} INFO - [2024-01-31T11:23:59.276+0100] {dagbag.py:538} INFO - Filling up the DagBag from /home/ubuntu/.local/lib/python3.10/site-packages/airflow/example_dags/example_setup_teardown.py
[2024-01-31T11:23:59.284+0100] {processor.py:840} INFO - DAG(s) 'example_setup_teardown' retrieved from /home/ubuntu/.local/lib/python3.10/site-packages/airflow/example_dags/example_setup_teardown.py
[2024-01-31T11:23:59.305+0100] {logging_mixin.py:188} INFO - [2024-01-31T11:23:59.305+0100] {dag.py:3033} INFO - Sync 1 DAGs
[2024-01-31T11:23:59.326+0100] {logging_mixin.py:188} INFO - [2024-01-31T11:23:59.326+0100] {dag.py:3820} INFO - Setting next_dagrun for example_setup_teardown to 2024-01-30T00:00:00+00:00, run_after=2024-01-31T00:00:00+00:00
[2024-01-31T11:23:59.366+0100] {processor.py:183} INFO - Processing /home/ubuntu/.local/lib/python3.10/site-packages/airflow/example_dags/example_setup_teardown.py took 0.096 seconds
[2024-01-31T11:25:06.151+0100] {processor.py:161} INFO - Started process (PID=31192) to work on /home/ubuntu/.local/lib/python3.10/site-packages/airflow/example_dags/example_setup_teardown.py
[2024-01-31T11:25:06.154+0100] {processor.py:830} INFO - Processing file /home/ubuntu/.local/lib/python3.10/site-packages/airflow/example_dags/example_setup_teardown.py for tasks to queue
[2024-01-31T11:25:06.154+0100] {logging_mixin.py:188} INFO - [2024-01-31T11:25:06.154+0100] {dagbag.py:538} INFO - Filling up the DagBag from /home/ubuntu/.local/lib/python3.10/site-packages/airflow/example_dags/example_setup_teardown.py
[2024-01-31T11:25:06.163+0100] {processor.py:840} INFO - DAG(s) 'example_setup_teardown' retrieved from /home/ubuntu/.local/lib/python3.10/site-packages/airflow/example_dags/example_setup_teardown.py
[2024-01-31T11:25:06.181+0100] {logging_mixin.py:188} INFO - [2024-01-31T11:25:06.181+0100] {dag.py:3033} INFO - Sync 1 DAGs
[2024-01-31T11:25:06.202+0100] {logging_mixin.py:188} INFO - [2024-01-31T11:25:06.201+0100] {dag.py:3820} INFO - Setting next_dagrun for example_setup_teardown to 2024-01-30T00:00:00+00:00, run_after=2024-01-31T00:00:00+00:00
[2024-01-31T11:25:06.235+0100] {processor.py:183} INFO - Processing /home/ubuntu/.local/lib/python3.10/site-packages/airflow/example_dags/example_setup_teardown.py took 0.087 seconds
[2024-01-31T11:26:46.692+0100] {processor.py:161} INFO - Started process (PID=31278) to work on /home/ubuntu/.local/lib/python3.10/site-packages/airflow/example_dags/example_setup_teardown.py
[2024-01-31T11:26:46.696+0100] {processor.py:830} INFO - Processing file /home/ubuntu/.local/lib/python3.10/site-packages/airflow/example_dags/example_setup_teardown.py for tasks to queue
[2024-01-31T11:26:46.700+0100] {logging_mixin.py:188} INFO - [2024-01-31T11:26:46.697+0100] {dagbag.py:538} INFO - Filling up the DagBag from /home/ubuntu/.local/lib/python3.10/site-packages/airflow/example_dags/example_setup_teardown.py
[2024-01-31T11:26:46.709+0100] {processor.py:840} INFO - DAG(s) 'example_setup_teardown' retrieved from /home/ubuntu/.local/lib/python3.10/site-packages/airflow/example_dags/example_setup_teardown.py
[2024-01-31T11:26:46.739+0100] {logging_mixin.py:188} INFO - [2024-01-31T11:26:46.738+0100] {dag.py:3033} INFO - Sync 1 DAGs
[2024-01-31T11:26:46.771+0100] {logging_mixin.py:188} INFO - [2024-01-31T11:26:46.771+0100] {dag.py:3820} INFO - Setting next_dagrun for example_setup_teardown to 2024-01-30T00:00:00+00:00, run_after=2024-01-31T00:00:00+00:00
[2024-01-31T11:26:46.822+0100] {processor.py:183} INFO - Processing /home/ubuntu/.local/lib/python3.10/site-packages/airflow/example_dags/example_setup_teardown.py took 0.133 seconds
