[2024-01-31T01:02:00.716+0100] {processor.py:161} INFO - Started process (PID=26553) to work on /home/ubuntu/.local/lib/python3.10/site-packages/airflow/example_dags/example_nested_branch_dag.py
[2024-01-31T01:02:00.717+0100] {processor.py:830} INFO - Processing file /home/ubuntu/.local/lib/python3.10/site-packages/airflow/example_dags/example_nested_branch_dag.py for tasks to queue
[2024-01-31T01:02:00.718+0100] {logging_mixin.py:188} INFO - [2024-01-31T01:02:00.718+0100] {dagbag.py:538} INFO - Filling up the DagBag from /home/ubuntu/.local/lib/python3.10/site-packages/airflow/example_dags/example_nested_branch_dag.py
[2024-01-31T01:02:00.732+0100] {processor.py:840} INFO - DAG(s) 'example_nested_branch_dag' retrieved from /home/ubuntu/.local/lib/python3.10/site-packages/airflow/example_dags/example_nested_branch_dag.py
[2024-01-31T01:02:00.750+0100] {logging_mixin.py:188} INFO - [2024-01-31T01:02:00.750+0100] {dag.py:3033} INFO - Sync 1 DAGs
[2024-01-31T01:02:00.769+0100] {logging_mixin.py:188} INFO - [2024-01-31T01:02:00.769+0100] {dag.py:3820} INFO - Setting next_dagrun for example_nested_branch_dag to 2024-01-30T00:00:00+00:00, run_after=2024-01-31T00:00:00+00:00
[2024-01-31T01:02:00.801+0100] {processor.py:183} INFO - Processing /home/ubuntu/.local/lib/python3.10/site-packages/airflow/example_dags/example_nested_branch_dag.py took 0.088 seconds
[2024-01-31T10:29:49.316+0100] {processor.py:161} INFO - Started process (PID=26714) to work on /home/ubuntu/.local/lib/python3.10/site-packages/airflow/example_dags/example_nested_branch_dag.py
[2024-01-31T10:29:49.319+0100] {processor.py:830} INFO - Processing file /home/ubuntu/.local/lib/python3.10/site-packages/airflow/example_dags/example_nested_branch_dag.py for tasks to queue
[2024-01-31T10:29:49.320+0100] {logging_mixin.py:188} INFO - [2024-01-31T10:29:49.320+0100] {dagbag.py:538} INFO - Filling up the DagBag from /home/ubuntu/.local/lib/python3.10/site-packages/airflow/example_dags/example_nested_branch_dag.py
[2024-01-31T10:29:49.339+0100] {processor.py:840} INFO - DAG(s) 'example_nested_branch_dag' retrieved from /home/ubuntu/.local/lib/python3.10/site-packages/airflow/example_dags/example_nested_branch_dag.py
[2024-01-31T10:29:49.358+0100] {logging_mixin.py:188} INFO - [2024-01-31T10:29:49.357+0100] {dag.py:3033} INFO - Sync 1 DAGs
[2024-01-31T10:29:49.377+0100] {logging_mixin.py:188} INFO - [2024-01-31T10:29:49.376+0100] {dag.py:3820} INFO - Setting next_dagrun for example_nested_branch_dag to 2024-01-30T00:00:00+00:00, run_after=2024-01-31T00:00:00+00:00
[2024-01-31T10:29:49.402+0100] {processor.py:183} INFO - Processing /home/ubuntu/.local/lib/python3.10/site-packages/airflow/example_dags/example_nested_branch_dag.py took 0.091 seconds
[2024-01-31T10:30:37.833+0100] {processor.py:161} INFO - Started process (PID=26773) to work on /home/ubuntu/.local/lib/python3.10/site-packages/airflow/example_dags/example_nested_branch_dag.py
[2024-01-31T10:30:37.836+0100] {processor.py:830} INFO - Processing file /home/ubuntu/.local/lib/python3.10/site-packages/airflow/example_dags/example_nested_branch_dag.py for tasks to queue
[2024-01-31T10:30:37.837+0100] {logging_mixin.py:188} INFO - [2024-01-31T10:30:37.836+0100] {dagbag.py:538} INFO - Filling up the DagBag from /home/ubuntu/.local/lib/python3.10/site-packages/airflow/example_dags/example_nested_branch_dag.py
[2024-01-31T10:30:37.848+0100] {processor.py:840} INFO - DAG(s) 'example_nested_branch_dag' retrieved from /home/ubuntu/.local/lib/python3.10/site-packages/airflow/example_dags/example_nested_branch_dag.py
[2024-01-31T10:30:37.867+0100] {logging_mixin.py:188} INFO - [2024-01-31T10:30:37.866+0100] {dag.py:3033} INFO - Sync 1 DAGs
[2024-01-31T10:30:37.886+0100] {logging_mixin.py:188} INFO - [2024-01-31T10:30:37.886+0100] {dag.py:3820} INFO - Setting next_dagrun for example_nested_branch_dag to 2024-01-30T00:00:00+00:00, run_after=2024-01-31T00:00:00+00:00
[2024-01-31T10:30:37.915+0100] {processor.py:183} INFO - Processing /home/ubuntu/.local/lib/python3.10/site-packages/airflow/example_dags/example_nested_branch_dag.py took 0.087 seconds
[2024-01-31T10:31:36.897+0100] {processor.py:161} INFO - Started process (PID=26839) to work on /home/ubuntu/.local/lib/python3.10/site-packages/airflow/example_dags/example_nested_branch_dag.py
[2024-01-31T10:31:36.900+0100] {processor.py:830} INFO - Processing file /home/ubuntu/.local/lib/python3.10/site-packages/airflow/example_dags/example_nested_branch_dag.py for tasks to queue
[2024-01-31T10:31:36.900+0100] {logging_mixin.py:188} INFO - [2024-01-31T10:31:36.900+0100] {dagbag.py:538} INFO - Filling up the DagBag from /home/ubuntu/.local/lib/python3.10/site-packages/airflow/example_dags/example_nested_branch_dag.py
[2024-01-31T10:31:36.912+0100] {processor.py:840} INFO - DAG(s) 'example_nested_branch_dag' retrieved from /home/ubuntu/.local/lib/python3.10/site-packages/airflow/example_dags/example_nested_branch_dag.py
[2024-01-31T10:31:36.930+0100] {logging_mixin.py:188} INFO - [2024-01-31T10:31:36.930+0100] {dag.py:3033} INFO - Sync 1 DAGs
[2024-01-31T10:31:36.948+0100] {logging_mixin.py:188} INFO - [2024-01-31T10:31:36.947+0100] {dag.py:3820} INFO - Setting next_dagrun for example_nested_branch_dag to 2024-01-30T00:00:00+00:00, run_after=2024-01-31T00:00:00+00:00
[2024-01-31T10:31:36.977+0100] {processor.py:183} INFO - Processing /home/ubuntu/.local/lib/python3.10/site-packages/airflow/example_dags/example_nested_branch_dag.py took 0.084 seconds
[2024-01-31T10:32:34.360+0100] {processor.py:161} INFO - Started process (PID=26912) to work on /home/ubuntu/.local/lib/python3.10/site-packages/airflow/example_dags/example_nested_branch_dag.py
[2024-01-31T10:32:34.362+0100] {processor.py:830} INFO - Processing file /home/ubuntu/.local/lib/python3.10/site-packages/airflow/example_dags/example_nested_branch_dag.py for tasks to queue
[2024-01-31T10:32:34.363+0100] {logging_mixin.py:188} INFO - [2024-01-31T10:32:34.363+0100] {dagbag.py:538} INFO - Filling up the DagBag from /home/ubuntu/.local/lib/python3.10/site-packages/airflow/example_dags/example_nested_branch_dag.py
[2024-01-31T10:32:34.375+0100] {processor.py:840} INFO - DAG(s) 'example_nested_branch_dag' retrieved from /home/ubuntu/.local/lib/python3.10/site-packages/airflow/example_dags/example_nested_branch_dag.py
[2024-01-31T10:32:34.393+0100] {logging_mixin.py:188} INFO - [2024-01-31T10:32:34.393+0100] {dag.py:3033} INFO - Sync 1 DAGs
[2024-01-31T10:32:34.417+0100] {logging_mixin.py:188} INFO - [2024-01-31T10:32:34.417+0100] {dag.py:3820} INFO - Setting next_dagrun for example_nested_branch_dag to 2024-01-30T00:00:00+00:00, run_after=2024-01-31T00:00:00+00:00
[2024-01-31T10:32:34.449+0100] {processor.py:183} INFO - Processing /home/ubuntu/.local/lib/python3.10/site-packages/airflow/example_dags/example_nested_branch_dag.py took 0.093 seconds
[2024-01-31T10:33:35.911+0100] {processor.py:161} INFO - Started process (PID=26980) to work on /home/ubuntu/.local/lib/python3.10/site-packages/airflow/example_dags/example_nested_branch_dag.py
[2024-01-31T10:33:35.913+0100] {processor.py:830} INFO - Processing file /home/ubuntu/.local/lib/python3.10/site-packages/airflow/example_dags/example_nested_branch_dag.py for tasks to queue
[2024-01-31T10:33:35.914+0100] {logging_mixin.py:188} INFO - [2024-01-31T10:33:35.913+0100] {dagbag.py:538} INFO - Filling up the DagBag from /home/ubuntu/.local/lib/python3.10/site-packages/airflow/example_dags/example_nested_branch_dag.py
[2024-01-31T10:33:35.926+0100] {processor.py:840} INFO - DAG(s) 'example_nested_branch_dag' retrieved from /home/ubuntu/.local/lib/python3.10/site-packages/airflow/example_dags/example_nested_branch_dag.py
[2024-01-31T10:33:35.944+0100] {logging_mixin.py:188} INFO - [2024-01-31T10:33:35.944+0100] {dag.py:3033} INFO - Sync 1 DAGs
[2024-01-31T10:33:35.963+0100] {logging_mixin.py:188} INFO - [2024-01-31T10:33:35.963+0100] {dag.py:3820} INFO - Setting next_dagrun for example_nested_branch_dag to 2024-01-30T00:00:00+00:00, run_after=2024-01-31T00:00:00+00:00
[2024-01-31T10:33:36.003+0100] {processor.py:183} INFO - Processing /home/ubuntu/.local/lib/python3.10/site-packages/airflow/example_dags/example_nested_branch_dag.py took 0.096 seconds
[2024-01-31T10:34:38.404+0100] {processor.py:161} INFO - Started process (PID=27092) to work on /home/ubuntu/.local/lib/python3.10/site-packages/airflow/example_dags/example_nested_branch_dag.py
[2024-01-31T10:34:38.407+0100] {processor.py:830} INFO - Processing file /home/ubuntu/.local/lib/python3.10/site-packages/airflow/example_dags/example_nested_branch_dag.py for tasks to queue
[2024-01-31T10:34:38.408+0100] {logging_mixin.py:188} INFO - [2024-01-31T10:34:38.407+0100] {dagbag.py:538} INFO - Filling up the DagBag from /home/ubuntu/.local/lib/python3.10/site-packages/airflow/example_dags/example_nested_branch_dag.py
[2024-01-31T10:34:38.421+0100] {processor.py:840} INFO - DAG(s) 'example_nested_branch_dag' retrieved from /home/ubuntu/.local/lib/python3.10/site-packages/airflow/example_dags/example_nested_branch_dag.py
[2024-01-31T10:34:38.442+0100] {logging_mixin.py:188} INFO - [2024-01-31T10:34:38.442+0100] {dag.py:3033} INFO - Sync 1 DAGs
[2024-01-31T10:34:38.464+0100] {logging_mixin.py:188} INFO - [2024-01-31T10:34:38.464+0100] {dag.py:3820} INFO - Setting next_dagrun for example_nested_branch_dag to 2024-01-30T00:00:00+00:00, run_after=2024-01-31T00:00:00+00:00
[2024-01-31T10:34:38.494+0100] {processor.py:183} INFO - Processing /home/ubuntu/.local/lib/python3.10/site-packages/airflow/example_dags/example_nested_branch_dag.py took 0.094 seconds
[2024-01-31T10:35:44.512+0100] {processor.py:161} INFO - Started process (PID=27166) to work on /home/ubuntu/.local/lib/python3.10/site-packages/airflow/example_dags/example_nested_branch_dag.py
[2024-01-31T10:35:44.514+0100] {processor.py:830} INFO - Processing file /home/ubuntu/.local/lib/python3.10/site-packages/airflow/example_dags/example_nested_branch_dag.py for tasks to queue
[2024-01-31T10:35:44.515+0100] {logging_mixin.py:188} INFO - [2024-01-31T10:35:44.515+0100] {dagbag.py:538} INFO - Filling up the DagBag from /home/ubuntu/.local/lib/python3.10/site-packages/airflow/example_dags/example_nested_branch_dag.py
[2024-01-31T10:35:44.528+0100] {processor.py:840} INFO - DAG(s) 'example_nested_branch_dag' retrieved from /home/ubuntu/.local/lib/python3.10/site-packages/airflow/example_dags/example_nested_branch_dag.py
[2024-01-31T10:35:44.550+0100] {logging_mixin.py:188} INFO - [2024-01-31T10:35:44.549+0100] {dag.py:3033} INFO - Sync 1 DAGs
[2024-01-31T10:35:44.570+0100] {logging_mixin.py:188} INFO - [2024-01-31T10:35:44.570+0100] {dag.py:3820} INFO - Setting next_dagrun for example_nested_branch_dag to 2024-01-30T00:00:00+00:00, run_after=2024-01-31T00:00:00+00:00
[2024-01-31T10:35:44.601+0100] {processor.py:183} INFO - Processing /home/ubuntu/.local/lib/python3.10/site-packages/airflow/example_dags/example_nested_branch_dag.py took 0.093 seconds
[2024-01-31T10:36:35.540+0100] {processor.py:161} INFO - Started process (PID=27223) to work on /home/ubuntu/.local/lib/python3.10/site-packages/airflow/example_dags/example_nested_branch_dag.py
[2024-01-31T10:36:35.542+0100] {processor.py:830} INFO - Processing file /home/ubuntu/.local/lib/python3.10/site-packages/airflow/example_dags/example_nested_branch_dag.py for tasks to queue
[2024-01-31T10:36:35.543+0100] {logging_mixin.py:188} INFO - [2024-01-31T10:36:35.542+0100] {dagbag.py:538} INFO - Filling up the DagBag from /home/ubuntu/.local/lib/python3.10/site-packages/airflow/example_dags/example_nested_branch_dag.py
[2024-01-31T10:36:35.562+0100] {processor.py:840} INFO - DAG(s) 'example_nested_branch_dag' retrieved from /home/ubuntu/.local/lib/python3.10/site-packages/airflow/example_dags/example_nested_branch_dag.py
[2024-01-31T10:36:35.586+0100] {logging_mixin.py:188} INFO - [2024-01-31T10:36:35.585+0100] {dag.py:3033} INFO - Sync 1 DAGs
[2024-01-31T10:36:35.605+0100] {logging_mixin.py:188} INFO - [2024-01-31T10:36:35.604+0100] {dag.py:3820} INFO - Setting next_dagrun for example_nested_branch_dag to 2024-01-30T00:00:00+00:00, run_after=2024-01-31T00:00:00+00:00
[2024-01-31T10:36:35.645+0100] {processor.py:183} INFO - Processing /home/ubuntu/.local/lib/python3.10/site-packages/airflow/example_dags/example_nested_branch_dag.py took 0.110 seconds
[2024-01-31T10:37:39.282+0100] {processor.py:161} INFO - Started process (PID=27298) to work on /home/ubuntu/.local/lib/python3.10/site-packages/airflow/example_dags/example_nested_branch_dag.py
[2024-01-31T10:37:39.284+0100] {processor.py:830} INFO - Processing file /home/ubuntu/.local/lib/python3.10/site-packages/airflow/example_dags/example_nested_branch_dag.py for tasks to queue
[2024-01-31T10:37:39.285+0100] {logging_mixin.py:188} INFO - [2024-01-31T10:37:39.285+0100] {dagbag.py:538} INFO - Filling up the DagBag from /home/ubuntu/.local/lib/python3.10/site-packages/airflow/example_dags/example_nested_branch_dag.py
[2024-01-31T10:37:39.297+0100] {processor.py:840} INFO - DAG(s) 'example_nested_branch_dag' retrieved from /home/ubuntu/.local/lib/python3.10/site-packages/airflow/example_dags/example_nested_branch_dag.py
[2024-01-31T10:37:39.315+0100] {logging_mixin.py:188} INFO - [2024-01-31T10:37:39.315+0100] {dag.py:3033} INFO - Sync 1 DAGs
[2024-01-31T10:37:39.334+0100] {logging_mixin.py:188} INFO - [2024-01-31T10:37:39.334+0100] {dag.py:3820} INFO - Setting next_dagrun for example_nested_branch_dag to 2024-01-30T00:00:00+00:00, run_after=2024-01-31T00:00:00+00:00
[2024-01-31T10:37:39.363+0100] {processor.py:183} INFO - Processing /home/ubuntu/.local/lib/python3.10/site-packages/airflow/example_dags/example_nested_branch_dag.py took 0.085 seconds
[2024-01-31T10:38:43.097+0100] {processor.py:161} INFO - Started process (PID=27369) to work on /home/ubuntu/.local/lib/python3.10/site-packages/airflow/example_dags/example_nested_branch_dag.py
[2024-01-31T10:38:43.099+0100] {processor.py:830} INFO - Processing file /home/ubuntu/.local/lib/python3.10/site-packages/airflow/example_dags/example_nested_branch_dag.py for tasks to queue
[2024-01-31T10:38:43.100+0100] {logging_mixin.py:188} INFO - [2024-01-31T10:38:43.100+0100] {dagbag.py:538} INFO - Filling up the DagBag from /home/ubuntu/.local/lib/python3.10/site-packages/airflow/example_dags/example_nested_branch_dag.py
[2024-01-31T10:38:43.114+0100] {processor.py:840} INFO - DAG(s) 'example_nested_branch_dag' retrieved from /home/ubuntu/.local/lib/python3.10/site-packages/airflow/example_dags/example_nested_branch_dag.py
[2024-01-31T10:38:43.133+0100] {logging_mixin.py:188} INFO - [2024-01-31T10:38:43.133+0100] {dag.py:3033} INFO - Sync 1 DAGs
[2024-01-31T10:38:43.155+0100] {logging_mixin.py:188} INFO - [2024-01-31T10:38:43.155+0100] {dag.py:3820} INFO - Setting next_dagrun for example_nested_branch_dag to 2024-01-30T00:00:00+00:00, run_after=2024-01-31T00:00:00+00:00
[2024-01-31T10:38:43.184+0100] {processor.py:183} INFO - Processing /home/ubuntu/.local/lib/python3.10/site-packages/airflow/example_dags/example_nested_branch_dag.py took 0.091 seconds
[2024-01-31T10:39:46.717+0100] {processor.py:161} INFO - Started process (PID=27446) to work on /home/ubuntu/.local/lib/python3.10/site-packages/airflow/example_dags/example_nested_branch_dag.py
[2024-01-31T10:39:46.719+0100] {processor.py:830} INFO - Processing file /home/ubuntu/.local/lib/python3.10/site-packages/airflow/example_dags/example_nested_branch_dag.py for tasks to queue
[2024-01-31T10:39:46.720+0100] {logging_mixin.py:188} INFO - [2024-01-31T10:39:46.720+0100] {dagbag.py:538} INFO - Filling up the DagBag from /home/ubuntu/.local/lib/python3.10/site-packages/airflow/example_dags/example_nested_branch_dag.py
[2024-01-31T10:39:46.732+0100] {processor.py:840} INFO - DAG(s) 'example_nested_branch_dag' retrieved from /home/ubuntu/.local/lib/python3.10/site-packages/airflow/example_dags/example_nested_branch_dag.py
[2024-01-31T10:39:46.749+0100] {logging_mixin.py:188} INFO - [2024-01-31T10:39:46.749+0100] {dag.py:3033} INFO - Sync 1 DAGs
[2024-01-31T10:39:46.767+0100] {logging_mixin.py:188} INFO - [2024-01-31T10:39:46.767+0100] {dag.py:3820} INFO - Setting next_dagrun for example_nested_branch_dag to 2024-01-30T00:00:00+00:00, run_after=2024-01-31T00:00:00+00:00
[2024-01-31T10:39:46.795+0100] {processor.py:183} INFO - Processing /home/ubuntu/.local/lib/python3.10/site-packages/airflow/example_dags/example_nested_branch_dag.py took 0.081 seconds
[2024-01-31T10:40:46.007+0100] {processor.py:161} INFO - Started process (PID=27516) to work on /home/ubuntu/.local/lib/python3.10/site-packages/airflow/example_dags/example_nested_branch_dag.py
[2024-01-31T10:40:46.010+0100] {processor.py:830} INFO - Processing file /home/ubuntu/.local/lib/python3.10/site-packages/airflow/example_dags/example_nested_branch_dag.py for tasks to queue
[2024-01-31T10:40:46.011+0100] {logging_mixin.py:188} INFO - [2024-01-31T10:40:46.011+0100] {dagbag.py:538} INFO - Filling up the DagBag from /home/ubuntu/.local/lib/python3.10/site-packages/airflow/example_dags/example_nested_branch_dag.py
[2024-01-31T10:40:46.023+0100] {processor.py:840} INFO - DAG(s) 'example_nested_branch_dag' retrieved from /home/ubuntu/.local/lib/python3.10/site-packages/airflow/example_dags/example_nested_branch_dag.py
[2024-01-31T10:40:46.042+0100] {logging_mixin.py:188} INFO - [2024-01-31T10:40:46.042+0100] {dag.py:3033} INFO - Sync 1 DAGs
[2024-01-31T10:40:46.063+0100] {logging_mixin.py:188} INFO - [2024-01-31T10:40:46.063+0100] {dag.py:3820} INFO - Setting next_dagrun for example_nested_branch_dag to 2024-01-30T00:00:00+00:00, run_after=2024-01-31T00:00:00+00:00
[2024-01-31T10:40:46.091+0100] {processor.py:183} INFO - Processing /home/ubuntu/.local/lib/python3.10/site-packages/airflow/example_dags/example_nested_branch_dag.py took 0.088 seconds
[2024-01-31T10:41:45.161+0100] {processor.py:161} INFO - Started process (PID=27587) to work on /home/ubuntu/.local/lib/python3.10/site-packages/airflow/example_dags/example_nested_branch_dag.py
[2024-01-31T10:41:45.163+0100] {processor.py:830} INFO - Processing file /home/ubuntu/.local/lib/python3.10/site-packages/airflow/example_dags/example_nested_branch_dag.py for tasks to queue
[2024-01-31T10:41:45.164+0100] {logging_mixin.py:188} INFO - [2024-01-31T10:41:45.164+0100] {dagbag.py:538} INFO - Filling up the DagBag from /home/ubuntu/.local/lib/python3.10/site-packages/airflow/example_dags/example_nested_branch_dag.py
[2024-01-31T10:41:45.178+0100] {processor.py:840} INFO - DAG(s) 'example_nested_branch_dag' retrieved from /home/ubuntu/.local/lib/python3.10/site-packages/airflow/example_dags/example_nested_branch_dag.py
[2024-01-31T10:41:45.199+0100] {logging_mixin.py:188} INFO - [2024-01-31T10:41:45.199+0100] {dag.py:3033} INFO - Sync 1 DAGs
[2024-01-31T10:41:45.220+0100] {logging_mixin.py:188} INFO - [2024-01-31T10:41:45.220+0100] {dag.py:3820} INFO - Setting next_dagrun for example_nested_branch_dag to 2024-01-30T00:00:00+00:00, run_after=2024-01-31T00:00:00+00:00
[2024-01-31T10:41:45.249+0100] {processor.py:183} INFO - Processing /home/ubuntu/.local/lib/python3.10/site-packages/airflow/example_dags/example_nested_branch_dag.py took 0.092 seconds
[2024-01-31T10:42:46.329+0100] {processor.py:161} INFO - Started process (PID=27663) to work on /home/ubuntu/.local/lib/python3.10/site-packages/airflow/example_dags/example_nested_branch_dag.py
[2024-01-31T10:42:46.331+0100] {processor.py:830} INFO - Processing file /home/ubuntu/.local/lib/python3.10/site-packages/airflow/example_dags/example_nested_branch_dag.py for tasks to queue
[2024-01-31T10:42:46.332+0100] {logging_mixin.py:188} INFO - [2024-01-31T10:42:46.331+0100] {dagbag.py:538} INFO - Filling up the DagBag from /home/ubuntu/.local/lib/python3.10/site-packages/airflow/example_dags/example_nested_branch_dag.py
[2024-01-31T10:42:46.344+0100] {processor.py:840} INFO - DAG(s) 'example_nested_branch_dag' retrieved from /home/ubuntu/.local/lib/python3.10/site-packages/airflow/example_dags/example_nested_branch_dag.py
[2024-01-31T10:42:46.367+0100] {logging_mixin.py:188} INFO - [2024-01-31T10:42:46.367+0100] {dag.py:3033} INFO - Sync 1 DAGs
[2024-01-31T10:42:46.386+0100] {logging_mixin.py:188} INFO - [2024-01-31T10:42:46.386+0100] {dag.py:3820} INFO - Setting next_dagrun for example_nested_branch_dag to 2024-01-30T00:00:00+00:00, run_after=2024-01-31T00:00:00+00:00
[2024-01-31T10:42:46.415+0100] {processor.py:183} INFO - Processing /home/ubuntu/.local/lib/python3.10/site-packages/airflow/example_dags/example_nested_branch_dag.py took 0.090 seconds
[2024-01-31T10:43:41.676+0100] {processor.py:161} INFO - Started process (PID=27728) to work on /home/ubuntu/.local/lib/python3.10/site-packages/airflow/example_dags/example_nested_branch_dag.py
[2024-01-31T10:43:41.679+0100] {processor.py:830} INFO - Processing file /home/ubuntu/.local/lib/python3.10/site-packages/airflow/example_dags/example_nested_branch_dag.py for tasks to queue
[2024-01-31T10:43:41.680+0100] {logging_mixin.py:188} INFO - [2024-01-31T10:43:41.679+0100] {dagbag.py:538} INFO - Filling up the DagBag from /home/ubuntu/.local/lib/python3.10/site-packages/airflow/example_dags/example_nested_branch_dag.py
[2024-01-31T10:43:41.692+0100] {processor.py:840} INFO - DAG(s) 'example_nested_branch_dag' retrieved from /home/ubuntu/.local/lib/python3.10/site-packages/airflow/example_dags/example_nested_branch_dag.py
[2024-01-31T10:43:41.710+0100] {logging_mixin.py:188} INFO - [2024-01-31T10:43:41.710+0100] {dag.py:3033} INFO - Sync 1 DAGs
[2024-01-31T10:43:41.728+0100] {logging_mixin.py:188} INFO - [2024-01-31T10:43:41.728+0100] {dag.py:3820} INFO - Setting next_dagrun for example_nested_branch_dag to 2024-01-30T00:00:00+00:00, run_after=2024-01-31T00:00:00+00:00
[2024-01-31T10:43:41.759+0100] {processor.py:183} INFO - Processing /home/ubuntu/.local/lib/python3.10/site-packages/airflow/example_dags/example_nested_branch_dag.py took 0.086 seconds
[2024-01-31T10:44:42.185+0100] {processor.py:161} INFO - Started process (PID=27801) to work on /home/ubuntu/.local/lib/python3.10/site-packages/airflow/example_dags/example_nested_branch_dag.py
[2024-01-31T10:44:42.187+0100] {processor.py:830} INFO - Processing file /home/ubuntu/.local/lib/python3.10/site-packages/airflow/example_dags/example_nested_branch_dag.py for tasks to queue
[2024-01-31T10:44:42.188+0100] {logging_mixin.py:188} INFO - [2024-01-31T10:44:42.188+0100] {dagbag.py:538} INFO - Filling up the DagBag from /home/ubuntu/.local/lib/python3.10/site-packages/airflow/example_dags/example_nested_branch_dag.py
[2024-01-31T10:44:42.200+0100] {processor.py:840} INFO - DAG(s) 'example_nested_branch_dag' retrieved from /home/ubuntu/.local/lib/python3.10/site-packages/airflow/example_dags/example_nested_branch_dag.py
[2024-01-31T10:44:42.219+0100] {logging_mixin.py:188} INFO - [2024-01-31T10:44:42.219+0100] {dag.py:3033} INFO - Sync 1 DAGs
[2024-01-31T10:44:42.240+0100] {logging_mixin.py:188} INFO - [2024-01-31T10:44:42.240+0100] {dag.py:3820} INFO - Setting next_dagrun for example_nested_branch_dag to 2024-01-30T00:00:00+00:00, run_after=2024-01-31T00:00:00+00:00
[2024-01-31T10:44:42.280+0100] {processor.py:183} INFO - Processing /home/ubuntu/.local/lib/python3.10/site-packages/airflow/example_dags/example_nested_branch_dag.py took 0.099 seconds
[2024-01-31T10:45:45.575+0100] {processor.py:161} INFO - Started process (PID=27872) to work on /home/ubuntu/.local/lib/python3.10/site-packages/airflow/example_dags/example_nested_branch_dag.py
[2024-01-31T10:45:45.577+0100] {processor.py:830} INFO - Processing file /home/ubuntu/.local/lib/python3.10/site-packages/airflow/example_dags/example_nested_branch_dag.py for tasks to queue
[2024-01-31T10:45:45.579+0100] {logging_mixin.py:188} INFO - [2024-01-31T10:45:45.578+0100] {dagbag.py:538} INFO - Filling up the DagBag from /home/ubuntu/.local/lib/python3.10/site-packages/airflow/example_dags/example_nested_branch_dag.py
[2024-01-31T10:45:45.590+0100] {processor.py:840} INFO - DAG(s) 'example_nested_branch_dag' retrieved from /home/ubuntu/.local/lib/python3.10/site-packages/airflow/example_dags/example_nested_branch_dag.py
[2024-01-31T10:45:45.614+0100] {logging_mixin.py:188} INFO - [2024-01-31T10:45:45.613+0100] {dag.py:3033} INFO - Sync 1 DAGs
[2024-01-31T10:45:45.633+0100] {logging_mixin.py:188} INFO - [2024-01-31T10:45:45.633+0100] {dag.py:3820} INFO - Setting next_dagrun for example_nested_branch_dag to 2024-01-30T00:00:00+00:00, run_after=2024-01-31T00:00:00+00:00
[2024-01-31T10:45:45.661+0100] {processor.py:183} INFO - Processing /home/ubuntu/.local/lib/python3.10/site-packages/airflow/example_dags/example_nested_branch_dag.py took 0.090 seconds
[2024-01-31T10:46:42.859+0100] {processor.py:161} INFO - Started process (PID=27940) to work on /home/ubuntu/.local/lib/python3.10/site-packages/airflow/example_dags/example_nested_branch_dag.py
[2024-01-31T10:46:42.860+0100] {processor.py:830} INFO - Processing file /home/ubuntu/.local/lib/python3.10/site-packages/airflow/example_dags/example_nested_branch_dag.py for tasks to queue
[2024-01-31T10:46:42.861+0100] {logging_mixin.py:188} INFO - [2024-01-31T10:46:42.861+0100] {dagbag.py:538} INFO - Filling up the DagBag from /home/ubuntu/.local/lib/python3.10/site-packages/airflow/example_dags/example_nested_branch_dag.py
[2024-01-31T10:46:42.874+0100] {processor.py:840} INFO - DAG(s) 'example_nested_branch_dag' retrieved from /home/ubuntu/.local/lib/python3.10/site-packages/airflow/example_dags/example_nested_branch_dag.py
[2024-01-31T10:46:42.893+0100] {logging_mixin.py:188} INFO - [2024-01-31T10:46:42.893+0100] {dag.py:3033} INFO - Sync 1 DAGs
[2024-01-31T10:46:42.913+0100] {logging_mixin.py:188} INFO - [2024-01-31T10:46:42.912+0100] {dag.py:3820} INFO - Setting next_dagrun for example_nested_branch_dag to 2024-01-30T00:00:00+00:00, run_after=2024-01-31T00:00:00+00:00
[2024-01-31T10:46:42.944+0100] {processor.py:183} INFO - Processing /home/ubuntu/.local/lib/python3.10/site-packages/airflow/example_dags/example_nested_branch_dag.py took 0.090 seconds
[2024-01-31T10:47:44.547+0100] {processor.py:161} INFO - Started process (PID=28014) to work on /home/ubuntu/.local/lib/python3.10/site-packages/airflow/example_dags/example_nested_branch_dag.py
[2024-01-31T10:47:44.549+0100] {processor.py:830} INFO - Processing file /home/ubuntu/.local/lib/python3.10/site-packages/airflow/example_dags/example_nested_branch_dag.py for tasks to queue
[2024-01-31T10:47:44.550+0100] {logging_mixin.py:188} INFO - [2024-01-31T10:47:44.550+0100] {dagbag.py:538} INFO - Filling up the DagBag from /home/ubuntu/.local/lib/python3.10/site-packages/airflow/example_dags/example_nested_branch_dag.py
[2024-01-31T10:47:44.561+0100] {processor.py:840} INFO - DAG(s) 'example_nested_branch_dag' retrieved from /home/ubuntu/.local/lib/python3.10/site-packages/airflow/example_dags/example_nested_branch_dag.py
[2024-01-31T10:47:44.578+0100] {logging_mixin.py:188} INFO - [2024-01-31T10:47:44.578+0100] {dag.py:3033} INFO - Sync 1 DAGs
[2024-01-31T10:47:44.596+0100] {logging_mixin.py:188} INFO - [2024-01-31T10:47:44.596+0100] {dag.py:3820} INFO - Setting next_dagrun for example_nested_branch_dag to 2024-01-30T00:00:00+00:00, run_after=2024-01-31T00:00:00+00:00
[2024-01-31T10:47:44.627+0100] {processor.py:183} INFO - Processing /home/ubuntu/.local/lib/python3.10/site-packages/airflow/example_dags/example_nested_branch_dag.py took 0.084 seconds
[2024-01-31T10:48:47.673+0100] {processor.py:161} INFO - Started process (PID=28083) to work on /home/ubuntu/.local/lib/python3.10/site-packages/airflow/example_dags/example_nested_branch_dag.py
[2024-01-31T10:48:47.675+0100] {processor.py:830} INFO - Processing file /home/ubuntu/.local/lib/python3.10/site-packages/airflow/example_dags/example_nested_branch_dag.py for tasks to queue
[2024-01-31T10:48:47.677+0100] {logging_mixin.py:188} INFO - [2024-01-31T10:48:47.676+0100] {dagbag.py:538} INFO - Filling up the DagBag from /home/ubuntu/.local/lib/python3.10/site-packages/airflow/example_dags/example_nested_branch_dag.py
[2024-01-31T10:48:47.693+0100] {processor.py:840} INFO - DAG(s) 'example_nested_branch_dag' retrieved from /home/ubuntu/.local/lib/python3.10/site-packages/airflow/example_dags/example_nested_branch_dag.py
[2024-01-31T10:48:47.725+0100] {logging_mixin.py:188} INFO - [2024-01-31T10:48:47.724+0100] {dag.py:3033} INFO - Sync 1 DAGs
[2024-01-31T10:48:47.758+0100] {logging_mixin.py:188} INFO - [2024-01-31T10:48:47.758+0100] {dag.py:3820} INFO - Setting next_dagrun for example_nested_branch_dag to 2024-01-30T00:00:00+00:00, run_after=2024-01-31T00:00:00+00:00
[2024-01-31T10:48:47.794+0100] {processor.py:183} INFO - Processing /home/ubuntu/.local/lib/python3.10/site-packages/airflow/example_dags/example_nested_branch_dag.py took 0.127 seconds
[2024-01-31T10:49:50.328+0100] {processor.py:161} INFO - Started process (PID=28159) to work on /home/ubuntu/.local/lib/python3.10/site-packages/airflow/example_dags/example_nested_branch_dag.py
[2024-01-31T10:49:50.331+0100] {processor.py:830} INFO - Processing file /home/ubuntu/.local/lib/python3.10/site-packages/airflow/example_dags/example_nested_branch_dag.py for tasks to queue
[2024-01-31T10:49:50.331+0100] {logging_mixin.py:188} INFO - [2024-01-31T10:49:50.331+0100] {dagbag.py:538} INFO - Filling up the DagBag from /home/ubuntu/.local/lib/python3.10/site-packages/airflow/example_dags/example_nested_branch_dag.py
[2024-01-31T10:49:50.342+0100] {processor.py:840} INFO - DAG(s) 'example_nested_branch_dag' retrieved from /home/ubuntu/.local/lib/python3.10/site-packages/airflow/example_dags/example_nested_branch_dag.py
[2024-01-31T10:49:50.362+0100] {logging_mixin.py:188} INFO - [2024-01-31T10:49:50.362+0100] {dag.py:3033} INFO - Sync 1 DAGs
[2024-01-31T10:49:50.386+0100] {logging_mixin.py:188} INFO - [2024-01-31T10:49:50.386+0100] {dag.py:3820} INFO - Setting next_dagrun for example_nested_branch_dag to 2024-01-30T00:00:00+00:00, run_after=2024-01-31T00:00:00+00:00
[2024-01-31T10:49:50.423+0100] {processor.py:183} INFO - Processing /home/ubuntu/.local/lib/python3.10/site-packages/airflow/example_dags/example_nested_branch_dag.py took 0.099 seconds
[2024-01-31T10:50:48.472+0100] {processor.py:161} INFO - Started process (PID=28224) to work on /home/ubuntu/.local/lib/python3.10/site-packages/airflow/example_dags/example_nested_branch_dag.py
[2024-01-31T10:50:48.475+0100] {processor.py:830} INFO - Processing file /home/ubuntu/.local/lib/python3.10/site-packages/airflow/example_dags/example_nested_branch_dag.py for tasks to queue
[2024-01-31T10:50:48.476+0100] {logging_mixin.py:188} INFO - [2024-01-31T10:50:48.476+0100] {dagbag.py:538} INFO - Filling up the DagBag from /home/ubuntu/.local/lib/python3.10/site-packages/airflow/example_dags/example_nested_branch_dag.py
[2024-01-31T10:50:48.489+0100] {processor.py:840} INFO - DAG(s) 'example_nested_branch_dag' retrieved from /home/ubuntu/.local/lib/python3.10/site-packages/airflow/example_dags/example_nested_branch_dag.py
[2024-01-31T10:50:48.510+0100] {logging_mixin.py:188} INFO - [2024-01-31T10:50:48.510+0100] {dag.py:3033} INFO - Sync 1 DAGs
[2024-01-31T10:50:48.544+0100] {logging_mixin.py:188} INFO - [2024-01-31T10:50:48.544+0100] {dag.py:3820} INFO - Setting next_dagrun for example_nested_branch_dag to 2024-01-30T00:00:00+00:00, run_after=2024-01-31T00:00:00+00:00
[2024-01-31T10:50:48.591+0100] {processor.py:183} INFO - Processing /home/ubuntu/.local/lib/python3.10/site-packages/airflow/example_dags/example_nested_branch_dag.py took 0.122 seconds
[2024-01-31T10:51:50.445+0100] {processor.py:161} INFO - Started process (PID=28295) to work on /home/ubuntu/.local/lib/python3.10/site-packages/airflow/example_dags/example_nested_branch_dag.py
[2024-01-31T10:51:50.447+0100] {processor.py:830} INFO - Processing file /home/ubuntu/.local/lib/python3.10/site-packages/airflow/example_dags/example_nested_branch_dag.py for tasks to queue
[2024-01-31T10:51:50.448+0100] {logging_mixin.py:188} INFO - [2024-01-31T10:51:50.447+0100] {dagbag.py:538} INFO - Filling up the DagBag from /home/ubuntu/.local/lib/python3.10/site-packages/airflow/example_dags/example_nested_branch_dag.py
[2024-01-31T10:51:50.459+0100] {processor.py:840} INFO - DAG(s) 'example_nested_branch_dag' retrieved from /home/ubuntu/.local/lib/python3.10/site-packages/airflow/example_dags/example_nested_branch_dag.py
[2024-01-31T10:51:50.477+0100] {logging_mixin.py:188} INFO - [2024-01-31T10:51:50.476+0100] {dag.py:3033} INFO - Sync 1 DAGs
[2024-01-31T10:51:50.494+0100] {logging_mixin.py:188} INFO - [2024-01-31T10:51:50.494+0100] {dag.py:3820} INFO - Setting next_dagrun for example_nested_branch_dag to 2024-01-30T00:00:00+00:00, run_after=2024-01-31T00:00:00+00:00
[2024-01-31T10:51:50.523+0100] {processor.py:183} INFO - Processing /home/ubuntu/.local/lib/python3.10/site-packages/airflow/example_dags/example_nested_branch_dag.py took 0.082 seconds
[2024-01-31T10:52:51.656+0100] {processor.py:161} INFO - Started process (PID=28371) to work on /home/ubuntu/.local/lib/python3.10/site-packages/airflow/example_dags/example_nested_branch_dag.py
[2024-01-31T10:52:51.658+0100] {processor.py:830} INFO - Processing file /home/ubuntu/.local/lib/python3.10/site-packages/airflow/example_dags/example_nested_branch_dag.py for tasks to queue
[2024-01-31T10:52:51.659+0100] {logging_mixin.py:188} INFO - [2024-01-31T10:52:51.659+0100] {dagbag.py:538} INFO - Filling up the DagBag from /home/ubuntu/.local/lib/python3.10/site-packages/airflow/example_dags/example_nested_branch_dag.py
[2024-01-31T10:52:51.670+0100] {processor.py:840} INFO - DAG(s) 'example_nested_branch_dag' retrieved from /home/ubuntu/.local/lib/python3.10/site-packages/airflow/example_dags/example_nested_branch_dag.py
[2024-01-31T10:52:51.689+0100] {logging_mixin.py:188} INFO - [2024-01-31T10:52:51.689+0100] {dag.py:3033} INFO - Sync 1 DAGs
[2024-01-31T10:52:51.708+0100] {logging_mixin.py:188} INFO - [2024-01-31T10:52:51.708+0100] {dag.py:3820} INFO - Setting next_dagrun for example_nested_branch_dag to 2024-01-30T00:00:00+00:00, run_after=2024-01-31T00:00:00+00:00
[2024-01-31T10:52:51.735+0100] {processor.py:183} INFO - Processing /home/ubuntu/.local/lib/python3.10/site-packages/airflow/example_dags/example_nested_branch_dag.py took 0.083 seconds
[2024-01-31T10:53:55.414+0100] {processor.py:161} INFO - Started process (PID=28441) to work on /home/ubuntu/.local/lib/python3.10/site-packages/airflow/example_dags/example_nested_branch_dag.py
[2024-01-31T10:53:55.416+0100] {processor.py:830} INFO - Processing file /home/ubuntu/.local/lib/python3.10/site-packages/airflow/example_dags/example_nested_branch_dag.py for tasks to queue
[2024-01-31T10:53:55.417+0100] {logging_mixin.py:188} INFO - [2024-01-31T10:53:55.417+0100] {dagbag.py:538} INFO - Filling up the DagBag from /home/ubuntu/.local/lib/python3.10/site-packages/airflow/example_dags/example_nested_branch_dag.py
[2024-01-31T10:53:55.429+0100] {processor.py:840} INFO - DAG(s) 'example_nested_branch_dag' retrieved from /home/ubuntu/.local/lib/python3.10/site-packages/airflow/example_dags/example_nested_branch_dag.py
[2024-01-31T10:53:55.448+0100] {logging_mixin.py:188} INFO - [2024-01-31T10:53:55.448+0100] {dag.py:3033} INFO - Sync 1 DAGs
[2024-01-31T10:53:55.467+0100] {logging_mixin.py:188} INFO - [2024-01-31T10:53:55.467+0100] {dag.py:3820} INFO - Setting next_dagrun for example_nested_branch_dag to 2024-01-30T00:00:00+00:00, run_after=2024-01-31T00:00:00+00:00
[2024-01-31T10:53:55.495+0100] {processor.py:183} INFO - Processing /home/ubuntu/.local/lib/python3.10/site-packages/airflow/example_dags/example_nested_branch_dag.py took 0.085 seconds
[2024-01-31T10:54:56.925+0100] {processor.py:161} INFO - Started process (PID=28516) to work on /home/ubuntu/.local/lib/python3.10/site-packages/airflow/example_dags/example_nested_branch_dag.py
[2024-01-31T10:54:56.927+0100] {processor.py:830} INFO - Processing file /home/ubuntu/.local/lib/python3.10/site-packages/airflow/example_dags/example_nested_branch_dag.py for tasks to queue
[2024-01-31T10:54:56.928+0100] {logging_mixin.py:188} INFO - [2024-01-31T10:54:56.928+0100] {dagbag.py:538} INFO - Filling up the DagBag from /home/ubuntu/.local/lib/python3.10/site-packages/airflow/example_dags/example_nested_branch_dag.py
[2024-01-31T10:54:56.952+0100] {processor.py:840} INFO - DAG(s) 'example_nested_branch_dag' retrieved from /home/ubuntu/.local/lib/python3.10/site-packages/airflow/example_dags/example_nested_branch_dag.py
[2024-01-31T10:54:56.971+0100] {logging_mixin.py:188} INFO - [2024-01-31T10:54:56.970+0100] {dag.py:3033} INFO - Sync 1 DAGs
[2024-01-31T10:54:56.988+0100] {logging_mixin.py:188} INFO - [2024-01-31T10:54:56.988+0100] {dag.py:3820} INFO - Setting next_dagrun for example_nested_branch_dag to 2024-01-30T00:00:00+00:00, run_after=2024-01-31T00:00:00+00:00
[2024-01-31T10:54:57.020+0100] {processor.py:183} INFO - Processing /home/ubuntu/.local/lib/python3.10/site-packages/airflow/example_dags/example_nested_branch_dag.py took 0.100 seconds
[2024-01-31T10:56:02.741+0100] {processor.py:161} INFO - Started process (PID=28592) to work on /home/ubuntu/.local/lib/python3.10/site-packages/airflow/example_dags/example_nested_branch_dag.py
[2024-01-31T10:56:02.743+0100] {processor.py:830} INFO - Processing file /home/ubuntu/.local/lib/python3.10/site-packages/airflow/example_dags/example_nested_branch_dag.py for tasks to queue
[2024-01-31T10:56:02.745+0100] {logging_mixin.py:188} INFO - [2024-01-31T10:56:02.744+0100] {dagbag.py:538} INFO - Filling up the DagBag from /home/ubuntu/.local/lib/python3.10/site-packages/airflow/example_dags/example_nested_branch_dag.py
[2024-01-31T10:56:02.758+0100] {processor.py:840} INFO - DAG(s) 'example_nested_branch_dag' retrieved from /home/ubuntu/.local/lib/python3.10/site-packages/airflow/example_dags/example_nested_branch_dag.py
[2024-01-31T10:56:02.779+0100] {logging_mixin.py:188} INFO - [2024-01-31T10:56:02.779+0100] {dag.py:3033} INFO - Sync 1 DAGs
[2024-01-31T10:56:02.797+0100] {logging_mixin.py:188} INFO - [2024-01-31T10:56:02.797+0100] {dag.py:3820} INFO - Setting next_dagrun for example_nested_branch_dag to 2024-01-30T00:00:00+00:00, run_after=2024-01-31T00:00:00+00:00
[2024-01-31T10:56:02.826+0100] {processor.py:183} INFO - Processing /home/ubuntu/.local/lib/python3.10/site-packages/airflow/example_dags/example_nested_branch_dag.py took 0.089 seconds
[2024-01-31T10:57:07.006+0100] {processor.py:161} INFO - Started process (PID=28670) to work on /home/ubuntu/.local/lib/python3.10/site-packages/airflow/example_dags/example_nested_branch_dag.py
[2024-01-31T10:57:07.008+0100] {processor.py:830} INFO - Processing file /home/ubuntu/.local/lib/python3.10/site-packages/airflow/example_dags/example_nested_branch_dag.py for tasks to queue
[2024-01-31T10:57:07.010+0100] {logging_mixin.py:188} INFO - [2024-01-31T10:57:07.009+0100] {dagbag.py:538} INFO - Filling up the DagBag from /home/ubuntu/.local/lib/python3.10/site-packages/airflow/example_dags/example_nested_branch_dag.py
[2024-01-31T10:57:07.022+0100] {processor.py:840} INFO - DAG(s) 'example_nested_branch_dag' retrieved from /home/ubuntu/.local/lib/python3.10/site-packages/airflow/example_dags/example_nested_branch_dag.py
[2024-01-31T10:57:07.045+0100] {logging_mixin.py:188} INFO - [2024-01-31T10:57:07.045+0100] {dag.py:3033} INFO - Sync 1 DAGs
[2024-01-31T10:57:07.063+0100] {logging_mixin.py:188} INFO - [2024-01-31T10:57:07.063+0100] {dag.py:3820} INFO - Setting next_dagrun for example_nested_branch_dag to 2024-01-30T00:00:00+00:00, run_after=2024-01-31T00:00:00+00:00
[2024-01-31T10:57:07.091+0100] {processor.py:183} INFO - Processing /home/ubuntu/.local/lib/python3.10/site-packages/airflow/example_dags/example_nested_branch_dag.py took 0.088 seconds
[2024-01-31T10:58:05.051+0100] {processor.py:161} INFO - Started process (PID=28738) to work on /home/ubuntu/.local/lib/python3.10/site-packages/airflow/example_dags/example_nested_branch_dag.py
[2024-01-31T10:58:05.052+0100] {processor.py:830} INFO - Processing file /home/ubuntu/.local/lib/python3.10/site-packages/airflow/example_dags/example_nested_branch_dag.py for tasks to queue
[2024-01-31T10:58:05.053+0100] {logging_mixin.py:188} INFO - [2024-01-31T10:58:05.053+0100] {dagbag.py:538} INFO - Filling up the DagBag from /home/ubuntu/.local/lib/python3.10/site-packages/airflow/example_dags/example_nested_branch_dag.py
[2024-01-31T10:58:05.064+0100] {processor.py:840} INFO - DAG(s) 'example_nested_branch_dag' retrieved from /home/ubuntu/.local/lib/python3.10/site-packages/airflow/example_dags/example_nested_branch_dag.py
[2024-01-31T10:58:05.084+0100] {logging_mixin.py:188} INFO - [2024-01-31T10:58:05.084+0100] {dag.py:3033} INFO - Sync 1 DAGs
[2024-01-31T10:58:05.102+0100] {logging_mixin.py:188} INFO - [2024-01-31T10:58:05.102+0100] {dag.py:3820} INFO - Setting next_dagrun for example_nested_branch_dag to 2024-01-30T00:00:00+00:00, run_after=2024-01-31T00:00:00+00:00
[2024-01-31T10:58:05.129+0100] {processor.py:183} INFO - Processing /home/ubuntu/.local/lib/python3.10/site-packages/airflow/example_dags/example_nested_branch_dag.py took 0.082 seconds
[2024-01-31T10:59:04.593+0100] {processor.py:161} INFO - Started process (PID=28810) to work on /home/ubuntu/.local/lib/python3.10/site-packages/airflow/example_dags/example_nested_branch_dag.py
[2024-01-31T10:59:04.595+0100] {processor.py:830} INFO - Processing file /home/ubuntu/.local/lib/python3.10/site-packages/airflow/example_dags/example_nested_branch_dag.py for tasks to queue
[2024-01-31T10:59:04.597+0100] {logging_mixin.py:188} INFO - [2024-01-31T10:59:04.597+0100] {dagbag.py:538} INFO - Filling up the DagBag from /home/ubuntu/.local/lib/python3.10/site-packages/airflow/example_dags/example_nested_branch_dag.py
[2024-01-31T10:59:04.609+0100] {processor.py:840} INFO - DAG(s) 'example_nested_branch_dag' retrieved from /home/ubuntu/.local/lib/python3.10/site-packages/airflow/example_dags/example_nested_branch_dag.py
[2024-01-31T10:59:04.628+0100] {logging_mixin.py:188} INFO - [2024-01-31T10:59:04.627+0100] {dag.py:3033} INFO - Sync 1 DAGs
[2024-01-31T10:59:04.648+0100] {logging_mixin.py:188} INFO - [2024-01-31T10:59:04.647+0100] {dag.py:3820} INFO - Setting next_dagrun for example_nested_branch_dag to 2024-01-30T00:00:00+00:00, run_after=2024-01-31T00:00:00+00:00
[2024-01-31T10:59:04.685+0100] {processor.py:183} INFO - Processing /home/ubuntu/.local/lib/python3.10/site-packages/airflow/example_dags/example_nested_branch_dag.py took 0.096 seconds
[2024-01-31T11:00:08.560+0100] {processor.py:161} INFO - Started process (PID=28881) to work on /home/ubuntu/.local/lib/python3.10/site-packages/airflow/example_dags/example_nested_branch_dag.py
[2024-01-31T11:00:08.563+0100] {processor.py:830} INFO - Processing file /home/ubuntu/.local/lib/python3.10/site-packages/airflow/example_dags/example_nested_branch_dag.py for tasks to queue
[2024-01-31T11:00:08.564+0100] {logging_mixin.py:188} INFO - [2024-01-31T11:00:08.563+0100] {dagbag.py:538} INFO - Filling up the DagBag from /home/ubuntu/.local/lib/python3.10/site-packages/airflow/example_dags/example_nested_branch_dag.py
[2024-01-31T11:00:08.575+0100] {processor.py:840} INFO - DAG(s) 'example_nested_branch_dag' retrieved from /home/ubuntu/.local/lib/python3.10/site-packages/airflow/example_dags/example_nested_branch_dag.py
[2024-01-31T11:00:08.594+0100] {logging_mixin.py:188} INFO - [2024-01-31T11:00:08.594+0100] {dag.py:3033} INFO - Sync 1 DAGs
[2024-01-31T11:00:08.613+0100] {logging_mixin.py:188} INFO - [2024-01-31T11:00:08.613+0100] {dag.py:3820} INFO - Setting next_dagrun for example_nested_branch_dag to 2024-01-30T00:00:00+00:00, run_after=2024-01-31T00:00:00+00:00
[2024-01-31T11:00:08.641+0100] {processor.py:183} INFO - Processing /home/ubuntu/.local/lib/python3.10/site-packages/airflow/example_dags/example_nested_branch_dag.py took 0.084 seconds
[2024-01-31T11:01:11.339+0100] {processor.py:161} INFO - Started process (PID=28956) to work on /home/ubuntu/.local/lib/python3.10/site-packages/airflow/example_dags/example_nested_branch_dag.py
[2024-01-31T11:01:11.341+0100] {processor.py:830} INFO - Processing file /home/ubuntu/.local/lib/python3.10/site-packages/airflow/example_dags/example_nested_branch_dag.py for tasks to queue
[2024-01-31T11:01:11.342+0100] {logging_mixin.py:188} INFO - [2024-01-31T11:01:11.342+0100] {dagbag.py:538} INFO - Filling up the DagBag from /home/ubuntu/.local/lib/python3.10/site-packages/airflow/example_dags/example_nested_branch_dag.py
[2024-01-31T11:01:11.354+0100] {processor.py:840} INFO - DAG(s) 'example_nested_branch_dag' retrieved from /home/ubuntu/.local/lib/python3.10/site-packages/airflow/example_dags/example_nested_branch_dag.py
[2024-01-31T11:01:11.372+0100] {logging_mixin.py:188} INFO - [2024-01-31T11:01:11.372+0100] {dag.py:3033} INFO - Sync 1 DAGs
[2024-01-31T11:01:11.391+0100] {logging_mixin.py:188} INFO - [2024-01-31T11:01:11.390+0100] {dag.py:3820} INFO - Setting next_dagrun for example_nested_branch_dag to 2024-01-30T00:00:00+00:00, run_after=2024-01-31T00:00:00+00:00
[2024-01-31T11:01:11.433+0100] {processor.py:183} INFO - Processing /home/ubuntu/.local/lib/python3.10/site-packages/airflow/example_dags/example_nested_branch_dag.py took 0.098 seconds
[2024-01-31T11:02:13.515+0100] {processor.py:161} INFO - Started process (PID=29026) to work on /home/ubuntu/.local/lib/python3.10/site-packages/airflow/example_dags/example_nested_branch_dag.py
[2024-01-31T11:02:13.518+0100] {processor.py:830} INFO - Processing file /home/ubuntu/.local/lib/python3.10/site-packages/airflow/example_dags/example_nested_branch_dag.py for tasks to queue
[2024-01-31T11:02:13.519+0100] {logging_mixin.py:188} INFO - [2024-01-31T11:02:13.519+0100] {dagbag.py:538} INFO - Filling up the DagBag from /home/ubuntu/.local/lib/python3.10/site-packages/airflow/example_dags/example_nested_branch_dag.py
[2024-01-31T11:02:13.533+0100] {processor.py:840} INFO - DAG(s) 'example_nested_branch_dag' retrieved from /home/ubuntu/.local/lib/python3.10/site-packages/airflow/example_dags/example_nested_branch_dag.py
[2024-01-31T11:02:13.548+0100] {logging_mixin.py:188} INFO - [2024-01-31T11:02:13.548+0100] {dag.py:3033} INFO - Sync 1 DAGs
[2024-01-31T11:02:13.563+0100] {logging_mixin.py:188} INFO - [2024-01-31T11:02:13.563+0100] {dag.py:3820} INFO - Setting next_dagrun for example_nested_branch_dag to 2024-01-30T00:00:00+00:00, run_after=2024-01-31T00:00:00+00:00
[2024-01-31T11:02:13.615+0100] {processor.py:183} INFO - Processing /home/ubuntu/.local/lib/python3.10/site-packages/airflow/example_dags/example_nested_branch_dag.py took 0.103 seconds
[2024-01-31T11:03:13.849+0100] {processor.py:161} INFO - Started process (PID=29101) to work on /home/ubuntu/.local/lib/python3.10/site-packages/airflow/example_dags/example_nested_branch_dag.py
[2024-01-31T11:03:13.857+0100] {processor.py:830} INFO - Processing file /home/ubuntu/.local/lib/python3.10/site-packages/airflow/example_dags/example_nested_branch_dag.py for tasks to queue
[2024-01-31T11:03:13.859+0100] {logging_mixin.py:188} INFO - [2024-01-31T11:03:13.858+0100] {dagbag.py:538} INFO - Filling up the DagBag from /home/ubuntu/.local/lib/python3.10/site-packages/airflow/example_dags/example_nested_branch_dag.py
[2024-01-31T11:03:13.870+0100] {processor.py:840} INFO - DAG(s) 'example_nested_branch_dag' retrieved from /home/ubuntu/.local/lib/python3.10/site-packages/airflow/example_dags/example_nested_branch_dag.py
[2024-01-31T11:03:13.900+0100] {logging_mixin.py:188} INFO - [2024-01-31T11:03:13.900+0100] {dag.py:3033} INFO - Sync 1 DAGs
[2024-01-31T11:03:13.920+0100] {logging_mixin.py:188} INFO - [2024-01-31T11:03:13.919+0100] {dag.py:3820} INFO - Setting next_dagrun for example_nested_branch_dag to 2024-01-30T00:00:00+00:00, run_after=2024-01-31T00:00:00+00:00
[2024-01-31T11:03:13.948+0100] {processor.py:183} INFO - Processing /home/ubuntu/.local/lib/python3.10/site-packages/airflow/example_dags/example_nested_branch_dag.py took 0.103 seconds
[2024-01-31T11:04:14.893+0100] {processor.py:161} INFO - Started process (PID=29178) to work on /home/ubuntu/.local/lib/python3.10/site-packages/airflow/example_dags/example_nested_branch_dag.py
[2024-01-31T11:04:14.895+0100] {processor.py:830} INFO - Processing file /home/ubuntu/.local/lib/python3.10/site-packages/airflow/example_dags/example_nested_branch_dag.py for tasks to queue
[2024-01-31T11:04:14.896+0100] {logging_mixin.py:188} INFO - [2024-01-31T11:04:14.896+0100] {dagbag.py:538} INFO - Filling up the DagBag from /home/ubuntu/.local/lib/python3.10/site-packages/airflow/example_dags/example_nested_branch_dag.py
[2024-01-31T11:04:14.908+0100] {processor.py:840} INFO - DAG(s) 'example_nested_branch_dag' retrieved from /home/ubuntu/.local/lib/python3.10/site-packages/airflow/example_dags/example_nested_branch_dag.py
[2024-01-31T11:04:14.927+0100] {logging_mixin.py:188} INFO - [2024-01-31T11:04:14.926+0100] {dag.py:3033} INFO - Sync 1 DAGs
[2024-01-31T11:04:14.946+0100] {logging_mixin.py:188} INFO - [2024-01-31T11:04:14.946+0100] {dag.py:3820} INFO - Setting next_dagrun for example_nested_branch_dag to 2024-01-30T00:00:00+00:00, run_after=2024-01-31T00:00:00+00:00
[2024-01-31T11:04:14.974+0100] {processor.py:183} INFO - Processing /home/ubuntu/.local/lib/python3.10/site-packages/airflow/example_dags/example_nested_branch_dag.py took 0.085 seconds
[2024-01-31T11:05:16.741+0100] {processor.py:161} INFO - Started process (PID=29252) to work on /home/ubuntu/.local/lib/python3.10/site-packages/airflow/example_dags/example_nested_branch_dag.py
[2024-01-31T11:05:16.743+0100] {processor.py:830} INFO - Processing file /home/ubuntu/.local/lib/python3.10/site-packages/airflow/example_dags/example_nested_branch_dag.py for tasks to queue
[2024-01-31T11:05:16.744+0100] {logging_mixin.py:188} INFO - [2024-01-31T11:05:16.744+0100] {dagbag.py:538} INFO - Filling up the DagBag from /home/ubuntu/.local/lib/python3.10/site-packages/airflow/example_dags/example_nested_branch_dag.py
[2024-01-31T11:05:16.756+0100] {processor.py:840} INFO - DAG(s) 'example_nested_branch_dag' retrieved from /home/ubuntu/.local/lib/python3.10/site-packages/airflow/example_dags/example_nested_branch_dag.py
[2024-01-31T11:05:16.776+0100] {logging_mixin.py:188} INFO - [2024-01-31T11:05:16.776+0100] {dag.py:3033} INFO - Sync 1 DAGs
[2024-01-31T11:05:16.794+0100] {logging_mixin.py:188} INFO - [2024-01-31T11:05:16.794+0100] {dag.py:3820} INFO - Setting next_dagrun for example_nested_branch_dag to 2024-01-30T00:00:00+00:00, run_after=2024-01-31T00:00:00+00:00
[2024-01-31T11:05:16.819+0100] {processor.py:183} INFO - Processing /home/ubuntu/.local/lib/python3.10/site-packages/airflow/example_dags/example_nested_branch_dag.py took 0.083 seconds
[2024-01-31T11:06:13.607+0100] {processor.py:161} INFO - Started process (PID=29322) to work on /home/ubuntu/.local/lib/python3.10/site-packages/airflow/example_dags/example_nested_branch_dag.py
[2024-01-31T11:06:13.620+0100] {processor.py:830} INFO - Processing file /home/ubuntu/.local/lib/python3.10/site-packages/airflow/example_dags/example_nested_branch_dag.py for tasks to queue
[2024-01-31T11:06:13.621+0100] {logging_mixin.py:188} INFO - [2024-01-31T11:06:13.620+0100] {dagbag.py:538} INFO - Filling up the DagBag from /home/ubuntu/.local/lib/python3.10/site-packages/airflow/example_dags/example_nested_branch_dag.py
[2024-01-31T11:06:13.632+0100] {processor.py:840} INFO - DAG(s) 'example_nested_branch_dag' retrieved from /home/ubuntu/.local/lib/python3.10/site-packages/airflow/example_dags/example_nested_branch_dag.py
[2024-01-31T11:06:13.650+0100] {logging_mixin.py:188} INFO - [2024-01-31T11:06:13.650+0100] {dag.py:3033} INFO - Sync 1 DAGs
[2024-01-31T11:06:13.673+0100] {logging_mixin.py:188} INFO - [2024-01-31T11:06:13.673+0100] {dag.py:3820} INFO - Setting next_dagrun for example_nested_branch_dag to 2024-01-30T00:00:00+00:00, run_after=2024-01-31T00:00:00+00:00
[2024-01-31T11:06:13.705+0100] {processor.py:183} INFO - Processing /home/ubuntu/.local/lib/python3.10/site-packages/airflow/example_dags/example_nested_branch_dag.py took 0.102 seconds
[2024-01-31T11:07:16.306+0100] {processor.py:161} INFO - Started process (PID=29393) to work on /home/ubuntu/.local/lib/python3.10/site-packages/airflow/example_dags/example_nested_branch_dag.py
[2024-01-31T11:07:16.308+0100] {processor.py:830} INFO - Processing file /home/ubuntu/.local/lib/python3.10/site-packages/airflow/example_dags/example_nested_branch_dag.py for tasks to queue
[2024-01-31T11:07:16.309+0100] {logging_mixin.py:188} INFO - [2024-01-31T11:07:16.309+0100] {dagbag.py:538} INFO - Filling up the DagBag from /home/ubuntu/.local/lib/python3.10/site-packages/airflow/example_dags/example_nested_branch_dag.py
[2024-01-31T11:07:16.322+0100] {processor.py:840} INFO - DAG(s) 'example_nested_branch_dag' retrieved from /home/ubuntu/.local/lib/python3.10/site-packages/airflow/example_dags/example_nested_branch_dag.py
[2024-01-31T11:07:16.344+0100] {logging_mixin.py:188} INFO - [2024-01-31T11:07:16.344+0100] {dag.py:3033} INFO - Sync 1 DAGs
[2024-01-31T11:07:16.364+0100] {logging_mixin.py:188} INFO - [2024-01-31T11:07:16.364+0100] {dag.py:3820} INFO - Setting next_dagrun for example_nested_branch_dag to 2024-01-30T00:00:00+00:00, run_after=2024-01-31T00:00:00+00:00
[2024-01-31T11:07:16.392+0100] {processor.py:183} INFO - Processing /home/ubuntu/.local/lib/python3.10/site-packages/airflow/example_dags/example_nested_branch_dag.py took 0.090 seconds
[2024-01-31T11:08:17.104+0100] {processor.py:161} INFO - Started process (PID=29467) to work on /home/ubuntu/.local/lib/python3.10/site-packages/airflow/example_dags/example_nested_branch_dag.py
[2024-01-31T11:08:17.106+0100] {processor.py:830} INFO - Processing file /home/ubuntu/.local/lib/python3.10/site-packages/airflow/example_dags/example_nested_branch_dag.py for tasks to queue
[2024-01-31T11:08:17.107+0100] {logging_mixin.py:188} INFO - [2024-01-31T11:08:17.107+0100] {dagbag.py:538} INFO - Filling up the DagBag from /home/ubuntu/.local/lib/python3.10/site-packages/airflow/example_dags/example_nested_branch_dag.py
[2024-01-31T11:08:17.117+0100] {processor.py:840} INFO - DAG(s) 'example_nested_branch_dag' retrieved from /home/ubuntu/.local/lib/python3.10/site-packages/airflow/example_dags/example_nested_branch_dag.py
[2024-01-31T11:08:17.132+0100] {logging_mixin.py:188} INFO - [2024-01-31T11:08:17.132+0100] {dag.py:3033} INFO - Sync 1 DAGs
[2024-01-31T11:08:17.148+0100] {logging_mixin.py:188} INFO - [2024-01-31T11:08:17.147+0100] {dag.py:3820} INFO - Setting next_dagrun for example_nested_branch_dag to 2024-01-30T00:00:00+00:00, run_after=2024-01-31T00:00:00+00:00
[2024-01-31T11:08:17.176+0100] {processor.py:183} INFO - Processing /home/ubuntu/.local/lib/python3.10/site-packages/airflow/example_dags/example_nested_branch_dag.py took 0.076 seconds
[2024-01-31T11:09:23.287+0100] {processor.py:161} INFO - Started process (PID=29538) to work on /home/ubuntu/.local/lib/python3.10/site-packages/airflow/example_dags/example_nested_branch_dag.py
[2024-01-31T11:09:23.289+0100] {processor.py:830} INFO - Processing file /home/ubuntu/.local/lib/python3.10/site-packages/airflow/example_dags/example_nested_branch_dag.py for tasks to queue
[2024-01-31T11:09:23.290+0100] {logging_mixin.py:188} INFO - [2024-01-31T11:09:23.290+0100] {dagbag.py:538} INFO - Filling up the DagBag from /home/ubuntu/.local/lib/python3.10/site-packages/airflow/example_dags/example_nested_branch_dag.py
[2024-01-31T11:09:23.305+0100] {processor.py:840} INFO - DAG(s) 'example_nested_branch_dag' retrieved from /home/ubuntu/.local/lib/python3.10/site-packages/airflow/example_dags/example_nested_branch_dag.py
[2024-01-31T11:09:23.325+0100] {logging_mixin.py:188} INFO - [2024-01-31T11:09:23.324+0100] {dag.py:3033} INFO - Sync 1 DAGs
[2024-01-31T11:09:23.345+0100] {logging_mixin.py:188} INFO - [2024-01-31T11:09:23.345+0100] {dag.py:3820} INFO - Setting next_dagrun for example_nested_branch_dag to 2024-01-30T00:00:00+00:00, run_after=2024-01-31T00:00:00+00:00
[2024-01-31T11:09:23.376+0100] {processor.py:183} INFO - Processing /home/ubuntu/.local/lib/python3.10/site-packages/airflow/example_dags/example_nested_branch_dag.py took 0.092 seconds
[2024-01-31T11:10:28.451+0100] {processor.py:161} INFO - Started process (PID=29614) to work on /home/ubuntu/.local/lib/python3.10/site-packages/airflow/example_dags/example_nested_branch_dag.py
[2024-01-31T11:10:28.453+0100] {processor.py:830} INFO - Processing file /home/ubuntu/.local/lib/python3.10/site-packages/airflow/example_dags/example_nested_branch_dag.py for tasks to queue
[2024-01-31T11:10:28.455+0100] {logging_mixin.py:188} INFO - [2024-01-31T11:10:28.454+0100] {dagbag.py:538} INFO - Filling up the DagBag from /home/ubuntu/.local/lib/python3.10/site-packages/airflow/example_dags/example_nested_branch_dag.py
[2024-01-31T11:10:28.468+0100] {processor.py:840} INFO - DAG(s) 'example_nested_branch_dag' retrieved from /home/ubuntu/.local/lib/python3.10/site-packages/airflow/example_dags/example_nested_branch_dag.py
[2024-01-31T11:10:28.487+0100] {logging_mixin.py:188} INFO - [2024-01-31T11:10:28.486+0100] {dag.py:3033} INFO - Sync 1 DAGs
[2024-01-31T11:10:28.509+0100] {logging_mixin.py:188} INFO - [2024-01-31T11:10:28.508+0100] {dag.py:3820} INFO - Setting next_dagrun for example_nested_branch_dag to 2024-01-30T00:00:00+00:00, run_after=2024-01-31T00:00:00+00:00
[2024-01-31T11:10:28.539+0100] {processor.py:183} INFO - Processing /home/ubuntu/.local/lib/python3.10/site-packages/airflow/example_dags/example_nested_branch_dag.py took 0.092 seconds
[2024-01-31T11:11:26.753+0100] {processor.py:161} INFO - Started process (PID=29682) to work on /home/ubuntu/.local/lib/python3.10/site-packages/airflow/example_dags/example_nested_branch_dag.py
[2024-01-31T11:11:26.756+0100] {processor.py:830} INFO - Processing file /home/ubuntu/.local/lib/python3.10/site-packages/airflow/example_dags/example_nested_branch_dag.py for tasks to queue
[2024-01-31T11:11:26.757+0100] {logging_mixin.py:188} INFO - [2024-01-31T11:11:26.757+0100] {dagbag.py:538} INFO - Filling up the DagBag from /home/ubuntu/.local/lib/python3.10/site-packages/airflow/example_dags/example_nested_branch_dag.py
[2024-01-31T11:11:26.770+0100] {processor.py:840} INFO - DAG(s) 'example_nested_branch_dag' retrieved from /home/ubuntu/.local/lib/python3.10/site-packages/airflow/example_dags/example_nested_branch_dag.py
[2024-01-31T11:11:26.796+0100] {logging_mixin.py:188} INFO - [2024-01-31T11:11:26.796+0100] {dag.py:3033} INFO - Sync 1 DAGs
[2024-01-31T11:11:26.818+0100] {logging_mixin.py:188} INFO - [2024-01-31T11:11:26.818+0100] {dag.py:3820} INFO - Setting next_dagrun for example_nested_branch_dag to 2024-01-30T00:00:00+00:00, run_after=2024-01-31T00:00:00+00:00
[2024-01-31T11:11:26.848+0100] {processor.py:183} INFO - Processing /home/ubuntu/.local/lib/python3.10/site-packages/airflow/example_dags/example_nested_branch_dag.py took 0.099 seconds
[2024-01-31T11:12:33.188+0100] {processor.py:161} INFO - Started process (PID=29753) to work on /home/ubuntu/.local/lib/python3.10/site-packages/airflow/example_dags/example_nested_branch_dag.py
[2024-01-31T11:12:33.190+0100] {processor.py:830} INFO - Processing file /home/ubuntu/.local/lib/python3.10/site-packages/airflow/example_dags/example_nested_branch_dag.py for tasks to queue
[2024-01-31T11:12:33.191+0100] {logging_mixin.py:188} INFO - [2024-01-31T11:12:33.191+0100] {dagbag.py:538} INFO - Filling up the DagBag from /home/ubuntu/.local/lib/python3.10/site-packages/airflow/example_dags/example_nested_branch_dag.py
[2024-01-31T11:12:33.204+0100] {processor.py:840} INFO - DAG(s) 'example_nested_branch_dag' retrieved from /home/ubuntu/.local/lib/python3.10/site-packages/airflow/example_dags/example_nested_branch_dag.py
[2024-01-31T11:12:33.225+0100] {logging_mixin.py:188} INFO - [2024-01-31T11:12:33.225+0100] {dag.py:3033} INFO - Sync 1 DAGs
[2024-01-31T11:12:33.247+0100] {logging_mixin.py:188} INFO - [2024-01-31T11:12:33.247+0100] {dag.py:3820} INFO - Setting next_dagrun for example_nested_branch_dag to 2024-01-30T00:00:00+00:00, run_after=2024-01-31T00:00:00+00:00
[2024-01-31T11:12:33.278+0100] {processor.py:183} INFO - Processing /home/ubuntu/.local/lib/python3.10/site-packages/airflow/example_dags/example_nested_branch_dag.py took 0.094 seconds
[2024-01-31T11:13:41.949+0100] {processor.py:161} INFO - Started process (PID=29832) to work on /home/ubuntu/.local/lib/python3.10/site-packages/airflow/example_dags/example_nested_branch_dag.py
[2024-01-31T11:13:41.951+0100] {processor.py:830} INFO - Processing file /home/ubuntu/.local/lib/python3.10/site-packages/airflow/example_dags/example_nested_branch_dag.py for tasks to queue
[2024-01-31T11:13:41.952+0100] {logging_mixin.py:188} INFO - [2024-01-31T11:13:41.952+0100] {dagbag.py:538} INFO - Filling up the DagBag from /home/ubuntu/.local/lib/python3.10/site-packages/airflow/example_dags/example_nested_branch_dag.py
[2024-01-31T11:13:41.963+0100] {processor.py:840} INFO - DAG(s) 'example_nested_branch_dag' retrieved from /home/ubuntu/.local/lib/python3.10/site-packages/airflow/example_dags/example_nested_branch_dag.py
[2024-01-31T11:13:41.982+0100] {logging_mixin.py:188} INFO - [2024-01-31T11:13:41.982+0100] {dag.py:3033} INFO - Sync 1 DAGs
[2024-01-31T11:13:42.002+0100] {logging_mixin.py:188} INFO - [2024-01-31T11:13:42.001+0100] {dag.py:3820} INFO - Setting next_dagrun for example_nested_branch_dag to 2024-01-30T00:00:00+00:00, run_after=2024-01-31T00:00:00+00:00
[2024-01-31T11:13:42.030+0100] {processor.py:183} INFO - Processing /home/ubuntu/.local/lib/python3.10/site-packages/airflow/example_dags/example_nested_branch_dag.py took 0.085 seconds
[2024-01-31T11:15:00.925+0100] {processor.py:161} INFO - Started process (PID=30518) to work on /home/ubuntu/.local/lib/python3.10/site-packages/airflow/example_dags/example_nested_branch_dag.py
[2024-01-31T11:15:00.928+0100] {processor.py:830} INFO - Processing file /home/ubuntu/.local/lib/python3.10/site-packages/airflow/example_dags/example_nested_branch_dag.py for tasks to queue
[2024-01-31T11:15:00.929+0100] {logging_mixin.py:188} INFO - [2024-01-31T11:15:00.928+0100] {dagbag.py:538} INFO - Filling up the DagBag from /home/ubuntu/.local/lib/python3.10/site-packages/airflow/example_dags/example_nested_branch_dag.py
[2024-01-31T11:15:00.944+0100] {processor.py:840} INFO - DAG(s) 'example_nested_branch_dag' retrieved from /home/ubuntu/.local/lib/python3.10/site-packages/airflow/example_dags/example_nested_branch_dag.py
[2024-01-31T11:15:00.967+0100] {logging_mixin.py:188} INFO - [2024-01-31T11:15:00.967+0100] {dag.py:3033} INFO - Sync 1 DAGs
[2024-01-31T11:15:00.990+0100] {logging_mixin.py:188} INFO - [2024-01-31T11:15:00.989+0100] {dag.py:3820} INFO - Setting next_dagrun for example_nested_branch_dag to 2024-01-30T00:00:00+00:00, run_after=2024-01-31T00:00:00+00:00
[2024-01-31T11:15:01.027+0100] {processor.py:183} INFO - Processing /home/ubuntu/.local/lib/python3.10/site-packages/airflow/example_dags/example_nested_branch_dag.py took 0.106 seconds
[2024-01-31T11:16:10.884+0100] {processor.py:161} INFO - Started process (PID=30592) to work on /home/ubuntu/.local/lib/python3.10/site-packages/airflow/example_dags/example_nested_branch_dag.py
[2024-01-31T11:16:10.886+0100] {processor.py:830} INFO - Processing file /home/ubuntu/.local/lib/python3.10/site-packages/airflow/example_dags/example_nested_branch_dag.py for tasks to queue
[2024-01-31T11:16:10.888+0100] {logging_mixin.py:188} INFO - [2024-01-31T11:16:10.887+0100] {dagbag.py:538} INFO - Filling up the DagBag from /home/ubuntu/.local/lib/python3.10/site-packages/airflow/example_dags/example_nested_branch_dag.py
[2024-01-31T11:16:10.906+0100] {processor.py:840} INFO - DAG(s) 'example_nested_branch_dag' retrieved from /home/ubuntu/.local/lib/python3.10/site-packages/airflow/example_dags/example_nested_branch_dag.py
[2024-01-31T11:16:10.937+0100] {logging_mixin.py:188} INFO - [2024-01-31T11:16:10.937+0100] {dag.py:3033} INFO - Sync 1 DAGs
[2024-01-31T11:16:10.960+0100] {logging_mixin.py:188} INFO - [2024-01-31T11:16:10.960+0100] {dag.py:3820} INFO - Setting next_dagrun for example_nested_branch_dag to 2024-01-30T00:00:00+00:00, run_after=2024-01-31T00:00:00+00:00
[2024-01-31T11:16:10.993+0100] {processor.py:183} INFO - Processing /home/ubuntu/.local/lib/python3.10/site-packages/airflow/example_dags/example_nested_branch_dag.py took 0.116 seconds
[2024-01-31T11:17:17.712+0100] {processor.py:161} INFO - Started process (PID=30670) to work on /home/ubuntu/.local/lib/python3.10/site-packages/airflow/example_dags/example_nested_branch_dag.py
[2024-01-31T11:17:17.721+0100] {processor.py:830} INFO - Processing file /home/ubuntu/.local/lib/python3.10/site-packages/airflow/example_dags/example_nested_branch_dag.py for tasks to queue
[2024-01-31T11:17:17.727+0100] {logging_mixin.py:188} INFO - [2024-01-31T11:17:17.724+0100] {dagbag.py:538} INFO - Filling up the DagBag from /home/ubuntu/.local/lib/python3.10/site-packages/airflow/example_dags/example_nested_branch_dag.py
[2024-01-31T11:17:17.781+0100] {processor.py:840} INFO - DAG(s) 'example_nested_branch_dag' retrieved from /home/ubuntu/.local/lib/python3.10/site-packages/airflow/example_dags/example_nested_branch_dag.py
[2024-01-31T11:17:17.854+0100] {logging_mixin.py:188} INFO - [2024-01-31T11:17:17.854+0100] {dag.py:3033} INFO - Sync 1 DAGs
[2024-01-31T11:17:17.933+0100] {logging_mixin.py:188} INFO - [2024-01-31T11:17:17.932+0100] {dag.py:3820} INFO - Setting next_dagrun for example_nested_branch_dag to 2024-01-30T00:00:00+00:00, run_after=2024-01-31T00:00:00+00:00
[2024-01-31T11:17:18.034+0100] {processor.py:183} INFO - Processing /home/ubuntu/.local/lib/python3.10/site-packages/airflow/example_dags/example_nested_branch_dag.py took 0.342 seconds
[2024-01-31T11:18:17.287+0100] {processor.py:161} INFO - Started process (PID=30726) to work on /home/ubuntu/.local/lib/python3.10/site-packages/airflow/example_dags/example_nested_branch_dag.py
[2024-01-31T11:18:17.289+0100] {processor.py:830} INFO - Processing file /home/ubuntu/.local/lib/python3.10/site-packages/airflow/example_dags/example_nested_branch_dag.py for tasks to queue
[2024-01-31T11:18:17.290+0100] {logging_mixin.py:188} INFO - [2024-01-31T11:18:17.290+0100] {dagbag.py:538} INFO - Filling up the DagBag from /home/ubuntu/.local/lib/python3.10/site-packages/airflow/example_dags/example_nested_branch_dag.py
[2024-01-31T11:18:17.302+0100] {processor.py:840} INFO - DAG(s) 'example_nested_branch_dag' retrieved from /home/ubuntu/.local/lib/python3.10/site-packages/airflow/example_dags/example_nested_branch_dag.py
[2024-01-31T11:18:17.320+0100] {logging_mixin.py:188} INFO - [2024-01-31T11:18:17.319+0100] {dag.py:3033} INFO - Sync 1 DAGs
[2024-01-31T11:18:17.339+0100] {logging_mixin.py:188} INFO - [2024-01-31T11:18:17.338+0100] {dag.py:3820} INFO - Setting next_dagrun for example_nested_branch_dag to 2024-01-30T00:00:00+00:00, run_after=2024-01-31T00:00:00+00:00
[2024-01-31T11:18:17.371+0100] {processor.py:183} INFO - Processing /home/ubuntu/.local/lib/python3.10/site-packages/airflow/example_dags/example_nested_branch_dag.py took 0.088 seconds
[2024-01-31T11:19:11.723+0100] {processor.py:161} INFO - Started process (PID=30783) to work on /home/ubuntu/.local/lib/python3.10/site-packages/airflow/example_dags/example_nested_branch_dag.py
[2024-01-31T11:19:11.725+0100] {processor.py:830} INFO - Processing file /home/ubuntu/.local/lib/python3.10/site-packages/airflow/example_dags/example_nested_branch_dag.py for tasks to queue
[2024-01-31T11:19:11.726+0100] {logging_mixin.py:188} INFO - [2024-01-31T11:19:11.726+0100] {dagbag.py:538} INFO - Filling up the DagBag from /home/ubuntu/.local/lib/python3.10/site-packages/airflow/example_dags/example_nested_branch_dag.py
[2024-01-31T11:19:11.738+0100] {processor.py:840} INFO - DAG(s) 'example_nested_branch_dag' retrieved from /home/ubuntu/.local/lib/python3.10/site-packages/airflow/example_dags/example_nested_branch_dag.py
[2024-01-31T11:19:11.764+0100] {logging_mixin.py:188} INFO - [2024-01-31T11:19:11.763+0100] {dag.py:3033} INFO - Sync 1 DAGs
[2024-01-31T11:19:11.785+0100] {logging_mixin.py:188} INFO - [2024-01-31T11:19:11.785+0100] {dag.py:3820} INFO - Setting next_dagrun for example_nested_branch_dag to 2024-01-30T00:00:00+00:00, run_after=2024-01-31T00:00:00+00:00
[2024-01-31T11:19:11.813+0100] {processor.py:183} INFO - Processing /home/ubuntu/.local/lib/python3.10/site-packages/airflow/example_dags/example_nested_branch_dag.py took 0.094 seconds
[2024-01-31T11:20:20.931+0100] {processor.py:161} INFO - Started process (PID=30862) to work on /home/ubuntu/.local/lib/python3.10/site-packages/airflow/example_dags/example_nested_branch_dag.py
[2024-01-31T11:20:20.933+0100] {processor.py:830} INFO - Processing file /home/ubuntu/.local/lib/python3.10/site-packages/airflow/example_dags/example_nested_branch_dag.py for tasks to queue
[2024-01-31T11:20:20.934+0100] {logging_mixin.py:188} INFO - [2024-01-31T11:20:20.933+0100] {dagbag.py:538} INFO - Filling up the DagBag from /home/ubuntu/.local/lib/python3.10/site-packages/airflow/example_dags/example_nested_branch_dag.py
[2024-01-31T11:20:20.945+0100] {processor.py:840} INFO - DAG(s) 'example_nested_branch_dag' retrieved from /home/ubuntu/.local/lib/python3.10/site-packages/airflow/example_dags/example_nested_branch_dag.py
[2024-01-31T11:20:20.963+0100] {logging_mixin.py:188} INFO - [2024-01-31T11:20:20.962+0100] {dag.py:3033} INFO - Sync 1 DAGs
[2024-01-31T11:20:20.982+0100] {logging_mixin.py:188} INFO - [2024-01-31T11:20:20.982+0100] {dag.py:3820} INFO - Setting next_dagrun for example_nested_branch_dag to 2024-01-30T00:00:00+00:00, run_after=2024-01-31T00:00:00+00:00
[2024-01-31T11:20:21.012+0100] {processor.py:183} INFO - Processing /home/ubuntu/.local/lib/python3.10/site-packages/airflow/example_dags/example_nested_branch_dag.py took 0.086 seconds
[2024-01-31T11:21:25.547+0100] {processor.py:161} INFO - Started process (PID=30937) to work on /home/ubuntu/.local/lib/python3.10/site-packages/airflow/example_dags/example_nested_branch_dag.py
[2024-01-31T11:21:25.550+0100] {processor.py:830} INFO - Processing file /home/ubuntu/.local/lib/python3.10/site-packages/airflow/example_dags/example_nested_branch_dag.py for tasks to queue
[2024-01-31T11:21:25.551+0100] {logging_mixin.py:188} INFO - [2024-01-31T11:21:25.551+0100] {dagbag.py:538} INFO - Filling up the DagBag from /home/ubuntu/.local/lib/python3.10/site-packages/airflow/example_dags/example_nested_branch_dag.py
[2024-01-31T11:21:25.564+0100] {processor.py:840} INFO - DAG(s) 'example_nested_branch_dag' retrieved from /home/ubuntu/.local/lib/python3.10/site-packages/airflow/example_dags/example_nested_branch_dag.py
[2024-01-31T11:21:25.584+0100] {logging_mixin.py:188} INFO - [2024-01-31T11:21:25.583+0100] {dag.py:3033} INFO - Sync 1 DAGs
[2024-01-31T11:21:25.603+0100] {logging_mixin.py:188} INFO - [2024-01-31T11:21:25.603+0100] {dag.py:3820} INFO - Setting next_dagrun for example_nested_branch_dag to 2024-01-30T00:00:00+00:00, run_after=2024-01-31T00:00:00+00:00
[2024-01-31T11:21:25.632+0100] {processor.py:183} INFO - Processing /home/ubuntu/.local/lib/python3.10/site-packages/airflow/example_dags/example_nested_branch_dag.py took 0.090 seconds
[2024-01-31T11:22:27.591+0100] {processor.py:161} INFO - Started process (PID=31007) to work on /home/ubuntu/.local/lib/python3.10/site-packages/airflow/example_dags/example_nested_branch_dag.py
[2024-01-31T11:22:27.594+0100] {processor.py:830} INFO - Processing file /home/ubuntu/.local/lib/python3.10/site-packages/airflow/example_dags/example_nested_branch_dag.py for tasks to queue
[2024-01-31T11:22:27.595+0100] {logging_mixin.py:188} INFO - [2024-01-31T11:22:27.595+0100] {dagbag.py:538} INFO - Filling up the DagBag from /home/ubuntu/.local/lib/python3.10/site-packages/airflow/example_dags/example_nested_branch_dag.py
[2024-01-31T11:22:27.606+0100] {processor.py:840} INFO - DAG(s) 'example_nested_branch_dag' retrieved from /home/ubuntu/.local/lib/python3.10/site-packages/airflow/example_dags/example_nested_branch_dag.py
[2024-01-31T11:22:27.625+0100] {logging_mixin.py:188} INFO - [2024-01-31T11:22:27.625+0100] {dag.py:3033} INFO - Sync 1 DAGs
[2024-01-31T11:22:27.644+0100] {logging_mixin.py:188} INFO - [2024-01-31T11:22:27.644+0100] {dag.py:3820} INFO - Setting next_dagrun for example_nested_branch_dag to 2024-01-30T00:00:00+00:00, run_after=2024-01-31T00:00:00+00:00
[2024-01-31T11:22:27.674+0100] {processor.py:183} INFO - Processing /home/ubuntu/.local/lib/python3.10/site-packages/airflow/example_dags/example_nested_branch_dag.py took 0.086 seconds
[2024-01-31T11:23:33.388+0100] {processor.py:161} INFO - Started process (PID=31083) to work on /home/ubuntu/.local/lib/python3.10/site-packages/airflow/example_dags/example_nested_branch_dag.py
[2024-01-31T11:23:33.391+0100] {processor.py:830} INFO - Processing file /home/ubuntu/.local/lib/python3.10/site-packages/airflow/example_dags/example_nested_branch_dag.py for tasks to queue
[2024-01-31T11:23:33.392+0100] {logging_mixin.py:188} INFO - [2024-01-31T11:23:33.391+0100] {dagbag.py:538} INFO - Filling up the DagBag from /home/ubuntu/.local/lib/python3.10/site-packages/airflow/example_dags/example_nested_branch_dag.py
[2024-01-31T11:23:33.407+0100] {processor.py:840} INFO - DAG(s) 'example_nested_branch_dag' retrieved from /home/ubuntu/.local/lib/python3.10/site-packages/airflow/example_dags/example_nested_branch_dag.py
[2024-01-31T11:23:33.428+0100] {logging_mixin.py:188} INFO - [2024-01-31T11:23:33.428+0100] {dag.py:3033} INFO - Sync 1 DAGs
[2024-01-31T11:23:33.456+0100] {logging_mixin.py:188} INFO - [2024-01-31T11:23:33.456+0100] {dag.py:3820} INFO - Setting next_dagrun for example_nested_branch_dag to 2024-01-30T00:00:00+00:00, run_after=2024-01-31T00:00:00+00:00
[2024-01-31T11:23:33.486+0100] {processor.py:183} INFO - Processing /home/ubuntu/.local/lib/python3.10/site-packages/airflow/example_dags/example_nested_branch_dag.py took 0.103 seconds
[2024-01-31T11:24:37.271+0100] {processor.py:161} INFO - Started process (PID=31159) to work on /home/ubuntu/.local/lib/python3.10/site-packages/airflow/example_dags/example_nested_branch_dag.py
[2024-01-31T11:24:37.273+0100] {processor.py:830} INFO - Processing file /home/ubuntu/.local/lib/python3.10/site-packages/airflow/example_dags/example_nested_branch_dag.py for tasks to queue
[2024-01-31T11:24:37.274+0100] {logging_mixin.py:188} INFO - [2024-01-31T11:24:37.273+0100] {dagbag.py:538} INFO - Filling up the DagBag from /home/ubuntu/.local/lib/python3.10/site-packages/airflow/example_dags/example_nested_branch_dag.py
[2024-01-31T11:24:37.285+0100] {processor.py:840} INFO - DAG(s) 'example_nested_branch_dag' retrieved from /home/ubuntu/.local/lib/python3.10/site-packages/airflow/example_dags/example_nested_branch_dag.py
[2024-01-31T11:24:37.304+0100] {logging_mixin.py:188} INFO - [2024-01-31T11:24:37.304+0100] {dag.py:3033} INFO - Sync 1 DAGs
[2024-01-31T11:24:37.323+0100] {logging_mixin.py:188} INFO - [2024-01-31T11:24:37.323+0100] {dag.py:3820} INFO - Setting next_dagrun for example_nested_branch_dag to 2024-01-30T00:00:00+00:00, run_after=2024-01-31T00:00:00+00:00
[2024-01-31T11:24:37.466+0100] {processor.py:183} INFO - Processing /home/ubuntu/.local/lib/python3.10/site-packages/airflow/example_dags/example_nested_branch_dag.py took 0.199 seconds
[2024-01-31T11:25:58.059+0100] {processor.py:161} INFO - Started process (PID=31239) to work on /home/ubuntu/.local/lib/python3.10/site-packages/airflow/example_dags/example_nested_branch_dag.py
[2024-01-31T11:25:58.061+0100] {processor.py:830} INFO - Processing file /home/ubuntu/.local/lib/python3.10/site-packages/airflow/example_dags/example_nested_branch_dag.py for tasks to queue
[2024-01-31T11:25:58.062+0100] {logging_mixin.py:188} INFO - [2024-01-31T11:25:58.062+0100] {dagbag.py:538} INFO - Filling up the DagBag from /home/ubuntu/.local/lib/python3.10/site-packages/airflow/example_dags/example_nested_branch_dag.py
[2024-01-31T11:25:58.075+0100] {processor.py:840} INFO - DAG(s) 'example_nested_branch_dag' retrieved from /home/ubuntu/.local/lib/python3.10/site-packages/airflow/example_dags/example_nested_branch_dag.py
[2024-01-31T11:25:58.096+0100] {logging_mixin.py:188} INFO - [2024-01-31T11:25:58.096+0100] {dag.py:3033} INFO - Sync 1 DAGs
[2024-01-31T11:25:58.115+0100] {logging_mixin.py:188} INFO - [2024-01-31T11:25:58.115+0100] {dag.py:3820} INFO - Setting next_dagrun for example_nested_branch_dag to 2024-01-30T00:00:00+00:00, run_after=2024-01-31T00:00:00+00:00
[2024-01-31T11:25:58.148+0100] {processor.py:183} INFO - Processing /home/ubuntu/.local/lib/python3.10/site-packages/airflow/example_dags/example_nested_branch_dag.py took 0.093 seconds
                                                                                                                                                                                                                                                                                                                                                                                                                                                                                                                                                                                                                                                                                                                                                                                                                                                                                                                                                                        