[2024-01-31T01:01:52.963+0100] {processor.py:161} INFO - Started process (PID=26546) to work on /home/ubuntu/.local/lib/python3.10/site-packages/airflow/example_dags/example_params_ui_tutorial.py
[2024-01-31T01:01:52.964+0100] {processor.py:830} INFO - Processing file /home/ubuntu/.local/lib/python3.10/site-packages/airflow/example_dags/example_params_ui_tutorial.py for tasks to queue
[2024-01-31T01:01:52.965+0100] {logging_mixin.py:188} INFO - [2024-01-31T01:01:52.964+0100] {dagbag.py:538} INFO - Filling up the DagBag from /home/ubuntu/.local/lib/python3.10/site-packages/airflow/example_dags/example_params_ui_tutorial.py
[2024-01-31T01:01:52.979+0100] {processor.py:840} INFO - DAG(s) 'example_params_ui_tutorial' retrieved from /home/ubuntu/.local/lib/python3.10/site-packages/airflow/example_dags/example_params_ui_tutorial.py
[2024-01-31T01:01:53.033+0100] {logging_mixin.py:188} INFO - [2024-01-31T01:01:53.032+0100] {dag.py:3033} INFO - Sync 1 DAGs
[2024-01-31T01:01:53.044+0100] {logging_mixin.py:188} INFO - [2024-01-31T01:01:53.044+0100] {dag.py:3820} INFO - Setting next_dagrun for example_params_ui_tutorial to None, run_after=None
[2024-01-31T01:01:53.073+0100] {processor.py:183} INFO - Processing /home/ubuntu/.local/lib/python3.10/site-packages/airflow/example_dags/example_params_ui_tutorial.py took 0.115 seconds
[2024-01-31T10:29:42.813+0100] {processor.py:161} INFO - Started process (PID=26707) to work on /home/ubuntu/.local/lib/python3.10/site-packages/airflow/example_dags/example_params_ui_tutorial.py
[2024-01-31T10:29:42.816+0100] {processor.py:830} INFO - Processing file /home/ubuntu/.local/lib/python3.10/site-packages/airflow/example_dags/example_params_ui_tutorial.py for tasks to queue
[2024-01-31T10:29:42.817+0100] {logging_mixin.py:188} INFO - [2024-01-31T10:29:42.816+0100] {dagbag.py:538} INFO - Filling up the DagBag from /home/ubuntu/.local/lib/python3.10/site-packages/airflow/example_dags/example_params_ui_tutorial.py
[2024-01-31T10:29:42.834+0100] {processor.py:840} INFO - DAG(s) 'example_params_ui_tutorial' retrieved from /home/ubuntu/.local/lib/python3.10/site-packages/airflow/example_dags/example_params_ui_tutorial.py
[2024-01-31T10:29:42.880+0100] {logging_mixin.py:188} INFO - [2024-01-31T10:29:42.879+0100] {dag.py:3033} INFO - Sync 1 DAGs
[2024-01-31T10:29:42.891+0100] {logging_mixin.py:188} INFO - [2024-01-31T10:29:42.890+0100] {dag.py:3820} INFO - Setting next_dagrun for example_params_ui_tutorial to None, run_after=None
[2024-01-31T10:29:42.920+0100] {processor.py:183} INFO - Processing /home/ubuntu/.local/lib/python3.10/site-packages/airflow/example_dags/example_params_ui_tutorial.py took 0.111 seconds
[2024-01-31T10:30:31.167+0100] {processor.py:161} INFO - Started process (PID=26766) to work on /home/ubuntu/.local/lib/python3.10/site-packages/airflow/example_dags/example_params_ui_tutorial.py
[2024-01-31T10:30:31.168+0100] {processor.py:830} INFO - Processing file /home/ubuntu/.local/lib/python3.10/site-packages/airflow/example_dags/example_params_ui_tutorial.py for tasks to queue
[2024-01-31T10:30:31.169+0100] {logging_mixin.py:188} INFO - [2024-01-31T10:30:31.169+0100] {dagbag.py:538} INFO - Filling up the DagBag from /home/ubuntu/.local/lib/python3.10/site-packages/airflow/example_dags/example_params_ui_tutorial.py
[2024-01-31T10:30:31.182+0100] {processor.py:840} INFO - DAG(s) 'example_params_ui_tutorial' retrieved from /home/ubuntu/.local/lib/python3.10/site-packages/airflow/example_dags/example_params_ui_tutorial.py
[2024-01-31T10:30:31.226+0100] {logging_mixin.py:188} INFO - [2024-01-31T10:30:31.226+0100] {dag.py:3033} INFO - Sync 1 DAGs
[2024-01-31T10:30:31.237+0100] {logging_mixin.py:188} INFO - [2024-01-31T10:30:31.237+0100] {dag.py:3820} INFO - Setting next_dagrun for example_params_ui_tutorial to None, run_after=None
[2024-01-31T10:30:31.267+0100] {processor.py:183} INFO - Processing /home/ubuntu/.local/lib/python3.10/site-packages/airflow/example_dags/example_params_ui_tutorial.py took 0.105 seconds
[2024-01-31T10:31:29.326+0100] {processor.py:161} INFO - Started process (PID=26832) to work on /home/ubuntu/.local/lib/python3.10/site-packages/airflow/example_dags/example_params_ui_tutorial.py
[2024-01-31T10:31:29.328+0100] {processor.py:830} INFO - Processing file /home/ubuntu/.local/lib/python3.10/site-packages/airflow/example_dags/example_params_ui_tutorial.py for tasks to queue
[2024-01-31T10:31:29.329+0100] {logging_mixin.py:188} INFO - [2024-01-31T10:31:29.329+0100] {dagbag.py:538} INFO - Filling up the DagBag from /home/ubuntu/.local/lib/python3.10/site-packages/airflow/example_dags/example_params_ui_tutorial.py
[2024-01-31T10:31:29.344+0100] {processor.py:840} INFO - DAG(s) 'example_params_ui_tutorial' retrieved from /home/ubuntu/.local/lib/python3.10/site-packages/airflow/example_dags/example_params_ui_tutorial.py
[2024-01-31T10:31:29.387+0100] {logging_mixin.py:188} INFO - [2024-01-31T10:31:29.387+0100] {dag.py:3033} INFO - Sync 1 DAGs
[2024-01-31T10:31:29.400+0100] {logging_mixin.py:188} INFO - [2024-01-31T10:31:29.400+0100] {dag.py:3820} INFO - Setting next_dagrun for example_params_ui_tutorial to None, run_after=None
[2024-01-31T10:31:29.434+0100] {processor.py:183} INFO - Processing /home/ubuntu/.local/lib/python3.10/site-packages/airflow/example_dags/example_params_ui_tutorial.py took 0.112 seconds
[2024-01-31T10:32:28.059+0100] {processor.py:161} INFO - Started process (PID=26905) to work on /home/ubuntu/.local/lib/python3.10/site-packages/airflow/example_dags/example_params_ui_tutorial.py
[2024-01-31T10:32:28.062+0100] {processor.py:830} INFO - Processing file /home/ubuntu/.local/lib/python3.10/site-packages/airflow/example_dags/example_params_ui_tutorial.py for tasks to queue
[2024-01-31T10:32:28.063+0100] {logging_mixin.py:188} INFO - [2024-01-31T10:32:28.063+0100] {dagbag.py:538} INFO - Filling up the DagBag from /home/ubuntu/.local/lib/python3.10/site-packages/airflow/example_dags/example_params_ui_tutorial.py
[2024-01-31T10:32:28.077+0100] {processor.py:840} INFO - DAG(s) 'example_params_ui_tutorial' retrieved from /home/ubuntu/.local/lib/python3.10/site-packages/airflow/example_dags/example_params_ui_tutorial.py
[2024-01-31T10:32:28.122+0100] {logging_mixin.py:188} INFO - [2024-01-31T10:32:28.122+0100] {dag.py:3033} INFO - Sync 1 DAGs
[2024-01-31T10:32:28.134+0100] {logging_mixin.py:188} INFO - [2024-01-31T10:32:28.134+0100] {dag.py:3820} INFO - Setting next_dagrun for example_params_ui_tutorial to None, run_after=None
[2024-01-31T10:32:28.164+0100] {processor.py:183} INFO - Processing /home/ubuntu/.local/lib/python3.10/site-packages/airflow/example_dags/example_params_ui_tutorial.py took 0.108 seconds
[2024-01-31T10:33:18.859+0100] {processor.py:161} INFO - Started process (PID=26962) to work on /home/ubuntu/.local/lib/python3.10/site-packages/airflow/example_dags/example_params_ui_tutorial.py
[2024-01-31T10:33:18.861+0100] {processor.py:830} INFO - Processing file /home/ubuntu/.local/lib/python3.10/site-packages/airflow/example_dags/example_params_ui_tutorial.py for tasks to queue
[2024-01-31T10:33:18.862+0100] {logging_mixin.py:188} INFO - [2024-01-31T10:33:18.861+0100] {dagbag.py:538} INFO - Filling up the DagBag from /home/ubuntu/.local/lib/python3.10/site-packages/airflow/example_dags/example_params_ui_tutorial.py
[2024-01-31T10:33:18.876+0100] {processor.py:840} INFO - DAG(s) 'example_params_ui_tutorial' retrieved from /home/ubuntu/.local/lib/python3.10/site-packages/airflow/example_dags/example_params_ui_tutorial.py
[2024-01-31T10:33:18.920+0100] {logging_mixin.py:188} INFO - [2024-01-31T10:33:18.919+0100] {dag.py:3033} INFO - Sync 1 DAGs
[2024-01-31T10:33:18.932+0100] {logging_mixin.py:188} INFO - [2024-01-31T10:33:18.932+0100] {dag.py:3820} INFO - Setting next_dagrun for example_params_ui_tutorial to None, run_after=None
[2024-01-31T10:33:18.966+0100] {processor.py:183} INFO - Processing /home/ubuntu/.local/lib/python3.10/site-packages/airflow/example_dags/example_params_ui_tutorial.py took 0.111 seconds
[2024-01-31T10:34:19.050+0100] {processor.py:161} INFO - Started process (PID=27068) to work on /home/ubuntu/.local/lib/python3.10/site-packages/airflow/example_dags/example_params_ui_tutorial.py
[2024-01-31T10:34:19.053+0100] {processor.py:830} INFO - Processing file /home/ubuntu/.local/lib/python3.10/site-packages/airflow/example_dags/example_params_ui_tutorial.py for tasks to queue
[2024-01-31T10:34:19.054+0100] {logging_mixin.py:188} INFO - [2024-01-31T10:34:19.053+0100] {dagbag.py:538} INFO - Filling up the DagBag from /home/ubuntu/.local/lib/python3.10/site-packages/airflow/example_dags/example_params_ui_tutorial.py
[2024-01-31T10:34:19.065+0100] {processor.py:840} INFO - DAG(s) 'example_params_ui_tutorial' retrieved from /home/ubuntu/.local/lib/python3.10/site-packages/airflow/example_dags/example_params_ui_tutorial.py
[2024-01-31T10:34:19.103+0100] {logging_mixin.py:188} INFO - [2024-01-31T10:34:19.103+0100] {dag.py:3033} INFO - Sync 1 DAGs
[2024-01-31T10:34:19.113+0100] {logging_mixin.py:188} INFO - [2024-01-31T10:34:19.113+0100] {dag.py:3820} INFO - Setting next_dagrun for example_params_ui_tutorial to None, run_after=None
[2024-01-31T10:34:19.166+0100] {processor.py:183} INFO - Processing /home/ubuntu/.local/lib/python3.10/site-packages/airflow/example_dags/example_params_ui_tutorial.py took 0.119 seconds
[2024-01-31T10:35:24.101+0100] {processor.py:161} INFO - Started process (PID=27143) to work on /home/ubuntu/.local/lib/python3.10/site-packages/airflow/example_dags/example_params_ui_tutorial.py
[2024-01-31T10:35:24.104+0100] {processor.py:830} INFO - Processing file /home/ubuntu/.local/lib/python3.10/site-packages/airflow/example_dags/example_params_ui_tutorial.py for tasks to queue
[2024-01-31T10:35:24.105+0100] {logging_mixin.py:188} INFO - [2024-01-31T10:35:24.104+0100] {dagbag.py:538} INFO - Filling up the DagBag from /home/ubuntu/.local/lib/python3.10/site-packages/airflow/example_dags/example_params_ui_tutorial.py
[2024-01-31T10:35:24.118+0100] {processor.py:840} INFO - DAG(s) 'example_params_ui_tutorial' retrieved from /home/ubuntu/.local/lib/python3.10/site-packages/airflow/example_dags/example_params_ui_tutorial.py
[2024-01-31T10:35:24.165+0100] {logging_mixin.py:188} INFO - [2024-01-31T10:35:24.164+0100] {dag.py:3033} INFO - Sync 1 DAGs
[2024-01-31T10:35:24.174+0100] {logging_mixin.py:188} INFO - [2024-01-31T10:35:24.174+0100] {dag.py:3820} INFO - Setting next_dagrun for example_params_ui_tutorial to None, run_after=None
[2024-01-31T10:35:24.211+0100] {processor.py:183} INFO - Processing /home/ubuntu/.local/lib/python3.10/site-packages/airflow/example_dags/example_params_ui_tutorial.py took 0.113 seconds
[2024-01-31T10:36:29.222+0100] {processor.py:161} INFO - Started process (PID=27216) to work on /home/ubuntu/.local/lib/python3.10/site-packages/airflow/example_dags/example_params_ui_tutorial.py
[2024-01-31T10:36:29.224+0100] {processor.py:830} INFO - Processing file /home/ubuntu/.local/lib/python3.10/site-packages/airflow/example_dags/example_params_ui_tutorial.py for tasks to queue
[2024-01-31T10:36:29.225+0100] {logging_mixin.py:188} INFO - [2024-01-31T10:36:29.224+0100] {dagbag.py:538} INFO - Filling up the DagBag from /home/ubuntu/.local/lib/python3.10/site-packages/airflow/example_dags/example_params_ui_tutorial.py
[2024-01-31T10:36:29.241+0100] {processor.py:840} INFO - DAG(s) 'example_params_ui_tutorial' retrieved from /home/ubuntu/.local/lib/python3.10/site-packages/airflow/example_dags/example_params_ui_tutorial.py
[2024-01-31T10:36:29.296+0100] {logging_mixin.py:188} INFO - [2024-01-31T10:36:29.295+0100] {dag.py:3033} INFO - Sync 1 DAGs
[2024-01-31T10:36:29.309+0100] {logging_mixin.py:188} INFO - [2024-01-31T10:36:29.309+0100] {dag.py:3820} INFO - Setting next_dagrun for example_params_ui_tutorial to None, run_after=None
[2024-01-31T10:36:29.341+0100] {processor.py:183} INFO - Processing /home/ubuntu/.local/lib/python3.10/site-packages/airflow/example_dags/example_params_ui_tutorial.py took 0.124 seconds
[2024-01-31T10:37:31.521+0100] {processor.py:161} INFO - Started process (PID=27291) to work on /home/ubuntu/.local/lib/python3.10/site-packages/airflow/example_dags/example_params_ui_tutorial.py
[2024-01-31T10:37:31.527+0100] {processor.py:830} INFO - Processing file /home/ubuntu/.local/lib/python3.10/site-packages/airflow/example_dags/example_params_ui_tutorial.py for tasks to queue
[2024-01-31T10:37:31.528+0100] {logging_mixin.py:188} INFO - [2024-01-31T10:37:31.527+0100] {dagbag.py:538} INFO - Filling up the DagBag from /home/ubuntu/.local/lib/python3.10/site-packages/airflow/example_dags/example_params_ui_tutorial.py
[2024-01-31T10:37:31.542+0100] {processor.py:840} INFO - DAG(s) 'example_params_ui_tutorial' retrieved from /home/ubuntu/.local/lib/python3.10/site-packages/airflow/example_dags/example_params_ui_tutorial.py
[2024-01-31T10:37:31.588+0100] {logging_mixin.py:188} INFO - [2024-01-31T10:37:31.587+0100] {dag.py:3033} INFO - Sync 1 DAGs
[2024-01-31T10:37:31.599+0100] {logging_mixin.py:188} INFO - [2024-01-31T10:37:31.599+0100] {dag.py:3820} INFO - Setting next_dagrun for example_params_ui_tutorial to None, run_after=None
[2024-01-31T10:37:31.635+0100] {processor.py:183} INFO - Processing /home/ubuntu/.local/lib/python3.10/site-packages/airflow/example_dags/example_params_ui_tutorial.py took 0.117 seconds
[2024-01-31T10:38:35.868+0100] {processor.py:161} INFO - Started process (PID=27362) to work on /home/ubuntu/.local/lib/python3.10/site-packages/airflow/example_dags/example_params_ui_tutorial.py
[2024-01-31T10:38:35.870+0100] {processor.py:830} INFO - Processing file /home/ubuntu/.local/lib/python3.10/site-packages/airflow/example_dags/example_params_ui_tutorial.py for tasks to queue
[2024-01-31T10:38:35.872+0100] {logging_mixin.py:188} INFO - [2024-01-31T10:38:35.871+0100] {dagbag.py:538} INFO - Filling up the DagBag from /home/ubuntu/.local/lib/python3.10/site-packages/airflow/example_dags/example_params_ui_tutorial.py
[2024-01-31T10:38:35.889+0100] {processor.py:840} INFO - DAG(s) 'example_params_ui_tutorial' retrieved from /home/ubuntu/.local/lib/python3.10/site-packages/airflow/example_dags/example_params_ui_tutorial.py
[2024-01-31T10:38:35.936+0100] {logging_mixin.py:188} INFO - [2024-01-31T10:38:35.935+0100] {dag.py:3033} INFO - Sync 1 DAGs
[2024-01-31T10:38:35.947+0100] {logging_mixin.py:188} INFO - [2024-01-31T10:38:35.947+0100] {dag.py:3820} INFO - Setting next_dagrun for example_params_ui_tutorial to None, run_after=None
[2024-01-31T10:38:35.976+0100] {processor.py:183} INFO - Processing /home/ubuntu/.local/lib/python3.10/site-packages/airflow/example_dags/example_params_ui_tutorial.py took 0.112 seconds
[2024-01-31T10:39:39.155+0100] {processor.py:161} INFO - Started process (PID=27439) to work on /home/ubuntu/.local/lib/python3.10/site-packages/airflow/example_dags/example_params_ui_tutorial.py
[2024-01-31T10:39:39.157+0100] {processor.py:830} INFO - Processing file /home/ubuntu/.local/lib/python3.10/site-packages/airflow/example_dags/example_params_ui_tutorial.py for tasks to queue
[2024-01-31T10:39:39.158+0100] {logging_mixin.py:188} INFO - [2024-01-31T10:39:39.158+0100] {dagbag.py:538} INFO - Filling up the DagBag from /home/ubuntu/.local/lib/python3.10/site-packages/airflow/example_dags/example_params_ui_tutorial.py
[2024-01-31T10:39:39.174+0100] {processor.py:840} INFO - DAG(s) 'example_params_ui_tutorial' retrieved from /home/ubuntu/.local/lib/python3.10/site-packages/airflow/example_dags/example_params_ui_tutorial.py
[2024-01-31T10:39:39.222+0100] {logging_mixin.py:188} INFO - [2024-01-31T10:39:39.222+0100] {dag.py:3033} INFO - Sync 1 DAGs
[2024-01-31T10:39:39.233+0100] {logging_mixin.py:188} INFO - [2024-01-31T10:39:39.233+0100] {dag.py:3820} INFO - Setting next_dagrun for example_params_ui_tutorial to None, run_after=None
[2024-01-31T10:39:39.263+0100] {processor.py:183} INFO - Processing /home/ubuntu/.local/lib/python3.10/site-packages/airflow/example_dags/example_params_ui_tutorial.py took 0.111 seconds
[2024-01-31T10:40:38.669+0100] {processor.py:161} INFO - Started process (PID=27509) to work on /home/ubuntu/.local/lib/python3.10/site-packages/airflow/example_dags/example_params_ui_tutorial.py
[2024-01-31T10:40:38.671+0100] {processor.py:830} INFO - Processing file /home/ubuntu/.local/lib/python3.10/site-packages/airflow/example_dags/example_params_ui_tutorial.py for tasks to queue
[2024-01-31T10:40:38.672+0100] {logging_mixin.py:188} INFO - [2024-01-31T10:40:38.672+0100] {dagbag.py:538} INFO - Filling up the DagBag from /home/ubuntu/.local/lib/python3.10/site-packages/airflow/example_dags/example_params_ui_tutorial.py
[2024-01-31T10:40:38.687+0100] {processor.py:840} INFO - DAG(s) 'example_params_ui_tutorial' retrieved from /home/ubuntu/.local/lib/python3.10/site-packages/airflow/example_dags/example_params_ui_tutorial.py
[2024-01-31T10:40:38.736+0100] {logging_mixin.py:188} INFO - [2024-01-31T10:40:38.736+0100] {dag.py:3033} INFO - Sync 1 DAGs
[2024-01-31T10:40:38.747+0100] {logging_mixin.py:188} INFO - [2024-01-31T10:40:38.747+0100] {dag.py:3820} INFO - Setting next_dagrun for example_params_ui_tutorial to None, run_after=None
[2024-01-31T10:40:38.775+0100] {processor.py:183} INFO - Processing /home/ubuntu/.local/lib/python3.10/site-packages/airflow/example_dags/example_params_ui_tutorial.py took 0.111 seconds
[2024-01-31T10:41:38.103+0100] {processor.py:161} INFO - Started process (PID=27580) to work on /home/ubuntu/.local/lib/python3.10/site-packages/airflow/example_dags/example_params_ui_tutorial.py
[2024-01-31T10:41:38.105+0100] {processor.py:830} INFO - Processing file /home/ubuntu/.local/lib/python3.10/site-packages/airflow/example_dags/example_params_ui_tutorial.py for tasks to queue
[2024-01-31T10:41:38.107+0100] {logging_mixin.py:188} INFO - [2024-01-31T10:41:38.106+0100] {dagbag.py:538} INFO - Filling up the DagBag from /home/ubuntu/.local/lib/python3.10/site-packages/airflow/example_dags/example_params_ui_tutorial.py
[2024-01-31T10:41:38.119+0100] {processor.py:840} INFO - DAG(s) 'example_params_ui_tutorial' retrieved from /home/ubuntu/.local/lib/python3.10/site-packages/airflow/example_dags/example_params_ui_tutorial.py
[2024-01-31T10:41:38.166+0100] {logging_mixin.py:188} INFO - [2024-01-31T10:41:38.165+0100] {dag.py:3033} INFO - Sync 1 DAGs
[2024-01-31T10:41:38.179+0100] {logging_mixin.py:188} INFO - [2024-01-31T10:41:38.179+0100] {dag.py:3820} INFO - Setting next_dagrun for example_params_ui_tutorial to None, run_after=None
[2024-01-31T10:41:38.217+0100] {processor.py:183} INFO - Processing /home/ubuntu/.local/lib/python3.10/site-packages/airflow/example_dags/example_params_ui_tutorial.py took 0.118 seconds
[2024-01-31T10:42:38.997+0100] {processor.py:161} INFO - Started process (PID=27651) to work on /home/ubuntu/.local/lib/python3.10/site-packages/airflow/example_dags/example_params_ui_tutorial.py
[2024-01-31T10:42:39.000+0100] {processor.py:830} INFO - Processing file /home/ubuntu/.local/lib/python3.10/site-packages/airflow/example_dags/example_params_ui_tutorial.py for tasks to queue
[2024-01-31T10:42:39.001+0100] {logging_mixin.py:188} INFO - [2024-01-31T10:42:39.000+0100] {dagbag.py:538} INFO - Filling up the DagBag from /home/ubuntu/.local/lib/python3.10/site-packages/airflow/example_dags/example_params_ui_tutorial.py
[2024-01-31T10:42:39.014+0100] {processor.py:840} INFO - DAG(s) 'example_params_ui_tutorial' retrieved from /home/ubuntu/.local/lib/python3.10/site-packages/airflow/example_dags/example_params_ui_tutorial.py
[2024-01-31T10:42:39.058+0100] {logging_mixin.py:188} INFO - [2024-01-31T10:42:39.058+0100] {dag.py:3033} INFO - Sync 1 DAGs
[2024-01-31T10:42:39.069+0100] {logging_mixin.py:188} INFO - [2024-01-31T10:42:39.069+0100] {dag.py:3820} INFO - Setting next_dagrun for example_params_ui_tutorial to None, run_after=None
[2024-01-31T10:42:39.096+0100] {processor.py:183} INFO - Processing /home/ubuntu/.local/lib/python3.10/site-packages/airflow/example_dags/example_params_ui_tutorial.py took 0.103 seconds
[2024-01-31T10:43:34.205+0100] {processor.py:161} INFO - Started process (PID=27721) to work on /home/ubuntu/.local/lib/python3.10/site-packages/airflow/example_dags/example_params_ui_tutorial.py
[2024-01-31T10:43:34.208+0100] {processor.py:830} INFO - Processing file /home/ubuntu/.local/lib/python3.10/site-packages/airflow/example_dags/example_params_ui_tutorial.py for tasks to queue
[2024-01-31T10:43:34.210+0100] {logging_mixin.py:188} INFO - [2024-01-31T10:43:34.209+0100] {dagbag.py:538} INFO - Filling up the DagBag from /home/ubuntu/.local/lib/python3.10/site-packages/airflow/example_dags/example_params_ui_tutorial.py
[2024-01-31T10:43:34.223+0100] {processor.py:840} INFO - DAG(s) 'example_params_ui_tutorial' retrieved from /home/ubuntu/.local/lib/python3.10/site-packages/airflow/example_dags/example_params_ui_tutorial.py
[2024-01-31T10:43:34.276+0100] {logging_mixin.py:188} INFO - [2024-01-31T10:43:34.276+0100] {dag.py:3033} INFO - Sync 1 DAGs
[2024-01-31T10:43:34.290+0100] {logging_mixin.py:188} INFO - [2024-01-31T10:43:34.290+0100] {dag.py:3820} INFO - Setting next_dagrun for example_params_ui_tutorial to None, run_after=None
[2024-01-31T10:43:34.346+0100] {processor.py:183} INFO - Processing /home/ubuntu/.local/lib/python3.10/site-packages/airflow/example_dags/example_params_ui_tutorial.py took 0.145 seconds
[2024-01-31T10:44:34.703+0100] {processor.py:161} INFO - Started process (PID=27794) to work on /home/ubuntu/.local/lib/python3.10/site-packages/airflow/example_dags/example_params_ui_tutorial.py
[2024-01-31T10:44:34.707+0100] {processor.py:830} INFO - Processing file /home/ubuntu/.local/lib/python3.10/site-packages/airflow/example_dags/example_params_ui_tutorial.py for tasks to queue
[2024-01-31T10:44:34.708+0100] {logging_mixin.py:188} INFO - [2024-01-31T10:44:34.708+0100] {dagbag.py:538} INFO - Filling up the DagBag from /home/ubuntu/.local/lib/python3.10/site-packages/airflow/example_dags/example_params_ui_tutorial.py
[2024-01-31T10:44:34.721+0100] {processor.py:840} INFO - DAG(s) 'example_params_ui_tutorial' retrieved from /home/ubuntu/.local/lib/python3.10/site-packages/airflow/example_dags/example_params_ui_tutorial.py
[2024-01-31T10:44:34.758+0100] {logging_mixin.py:188} INFO - [2024-01-31T10:44:34.758+0100] {dag.py:3033} INFO - Sync 1 DAGs
[2024-01-31T10:44:34.768+0100] {logging_mixin.py:188} INFO - [2024-01-31T10:44:34.768+0100] {dag.py:3820} INFO - Setting next_dagrun for example_params_ui_tutorial to None, run_after=None
[2024-01-31T10:44:34.813+0100] {processor.py:183} INFO - Processing /home/ubuntu/.local/lib/python3.10/site-packages/airflow/example_dags/example_params_ui_tutorial.py took 0.113 seconds
[2024-01-31T10:45:17.976+0100] {processor.py:161} INFO - Started process (PID=27845) to work on /home/ubuntu/.local/lib/python3.10/site-packages/airflow/example_dags/example_params_ui_tutorial.py
[2024-01-31T10:45:17.978+0100] {processor.py:830} INFO - Processing file /home/ubuntu/.local/lib/python3.10/site-packages/airflow/example_dags/example_params_ui_tutorial.py for tasks to queue
[2024-01-31T10:45:17.979+0100] {logging_mixin.py:188} INFO - [2024-01-31T10:45:17.978+0100] {dagbag.py:538} INFO - Filling up the DagBag from /home/ubuntu/.local/lib/python3.10/site-packages/airflow/example_dags/example_params_ui_tutorial.py
[2024-01-31T10:45:17.993+0100] {processor.py:840} INFO - DAG(s) 'example_params_ui_tutorial' retrieved from /home/ubuntu/.local/lib/python3.10/site-packages/airflow/example_dags/example_params_ui_tutorial.py
[2024-01-31T10:45:18.037+0100] {logging_mixin.py:188} INFO - [2024-01-31T10:45:18.037+0100] {dag.py:3033} INFO - Sync 1 DAGs
[2024-01-31T10:45:18.049+0100] {logging_mixin.py:188} INFO - [2024-01-31T10:45:18.048+0100] {dag.py:3820} INFO - Setting next_dagrun for example_params_ui_tutorial to None, run_after=None
[2024-01-31T10:45:18.077+0100] {processor.py:183} INFO - Processing /home/ubuntu/.local/lib/python3.10/site-packages/airflow/example_dags/example_params_ui_tutorial.py took 0.106 seconds
[2024-01-31T10:46:16.749+0100] {processor.py:161} INFO - Started process (PID=27915) to work on /home/ubuntu/.local/lib/python3.10/site-packages/airflow/example_dags/example_params_ui_tutorial.py
[2024-01-31T10:46:16.751+0100] {processor.py:830} INFO - Processing file /home/ubuntu/.local/lib/python3.10/site-packages/airflow/example_dags/example_params_ui_tutorial.py for tasks to queue
[2024-01-31T10:46:16.752+0100] {logging_mixin.py:188} INFO - [2024-01-31T10:46:16.752+0100] {dagbag.py:538} INFO - Filling up the DagBag from /home/ubuntu/.local/lib/python3.10/site-packages/airflow/example_dags/example_params_ui_tutorial.py
[2024-01-31T10:46:16.765+0100] {processor.py:840} INFO - DAG(s) 'example_params_ui_tutorial' retrieved from /home/ubuntu/.local/lib/python3.10/site-packages/airflow/example_dags/example_params_ui_tutorial.py
[2024-01-31T10:46:16.810+0100] {logging_mixin.py:188} INFO - [2024-01-31T10:46:16.810+0100] {dag.py:3033} INFO - Sync 1 DAGs
[2024-01-31T10:46:16.825+0100] {logging_mixin.py:188} INFO - [2024-01-31T10:46:16.825+0100] {dag.py:3820} INFO - Setting next_dagrun for example_params_ui_tutorial to None, run_after=None
[2024-01-31T10:46:16.858+0100] {processor.py:183} INFO - Processing /home/ubuntu/.local/lib/python3.10/site-packages/airflow/example_dags/example_params_ui_tutorial.py took 0.113 seconds
[2024-01-31T10:47:17.771+0100] {processor.py:161} INFO - Started process (PID=27982) to work on /home/ubuntu/.local/lib/python3.10/site-packages/airflow/example_dags/example_params_ui_tutorial.py
[2024-01-31T10:47:17.773+0100] {processor.py:830} INFO - Processing file /home/ubuntu/.local/lib/python3.10/site-packages/airflow/example_dags/example_params_ui_tutorial.py for tasks to queue
[2024-01-31T10:47:17.774+0100] {logging_mixin.py:188} INFO - [2024-01-31T10:47:17.774+0100] {dagbag.py:538} INFO - Filling up the DagBag from /home/ubuntu/.local/lib/python3.10/site-packages/airflow/example_dags/example_params_ui_tutorial.py
[2024-01-31T10:47:17.788+0100] {processor.py:840} INFO - DAG(s) 'example_params_ui_tutorial' retrieved from /home/ubuntu/.local/lib/python3.10/site-packages/airflow/example_dags/example_params_ui_tutorial.py
[2024-01-31T10:47:17.833+0100] {logging_mixin.py:188} INFO - [2024-01-31T10:47:17.832+0100] {dag.py:3033} INFO - Sync 1 DAGs
[2024-01-31T10:47:17.845+0100] {logging_mixin.py:188} INFO - [2024-01-31T10:47:17.845+0100] {dag.py:3820} INFO - Setting next_dagrun for example_params_ui_tutorial to None, run_after=None
[2024-01-31T10:47:17.874+0100] {processor.py:183} INFO - Processing /home/ubuntu/.local/lib/python3.10/site-packages/airflow/example_dags/example_params_ui_tutorial.py took 0.107 seconds
[2024-01-31T10:48:17.697+0100] {processor.py:161} INFO - Started process (PID=28055) to work on /home/ubuntu/.local/lib/python3.10/site-packages/airflow/example_dags/example_params_ui_tutorial.py
[2024-01-31T10:48:17.699+0100] {processor.py:830} INFO - Processing file /home/ubuntu/.local/lib/python3.10/site-packages/airflow/example_dags/example_params_ui_tutorial.py for tasks to queue
[2024-01-31T10:48:17.700+0100] {logging_mixin.py:188} INFO - [2024-01-31T10:48:17.700+0100] {dagbag.py:538} INFO - Filling up the DagBag from /home/ubuntu/.local/lib/python3.10/site-packages/airflow/example_dags/example_params_ui_tutorial.py
[2024-01-31T10:48:17.712+0100] {processor.py:840} INFO - DAG(s) 'example_params_ui_tutorial' retrieved from /home/ubuntu/.local/lib/python3.10/site-packages/airflow/example_dags/example_params_ui_tutorial.py
[2024-01-31T10:48:17.759+0100] {logging_mixin.py:188} INFO - [2024-01-31T10:48:17.758+0100] {dag.py:3033} INFO - Sync 1 DAGs
[2024-01-31T10:48:17.771+0100] {logging_mixin.py:188} INFO - [2024-01-31T10:48:17.771+0100] {dag.py:3820} INFO - Setting next_dagrun for example_params_ui_tutorial to None, run_after=None
[2024-01-31T10:48:17.803+0100] {processor.py:183} INFO - Processing /home/ubuntu/.local/lib/python3.10/site-packages/airflow/example_dags/example_params_ui_tutorial.py took 0.110 seconds
[2024-01-31T10:49:03.940+0100] {processor.py:161} INFO - Started process (PID=28106) to work on /home/ubuntu/.local/lib/python3.10/site-packages/airflow/example_dags/example_params_ui_tutorial.py
[2024-01-31T10:49:03.942+0100] {processor.py:830} INFO - Processing file /home/ubuntu/.local/lib/python3.10/site-packages/airflow/example_dags/example_params_ui_tutorial.py for tasks to queue
[2024-01-31T10:49:03.943+0100] {logging_mixin.py:188} INFO - [2024-01-31T10:49:03.943+0100] {dagbag.py:538} INFO - Filling up the DagBag from /home/ubuntu/.local/lib/python3.10/site-packages/airflow/example_dags/example_params_ui_tutorial.py
[2024-01-31T10:49:03.957+0100] {processor.py:840} INFO - DAG(s) 'example_params_ui_tutorial' retrieved from /home/ubuntu/.local/lib/python3.10/site-packages/airflow/example_dags/example_params_ui_tutorial.py
[2024-01-31T10:49:04.007+0100] {logging_mixin.py:188} INFO - [2024-01-31T10:49:04.007+0100] {dag.py:3033} INFO - Sync 1 DAGs
[2024-01-31T10:49:04.019+0100] {logging_mixin.py:188} INFO - [2024-01-31T10:49:04.019+0100] {dag.py:3820} INFO - Setting next_dagrun for example_params_ui_tutorial to None, run_after=None
[2024-01-31T10:49:04.053+0100] {processor.py:183} INFO - Processing /home/ubuntu/.local/lib/python3.10/site-packages/airflow/example_dags/example_params_ui_tutorial.py took 0.118 seconds
[2024-01-31T10:50:03.226+0100] {processor.py:161} INFO - Started process (PID=28175) to work on /home/ubuntu/.local/lib/python3.10/site-packages/airflow/example_dags/example_params_ui_tutorial.py
[2024-01-31T10:50:03.228+0100] {processor.py:830} INFO - Processing file /home/ubuntu/.local/lib/python3.10/site-packages/airflow/example_dags/example_params_ui_tutorial.py for tasks to queue
[2024-01-31T10:50:03.229+0100] {logging_mixin.py:188} INFO - [2024-01-31T10:50:03.229+0100] {dagbag.py:538} INFO - Filling up the DagBag from /home/ubuntu/.local/lib/python3.10/site-packages/airflow/example_dags/example_params_ui_tutorial.py
[2024-01-31T10:50:03.243+0100] {processor.py:840} INFO - DAG(s) 'example_params_ui_tutorial' retrieved from /home/ubuntu/.local/lib/python3.10/site-packages/airflow/example_dags/example_params_ui_tutorial.py
[2024-01-31T10:50:03.289+0100] {logging_mixin.py:188} INFO - [2024-01-31T10:50:03.289+0100] {dag.py:3033} INFO - Sync 1 DAGs
[2024-01-31T10:50:03.300+0100] {logging_mixin.py:188} INFO - [2024-01-31T10:50:03.300+0100] {dag.py:3820} INFO - Setting next_dagrun for example_params_ui_tutorial to None, run_after=None
[2024-01-31T10:50:03.329+0100] {processor.py:183} INFO - Processing /home/ubuntu/.local/lib/python3.10/site-packages/airflow/example_dags/example_params_ui_tutorial.py took 0.108 seconds
[2024-01-31T10:51:04.052+0100] {processor.py:161} INFO - Started process (PID=28242) to work on /home/ubuntu/.local/lib/python3.10/site-packages/airflow/example_dags/example_params_ui_tutorial.py
[2024-01-31T10:51:04.054+0100] {processor.py:830} INFO - Processing file /home/ubuntu/.local/lib/python3.10/site-packages/airflow/example_dags/example_params_ui_tutorial.py for tasks to queue
[2024-01-31T10:51:04.055+0100] {logging_mixin.py:188} INFO - [2024-01-31T10:51:04.055+0100] {dagbag.py:538} INFO - Filling up the DagBag from /home/ubuntu/.local/lib/python3.10/site-packages/airflow/example_dags/example_params_ui_tutorial.py
[2024-01-31T10:51:04.069+0100] {processor.py:840} INFO - DAG(s) 'example_params_ui_tutorial' retrieved from /home/ubuntu/.local/lib/python3.10/site-packages/airflow/example_dags/example_params_ui_tutorial.py
[2024-01-31T10:51:04.126+0100] {logging_mixin.py:188} INFO - [2024-01-31T10:51:04.125+0100] {dag.py:3033} INFO - Sync 1 DAGs
[2024-01-31T10:51:04.137+0100] {logging_mixin.py:188} INFO - [2024-01-31T10:51:04.137+0100] {dag.py:3820} INFO - Setting next_dagrun for example_params_ui_tutorial to None, run_after=None
[2024-01-31T10:51:04.167+0100] {processor.py:183} INFO - Processing /home/ubuntu/.local/lib/python3.10/site-packages/airflow/example_dags/example_params_ui_tutorial.py took 0.118 seconds
[2024-01-31T10:52:03.298+0100] {processor.py:161} INFO - Started process (PID=28316) to work on /home/ubuntu/.local/lib/python3.10/site-packages/airflow/example_dags/example_params_ui_tutorial.py
[2024-01-31T10:52:03.300+0100] {processor.py:830} INFO - Processing file /home/ubuntu/.local/lib/python3.10/site-packages/airflow/example_dags/example_params_ui_tutorial.py for tasks to queue
[2024-01-31T10:52:03.301+0100] {logging_mixin.py:188} INFO - [2024-01-31T10:52:03.300+0100] {dagbag.py:538} INFO - Filling up the DagBag from /home/ubuntu/.local/lib/python3.10/site-packages/airflow/example_dags/example_params_ui_tutorial.py
[2024-01-31T10:52:03.328+0100] {processor.py:840} INFO - DAG(s) 'example_params_ui_tutorial' retrieved from /home/ubuntu/.local/lib/python3.10/site-packages/airflow/example_dags/example_params_ui_tutorial.py
[2024-01-31T10:52:03.373+0100] {logging_mixin.py:188} INFO - [2024-01-31T10:52:03.373+0100] {dag.py:3033} INFO - Sync 1 DAGs
[2024-01-31T10:52:03.388+0100] {logging_mixin.py:188} INFO - [2024-01-31T10:52:03.388+0100] {dag.py:3820} INFO - Setting next_dagrun for example_params_ui_tutorial to None, run_after=None
[2024-01-31T10:52:03.416+0100] {processor.py:183} INFO - Processing /home/ubuntu/.local/lib/python3.10/site-packages/airflow/example_dags/example_params_ui_tutorial.py took 0.122 seconds
[2024-01-31T10:53:05.653+0100] {processor.py:161} INFO - Started process (PID=28388) to work on /home/ubuntu/.local/lib/python3.10/site-packages/airflow/example_dags/example_params_ui_tutorial.py
[2024-01-31T10:53:05.654+0100] {processor.py:830} INFO - Processing file /home/ubuntu/.local/lib/python3.10/site-packages/airflow/example_dags/example_params_ui_tutorial.py for tasks to queue
[2024-01-31T10:53:05.655+0100] {logging_mixin.py:188} INFO - [2024-01-31T10:53:05.655+0100] {dagbag.py:538} INFO - Filling up the DagBag from /home/ubuntu/.local/lib/python3.10/site-packages/airflow/example_dags/example_params_ui_tutorial.py
[2024-01-31T10:53:05.669+0100] {processor.py:840} INFO - DAG(s) 'example_params_ui_tutorial' retrieved from /home/ubuntu/.local/lib/python3.10/site-packages/airflow/example_dags/example_params_ui_tutorial.py
[2024-01-31T10:53:05.713+0100] {logging_mixin.py:188} INFO - [2024-01-31T10:53:05.713+0100] {dag.py:3033} INFO - Sync 1 DAGs
[2024-01-31T10:53:05.724+0100] {logging_mixin.py:188} INFO - [2024-01-31T10:53:05.724+0100] {dag.py:3820} INFO - Setting next_dagrun for example_params_ui_tutorial to None, run_after=None
[2024-01-31T10:53:05.755+0100] {processor.py:183} INFO - Processing /home/ubuntu/.local/lib/python3.10/site-packages/airflow/example_dags/example_params_ui_tutorial.py took 0.106 seconds
[2024-01-31T10:54:09.512+0100] {processor.py:161} INFO - Started process (PID=28463) to work on /home/ubuntu/.local/lib/python3.10/site-packages/airflow/example_dags/example_params_ui_tutorial.py
[2024-01-31T10:54:09.515+0100] {processor.py:830} INFO - Processing file /home/ubuntu/.local/lib/python3.10/site-packages/airflow/example_dags/example_params_ui_tutorial.py for tasks to queue
[2024-01-31T10:54:09.516+0100] {logging_mixin.py:188} INFO - [2024-01-31T10:54:09.515+0100] {dagbag.py:538} INFO - Filling up the DagBag from /home/ubuntu/.local/lib/python3.10/site-packages/airflow/example_dags/example_params_ui_tutorial.py
[2024-01-31T10:54:09.529+0100] {processor.py:840} INFO - DAG(s) 'example_params_ui_tutorial' retrieved from /home/ubuntu/.local/lib/python3.10/site-packages/airflow/example_dags/example_params_ui_tutorial.py
[2024-01-31T10:54:09.574+0100] {logging_mixin.py:188} INFO - [2024-01-31T10:54:09.574+0100] {dag.py:3033} INFO - Sync 1 DAGs
[2024-01-31T10:54:09.587+0100] {logging_mixin.py:188} INFO - [2024-01-31T10:54:09.587+0100] {dag.py:3820} INFO - Setting next_dagrun for example_params_ui_tutorial to None, run_after=None
[2024-01-31T10:54:09.623+0100] {processor.py:183} INFO - Processing /home/ubuntu/.local/lib/python3.10/site-packages/airflow/example_dags/example_params_ui_tutorial.py took 0.114 seconds
[2024-01-31T10:55:12.380+0100] {processor.py:161} INFO - Started process (PID=28533) to work on /home/ubuntu/.local/lib/python3.10/site-packages/airflow/example_dags/example_params_ui_tutorial.py
[2024-01-31T10:55:12.383+0100] {processor.py:830} INFO - Processing file /home/ubuntu/.local/lib/python3.10/site-packages/airflow/example_dags/example_params_ui_tutorial.py for tasks to queue
[2024-01-31T10:55:12.384+0100] {logging_mixin.py:188} INFO - [2024-01-31T10:55:12.384+0100] {dagbag.py:538} INFO - Filling up the DagBag from /home/ubuntu/.local/lib/python3.10/site-packages/airflow/example_dags/example_params_ui_tutorial.py
[2024-01-31T10:55:12.407+0100] {processor.py:840} INFO - DAG(s) 'example_params_ui_tutorial' retrieved from /home/ubuntu/.local/lib/python3.10/site-packages/airflow/example_dags/example_params_ui_tutorial.py
[2024-01-31T10:55:12.457+0100] {logging_mixin.py:188} INFO - [2024-01-31T10:55:12.456+0100] {dag.py:3033} INFO - Sync 1 DAGs
[2024-01-31T10:55:12.469+0100] {logging_mixin.py:188} INFO - [2024-01-31T10:55:12.469+0100] {dag.py:3820} INFO - Setting next_dagrun for example_params_ui_tutorial to None, run_after=None
[2024-01-31T10:55:12.510+0100] {processor.py:183} INFO - Processing /home/ubuntu/.local/lib/python3.10/site-packages/airflow/example_dags/example_params_ui_tutorial.py took 0.134 seconds
[2024-01-31T10:56:17.312+0100] {processor.py:161} INFO - Started process (PID=28612) to work on /home/ubuntu/.local/lib/python3.10/site-packages/airflow/example_dags/example_params_ui_tutorial.py
[2024-01-31T10:56:17.325+0100] {processor.py:830} INFO - Processing file /home/ubuntu/.local/lib/python3.10/site-packages/airflow/example_dags/example_params_ui_tutorial.py for tasks to queue
[2024-01-31T10:56:17.327+0100] {logging_mixin.py:188} INFO - [2024-01-31T10:56:17.326+0100] {dagbag.py:538} INFO - Filling up the DagBag from /home/ubuntu/.local/lib/python3.10/site-packages/airflow/example_dags/example_params_ui_tutorial.py
[2024-01-31T10:56:17.341+0100] {processor.py:840} INFO - DAG(s) 'example_params_ui_tutorial' retrieved from /home/ubuntu/.local/lib/python3.10/site-packages/airflow/example_dags/example_params_ui_tutorial.py
[2024-01-31T10:56:17.390+0100] {logging_mixin.py:188} INFO - [2024-01-31T10:56:17.390+0100] {dag.py:3033} INFO - Sync 1 DAGs
[2024-01-31T10:56:17.401+0100] {logging_mixin.py:188} INFO - [2024-01-31T10:56:17.401+0100] {dag.py:3820} INFO - Setting next_dagrun for example_params_ui_tutorial to None, run_after=None
[2024-01-31T10:56:17.431+0100] {processor.py:183} INFO - Processing /home/ubuntu/.local/lib/python3.10/site-packages/airflow/example_dags/example_params_ui_tutorial.py took 0.123 seconds
[2024-01-31T10:57:20.858+0100] {processor.py:161} INFO - Started process (PID=28685) to work on /home/ubuntu/.local/lib/python3.10/site-packages/airflow/example_dags/example_params_ui_tutorial.py
[2024-01-31T10:57:20.860+0100] {processor.py:830} INFO - Processing file /home/ubuntu/.local/lib/python3.10/site-packages/airflow/example_dags/example_params_ui_tutorial.py for tasks to queue
[2024-01-31T10:57:20.861+0100] {logging_mixin.py:188} INFO - [2024-01-31T10:57:20.861+0100] {dagbag.py:538} INFO - Filling up the DagBag from /home/ubuntu/.local/lib/python3.10/site-packages/airflow/example_dags/example_params_ui_tutorial.py
[2024-01-31T10:57:20.875+0100] {processor.py:840} INFO - DAG(s) 'example_params_ui_tutorial' retrieved from /home/ubuntu/.local/lib/python3.10/site-packages/airflow/example_dags/example_params_ui_tutorial.py
[2024-01-31T10:57:20.929+0100] {logging_mixin.py:188} INFO - [2024-01-31T10:57:20.929+0100] {dag.py:3033} INFO - Sync 1 DAGs
[2024-01-31T10:57:20.940+0100] {logging_mixin.py:188} INFO - [2024-01-31T10:57:20.940+0100] {dag.py:3820} INFO - Setting next_dagrun for example_params_ui_tutorial to None, run_after=None
[2024-01-31T10:57:20.968+0100] {processor.py:183} INFO - Processing /home/ubuntu/.local/lib/python3.10/site-packages/airflow/example_dags/example_params_ui_tutorial.py took 0.115 seconds
[2024-01-31T10:58:18.115+0100] {processor.py:161} INFO - Started process (PID=28757) to work on /home/ubuntu/.local/lib/python3.10/site-packages/airflow/example_dags/example_params_ui_tutorial.py
[2024-01-31T10:58:18.117+0100] {processor.py:830} INFO - Processing file /home/ubuntu/.local/lib/python3.10/site-packages/airflow/example_dags/example_params_ui_tutorial.py for tasks to queue
[2024-01-31T10:58:18.118+0100] {logging_mixin.py:188} INFO - [2024-01-31T10:58:18.118+0100] {dagbag.py:538} INFO - Filling up the DagBag from /home/ubuntu/.local/lib/python3.10/site-packages/airflow/example_dags/example_params_ui_tutorial.py
[2024-01-31T10:58:18.129+0100] {processor.py:840} INFO - DAG(s) 'example_params_ui_tutorial' retrieved from /home/ubuntu/.local/lib/python3.10/site-packages/airflow/example_dags/example_params_ui_tutorial.py
[2024-01-31T10:58:18.167+0100] {logging_mixin.py:188} INFO - [2024-01-31T10:58:18.167+0100] {dag.py:3033} INFO - Sync 1 DAGs
[2024-01-31T10:58:18.176+0100] {logging_mixin.py:188} INFO - [2024-01-31T10:58:18.176+0100] {dag.py:3820} INFO - Setting next_dagrun for example_params_ui_tutorial to None, run_after=None
[2024-01-31T10:58:18.210+0100] {processor.py:183} INFO - Processing /home/ubuntu/.local/lib/python3.10/site-packages/airflow/example_dags/example_params_ui_tutorial.py took 0.098 seconds
[2024-01-31T10:59:19.277+0100] {processor.py:161} INFO - Started process (PID=28825) to work on /home/ubuntu/.local/lib/python3.10/site-packages/airflow/example_dags/example_params_ui_tutorial.py
[2024-01-31T10:59:19.280+0100] {processor.py:830} INFO - Processing file /home/ubuntu/.local/lib/python3.10/site-packages/airflow/example_dags/example_params_ui_tutorial.py for tasks to queue
[2024-01-31T10:59:19.281+0100] {logging_mixin.py:188} INFO - [2024-01-31T10:59:19.280+0100] {dagbag.py:538} INFO - Filling up the DagBag from /home/ubuntu/.local/lib/python3.10/site-packages/airflow/example_dags/example_params_ui_tutorial.py
[2024-01-31T10:59:19.293+0100] {processor.py:840} INFO - DAG(s) 'example_params_ui_tutorial' retrieved from /home/ubuntu/.local/lib/python3.10/site-packages/airflow/example_dags/example_params_ui_tutorial.py
[2024-01-31T10:59:19.336+0100] {logging_mixin.py:188} INFO - [2024-01-31T10:59:19.336+0100] {dag.py:3033} INFO - Sync 1 DAGs
[2024-01-31T10:59:19.347+0100] {logging_mixin.py:188} INFO - [2024-01-31T10:59:19.347+0100] {dag.py:3820} INFO - Setting next_dagrun for example_params_ui_tutorial to None, run_after=None
[2024-01-31T10:59:19.374+0100] {processor.py:183} INFO - Processing /home/ubuntu/.local/lib/python3.10/site-packages/airflow/example_dags/example_params_ui_tutorial.py took 0.100 seconds
[2024-01-31T11:00:23.716+0100] {processor.py:161} INFO - Started process (PID=28901) to work on /home/ubuntu/.local/lib/python3.10/site-packages/airflow/example_dags/example_params_ui_tutorial.py
[2024-01-31T11:00:23.718+0100] {processor.py:830} INFO - Processing file /home/ubuntu/.local/lib/python3.10/site-packages/airflow/example_dags/example_params_ui_tutorial.py for tasks to queue
[2024-01-31T11:00:23.719+0100] {logging_mixin.py:188} INFO - [2024-01-31T11:00:23.719+0100] {dagbag.py:538} INFO - Filling up the DagBag from /home/ubuntu/.local/lib/python3.10/site-packages/airflow/example_dags/example_params_ui_tutorial.py
[2024-01-31T11:00:23.733+0100] {processor.py:840} INFO - DAG(s) 'example_params_ui_tutorial' retrieved from /home/ubuntu/.local/lib/python3.10/site-packages/airflow/example_dags/example_params_ui_tutorial.py
[2024-01-31T11:00:23.776+0100] {logging_mixin.py:188} INFO - [2024-01-31T11:00:23.776+0100] {dag.py:3033} INFO - Sync 1 DAGs
[2024-01-31T11:00:23.789+0100] {logging_mixin.py:188} INFO - [2024-01-31T11:00:23.789+0100] {dag.py:3820} INFO - Setting next_dagrun for example_params_ui_tutorial to None, run_after=None
[2024-01-31T11:00:23.818+0100] {processor.py:183} INFO - Processing /home/ubuntu/.local/lib/python3.10/site-packages/airflow/example_dags/example_params_ui_tutorial.py took 0.106 seconds
[2024-01-31T11:01:26.474+0100] {processor.py:161} INFO - Started process (PID=28971) to work on /home/ubuntu/.local/lib/python3.10/site-packages/airflow/example_dags/example_params_ui_tutorial.py
[2024-01-31T11:01:26.476+0100] {processor.py:830} INFO - Processing file /home/ubuntu/.local/lib/python3.10/site-packages/airflow/example_dags/example_params_ui_tutorial.py for tasks to queue
[2024-01-31T11:01:26.477+0100] {logging_mixin.py:188} INFO - [2024-01-31T11:01:26.477+0100] {dagbag.py:538} INFO - Filling up the DagBag from /home/ubuntu/.local/lib/python3.10/site-packages/airflow/example_dags/example_params_ui_tutorial.py
[2024-01-31T11:01:26.491+0100] {processor.py:840} INFO - DAG(s) 'example_params_ui_tutorial' retrieved from /home/ubuntu/.local/lib/python3.10/site-packages/airflow/example_dags/example_params_ui_tutorial.py
[2024-01-31T11:01:26.542+0100] {logging_mixin.py:188} INFO - [2024-01-31T11:01:26.542+0100] {dag.py:3033} INFO - Sync 1 DAGs
[2024-01-31T11:01:26.553+0100] {logging_mixin.py:188} INFO - [2024-01-31T11:01:26.553+0100] {dag.py:3820} INFO - Setting next_dagrun for example_params_ui_tutorial to None, run_after=None
[2024-01-31T11:01:26.582+0100] {processor.py:183} INFO - Processing /home/ubuntu/.local/lib/python3.10/site-packages/airflow/example_dags/example_params_ui_tutorial.py took 0.112 seconds
[2024-01-31T11:02:27.151+0100] {processor.py:161} INFO - Started process (PID=29046) to work on /home/ubuntu/.local/lib/python3.10/site-packages/airflow/example_dags/example_params_ui_tutorial.py
[2024-01-31T11:02:27.153+0100] {processor.py:830} INFO - Processing file /home/ubuntu/.local/lib/python3.10/site-packages/airflow/example_dags/example_params_ui_tutorial.py for tasks to queue
[2024-01-31T11:02:27.154+0100] {logging_mixin.py:188} INFO - [2024-01-31T11:02:27.154+0100] {dagbag.py:538} INFO - Filling up the DagBag from /home/ubuntu/.local/lib/python3.10/site-packages/airflow/example_dags/example_params_ui_tutorial.py
[2024-01-31T11:02:27.167+0100] {processor.py:840} INFO - DAG(s) 'example_params_ui_tutorial' retrieved from /home/ubuntu/.local/lib/python3.10/site-packages/airflow/example_dags/example_params_ui_tutorial.py
[2024-01-31T11:02:27.214+0100] {logging_mixin.py:188} INFO - [2024-01-31T11:02:27.214+0100] {dag.py:3033} INFO - Sync 1 DAGs
[2024-01-31T11:02:27.225+0100] {logging_mixin.py:188} INFO - [2024-01-31T11:02:27.225+0100] {dag.py:3820} INFO - Setting next_dagrun for example_params_ui_tutorial to None, run_after=None
[2024-01-31T11:02:27.253+0100] {processor.py:183} INFO - Processing /home/ubuntu/.local/lib/python3.10/site-packages/airflow/example_dags/example_params_ui_tutorial.py took 0.106 seconds
[2024-01-31T11:03:27.125+0100] {processor.py:161} INFO - Started process (PID=29114) to work on /home/ubuntu/.local/lib/python3.10/site-packages/airflow/example_dags/example_params_ui_tutorial.py
[2024-01-31T11:03:27.127+0100] {processor.py:830} INFO - Processing file /home/ubuntu/.local/lib/python3.10/site-packages/airflow/example_dags/example_params_ui_tutorial.py for tasks to queue
[2024-01-31T11:03:27.128+0100] {logging_mixin.py:188} INFO - [2024-01-31T11:03:27.127+0100] {dagbag.py:538} INFO - Filling up the DagBag from /home/ubuntu/.local/lib/python3.10/site-packages/airflow/example_dags/example_params_ui_tutorial.py
[2024-01-31T11:03:27.156+0100] {processor.py:840} INFO - DAG(s) 'example_params_ui_tutorial' retrieved from /home/ubuntu/.local/lib/python3.10/site-packages/airflow/example_dags/example_params_ui_tutorial.py
[2024-01-31T11:03:27.198+0100] {logging_mixin.py:188} INFO - [2024-01-31T11:03:27.198+0100] {dag.py:3033} INFO - Sync 1 DAGs
[2024-01-31T11:03:27.209+0100] {logging_mixin.py:188} INFO - [2024-01-31T11:03:27.209+0100] {dag.py:3820} INFO - Setting next_dagrun for example_params_ui_tutorial to None, run_after=None
[2024-01-31T11:03:27.241+0100] {processor.py:183} INFO - Processing /home/ubuntu/.local/lib/python3.10/site-packages/airflow/example_dags/example_params_ui_tutorial.py took 0.120 seconds
[2024-01-31T11:04:29.717+0100] {processor.py:161} INFO - Started process (PID=29198) to work on /home/ubuntu/.local/lib/python3.10/site-packages/airflow/example_dags/example_params_ui_tutorial.py
[2024-01-31T11:04:29.719+0100] {processor.py:830} INFO - Processing file /home/ubuntu/.local/lib/python3.10/site-packages/airflow/example_dags/example_params_ui_tutorial.py for tasks to queue
[2024-01-31T11:04:29.720+0100] {logging_mixin.py:188} INFO - [2024-01-31T11:04:29.719+0100] {dagbag.py:538} INFO - Filling up the DagBag from /home/ubuntu/.local/lib/python3.10/site-packages/airflow/example_dags/example_params_ui_tutorial.py
[2024-01-31T11:04:29.732+0100] {processor.py:840} INFO - DAG(s) 'example_params_ui_tutorial' retrieved from /home/ubuntu/.local/lib/python3.10/site-packages/airflow/example_dags/example_params_ui_tutorial.py
[2024-01-31T11:04:29.776+0100] {logging_mixin.py:188} INFO - [2024-01-31T11:04:29.776+0100] {dag.py:3033} INFO - Sync 1 DAGs
[2024-01-31T11:04:29.788+0100] {logging_mixin.py:188} INFO - [2024-01-31T11:04:29.788+0100] {dag.py:3820} INFO - Setting next_dagrun for example_params_ui_tutorial to None, run_after=None
[2024-01-31T11:04:29.815+0100] {processor.py:183} INFO - Processing /home/ubuntu/.local/lib/python3.10/site-packages/airflow/example_dags/example_params_ui_tutorial.py took 0.104 seconds
[2024-01-31T11:05:32.050+0100] {processor.py:161} INFO - Started process (PID=29267) to work on /home/ubuntu/.local/lib/python3.10/site-packages/airflow/example_dags/example_params_ui_tutorial.py
[2024-01-31T11:05:32.052+0100] {processor.py:830} INFO - Processing file /home/ubuntu/.local/lib/python3.10/site-packages/airflow/example_dags/example_params_ui_tutorial.py for tasks to queue
[2024-01-31T11:05:32.053+0100] {logging_mixin.py:188} INFO - [2024-01-31T11:05:32.053+0100] {dagbag.py:538} INFO - Filling up the DagBag from /home/ubuntu/.local/lib/python3.10/site-packages/airflow/example_dags/example_params_ui_tutorial.py
[2024-01-31T11:05:32.066+0100] {processor.py:840} INFO - DAG(s) 'example_params_ui_tutorial' retrieved from /home/ubuntu/.local/lib/python3.10/site-packages/airflow/example_dags/example_params_ui_tutorial.py
[2024-01-31T11:05:32.109+0100] {logging_mixin.py:188} INFO - [2024-01-31T11:05:32.109+0100] {dag.py:3033} INFO - Sync 1 DAGs
[2024-01-31T11:05:32.120+0100] {logging_mixin.py:188} INFO - [2024-01-31T11:05:32.120+0100] {dag.py:3820} INFO - Setting next_dagrun for example_params_ui_tutorial to None, run_after=None
[2024-01-31T11:05:32.148+0100] {processor.py:183} INFO - Processing /home/ubuntu/.local/lib/python3.10/site-packages/airflow/example_dags/example_params_ui_tutorial.py took 0.102 seconds
[2024-01-31T11:06:27.639+0100] {processor.py:161} INFO - Started process (PID=29335) to work on /home/ubuntu/.local/lib/python3.10/site-packages/airflow/example_dags/example_params_ui_tutorial.py
[2024-01-31T11:06:27.641+0100] {processor.py:830} INFO - Processing file /home/ubuntu/.local/lib/python3.10/site-packages/airflow/example_dags/example_params_ui_tutorial.py for tasks to queue
[2024-01-31T11:06:27.642+0100] {logging_mixin.py:188} INFO - [2024-01-31T11:06:27.641+0100] {dagbag.py:538} INFO - Filling up the DagBag from /home/ubuntu/.local/lib/python3.10/site-packages/airflow/example_dags/example_params_ui_tutorial.py
[2024-01-31T11:06:27.655+0100] {processor.py:840} INFO - DAG(s) 'example_params_ui_tutorial' retrieved from /home/ubuntu/.local/lib/python3.10/site-packages/airflow/example_dags/example_params_ui_tutorial.py
[2024-01-31T11:06:27.700+0100] {logging_mixin.py:188} INFO - [2024-01-31T11:06:27.699+0100] {dag.py:3033} INFO - Sync 1 DAGs
[2024-01-31T11:06:27.715+0100] {logging_mixin.py:188} INFO - [2024-01-31T11:06:27.715+0100] {dag.py:3820} INFO - Setting next_dagrun for example_params_ui_tutorial to None, run_after=None
[2024-01-31T11:06:27.741+0100] {processor.py:183} INFO - Processing /home/ubuntu/.local/lib/python3.10/site-packages/airflow/example_dags/example_params_ui_tutorial.py took 0.106 seconds
[2024-01-31T11:07:31.442+0100] {processor.py:161} INFO - Started process (PID=29413) to work on /home/ubuntu/.local/lib/python3.10/site-packages/airflow/example_dags/example_params_ui_tutorial.py
[2024-01-31T11:07:31.444+0100] {processor.py:830} INFO - Processing file /home/ubuntu/.local/lib/python3.10/site-packages/airflow/example_dags/example_params_ui_tutorial.py for tasks to queue
[2024-01-31T11:07:31.445+0100] {logging_mixin.py:188} INFO - [2024-01-31T11:07:31.445+0100] {dagbag.py:538} INFO - Filling up the DagBag from /home/ubuntu/.local/lib/python3.10/site-packages/airflow/example_dags/example_params_ui_tutorial.py
[2024-01-31T11:07:31.458+0100] {processor.py:840} INFO - DAG(s) 'example_params_ui_tutorial' retrieved from /home/ubuntu/.local/lib/python3.10/site-packages/airflow/example_dags/example_params_ui_tutorial.py
[2024-01-31T11:07:31.506+0100] {logging_mixin.py:188} INFO - [2024-01-31T11:07:31.505+0100] {dag.py:3033} INFO - Sync 1 DAGs
[2024-01-31T11:07:31.517+0100] {logging_mixin.py:188} INFO - [2024-01-31T11:07:31.517+0100] {dag.py:3820} INFO - Setting next_dagrun for example_params_ui_tutorial to None, run_after=None
[2024-01-31T11:07:31.544+0100] {processor.py:183} INFO - Processing /home/ubuntu/.local/lib/python3.10/site-packages/airflow/example_dags/example_params_ui_tutorial.py took 0.106 seconds
[2024-01-31T11:08:31.263+0100] {processor.py:161} INFO - Started process (PID=29481) to work on /home/ubuntu/.local/lib/python3.10/site-packages/airflow/example_dags/example_params_ui_tutorial.py
[2024-01-31T11:08:31.265+0100] {processor.py:830} INFO - Processing file /home/ubuntu/.local/lib/python3.10/site-packages/airflow/example_dags/example_params_ui_tutorial.py for tasks to queue
[2024-01-31T11:08:31.267+0100] {logging_mixin.py:188} INFO - [2024-01-31T11:08:31.266+0100] {dagbag.py:538} INFO - Filling up the DagBag from /home/ubuntu/.local/lib/python3.10/site-packages/airflow/example_dags/example_params_ui_tutorial.py
[2024-01-31T11:08:31.283+0100] {processor.py:840} INFO - DAG(s) 'example_params_ui_tutorial' retrieved from /home/ubuntu/.local/lib/python3.10/site-packages/airflow/example_dags/example_params_ui_tutorial.py
[2024-01-31T11:08:31.328+0100] {logging_mixin.py:188} INFO - [2024-01-31T11:08:31.327+0100] {dag.py:3033} INFO - Sync 1 DAGs
[2024-01-31T11:08:31.339+0100] {logging_mixin.py:188} INFO - [2024-01-31T11:08:31.339+0100] {dag.py:3820} INFO - Setting next_dagrun for example_params_ui_tutorial to None, run_after=None
[2024-01-31T11:08:31.376+0100] {processor.py:183} INFO - Processing /home/ubuntu/.local/lib/python3.10/site-packages/airflow/example_dags/example_params_ui_tutorial.py took 0.117 seconds
[2024-01-31T11:09:15.713+0100] {processor.py:161} INFO - Started process (PID=29531) to work on /home/ubuntu/.local/lib/python3.10/site-packages/airflow/example_dags/example_params_ui_tutorial.py
[2024-01-31T11:09:15.715+0100] {processor.py:830} INFO - Processing file /home/ubuntu/.local/lib/python3.10/site-packages/airflow/example_dags/example_params_ui_tutorial.py for tasks to queue
[2024-01-31T11:09:15.716+0100] {logging_mixin.py:188} INFO - [2024-01-31T11:09:15.716+0100] {dagbag.py:538} INFO - Filling up the DagBag from /home/ubuntu/.local/lib/python3.10/site-packages/airflow/example_dags/example_params_ui_tutorial.py
[2024-01-31T11:09:15.732+0100] {processor.py:840} INFO - DAG(s) 'example_params_ui_tutorial' retrieved from /home/ubuntu/.local/lib/python3.10/site-packages/airflow/example_dags/example_params_ui_tutorial.py
[2024-01-31T11:09:15.781+0100] {logging_mixin.py:188} INFO - [2024-01-31T11:09:15.781+0100] {dag.py:3033} INFO - Sync 1 DAGs
[2024-01-31T11:09:15.793+0100] {logging_mixin.py:188} INFO - [2024-01-31T11:09:15.793+0100] {dag.py:3820} INFO - Setting next_dagrun for example_params_ui_tutorial to None, run_after=None
[2024-01-31T11:09:15.822+0100] {processor.py:183} INFO - Processing /home/ubuntu/.local/lib/python3.10/site-packages/airflow/example_dags/example_params_ui_tutorial.py took 0.112 seconds
[2024-01-31T11:10:01.291+0100] {processor.py:161} INFO - Started process (PID=29582) to work on /home/ubuntu/.local/lib/python3.10/site-packages/airflow/example_dags/example_params_ui_tutorial.py
[2024-01-31T11:10:01.293+0100] {processor.py:830} INFO - Processing file /home/ubuntu/.local/lib/python3.10/site-packages/airflow/example_dags/example_params_ui_tutorial.py for tasks to queue
[2024-01-31T11:10:01.294+0100] {logging_mixin.py:188} INFO - [2024-01-31T11:10:01.294+0100] {dagbag.py:538} INFO - Filling up the DagBag from /home/ubuntu/.local/lib/python3.10/site-packages/airflow/example_dags/example_params_ui_tutorial.py
[2024-01-31T11:10:01.308+0100] {processor.py:840} INFO - DAG(s) 'example_params_ui_tutorial' retrieved from /home/ubuntu/.local/lib/python3.10/site-packages/airflow/example_dags/example_params_ui_tutorial.py
[2024-01-31T11:10:01.351+0100] {logging_mixin.py:188} INFO - [2024-01-31T11:10:01.351+0100] {dag.py:3033} INFO - Sync 1 DAGs
[2024-01-31T11:10:01.362+0100] {logging_mixin.py:188} INFO - [2024-01-31T11:10:01.362+0100] {dag.py:3820} INFO - Setting next_dagrun for example_params_ui_tutorial to None, run_after=None
[2024-01-31T11:10:01.392+0100] {processor.py:183} INFO - Processing /home/ubuntu/.local/lib/python3.10/site-packages/airflow/example_dags/example_params_ui_tutorial.py took 0.104 seconds
[2024-01-31T11:11:01.477+0100] {processor.py:161} INFO - Started process (PID=29657) to work on /home/ubuntu/.local/lib/python3.10/site-packages/airflow/example_dags/example_params_ui_tutorial.py
[2024-01-31T11:11:01.478+0100] {processor.py:830} INFO - Processing file /home/ubuntu/.local/lib/python3.10/site-packages/airflow/example_dags/example_params_ui_tutorial.py for tasks to queue
[2024-01-31T11:11:01.479+0100] {logging_mixin.py:188} INFO - [2024-01-31T11:11:01.479+0100] {dagbag.py:538} INFO - Filling up the DagBag from /home/ubuntu/.local/lib/python3.10/site-packages/airflow/example_dags/example_params_ui_tutorial.py
[2024-01-31T11:11:01.494+0100] {processor.py:840} INFO - DAG(s) 'example_params_ui_tutorial' retrieved from /home/ubuntu/.local/lib/python3.10/site-packages/airflow/example_dags/example_params_ui_tutorial.py
[2024-01-31T11:11:01.546+0100] {logging_mixin.py:188} INFO - [2024-01-31T11:11:01.545+0100] {dag.py:3033} INFO - Sync 1 DAGs
[2024-01-31T11:11:01.559+0100] {logging_mixin.py:188} INFO - [2024-01-31T11:11:01.558+0100] {dag.py:3820} INFO - Setting next_dagrun for example_params_ui_tutorial to None, run_after=None
[2024-01-31T11:11:01.588+0100] {processor.py:183} INFO - Processing /home/ubuntu/.local/lib/python3.10/site-packages/airflow/example_dags/example_params_ui_tutorial.py took 0.116 seconds
[2024-01-31T11:12:03.679+0100] {processor.py:161} INFO - Started process (PID=29724) to work on /home/ubuntu/.local/lib/python3.10/site-packages/airflow/example_dags/example_params_ui_tutorial.py
[2024-01-31T11:12:03.681+0100] {processor.py:830} INFO - Processing file /home/ubuntu/.local/lib/python3.10/site-packages/airflow/example_dags/example_params_ui_tutorial.py for tasks to queue
[2024-01-31T11:12:03.684+0100] {logging_mixin.py:188} INFO - [2024-01-31T11:12:03.683+0100] {dagbag.py:538} INFO - Filling up the DagBag from /home/ubuntu/.local/lib/python3.10/site-packages/airflow/example_dags/example_params_ui_tutorial.py
[2024-01-31T11:12:03.700+0100] {processor.py:840} INFO - DAG(s) 'example_params_ui_tutorial' retrieved from /home/ubuntu/.local/lib/python3.10/site-packages/airflow/example_dags/example_params_ui_tutorial.py
[2024-01-31T11:12:03.810+0100] {logging_mixin.py:188} INFO - [2024-01-31T11:12:03.810+0100] {dag.py:3033} INFO - Sync 1 DAGs
[2024-01-31T11:12:03.824+0100] {logging_mixin.py:188} INFO - [2024-01-31T11:12:03.824+0100] {dag.py:3820} INFO - Setting next_dagrun for example_params_ui_tutorial to None, run_after=None
[2024-01-31T11:12:03.852+0100] {processor.py:183} INFO - Processing /home/ubuntu/.local/lib/python3.10/site-packages/airflow/example_dags/example_params_ui_tutorial.py took 0.178 seconds
[2024-01-31T11:12:51.001+0100] {processor.py:161} INFO - Started process (PID=29775) to work on /home/ubuntu/.local/lib/python3.10/site-packages/airflow/example_dags/example_params_ui_tutorial.py
[2024-01-31T11:12:51.003+0100] {processor.py:830} INFO - Processing file /home/ubuntu/.local/lib/python3.10/site-packages/airflow/example_dags/example_params_ui_tutorial.py for tasks to queue
[2024-01-31T11:12:51.004+0100] {logging_mixin.py:188} INFO - [2024-01-31T11:12:51.004+0100] {dagbag.py:538} INFO - Filling up the DagBag from /home/ubuntu/.local/lib/python3.10/site-packages/airflow/example_dags/example_params_ui_tutorial.py
[2024-01-31T11:12:51.027+0100] {processor.py:840} INFO - DAG(s) 'example_params_ui_tutorial' retrieved from /home/ubuntu/.local/lib/python3.10/site-packages/airflow/example_dags/example_params_ui_tutorial.py
[2024-01-31T11:12:51.081+0100] {logging_mixin.py:188} INFO - [2024-01-31T11:12:51.081+0100] {dag.py:3033} INFO - Sync 1 DAGs
[2024-01-31T11:12:51.093+0100] {logging_mixin.py:188} INFO - [2024-01-31T11:12:51.093+0100] {dag.py:3820} INFO - Setting next_dagrun for example_params_ui_tutorial to None, run_after=None
[2024-01-31T11:12:51.124+0100] {processor.py:183} INFO - Processing /home/ubuntu/.local/lib/python3.10/site-packages/airflow/example_dags/example_params_ui_tutorial.py took 0.128 seconds
[2024-01-31T11:13:37.949+0100] {processor.py:161} INFO - Started process (PID=29828) to work on /home/ubuntu/.local/lib/python3.10/site-packages/airflow/example_dags/example_params_ui_tutorial.py
[2024-01-31T11:13:37.952+0100] {processor.py:830} INFO - Processing file /home/ubuntu/.local/lib/python3.10/site-packages/airflow/example_dags/example_params_ui_tutorial.py for tasks to queue
[2024-01-31T11:13:37.952+0100] {logging_mixin.py:188} INFO - [2024-01-31T11:13:37.952+0100] {dagbag.py:538} INFO - Filling up the DagBag from /home/ubuntu/.local/lib/python3.10/site-packages/airflow/example_dags/example_params_ui_tutorial.py
[2024-01-31T11:13:37.967+0100] {processor.py:840} INFO - DAG(s) 'example_params_ui_tutorial' retrieved from /home/ubuntu/.local/lib/python3.10/site-packages/airflow/example_dags/example_params_ui_tutorial.py
[2024-01-31T11:13:38.009+0100] {logging_mixin.py:188} INFO - [2024-01-31T11:13:38.009+0100] {dag.py:3033} INFO - Sync 1 DAGs
[2024-01-31T11:13:38.020+0100] {logging_mixin.py:188} INFO - [2024-01-31T11:13:38.020+0100] {dag.py:3820} INFO - Setting next_dagrun for example_params_ui_tutorial to None, run_after=None
[2024-01-31T11:13:38.050+0100] {processor.py:183} INFO - Processing /home/ubuntu/.local/lib/python3.10/site-packages/airflow/example_dags/example_params_ui_tutorial.py took 0.106 seconds
[2024-01-31T11:14:49.478+0100] {processor.py:161} INFO - Started process (PID=30512) to work on /home/ubuntu/.local/lib/python3.10/site-packages/airflow/example_dags/example_params_ui_tutorial.py
[2024-01-31T11:14:49.590+0100] {processor.py:830} INFO - Processing file /home/ubuntu/.local/lib/python3.10/site-packages/airflow/example_dags/example_params_ui_tutorial.py for tasks to queue
[2024-01-31T11:14:49.656+0100] {logging_mixin.py:188} INFO - [2024-01-31T11:14:49.630+0100] {dagbag.py:538} INFO - Filling up the DagBag from /home/ubuntu/.local/lib/python3.10/site-packages/airflow/example_dags/example_params_ui_tutorial.py
[2024-01-31T11:14:50.639+0100] {processor.py:840} INFO - DAG(s) 'example_params_ui_tutorial' retrieved from /home/ubuntu/.local/lib/python3.10/site-packages/airflow/example_dags/example_params_ui_tutorial.py
[2024-01-31T11:14:52.272+0100] {logging_mixin.py:188} INFO - [2024-01-31T11:14:52.271+0100] {dag.py:3033} INFO - Sync 1 DAGs
[2024-01-31T11:14:52.596+0100] {logging_mixin.py:188} INFO - [2024-01-31T11:14:52.595+0100] {dag.py:3820} INFO - Setting next_dagrun for example_params_ui_tutorial to None, run_after=None
[2024-01-31T11:14:53.192+0100] {processor.py:183} INFO - Processing /home/ubuntu/.local/lib/python3.10/site-packages/airflow/example_dags/example_params_ui_tutorial.py took 3.929 seconds
[2024-01-31T11:16:07.048+0100] {processor.py:161} INFO - Started process (PID=30588) to work on /home/ubuntu/.local/lib/python3.10/site-packages/airflow/example_dags/example_params_ui_tutorial.py
[2024-01-31T11:16:07.050+0100] {processor.py:830} INFO - Processing file /home/ubuntu/.local/lib/python3.10/site-packages/airflow/example_dags/example_params_ui_tutorial.py for tasks to queue
[2024-01-31T11:16:07.051+0100] {logging_mixin.py:188} INFO - [2024-01-31T11:16:07.051+0100] {dagbag.py:538} INFO - Filling up the DagBag from /home/ubuntu/.local/lib/python3.10/site-packages/airflow/example_dags/example_params_ui_tutorial.py
[2024-01-31T11:16:07.064+0100] {processor.py:840} INFO - DAG(s) 'example_params_ui_tutorial' retrieved from /home/ubuntu/.local/lib/python3.10/site-packages/airflow/example_dags/example_params_ui_tutorial.py
[2024-01-31T11:16:07.102+0100] {logging_mixin.py:188} INFO - [2024-01-31T11:16:07.102+0100] {dag.py:3033} INFO - Sync 1 DAGs
[2024-01-31T11:16:07.112+0100] {logging_mixin.py:188} INFO - [2024-01-31T11:16:07.111+0100] {dag.py:3820} INFO - Setting next_dagrun for example_params_ui_tutorial to None, run_after=None
[2024-01-31T11:16:07.147+0100] {processor.py:183} INFO - Processing /home/ubuntu/.local/lib/python3.10/site-packages/airflow/example_dags/example_params_ui_tutorial.py took 0.103 seconds
[2024-01-31T11:17:08.217+0100] {processor.py:161} INFO - Started process (PID=30662) to work on /home/ubuntu/.local/lib/python3.10/site-packages/airflow/example_dags/example_params_ui_tutorial.py
[2024-01-31T11:17:08.219+0100] {processor.py:830} INFO - Processing file /home/ubuntu/.local/lib/python3.10/site-packages/airflow/example_dags/example_params_ui_tutorial.py for tasks to queue
[2024-01-31T11:17:08.220+0100] {logging_mixin.py:188} INFO - [2024-01-31T11:17:08.220+0100] {dagbag.py:538} INFO - Filling up the DagBag from /home/ubuntu/.local/lib/python3.10/site-packages/airflow/example_dags/example_params_ui_tutorial.py
[2024-01-31T11:17:08.235+0100] {processor.py:840} INFO - DAG(s) 'example_params_ui_tutorial' retrieved from /home/ubuntu/.local/lib/python3.10/site-packages/airflow/example_dags/example_params_ui_tutorial.py
[2024-01-31T11:17:08.289+0100] {logging_mixin.py:188} INFO - [2024-01-31T11:17:08.289+0100] {dag.py:3033} INFO - Sync 1 DAGs
[2024-01-31T11:17:08.304+0100] {logging_mixin.py:188} INFO - [2024-01-31T11:17:08.303+0100] {dag.py:3820} INFO - Setting next_dagrun for example_params_ui_tutorial to None, run_after=None
[2024-01-31T11:17:08.338+0100] {processor.py:183} INFO - Processing /home/ubuntu/.local/lib/python3.10/site-packages/airflow/example_dags/example_params_ui_tutorial.py took 0.127 seconds
[2024-01-31T11:18:10.724+0100] {processor.py:161} INFO - Started process (PID=30719) to work on /home/ubuntu/.local/lib/python3.10/site-packages/airflow/example_dags/example_params_ui_tutorial.py
[2024-01-31T11:18:10.725+0100] {processor.py:830} INFO - Processing file /home/ubuntu/.local/lib/python3.10/site-packages/airflow/example_dags/example_params_ui_tutorial.py for tasks to queue
[2024-01-31T11:18:10.727+0100] {logging_mixin.py:188} INFO - [2024-01-31T11:18:10.726+0100] {dagbag.py:538} INFO - Filling up the DagBag from /home/ubuntu/.local/lib/python3.10/site-packages/airflow/example_dags/example_params_ui_tutorial.py
[2024-01-31T11:18:10.747+0100] {processor.py:840} INFO - DAG(s) 'example_params_ui_tutorial' retrieved from /home/ubuntu/.local/lib/python3.10/site-packages/airflow/example_dags/example_params_ui_tutorial.py
[2024-01-31T11:18:10.824+0100] {logging_mixin.py:188} INFO - [2024-01-31T11:18:10.824+0100] {dag.py:3033} INFO - Sync 1 DAGs
[2024-01-31T11:18:10.841+0100] {logging_mixin.py:188} INFO - [2024-01-31T11:18:10.841+0100] {dag.py:3820} INFO - Setting next_dagrun for example_params_ui_tutorial to None, run_after=None
[2024-01-31T11:18:10.882+0100] {processor.py:183} INFO - Processing /home/ubuntu/.local/lib/python3.10/site-packages/airflow/example_dags/example_params_ui_tutorial.py took 0.162 seconds
[2024-01-31T11:19:04.375+0100] {processor.py:161} INFO - Started process (PID=30776) to work on /home/ubuntu/.local/lib/python3.10/site-packages/airflow/example_dags/example_params_ui_tutorial.py
[2024-01-31T11:19:04.377+0100] {processor.py:830} INFO - Processing file /home/ubuntu/.local/lib/python3.10/site-packages/airflow/example_dags/example_params_ui_tutorial.py for tasks to queue
[2024-01-31T11:19:04.378+0100] {logging_mixin.py:188} INFO - [2024-01-31T11:19:04.378+0100] {dagbag.py:538} INFO - Filling up the DagBag from /home/ubuntu/.local/lib/python3.10/site-packages/airflow/example_dags/example_params_ui_tutorial.py
[2024-01-31T11:19:04.390+0100] {processor.py:840} INFO - DAG(s) 'example_params_ui_tutorial' retrieved from /home/ubuntu/.local/lib/python3.10/site-packages/airflow/example_dags/example_params_ui_tutorial.py
[2024-01-31T11:19:04.432+0100] {logging_mixin.py:188} INFO - [2024-01-31T11:19:04.432+0100] {dag.py:3033} INFO - Sync 1 DAGs
[2024-01-31T11:19:04.443+0100] {logging_mixin.py:188} INFO - [2024-01-31T11:19:04.443+0100] {dag.py:3820} INFO - Setting next_dagrun for example_params_ui_tutorial to None, run_after=None
[2024-01-31T11:19:04.471+0100] {processor.py:183} INFO - Processing /home/ubuntu/.local/lib/python3.10/site-packages/airflow/example_dags/example_params_ui_tutorial.py took 0.100 seconds
[2024-01-31T11:19:52.084+0100] {processor.py:161} INFO - Started process (PID=30829) to work on /home/ubuntu/.local/lib/python3.10/site-packages/airflow/example_dags/example_params_ui_tutorial.py
[2024-01-31T11:19:52.087+0100] {processor.py:830} INFO - Processing file /home/ubuntu/.local/lib/python3.10/site-packages/airflow/example_dags/example_params_ui_tutorial.py for tasks to queue
[2024-01-31T11:19:52.095+0100] {logging_mixin.py:188} INFO - [2024-01-31T11:19:52.089+0100] {dagbag.py:538} INFO - Filling up the DagBag from /home/ubuntu/.local/lib/python3.10/site-packages/airflow/example_dags/example_params_ui_tutorial.py
[2024-01-31T11:19:52.114+0100] {processor.py:840} INFO - DAG(s) 'example_params_ui_tutorial' retrieved from /home/ubuntu/.local/lib/python3.10/site-packages/airflow/example_dags/example_params_ui_tutorial.py
[2024-01-31T11:19:52.177+0100] {logging_mixin.py:188} INFO - [2024-01-31T11:19:52.177+0100] {dag.py:3033} INFO - Sync 1 DAGs
[2024-01-31T11:19:52.196+0100] {logging_mixin.py:188} INFO - [2024-01-31T11:19:52.196+0100] {dag.py:3820} INFO - Setting next_dagrun for example_params_ui_tutorial to None, run_after=None
[2024-01-31T11:19:52.234+0100] {processor.py:183} INFO - Processing /home/ubuntu/.local/lib/python3.10/site-packages/airflow/example_dags/example_params_ui_tutorial.py took 0.153 seconds
[2024-01-31T11:20:38.873+0100] {processor.py:161} INFO - Started process (PID=30884) to work on /home/ubuntu/.local/lib/python3.10/site-packages/airflow/example_dags/example_params_ui_tutorial.py
[2024-01-31T11:20:38.875+0100] {processor.py:830} INFO - Processing file /home/ubuntu/.local/lib/python3.10/site-packages/airflow/example_dags/example_params_ui_tutorial.py for tasks to queue
[2024-01-31T11:20:38.876+0100] {logging_mixin.py:188} INFO - [2024-01-31T11:20:38.876+0100] {dagbag.py:538} INFO - Filling up the DagBag from /home/ubuntu/.local/lib/python3.10/site-packages/airflow/example_dags/example_params_ui_tutorial.py
[2024-01-31T11:20:38.889+0100] {processor.py:840} INFO - DAG(s) 'example_params_ui_tutorial' retrieved from /home/ubuntu/.local/lib/python3.10/site-packages/airflow/example_dags/example_params_ui_tutorial.py
[2024-01-31T11:20:38.933+0100] {logging_mixin.py:188} INFO - [2024-01-31T11:20:38.933+0100] {dag.py:3033} INFO - Sync 1 DAGs
[2024-01-31T11:20:38.945+0100] {logging_mixin.py:188} INFO - [2024-01-31T11:20:38.945+0100] {dag.py:3820} INFO - Setting next_dagrun for example_params_ui_tutorial to None, run_after=None
[2024-01-31T11:20:38.973+0100] {processor.py:183} INFO - Processing /home/ubuntu/.local/lib/python3.10/site-packages/airflow/example_dags/example_params_ui_tutorial.py took 0.104 seconds
[2024-01-31T11:21:44.126+0100] {processor.py:161} INFO - Started process (PID=30955) to work on /home/ubuntu/.local/lib/python3.10/site-packages/airflow/example_dags/example_params_ui_tutorial.py
[2024-01-31T11:21:44.128+0100] {processor.py:830} INFO - Processing file /home/ubuntu/.local/lib/python3.10/site-packages/airflow/example_dags/example_params_ui_tutorial.py for tasks to queue
[2024-01-31T11:21:44.129+0100] {logging_mixin.py:188} INFO - [2024-01-31T11:21:44.128+0100] {dagbag.py:538} INFO - Filling up the DagBag from /home/ubuntu/.local/lib/python3.10/site-packages/airflow/example_dags/example_params_ui_tutorial.py
[2024-01-31T11:21:44.144+0100] {processor.py:840} INFO - DAG(s) 'example_params_ui_tutorial' retrieved from /home/ubuntu/.local/lib/python3.10/site-packages/airflow/example_dags/example_params_ui_tutorial.py
[2024-01-31T11:21:44.188+0100] {logging_mixin.py:188} INFO - [2024-01-31T11:21:44.188+0100] {dag.py:3033} INFO - Sync 1 DAGs
[2024-01-31T11:21:44.201+0100] {logging_mixin.py:188} INFO - [2024-01-31T11:21:44.200+0100] {dag.py:3820} INFO - Setting next_dagrun for example_params_ui_tutorial to None, run_after=None
[2024-01-31T11:21:44.232+0100] {processor.py:183} INFO - Processing /home/ubuntu/.local/lib/python3.10/site-packages/airflow/example_dags/example_params_ui_tutorial.py took 0.110 seconds
[2024-01-31T11:22:45.257+0100] {processor.py:161} INFO - Started process (PID=31030) to work on /home/ubuntu/.local/lib/python3.10/site-packages/airflow/example_dags/example_params_ui_tutorial.py
[2024-01-31T11:22:45.260+0100] {processor.py:830} INFO - Processing file /home/ubuntu/.local/lib/python3.10/site-packages/airflow/example_dags/example_params_ui_tutorial.py for tasks to queue
[2024-01-31T11:22:45.260+0100] {logging_mixin.py:188} INFO - [2024-01-31T11:22:45.260+0100] {dagbag.py:538} INFO - Filling up the DagBag from /home/ubuntu/.local/lib/python3.10/site-packages/airflow/example_dags/example_params_ui_tutorial.py
[2024-01-31T11:22:45.274+0100] {processor.py:840} INFO - DAG(s) 'example_params_ui_tutorial' retrieved from /home/ubuntu/.local/lib/python3.10/site-packages/airflow/example_dags/example_params_ui_tutorial.py
[2024-01-31T11:22:45.319+0100] {logging_mixin.py:188} INFO - [2024-01-31T11:22:45.318+0100] {dag.py:3033} INFO - Sync 1 DAGs
[2024-01-31T11:22:45.333+0100] {logging_mixin.py:188} INFO - [2024-01-31T11:22:45.332+0100] {dag.py:3820} INFO - Setting next_dagrun for example_params_ui_tutorial to None, run_after=None
[2024-01-31T11:22:45.367+0100] {processor.py:183} INFO - Processing /home/ubuntu/.local/lib/python3.10/site-packages/airflow/example_dags/example_params_ui_tutorial.py took 0.114 seconds
[2024-01-31T11:23:51.693+0100] {processor.py:161} INFO - Started process (PID=31107) to work on /home/ubuntu/.local/lib/python3.10/site-packages/airflow/example_dags/example_params_ui_tutorial.py
[2024-01-31T11:23:51.695+0100] {processor.py:830} INFO - Processing file /home/ubuntu/.local/lib/python3.10/site-packages/airflow/example_dags/example_params_ui_tutorial.py for tasks to queue
[2024-01-31T11:23:51.696+0100] {logging_mixin.py:188} INFO - [2024-01-31T11:23:51.695+0100] {dagbag.py:538} INFO - Filling up the DagBag from /home/ubuntu/.local/lib/python3.10/site-packages/airflow/example_dags/example_params_ui_tutorial.py
[2024-01-31T11:23:51.709+0100] {processor.py:840} INFO - DAG(s) 'example_params_ui_tutorial' retrieved from /home/ubuntu/.local/lib/python3.10/site-packages/airflow/example_dags/example_params_ui_tutorial.py
[2024-01-31T11:23:51.756+0100] {logging_mixin.py:188} INFO - [2024-01-31T11:23:51.756+0100] {dag.py:3033} INFO - Sync 1 DAGs
[2024-01-31T11:23:51.768+0100] {logging_mixin.py:188} INFO - [2024-01-31T11:23:51.768+0100] {dag.py:3820} INFO - Setting next_dagrun for example_params_ui_tutorial to None, run_after=None
[2024-01-31T11:23:51.798+0100] {processor.py:183} INFO - Processing /home/ubuntu/.local/lib/python3.10/site-packages/airflow/example_dags/example_params_ui_tutorial.py took 0.109 seconds
[2024-01-31T11:24:57.309+0100] {processor.py:161} INFO - Started process (PID=31182) to work on /home/ubuntu/.local/lib/python3.10/site-packages/airflow/example_dags/example_params_ui_tutorial.py
[2024-01-31T11:24:57.311+0100] {processor.py:830} INFO - Processing file /home/ubuntu/.local/lib/python3.10/site-packages/airflow/example_dags/example_params_ui_tutorial.py for tasks to queue
[2024-01-31T11:24:57.312+0100] {logging_mixin.py:188} INFO - [2024-01-31T11:24:57.312+0100] {dagbag.py:538} INFO - Filling up the DagBag from /home/ubuntu/.local/lib/python3.10/site-packages/airflow/example_dags/example_params_ui_tutorial.py
[2024-01-31T11:24:57.325+0100] {processor.py:840} INFO - DAG(s) 'example_params_ui_tutorial' retrieved from /home/ubuntu/.local/lib/python3.10/site-packages/airflow/example_dags/example_params_ui_tutorial.py
[2024-01-31T11:24:57.373+0100] {logging_mixin.py:188} INFO - [2024-01-31T11:24:57.372+0100] {dag.py:3033} INFO - Sync 1 DAGs
[2024-01-31T11:24:57.384+0100] {logging_mixin.py:188} INFO - [2024-01-31T11:24:57.384+0100] {dag.py:3820} INFO - Setting next_dagrun for example_params_ui_tutorial to None, run_after=None
[2024-01-31T11:24:57.410+0100] {processor.py:183} INFO - Processing /home/ubuntu/.local/lib/python3.10/site-packages/airflow/example_dags/example_params_ui_tutorial.py took 0.105 seconds
[2024-01-31T11:25:52.384+0100] {processor.py:161} INFO - Started process (PID=31235) to work on /home/ubuntu/.local/lib/python3.10/site-packages/airflow/example_dags/example_params_ui_tutorial.py
[2024-01-31T11:25:52.388+0100] {processor.py:830} INFO - Processing file /home/ubuntu/.local/lib/python3.10/site-packages/airflow/example_dags/example_params_ui_tutorial.py for tasks to queue
[2024-01-31T11:25:52.389+0100] {logging_mixin.py:188} INFO - [2024-01-31T11:25:52.389+0100] {dagbag.py:538} INFO - Filling up the DagBag from /home/ubuntu/.local/lib/python3.10/site-packages/airflow/example_dags/example_params_ui_tutorial.py
[2024-01-31T11:25:52.418+0100] {processor.py:840} INFO - DAG(s) 'example_params_ui_tutorial' retrieved from /home/ubuntu/.local/lib/python3.10/site-packages/airflow/example_dags/example_params_ui_tutorial.py
[2024-01-31T11:25:52.700+0100] {logging_mixin.py:188} INFO - [2024-01-31T11:25:52.699+0100] {dag.py:3033} INFO - Sync 1 DAGs
[2024-01-31T11:25:52.748+0100] {logging_mixin.py:188} INFO - [2024-01-31T11:25:52.747+0100] {dag.py:3820} INFO - Setting next_dagrun for example_params_ui_tutorial to None, run_after=None
[2024-01-31T11:25:52.851+0100] {processor.py:183} INFO - Processing /home/ubuntu/.local/lib/python3.10/site-packages/airflow/example_dags/example_params_ui_tutorial.py took 0.474 seconds
                                                                                                                                                                                                                                                                                                                                                                                                                                                                                                                                                                                                                                                                                                                                                                                                                                                                                                                                                                                                                                                                                                                                                                                                                                                                                                                                                                                          