[2024-01-31T01:02:13.573+0100] {processor.py:161} INFO - Started process (PID=26564) to work on /home/ubuntu/.local/lib/python3.10/site-packages/airflow/example_dags/example_sensors.py
[2024-01-31T01:02:13.574+0100] {processor.py:830} INFO - Processing file /home/ubuntu/.local/lib/python3.10/site-packages/airflow/example_dags/example_sensors.py for tasks to queue
[2024-01-31T01:02:13.575+0100] {logging_mixin.py:188} INFO - [2024-01-31T01:02:13.575+0100] {dagbag.py:538} INFO - Filling up the DagBag from /home/ubuntu/.local/lib/python3.10/site-packages/airflow/example_dags/example_sensors.py
[2024-01-31T01:02:13.588+0100] {processor.py:840} INFO - DAG(s) 'example_sensors' retrieved from /home/ubuntu/.local/lib/python3.10/site-packages/airflow/example_dags/example_sensors.py
[2024-01-31T01:02:13.616+0100] {logging_mixin.py:188} INFO - [2024-01-31T01:02:13.616+0100] {dag.py:3033} INFO - Sync 1 DAGs
[2024-01-31T01:02:13.631+0100] {logging_mixin.py:188} INFO - [2024-01-31T01:02:13.631+0100] {dag.py:3820} INFO - Setting next_dagrun for example_sensors to None, run_after=None
[2024-01-31T01:02:13.663+0100] {processor.py:183} INFO - Processing /home/ubuntu/.local/lib/python3.10/site-packages/airflow/example_dags/example_sensors.py took 0.095 seconds
[2024-01-31T10:29:59.199+0100] {processor.py:161} INFO - Started process (PID=26725) to work on /home/ubuntu/.local/lib/python3.10/site-packages/airflow/example_dags/example_sensors.py
[2024-01-31T10:29:59.202+0100] {processor.py:830} INFO - Processing file /home/ubuntu/.local/lib/python3.10/site-packages/airflow/example_dags/example_sensors.py for tasks to queue
[2024-01-31T10:29:59.203+0100] {logging_mixin.py:188} INFO - [2024-01-31T10:29:59.203+0100] {dagbag.py:538} INFO - Filling up the DagBag from /home/ubuntu/.local/lib/python3.10/site-packages/airflow/example_dags/example_sensors.py
[2024-01-31T10:29:59.221+0100] {processor.py:840} INFO - DAG(s) 'example_sensors' retrieved from /home/ubuntu/.local/lib/python3.10/site-packages/airflow/example_dags/example_sensors.py
[2024-01-31T10:29:59.243+0100] {logging_mixin.py:188} INFO - [2024-01-31T10:29:59.242+0100] {dag.py:3033} INFO - Sync 1 DAGs
[2024-01-31T10:29:59.254+0100] {logging_mixin.py:188} INFO - [2024-01-31T10:29:59.254+0100] {dag.py:3820} INFO - Setting next_dagrun for example_sensors to None, run_after=None
[2024-01-31T10:29:59.288+0100] {processor.py:183} INFO - Processing /home/ubuntu/.local/lib/python3.10/site-packages/airflow/example_dags/example_sensors.py took 0.093 seconds
[2024-01-31T10:30:58.396+0100] {processor.py:161} INFO - Started process (PID=26793) to work on /home/ubuntu/.local/lib/python3.10/site-packages/airflow/example_dags/example_sensors.py
[2024-01-31T10:30:58.398+0100] {processor.py:830} INFO - Processing file /home/ubuntu/.local/lib/python3.10/site-packages/airflow/example_dags/example_sensors.py for tasks to queue
[2024-01-31T10:30:58.400+0100] {logging_mixin.py:188} INFO - [2024-01-31T10:30:58.399+0100] {dagbag.py:538} INFO - Filling up the DagBag from /home/ubuntu/.local/lib/python3.10/site-packages/airflow/example_dags/example_sensors.py
[2024-01-31T10:30:58.412+0100] {processor.py:840} INFO - DAG(s) 'example_sensors' retrieved from /home/ubuntu/.local/lib/python3.10/site-packages/airflow/example_dags/example_sensors.py
[2024-01-31T10:30:58.433+0100] {logging_mixin.py:188} INFO - [2024-01-31T10:30:58.433+0100] {dag.py:3033} INFO - Sync 1 DAGs
[2024-01-31T10:30:58.444+0100] {logging_mixin.py:188} INFO - [2024-01-31T10:30:58.444+0100] {dag.py:3820} INFO - Setting next_dagrun for example_sensors to None, run_after=None
[2024-01-31T10:30:58.476+0100] {processor.py:183} INFO - Processing /home/ubuntu/.local/lib/python3.10/site-packages/airflow/example_dags/example_sensors.py took 0.084 seconds
[2024-01-31T10:31:58.120+0100] {processor.py:161} INFO - Started process (PID=26866) to work on /home/ubuntu/.local/lib/python3.10/site-packages/airflow/example_dags/example_sensors.py
[2024-01-31T10:31:58.123+0100] {processor.py:830} INFO - Processing file /home/ubuntu/.local/lib/python3.10/site-packages/airflow/example_dags/example_sensors.py for tasks to queue
[2024-01-31T10:31:58.124+0100] {logging_mixin.py:188} INFO - [2024-01-31T10:31:58.123+0100] {dagbag.py:538} INFO - Filling up the DagBag from /home/ubuntu/.local/lib/python3.10/site-packages/airflow/example_dags/example_sensors.py
[2024-01-31T10:31:58.136+0100] {processor.py:840} INFO - DAG(s) 'example_sensors' retrieved from /home/ubuntu/.local/lib/python3.10/site-packages/airflow/example_dags/example_sensors.py
[2024-01-31T10:31:58.156+0100] {logging_mixin.py:188} INFO - [2024-01-31T10:31:58.156+0100] {dag.py:3033} INFO - Sync 1 DAGs
[2024-01-31T10:31:58.167+0100] {logging_mixin.py:188} INFO - [2024-01-31T10:31:58.167+0100] {dag.py:3820} INFO - Setting next_dagrun for example_sensors to None, run_after=None
[2024-01-31T10:31:58.193+0100] {processor.py:183} INFO - Processing /home/ubuntu/.local/lib/python3.10/site-packages/airflow/example_dags/example_sensors.py took 0.077 seconds
[2024-01-31T10:32:57.412+0100] {processor.py:161} INFO - Started process (PID=26934) to work on /home/ubuntu/.local/lib/python3.10/site-packages/airflow/example_dags/example_sensors.py
[2024-01-31T10:32:57.414+0100] {processor.py:830} INFO - Processing file /home/ubuntu/.local/lib/python3.10/site-packages/airflow/example_dags/example_sensors.py for tasks to queue
[2024-01-31T10:32:57.415+0100] {logging_mixin.py:188} INFO - [2024-01-31T10:32:57.415+0100] {dagbag.py:538} INFO - Filling up the DagBag from /home/ubuntu/.local/lib/python3.10/site-packages/airflow/example_dags/example_sensors.py
[2024-01-31T10:32:57.426+0100] {processor.py:840} INFO - DAG(s) 'example_sensors' retrieved from /home/ubuntu/.local/lib/python3.10/site-packages/airflow/example_dags/example_sensors.py
[2024-01-31T10:32:57.448+0100] {logging_mixin.py:188} INFO - [2024-01-31T10:32:57.448+0100] {dag.py:3033} INFO - Sync 1 DAGs
[2024-01-31T10:32:57.460+0100] {logging_mixin.py:188} INFO - [2024-01-31T10:32:57.460+0100] {dag.py:3820} INFO - Setting next_dagrun for example_sensors to None, run_after=None
[2024-01-31T10:32:57.494+0100] {processor.py:183} INFO - Processing /home/ubuntu/.local/lib/python3.10/site-packages/airflow/example_dags/example_sensors.py took 0.085 seconds
[2024-01-31T10:34:00.597+0100] {processor.py:161} INFO - Started process (PID=27011) to work on /home/ubuntu/.local/lib/python3.10/site-packages/airflow/example_dags/example_sensors.py
[2024-01-31T10:34:00.599+0100] {processor.py:830} INFO - Processing file /home/ubuntu/.local/lib/python3.10/site-packages/airflow/example_dags/example_sensors.py for tasks to queue
[2024-01-31T10:34:00.600+0100] {logging_mixin.py:188} INFO - [2024-01-31T10:34:00.600+0100] {dagbag.py:538} INFO - Filling up the DagBag from /home/ubuntu/.local/lib/python3.10/site-packages/airflow/example_dags/example_sensors.py
[2024-01-31T10:34:00.612+0100] {processor.py:840} INFO - DAG(s) 'example_sensors' retrieved from /home/ubuntu/.local/lib/python3.10/site-packages/airflow/example_dags/example_sensors.py
[2024-01-31T10:34:00.633+0100] {logging_mixin.py:188} INFO - [2024-01-31T10:34:00.633+0100] {dag.py:3033} INFO - Sync 1 DAGs
[2024-01-31T10:34:00.645+0100] {logging_mixin.py:188} INFO - [2024-01-31T10:34:00.645+0100] {dag.py:3820} INFO - Setting next_dagrun for example_sensors to None, run_after=None
[2024-01-31T10:34:00.676+0100] {processor.py:183} INFO - Processing /home/ubuntu/.local/lib/python3.10/site-packages/airflow/example_dags/example_sensors.py took 0.083 seconds
[2024-01-31T10:35:03.083+0100] {processor.py:161} INFO - Started process (PID=27118) to work on /home/ubuntu/.local/lib/python3.10/site-packages/airflow/example_dags/example_sensors.py
[2024-01-31T10:35:03.090+0100] {processor.py:830} INFO - Processing file /home/ubuntu/.local/lib/python3.10/site-packages/airflow/example_dags/example_sensors.py for tasks to queue
[2024-01-31T10:35:03.091+0100] {logging_mixin.py:188} INFO - [2024-01-31T10:35:03.091+0100] {dagbag.py:538} INFO - Filling up the DagBag from /home/ubuntu/.local/lib/python3.10/site-packages/airflow/example_dags/example_sensors.py
[2024-01-31T10:35:03.104+0100] {processor.py:840} INFO - DAG(s) 'example_sensors' retrieved from /home/ubuntu/.local/lib/python3.10/site-packages/airflow/example_dags/example_sensors.py
[2024-01-31T10:35:03.130+0100] {logging_mixin.py:188} INFO - [2024-01-31T10:35:03.129+0100] {dag.py:3033} INFO - Sync 1 DAGs
[2024-01-31T10:35:03.144+0100] {logging_mixin.py:188} INFO - [2024-01-31T10:35:03.144+0100] {dag.py:3820} INFO - Setting next_dagrun for example_sensors to None, run_after=None
[2024-01-31T10:35:03.177+0100] {processor.py:183} INFO - Processing /home/ubuntu/.local/lib/python3.10/site-packages/airflow/example_dags/example_sensors.py took 0.097 seconds
[2024-01-31T10:36:12.551+0100] {processor.py:161} INFO - Started process (PID=27199) to work on /home/ubuntu/.local/lib/python3.10/site-packages/airflow/example_dags/example_sensors.py
[2024-01-31T10:36:12.554+0100] {processor.py:830} INFO - Processing file /home/ubuntu/.local/lib/python3.10/site-packages/airflow/example_dags/example_sensors.py for tasks to queue
[2024-01-31T10:36:12.555+0100] {logging_mixin.py:188} INFO - [2024-01-31T10:36:12.554+0100] {dagbag.py:538} INFO - Filling up the DagBag from /home/ubuntu/.local/lib/python3.10/site-packages/airflow/example_dags/example_sensors.py
[2024-01-31T10:36:12.582+0100] {processor.py:840} INFO - DAG(s) 'example_sensors' retrieved from /home/ubuntu/.local/lib/python3.10/site-packages/airflow/example_dags/example_sensors.py
[2024-01-31T10:36:12.621+0100] {logging_mixin.py:188} INFO - [2024-01-31T10:36:12.621+0100] {dag.py:3033} INFO - Sync 1 DAGs
[2024-01-31T10:36:12.648+0100] {logging_mixin.py:188} INFO - [2024-01-31T10:36:12.648+0100] {dag.py:3820} INFO - Setting next_dagrun for example_sensors to None, run_after=None
[2024-01-31T10:36:12.702+0100] {processor.py:183} INFO - Processing /home/ubuntu/.local/lib/python3.10/site-packages/airflow/example_dags/example_sensors.py took 0.158 seconds
[2024-01-31T10:37:16.247+0100] {processor.py:161} INFO - Started process (PID=27270) to work on /home/ubuntu/.local/lib/python3.10/site-packages/airflow/example_dags/example_sensors.py
[2024-01-31T10:37:16.249+0100] {processor.py:830} INFO - Processing file /home/ubuntu/.local/lib/python3.10/site-packages/airflow/example_dags/example_sensors.py for tasks to queue
[2024-01-31T10:37:16.250+0100] {logging_mixin.py:188} INFO - [2024-01-31T10:37:16.250+0100] {dagbag.py:538} INFO - Filling up the DagBag from /home/ubuntu/.local/lib/python3.10/site-packages/airflow/example_dags/example_sensors.py
[2024-01-31T10:37:16.261+0100] {processor.py:840} INFO - DAG(s) 'example_sensors' retrieved from /home/ubuntu/.local/lib/python3.10/site-packages/airflow/example_dags/example_sensors.py
[2024-01-31T10:37:16.281+0100] {logging_mixin.py:188} INFO - [2024-01-31T10:37:16.280+0100] {dag.py:3033} INFO - Sync 1 DAGs
[2024-01-31T10:37:16.292+0100] {logging_mixin.py:188} INFO - [2024-01-31T10:37:16.291+0100] {dag.py:3820} INFO - Setting next_dagrun for example_sensors to None, run_after=None
[2024-01-31T10:37:16.319+0100] {processor.py:183} INFO - Processing /home/ubuntu/.local/lib/python3.10/site-packages/airflow/example_dags/example_sensors.py took 0.076 seconds
[2024-01-31T10:38:20.616+0100] {processor.py:161} INFO - Started process (PID=27347) to work on /home/ubuntu/.local/lib/python3.10/site-packages/airflow/example_dags/example_sensors.py
[2024-01-31T10:38:20.618+0100] {processor.py:830} INFO - Processing file /home/ubuntu/.local/lib/python3.10/site-packages/airflow/example_dags/example_sensors.py for tasks to queue
[2024-01-31T10:38:20.619+0100] {logging_mixin.py:188} INFO - [2024-01-31T10:38:20.619+0100] {dagbag.py:538} INFO - Filling up the DagBag from /home/ubuntu/.local/lib/python3.10/site-packages/airflow/example_dags/example_sensors.py
[2024-01-31T10:38:20.632+0100] {processor.py:840} INFO - DAG(s) 'example_sensors' retrieved from /home/ubuntu/.local/lib/python3.10/site-packages/airflow/example_dags/example_sensors.py
[2024-01-31T10:38:20.653+0100] {logging_mixin.py:188} INFO - [2024-01-31T10:38:20.653+0100] {dag.py:3033} INFO - Sync 1 DAGs
[2024-01-31T10:38:20.666+0100] {logging_mixin.py:188} INFO - [2024-01-31T10:38:20.666+0100] {dag.py:3820} INFO - Setting next_dagrun for example_sensors to None, run_after=None
[2024-01-31T10:38:20.703+0100] {processor.py:183} INFO - Processing /home/ubuntu/.local/lib/python3.10/site-packages/airflow/example_dags/example_sensors.py took 0.091 seconds
[2024-01-31T10:39:24.183+0100] {processor.py:161} INFO - Started process (PID=27418) to work on /home/ubuntu/.local/lib/python3.10/site-packages/airflow/example_dags/example_sensors.py
[2024-01-31T10:39:24.186+0100] {processor.py:830} INFO - Processing file /home/ubuntu/.local/lib/python3.10/site-packages/airflow/example_dags/example_sensors.py for tasks to queue
[2024-01-31T10:39:24.187+0100] {logging_mixin.py:188} INFO - [2024-01-31T10:39:24.187+0100] {dagbag.py:538} INFO - Filling up the DagBag from /home/ubuntu/.local/lib/python3.10/site-packages/airflow/example_dags/example_sensors.py
[2024-01-31T10:39:24.198+0100] {processor.py:840} INFO - DAG(s) 'example_sensors' retrieved from /home/ubuntu/.local/lib/python3.10/site-packages/airflow/example_dags/example_sensors.py
[2024-01-31T10:39:24.216+0100] {logging_mixin.py:188} INFO - [2024-01-31T10:39:24.216+0100] {dag.py:3033} INFO - Sync 1 DAGs
[2024-01-31T10:39:24.228+0100] {logging_mixin.py:188} INFO - [2024-01-31T10:39:24.228+0100] {dag.py:3820} INFO - Setting next_dagrun for example_sensors to None, run_after=None
[2024-01-31T10:39:24.257+0100] {processor.py:183} INFO - Processing /home/ubuntu/.local/lib/python3.10/site-packages/airflow/example_dags/example_sensors.py took 0.077 seconds
[2024-01-31T10:40:25.772+0100] {processor.py:161} INFO - Started process (PID=27495) to work on /home/ubuntu/.local/lib/python3.10/site-packages/airflow/example_dags/example_sensors.py
[2024-01-31T10:40:25.774+0100] {processor.py:830} INFO - Processing file /home/ubuntu/.local/lib/python3.10/site-packages/airflow/example_dags/example_sensors.py for tasks to queue
[2024-01-31T10:40:25.775+0100] {logging_mixin.py:188} INFO - [2024-01-31T10:40:25.774+0100] {dagbag.py:538} INFO - Filling up the DagBag from /home/ubuntu/.local/lib/python3.10/site-packages/airflow/example_dags/example_sensors.py
[2024-01-31T10:40:25.787+0100] {processor.py:840} INFO - DAG(s) 'example_sensors' retrieved from /home/ubuntu/.local/lib/python3.10/site-packages/airflow/example_dags/example_sensors.py
[2024-01-31T10:40:25.809+0100] {logging_mixin.py:188} INFO - [2024-01-31T10:40:25.808+0100] {dag.py:3033} INFO - Sync 1 DAGs
[2024-01-31T10:40:25.820+0100] {logging_mixin.py:188} INFO - [2024-01-31T10:40:25.820+0100] {dag.py:3820} INFO - Setting next_dagrun for example_sensors to None, run_after=None
[2024-01-31T10:40:25.851+0100] {processor.py:183} INFO - Processing /home/ubuntu/.local/lib/python3.10/site-packages/airflow/example_dags/example_sensors.py took 0.083 seconds
[2024-01-31T10:41:22.836+0100] {processor.py:161} INFO - Started process (PID=27560) to work on /home/ubuntu/.local/lib/python3.10/site-packages/airflow/example_dags/example_sensors.py
[2024-01-31T10:41:22.839+0100] {processor.py:830} INFO - Processing file /home/ubuntu/.local/lib/python3.10/site-packages/airflow/example_dags/example_sensors.py for tasks to queue
[2024-01-31T10:41:22.839+0100] {logging_mixin.py:188} INFO - [2024-01-31T10:41:22.839+0100] {dagbag.py:538} INFO - Filling up the DagBag from /home/ubuntu/.local/lib/python3.10/site-packages/airflow/example_dags/example_sensors.py
[2024-01-31T10:41:22.852+0100] {processor.py:840} INFO - DAG(s) 'example_sensors' retrieved from /home/ubuntu/.local/lib/python3.10/site-packages/airflow/example_dags/example_sensors.py
[2024-01-31T10:41:22.874+0100] {logging_mixin.py:188} INFO - [2024-01-31T10:41:22.874+0100] {dag.py:3033} INFO - Sync 1 DAGs
[2024-01-31T10:41:22.886+0100] {logging_mixin.py:188} INFO - [2024-01-31T10:41:22.886+0100] {dag.py:3820} INFO - Setting next_dagrun for example_sensors to None, run_after=None
[2024-01-31T10:41:22.915+0100] {processor.py:183} INFO - Processing /home/ubuntu/.local/lib/python3.10/site-packages/airflow/example_dags/example_sensors.py took 0.082 seconds
[2024-01-31T10:42:24.890+0100] {processor.py:161} INFO - Started process (PID=27637) to work on /home/ubuntu/.local/lib/python3.10/site-packages/airflow/example_dags/example_sensors.py
[2024-01-31T10:42:24.893+0100] {processor.py:830} INFO - Processing file /home/ubuntu/.local/lib/python3.10/site-packages/airflow/example_dags/example_sensors.py for tasks to queue
[2024-01-31T10:42:24.893+0100] {logging_mixin.py:188} INFO - [2024-01-31T10:42:24.893+0100] {dagbag.py:538} INFO - Filling up the DagBag from /home/ubuntu/.local/lib/python3.10/site-packages/airflow/example_dags/example_sensors.py
[2024-01-31T10:42:24.905+0100] {processor.py:840} INFO - DAG(s) 'example_sensors' retrieved from /home/ubuntu/.local/lib/python3.10/site-packages/airflow/example_dags/example_sensors.py
[2024-01-31T10:42:24.928+0100] {logging_mixin.py:188} INFO - [2024-01-31T10:42:24.928+0100] {dag.py:3033} INFO - Sync 1 DAGs
[2024-01-31T10:42:24.939+0100] {logging_mixin.py:188} INFO - [2024-01-31T10:42:24.939+0100] {dag.py:3820} INFO - Setting next_dagrun for example_sensors to None, run_after=None
[2024-01-31T10:42:24.972+0100] {processor.py:183} INFO - Processing /home/ubuntu/.local/lib/python3.10/site-packages/airflow/example_dags/example_sensors.py took 0.086 seconds
[2024-01-31T10:43:22.436+0100] {processor.py:161} INFO - Started process (PID=27709) to work on /home/ubuntu/.local/lib/python3.10/site-packages/airflow/example_dags/example_sensors.py
[2024-01-31T10:43:22.437+0100] {processor.py:830} INFO - Processing file /home/ubuntu/.local/lib/python3.10/site-packages/airflow/example_dags/example_sensors.py for tasks to queue
[2024-01-31T10:43:22.438+0100] {logging_mixin.py:188} INFO - [2024-01-31T10:43:22.438+0100] {dagbag.py:538} INFO - Filling up the DagBag from /home/ubuntu/.local/lib/python3.10/site-packages/airflow/example_dags/example_sensors.py
[2024-01-31T10:43:22.449+0100] {processor.py:840} INFO - DAG(s) 'example_sensors' retrieved from /home/ubuntu/.local/lib/python3.10/site-packages/airflow/example_dags/example_sensors.py
[2024-01-31T10:43:22.472+0100] {logging_mixin.py:188} INFO - [2024-01-31T10:43:22.472+0100] {dag.py:3033} INFO - Sync 1 DAGs
[2024-01-31T10:43:22.484+0100] {logging_mixin.py:188} INFO - [2024-01-31T10:43:22.483+0100] {dag.py:3820} INFO - Setting next_dagrun for example_sensors to None, run_after=None
[2024-01-31T10:43:22.515+0100] {processor.py:183} INFO - Processing /home/ubuntu/.local/lib/python3.10/site-packages/airflow/example_dags/example_sensors.py took 0.083 seconds
[2024-01-31T10:44:20.830+0100] {processor.py:161} INFO - Started process (PID=27774) to work on /home/ubuntu/.local/lib/python3.10/site-packages/airflow/example_dags/example_sensors.py
[2024-01-31T10:44:20.832+0100] {processor.py:830} INFO - Processing file /home/ubuntu/.local/lib/python3.10/site-packages/airflow/example_dags/example_sensors.py for tasks to queue
[2024-01-31T10:44:20.833+0100] {logging_mixin.py:188} INFO - [2024-01-31T10:44:20.833+0100] {dagbag.py:538} INFO - Filling up the DagBag from /home/ubuntu/.local/lib/python3.10/site-packages/airflow/example_dags/example_sensors.py
[2024-01-31T10:44:20.845+0100] {processor.py:840} INFO - DAG(s) 'example_sensors' retrieved from /home/ubuntu/.local/lib/python3.10/site-packages/airflow/example_dags/example_sensors.py
[2024-01-31T10:44:20.878+0100] {logging_mixin.py:188} INFO - [2024-01-31T10:44:20.878+0100] {dag.py:3033} INFO - Sync 1 DAGs
[2024-01-31T10:44:20.893+0100] {logging_mixin.py:188} INFO - [2024-01-31T10:44:20.893+0100] {dag.py:3820} INFO - Setting next_dagrun for example_sensors to None, run_after=None
[2024-01-31T10:44:20.924+0100] {processor.py:183} INFO - Processing /home/ubuntu/.local/lib/python3.10/site-packages/airflow/example_dags/example_sensors.py took 0.098 seconds
[2024-01-31T10:45:24.121+0100] {processor.py:161} INFO - Started process (PID=27850) to work on /home/ubuntu/.local/lib/python3.10/site-packages/airflow/example_dags/example_sensors.py
[2024-01-31T10:45:24.123+0100] {processor.py:830} INFO - Processing file /home/ubuntu/.local/lib/python3.10/site-packages/airflow/example_dags/example_sensors.py for tasks to queue
[2024-01-31T10:45:24.124+0100] {logging_mixin.py:188} INFO - [2024-01-31T10:45:24.124+0100] {dagbag.py:538} INFO - Filling up the DagBag from /home/ubuntu/.local/lib/python3.10/site-packages/airflow/example_dags/example_sensors.py
[2024-01-31T10:45:24.137+0100] {processor.py:840} INFO - DAG(s) 'example_sensors' retrieved from /home/ubuntu/.local/lib/python3.10/site-packages/airflow/example_dags/example_sensors.py
[2024-01-31T10:45:24.160+0100] {logging_mixin.py:188} INFO - [2024-01-31T10:45:24.160+0100] {dag.py:3033} INFO - Sync 1 DAGs
[2024-01-31T10:45:24.174+0100] {logging_mixin.py:188} INFO - [2024-01-31T10:45:24.174+0100] {dag.py:3820} INFO - Setting next_dagrun for example_sensors to None, run_after=None
[2024-01-31T10:45:24.210+0100] {processor.py:183} INFO - Processing /home/ubuntu/.local/lib/python3.10/site-packages/airflow/example_dags/example_sensors.py took 0.093 seconds
[2024-01-31T10:46:23.145+0100] {processor.py:161} INFO - Started process (PID=27920) to work on /home/ubuntu/.local/lib/python3.10/site-packages/airflow/example_dags/example_sensors.py
[2024-01-31T10:46:23.147+0100] {processor.py:830} INFO - Processing file /home/ubuntu/.local/lib/python3.10/site-packages/airflow/example_dags/example_sensors.py for tasks to queue
[2024-01-31T10:46:23.148+0100] {logging_mixin.py:188} INFO - [2024-01-31T10:46:23.148+0100] {dagbag.py:538} INFO - Filling up the DagBag from /home/ubuntu/.local/lib/python3.10/site-packages/airflow/example_dags/example_sensors.py
[2024-01-31T10:46:23.160+0100] {processor.py:840} INFO - DAG(s) 'example_sensors' retrieved from /home/ubuntu/.local/lib/python3.10/site-packages/airflow/example_dags/example_sensors.py
[2024-01-31T10:46:23.183+0100] {logging_mixin.py:188} INFO - [2024-01-31T10:46:23.183+0100] {dag.py:3033} INFO - Sync 1 DAGs
[2024-01-31T10:46:23.196+0100] {logging_mixin.py:188} INFO - [2024-01-31T10:46:23.196+0100] {dag.py:3820} INFO - Setting next_dagrun for example_sensors to None, run_after=None
[2024-01-31T10:46:23.237+0100] {processor.py:183} INFO - Processing /home/ubuntu/.local/lib/python3.10/site-packages/airflow/example_dags/example_sensors.py took 0.097 seconds
[2024-01-31T10:47:23.537+0100] {processor.py:161} INFO - Started process (PID=27987) to work on /home/ubuntu/.local/lib/python3.10/site-packages/airflow/example_dags/example_sensors.py
[2024-01-31T10:47:23.540+0100] {processor.py:830} INFO - Processing file /home/ubuntu/.local/lib/python3.10/site-packages/airflow/example_dags/example_sensors.py for tasks to queue
[2024-01-31T10:47:23.540+0100] {logging_mixin.py:188} INFO - [2024-01-31T10:47:23.540+0100] {dagbag.py:538} INFO - Filling up the DagBag from /home/ubuntu/.local/lib/python3.10/site-packages/airflow/example_dags/example_sensors.py
[2024-01-31T10:47:23.552+0100] {processor.py:840} INFO - DAG(s) 'example_sensors' retrieved from /home/ubuntu/.local/lib/python3.10/site-packages/airflow/example_dags/example_sensors.py
[2024-01-31T10:47:23.573+0100] {logging_mixin.py:188} INFO - [2024-01-31T10:47:23.573+0100] {dag.py:3033} INFO - Sync 1 DAGs
[2024-01-31T10:47:23.585+0100] {logging_mixin.py:188} INFO - [2024-01-31T10:47:23.585+0100] {dag.py:3820} INFO - Setting next_dagrun for example_sensors to None, run_after=None
[2024-01-31T10:47:23.615+0100] {processor.py:183} INFO - Processing /home/ubuntu/.local/lib/python3.10/site-packages/airflow/example_dags/example_sensors.py took 0.081 seconds
[2024-01-31T10:48:24.158+0100] {processor.py:161} INFO - Started process (PID=28060) to work on /home/ubuntu/.local/lib/python3.10/site-packages/airflow/example_dags/example_sensors.py
[2024-01-31T10:48:24.164+0100] {processor.py:830} INFO - Processing file /home/ubuntu/.local/lib/python3.10/site-packages/airflow/example_dags/example_sensors.py for tasks to queue
[2024-01-31T10:48:24.165+0100] {logging_mixin.py:188} INFO - [2024-01-31T10:48:24.165+0100] {dagbag.py:538} INFO - Filling up the DagBag from /home/ubuntu/.local/lib/python3.10/site-packages/airflow/example_dags/example_sensors.py
[2024-01-31T10:48:24.175+0100] {processor.py:840} INFO - DAG(s) 'example_sensors' retrieved from /home/ubuntu/.local/lib/python3.10/site-packages/airflow/example_dags/example_sensors.py
[2024-01-31T10:48:24.197+0100] {logging_mixin.py:188} INFO - [2024-01-31T10:48:24.196+0100] {dag.py:3033} INFO - Sync 1 DAGs
[2024-01-31T10:48:24.206+0100] {logging_mixin.py:188} INFO - [2024-01-31T10:48:24.206+0100] {dag.py:3820} INFO - Setting next_dagrun for example_sensors to None, run_after=None
[2024-01-31T10:48:24.235+0100] {processor.py:183} INFO - Processing /home/ubuntu/.local/lib/python3.10/site-packages/airflow/example_dags/example_sensors.py took 0.080 seconds
[2024-01-31T10:49:29.992+0100] {processor.py:161} INFO - Started process (PID=28132) to work on /home/ubuntu/.local/lib/python3.10/site-packages/airflow/example_dags/example_sensors.py
[2024-01-31T10:49:29.994+0100] {processor.py:830} INFO - Processing file /home/ubuntu/.local/lib/python3.10/site-packages/airflow/example_dags/example_sensors.py for tasks to queue
[2024-01-31T10:49:29.995+0100] {logging_mixin.py:188} INFO - [2024-01-31T10:49:29.995+0100] {dagbag.py:538} INFO - Filling up the DagBag from /home/ubuntu/.local/lib/python3.10/site-packages/airflow/example_dags/example_sensors.py
[2024-01-31T10:49:30.009+0100] {processor.py:840} INFO - DAG(s) 'example_sensors' retrieved from /home/ubuntu/.local/lib/python3.10/site-packages/airflow/example_dags/example_sensors.py
[2024-01-31T10:49:30.030+0100] {logging_mixin.py:188} INFO - [2024-01-31T10:49:30.030+0100] {dag.py:3033} INFO - Sync 1 DAGs
[2024-01-31T10:49:30.043+0100] {logging_mixin.py:188} INFO - [2024-01-31T10:49:30.043+0100] {dag.py:3820} INFO - Setting next_dagrun for example_sensors to None, run_after=None
[2024-01-31T10:49:30.077+0100] {processor.py:183} INFO - Processing /home/ubuntu/.local/lib/python3.10/site-packages/airflow/example_dags/example_sensors.py took 0.090 seconds
[2024-01-31T10:50:26.330+0100] {processor.py:161} INFO - Started process (PID=28197) to work on /home/ubuntu/.local/lib/python3.10/site-packages/airflow/example_dags/example_sensors.py
[2024-01-31T10:50:26.332+0100] {processor.py:830} INFO - Processing file /home/ubuntu/.local/lib/python3.10/site-packages/airflow/example_dags/example_sensors.py for tasks to queue
[2024-01-31T10:50:26.333+0100] {logging_mixin.py:188} INFO - [2024-01-31T10:50:26.332+0100] {dagbag.py:538} INFO - Filling up the DagBag from /home/ubuntu/.local/lib/python3.10/site-packages/airflow/example_dags/example_sensors.py
[2024-01-31T10:50:26.344+0100] {processor.py:840} INFO - DAG(s) 'example_sensors' retrieved from /home/ubuntu/.local/lib/python3.10/site-packages/airflow/example_dags/example_sensors.py
[2024-01-31T10:50:26.365+0100] {logging_mixin.py:188} INFO - [2024-01-31T10:50:26.365+0100] {dag.py:3033} INFO - Sync 1 DAGs
[2024-01-31T10:50:26.380+0100] {logging_mixin.py:188} INFO - [2024-01-31T10:50:26.380+0100] {dag.py:3820} INFO - Setting next_dagrun for example_sensors to None, run_after=None
[2024-01-31T10:50:26.408+0100] {processor.py:183} INFO - Processing /home/ubuntu/.local/lib/python3.10/site-packages/airflow/example_dags/example_sensors.py took 0.082 seconds
[2024-01-31T10:51:29.958+0100] {processor.py:161} INFO - Started process (PID=28274) to work on /home/ubuntu/.local/lib/python3.10/site-packages/airflow/example_dags/example_sensors.py
[2024-01-31T10:51:29.961+0100] {processor.py:830} INFO - Processing file /home/ubuntu/.local/lib/python3.10/site-packages/airflow/example_dags/example_sensors.py for tasks to queue
[2024-01-31T10:51:29.962+0100] {logging_mixin.py:188} INFO - [2024-01-31T10:51:29.961+0100] {dagbag.py:538} INFO - Filling up the DagBag from /home/ubuntu/.local/lib/python3.10/site-packages/airflow/example_dags/example_sensors.py
[2024-01-31T10:51:29.973+0100] {processor.py:840} INFO - DAG(s) 'example_sensors' retrieved from /home/ubuntu/.local/lib/python3.10/site-packages/airflow/example_dags/example_sensors.py
[2024-01-31T10:51:29.997+0100] {logging_mixin.py:188} INFO - [2024-01-31T10:51:29.997+0100] {dag.py:3033} INFO - Sync 1 DAGs
[2024-01-31T10:51:30.014+0100] {logging_mixin.py:188} INFO - [2024-01-31T10:51:30.014+0100] {dag.py:3820} INFO - Setting next_dagrun for example_sensors to None, run_after=None
[2024-01-31T10:51:30.040+0100] {processor.py:183} INFO - Processing /home/ubuntu/.local/lib/python3.10/site-packages/airflow/example_dags/example_sensors.py took 0.085 seconds
[2024-01-31T10:52:28.929+0100] {processor.py:161} INFO - Started process (PID=28343) to work on /home/ubuntu/.local/lib/python3.10/site-packages/airflow/example_dags/example_sensors.py
[2024-01-31T10:52:28.931+0100] {processor.py:830} INFO - Processing file /home/ubuntu/.local/lib/python3.10/site-packages/airflow/example_dags/example_sensors.py for tasks to queue
[2024-01-31T10:52:28.932+0100] {logging_mixin.py:188} INFO - [2024-01-31T10:52:28.932+0100] {dagbag.py:538} INFO - Filling up the DagBag from /home/ubuntu/.local/lib/python3.10/site-packages/airflow/example_dags/example_sensors.py
[2024-01-31T10:52:28.945+0100] {processor.py:840} INFO - DAG(s) 'example_sensors' retrieved from /home/ubuntu/.local/lib/python3.10/site-packages/airflow/example_dags/example_sensors.py
[2024-01-31T10:52:28.971+0100] {logging_mixin.py:188} INFO - [2024-01-31T10:52:28.971+0100] {dag.py:3033} INFO - Sync 1 DAGs
[2024-01-31T10:52:28.982+0100] {logging_mixin.py:188} INFO - [2024-01-31T10:52:28.982+0100] {dag.py:3820} INFO - Setting next_dagrun for example_sensors to None, run_after=None
[2024-01-31T10:52:29.014+0100] {processor.py:183} INFO - Processing /home/ubuntu/.local/lib/python3.10/site-packages/airflow/example_dags/example_sensors.py took 0.089 seconds
[2024-01-31T10:53:32.841+0100] {processor.py:161} INFO - Started process (PID=28418) to work on /home/ubuntu/.local/lib/python3.10/site-packages/airflow/example_dags/example_sensors.py
[2024-01-31T10:53:32.843+0100] {processor.py:830} INFO - Processing file /home/ubuntu/.local/lib/python3.10/site-packages/airflow/example_dags/example_sensors.py for tasks to queue
[2024-01-31T10:53:32.844+0100] {logging_mixin.py:188} INFO - [2024-01-31T10:53:32.844+0100] {dagbag.py:538} INFO - Filling up the DagBag from /home/ubuntu/.local/lib/python3.10/site-packages/airflow/example_dags/example_sensors.py
[2024-01-31T10:53:32.855+0100] {processor.py:840} INFO - DAG(s) 'example_sensors' retrieved from /home/ubuntu/.local/lib/python3.10/site-packages/airflow/example_dags/example_sensors.py
[2024-01-31T10:53:32.877+0100] {logging_mixin.py:188} INFO - [2024-01-31T10:53:32.877+0100] {dag.py:3033} INFO - Sync 1 DAGs
[2024-01-31T10:53:32.891+0100] {logging_mixin.py:188} INFO - [2024-01-31T10:53:32.890+0100] {dag.py:3820} INFO - Setting next_dagrun for example_sensors to None, run_after=None
[2024-01-31T10:53:32.920+0100] {processor.py:183} INFO - Processing /home/ubuntu/.local/lib/python3.10/site-packages/airflow/example_dags/example_sensors.py took 0.082 seconds
[2024-01-31T10:54:34.348+0100] {processor.py:161} INFO - Started process (PID=28487) to work on /home/ubuntu/.local/lib/python3.10/site-packages/airflow/example_dags/example_sensors.py
[2024-01-31T10:54:34.353+0100] {processor.py:830} INFO - Processing file /home/ubuntu/.local/lib/python3.10/site-packages/airflow/example_dags/example_sensors.py for tasks to queue
[2024-01-31T10:54:34.354+0100] {logging_mixin.py:188} INFO - [2024-01-31T10:54:34.353+0100] {dagbag.py:538} INFO - Filling up the DagBag from /home/ubuntu/.local/lib/python3.10/site-packages/airflow/example_dags/example_sensors.py
[2024-01-31T10:54:34.366+0100] {processor.py:840} INFO - DAG(s) 'example_sensors' retrieved from /home/ubuntu/.local/lib/python3.10/site-packages/airflow/example_dags/example_sensors.py
[2024-01-31T10:54:34.392+0100] {logging_mixin.py:188} INFO - [2024-01-31T10:54:34.392+0100] {dag.py:3033} INFO - Sync 1 DAGs
[2024-01-31T10:54:34.404+0100] {logging_mixin.py:188} INFO - [2024-01-31T10:54:34.403+0100] {dag.py:3820} INFO - Setting next_dagrun for example_sensors to None, run_after=None
[2024-01-31T10:54:34.440+0100] {processor.py:183} INFO - Processing /home/ubuntu/.local/lib/python3.10/site-packages/airflow/example_dags/example_sensors.py took 0.096 seconds
[2024-01-31T10:55:40.149+0100] {processor.py:161} INFO - Started process (PID=28564) to work on /home/ubuntu/.local/lib/python3.10/site-packages/airflow/example_dags/example_sensors.py
[2024-01-31T10:55:40.152+0100] {processor.py:830} INFO - Processing file /home/ubuntu/.local/lib/python3.10/site-packages/airflow/example_dags/example_sensors.py for tasks to queue
[2024-01-31T10:55:40.153+0100] {logging_mixin.py:188} INFO - [2024-01-31T10:55:40.153+0100] {dagbag.py:538} INFO - Filling up the DagBag from /home/ubuntu/.local/lib/python3.10/site-packages/airflow/example_dags/example_sensors.py
[2024-01-31T10:55:40.166+0100] {processor.py:840} INFO - DAG(s) 'example_sensors' retrieved from /home/ubuntu/.local/lib/python3.10/site-packages/airflow/example_dags/example_sensors.py
[2024-01-31T10:55:40.187+0100] {logging_mixin.py:188} INFO - [2024-01-31T10:55:40.187+0100] {dag.py:3033} INFO - Sync 1 DAGs
[2024-01-31T10:55:40.200+0100] {logging_mixin.py:188} INFO - [2024-01-31T10:55:40.200+0100] {dag.py:3820} INFO - Setting next_dagrun for example_sensors to None, run_after=None
[2024-01-31T10:55:40.231+0100] {processor.py:183} INFO - Processing /home/ubuntu/.local/lib/python3.10/site-packages/airflow/example_dags/example_sensors.py took 0.086 seconds
[2024-01-31T10:56:45.478+0100] {processor.py:161} INFO - Started process (PID=28640) to work on /home/ubuntu/.local/lib/python3.10/site-packages/airflow/example_dags/example_sensors.py
[2024-01-31T10:56:45.480+0100] {processor.py:830} INFO - Processing file /home/ubuntu/.local/lib/python3.10/site-packages/airflow/example_dags/example_sensors.py for tasks to queue
[2024-01-31T10:56:45.481+0100] {logging_mixin.py:188} INFO - [2024-01-31T10:56:45.481+0100] {dagbag.py:538} INFO - Filling up the DagBag from /home/ubuntu/.local/lib/python3.10/site-packages/airflow/example_dags/example_sensors.py
[2024-01-31T10:56:45.493+0100] {processor.py:840} INFO - DAG(s) 'example_sensors' retrieved from /home/ubuntu/.local/lib/python3.10/site-packages/airflow/example_dags/example_sensors.py
[2024-01-31T10:56:45.516+0100] {logging_mixin.py:188} INFO - [2024-01-31T10:56:45.516+0100] {dag.py:3033} INFO - Sync 1 DAGs
[2024-01-31T10:56:45.528+0100] {logging_mixin.py:188} INFO - [2024-01-31T10:56:45.527+0100] {dag.py:3820} INFO - Setting next_dagrun for example_sensors to None, run_after=None
[2024-01-31T10:56:45.553+0100] {processor.py:183} INFO - Processing /home/ubuntu/.local/lib/python3.10/site-packages/airflow/example_dags/example_sensors.py took 0.079 seconds
[2024-01-31T10:57:45.525+0100] {processor.py:161} INFO - Started process (PID=28715) to work on /home/ubuntu/.local/lib/python3.10/site-packages/airflow/example_dags/example_sensors.py
[2024-01-31T10:57:45.528+0100] {processor.py:830} INFO - Processing file /home/ubuntu/.local/lib/python3.10/site-packages/airflow/example_dags/example_sensors.py for tasks to queue
[2024-01-31T10:57:45.529+0100] {logging_mixin.py:188} INFO - [2024-01-31T10:57:45.529+0100] {dagbag.py:538} INFO - Filling up the DagBag from /home/ubuntu/.local/lib/python3.10/site-packages/airflow/example_dags/example_sensors.py
[2024-01-31T10:57:45.541+0100] {processor.py:840} INFO - DAG(s) 'example_sensors' retrieved from /home/ubuntu/.local/lib/python3.10/site-packages/airflow/example_dags/example_sensors.py
[2024-01-31T10:57:45.563+0100] {logging_mixin.py:188} INFO - [2024-01-31T10:57:45.562+0100] {dag.py:3033} INFO - Sync 1 DAGs
[2024-01-31T10:57:45.575+0100] {logging_mixin.py:188} INFO - [2024-01-31T10:57:45.574+0100] {dag.py:3820} INFO - Setting next_dagrun for example_sensors to None, run_after=None
[2024-01-31T10:57:45.603+0100] {processor.py:183} INFO - Processing /home/ubuntu/.local/lib/python3.10/site-packages/airflow/example_dags/example_sensors.py took 0.083 seconds
[2024-01-31T10:58:43.465+0100] {processor.py:161} INFO - Started process (PID=28781) to work on /home/ubuntu/.local/lib/python3.10/site-packages/airflow/example_dags/example_sensors.py
[2024-01-31T10:58:43.467+0100] {processor.py:830} INFO - Processing file /home/ubuntu/.local/lib/python3.10/site-packages/airflow/example_dags/example_sensors.py for tasks to queue
[2024-01-31T10:58:43.468+0100] {logging_mixin.py:188} INFO - [2024-01-31T10:58:43.468+0100] {dagbag.py:538} INFO - Filling up the DagBag from /home/ubuntu/.local/lib/python3.10/site-packages/airflow/example_dags/example_sensors.py
[2024-01-31T10:58:43.480+0100] {processor.py:840} INFO - DAG(s) 'example_sensors' retrieved from /home/ubuntu/.local/lib/python3.10/site-packages/airflow/example_dags/example_sensors.py
[2024-01-31T10:58:43.499+0100] {logging_mixin.py:188} INFO - [2024-01-31T10:58:43.499+0100] {dag.py:3033} INFO - Sync 1 DAGs
[2024-01-31T10:58:43.509+0100] {logging_mixin.py:188} INFO - [2024-01-31T10:58:43.509+0100] {dag.py:3820} INFO - Setting next_dagrun for example_sensors to None, run_after=None
[2024-01-31T10:58:43.554+0100] {processor.py:183} INFO - Processing /home/ubuntu/.local/lib/python3.10/site-packages/airflow/example_dags/example_sensors.py took 0.092 seconds
[2024-01-31T10:59:45.695+0100] {processor.py:161} INFO - Started process (PID=28857) to work on /home/ubuntu/.local/lib/python3.10/site-packages/airflow/example_dags/example_sensors.py
[2024-01-31T10:59:45.697+0100] {processor.py:830} INFO - Processing file /home/ubuntu/.local/lib/python3.10/site-packages/airflow/example_dags/example_sensors.py for tasks to queue
[2024-01-31T10:59:45.699+0100] {logging_mixin.py:188} INFO - [2024-01-31T10:59:45.699+0100] {dagbag.py:538} INFO - Filling up the DagBag from /home/ubuntu/.local/lib/python3.10/site-packages/airflow/example_dags/example_sensors.py
[2024-01-31T10:59:45.711+0100] {processor.py:840} INFO - DAG(s) 'example_sensors' retrieved from /home/ubuntu/.local/lib/python3.10/site-packages/airflow/example_dags/example_sensors.py
[2024-01-31T10:59:45.733+0100] {logging_mixin.py:188} INFO - [2024-01-31T10:59:45.733+0100] {dag.py:3033} INFO - Sync 1 DAGs
[2024-01-31T10:59:45.746+0100] {logging_mixin.py:188} INFO - [2024-01-31T10:59:45.746+0100] {dag.py:3820} INFO - Setting next_dagrun for example_sensors to None, run_after=None
[2024-01-31T10:59:45.779+0100] {processor.py:183} INFO - Processing /home/ubuntu/.local/lib/python3.10/site-packages/airflow/example_dags/example_sensors.py took 0.087 seconds
[2024-01-31T11:00:49.889+0100] {processor.py:161} INFO - Started process (PID=28927) to work on /home/ubuntu/.local/lib/python3.10/site-packages/airflow/example_dags/example_sensors.py
[2024-01-31T11:00:49.892+0100] {processor.py:830} INFO - Processing file /home/ubuntu/.local/lib/python3.10/site-packages/airflow/example_dags/example_sensors.py for tasks to queue
[2024-01-31T11:00:49.893+0100] {logging_mixin.py:188} INFO - [2024-01-31T11:00:49.892+0100] {dagbag.py:538} INFO - Filling up the DagBag from /home/ubuntu/.local/lib/python3.10/site-packages/airflow/example_dags/example_sensors.py
[2024-01-31T11:00:49.905+0100] {processor.py:840} INFO - DAG(s) 'example_sensors' retrieved from /home/ubuntu/.local/lib/python3.10/site-packages/airflow/example_dags/example_sensors.py
[2024-01-31T11:00:49.926+0100] {logging_mixin.py:188} INFO - [2024-01-31T11:00:49.926+0100] {dag.py:3033} INFO - Sync 1 DAGs
[2024-01-31T11:00:49.936+0100] {logging_mixin.py:188} INFO - [2024-01-31T11:00:49.936+0100] {dag.py:3820} INFO - Setting next_dagrun for example_sensors to None, run_after=None
[2024-01-31T11:00:49.966+0100] {processor.py:183} INFO - Processing /home/ubuntu/.local/lib/python3.10/site-packages/airflow/example_dags/example_sensors.py took 0.081 seconds
[2024-01-31T11:01:53.130+0100] {processor.py:161} INFO - Started process (PID=29002) to work on /home/ubuntu/.local/lib/python3.10/site-packages/airflow/example_dags/example_sensors.py
[2024-01-31T11:01:53.133+0100] {processor.py:830} INFO - Processing file /home/ubuntu/.local/lib/python3.10/site-packages/airflow/example_dags/example_sensors.py for tasks to queue
[2024-01-31T11:01:53.136+0100] {logging_mixin.py:188} INFO - [2024-01-31T11:01:53.136+0100] {dagbag.py:538} INFO - Filling up the DagBag from /home/ubuntu/.local/lib/python3.10/site-packages/airflow/example_dags/example_sensors.py
[2024-01-31T11:01:53.150+0100] {processor.py:840} INFO - DAG(s) 'example_sensors' retrieved from /home/ubuntu/.local/lib/python3.10/site-packages/airflow/example_dags/example_sensors.py
[2024-01-31T11:01:53.173+0100] {logging_mixin.py:188} INFO - [2024-01-31T11:01:53.172+0100] {dag.py:3033} INFO - Sync 1 DAGs
[2024-01-31T11:01:53.187+0100] {logging_mixin.py:188} INFO - [2024-01-31T11:01:53.187+0100] {dag.py:3820} INFO - Setting next_dagrun for example_sensors to None, run_after=None
[2024-01-31T11:01:53.219+0100] {processor.py:183} INFO - Processing /home/ubuntu/.local/lib/python3.10/site-packages/airflow/example_dags/example_sensors.py took 0.095 seconds
[2024-01-31T11:02:53.456+0100] {processor.py:161} INFO - Started process (PID=29072) to work on /home/ubuntu/.local/lib/python3.10/site-packages/airflow/example_dags/example_sensors.py
[2024-01-31T11:02:53.459+0100] {processor.py:830} INFO - Processing file /home/ubuntu/.local/lib/python3.10/site-packages/airflow/example_dags/example_sensors.py for tasks to queue
[2024-01-31T11:02:53.461+0100] {logging_mixin.py:188} INFO - [2024-01-31T11:02:53.460+0100] {dagbag.py:538} INFO - Filling up the DagBag from /home/ubuntu/.local/lib/python3.10/site-packages/airflow/example_dags/example_sensors.py
[2024-01-31T11:02:53.472+0100] {processor.py:840} INFO - DAG(s) 'example_sensors' retrieved from /home/ubuntu/.local/lib/python3.10/site-packages/airflow/example_dags/example_sensors.py
[2024-01-31T11:02:53.498+0100] {logging_mixin.py:188} INFO - [2024-01-31T11:02:53.498+0100] {dag.py:3033} INFO - Sync 1 DAGs
[2024-01-31T11:02:53.512+0100] {logging_mixin.py:188} INFO - [2024-01-31T11:02:53.512+0100] {dag.py:3820} INFO - Setting next_dagrun for example_sensors to None, run_after=None
[2024-01-31T11:02:53.555+0100] {processor.py:183} INFO - Processing /home/ubuntu/.local/lib/python3.10/site-packages/airflow/example_dags/example_sensors.py took 0.102 seconds
[2024-01-31T11:03:54.272+0100] {processor.py:161} INFO - Started process (PID=29154) to work on /home/ubuntu/.local/lib/python3.10/site-packages/airflow/example_dags/example_sensors.py
[2024-01-31T11:03:54.287+0100] {processor.py:830} INFO - Processing file /home/ubuntu/.local/lib/python3.10/site-packages/airflow/example_dags/example_sensors.py for tasks to queue
[2024-01-31T11:03:54.289+0100] {logging_mixin.py:188} INFO - [2024-01-31T11:03:54.288+0100] {dagbag.py:538} INFO - Filling up the DagBag from /home/ubuntu/.local/lib/python3.10/site-packages/airflow/example_dags/example_sensors.py
[2024-01-31T11:03:54.302+0100] {processor.py:840} INFO - DAG(s) 'example_sensors' retrieved from /home/ubuntu/.local/lib/python3.10/site-packages/airflow/example_dags/example_sensors.py
[2024-01-31T11:03:54.324+0100] {logging_mixin.py:188} INFO - [2024-01-31T11:03:54.323+0100] {dag.py:3033} INFO - Sync 1 DAGs
[2024-01-31T11:03:54.334+0100] {logging_mixin.py:188} INFO - [2024-01-31T11:03:54.334+0100] {dag.py:3820} INFO - Setting next_dagrun for example_sensors to None, run_after=None
[2024-01-31T11:03:54.364+0100] {processor.py:183} INFO - Processing /home/ubuntu/.local/lib/python3.10/site-packages/airflow/example_dags/example_sensors.py took 0.097 seconds
[2024-01-31T11:04:55.489+0100] {processor.py:161} INFO - Started process (PID=29223) to work on /home/ubuntu/.local/lib/python3.10/site-packages/airflow/example_dags/example_sensors.py
[2024-01-31T11:04:55.502+0100] {processor.py:830} INFO - Processing file /home/ubuntu/.local/lib/python3.10/site-packages/airflow/example_dags/example_sensors.py for tasks to queue
[2024-01-31T11:04:55.503+0100] {logging_mixin.py:188} INFO - [2024-01-31T11:04:55.503+0100] {dagbag.py:538} INFO - Filling up the DagBag from /home/ubuntu/.local/lib/python3.10/site-packages/airflow/example_dags/example_sensors.py
[2024-01-31T11:04:55.514+0100] {processor.py:840} INFO - DAG(s) 'example_sensors' retrieved from /home/ubuntu/.local/lib/python3.10/site-packages/airflow/example_dags/example_sensors.py
[2024-01-31T11:04:55.539+0100] {logging_mixin.py:188} INFO - [2024-01-31T11:04:55.539+0100] {dag.py:3033} INFO - Sync 1 DAGs
[2024-01-31T11:04:55.551+0100] {logging_mixin.py:188} INFO - [2024-01-31T11:04:55.551+0100] {dag.py:3820} INFO - Setting next_dagrun for example_sensors to None, run_after=None
[2024-01-31T11:04:55.581+0100] {processor.py:183} INFO - Processing /home/ubuntu/.local/lib/python3.10/site-packages/airflow/example_dags/example_sensors.py took 0.096 seconds
[2024-01-31T11:05:55.147+0100] {processor.py:161} INFO - Started process (PID=29300) to work on /home/ubuntu/.local/lib/python3.10/site-packages/airflow/example_dags/example_sensors.py
[2024-01-31T11:05:55.149+0100] {processor.py:830} INFO - Processing file /home/ubuntu/.local/lib/python3.10/site-packages/airflow/example_dags/example_sensors.py for tasks to queue
[2024-01-31T11:05:55.150+0100] {logging_mixin.py:188} INFO - [2024-01-31T11:05:55.149+0100] {dagbag.py:538} INFO - Filling up the DagBag from /home/ubuntu/.local/lib/python3.10/site-packages/airflow/example_dags/example_sensors.py
[2024-01-31T11:05:55.163+0100] {processor.py:840} INFO - DAG(s) 'example_sensors' retrieved from /home/ubuntu/.local/lib/python3.10/site-packages/airflow/example_dags/example_sensors.py
[2024-01-31T11:05:55.185+0100] {logging_mixin.py:188} INFO - [2024-01-31T11:05:55.185+0100] {dag.py:3033} INFO - Sync 1 DAGs
[2024-01-31T11:05:55.195+0100] {logging_mixin.py:188} INFO - [2024-01-31T11:05:55.194+0100] {dag.py:3820} INFO - Setting next_dagrun for example_sensors to None, run_after=None
[2024-01-31T11:05:55.226+0100] {processor.py:183} INFO - Processing /home/ubuntu/.local/lib/python3.10/site-packages/airflow/example_dags/example_sensors.py took 0.084 seconds
[2024-01-31T11:06:53.649+0100] {processor.py:161} INFO - Started process (PID=29368) to work on /home/ubuntu/.local/lib/python3.10/site-packages/airflow/example_dags/example_sensors.py
[2024-01-31T11:06:53.651+0100] {processor.py:830} INFO - Processing file /home/ubuntu/.local/lib/python3.10/site-packages/airflow/example_dags/example_sensors.py for tasks to queue
[2024-01-31T11:06:53.652+0100] {logging_mixin.py:188} INFO - [2024-01-31T11:06:53.652+0100] {dagbag.py:538} INFO - Filling up the DagBag from /home/ubuntu/.local/lib/python3.10/site-packages/airflow/example_dags/example_sensors.py
[2024-01-31T11:06:53.664+0100] {processor.py:840} INFO - DAG(s) 'example_sensors' retrieved from /home/ubuntu/.local/lib/python3.10/site-packages/airflow/example_dags/example_sensors.py
[2024-01-31T11:06:53.686+0100] {logging_mixin.py:188} INFO - [2024-01-31T11:06:53.685+0100] {dag.py:3033} INFO - Sync 1 DAGs
[2024-01-31T11:06:53.697+0100] {logging_mixin.py:188} INFO - [2024-01-31T11:06:53.697+0100] {dag.py:3820} INFO - Setting next_dagrun for example_sensors to None, run_after=None
[2024-01-31T11:06:53.724+0100] {processor.py:183} INFO - Processing /home/ubuntu/.local/lib/python3.10/site-packages/airflow/example_dags/example_sensors.py took 0.079 seconds
[2024-01-31T11:07:56.611+0100] {processor.py:161} INFO - Started process (PID=29439) to work on /home/ubuntu/.local/lib/python3.10/site-packages/airflow/example_dags/example_sensors.py
[2024-01-31T11:07:56.614+0100] {processor.py:830} INFO - Processing file /home/ubuntu/.local/lib/python3.10/site-packages/airflow/example_dags/example_sensors.py for tasks to queue
[2024-01-31T11:07:56.615+0100] {logging_mixin.py:188} INFO - [2024-01-31T11:07:56.614+0100] {dagbag.py:538} INFO - Filling up the DagBag from /home/ubuntu/.local/lib/python3.10/site-packages/airflow/example_dags/example_sensors.py
[2024-01-31T11:07:56.635+0100] {processor.py:840} INFO - DAG(s) 'example_sensors' retrieved from /home/ubuntu/.local/lib/python3.10/site-packages/airflow/example_dags/example_sensors.py
[2024-01-31T11:07:56.664+0100] {logging_mixin.py:188} INFO - [2024-01-31T11:07:56.664+0100] {dag.py:3033} INFO - Sync 1 DAGs
[2024-01-31T11:07:56.676+0100] {logging_mixin.py:188} INFO - [2024-01-31T11:07:56.676+0100] {dag.py:3820} INFO - Setting next_dagrun for example_sensors to None, run_after=None
[2024-01-31T11:07:56.706+0100] {processor.py:183} INFO - Processing /home/ubuntu/.local/lib/python3.10/site-packages/airflow/example_dags/example_sensors.py took 0.098 seconds
[2024-01-31T11:09:00.218+0100] {processor.py:161} INFO - Started process (PID=29513) to work on /home/ubuntu/.local/lib/python3.10/site-packages/airflow/example_dags/example_sensors.py
[2024-01-31T11:09:00.221+0100] {processor.py:830} INFO - Processing file /home/ubuntu/.local/lib/python3.10/site-packages/airflow/example_dags/example_sensors.py for tasks to queue
[2024-01-31T11:09:00.222+0100] {logging_mixin.py:188} INFO - [2024-01-31T11:09:00.222+0100] {dagbag.py:538} INFO - Filling up the DagBag from /home/ubuntu/.local/lib/python3.10/site-packages/airflow/example_dags/example_sensors.py
[2024-01-31T11:09:00.235+0100] {processor.py:840} INFO - DAG(s) 'example_sensors' retrieved from /home/ubuntu/.local/lib/python3.10/site-packages/airflow/example_dags/example_sensors.py
[2024-01-31T11:09:00.257+0100] {logging_mixin.py:188} INFO - [2024-01-31T11:09:00.257+0100] {dag.py:3033} INFO - Sync 1 DAGs
[2024-01-31T11:09:00.270+0100] {logging_mixin.py:188} INFO - [2024-01-31T11:09:00.270+0100] {dag.py:3820} INFO - Setting next_dagrun for example_sensors to None, run_after=None
[2024-01-31T11:09:00.304+0100] {processor.py:183} INFO - Processing /home/ubuntu/.local/lib/python3.10/site-packages/airflow/example_dags/example_sensors.py took 0.089 seconds
[2024-01-31T11:10:06.798+0100] {processor.py:161} INFO - Started process (PID=29587) to work on /home/ubuntu/.local/lib/python3.10/site-packages/airflow/example_dags/example_sensors.py
[2024-01-31T11:10:06.800+0100] {processor.py:830} INFO - Processing file /home/ubuntu/.local/lib/python3.10/site-packages/airflow/example_dags/example_sensors.py for tasks to queue
[2024-01-31T11:10:06.801+0100] {logging_mixin.py:188} INFO - [2024-01-31T11:10:06.801+0100] {dagbag.py:538} INFO - Filling up the DagBag from /home/ubuntu/.local/lib/python3.10/site-packages/airflow/example_dags/example_sensors.py
[2024-01-31T11:10:06.813+0100] {processor.py:840} INFO - DAG(s) 'example_sensors' retrieved from /home/ubuntu/.local/lib/python3.10/site-packages/airflow/example_dags/example_sensors.py
[2024-01-31T11:10:06.835+0100] {logging_mixin.py:188} INFO - [2024-01-31T11:10:06.834+0100] {dag.py:3033} INFO - Sync 1 DAGs
[2024-01-31T11:10:06.846+0100] {logging_mixin.py:188} INFO - [2024-01-31T11:10:06.846+0100] {dag.py:3820} INFO - Setting next_dagrun for example_sensors to None, run_after=None
[2024-01-31T11:10:06.876+0100] {processor.py:183} INFO - Processing /home/ubuntu/.local/lib/python3.10/site-packages/airflow/example_dags/example_sensors.py took 0.084 seconds
[2024-01-31T11:11:06.624+0100] {processor.py:161} INFO - Started process (PID=29662) to work on /home/ubuntu/.local/lib/python3.10/site-packages/airflow/example_dags/example_sensors.py
[2024-01-31T11:11:06.627+0100] {processor.py:830} INFO - Processing file /home/ubuntu/.local/lib/python3.10/site-packages/airflow/example_dags/example_sensors.py for tasks to queue
[2024-01-31T11:11:06.628+0100] {logging_mixin.py:188} INFO - [2024-01-31T11:11:06.627+0100] {dagbag.py:538} INFO - Filling up the DagBag from /home/ubuntu/.local/lib/python3.10/site-packages/airflow/example_dags/example_sensors.py
[2024-01-31T11:11:06.639+0100] {processor.py:840} INFO - DAG(s) 'example_sensors' retrieved from /home/ubuntu/.local/lib/python3.10/site-packages/airflow/example_dags/example_sensors.py
[2024-01-31T11:11:06.663+0100] {logging_mixin.py:188} INFO - [2024-01-31T11:11:06.662+0100] {dag.py:3033} INFO - Sync 1 DAGs
[2024-01-31T11:11:06.675+0100] {logging_mixin.py:188} INFO - [2024-01-31T11:11:06.675+0100] {dag.py:3820} INFO - Setting next_dagrun for example_sensors to None, run_after=None
[2024-01-31T11:11:06.707+0100] {processor.py:183} INFO - Processing /home/ubuntu/.local/lib/python3.10/site-packages/airflow/example_dags/example_sensors.py took 0.087 seconds
[2024-01-31T11:12:09.291+0100] {processor.py:161} INFO - Started process (PID=29729) to work on /home/ubuntu/.local/lib/python3.10/site-packages/airflow/example_dags/example_sensors.py
[2024-01-31T11:12:09.294+0100] {processor.py:830} INFO - Processing file /home/ubuntu/.local/lib/python3.10/site-packages/airflow/example_dags/example_sensors.py for tasks to queue
[2024-01-31T11:12:09.295+0100] {logging_mixin.py:188} INFO - [2024-01-31T11:12:09.294+0100] {dagbag.py:538} INFO - Filling up the DagBag from /home/ubuntu/.local/lib/python3.10/site-packages/airflow/example_dags/example_sensors.py
[2024-01-31T11:12:09.307+0100] {processor.py:840} INFO - DAG(s) 'example_sensors' retrieved from /home/ubuntu/.local/lib/python3.10/site-packages/airflow/example_dags/example_sensors.py
[2024-01-31T11:12:09.331+0100] {logging_mixin.py:188} INFO - [2024-01-31T11:12:09.330+0100] {dag.py:3033} INFO - Sync 1 DAGs
[2024-01-31T11:12:09.341+0100] {logging_mixin.py:188} INFO - [2024-01-31T11:12:09.341+0100] {dag.py:3820} INFO - Setting next_dagrun for example_sensors to None, run_after=None
[2024-01-31T11:12:09.368+0100] {processor.py:183} INFO - Processing /home/ubuntu/.local/lib/python3.10/site-packages/airflow/example_dags/example_sensors.py took 0.081 seconds
[2024-01-31T11:13:19.621+0100] {processor.py:161} INFO - Started process (PID=29805) to work on /home/ubuntu/.local/lib/python3.10/site-packages/airflow/example_dags/example_sensors.py
[2024-01-31T11:13:19.623+0100] {processor.py:830} INFO - Processing file /home/ubuntu/.local/lib/python3.10/site-packages/airflow/example_dags/example_sensors.py for tasks to queue
[2024-01-31T11:13:19.625+0100] {logging_mixin.py:188} INFO - [2024-01-31T11:13:19.624+0100] {dagbag.py:538} INFO - Filling up the DagBag from /home/ubuntu/.local/lib/python3.10/site-packages/airflow/example_dags/example_sensors.py
[2024-01-31T11:13:19.639+0100] {processor.py:840} INFO - DAG(s) 'example_sensors' retrieved from /home/ubuntu/.local/lib/python3.10/site-packages/airflow/example_dags/example_sensors.py
[2024-01-31T11:13:19.664+0100] {logging_mixin.py:188} INFO - [2024-01-31T11:13:19.664+0100] {dag.py:3033} INFO - Sync 1 DAGs
[2024-01-31T11:13:19.680+0100] {logging_mixin.py:188} INFO - [2024-01-31T11:13:19.680+0100] {dag.py:3820} INFO - Setting next_dagrun for example_sensors to None, run_after=None
[2024-01-31T11:13:19.709+0100] {processor.py:183} INFO - Processing /home/ubuntu/.local/lib/python3.10/site-packages/airflow/example_dags/example_sensors.py took 0.092 seconds
[2024-01-31T11:14:20.922+0100] {processor.py:161} INFO - Started process (PID=29880) to work on /home/ubuntu/.local/lib/python3.10/site-packages/airflow/example_dags/example_sensors.py
[2024-01-31T11:14:20.925+0100] {processor.py:830} INFO - Processing file /home/ubuntu/.local/lib/python3.10/site-packages/airflow/example_dags/example_sensors.py for tasks to queue
[2024-01-31T11:14:20.927+0100] {logging_mixin.py:188} INFO - [2024-01-31T11:14:20.926+0100] {dagbag.py:538} INFO - Filling up the DagBag from /home/ubuntu/.local/lib/python3.10/site-packages/airflow/example_dags/example_sensors.py
[2024-01-31T11:14:20.960+0100] {processor.py:840} INFO - DAG(s) 'example_sensors' retrieved from /home/ubuntu/.local/lib/python3.10/site-packages/airflow/example_dags/example_sensors.py
[2024-01-31T11:14:21.013+0100] {logging_mixin.py:188} INFO - [2024-01-31T11:14:21.012+0100] {dag.py:3033} INFO - Sync 1 DAGs
[2024-01-31T11:14:21.053+0100] {logging_mixin.py:188} INFO - [2024-01-31T11:14:21.053+0100] {dag.py:3820} INFO - Setting next_dagrun for example_sensors to None, run_after=None
[2024-01-31T11:14:21.121+0100] {processor.py:183} INFO - Processing /home/ubuntu/.local/lib/python3.10/site-packages/airflow/example_dags/example_sensors.py took 0.206 seconds
[2024-01-31T11:15:43.664+0100] {processor.py:161} INFO - Started process (PID=30560) to work on /home/ubuntu/.local/lib/python3.10/site-packages/airflow/example_dags/example_sensors.py
[2024-01-31T11:15:43.667+0100] {processor.py:830} INFO - Processing file /home/ubuntu/.local/lib/python3.10/site-packages/airflow/example_dags/example_sensors.py for tasks to queue
[2024-01-31T11:15:43.669+0100] {logging_mixin.py:188} INFO - [2024-01-31T11:15:43.668+0100] {dagbag.py:538} INFO - Filling up the DagBag from /home/ubuntu/.local/lib/python3.10/site-packages/airflow/example_dags/example_sensors.py
[2024-01-31T11:15:43.684+0100] {processor.py:840} INFO - DAG(s) 'example_sensors' retrieved from /home/ubuntu/.local/lib/python3.10/site-packages/airflow/example_dags/example_sensors.py
[2024-01-31T11:15:43.707+0100] {logging_mixin.py:188} INFO - [2024-01-31T11:15:43.707+0100] {dag.py:3033} INFO - Sync 1 DAGs
[2024-01-31T11:15:43.721+0100] {logging_mixin.py:188} INFO - [2024-01-31T11:15:43.720+0100] {dag.py:3820} INFO - Setting next_dagrun for example_sensors to None, run_after=None
[2024-01-31T11:15:43.752+0100] {processor.py:183} INFO - Processing /home/ubuntu/.local/lib/python3.10/site-packages/airflow/example_dags/example_sensors.py took 0.093 seconds
[2024-01-31T11:16:56.445+0100] {processor.py:161} INFO - Started process (PID=30640) to work on /home/ubuntu/.local/lib/python3.10/site-packages/airflow/example_dags/example_sensors.py
[2024-01-31T11:16:56.447+0100] {processor.py:830} INFO - Processing file /home/ubuntu/.local/lib/python3.10/site-packages/airflow/example_dags/example_sensors.py for tasks to queue
[2024-01-31T11:16:56.447+0100] {logging_mixin.py:188} INFO - [2024-01-31T11:16:56.447+0100] {dagbag.py:538} INFO - Filling up the DagBag from /home/ubuntu/.local/lib/python3.10/site-packages/airflow/example_dags/example_sensors.py
[2024-01-31T11:16:56.459+0100] {processor.py:840} INFO - DAG(s) 'example_sensors' retrieved from /home/ubuntu/.local/lib/python3.10/site-packages/airflow/example_dags/example_sensors.py
[2024-01-31T11:16:56.482+0100] {logging_mixin.py:188} INFO - [2024-01-31T11:16:56.482+0100] {dag.py:3033} INFO - Sync 1 DAGs
[2024-01-31T11:16:56.494+0100] {logging_mixin.py:188} INFO - [2024-01-31T11:16:56.494+0100] {dag.py:3820} INFO - Setting next_dagrun for example_sensors to None, run_after=None
[2024-01-31T11:16:56.525+0100] {processor.py:183} INFO - Processing /home/ubuntu/.local/lib/python3.10/site-packages/airflow/example_dags/example_sensors.py took 0.085 seconds
[2024-01-31T11:18:23.476+0100] {processor.py:161} INFO - Started process (PID=30731) to work on /home/ubuntu/.local/lib/python3.10/site-packages/airflow/example_dags/example_sensors.py
[2024-01-31T11:18:23.478+0100] {processor.py:830} INFO - Processing file /home/ubuntu/.local/lib/python3.10/site-packages/airflow/example_dags/example_sensors.py for tasks to queue
[2024-01-31T11:18:23.479+0100] {logging_mixin.py:188} INFO - [2024-01-31T11:18:23.479+0100] {dagbag.py:538} INFO - Filling up the DagBag from /home/ubuntu/.local/lib/python3.10/site-packages/airflow/example_dags/example_sensors.py
[2024-01-31T11:18:23.491+0100] {processor.py:840} INFO - DAG(s) 'example_sensors' retrieved from /home/ubuntu/.local/lib/python3.10/site-packages/airflow/example_dags/example_sensors.py
[2024-01-31T11:18:23.513+0100] {logging_mixin.py:188} INFO - [2024-01-31T11:18:23.513+0100] {dag.py:3033} INFO - Sync 1 DAGs
[2024-01-31T11:18:23.525+0100] {logging_mixin.py:188} INFO - [2024-01-31T11:18:23.525+0100] {dag.py:3820} INFO - Setting next_dagrun for example_sensors to None, run_after=None
[2024-01-31T11:18:23.552+0100] {processor.py:183} INFO - Processing /home/ubuntu/.local/lib/python3.10/site-packages/airflow/example_dags/example_sensors.py took 0.079 seconds
[2024-01-31T11:19:36.629+0100] {processor.py:161} INFO - Started process (PID=30809) to work on /home/ubuntu/.local/lib/python3.10/site-packages/airflow/example_dags/example_sensors.py
[2024-01-31T11:19:36.631+0100] {processor.py:830} INFO - Processing file /home/ubuntu/.local/lib/python3.10/site-packages/airflow/example_dags/example_sensors.py for tasks to queue
[2024-01-31T11:19:36.632+0100] {logging_mixin.py:188} INFO - [2024-01-31T11:19:36.632+0100] {dagbag.py:538} INFO - Filling up the DagBag from /home/ubuntu/.local/lib/python3.10/site-packages/airflow/example_dags/example_sensors.py
[2024-01-31T11:19:36.648+0100] {processor.py:840} INFO - DAG(s) 'example_sensors' retrieved from /home/ubuntu/.local/lib/python3.10/site-packages/airflow/example_dags/example_sensors.py
[2024-01-31T11:19:36.670+0100] {logging_mixin.py:188} INFO - [2024-01-31T11:19:36.670+0100] {dag.py:3033} INFO - Sync 1 DAGs
[2024-01-31T11:19:36.681+0100] {logging_mixin.py:188} INFO - [2024-01-31T11:19:36.681+0100] {dag.py:3820} INFO - Setting next_dagrun for example_sensors to None, run_after=None
[2024-01-31T11:19:36.712+0100] {processor.py:183} INFO - Processing /home/ubuntu/.local/lib/python3.10/site-packages/airflow/example_dags/example_sensors.py took 0.086 seconds
[2024-01-31T11:20:44.130+0100] {processor.py:161} INFO - Started process (PID=30890) to work on /home/ubuntu/.local/lib/python3.10/site-packages/airflow/example_dags/example_sensors.py
[2024-01-31T11:20:44.132+0100] {processor.py:830} INFO - Processing file /home/ubuntu/.local/lib/python3.10/site-packages/airflow/example_dags/example_sensors.py for tasks to queue
[2024-01-31T11:20:44.133+0100] {logging_mixin.py:188} INFO - [2024-01-31T11:20:44.132+0100] {dagbag.py:538} INFO - Filling up the DagBag from /home/ubuntu/.local/lib/python3.10/site-packages/airflow/example_dags/example_sensors.py
[2024-01-31T11:20:44.144+0100] {processor.py:840} INFO - DAG(s) 'example_sensors' retrieved from /home/ubuntu/.local/lib/python3.10/site-packages/airflow/example_dags/example_sensors.py
[2024-01-31T11:20:44.165+0100] {logging_mixin.py:188} INFO - [2024-01-31T11:20:44.165+0100] {dag.py:3033} INFO - Sync 1 DAGs
[2024-01-31T11:20:44.176+0100] {logging_mixin.py:188} INFO - [2024-01-31T11:20:44.176+0100] {dag.py:3820} INFO - Setting next_dagrun for example_sensors to None, run_after=None
[2024-01-31T11:20:44.205+0100] {processor.py:183} INFO - Processing /home/ubuntu/.local/lib/python3.10/site-packages/airflow/example_dags/example_sensors.py took 0.079 seconds
[2024-01-31T11:21:49.646+0100] {processor.py:161} INFO - Started process (PID=30961) to work on /home/ubuntu/.local/lib/python3.10/site-packages/airflow/example_dags/example_sensors.py
[2024-01-31T11:21:49.648+0100] {processor.py:830} INFO - Processing file /home/ubuntu/.local/lib/python3.10/site-packages/airflow/example_dags/example_sensors.py for tasks to queue
[2024-01-31T11:21:49.649+0100] {logging_mixin.py:188} INFO - [2024-01-31T11:21:49.649+0100] {dagbag.py:538} INFO - Filling up the DagBag from /home/ubuntu/.local/lib/python3.10/site-packages/airflow/example_dags/example_sensors.py
[2024-01-31T11:21:49.660+0100] {processor.py:840} INFO - DAG(s) 'example_sensors' retrieved from /home/ubuntu/.local/lib/python3.10/site-packages/airflow/example_dags/example_sensors.py
[2024-01-31T11:21:49.681+0100] {logging_mixin.py:188} INFO - [2024-01-31T11:21:49.681+0100] {dag.py:3033} INFO - Sync 1 DAGs
[2024-01-31T11:21:49.694+0100] {logging_mixin.py:188} INFO - [2024-01-31T11:21:49.693+0100] {dag.py:3820} INFO - Setting next_dagrun for example_sensors to None, run_after=None
[2024-01-31T11:21:49.726+0100] {processor.py:183} INFO - Processing /home/ubuntu/.local/lib/python3.10/site-packages/airflow/example_dags/example_sensors.py took 0.083 seconds
[2024-01-31T11:22:51.924+0100] {processor.py:161} INFO - Started process (PID=31036) to work on /home/ubuntu/.local/lib/python3.10/site-packages/airflow/example_dags/example_sensors.py
[2024-01-31T11:22:51.926+0100] {processor.py:830} INFO - Processing file /home/ubuntu/.local/lib/python3.10/site-packages/airflow/example_dags/example_sensors.py for tasks to queue
[2024-01-31T11:22:51.927+0100] {logging_mixin.py:188} INFO - [2024-01-31T11:22:51.927+0100] {dagbag.py:538} INFO - Filling up the DagBag from /home/ubuntu/.local/lib/python3.10/site-packages/airflow/example_dags/example_sensors.py
[2024-01-31T11:22:51.937+0100] {processor.py:840} INFO - DAG(s) 'example_sensors' retrieved from /home/ubuntu/.local/lib/python3.10/site-packages/airflow/example_dags/example_sensors.py
[2024-01-31T11:22:51.956+0100] {logging_mixin.py:188} INFO - [2024-01-31T11:22:51.956+0100] {dag.py:3033} INFO - Sync 1 DAGs
[2024-01-31T11:22:51.968+0100] {logging_mixin.py:188} INFO - [2024-01-31T11:22:51.967+0100] {dag.py:3820} INFO - Setting next_dagrun for example_sensors to None, run_after=None
[2024-01-31T11:22:51.996+0100] {processor.py:183} INFO - Processing /home/ubuntu/.local/lib/python3.10/site-packages/airflow/example_dags/example_sensors.py took 0.076 seconds
[2024-01-31T11:23:58.829+0100] {processor.py:161} INFO - Started process (PID=31114) to work on /home/ubuntu/.local/lib/python3.10/site-packages/airflow/example_dags/example_sensors.py
[2024-01-31T11:23:58.832+0100] {processor.py:830} INFO - Processing file /home/ubuntu/.local/lib/python3.10/site-packages/airflow/example_dags/example_sensors.py for tasks to queue
[2024-01-31T11:23:58.833+0100] {logging_mixin.py:188} INFO - [2024-01-31T11:23:58.832+0100] {dagbag.py:538} INFO - Filling up the DagBag from /home/ubuntu/.local/lib/python3.10/site-packages/airflow/example_dags/example_sensors.py
[2024-01-31T11:23:58.844+0100] {processor.py:840} INFO - DAG(s) 'example_sensors' retrieved from /home/ubuntu/.local/lib/python3.10/site-packages/airflow/example_dags/example_sensors.py
[2024-01-31T11:23:58.865+0100] {logging_mixin.py:188} INFO - [2024-01-31T11:23:58.865+0100] {dag.py:3033} INFO - Sync 1 DAGs
[2024-01-31T11:23:58.881+0100] {logging_mixin.py:188} INFO - [2024-01-31T11:23:58.881+0100] {dag.py:3820} INFO - Setting next_dagrun for example_sensors to None, run_after=None
[2024-01-31T11:23:58.911+0100] {processor.py:183} INFO - Processing /home/ubuntu/.local/lib/python3.10/site-packages/airflow/example_dags/example_sensors.py took 0.085 seconds
[2024-01-31T11:25:04.981+0100] {processor.py:161} INFO - Started process (PID=31191) to work on /home/ubuntu/.local/lib/python3.10/site-packages/airflow/example_dags/example_sensors.py
[2024-01-31T11:25:04.983+0100] {processor.py:830} INFO - Processing file /home/ubuntu/.local/lib/python3.10/site-packages/airflow/example_dags/example_sensors.py for tasks to queue
[2024-01-31T11:25:04.984+0100] {logging_mixin.py:188} INFO - [2024-01-31T11:25:04.984+0100] {dagbag.py:538} INFO - Filling up the DagBag from /home/ubuntu/.local/lib/python3.10/site-packages/airflow/example_dags/example_sensors.py
[2024-01-31T11:25:04.995+0100] {processor.py:840} INFO - DAG(s) 'example_sensors' retrieved from /home/ubuntu/.local/lib/python3.10/site-packages/airflow/example_dags/example_sensors.py
[2024-01-31T11:25:05.017+0100] {logging_mixin.py:188} INFO - [2024-01-31T11:25:05.017+0100] {dag.py:3033} INFO - Sync 1 DAGs
[2024-01-31T11:25:05.028+0100] {logging_mixin.py:188} INFO - [2024-01-31T11:25:05.028+0100] {dag.py:3820} INFO - Setting next_dagrun for example_sensors to None, run_after=None
[2024-01-31T11:25:05.057+0100] {processor.py:183} INFO - Processing /home/ubuntu/.local/lib/python3.10/site-packages/airflow/example_dags/example_sensors.py took 0.080 seconds
[2024-01-31T11:26:45.540+0100] {processor.py:161} INFO - Started process (PID=31277) to work on /home/ubuntu/.local/lib/python3.10/site-packages/airflow/example_dags/example_sensors.py
[2024-01-31T11:26:45.542+0100] {processor.py:830} INFO - Processing file /home/ubuntu/.local/lib/python3.10/site-packages/airflow/example_dags/example_sensors.py for tasks to queue
[2024-01-31T11:26:45.543+0100] {logging_mixin.py:188} INFO - [2024-01-31T11:26:45.543+0100] {dagbag.py:538} INFO - Filling up the DagBag from /home/ubuntu/.local/lib/python3.10/site-packages/airflow/example_dags/example_sensors.py
[2024-01-31T11:26:45.556+0100] {processor.py:840} INFO - DAG(s) 'example_sensors' retrieved from /home/ubuntu/.local/lib/python3.10/site-packages/airflow/example_dags/example_sensors.py
[2024-01-31T11:26:45.577+0100] {logging_mixin.py:188} INFO - [2024-01-31T11:26:45.576+0100] {dag.py:3033} INFO - Sync 1 DAGs
[2024-01-31T11:26:45.588+0100] {logging_mixin.py:188} INFO - [2024-01-31T11:26:45.588+0100] {dag.py:3820} INFO - Setting next_dagrun for example_sensors to None, run_after=None
[2024-01-31T11:26:45.617+0100] {processor.py:183} INFO - Processing /home/ubuntu/.local/lib/python3.10/site-packages/airflow/example_dags/example_sensors.py took 0.080 seconds
