[2024-01-31T01:01:59.221+0100] {processor.py:161} INFO - Started process (PID=26551) to work on /home/ubuntu/.local/lib/python3.10/site-packages/airflow/example_dags/example_sensor_decorator.py
[2024-01-31T01:01:59.222+0100] {processor.py:830} INFO - Processing file /home/ubuntu/.local/lib/python3.10/site-packages/airflow/example_dags/example_sensor_decorator.py for tasks to queue
[2024-01-31T01:01:59.223+0100] {logging_mixin.py:188} INFO - [2024-01-31T01:01:59.222+0100] {dagbag.py:538} INFO - Filling up the DagBag from /home/ubuntu/.local/lib/python3.10/site-packages/airflow/example_dags/example_sensor_decorator.py
[2024-01-31T01:01:59.230+0100] {processor.py:840} INFO - DAG(s) 'example_sensor_decorator' retrieved from /home/ubuntu/.local/lib/python3.10/site-packages/airflow/example_dags/example_sensor_decorator.py
[2024-01-31T01:01:59.246+0100] {logging_mixin.py:188} INFO - [2024-01-31T01:01:59.245+0100] {dag.py:3033} INFO - Sync 1 DAGs
[2024-01-31T01:01:59.256+0100] {logging_mixin.py:188} INFO - [2024-01-31T01:01:59.255+0100] {dag.py:3820} INFO - Setting next_dagrun for example_sensor_decorator to None, run_after=None
[2024-01-31T01:01:59.291+0100] {processor.py:183} INFO - Processing /home/ubuntu/.local/lib/python3.10/site-packages/airflow/example_dags/example_sensor_decorator.py took 0.073 seconds
[2024-01-31T10:29:47.021+0100] {processor.py:161} INFO - Started process (PID=26712) to work on /home/ubuntu/.local/lib/python3.10/site-packages/airflow/example_dags/example_sensor_decorator.py
[2024-01-31T10:29:47.023+0100] {processor.py:830} INFO - Processing file /home/ubuntu/.local/lib/python3.10/site-packages/airflow/example_dags/example_sensor_decorator.py for tasks to queue
[2024-01-31T10:29:47.024+0100] {logging_mixin.py:188} INFO - [2024-01-31T10:29:47.024+0100] {dagbag.py:538} INFO - Filling up the DagBag from /home/ubuntu/.local/lib/python3.10/site-packages/airflow/example_dags/example_sensor_decorator.py
[2024-01-31T10:29:47.030+0100] {processor.py:840} INFO - DAG(s) 'example_sensor_decorator' retrieved from /home/ubuntu/.local/lib/python3.10/site-packages/airflow/example_dags/example_sensor_decorator.py
[2024-01-31T10:29:47.046+0100] {logging_mixin.py:188} INFO - [2024-01-31T10:29:47.046+0100] {dag.py:3033} INFO - Sync 1 DAGs
[2024-01-31T10:29:47.056+0100] {logging_mixin.py:188} INFO - [2024-01-31T10:29:47.056+0100] {dag.py:3820} INFO - Setting next_dagrun for example_sensor_decorator to None, run_after=None
[2024-01-31T10:29:47.084+0100] {processor.py:183} INFO - Processing /home/ubuntu/.local/lib/python3.10/site-packages/airflow/example_dags/example_sensor_decorator.py took 0.066 seconds
[2024-01-31T10:30:36.118+0100] {processor.py:161} INFO - Started process (PID=26771) to work on /home/ubuntu/.local/lib/python3.10/site-packages/airflow/example_dags/example_sensor_decorator.py
[2024-01-31T10:30:36.120+0100] {processor.py:830} INFO - Processing file /home/ubuntu/.local/lib/python3.10/site-packages/airflow/example_dags/example_sensor_decorator.py for tasks to queue
[2024-01-31T10:30:36.121+0100] {logging_mixin.py:188} INFO - [2024-01-31T10:30:36.121+0100] {dagbag.py:538} INFO - Filling up the DagBag from /home/ubuntu/.local/lib/python3.10/site-packages/airflow/example_dags/example_sensor_decorator.py
[2024-01-31T10:30:36.128+0100] {processor.py:840} INFO - DAG(s) 'example_sensor_decorator' retrieved from /home/ubuntu/.local/lib/python3.10/site-packages/airflow/example_dags/example_sensor_decorator.py
[2024-01-31T10:30:36.146+0100] {logging_mixin.py:188} INFO - [2024-01-31T10:30:36.146+0100] {dag.py:3033} INFO - Sync 1 DAGs
[2024-01-31T10:30:36.158+0100] {logging_mixin.py:188} INFO - [2024-01-31T10:30:36.158+0100] {dag.py:3820} INFO - Setting next_dagrun for example_sensor_decorator to None, run_after=None
[2024-01-31T10:30:36.193+0100] {processor.py:183} INFO - Processing /home/ubuntu/.local/lib/python3.10/site-packages/airflow/example_dags/example_sensor_decorator.py took 0.078 seconds
[2024-01-31T10:31:34.588+0100] {processor.py:161} INFO - Started process (PID=26837) to work on /home/ubuntu/.local/lib/python3.10/site-packages/airflow/example_dags/example_sensor_decorator.py
[2024-01-31T10:31:34.593+0100] {processor.py:830} INFO - Processing file /home/ubuntu/.local/lib/python3.10/site-packages/airflow/example_dags/example_sensor_decorator.py for tasks to queue
[2024-01-31T10:31:34.594+0100] {logging_mixin.py:188} INFO - [2024-01-31T10:31:34.593+0100] {dagbag.py:538} INFO - Filling up the DagBag from /home/ubuntu/.local/lib/python3.10/site-packages/airflow/example_dags/example_sensor_decorator.py
[2024-01-31T10:31:34.601+0100] {processor.py:840} INFO - DAG(s) 'example_sensor_decorator' retrieved from /home/ubuntu/.local/lib/python3.10/site-packages/airflow/example_dags/example_sensor_decorator.py
[2024-01-31T10:31:34.617+0100] {logging_mixin.py:188} INFO - [2024-01-31T10:31:34.617+0100] {dag.py:3033} INFO - Sync 1 DAGs
[2024-01-31T10:31:34.630+0100] {logging_mixin.py:188} INFO - [2024-01-31T10:31:34.630+0100] {dag.py:3820} INFO - Setting next_dagrun for example_sensor_decorator to None, run_after=None
[2024-01-31T10:31:34.660+0100] {processor.py:183} INFO - Processing /home/ubuntu/.local/lib/python3.10/site-packages/airflow/example_dags/example_sensor_decorator.py took 0.077 seconds
[2024-01-31T10:32:32.059+0100] {processor.py:161} INFO - Started process (PID=26910) to work on /home/ubuntu/.local/lib/python3.10/site-packages/airflow/example_dags/example_sensor_decorator.py
[2024-01-31T10:32:32.061+0100] {processor.py:830} INFO - Processing file /home/ubuntu/.local/lib/python3.10/site-packages/airflow/example_dags/example_sensor_decorator.py for tasks to queue
[2024-01-31T10:32:32.063+0100] {logging_mixin.py:188} INFO - [2024-01-31T10:32:32.062+0100] {dagbag.py:538} INFO - Filling up the DagBag from /home/ubuntu/.local/lib/python3.10/site-packages/airflow/example_dags/example_sensor_decorator.py
[2024-01-31T10:32:32.070+0100] {processor.py:840} INFO - DAG(s) 'example_sensor_decorator' retrieved from /home/ubuntu/.local/lib/python3.10/site-packages/airflow/example_dags/example_sensor_decorator.py
[2024-01-31T10:32:32.088+0100] {logging_mixin.py:188} INFO - [2024-01-31T10:32:32.088+0100] {dag.py:3033} INFO - Sync 1 DAGs
[2024-01-31T10:32:32.100+0100] {logging_mixin.py:188} INFO - [2024-01-31T10:32:32.100+0100] {dag.py:3820} INFO - Setting next_dagrun for example_sensor_decorator to None, run_after=None
[2024-01-31T10:32:32.128+0100] {processor.py:183} INFO - Processing /home/ubuntu/.local/lib/python3.10/site-packages/airflow/example_dags/example_sensor_decorator.py took 0.073 seconds
[2024-01-31T10:33:34.587+0100] {processor.py:161} INFO - Started process (PID=26978) to work on /home/ubuntu/.local/lib/python3.10/site-packages/airflow/example_dags/example_sensor_decorator.py
[2024-01-31T10:33:34.589+0100] {processor.py:830} INFO - Processing file /home/ubuntu/.local/lib/python3.10/site-packages/airflow/example_dags/example_sensor_decorator.py for tasks to queue
[2024-01-31T10:33:34.590+0100] {logging_mixin.py:188} INFO - [2024-01-31T10:33:34.590+0100] {dagbag.py:538} INFO - Filling up the DagBag from /home/ubuntu/.local/lib/python3.10/site-packages/airflow/example_dags/example_sensor_decorator.py
[2024-01-31T10:33:34.597+0100] {processor.py:840} INFO - DAG(s) 'example_sensor_decorator' retrieved from /home/ubuntu/.local/lib/python3.10/site-packages/airflow/example_dags/example_sensor_decorator.py
[2024-01-31T10:33:34.614+0100] {logging_mixin.py:188} INFO - [2024-01-31T10:33:34.614+0100] {dag.py:3033} INFO - Sync 1 DAGs
[2024-01-31T10:33:34.626+0100] {logging_mixin.py:188} INFO - [2024-01-31T10:33:34.626+0100] {dag.py:3820} INFO - Setting next_dagrun for example_sensor_decorator to None, run_after=None
[2024-01-31T10:33:34.653+0100] {processor.py:183} INFO - Processing /home/ubuntu/.local/lib/python3.10/site-packages/airflow/example_dags/example_sensor_decorator.py took 0.070 seconds
[2024-01-31T10:34:36.771+0100] {processor.py:161} INFO - Started process (PID=27090) to work on /home/ubuntu/.local/lib/python3.10/site-packages/airflow/example_dags/example_sensor_decorator.py
[2024-01-31T10:34:36.773+0100] {processor.py:830} INFO - Processing file /home/ubuntu/.local/lib/python3.10/site-packages/airflow/example_dags/example_sensor_decorator.py for tasks to queue
[2024-01-31T10:34:36.774+0100] {logging_mixin.py:188} INFO - [2024-01-31T10:34:36.773+0100] {dagbag.py:538} INFO - Filling up the DagBag from /home/ubuntu/.local/lib/python3.10/site-packages/airflow/example_dags/example_sensor_decorator.py
[2024-01-31T10:34:36.782+0100] {processor.py:840} INFO - DAG(s) 'example_sensor_decorator' retrieved from /home/ubuntu/.local/lib/python3.10/site-packages/airflow/example_dags/example_sensor_decorator.py
[2024-01-31T10:34:36.799+0100] {logging_mixin.py:188} INFO - [2024-01-31T10:34:36.799+0100] {dag.py:3033} INFO - Sync 1 DAGs
[2024-01-31T10:34:36.811+0100] {logging_mixin.py:188} INFO - [2024-01-31T10:34:36.811+0100] {dag.py:3820} INFO - Setting next_dagrun for example_sensor_decorator to None, run_after=None
[2024-01-31T10:34:36.837+0100] {processor.py:183} INFO - Processing /home/ubuntu/.local/lib/python3.10/site-packages/airflow/example_dags/example_sensor_decorator.py took 0.070 seconds
[2024-01-31T10:35:42.207+0100] {processor.py:161} INFO - Started process (PID=27164) to work on /home/ubuntu/.local/lib/python3.10/site-packages/airflow/example_dags/example_sensor_decorator.py
[2024-01-31T10:35:42.211+0100] {processor.py:830} INFO - Processing file /home/ubuntu/.local/lib/python3.10/site-packages/airflow/example_dags/example_sensor_decorator.py for tasks to queue
[2024-01-31T10:35:42.214+0100] {logging_mixin.py:188} INFO - [2024-01-31T10:35:42.213+0100] {dagbag.py:538} INFO - Filling up the DagBag from /home/ubuntu/.local/lib/python3.10/site-packages/airflow/example_dags/example_sensor_decorator.py
[2024-01-31T10:35:42.223+0100] {processor.py:840} INFO - DAG(s) 'example_sensor_decorator' retrieved from /home/ubuntu/.local/lib/python3.10/site-packages/airflow/example_dags/example_sensor_decorator.py
[2024-01-31T10:35:42.251+0100] {logging_mixin.py:188} INFO - [2024-01-31T10:35:42.251+0100] {dag.py:3033} INFO - Sync 1 DAGs
[2024-01-31T10:35:42.267+0100] {logging_mixin.py:188} INFO - [2024-01-31T10:35:42.267+0100] {dag.py:3820} INFO - Setting next_dagrun for example_sensor_decorator to None, run_after=None
[2024-01-31T10:35:42.301+0100] {processor.py:183} INFO - Processing /home/ubuntu/.local/lib/python3.10/site-packages/airflow/example_dags/example_sensor_decorator.py took 0.099 seconds
[2024-01-31T10:36:33.538+0100] {processor.py:161} INFO - Started process (PID=27221) to work on /home/ubuntu/.local/lib/python3.10/site-packages/airflow/example_dags/example_sensor_decorator.py
[2024-01-31T10:36:33.541+0100] {processor.py:830} INFO - Processing file /home/ubuntu/.local/lib/python3.10/site-packages/airflow/example_dags/example_sensor_decorator.py for tasks to queue
[2024-01-31T10:36:33.542+0100] {logging_mixin.py:188} INFO - [2024-01-31T10:36:33.542+0100] {dagbag.py:538} INFO - Filling up the DagBag from /home/ubuntu/.local/lib/python3.10/site-packages/airflow/example_dags/example_sensor_decorator.py
[2024-01-31T10:36:33.549+0100] {processor.py:840} INFO - DAG(s) 'example_sensor_decorator' retrieved from /home/ubuntu/.local/lib/python3.10/site-packages/airflow/example_dags/example_sensor_decorator.py
[2024-01-31T10:36:33.566+0100] {logging_mixin.py:188} INFO - [2024-01-31T10:36:33.565+0100] {dag.py:3033} INFO - Sync 1 DAGs
[2024-01-31T10:36:33.577+0100] {logging_mixin.py:188} INFO - [2024-01-31T10:36:33.577+0100] {dag.py:3820} INFO - Setting next_dagrun for example_sensor_decorator to None, run_after=None
[2024-01-31T10:36:33.604+0100] {processor.py:183} INFO - Processing /home/ubuntu/.local/lib/python3.10/site-packages/airflow/example_dags/example_sensor_decorator.py took 0.070 seconds
[2024-01-31T10:37:37.581+0100] {processor.py:161} INFO - Started process (PID=27296) to work on /home/ubuntu/.local/lib/python3.10/site-packages/airflow/example_dags/example_sensor_decorator.py
[2024-01-31T10:37:37.583+0100] {processor.py:830} INFO - Processing file /home/ubuntu/.local/lib/python3.10/site-packages/airflow/example_dags/example_sensor_decorator.py for tasks to queue
[2024-01-31T10:37:37.584+0100] {logging_mixin.py:188} INFO - [2024-01-31T10:37:37.583+0100] {dagbag.py:538} INFO - Filling up the DagBag from /home/ubuntu/.local/lib/python3.10/site-packages/airflow/example_dags/example_sensor_decorator.py
[2024-01-31T10:37:37.592+0100] {processor.py:840} INFO - DAG(s) 'example_sensor_decorator' retrieved from /home/ubuntu/.local/lib/python3.10/site-packages/airflow/example_dags/example_sensor_decorator.py
[2024-01-31T10:37:37.613+0100] {logging_mixin.py:188} INFO - [2024-01-31T10:37:37.613+0100] {dag.py:3033} INFO - Sync 1 DAGs
[2024-01-31T10:37:37.627+0100] {logging_mixin.py:188} INFO - [2024-01-31T10:37:37.627+0100] {dag.py:3820} INFO - Setting next_dagrun for example_sensor_decorator to None, run_after=None
[2024-01-31T10:37:37.660+0100] {processor.py:183} INFO - Processing /home/ubuntu/.local/lib/python3.10/site-packages/airflow/example_dags/example_sensor_decorator.py took 0.085 seconds
[2024-01-31T10:38:41.080+0100] {processor.py:161} INFO - Started process (PID=27367) to work on /home/ubuntu/.local/lib/python3.10/site-packages/airflow/example_dags/example_sensor_decorator.py
[2024-01-31T10:38:41.084+0100] {processor.py:830} INFO - Processing file /home/ubuntu/.local/lib/python3.10/site-packages/airflow/example_dags/example_sensor_decorator.py for tasks to queue
[2024-01-31T10:38:41.085+0100] {logging_mixin.py:188} INFO - [2024-01-31T10:38:41.084+0100] {dagbag.py:538} INFO - Filling up the DagBag from /home/ubuntu/.local/lib/python3.10/site-packages/airflow/example_dags/example_sensor_decorator.py
[2024-01-31T10:38:41.091+0100] {processor.py:840} INFO - DAG(s) 'example_sensor_decorator' retrieved from /home/ubuntu/.local/lib/python3.10/site-packages/airflow/example_dags/example_sensor_decorator.py
[2024-01-31T10:38:41.108+0100] {logging_mixin.py:188} INFO - [2024-01-31T10:38:41.108+0100] {dag.py:3033} INFO - Sync 1 DAGs
[2024-01-31T10:38:41.119+0100] {logging_mixin.py:188} INFO - [2024-01-31T10:38:41.119+0100] {dag.py:3820} INFO - Setting next_dagrun for example_sensor_decorator to None, run_after=None
[2024-01-31T10:38:41.146+0100] {processor.py:183} INFO - Processing /home/ubuntu/.local/lib/python3.10/site-packages/airflow/example_dags/example_sensor_decorator.py took 0.070 seconds
[2024-01-31T10:39:44.417+0100] {processor.py:161} INFO - Started process (PID=27444) to work on /home/ubuntu/.local/lib/python3.10/site-packages/airflow/example_dags/example_sensor_decorator.py
[2024-01-31T10:39:44.419+0100] {processor.py:830} INFO - Processing file /home/ubuntu/.local/lib/python3.10/site-packages/airflow/example_dags/example_sensor_decorator.py for tasks to queue
[2024-01-31T10:39:44.420+0100] {logging_mixin.py:188} INFO - [2024-01-31T10:39:44.419+0100] {dagbag.py:538} INFO - Filling up the DagBag from /home/ubuntu/.local/lib/python3.10/site-packages/airflow/example_dags/example_sensor_decorator.py
[2024-01-31T10:39:44.426+0100] {processor.py:840} INFO - DAG(s) 'example_sensor_decorator' retrieved from /home/ubuntu/.local/lib/python3.10/site-packages/airflow/example_dags/example_sensor_decorator.py
[2024-01-31T10:39:44.444+0100] {logging_mixin.py:188} INFO - [2024-01-31T10:39:44.444+0100] {dag.py:3033} INFO - Sync 1 DAGs
[2024-01-31T10:39:44.456+0100] {logging_mixin.py:188} INFO - [2024-01-31T10:39:44.456+0100] {dag.py:3820} INFO - Setting next_dagrun for example_sensor_decorator to None, run_after=None
[2024-01-31T10:39:44.485+0100] {processor.py:183} INFO - Processing /home/ubuntu/.local/lib/python3.10/site-packages/airflow/example_dags/example_sensor_decorator.py took 0.072 seconds
[2024-01-31T10:40:43.724+0100] {processor.py:161} INFO - Started process (PID=27514) to work on /home/ubuntu/.local/lib/python3.10/site-packages/airflow/example_dags/example_sensor_decorator.py
[2024-01-31T10:40:43.726+0100] {processor.py:830} INFO - Processing file /home/ubuntu/.local/lib/python3.10/site-packages/airflow/example_dags/example_sensor_decorator.py for tasks to queue
[2024-01-31T10:40:43.728+0100] {logging_mixin.py:188} INFO - [2024-01-31T10:40:43.727+0100] {dagbag.py:538} INFO - Filling up the DagBag from /home/ubuntu/.local/lib/python3.10/site-packages/airflow/example_dags/example_sensor_decorator.py
[2024-01-31T10:40:43.735+0100] {processor.py:840} INFO - DAG(s) 'example_sensor_decorator' retrieved from /home/ubuntu/.local/lib/python3.10/site-packages/airflow/example_dags/example_sensor_decorator.py
[2024-01-31T10:40:43.753+0100] {logging_mixin.py:188} INFO - [2024-01-31T10:40:43.753+0100] {dag.py:3033} INFO - Sync 1 DAGs
[2024-01-31T10:40:43.765+0100] {logging_mixin.py:188} INFO - [2024-01-31T10:40:43.765+0100] {dag.py:3820} INFO - Setting next_dagrun for example_sensor_decorator to None, run_after=None
[2024-01-31T10:40:43.792+0100] {processor.py:183} INFO - Processing /home/ubuntu/.local/lib/python3.10/site-packages/airflow/example_dags/example_sensor_decorator.py took 0.072 seconds
[2024-01-31T10:41:42.999+0100] {processor.py:161} INFO - Started process (PID=27585) to work on /home/ubuntu/.local/lib/python3.10/site-packages/airflow/example_dags/example_sensor_decorator.py
[2024-01-31T10:41:43.001+0100] {processor.py:830} INFO - Processing file /home/ubuntu/.local/lib/python3.10/site-packages/airflow/example_dags/example_sensor_decorator.py for tasks to queue
[2024-01-31T10:41:43.002+0100] {logging_mixin.py:188} INFO - [2024-01-31T10:41:43.001+0100] {dagbag.py:538} INFO - Filling up the DagBag from /home/ubuntu/.local/lib/python3.10/site-packages/airflow/example_dags/example_sensor_decorator.py
[2024-01-31T10:41:43.009+0100] {processor.py:840} INFO - DAG(s) 'example_sensor_decorator' retrieved from /home/ubuntu/.local/lib/python3.10/site-packages/airflow/example_dags/example_sensor_decorator.py
[2024-01-31T10:41:43.027+0100] {logging_mixin.py:188} INFO - [2024-01-31T10:41:43.027+0100] {dag.py:3033} INFO - Sync 1 DAGs
[2024-01-31T10:41:43.039+0100] {logging_mixin.py:188} INFO - [2024-01-31T10:41:43.039+0100] {dag.py:3820} INFO - Setting next_dagrun for example_sensor_decorator to None, run_after=None
[2024-01-31T10:41:43.072+0100] {processor.py:183} INFO - Processing /home/ubuntu/.local/lib/python3.10/site-packages/airflow/example_dags/example_sensor_decorator.py took 0.077 seconds
[2024-01-31T10:42:44.048+0100] {processor.py:161} INFO - Started process (PID=27661) to work on /home/ubuntu/.local/lib/python3.10/site-packages/airflow/example_dags/example_sensor_decorator.py
[2024-01-31T10:42:44.050+0100] {processor.py:830} INFO - Processing file /home/ubuntu/.local/lib/python3.10/site-packages/airflow/example_dags/example_sensor_decorator.py for tasks to queue
[2024-01-31T10:42:44.052+0100] {logging_mixin.py:188} INFO - [2024-01-31T10:42:44.051+0100] {dagbag.py:538} INFO - Filling up the DagBag from /home/ubuntu/.local/lib/python3.10/site-packages/airflow/example_dags/example_sensor_decorator.py
[2024-01-31T10:42:44.058+0100] {processor.py:840} INFO - DAG(s) 'example_sensor_decorator' retrieved from /home/ubuntu/.local/lib/python3.10/site-packages/airflow/example_dags/example_sensor_decorator.py
[2024-01-31T10:42:44.076+0100] {logging_mixin.py:188} INFO - [2024-01-31T10:42:44.076+0100] {dag.py:3033} INFO - Sync 1 DAGs
[2024-01-31T10:42:44.087+0100] {logging_mixin.py:188} INFO - [2024-01-31T10:42:44.087+0100] {dag.py:3820} INFO - Setting next_dagrun for example_sensor_decorator to None, run_after=None
[2024-01-31T10:42:44.113+0100] {processor.py:183} INFO - Processing /home/ubuntu/.local/lib/python3.10/site-packages/airflow/example_dags/example_sensor_decorator.py took 0.069 seconds
[2024-01-31T10:43:39.374+0100] {processor.py:161} INFO - Started process (PID=27726) to work on /home/ubuntu/.local/lib/python3.10/site-packages/airflow/example_dags/example_sensor_decorator.py
[2024-01-31T10:43:39.376+0100] {processor.py:830} INFO - Processing file /home/ubuntu/.local/lib/python3.10/site-packages/airflow/example_dags/example_sensor_decorator.py for tasks to queue
[2024-01-31T10:43:39.377+0100] {logging_mixin.py:188} INFO - [2024-01-31T10:43:39.376+0100] {dagbag.py:538} INFO - Filling up the DagBag from /home/ubuntu/.local/lib/python3.10/site-packages/airflow/example_dags/example_sensor_decorator.py
[2024-01-31T10:43:39.384+0100] {processor.py:840} INFO - DAG(s) 'example_sensor_decorator' retrieved from /home/ubuntu/.local/lib/python3.10/site-packages/airflow/example_dags/example_sensor_decorator.py
[2024-01-31T10:43:39.404+0100] {logging_mixin.py:188} INFO - [2024-01-31T10:43:39.404+0100] {dag.py:3033} INFO - Sync 1 DAGs
[2024-01-31T10:43:39.416+0100] {logging_mixin.py:188} INFO - [2024-01-31T10:43:39.416+0100] {dag.py:3820} INFO - Setting next_dagrun for example_sensor_decorator to None, run_after=None
[2024-01-31T10:43:39.444+0100] {processor.py:183} INFO - Processing /home/ubuntu/.local/lib/python3.10/site-packages/airflow/example_dags/example_sensor_decorator.py took 0.075 seconds
[2024-01-31T10:44:40.174+0100] {processor.py:161} INFO - Started process (PID=27799) to work on /home/ubuntu/.local/lib/python3.10/site-packages/airflow/example_dags/example_sensor_decorator.py
[2024-01-31T10:44:40.176+0100] {processor.py:830} INFO - Processing file /home/ubuntu/.local/lib/python3.10/site-packages/airflow/example_dags/example_sensor_decorator.py for tasks to queue
[2024-01-31T10:44:40.178+0100] {logging_mixin.py:188} INFO - [2024-01-31T10:44:40.177+0100] {dagbag.py:538} INFO - Filling up the DagBag from /home/ubuntu/.local/lib/python3.10/site-packages/airflow/example_dags/example_sensor_decorator.py
[2024-01-31T10:44:40.185+0100] {processor.py:840} INFO - DAG(s) 'example_sensor_decorator' retrieved from /home/ubuntu/.local/lib/python3.10/site-packages/airflow/example_dags/example_sensor_decorator.py
[2024-01-31T10:44:40.203+0100] {logging_mixin.py:188} INFO - [2024-01-31T10:44:40.203+0100] {dag.py:3033} INFO - Sync 1 DAGs
[2024-01-31T10:44:40.215+0100] {logging_mixin.py:188} INFO - [2024-01-31T10:44:40.215+0100] {dag.py:3820} INFO - Setting next_dagrun for example_sensor_decorator to None, run_after=None
[2024-01-31T10:44:40.243+0100] {processor.py:183} INFO - Processing /home/ubuntu/.local/lib/python3.10/site-packages/airflow/example_dags/example_sensor_decorator.py took 0.072 seconds
[2024-01-31T10:45:44.078+0100] {processor.py:161} INFO - Started process (PID=27870) to work on /home/ubuntu/.local/lib/python3.10/site-packages/airflow/example_dags/example_sensor_decorator.py
[2024-01-31T10:45:44.081+0100] {processor.py:830} INFO - Processing file /home/ubuntu/.local/lib/python3.10/site-packages/airflow/example_dags/example_sensor_decorator.py for tasks to queue
[2024-01-31T10:45:44.082+0100] {logging_mixin.py:188} INFO - [2024-01-31T10:45:44.081+0100] {dagbag.py:538} INFO - Filling up the DagBag from /home/ubuntu/.local/lib/python3.10/site-packages/airflow/example_dags/example_sensor_decorator.py
[2024-01-31T10:45:44.088+0100] {processor.py:840} INFO - DAG(s) 'example_sensor_decorator' retrieved from /home/ubuntu/.local/lib/python3.10/site-packages/airflow/example_dags/example_sensor_decorator.py
[2024-01-31T10:45:44.105+0100] {logging_mixin.py:188} INFO - [2024-01-31T10:45:44.105+0100] {dag.py:3033} INFO - Sync 1 DAGs
[2024-01-31T10:45:44.116+0100] {logging_mixin.py:188} INFO - [2024-01-31T10:45:44.116+0100] {dag.py:3820} INFO - Setting next_dagrun for example_sensor_decorator to None, run_after=None
[2024-01-31T10:45:44.149+0100] {processor.py:183} INFO - Processing /home/ubuntu/.local/lib/python3.10/site-packages/airflow/example_dags/example_sensor_decorator.py took 0.075 seconds
[2024-01-31T10:46:41.137+0100] {processor.py:161} INFO - Started process (PID=27938) to work on /home/ubuntu/.local/lib/python3.10/site-packages/airflow/example_dags/example_sensor_decorator.py
[2024-01-31T10:46:41.139+0100] {processor.py:830} INFO - Processing file /home/ubuntu/.local/lib/python3.10/site-packages/airflow/example_dags/example_sensor_decorator.py for tasks to queue
[2024-01-31T10:46:41.140+0100] {logging_mixin.py:188} INFO - [2024-01-31T10:46:41.140+0100] {dagbag.py:538} INFO - Filling up the DagBag from /home/ubuntu/.local/lib/python3.10/site-packages/airflow/example_dags/example_sensor_decorator.py
[2024-01-31T10:46:41.147+0100] {processor.py:840} INFO - DAG(s) 'example_sensor_decorator' retrieved from /home/ubuntu/.local/lib/python3.10/site-packages/airflow/example_dags/example_sensor_decorator.py
[2024-01-31T10:46:41.164+0100] {logging_mixin.py:188} INFO - [2024-01-31T10:46:41.164+0100] {dag.py:3033} INFO - Sync 1 DAGs
[2024-01-31T10:46:41.178+0100] {logging_mixin.py:188} INFO - [2024-01-31T10:46:41.177+0100] {dag.py:3820} INFO - Setting next_dagrun for example_sensor_decorator to None, run_after=None
[2024-01-31T10:46:41.211+0100] {processor.py:183} INFO - Processing /home/ubuntu/.local/lib/python3.10/site-packages/airflow/example_dags/example_sensor_decorator.py took 0.077 seconds
[2024-01-31T10:47:42.835+0100] {processor.py:161} INFO - Started process (PID=28012) to work on /home/ubuntu/.local/lib/python3.10/site-packages/airflow/example_dags/example_sensor_decorator.py
[2024-01-31T10:47:42.837+0100] {processor.py:830} INFO - Processing file /home/ubuntu/.local/lib/python3.10/site-packages/airflow/example_dags/example_sensor_decorator.py for tasks to queue
[2024-01-31T10:47:42.838+0100] {logging_mixin.py:188} INFO - [2024-01-31T10:47:42.838+0100] {dagbag.py:538} INFO - Filling up the DagBag from /home/ubuntu/.local/lib/python3.10/site-packages/airflow/example_dags/example_sensor_decorator.py
[2024-01-31T10:47:42.845+0100] {processor.py:840} INFO - DAG(s) 'example_sensor_decorator' retrieved from /home/ubuntu/.local/lib/python3.10/site-packages/airflow/example_dags/example_sensor_decorator.py
[2024-01-31T10:47:42.864+0100] {logging_mixin.py:188} INFO - [2024-01-31T10:47:42.863+0100] {dag.py:3033} INFO - Sync 1 DAGs
[2024-01-31T10:47:42.875+0100] {logging_mixin.py:188} INFO - [2024-01-31T10:47:42.875+0100] {dag.py:3820} INFO - Setting next_dagrun for example_sensor_decorator to None, run_after=None
[2024-01-31T10:47:42.904+0100] {processor.py:183} INFO - Processing /home/ubuntu/.local/lib/python3.10/site-packages/airflow/example_dags/example_sensor_decorator.py took 0.073 seconds
[2024-01-31T10:48:46.023+0100] {processor.py:161} INFO - Started process (PID=28081) to work on /home/ubuntu/.local/lib/python3.10/site-packages/airflow/example_dags/example_sensor_decorator.py
[2024-01-31T10:48:46.026+0100] {processor.py:830} INFO - Processing file /home/ubuntu/.local/lib/python3.10/site-packages/airflow/example_dags/example_sensor_decorator.py for tasks to queue
[2024-01-31T10:48:46.027+0100] {logging_mixin.py:188} INFO - [2024-01-31T10:48:46.026+0100] {dagbag.py:538} INFO - Filling up the DagBag from /home/ubuntu/.local/lib/python3.10/site-packages/airflow/example_dags/example_sensor_decorator.py
[2024-01-31T10:48:46.032+0100] {processor.py:840} INFO - DAG(s) 'example_sensor_decorator' retrieved from /home/ubuntu/.local/lib/python3.10/site-packages/airflow/example_dags/example_sensor_decorator.py
[2024-01-31T10:48:46.050+0100] {logging_mixin.py:188} INFO - [2024-01-31T10:48:46.050+0100] {dag.py:3033} INFO - Sync 1 DAGs
[2024-01-31T10:48:46.065+0100] {logging_mixin.py:188} INFO - [2024-01-31T10:48:46.065+0100] {dag.py:3820} INFO - Setting next_dagrun for example_sensor_decorator to None, run_after=None
[2024-01-31T10:48:46.101+0100] {processor.py:183} INFO - Processing /home/ubuntu/.local/lib/python3.10/site-packages/airflow/example_dags/example_sensor_decorator.py took 0.081 seconds
[2024-01-31T10:49:48.997+0100] {processor.py:161} INFO - Started process (PID=28157) to work on /home/ubuntu/.local/lib/python3.10/site-packages/airflow/example_dags/example_sensor_decorator.py
[2024-01-31T10:49:48.999+0100] {processor.py:830} INFO - Processing file /home/ubuntu/.local/lib/python3.10/site-packages/airflow/example_dags/example_sensor_decorator.py for tasks to queue
[2024-01-31T10:49:49.000+0100] {logging_mixin.py:188} INFO - [2024-01-31T10:49:49.000+0100] {dagbag.py:538} INFO - Filling up the DagBag from /home/ubuntu/.local/lib/python3.10/site-packages/airflow/example_dags/example_sensor_decorator.py
[2024-01-31T10:49:49.007+0100] {processor.py:840} INFO - DAG(s) 'example_sensor_decorator' retrieved from /home/ubuntu/.local/lib/python3.10/site-packages/airflow/example_dags/example_sensor_decorator.py
[2024-01-31T10:49:49.025+0100] {logging_mixin.py:188} INFO - [2024-01-31T10:49:49.025+0100] {dag.py:3033} INFO - Sync 1 DAGs
[2024-01-31T10:49:49.037+0100] {logging_mixin.py:188} INFO - [2024-01-31T10:49:49.037+0100] {dag.py:3820} INFO - Setting next_dagrun for example_sensor_decorator to None, run_after=None
[2024-01-31T10:49:49.067+0100] {processor.py:183} INFO - Processing /home/ubuntu/.local/lib/python3.10/site-packages/airflow/example_dags/example_sensor_decorator.py took 0.075 seconds
[2024-01-31T10:50:46.155+0100] {processor.py:161} INFO - Started process (PID=28222) to work on /home/ubuntu/.local/lib/python3.10/site-packages/airflow/example_dags/example_sensor_decorator.py
[2024-01-31T10:50:46.158+0100] {processor.py:830} INFO - Processing file /home/ubuntu/.local/lib/python3.10/site-packages/airflow/example_dags/example_sensor_decorator.py for tasks to queue
[2024-01-31T10:50:46.160+0100] {logging_mixin.py:188} INFO - [2024-01-31T10:50:46.160+0100] {dagbag.py:538} INFO - Filling up the DagBag from /home/ubuntu/.local/lib/python3.10/site-packages/airflow/example_dags/example_sensor_decorator.py
[2024-01-31T10:50:46.169+0100] {processor.py:840} INFO - DAG(s) 'example_sensor_decorator' retrieved from /home/ubuntu/.local/lib/python3.10/site-packages/airflow/example_dags/example_sensor_decorator.py
[2024-01-31T10:50:46.184+0100] {logging_mixin.py:188} INFO - [2024-01-31T10:50:46.184+0100] {dag.py:3033} INFO - Sync 1 DAGs
[2024-01-31T10:50:46.195+0100] {logging_mixin.py:188} INFO - [2024-01-31T10:50:46.195+0100] {dag.py:3820} INFO - Setting next_dagrun for example_sensor_decorator to None, run_after=None
[2024-01-31T10:50:46.232+0100] {processor.py:183} INFO - Processing /home/ubuntu/.local/lib/python3.10/site-packages/airflow/example_dags/example_sensor_decorator.py took 0.080 seconds
[2024-01-31T10:51:48.154+0100] {processor.py:161} INFO - Started process (PID=28293) to work on /home/ubuntu/.local/lib/python3.10/site-packages/airflow/example_dags/example_sensor_decorator.py
[2024-01-31T10:51:48.156+0100] {processor.py:830} INFO - Processing file /home/ubuntu/.local/lib/python3.10/site-packages/airflow/example_dags/example_sensor_decorator.py for tasks to queue
[2024-01-31T10:51:48.157+0100] {logging_mixin.py:188} INFO - [2024-01-31T10:51:48.157+0100] {dagbag.py:538} INFO - Filling up the DagBag from /home/ubuntu/.local/lib/python3.10/site-packages/airflow/example_dags/example_sensor_decorator.py
[2024-01-31T10:51:48.164+0100] {processor.py:840} INFO - DAG(s) 'example_sensor_decorator' retrieved from /home/ubuntu/.local/lib/python3.10/site-packages/airflow/example_dags/example_sensor_decorator.py
[2024-01-31T10:51:48.182+0100] {logging_mixin.py:188} INFO - [2024-01-31T10:51:48.182+0100] {dag.py:3033} INFO - Sync 1 DAGs
[2024-01-31T10:51:48.195+0100] {logging_mixin.py:188} INFO - [2024-01-31T10:51:48.195+0100] {dag.py:3820} INFO - Setting next_dagrun for example_sensor_decorator to None, run_after=None
[2024-01-31T10:51:48.230+0100] {processor.py:183} INFO - Processing /home/ubuntu/.local/lib/python3.10/site-packages/airflow/example_dags/example_sensor_decorator.py took 0.081 seconds
[2024-01-31T10:52:50.427+0100] {processor.py:161} INFO - Started process (PID=28369) to work on /home/ubuntu/.local/lib/python3.10/site-packages/airflow/example_dags/example_sensor_decorator.py
[2024-01-31T10:52:50.429+0100] {processor.py:830} INFO - Processing file /home/ubuntu/.local/lib/python3.10/site-packages/airflow/example_dags/example_sensor_decorator.py for tasks to queue
[2024-01-31T10:52:50.430+0100] {logging_mixin.py:188} INFO - [2024-01-31T10:52:50.429+0100] {dagbag.py:538} INFO - Filling up the DagBag from /home/ubuntu/.local/lib/python3.10/site-packages/airflow/example_dags/example_sensor_decorator.py
[2024-01-31T10:52:50.436+0100] {processor.py:840} INFO - DAG(s) 'example_sensor_decorator' retrieved from /home/ubuntu/.local/lib/python3.10/site-packages/airflow/example_dags/example_sensor_decorator.py
[2024-01-31T10:52:50.455+0100] {logging_mixin.py:188} INFO - [2024-01-31T10:52:50.455+0100] {dag.py:3033} INFO - Sync 1 DAGs
[2024-01-31T10:52:50.467+0100] {logging_mixin.py:188} INFO - [2024-01-31T10:52:50.467+0100] {dag.py:3820} INFO - Setting next_dagrun for example_sensor_decorator to None, run_after=None
[2024-01-31T10:52:50.498+0100] {processor.py:183} INFO - Processing /home/ubuntu/.local/lib/python3.10/site-packages/airflow/example_dags/example_sensor_decorator.py took 0.074 seconds
[2024-01-31T10:53:53.140+0100] {processor.py:161} INFO - Started process (PID=28439) to work on /home/ubuntu/.local/lib/python3.10/site-packages/airflow/example_dags/example_sensor_decorator.py
[2024-01-31T10:53:53.158+0100] {processor.py:830} INFO - Processing file /home/ubuntu/.local/lib/python3.10/site-packages/airflow/example_dags/example_sensor_decorator.py for tasks to queue
[2024-01-31T10:53:53.159+0100] {logging_mixin.py:188} INFO - [2024-01-31T10:53:53.158+0100] {dagbag.py:538} INFO - Filling up the DagBag from /home/ubuntu/.local/lib/python3.10/site-packages/airflow/example_dags/example_sensor_decorator.py
[2024-01-31T10:53:53.165+0100] {processor.py:840} INFO - DAG(s) 'example_sensor_decorator' retrieved from /home/ubuntu/.local/lib/python3.10/site-packages/airflow/example_dags/example_sensor_decorator.py
[2024-01-31T10:53:53.184+0100] {logging_mixin.py:188} INFO - [2024-01-31T10:53:53.183+0100] {dag.py:3033} INFO - Sync 1 DAGs
[2024-01-31T10:53:53.198+0100] {logging_mixin.py:188} INFO - [2024-01-31T10:53:53.198+0100] {dag.py:3820} INFO - Setting next_dagrun for example_sensor_decorator to None, run_after=None
[2024-01-31T10:53:53.227+0100] {processor.py:183} INFO - Processing /home/ubuntu/.local/lib/python3.10/site-packages/airflow/example_dags/example_sensor_decorator.py took 0.090 seconds
[2024-01-31T10:54:54.778+0100] {processor.py:161} INFO - Started process (PID=28514) to work on /home/ubuntu/.local/lib/python3.10/site-packages/airflow/example_dags/example_sensor_decorator.py
[2024-01-31T10:54:54.780+0100] {processor.py:830} INFO - Processing file /home/ubuntu/.local/lib/python3.10/site-packages/airflow/example_dags/example_sensor_decorator.py for tasks to queue
[2024-01-31T10:54:54.780+0100] {logging_mixin.py:188} INFO - [2024-01-31T10:54:54.780+0100] {dagbag.py:538} INFO - Filling up the DagBag from /home/ubuntu/.local/lib/python3.10/site-packages/airflow/example_dags/example_sensor_decorator.py
[2024-01-31T10:54:54.787+0100] {processor.py:840} INFO - DAG(s) 'example_sensor_decorator' retrieved from /home/ubuntu/.local/lib/python3.10/site-packages/airflow/example_dags/example_sensor_decorator.py
[2024-01-31T10:54:54.803+0100] {logging_mixin.py:188} INFO - [2024-01-31T10:54:54.803+0100] {dag.py:3033} INFO - Sync 1 DAGs
[2024-01-31T10:54:54.815+0100] {logging_mixin.py:188} INFO - [2024-01-31T10:54:54.814+0100] {dag.py:3820} INFO - Setting next_dagrun for example_sensor_decorator to None, run_after=None
[2024-01-31T10:54:54.846+0100] {processor.py:183} INFO - Processing /home/ubuntu/.local/lib/python3.10/site-packages/airflow/example_dags/example_sensor_decorator.py took 0.072 seconds
[2024-01-31T10:56:00.450+0100] {processor.py:161} INFO - Started process (PID=28590) to work on /home/ubuntu/.local/lib/python3.10/site-packages/airflow/example_dags/example_sensor_decorator.py
[2024-01-31T10:56:00.452+0100] {processor.py:830} INFO - Processing file /home/ubuntu/.local/lib/python3.10/site-packages/airflow/example_dags/example_sensor_decorator.py for tasks to queue
[2024-01-31T10:56:00.453+0100] {logging_mixin.py:188} INFO - [2024-01-31T10:56:00.452+0100] {dagbag.py:538} INFO - Filling up the DagBag from /home/ubuntu/.local/lib/python3.10/site-packages/airflow/example_dags/example_sensor_decorator.py
[2024-01-31T10:56:00.460+0100] {processor.py:840} INFO - DAG(s) 'example_sensor_decorator' retrieved from /home/ubuntu/.local/lib/python3.10/site-packages/airflow/example_dags/example_sensor_decorator.py
[2024-01-31T10:56:00.479+0100] {logging_mixin.py:188} INFO - [2024-01-31T10:56:00.479+0100] {dag.py:3033} INFO - Sync 1 DAGs
[2024-01-31T10:56:00.490+0100] {logging_mixin.py:188} INFO - [2024-01-31T10:56:00.490+0100] {dag.py:3820} INFO - Setting next_dagrun for example_sensor_decorator to None, run_after=None
[2024-01-31T10:56:00.520+0100] {processor.py:183} INFO - Processing /home/ubuntu/.local/lib/python3.10/site-packages/airflow/example_dags/example_sensor_decorator.py took 0.075 seconds
[2024-01-31T10:57:05.629+0100] {processor.py:161} INFO - Started process (PID=28668) to work on /home/ubuntu/.local/lib/python3.10/site-packages/airflow/example_dags/example_sensor_decorator.py
[2024-01-31T10:57:05.632+0100] {processor.py:830} INFO - Processing file /home/ubuntu/.local/lib/python3.10/site-packages/airflow/example_dags/example_sensor_decorator.py for tasks to queue
[2024-01-31T10:57:05.633+0100] {logging_mixin.py:188} INFO - [2024-01-31T10:57:05.633+0100] {dagbag.py:538} INFO - Filling up the DagBag from /home/ubuntu/.local/lib/python3.10/site-packages/airflow/example_dags/example_sensor_decorator.py
[2024-01-31T10:57:05.641+0100] {processor.py:840} INFO - DAG(s) 'example_sensor_decorator' retrieved from /home/ubuntu/.local/lib/python3.10/site-packages/airflow/example_dags/example_sensor_decorator.py
[2024-01-31T10:57:05.657+0100] {logging_mixin.py:188} INFO - [2024-01-31T10:57:05.657+0100] {dag.py:3033} INFO - Sync 1 DAGs
[2024-01-31T10:57:05.670+0100] {logging_mixin.py:188} INFO - [2024-01-31T10:57:05.669+0100] {dag.py:3820} INFO - Setting next_dagrun for example_sensor_decorator to None, run_after=None
[2024-01-31T10:57:05.700+0100] {processor.py:183} INFO - Processing /home/ubuntu/.local/lib/python3.10/site-packages/airflow/example_dags/example_sensor_decorator.py took 0.074 seconds
[2024-01-31T10:58:02.767+0100] {processor.py:161} INFO - Started process (PID=28736) to work on /home/ubuntu/.local/lib/python3.10/site-packages/airflow/example_dags/example_sensor_decorator.py
[2024-01-31T10:58:02.769+0100] {processor.py:830} INFO - Processing file /home/ubuntu/.local/lib/python3.10/site-packages/airflow/example_dags/example_sensor_decorator.py for tasks to queue
[2024-01-31T10:58:02.770+0100] {logging_mixin.py:188} INFO - [2024-01-31T10:58:02.770+0100] {dagbag.py:538} INFO - Filling up the DagBag from /home/ubuntu/.local/lib/python3.10/site-packages/airflow/example_dags/example_sensor_decorator.py
[2024-01-31T10:58:02.777+0100] {processor.py:840} INFO - DAG(s) 'example_sensor_decorator' retrieved from /home/ubuntu/.local/lib/python3.10/site-packages/airflow/example_dags/example_sensor_decorator.py
[2024-01-31T10:58:02.795+0100] {logging_mixin.py:188} INFO - [2024-01-31T10:58:02.794+0100] {dag.py:3033} INFO - Sync 1 DAGs
[2024-01-31T10:58:02.805+0100] {logging_mixin.py:188} INFO - [2024-01-31T10:58:02.805+0100] {dag.py:3820} INFO - Setting next_dagrun for example_sensor_decorator to None, run_after=None
[2024-01-31T10:58:02.844+0100] {processor.py:183} INFO - Processing /home/ubuntu/.local/lib/python3.10/site-packages/airflow/example_dags/example_sensor_decorator.py took 0.080 seconds
[2024-01-31T10:59:02.309+0100] {processor.py:161} INFO - Started process (PID=28808) to work on /home/ubuntu/.local/lib/python3.10/site-packages/airflow/example_dags/example_sensor_decorator.py
[2024-01-31T10:59:02.311+0100] {processor.py:830} INFO - Processing file /home/ubuntu/.local/lib/python3.10/site-packages/airflow/example_dags/example_sensor_decorator.py for tasks to queue
[2024-01-31T10:59:02.312+0100] {logging_mixin.py:188} INFO - [2024-01-31T10:59:02.311+0100] {dagbag.py:538} INFO - Filling up the DagBag from /home/ubuntu/.local/lib/python3.10/site-packages/airflow/example_dags/example_sensor_decorator.py
[2024-01-31T10:59:02.318+0100] {processor.py:840} INFO - DAG(s) 'example_sensor_decorator' retrieved from /home/ubuntu/.local/lib/python3.10/site-packages/airflow/example_dags/example_sensor_decorator.py
[2024-01-31T10:59:02.338+0100] {logging_mixin.py:188} INFO - [2024-01-31T10:59:02.337+0100] {dag.py:3033} INFO - Sync 1 DAGs
[2024-01-31T10:59:02.349+0100] {logging_mixin.py:188} INFO - [2024-01-31T10:59:02.348+0100] {dag.py:3820} INFO - Setting next_dagrun for example_sensor_decorator to None, run_after=None
[2024-01-31T10:59:02.381+0100] {processor.py:183} INFO - Processing /home/ubuntu/.local/lib/python3.10/site-packages/airflow/example_dags/example_sensor_decorator.py took 0.075 seconds
[2024-01-31T11:00:06.272+0100] {processor.py:161} INFO - Started process (PID=28879) to work on /home/ubuntu/.local/lib/python3.10/site-packages/airflow/example_dags/example_sensor_decorator.py
[2024-01-31T11:00:06.275+0100] {processor.py:830} INFO - Processing file /home/ubuntu/.local/lib/python3.10/site-packages/airflow/example_dags/example_sensor_decorator.py for tasks to queue
[2024-01-31T11:00:06.276+0100] {logging_mixin.py:188} INFO - [2024-01-31T11:00:06.275+0100] {dagbag.py:538} INFO - Filling up the DagBag from /home/ubuntu/.local/lib/python3.10/site-packages/airflow/example_dags/example_sensor_decorator.py
[2024-01-31T11:00:06.283+0100] {processor.py:840} INFO - DAG(s) 'example_sensor_decorator' retrieved from /home/ubuntu/.local/lib/python3.10/site-packages/airflow/example_dags/example_sensor_decorator.py
[2024-01-31T11:00:06.300+0100] {logging_mixin.py:188} INFO - [2024-01-31T11:00:06.300+0100] {dag.py:3033} INFO - Sync 1 DAGs
[2024-01-31T11:00:06.311+0100] {logging_mixin.py:188} INFO - [2024-01-31T11:00:06.310+0100] {dag.py:3820} INFO - Setting next_dagrun for example_sensor_decorator to None, run_after=None
[2024-01-31T11:00:06.339+0100] {processor.py:183} INFO - Processing /home/ubuntu/.local/lib/python3.10/site-packages/airflow/example_dags/example_sensor_decorator.py took 0.072 seconds
[2024-01-31T11:01:09.724+0100] {processor.py:161} INFO - Started process (PID=28954) to work on /home/ubuntu/.local/lib/python3.10/site-packages/airflow/example_dags/example_sensor_decorator.py
[2024-01-31T11:01:09.726+0100] {processor.py:830} INFO - Processing file /home/ubuntu/.local/lib/python3.10/site-packages/airflow/example_dags/example_sensor_decorator.py for tasks to queue
[2024-01-31T11:01:09.727+0100] {logging_mixin.py:188} INFO - [2024-01-31T11:01:09.727+0100] {dagbag.py:538} INFO - Filling up the DagBag from /home/ubuntu/.local/lib/python3.10/site-packages/airflow/example_dags/example_sensor_decorator.py
[2024-01-31T11:01:09.734+0100] {processor.py:840} INFO - DAG(s) 'example_sensor_decorator' retrieved from /home/ubuntu/.local/lib/python3.10/site-packages/airflow/example_dags/example_sensor_decorator.py
[2024-01-31T11:01:09.751+0100] {logging_mixin.py:188} INFO - [2024-01-31T11:01:09.750+0100] {dag.py:3033} INFO - Sync 1 DAGs
[2024-01-31T11:01:09.762+0100] {logging_mixin.py:188} INFO - [2024-01-31T11:01:09.762+0100] {dag.py:3820} INFO - Setting next_dagrun for example_sensor_decorator to None, run_after=None
[2024-01-31T11:01:09.789+0100] {processor.py:183} INFO - Processing /home/ubuntu/.local/lib/python3.10/site-packages/airflow/example_dags/example_sensor_decorator.py took 0.069 seconds
[2024-01-31T11:02:11.664+0100] {processor.py:161} INFO - Started process (PID=29024) to work on /home/ubuntu/.local/lib/python3.10/site-packages/airflow/example_dags/example_sensor_decorator.py
[2024-01-31T11:02:11.666+0100] {processor.py:830} INFO - Processing file /home/ubuntu/.local/lib/python3.10/site-packages/airflow/example_dags/example_sensor_decorator.py for tasks to queue
[2024-01-31T11:02:11.667+0100] {logging_mixin.py:188} INFO - [2024-01-31T11:02:11.667+0100] {dagbag.py:538} INFO - Filling up the DagBag from /home/ubuntu/.local/lib/python3.10/site-packages/airflow/example_dags/example_sensor_decorator.py
[2024-01-31T11:02:11.673+0100] {processor.py:840} INFO - DAG(s) 'example_sensor_decorator' retrieved from /home/ubuntu/.local/lib/python3.10/site-packages/airflow/example_dags/example_sensor_decorator.py
[2024-01-31T11:02:11.691+0100] {logging_mixin.py:188} INFO - [2024-01-31T11:02:11.691+0100] {dag.py:3033} INFO - Sync 1 DAGs
[2024-01-31T11:02:11.702+0100] {logging_mixin.py:188} INFO - [2024-01-31T11:02:11.702+0100] {dag.py:3820} INFO - Setting next_dagrun for example_sensor_decorator to None, run_after=None
[2024-01-31T11:02:11.772+0100] {processor.py:183} INFO - Processing /home/ubuntu/.local/lib/python3.10/site-packages/airflow/example_dags/example_sensor_decorator.py took 0.112 seconds
[2024-01-31T11:03:11.751+0100] {processor.py:161} INFO - Started process (PID=29099) to work on /home/ubuntu/.local/lib/python3.10/site-packages/airflow/example_dags/example_sensor_decorator.py
[2024-01-31T11:03:11.759+0100] {processor.py:830} INFO - Processing file /home/ubuntu/.local/lib/python3.10/site-packages/airflow/example_dags/example_sensor_decorator.py for tasks to queue
[2024-01-31T11:03:11.760+0100] {logging_mixin.py:188} INFO - [2024-01-31T11:03:11.760+0100] {dagbag.py:538} INFO - Filling up the DagBag from /home/ubuntu/.local/lib/python3.10/site-packages/airflow/example_dags/example_sensor_decorator.py
[2024-01-31T11:03:11.768+0100] {processor.py:840} INFO - DAG(s) 'example_sensor_decorator' retrieved from /home/ubuntu/.local/lib/python3.10/site-packages/airflow/example_dags/example_sensor_decorator.py
[2024-01-31T11:03:11.788+0100] {logging_mixin.py:188} INFO - [2024-01-31T11:03:11.788+0100] {dag.py:3033} INFO - Sync 1 DAGs
[2024-01-31T11:03:11.799+0100] {logging_mixin.py:188} INFO - [2024-01-31T11:03:11.799+0100] {dag.py:3820} INFO - Setting next_dagrun for example_sensor_decorator to None, run_after=None
[2024-01-31T11:03:11.840+0100] {processor.py:183} INFO - Processing /home/ubuntu/.local/lib/python3.10/site-packages/airflow/example_dags/example_sensor_decorator.py took 0.093 seconds
[2024-01-31T11:04:13.135+0100] {processor.py:161} INFO - Started process (PID=29176) to work on /home/ubuntu/.local/lib/python3.10/site-packages/airflow/example_dags/example_sensor_decorator.py
[2024-01-31T11:04:13.137+0100] {processor.py:830} INFO - Processing file /home/ubuntu/.local/lib/python3.10/site-packages/airflow/example_dags/example_sensor_decorator.py for tasks to queue
[2024-01-31T11:04:13.139+0100] {logging_mixin.py:188} INFO - [2024-01-31T11:04:13.138+0100] {dagbag.py:538} INFO - Filling up the DagBag from /home/ubuntu/.local/lib/python3.10/site-packages/airflow/example_dags/example_sensor_decorator.py
[2024-01-31T11:04:13.145+0100] {processor.py:840} INFO - DAG(s) 'example_sensor_decorator' retrieved from /home/ubuntu/.local/lib/python3.10/site-packages/airflow/example_dags/example_sensor_decorator.py
[2024-01-31T11:04:13.164+0100] {logging_mixin.py:188} INFO - [2024-01-31T11:04:13.164+0100] {dag.py:3033} INFO - Sync 1 DAGs
[2024-01-31T11:04:13.175+0100] {logging_mixin.py:188} INFO - [2024-01-31T11:04:13.175+0100] {dag.py:3820} INFO - Setting next_dagrun for example_sensor_decorator to None, run_after=None
[2024-01-31T11:04:13.202+0100] {processor.py:183} INFO - Processing /home/ubuntu/.local/lib/python3.10/site-packages/airflow/example_dags/example_sensor_decorator.py took 0.070 seconds
[2024-01-31T11:05:16.164+0100] {processor.py:161} INFO - Started process (PID=29250) to work on /home/ubuntu/.local/lib/python3.10/site-packages/airflow/example_dags/example_sensor_decorator.py
[2024-01-31T11:05:16.167+0100] {processor.py:830} INFO - Processing file /home/ubuntu/.local/lib/python3.10/site-packages/airflow/example_dags/example_sensor_decorator.py for tasks to queue
[2024-01-31T11:05:16.168+0100] {logging_mixin.py:188} INFO - [2024-01-31T11:05:16.168+0100] {dagbag.py:538} INFO - Filling up the DagBag from /home/ubuntu/.local/lib/python3.10/site-packages/airflow/example_dags/example_sensor_decorator.py
[2024-01-31T11:05:16.177+0100] {processor.py:840} INFO - DAG(s) 'example_sensor_decorator' retrieved from /home/ubuntu/.local/lib/python3.10/site-packages/airflow/example_dags/example_sensor_decorator.py
[2024-01-31T11:05:16.194+0100] {logging_mixin.py:188} INFO - [2024-01-31T11:05:16.194+0100] {dag.py:3033} INFO - Sync 1 DAGs
[2024-01-31T11:05:16.206+0100] {logging_mixin.py:188} INFO - [2024-01-31T11:05:16.205+0100] {dag.py:3820} INFO - Setting next_dagrun for example_sensor_decorator to None, run_after=None
[2024-01-31T11:05:16.242+0100] {processor.py:183} INFO - Processing /home/ubuntu/.local/lib/python3.10/site-packages/airflow/example_dags/example_sensor_decorator.py took 0.081 seconds
[2024-01-31T11:06:11.894+0100] {processor.py:161} INFO - Started process (PID=29320) to work on /home/ubuntu/.local/lib/python3.10/site-packages/airflow/example_dags/example_sensor_decorator.py
[2024-01-31T11:06:11.896+0100] {processor.py:830} INFO - Processing file /home/ubuntu/.local/lib/python3.10/site-packages/airflow/example_dags/example_sensor_decorator.py for tasks to queue
[2024-01-31T11:06:11.897+0100] {logging_mixin.py:188} INFO - [2024-01-31T11:06:11.897+0100] {dagbag.py:538} INFO - Filling up the DagBag from /home/ubuntu/.local/lib/python3.10/site-packages/airflow/example_dags/example_sensor_decorator.py
[2024-01-31T11:06:11.904+0100] {processor.py:840} INFO - DAG(s) 'example_sensor_decorator' retrieved from /home/ubuntu/.local/lib/python3.10/site-packages/airflow/example_dags/example_sensor_decorator.py
[2024-01-31T11:06:11.924+0100] {logging_mixin.py:188} INFO - [2024-01-31T11:06:11.924+0100] {dag.py:3033} INFO - Sync 1 DAGs
[2024-01-31T11:06:11.935+0100] {logging_mixin.py:188} INFO - [2024-01-31T11:06:11.935+0100] {dag.py:3820} INFO - Setting next_dagrun for example_sensor_decorator to None, run_after=None
[2024-01-31T11:06:11.964+0100] {processor.py:183} INFO - Processing /home/ubuntu/.local/lib/python3.10/site-packages/airflow/example_dags/example_sensor_decorator.py took 0.073 seconds
[2024-01-31T11:07:14.706+0100] {processor.py:161} INFO - Started process (PID=29391) to work on /home/ubuntu/.local/lib/python3.10/site-packages/airflow/example_dags/example_sensor_decorator.py
[2024-01-31T11:07:14.708+0100] {processor.py:830} INFO - Processing file /home/ubuntu/.local/lib/python3.10/site-packages/airflow/example_dags/example_sensor_decorator.py for tasks to queue
[2024-01-31T11:07:14.710+0100] {logging_mixin.py:188} INFO - [2024-01-31T11:07:14.709+0100] {dagbag.py:538} INFO - Filling up the DagBag from /home/ubuntu/.local/lib/python3.10/site-packages/airflow/example_dags/example_sensor_decorator.py
[2024-01-31T11:07:14.717+0100] {processor.py:840} INFO - DAG(s) 'example_sensor_decorator' retrieved from /home/ubuntu/.local/lib/python3.10/site-packages/airflow/example_dags/example_sensor_decorator.py
[2024-01-31T11:07:14.738+0100] {logging_mixin.py:188} INFO - [2024-01-31T11:07:14.738+0100] {dag.py:3033} INFO - Sync 1 DAGs
[2024-01-31T11:07:14.752+0100] {logging_mixin.py:188} INFO - [2024-01-31T11:07:14.752+0100] {dag.py:3820} INFO - Setting next_dagrun for example_sensor_decorator to None, run_after=None
[2024-01-31T11:07:14.785+0100] {processor.py:183} INFO - Processing /home/ubuntu/.local/lib/python3.10/site-packages/airflow/example_dags/example_sensor_decorator.py took 0.083 seconds
[2024-01-31T11:08:14.811+0100] {processor.py:161} INFO - Started process (PID=29465) to work on /home/ubuntu/.local/lib/python3.10/site-packages/airflow/example_dags/example_sensor_decorator.py
[2024-01-31T11:08:14.814+0100] {processor.py:830} INFO - Processing file /home/ubuntu/.local/lib/python3.10/site-packages/airflow/example_dags/example_sensor_decorator.py for tasks to queue
[2024-01-31T11:08:14.815+0100] {logging_mixin.py:188} INFO - [2024-01-31T11:08:14.815+0100] {dagbag.py:538} INFO - Filling up the DagBag from /home/ubuntu/.local/lib/python3.10/site-packages/airflow/example_dags/example_sensor_decorator.py
[2024-01-31T11:08:14.821+0100] {processor.py:840} INFO - DAG(s) 'example_sensor_decorator' retrieved from /home/ubuntu/.local/lib/python3.10/site-packages/airflow/example_dags/example_sensor_decorator.py
[2024-01-31T11:08:14.841+0100] {logging_mixin.py:188} INFO - [2024-01-31T11:08:14.841+0100] {dag.py:3033} INFO - Sync 1 DAGs
[2024-01-31T11:08:14.853+0100] {logging_mixin.py:188} INFO - [2024-01-31T11:08:14.853+0100] {dag.py:3820} INFO - Setting next_dagrun for example_sensor_decorator to None, run_after=None
[2024-01-31T11:08:14.888+0100] {processor.py:183} INFO - Processing /home/ubuntu/.local/lib/python3.10/site-packages/airflow/example_dags/example_sensor_decorator.py took 0.080 seconds
[2024-01-31T11:09:20.981+0100] {processor.py:161} INFO - Started process (PID=29536) to work on /home/ubuntu/.local/lib/python3.10/site-packages/airflow/example_dags/example_sensor_decorator.py
[2024-01-31T11:09:20.984+0100] {processor.py:830} INFO - Processing file /home/ubuntu/.local/lib/python3.10/site-packages/airflow/example_dags/example_sensor_decorator.py for tasks to queue
[2024-01-31T11:09:20.985+0100] {logging_mixin.py:188} INFO - [2024-01-31T11:09:20.984+0100] {dagbag.py:538} INFO - Filling up the DagBag from /home/ubuntu/.local/lib/python3.10/site-packages/airflow/example_dags/example_sensor_decorator.py
[2024-01-31T11:09:20.992+0100] {processor.py:840} INFO - DAG(s) 'example_sensor_decorator' retrieved from /home/ubuntu/.local/lib/python3.10/site-packages/airflow/example_dags/example_sensor_decorator.py
[2024-01-31T11:09:21.010+0100] {logging_mixin.py:188} INFO - [2024-01-31T11:09:21.010+0100] {dag.py:3033} INFO - Sync 1 DAGs
[2024-01-31T11:09:21.022+0100] {logging_mixin.py:188} INFO - [2024-01-31T11:09:21.022+0100] {dag.py:3820} INFO - Setting next_dagrun for example_sensor_decorator to None, run_after=None
[2024-01-31T11:09:21.053+0100] {processor.py:183} INFO - Processing /home/ubuntu/.local/lib/python3.10/site-packages/airflow/example_dags/example_sensor_decorator.py took 0.075 seconds
[2024-01-31T11:10:26.141+0100] {processor.py:161} INFO - Started process (PID=29612) to work on /home/ubuntu/.local/lib/python3.10/site-packages/airflow/example_dags/example_sensor_decorator.py
[2024-01-31T11:10:26.144+0100] {processor.py:830} INFO - Processing file /home/ubuntu/.local/lib/python3.10/site-packages/airflow/example_dags/example_sensor_decorator.py for tasks to queue
[2024-01-31T11:10:26.144+0100] {logging_mixin.py:188} INFO - [2024-01-31T11:10:26.144+0100] {dagbag.py:538} INFO - Filling up the DagBag from /home/ubuntu/.local/lib/python3.10/site-packages/airflow/example_dags/example_sensor_decorator.py
[2024-01-31T11:10:26.152+0100] {processor.py:840} INFO - DAG(s) 'example_sensor_decorator' retrieved from /home/ubuntu/.local/lib/python3.10/site-packages/airflow/example_dags/example_sensor_decorator.py
[2024-01-31T11:10:26.171+0100] {logging_mixin.py:188} INFO - [2024-01-31T11:10:26.171+0100] {dag.py:3033} INFO - Sync 1 DAGs
[2024-01-31T11:10:26.183+0100] {logging_mixin.py:188} INFO - [2024-01-31T11:10:26.182+0100] {dag.py:3820} INFO - Setting next_dagrun for example_sensor_decorator to None, run_after=None
[2024-01-31T11:10:26.211+0100] {processor.py:183} INFO - Processing /home/ubuntu/.local/lib/python3.10/site-packages/airflow/example_dags/example_sensor_decorator.py took 0.073 seconds
[2024-01-31T11:11:25.222+0100] {processor.py:161} INFO - Started process (PID=29680) to work on /home/ubuntu/.local/lib/python3.10/site-packages/airflow/example_dags/example_sensor_decorator.py
[2024-01-31T11:11:25.225+0100] {processor.py:830} INFO - Processing file /home/ubuntu/.local/lib/python3.10/site-packages/airflow/example_dags/example_sensor_decorator.py for tasks to queue
[2024-01-31T11:11:25.226+0100] {logging_mixin.py:188} INFO - [2024-01-31T11:11:25.225+0100] {dagbag.py:538} INFO - Filling up the DagBag from /home/ubuntu/.local/lib/python3.10/site-packages/airflow/example_dags/example_sensor_decorator.py
[2024-01-31T11:11:25.233+0100] {processor.py:840} INFO - DAG(s) 'example_sensor_decorator' retrieved from /home/ubuntu/.local/lib/python3.10/site-packages/airflow/example_dags/example_sensor_decorator.py
[2024-01-31T11:11:25.253+0100] {logging_mixin.py:188} INFO - [2024-01-31T11:11:25.253+0100] {dag.py:3033} INFO - Sync 1 DAGs
[2024-01-31T11:11:25.269+0100] {logging_mixin.py:188} INFO - [2024-01-31T11:11:25.269+0100] {dag.py:3820} INFO - Setting next_dagrun for example_sensor_decorator to None, run_after=None
[2024-01-31T11:11:25.300+0100] {processor.py:183} INFO - Processing /home/ubuntu/.local/lib/python3.10/site-packages/airflow/example_dags/example_sensor_decorator.py took 0.082 seconds
[2024-01-31T11:12:30.513+0100] {processor.py:161} INFO - Started process (PID=29751) to work on /home/ubuntu/.local/lib/python3.10/site-packages/airflow/example_dags/example_sensor_decorator.py
[2024-01-31T11:12:30.519+0100] {processor.py:830} INFO - Processing file /home/ubuntu/.local/lib/python3.10/site-packages/airflow/example_dags/example_sensor_decorator.py for tasks to queue
[2024-01-31T11:12:30.523+0100] {logging_mixin.py:188} INFO - [2024-01-31T11:12:30.521+0100] {dagbag.py:538} INFO - Filling up the DagBag from /home/ubuntu/.local/lib/python3.10/site-packages/airflow/example_dags/example_sensor_decorator.py
[2024-01-31T11:12:30.552+0100] {processor.py:840} INFO - DAG(s) 'example_sensor_decorator' retrieved from /home/ubuntu/.local/lib/python3.10/site-packages/airflow/example_dags/example_sensor_decorator.py
[2024-01-31T11:12:30.642+0100] {logging_mixin.py:188} INFO - [2024-01-31T11:12:30.641+0100] {dag.py:3033} INFO - Sync 1 DAGs
[2024-01-31T11:12:30.681+0100] {logging_mixin.py:188} INFO - [2024-01-31T11:12:30.680+0100] {dag.py:3820} INFO - Setting next_dagrun for example_sensor_decorator to None, run_after=None
[2024-01-31T11:12:30.774+0100] {processor.py:183} INFO - Processing /home/ubuntu/.local/lib/python3.10/site-packages/airflow/example_dags/example_sensor_decorator.py took 0.277 seconds
[2024-01-31T11:13:40.347+0100] {processor.py:161} INFO - Started process (PID=29830) to work on /home/ubuntu/.local/lib/python3.10/site-packages/airflow/example_dags/example_sensor_decorator.py
[2024-01-31T11:13:40.350+0100] {processor.py:830} INFO - Processing file /home/ubuntu/.local/lib/python3.10/site-packages/airflow/example_dags/example_sensor_decorator.py for tasks to queue
[2024-01-31T11:13:40.351+0100] {logging_mixin.py:188} INFO - [2024-01-31T11:13:40.351+0100] {dagbag.py:538} INFO - Filling up the DagBag from /home/ubuntu/.local/lib/python3.10/site-packages/airflow/example_dags/example_sensor_decorator.py
[2024-01-31T11:13:40.358+0100] {processor.py:840} INFO - DAG(s) 'example_sensor_decorator' retrieved from /home/ubuntu/.local/lib/python3.10/site-packages/airflow/example_dags/example_sensor_decorator.py
[2024-01-31T11:13:40.375+0100] {logging_mixin.py:188} INFO - [2024-01-31T11:13:40.374+0100] {dag.py:3033} INFO - Sync 1 DAGs
[2024-01-31T11:13:40.386+0100] {logging_mixin.py:188} INFO - [2024-01-31T11:13:40.386+0100] {dag.py:3820} INFO - Setting next_dagrun for example_sensor_decorator to None, run_after=None
[2024-01-31T11:13:40.416+0100] {processor.py:183} INFO - Processing /home/ubuntu/.local/lib/python3.10/site-packages/airflow/example_dags/example_sensor_decorator.py took 0.073 seconds
[2024-01-31T11:14:57.127+0100] {processor.py:161} INFO - Started process (PID=30515) to work on /home/ubuntu/.local/lib/python3.10/site-packages/airflow/example_dags/example_sensor_decorator.py
[2024-01-31T11:14:57.161+0100] {processor.py:830} INFO - Processing file /home/ubuntu/.local/lib/python3.10/site-packages/airflow/example_dags/example_sensor_decorator.py for tasks to queue
[2024-01-31T11:14:57.177+0100] {logging_mixin.py:188} INFO - [2024-01-31T11:14:57.169+0100] {dagbag.py:538} INFO - Filling up the DagBag from /home/ubuntu/.local/lib/python3.10/site-packages/airflow/example_dags/example_sensor_decorator.py
[2024-01-31T11:14:57.521+0100] {processor.py:840} INFO - DAG(s) 'example_sensor_decorator' retrieved from /home/ubuntu/.local/lib/python3.10/site-packages/airflow/example_dags/example_sensor_decorator.py
[2024-01-31T11:14:58.291+0100] {logging_mixin.py:188} INFO - [2024-01-31T11:14:58.291+0100] {dag.py:3033} INFO - Sync 1 DAGs
[2024-01-31T11:14:58.411+0100] {logging_mixin.py:188} INFO - [2024-01-31T11:14:58.411+0100] {dag.py:3820} INFO - Setting next_dagrun for example_sensor_decorator to None, run_after=None
[2024-01-31T11:14:58.494+0100] {processor.py:183} INFO - Processing /home/ubuntu/.local/lib/python3.10/site-packages/airflow/example_dags/example_sensor_decorator.py took 1.585 seconds
[2024-01-31T11:16:09.353+0100] {processor.py:161} INFO - Started process (PID=30590) to work on /home/ubuntu/.local/lib/python3.10/site-packages/airflow/example_dags/example_sensor_decorator.py
[2024-01-31T11:16:09.355+0100] {processor.py:830} INFO - Processing file /home/ubuntu/.local/lib/python3.10/site-packages/airflow/example_dags/example_sensor_decorator.py for tasks to queue
[2024-01-31T11:16:09.357+0100] {logging_mixin.py:188} INFO - [2024-01-31T11:16:09.356+0100] {dagbag.py:538} INFO - Filling up the DagBag from /home/ubuntu/.local/lib/python3.10/site-packages/airflow/example_dags/example_sensor_decorator.py
[2024-01-31T11:16:09.365+0100] {processor.py:840} INFO - DAG(s) 'example_sensor_decorator' retrieved from /home/ubuntu/.local/lib/python3.10/site-packages/airflow/example_dags/example_sensor_decorator.py
[2024-01-31T11:16:09.385+0100] {logging_mixin.py:188} INFO - [2024-01-31T11:16:09.385+0100] {dag.py:3033} INFO - Sync 1 DAGs
[2024-01-31T11:16:09.397+0100] {logging_mixin.py:188} INFO - [2024-01-31T11:16:09.396+0100] {dag.py:3820} INFO - Setting next_dagrun for example_sensor_decorator to None, run_after=None
[2024-01-31T11:16:09.424+0100] {processor.py:183} INFO - Processing /home/ubuntu/.local/lib/python3.10/site-packages/airflow/example_dags/example_sensor_decorator.py took 0.076 seconds
[2024-01-31T11:17:13.482+0100] {processor.py:161} INFO - Started process (PID=30667) to work on /home/ubuntu/.local/lib/python3.10/site-packages/airflow/example_dags/example_sensor_decorator.py
[2024-01-31T11:17:13.484+0100] {processor.py:830} INFO - Processing file /home/ubuntu/.local/lib/python3.10/site-packages/airflow/example_dags/example_sensor_decorator.py for tasks to queue
[2024-01-31T11:17:13.485+0100] {logging_mixin.py:188} INFO - [2024-01-31T11:17:13.485+0100] {dagbag.py:538} INFO - Filling up the DagBag from /home/ubuntu/.local/lib/python3.10/site-packages/airflow/example_dags/example_sensor_decorator.py
[2024-01-31T11:17:13.498+0100] {processor.py:840} INFO - DAG(s) 'example_sensor_decorator' retrieved from /home/ubuntu/.local/lib/python3.10/site-packages/airflow/example_dags/example_sensor_decorator.py
[2024-01-31T11:17:13.517+0100] {logging_mixin.py:188} INFO - [2024-01-31T11:17:13.517+0100] {dag.py:3033} INFO - Sync 1 DAGs
[2024-01-31T11:17:13.538+0100] {logging_mixin.py:188} INFO - [2024-01-31T11:17:13.538+0100] {dag.py:3820} INFO - Setting next_dagrun for example_sensor_decorator to None, run_after=None
[2024-01-31T11:17:13.638+0100] {processor.py:183} INFO - Processing /home/ubuntu/.local/lib/python3.10/site-packages/airflow/example_dags/example_sensor_decorator.py took 0.161 seconds
[2024-01-31T11:18:15.589+0100] {processor.py:161} INFO - Started process (PID=30724) to work on /home/ubuntu/.local/lib/python3.10/site-packages/airflow/example_dags/example_sensor_decorator.py
[2024-01-31T11:18:15.591+0100] {processor.py:830} INFO - Processing file /home/ubuntu/.local/lib/python3.10/site-packages/airflow/example_dags/example_sensor_decorator.py for tasks to queue
[2024-01-31T11:18:15.592+0100] {logging_mixin.py:188} INFO - [2024-01-31T11:18:15.592+0100] {dagbag.py:538} INFO - Filling up the DagBag from /home/ubuntu/.local/lib/python3.10/site-packages/airflow/example_dags/example_sensor_decorator.py
[2024-01-31T11:18:15.601+0100] {processor.py:840} INFO - DAG(s) 'example_sensor_decorator' retrieved from /home/ubuntu/.local/lib/python3.10/site-packages/airflow/example_dags/example_sensor_decorator.py
[2024-01-31T11:18:15.624+0100] {logging_mixin.py:188} INFO - [2024-01-31T11:18:15.624+0100] {dag.py:3033} INFO - Sync 1 DAGs
[2024-01-31T11:18:15.638+0100] {logging_mixin.py:188} INFO - [2024-01-31T11:18:15.638+0100] {dag.py:3820} INFO - Setting next_dagrun for example_sensor_decorator to None, run_after=None
[2024-01-31T11:18:15.678+0100] {processor.py:183} INFO - Processing /home/ubuntu/.local/lib/python3.10/site-packages/airflow/example_dags/example_sensor_decorator.py took 0.093 seconds
[2024-01-31T11:19:09.591+0100] {processor.py:161} INFO - Started process (PID=30781) to work on /home/ubuntu/.local/lib/python3.10/site-packages/airflow/example_dags/example_sensor_decorator.py
[2024-01-31T11:19:09.593+0100] {processor.py:830} INFO - Processing file /home/ubuntu/.local/lib/python3.10/site-packages/airflow/example_dags/example_sensor_decorator.py for tasks to queue
[2024-01-31T11:19:09.594+0100] {logging_mixin.py:188} INFO - [2024-01-31T11:19:09.593+0100] {dagbag.py:538} INFO - Filling up the DagBag from /home/ubuntu/.local/lib/python3.10/site-packages/airflow/example_dags/example_sensor_decorator.py
[2024-01-31T11:19:09.601+0100] {processor.py:840} INFO - DAG(s) 'example_sensor_decorator' retrieved from /home/ubuntu/.local/lib/python3.10/site-packages/airflow/example_dags/example_sensor_decorator.py
[2024-01-31T11:19:09.620+0100] {logging_mixin.py:188} INFO - [2024-01-31T11:19:09.619+0100] {dag.py:3033} INFO - Sync 1 DAGs
[2024-01-31T11:19:09.631+0100] {logging_mixin.py:188} INFO - [2024-01-31T11:19:09.631+0100] {dag.py:3820} INFO - Setting next_dagrun for example_sensor_decorator to None, run_after=None
[2024-01-31T11:19:09.659+0100] {processor.py:183} INFO - Processing /home/ubuntu/.local/lib/python3.10/site-packages/airflow/example_dags/example_sensor_decorator.py took 0.071 seconds
[2024-01-31T11:20:18.646+0100] {processor.py:161} INFO - Started process (PID=30860) to work on /home/ubuntu/.local/lib/python3.10/site-packages/airflow/example_dags/example_sensor_decorator.py
[2024-01-31T11:20:18.648+0100] {processor.py:830} INFO - Processing file /home/ubuntu/.local/lib/python3.10/site-packages/airflow/example_dags/example_sensor_decorator.py for tasks to queue
[2024-01-31T11:20:18.649+0100] {logging_mixin.py:188} INFO - [2024-01-31T11:20:18.649+0100] {dagbag.py:538} INFO - Filling up the DagBag from /home/ubuntu/.local/lib/python3.10/site-packages/airflow/example_dags/example_sensor_decorator.py
[2024-01-31T11:20:18.657+0100] {processor.py:840} INFO - DAG(s) 'example_sensor_decorator' retrieved from /home/ubuntu/.local/lib/python3.10/site-packages/airflow/example_dags/example_sensor_decorator.py
[2024-01-31T11:20:18.675+0100] {logging_mixin.py:188} INFO - [2024-01-31T11:20:18.675+0100] {dag.py:3033} INFO - Sync 1 DAGs
[2024-01-31T11:20:18.688+0100] {logging_mixin.py:188} INFO - [2024-01-31T11:20:18.687+0100] {dag.py:3820} INFO - Setting next_dagrun for example_sensor_decorator to None, run_after=None
[2024-01-31T11:20:18.718+0100] {processor.py:183} INFO - Processing /home/ubuntu/.local/lib/python3.10/site-packages/airflow/example_dags/example_sensor_decorator.py took 0.076 seconds
[2024-01-31T11:21:23.833+0100] {processor.py:161} INFO - Started process (PID=30935) to work on /home/ubuntu/.local/lib/python3.10/site-packages/airflow/example_dags/example_sensor_decorator.py
[2024-01-31T11:21:23.838+0100] {processor.py:830} INFO - Processing file /home/ubuntu/.local/lib/python3.10/site-packages/airflow/example_dags/example_sensor_decorator.py for tasks to queue
[2024-01-31T11:21:23.840+0100] {logging_mixin.py:188} INFO - [2024-01-31T11:21:23.839+0100] {dagbag.py:538} INFO - Filling up the DagBag from /home/ubuntu/.local/lib/python3.10/site-packages/airflow/example_dags/example_sensor_decorator.py
[2024-01-31T11:21:23.849+0100] {processor.py:840} INFO - DAG(s) 'example_sensor_decorator' retrieved from /home/ubuntu/.local/lib/python3.10/site-packages/airflow/example_dags/example_sensor_decorator.py
[2024-01-31T11:21:23.873+0100] {logging_mixin.py:188} INFO - [2024-01-31T11:21:23.873+0100] {dag.py:3033} INFO - Sync 1 DAGs
[2024-01-31T11:21:23.887+0100] {logging_mixin.py:188} INFO - [2024-01-31T11:21:23.887+0100] {dag.py:3820} INFO - Setting next_dagrun for example_sensor_decorator to None, run_after=None
[2024-01-31T11:21:23.917+0100] {processor.py:183} INFO - Processing /home/ubuntu/.local/lib/python3.10/site-packages/airflow/example_dags/example_sensor_decorator.py took 0.090 seconds
[2024-01-31T11:22:25.529+0100] {processor.py:161} INFO - Started process (PID=31005) to work on /home/ubuntu/.local/lib/python3.10/site-packages/airflow/example_dags/example_sensor_decorator.py
[2024-01-31T11:22:25.532+0100] {processor.py:830} INFO - Processing file /home/ubuntu/.local/lib/python3.10/site-packages/airflow/example_dags/example_sensor_decorator.py for tasks to queue
[2024-01-31T11:22:25.532+0100] {logging_mixin.py:188} INFO - [2024-01-31T11:22:25.532+0100] {dagbag.py:538} INFO - Filling up the DagBag from /home/ubuntu/.local/lib/python3.10/site-packages/airflow/example_dags/example_sensor_decorator.py
[2024-01-31T11:22:25.539+0100] {processor.py:840} INFO - DAG(s) 'example_sensor_decorator' retrieved from /home/ubuntu/.local/lib/python3.10/site-packages/airflow/example_dags/example_sensor_decorator.py
[2024-01-31T11:22:25.558+0100] {logging_mixin.py:188} INFO - [2024-01-31T11:22:25.557+0100] {dag.py:3033} INFO - Sync 1 DAGs
[2024-01-31T11:22:25.569+0100] {logging_mixin.py:188} INFO - [2024-01-31T11:22:25.569+0100] {dag.py:3820} INFO - Setting next_dagrun for example_sensor_decorator to None, run_after=None
[2024-01-31T11:22:25.597+0100] {processor.py:183} INFO - Processing /home/ubuntu/.local/lib/python3.10/site-packages/airflow/example_dags/example_sensor_decorator.py took 0.072 seconds
[2024-01-31T11:23:30.999+0100] {processor.py:161} INFO - Started process (PID=31081) to work on /home/ubuntu/.local/lib/python3.10/site-packages/airflow/example_dags/example_sensor_decorator.py
[2024-01-31T11:23:31.006+0100] {processor.py:830} INFO - Processing file /home/ubuntu/.local/lib/python3.10/site-packages/airflow/example_dags/example_sensor_decorator.py for tasks to queue
[2024-01-31T11:23:31.009+0100] {logging_mixin.py:188} INFO - [2024-01-31T11:23:31.008+0100] {dagbag.py:538} INFO - Filling up the DagBag from /home/ubuntu/.local/lib/python3.10/site-packages/airflow/example_dags/example_sensor_decorator.py
[2024-01-31T11:23:31.020+0100] {processor.py:840} INFO - DAG(s) 'example_sensor_decorator' retrieved from /home/ubuntu/.local/lib/python3.10/site-packages/airflow/example_dags/example_sensor_decorator.py
[2024-01-31T11:23:31.047+0100] {logging_mixin.py:188} INFO - [2024-01-31T11:23:31.046+0100] {dag.py:3033} INFO - Sync 1 DAGs
[2024-01-31T11:23:31.065+0100] {logging_mixin.py:188} INFO - [2024-01-31T11:23:31.065+0100] {dag.py:3820} INFO - Setting next_dagrun for example_sensor_decorator to None, run_after=None
[2024-01-31T11:23:31.110+0100] {processor.py:183} INFO - Processing /home/ubuntu/.local/lib/python3.10/site-packages/airflow/example_dags/example_sensor_decorator.py took 0.116 seconds
[2024-01-31T11:24:34.779+0100] {processor.py:161} INFO - Started process (PID=31157) to work on /home/ubuntu/.local/lib/python3.10/site-packages/airflow/example_dags/example_sensor_decorator.py
[2024-01-31T11:24:34.781+0100] {processor.py:830} INFO - Processing file /home/ubuntu/.local/lib/python3.10/site-packages/airflow/example_dags/example_sensor_decorator.py for tasks to queue
[2024-01-31T11:24:34.784+0100] {logging_mixin.py:188} INFO - [2024-01-31T11:24:34.783+0100] {dagbag.py:538} INFO - Filling up the DagBag from /home/ubuntu/.local/lib/python3.10/site-packages/airflow/example_dags/example_sensor_decorator.py
[2024-01-31T11:24:34.792+0100] {processor.py:840} INFO - DAG(s) 'example_sensor_decorator' retrieved from /home/ubuntu/.local/lib/python3.10/site-packages/airflow/example_dags/example_sensor_decorator.py
[2024-01-31T11:24:34.812+0100] {logging_mixin.py:188} INFO - [2024-01-31T11:24:34.811+0100] {dag.py:3033} INFO - Sync 1 DAGs
[2024-01-31T11:24:34.827+0100] {logging_mixin.py:188} INFO - [2024-01-31T11:24:34.827+0100] {dag.py:3820} INFO - Setting next_dagrun for example_sensor_decorator to None, run_after=None
[2024-01-31T11:24:34.860+0100] {processor.py:183} INFO - Processing /home/ubuntu/.local/lib/python3.10/site-packages/airflow/example_dags/example_sensor_decorator.py took 0.086 seconds
[2024-01-31T11:25:25.565+0100] {processor.py:161} INFO - Started process (PID=31210) to work on /home/ubuntu/.local/lib/python3.10/site-packages/airflow/example_dags/example_sensor_decorator.py
[2024-01-31T11:25:25.568+0100] {processor.py:830} INFO - Processing file /home/ubuntu/.local/lib/python3.10/site-packages/airflow/example_dags/example_sensor_decorator.py for tasks to queue
[2024-01-31T11:25:25.570+0100] {logging_mixin.py:188} INFO - [2024-01-31T11:25:25.569+0100] {dagbag.py:538} INFO - Filling up the DagBag from /home/ubuntu/.local/lib/python3.10/site-packages/airflow/example_dags/example_sensor_decorator.py
[2024-01-31T11:25:25.578+0100] {processor.py:840} INFO - DAG(s) 'example_sensor_decorator' retrieved from /home/ubuntu/.local/lib/python3.10/site-packages/airflow/example_dags/example_sensor_decorator.py
[2024-01-31T11:25:25.605+0100] {logging_mixin.py:188} INFO - [2024-01-31T11:25:25.604+0100] {dag.py:3033} INFO - Sync 1 DAGs
[2024-01-31T11:25:25.620+0100] {logging_mixin.py:188} INFO - [2024-01-31T11:25:25.620+0100] {dag.py:3820} INFO - Setting next_dagrun for example_sensor_decorator to None, run_after=None
[2024-01-31T11:25:25.657+0100] {processor.py:183} INFO - Processing /home/ubuntu/.local/lib/python3.10/site-packages/airflow/example_dags/example_sensor_decorator.py took 0.095 seconds
[2024-01-31T11:26:37.749+0100] {processor.py:161} INFO - Started process (PID=31271) to work on /home/ubuntu/.local/lib/python3.10/site-packages/airflow/example_dags/example_sensor_decorator.py
[2024-01-31T11:26:37.752+0100] {processor.py:830} INFO - Processing file /home/ubuntu/.local/lib/python3.10/site-packages/airflow/example_dags/example_sensor_decorator.py for tasks to queue
[2024-01-31T11:26:37.754+0100] {logging_mixin.py:188} INFO - [2024-01-31T11:26:37.753+0100] {dagbag.py:538} INFO - Filling up the DagBag from /home/ubuntu/.local/lib/python3.10/site-packages/airflow/example_dags/example_sensor_decorator.py
[2024-01-31T11:26:37.762+0100] {processor.py:840} INFO - DAG(s) 'example_sensor_decorator' retrieved from /home/ubuntu/.local/lib/python3.10/site-packages/airflow/example_dags/example_sensor_decorator.py
[2024-01-31T11:26:37.788+0100] {logging_mixin.py:188} INFO - [2024-01-31T11:26:37.787+0100] {dag.py:3033} INFO - Sync 1 DAGs
[2024-01-31T11:26:37.937+0100] {logging_mixin.py:188} INFO - [2024-01-31T11:26:37.937+0100] {dag.py:3820} INFO - Setting next_dagrun for example_sensor_decorator to None, run_after=None
[2024-01-31T11:26:37.996+0100] {processor.py:183} INFO - Processing /home/ubuntu/.local/lib/python3.10/site-packages/airflow/example_dags/example_sensor_decorator.py took 0.251 seconds
