[2024-01-31T01:01:55.448+0100] {processor.py:161} INFO - Started process (PID=26548) to work on /home/ubuntu/.local/lib/python3.10/site-packages/airflow/example_dags/example_bash_operator.py
[2024-01-31T01:01:55.449+0100] {processor.py:830} INFO - Processing file /home/ubuntu/.local/lib/python3.10/site-packages/airflow/example_dags/example_bash_operator.py for tasks to queue
[2024-01-31T01:01:55.450+0100] {logging_mixin.py:188} INFO - [2024-01-31T01:01:55.450+0100] {dagbag.py:538} INFO - Filling up the DagBag from /home/ubuntu/.local/lib/python3.10/site-packages/airflow/example_dags/example_bash_operator.py
[2024-01-31T01:01:55.464+0100] {processor.py:840} INFO - DAG(s) 'example_bash_operator' retrieved from /home/ubuntu/.local/lib/python3.10/site-packages/airflow/example_dags/example_bash_operator.py
[2024-01-31T01:01:55.500+0100] {logging_mixin.py:188} INFO - [2024-01-31T01:01:55.500+0100] {dag.py:3033} INFO - Sync 1 DAGs
[2024-01-31T01:01:55.523+0100] {logging_mixin.py:188} INFO - [2024-01-31T01:01:55.523+0100] {dag.py:3820} INFO - Setting next_dagrun for example_bash_operator to 2024-01-30T00:00:00+00:00, run_after=2024-01-31T00:00:00+00:00
[2024-01-31T01:01:55.562+0100] {processor.py:183} INFO - Processing /home/ubuntu/.local/lib/python3.10/site-packages/airflow/example_dags/example_bash_operator.py took 0.119 seconds
[2024-01-31T10:29:44.407+0100] {processor.py:161} INFO - Started process (PID=26709) to work on /home/ubuntu/.local/lib/python3.10/site-packages/airflow/example_dags/example_bash_operator.py
[2024-01-31T10:29:44.409+0100] {processor.py:830} INFO - Processing file /home/ubuntu/.local/lib/python3.10/site-packages/airflow/example_dags/example_bash_operator.py for tasks to queue
[2024-01-31T10:29:44.411+0100] {logging_mixin.py:188} INFO - [2024-01-31T10:29:44.410+0100] {dagbag.py:538} INFO - Filling up the DagBag from /home/ubuntu/.local/lib/python3.10/site-packages/airflow/example_dags/example_bash_operator.py
[2024-01-31T10:29:44.423+0100] {processor.py:840} INFO - DAG(s) 'example_bash_operator' retrieved from /home/ubuntu/.local/lib/python3.10/site-packages/airflow/example_dags/example_bash_operator.py
[2024-01-31T10:29:44.449+0100] {logging_mixin.py:188} INFO - [2024-01-31T10:29:44.449+0100] {dag.py:3033} INFO - Sync 1 DAGs
[2024-01-31T10:29:44.469+0100] {logging_mixin.py:188} INFO - [2024-01-31T10:29:44.468+0100] {dag.py:3820} INFO - Setting next_dagrun for example_bash_operator to 2024-01-30T00:00:00+00:00, run_after=2024-01-31T00:00:00+00:00
[2024-01-31T10:29:44.496+0100] {processor.py:183} INFO - Processing /home/ubuntu/.local/lib/python3.10/site-packages/airflow/example_dags/example_bash_operator.py took 0.092 seconds
[2024-01-31T10:30:32.677+0100] {processor.py:161} INFO - Started process (PID=26768) to work on /home/ubuntu/.local/lib/python3.10/site-packages/airflow/example_dags/example_bash_operator.py
[2024-01-31T10:30:32.679+0100] {processor.py:830} INFO - Processing file /home/ubuntu/.local/lib/python3.10/site-packages/airflow/example_dags/example_bash_operator.py for tasks to queue
[2024-01-31T10:30:32.680+0100] {logging_mixin.py:188} INFO - [2024-01-31T10:30:32.680+0100] {dagbag.py:538} INFO - Filling up the DagBag from /home/ubuntu/.local/lib/python3.10/site-packages/airflow/example_dags/example_bash_operator.py
[2024-01-31T10:30:32.692+0100] {processor.py:840} INFO - DAG(s) 'example_bash_operator' retrieved from /home/ubuntu/.local/lib/python3.10/site-packages/airflow/example_dags/example_bash_operator.py
[2024-01-31T10:30:32.715+0100] {logging_mixin.py:188} INFO - [2024-01-31T10:30:32.715+0100] {dag.py:3033} INFO - Sync 1 DAGs
[2024-01-31T10:30:32.735+0100] {logging_mixin.py:188} INFO - [2024-01-31T10:30:32.734+0100] {dag.py:3820} INFO - Setting next_dagrun for example_bash_operator to 2024-01-30T00:00:00+00:00, run_after=2024-01-31T00:00:00+00:00
[2024-01-31T10:30:32.760+0100] {processor.py:183} INFO - Processing /home/ubuntu/.local/lib/python3.10/site-packages/airflow/example_dags/example_bash_operator.py took 0.088 seconds
[2024-01-31T10:31:31.832+0100] {processor.py:161} INFO - Started process (PID=26834) to work on /home/ubuntu/.local/lib/python3.10/site-packages/airflow/example_dags/example_bash_operator.py
[2024-01-31T10:31:31.835+0100] {processor.py:830} INFO - Processing file /home/ubuntu/.local/lib/python3.10/site-packages/airflow/example_dags/example_bash_operator.py for tasks to queue
[2024-01-31T10:31:31.836+0100] {logging_mixin.py:188} INFO - [2024-01-31T10:31:31.835+0100] {dagbag.py:538} INFO - Filling up the DagBag from /home/ubuntu/.local/lib/python3.10/site-packages/airflow/example_dags/example_bash_operator.py
[2024-01-31T10:31:31.848+0100] {processor.py:840} INFO - DAG(s) 'example_bash_operator' retrieved from /home/ubuntu/.local/lib/python3.10/site-packages/airflow/example_dags/example_bash_operator.py
[2024-01-31T10:31:31.872+0100] {logging_mixin.py:188} INFO - [2024-01-31T10:31:31.872+0100] {dag.py:3033} INFO - Sync 1 DAGs
[2024-01-31T10:31:31.891+0100] {logging_mixin.py:188} INFO - [2024-01-31T10:31:31.891+0100] {dag.py:3820} INFO - Setting next_dagrun for example_bash_operator to 2024-01-30T00:00:00+00:00, run_after=2024-01-31T00:00:00+00:00
[2024-01-31T10:31:31.918+0100] {processor.py:183} INFO - Processing /home/ubuntu/.local/lib/python3.10/site-packages/airflow/example_dags/example_bash_operator.py took 0.090 seconds
[2024-01-31T10:32:29.581+0100] {processor.py:161} INFO - Started process (PID=26907) to work on /home/ubuntu/.local/lib/python3.10/site-packages/airflow/example_dags/example_bash_operator.py
[2024-01-31T10:32:29.585+0100] {processor.py:830} INFO - Processing file /home/ubuntu/.local/lib/python3.10/site-packages/airflow/example_dags/example_bash_operator.py for tasks to queue
[2024-01-31T10:32:29.586+0100] {logging_mixin.py:188} INFO - [2024-01-31T10:32:29.586+0100] {dagbag.py:538} INFO - Filling up the DagBag from /home/ubuntu/.local/lib/python3.10/site-packages/airflow/example_dags/example_bash_operator.py
[2024-01-31T10:32:29.600+0100] {processor.py:840} INFO - DAG(s) 'example_bash_operator' retrieved from /home/ubuntu/.local/lib/python3.10/site-packages/airflow/example_dags/example_bash_operator.py
[2024-01-31T10:32:29.625+0100] {logging_mixin.py:188} INFO - [2024-01-31T10:32:29.625+0100] {dag.py:3033} INFO - Sync 1 DAGs
[2024-01-31T10:32:29.645+0100] {logging_mixin.py:188} INFO - [2024-01-31T10:32:29.645+0100] {dag.py:3820} INFO - Setting next_dagrun for example_bash_operator to 2024-01-30T00:00:00+00:00, run_after=2024-01-31T00:00:00+00:00
[2024-01-31T10:32:29.673+0100] {processor.py:183} INFO - Processing /home/ubuntu/.local/lib/python3.10/site-packages/airflow/example_dags/example_bash_operator.py took 0.096 seconds
[2024-01-31T10:33:31.032+0100] {processor.py:161} INFO - Started process (PID=26975) to work on /home/ubuntu/.local/lib/python3.10/site-packages/airflow/example_dags/example_bash_operator.py
[2024-01-31T10:33:31.034+0100] {processor.py:830} INFO - Processing file /home/ubuntu/.local/lib/python3.10/site-packages/airflow/example_dags/example_bash_operator.py for tasks to queue
[2024-01-31T10:33:31.035+0100] {logging_mixin.py:188} INFO - [2024-01-31T10:33:31.035+0100] {dagbag.py:538} INFO - Filling up the DagBag from /home/ubuntu/.local/lib/python3.10/site-packages/airflow/example_dags/example_bash_operator.py
[2024-01-31T10:33:31.048+0100] {processor.py:840} INFO - DAG(s) 'example_bash_operator' retrieved from /home/ubuntu/.local/lib/python3.10/site-packages/airflow/example_dags/example_bash_operator.py
[2024-01-31T10:33:31.072+0100] {logging_mixin.py:188} INFO - [2024-01-31T10:33:31.072+0100] {dag.py:3033} INFO - Sync 1 DAGs
[2024-01-31T10:33:31.093+0100] {logging_mixin.py:188} INFO - [2024-01-31T10:33:31.092+0100] {dag.py:3820} INFO - Setting next_dagrun for example_bash_operator to 2024-01-30T00:00:00+00:00, run_after=2024-01-31T00:00:00+00:00
[2024-01-31T10:33:31.139+0100] {processor.py:183} INFO - Processing /home/ubuntu/.local/lib/python3.10/site-packages/airflow/example_dags/example_bash_operator.py took 0.110 seconds
[2024-01-31T10:34:21.555+0100] {processor.py:161} INFO - Started process (PID=27070) to work on /home/ubuntu/.local/lib/python3.10/site-packages/airflow/example_dags/example_bash_operator.py
[2024-01-31T10:34:21.558+0100] {processor.py:830} INFO - Processing file /home/ubuntu/.local/lib/python3.10/site-packages/airflow/example_dags/example_bash_operator.py for tasks to queue
[2024-01-31T10:34:21.559+0100] {logging_mixin.py:188} INFO - [2024-01-31T10:34:21.558+0100] {dagbag.py:538} INFO - Filling up the DagBag from /home/ubuntu/.local/lib/python3.10/site-packages/airflow/example_dags/example_bash_operator.py
[2024-01-31T10:34:21.576+0100] {processor.py:840} INFO - DAG(s) 'example_bash_operator' retrieved from /home/ubuntu/.local/lib/python3.10/site-packages/airflow/example_dags/example_bash_operator.py
[2024-01-31T10:34:21.607+0100] {logging_mixin.py:188} INFO - [2024-01-31T10:34:21.607+0100] {dag.py:3033} INFO - Sync 1 DAGs
[2024-01-31T10:34:21.627+0100] {logging_mixin.py:188} INFO - [2024-01-31T10:34:21.626+0100] {dag.py:3820} INFO - Setting next_dagrun for example_bash_operator to 2024-01-30T00:00:00+00:00, run_after=2024-01-31T00:00:00+00:00
[2024-01-31T10:34:21.658+0100] {processor.py:183} INFO - Processing /home/ubuntu/.local/lib/python3.10/site-packages/airflow/example_dags/example_bash_operator.py took 0.107 seconds
[2024-01-31T10:35:26.522+0100] {processor.py:161} INFO - Started process (PID=27145) to work on /home/ubuntu/.local/lib/python3.10/site-packages/airflow/example_dags/example_bash_operator.py
[2024-01-31T10:35:26.524+0100] {processor.py:830} INFO - Processing file /home/ubuntu/.local/lib/python3.10/site-packages/airflow/example_dags/example_bash_operator.py for tasks to queue
[2024-01-31T10:35:26.525+0100] {logging_mixin.py:188} INFO - [2024-01-31T10:35:26.525+0100] {dagbag.py:538} INFO - Filling up the DagBag from /home/ubuntu/.local/lib/python3.10/site-packages/airflow/example_dags/example_bash_operator.py
[2024-01-31T10:35:26.547+0100] {processor.py:840} INFO - DAG(s) 'example_bash_operator' retrieved from /home/ubuntu/.local/lib/python3.10/site-packages/airflow/example_dags/example_bash_operator.py
[2024-01-31T10:35:26.578+0100] {logging_mixin.py:188} INFO - [2024-01-31T10:35:26.577+0100] {dag.py:3033} INFO - Sync 1 DAGs
[2024-01-31T10:35:26.600+0100] {logging_mixin.py:188} INFO - [2024-01-31T10:35:26.600+0100] {dag.py:3820} INFO - Setting next_dagrun for example_bash_operator to 2024-01-30T00:00:00+00:00, run_after=2024-01-31T00:00:00+00:00
[2024-01-31T10:35:26.633+0100] {processor.py:183} INFO - Processing /home/ubuntu/.local/lib/python3.10/site-packages/airflow/example_dags/example_bash_operator.py took 0.116 seconds
[2024-01-31T10:36:31.615+0100] {processor.py:161} INFO - Started process (PID=27218) to work on /home/ubuntu/.local/lib/python3.10/site-packages/airflow/example_dags/example_bash_operator.py
[2024-01-31T10:36:31.618+0100] {processor.py:830} INFO - Processing file /home/ubuntu/.local/lib/python3.10/site-packages/airflow/example_dags/example_bash_operator.py for tasks to queue
[2024-01-31T10:36:31.620+0100] {logging_mixin.py:188} INFO - [2024-01-31T10:36:31.619+0100] {dagbag.py:538} INFO - Filling up the DagBag from /home/ubuntu/.local/lib/python3.10/site-packages/airflow/example_dags/example_bash_operator.py
[2024-01-31T10:36:31.645+0100] {processor.py:840} INFO - DAG(s) 'example_bash_operator' retrieved from /home/ubuntu/.local/lib/python3.10/site-packages/airflow/example_dags/example_bash_operator.py
[2024-01-31T10:36:31.690+0100] {logging_mixin.py:188} INFO - [2024-01-31T10:36:31.689+0100] {dag.py:3033} INFO - Sync 1 DAGs
[2024-01-31T10:36:31.719+0100] {logging_mixin.py:188} INFO - [2024-01-31T10:36:31.719+0100] {dag.py:3820} INFO - Setting next_dagrun for example_bash_operator to 2024-01-30T00:00:00+00:00, run_after=2024-01-31T00:00:00+00:00
[2024-01-31T10:36:31.748+0100] {processor.py:183} INFO - Processing /home/ubuntu/.local/lib/python3.10/site-packages/airflow/example_dags/example_bash_operator.py took 0.140 seconds
[2024-01-31T10:37:34.016+0100] {processor.py:161} INFO - Started process (PID=27293) to work on /home/ubuntu/.local/lib/python3.10/site-packages/airflow/example_dags/example_bash_operator.py
[2024-01-31T10:37:34.019+0100] {processor.py:830} INFO - Processing file /home/ubuntu/.local/lib/python3.10/site-packages/airflow/example_dags/example_bash_operator.py for tasks to queue
[2024-01-31T10:37:34.019+0100] {logging_mixin.py:188} INFO - [2024-01-31T10:37:34.019+0100] {dagbag.py:538} INFO - Filling up the DagBag from /home/ubuntu/.local/lib/python3.10/site-packages/airflow/example_dags/example_bash_operator.py
[2024-01-31T10:37:34.033+0100] {processor.py:840} INFO - DAG(s) 'example_bash_operator' retrieved from /home/ubuntu/.local/lib/python3.10/site-packages/airflow/example_dags/example_bash_operator.py
[2024-01-31T10:37:34.058+0100] {logging_mixin.py:188} INFO - [2024-01-31T10:37:34.058+0100] {dag.py:3033} INFO - Sync 1 DAGs
[2024-01-31T10:37:34.076+0100] {logging_mixin.py:188} INFO - [2024-01-31T10:37:34.076+0100] {dag.py:3820} INFO - Setting next_dagrun for example_bash_operator to 2024-01-30T00:00:00+00:00, run_after=2024-01-31T00:00:00+00:00
[2024-01-31T10:37:34.116+0100] {processor.py:183} INFO - Processing /home/ubuntu/.local/lib/python3.10/site-packages/airflow/example_dags/example_bash_operator.py took 0.104 seconds
[2024-01-31T10:38:37.648+0100] {processor.py:161} INFO - Started process (PID=27364) to work on /home/ubuntu/.local/lib/python3.10/site-packages/airflow/example_dags/example_bash_operator.py
[2024-01-31T10:38:37.650+0100] {processor.py:830} INFO - Processing file /home/ubuntu/.local/lib/python3.10/site-packages/airflow/example_dags/example_bash_operator.py for tasks to queue
[2024-01-31T10:38:37.651+0100] {logging_mixin.py:188} INFO - [2024-01-31T10:38:37.651+0100] {dagbag.py:538} INFO - Filling up the DagBag from /home/ubuntu/.local/lib/python3.10/site-packages/airflow/example_dags/example_bash_operator.py
[2024-01-31T10:38:37.664+0100] {processor.py:840} INFO - DAG(s) 'example_bash_operator' retrieved from /home/ubuntu/.local/lib/python3.10/site-packages/airflow/example_dags/example_bash_operator.py
[2024-01-31T10:38:37.690+0100] {logging_mixin.py:188} INFO - [2024-01-31T10:38:37.690+0100] {dag.py:3033} INFO - Sync 1 DAGs
[2024-01-31T10:38:37.711+0100] {logging_mixin.py:188} INFO - [2024-01-31T10:38:37.711+0100] {dag.py:3820} INFO - Setting next_dagrun for example_bash_operator to 2024-01-30T00:00:00+00:00, run_after=2024-01-31T00:00:00+00:00
[2024-01-31T10:38:37.738+0100] {processor.py:183} INFO - Processing /home/ubuntu/.local/lib/python3.10/site-packages/airflow/example_dags/example_bash_operator.py took 0.095 seconds
[2024-01-31T10:39:41.562+0100] {processor.py:161} INFO - Started process (PID=27441) to work on /home/ubuntu/.local/lib/python3.10/site-packages/airflow/example_dags/example_bash_operator.py
[2024-01-31T10:39:41.565+0100] {processor.py:830} INFO - Processing file /home/ubuntu/.local/lib/python3.10/site-packages/airflow/example_dags/example_bash_operator.py for tasks to queue
[2024-01-31T10:39:41.567+0100] {logging_mixin.py:188} INFO - [2024-01-31T10:39:41.566+0100] {dagbag.py:538} INFO - Filling up the DagBag from /home/ubuntu/.local/lib/python3.10/site-packages/airflow/example_dags/example_bash_operator.py
[2024-01-31T10:39:41.578+0100] {processor.py:840} INFO - DAG(s) 'example_bash_operator' retrieved from /home/ubuntu/.local/lib/python3.10/site-packages/airflow/example_dags/example_bash_operator.py
[2024-01-31T10:39:41.605+0100] {logging_mixin.py:188} INFO - [2024-01-31T10:39:41.605+0100] {dag.py:3033} INFO - Sync 1 DAGs
[2024-01-31T10:39:41.623+0100] {logging_mixin.py:188} INFO - [2024-01-31T10:39:41.623+0100] {dag.py:3820} INFO - Setting next_dagrun for example_bash_operator to 2024-01-30T00:00:00+00:00, run_after=2024-01-31T00:00:00+00:00
[2024-01-31T10:39:41.652+0100] {processor.py:183} INFO - Processing /home/ubuntu/.local/lib/python3.10/site-packages/airflow/example_dags/example_bash_operator.py took 0.093 seconds
[2024-01-31T10:40:41.046+0100] {processor.py:161} INFO - Started process (PID=27511) to work on /home/ubuntu/.local/lib/python3.10/site-packages/airflow/example_dags/example_bash_operator.py
[2024-01-31T10:40:41.049+0100] {processor.py:830} INFO - Processing file /home/ubuntu/.local/lib/python3.10/site-packages/airflow/example_dags/example_bash_operator.py for tasks to queue
[2024-01-31T10:40:41.050+0100] {logging_mixin.py:188} INFO - [2024-01-31T10:40:41.049+0100] {dagbag.py:538} INFO - Filling up the DagBag from /home/ubuntu/.local/lib/python3.10/site-packages/airflow/example_dags/example_bash_operator.py
[2024-01-31T10:40:41.062+0100] {processor.py:840} INFO - DAG(s) 'example_bash_operator' retrieved from /home/ubuntu/.local/lib/python3.10/site-packages/airflow/example_dags/example_bash_operator.py
[2024-01-31T10:40:41.093+0100] {logging_mixin.py:188} INFO - [2024-01-31T10:40:41.093+0100] {dag.py:3033} INFO - Sync 1 DAGs
[2024-01-31T10:40:41.113+0100] {logging_mixin.py:188} INFO - [2024-01-31T10:40:41.112+0100] {dag.py:3820} INFO - Setting next_dagrun for example_bash_operator to 2024-01-30T00:00:00+00:00, run_after=2024-01-31T00:00:00+00:00
[2024-01-31T10:40:41.144+0100] {processor.py:183} INFO - Processing /home/ubuntu/.local/lib/python3.10/site-packages/airflow/example_dags/example_bash_operator.py took 0.101 seconds
[2024-01-31T10:41:39.998+0100] {processor.py:161} INFO - Started process (PID=27582) to work on /home/ubuntu/.local/lib/python3.10/site-packages/airflow/example_dags/example_bash_operator.py
[2024-01-31T10:41:40.000+0100] {processor.py:830} INFO - Processing file /home/ubuntu/.local/lib/python3.10/site-packages/airflow/example_dags/example_bash_operator.py for tasks to queue
[2024-01-31T10:41:40.001+0100] {logging_mixin.py:188} INFO - [2024-01-31T10:41:40.001+0100] {dagbag.py:538} INFO - Filling up the DagBag from /home/ubuntu/.local/lib/python3.10/site-packages/airflow/example_dags/example_bash_operator.py
[2024-01-31T10:41:40.013+0100] {processor.py:840} INFO - DAG(s) 'example_bash_operator' retrieved from /home/ubuntu/.local/lib/python3.10/site-packages/airflow/example_dags/example_bash_operator.py
[2024-01-31T10:41:40.038+0100] {logging_mixin.py:188} INFO - [2024-01-31T10:41:40.037+0100] {dag.py:3033} INFO - Sync 1 DAGs
[2024-01-31T10:41:40.058+0100] {logging_mixin.py:188} INFO - [2024-01-31T10:41:40.057+0100] {dag.py:3820} INFO - Setting next_dagrun for example_bash_operator to 2024-01-30T00:00:00+00:00, run_after=2024-01-31T00:00:00+00:00
[2024-01-31T10:41:40.097+0100] {processor.py:183} INFO - Processing /home/ubuntu/.local/lib/python3.10/site-packages/airflow/example_dags/example_bash_operator.py took 0.103 seconds
[2024-01-31T10:42:41.353+0100] {processor.py:161} INFO - Started process (PID=27654) to work on /home/ubuntu/.local/lib/python3.10/site-packages/airflow/example_dags/example_bash_operator.py
[2024-01-31T10:42:41.355+0100] {processor.py:830} INFO - Processing file /home/ubuntu/.local/lib/python3.10/site-packages/airflow/example_dags/example_bash_operator.py for tasks to queue
[2024-01-31T10:42:41.356+0100] {logging_mixin.py:188} INFO - [2024-01-31T10:42:41.356+0100] {dagbag.py:538} INFO - Filling up the DagBag from /home/ubuntu/.local/lib/python3.10/site-packages/airflow/example_dags/example_bash_operator.py
[2024-01-31T10:42:41.370+0100] {processor.py:840} INFO - DAG(s) 'example_bash_operator' retrieved from /home/ubuntu/.local/lib/python3.10/site-packages/airflow/example_dags/example_bash_operator.py
[2024-01-31T10:42:41.395+0100] {logging_mixin.py:188} INFO - [2024-01-31T10:42:41.395+0100] {dag.py:3033} INFO - Sync 1 DAGs
[2024-01-31T10:42:41.414+0100] {logging_mixin.py:188} INFO - [2024-01-31T10:42:41.414+0100] {dag.py:3820} INFO - Setting next_dagrun for example_bash_operator to 2024-01-30T00:00:00+00:00, run_after=2024-01-31T00:00:00+00:00
[2024-01-31T10:42:41.443+0100] {processor.py:183} INFO - Processing /home/ubuntu/.local/lib/python3.10/site-packages/airflow/example_dags/example_bash_operator.py took 0.095 seconds
[2024-01-31T10:43:36.716+0100] {processor.py:161} INFO - Started process (PID=27723) to work on /home/ubuntu/.local/lib/python3.10/site-packages/airflow/example_dags/example_bash_operator.py
[2024-01-31T10:43:36.718+0100] {processor.py:830} INFO - Processing file /home/ubuntu/.local/lib/python3.10/site-packages/airflow/example_dags/example_bash_operator.py for tasks to queue
[2024-01-31T10:43:36.719+0100] {logging_mixin.py:188} INFO - [2024-01-31T10:43:36.719+0100] {dagbag.py:538} INFO - Filling up the DagBag from /home/ubuntu/.local/lib/python3.10/site-packages/airflow/example_dags/example_bash_operator.py
[2024-01-31T10:43:36.731+0100] {processor.py:840} INFO - DAG(s) 'example_bash_operator' retrieved from /home/ubuntu/.local/lib/python3.10/site-packages/airflow/example_dags/example_bash_operator.py
[2024-01-31T10:43:36.755+0100] {logging_mixin.py:188} INFO - [2024-01-31T10:43:36.755+0100] {dag.py:3033} INFO - Sync 1 DAGs
[2024-01-31T10:43:36.773+0100] {logging_mixin.py:188} INFO - [2024-01-31T10:43:36.773+0100] {dag.py:3820} INFO - Setting next_dagrun for example_bash_operator to 2024-01-30T00:00:00+00:00, run_after=2024-01-31T00:00:00+00:00
[2024-01-31T10:43:36.801+0100] {processor.py:183} INFO - Processing /home/ubuntu/.local/lib/python3.10/site-packages/airflow/example_dags/example_bash_operator.py took 0.089 seconds
[2024-01-31T10:44:37.020+0100] {processor.py:161} INFO - Started process (PID=27796) to work on /home/ubuntu/.local/lib/python3.10/site-packages/airflow/example_dags/example_bash_operator.py
[2024-01-31T10:44:37.023+0100] {processor.py:830} INFO - Processing file /home/ubuntu/.local/lib/python3.10/site-packages/airflow/example_dags/example_bash_operator.py for tasks to queue
[2024-01-31T10:44:37.024+0100] {logging_mixin.py:188} INFO - [2024-01-31T10:44:37.024+0100] {dagbag.py:538} INFO - Filling up the DagBag from /home/ubuntu/.local/lib/python3.10/site-packages/airflow/example_dags/example_bash_operator.py
[2024-01-31T10:44:37.036+0100] {processor.py:840} INFO - DAG(s) 'example_bash_operator' retrieved from /home/ubuntu/.local/lib/python3.10/site-packages/airflow/example_dags/example_bash_operator.py
[2024-01-31T10:44:37.059+0100] {logging_mixin.py:188} INFO - [2024-01-31T10:44:37.059+0100] {dag.py:3033} INFO - Sync 1 DAGs
[2024-01-31T10:44:37.076+0100] {logging_mixin.py:188} INFO - [2024-01-31T10:44:37.076+0100] {dag.py:3820} INFO - Setting next_dagrun for example_bash_operator to 2024-01-30T00:00:00+00:00, run_after=2024-01-31T00:00:00+00:00
[2024-01-31T10:44:37.110+0100] {processor.py:183} INFO - Processing /home/ubuntu/.local/lib/python3.10/site-packages/airflow/example_dags/example_bash_operator.py took 0.093 seconds
[2024-01-31T10:45:41.227+0100] {processor.py:161} INFO - Started process (PID=27867) to work on /home/ubuntu/.local/lib/python3.10/site-packages/airflow/example_dags/example_bash_operator.py
[2024-01-31T10:45:41.229+0100] {processor.py:830} INFO - Processing file /home/ubuntu/.local/lib/python3.10/site-packages/airflow/example_dags/example_bash_operator.py for tasks to queue
[2024-01-31T10:45:41.230+0100] {logging_mixin.py:188} INFO - [2024-01-31T10:45:41.230+0100] {dagbag.py:538} INFO - Filling up the DagBag from /home/ubuntu/.local/lib/python3.10/site-packages/airflow/example_dags/example_bash_operator.py
[2024-01-31T10:45:41.247+0100] {processor.py:840} INFO - DAG(s) 'example_bash_operator' retrieved from /home/ubuntu/.local/lib/python3.10/site-packages/airflow/example_dags/example_bash_operator.py
[2024-01-31T10:45:41.273+0100] {logging_mixin.py:188} INFO - [2024-01-31T10:45:41.272+0100] {dag.py:3033} INFO - Sync 1 DAGs
[2024-01-31T10:45:41.293+0100] {logging_mixin.py:188} INFO - [2024-01-31T10:45:41.293+0100] {dag.py:3820} INFO - Setting next_dagrun for example_bash_operator to 2024-01-30T00:00:00+00:00, run_after=2024-01-31T00:00:00+00:00
[2024-01-31T10:45:41.324+0100] {processor.py:183} INFO - Processing /home/ubuntu/.local/lib/python3.10/site-packages/airflow/example_dags/example_bash_operator.py took 0.101 seconds
[2024-01-31T10:46:37.699+0100] {processor.py:161} INFO - Started process (PID=27935) to work on /home/ubuntu/.local/lib/python3.10/site-packages/airflow/example_dags/example_bash_operator.py
[2024-01-31T10:46:37.701+0100] {processor.py:830} INFO - Processing file /home/ubuntu/.local/lib/python3.10/site-packages/airflow/example_dags/example_bash_operator.py for tasks to queue
[2024-01-31T10:46:37.701+0100] {logging_mixin.py:188} INFO - [2024-01-31T10:46:37.701+0100] {dagbag.py:538} INFO - Filling up the DagBag from /home/ubuntu/.local/lib/python3.10/site-packages/airflow/example_dags/example_bash_operator.py
[2024-01-31T10:46:37.713+0100] {processor.py:840} INFO - DAG(s) 'example_bash_operator' retrieved from /home/ubuntu/.local/lib/python3.10/site-packages/airflow/example_dags/example_bash_operator.py
[2024-01-31T10:46:37.738+0100] {logging_mixin.py:188} INFO - [2024-01-31T10:46:37.738+0100] {dag.py:3033} INFO - Sync 1 DAGs
[2024-01-31T10:46:37.756+0100] {logging_mixin.py:188} INFO - [2024-01-31T10:46:37.756+0100] {dag.py:3820} INFO - Setting next_dagrun for example_bash_operator to 2024-01-30T00:00:00+00:00, run_after=2024-01-31T00:00:00+00:00
[2024-01-31T10:46:37.787+0100] {processor.py:183} INFO - Processing /home/ubuntu/.local/lib/python3.10/site-packages/airflow/example_dags/example_bash_operator.py took 0.092 seconds
[2024-01-31T10:47:39.281+0100] {processor.py:161} INFO - Started process (PID=28009) to work on /home/ubuntu/.local/lib/python3.10/site-packages/airflow/example_dags/example_bash_operator.py
[2024-01-31T10:47:39.284+0100] {processor.py:830} INFO - Processing file /home/ubuntu/.local/lib/python3.10/site-packages/airflow/example_dags/example_bash_operator.py for tasks to queue
[2024-01-31T10:47:39.284+0100] {logging_mixin.py:188} INFO - [2024-01-31T10:47:39.284+0100] {dagbag.py:538} INFO - Filling up the DagBag from /home/ubuntu/.local/lib/python3.10/site-packages/airflow/example_dags/example_bash_operator.py
[2024-01-31T10:47:39.300+0100] {processor.py:840} INFO - DAG(s) 'example_bash_operator' retrieved from /home/ubuntu/.local/lib/python3.10/site-packages/airflow/example_dags/example_bash_operator.py
[2024-01-31T10:47:39.330+0100] {logging_mixin.py:188} INFO - [2024-01-31T10:47:39.329+0100] {dag.py:3033} INFO - Sync 1 DAGs
[2024-01-31T10:47:39.349+0100] {logging_mixin.py:188} INFO - [2024-01-31T10:47:39.349+0100] {dag.py:3820} INFO - Setting next_dagrun for example_bash_operator to 2024-01-30T00:00:00+00:00, run_after=2024-01-31T00:00:00+00:00
[2024-01-31T10:47:39.379+0100] {processor.py:183} INFO - Processing /home/ubuntu/.local/lib/python3.10/site-packages/airflow/example_dags/example_bash_operator.py took 0.103 seconds
[2024-01-31T10:48:42.498+0100] {processor.py:161} INFO - Started process (PID=28078) to work on /home/ubuntu/.local/lib/python3.10/site-packages/airflow/example_dags/example_bash_operator.py
[2024-01-31T10:48:42.500+0100] {processor.py:830} INFO - Processing file /home/ubuntu/.local/lib/python3.10/site-packages/airflow/example_dags/example_bash_operator.py for tasks to queue
[2024-01-31T10:48:42.501+0100] {logging_mixin.py:188} INFO - [2024-01-31T10:48:42.501+0100] {dagbag.py:538} INFO - Filling up the DagBag from /home/ubuntu/.local/lib/python3.10/site-packages/airflow/example_dags/example_bash_operator.py
[2024-01-31T10:48:42.515+0100] {processor.py:840} INFO - DAG(s) 'example_bash_operator' retrieved from /home/ubuntu/.local/lib/python3.10/site-packages/airflow/example_dags/example_bash_operator.py
[2024-01-31T10:48:42.539+0100] {logging_mixin.py:188} INFO - [2024-01-31T10:48:42.539+0100] {dag.py:3033} INFO - Sync 1 DAGs
[2024-01-31T10:48:42.561+0100] {logging_mixin.py:188} INFO - [2024-01-31T10:48:42.560+0100] {dag.py:3820} INFO - Setting next_dagrun for example_bash_operator to 2024-01-30T00:00:00+00:00, run_after=2024-01-31T00:00:00+00:00
[2024-01-31T10:48:42.597+0100] {processor.py:183} INFO - Processing /home/ubuntu/.local/lib/python3.10/site-packages/airflow/example_dags/example_bash_operator.py took 0.104 seconds
[2024-01-31T10:49:46.437+0100] {processor.py:161} INFO - Started process (PID=28154) to work on /home/ubuntu/.local/lib/python3.10/site-packages/airflow/example_dags/example_bash_operator.py
[2024-01-31T10:49:46.440+0100] {processor.py:830} INFO - Processing file /home/ubuntu/.local/lib/python3.10/site-packages/airflow/example_dags/example_bash_operator.py for tasks to queue
[2024-01-31T10:49:46.442+0100] {logging_mixin.py:188} INFO - [2024-01-31T10:49:46.441+0100] {dagbag.py:538} INFO - Filling up the DagBag from /home/ubuntu/.local/lib/python3.10/site-packages/airflow/example_dags/example_bash_operator.py
[2024-01-31T10:49:46.459+0100] {processor.py:840} INFO - DAG(s) 'example_bash_operator' retrieved from /home/ubuntu/.local/lib/python3.10/site-packages/airflow/example_dags/example_bash_operator.py
[2024-01-31T10:49:46.493+0100] {logging_mixin.py:188} INFO - [2024-01-31T10:49:46.493+0100] {dag.py:3033} INFO - Sync 1 DAGs
[2024-01-31T10:49:46.517+0100] {logging_mixin.py:188} INFO - [2024-01-31T10:49:46.517+0100] {dag.py:3820} INFO - Setting next_dagrun for example_bash_operator to 2024-01-30T00:00:00+00:00, run_after=2024-01-31T00:00:00+00:00
[2024-01-31T10:49:46.548+0100] {processor.py:183} INFO - Processing /home/ubuntu/.local/lib/python3.10/site-packages/airflow/example_dags/example_bash_operator.py took 0.115 seconds
[2024-01-31T10:50:42.629+0100] {processor.py:161} INFO - Started process (PID=28219) to work on /home/ubuntu/.local/lib/python3.10/site-packages/airflow/example_dags/example_bash_operator.py
[2024-01-31T10:50:42.637+0100] {processor.py:830} INFO - Processing file /home/ubuntu/.local/lib/python3.10/site-packages/airflow/example_dags/example_bash_operator.py for tasks to queue
[2024-01-31T10:50:42.638+0100] {logging_mixin.py:188} INFO - [2024-01-31T10:50:42.638+0100] {dagbag.py:538} INFO - Filling up the DagBag from /home/ubuntu/.local/lib/python3.10/site-packages/airflow/example_dags/example_bash_operator.py
[2024-01-31T10:50:42.651+0100] {processor.py:840} INFO - DAG(s) 'example_bash_operator' retrieved from /home/ubuntu/.local/lib/python3.10/site-packages/airflow/example_dags/example_bash_operator.py
[2024-01-31T10:50:42.681+0100] {logging_mixin.py:188} INFO - [2024-01-31T10:50:42.681+0100] {dag.py:3033} INFO - Sync 1 DAGs
[2024-01-31T10:50:42.702+0100] {logging_mixin.py:188} INFO - [2024-01-31T10:50:42.702+0100] {dag.py:3820} INFO - Setting next_dagrun for example_bash_operator to 2024-01-30T00:00:00+00:00, run_after=2024-01-31T00:00:00+00:00
[2024-01-31T10:50:42.741+0100] {processor.py:183} INFO - Processing /home/ubuntu/.local/lib/python3.10/site-packages/airflow/example_dags/example_bash_operator.py took 0.116 seconds
[2024-01-31T10:51:45.398+0100] {processor.py:161} INFO - Started process (PID=28290) to work on /home/ubuntu/.local/lib/python3.10/site-packages/airflow/example_dags/example_bash_operator.py
[2024-01-31T10:51:45.400+0100] {processor.py:830} INFO - Processing file /home/ubuntu/.local/lib/python3.10/site-packages/airflow/example_dags/example_bash_operator.py for tasks to queue
[2024-01-31T10:51:45.401+0100] {logging_mixin.py:188} INFO - [2024-01-31T10:51:45.400+0100] {dagbag.py:538} INFO - Filling up the DagBag from /home/ubuntu/.local/lib/python3.10/site-packages/airflow/example_dags/example_bash_operator.py
[2024-01-31T10:51:45.413+0100] {processor.py:840} INFO - DAG(s) 'example_bash_operator' retrieved from /home/ubuntu/.local/lib/python3.10/site-packages/airflow/example_dags/example_bash_operator.py
[2024-01-31T10:51:45.436+0100] {logging_mixin.py:188} INFO - [2024-01-31T10:51:45.435+0100] {dag.py:3033} INFO - Sync 1 DAGs
[2024-01-31T10:51:45.456+0100] {logging_mixin.py:188} INFO - [2024-01-31T10:51:45.456+0100] {dag.py:3820} INFO - Setting next_dagrun for example_bash_operator to 2024-01-30T00:00:00+00:00, run_after=2024-01-31T00:00:00+00:00
[2024-01-31T10:51:45.482+0100] {processor.py:183} INFO - Processing /home/ubuntu/.local/lib/python3.10/site-packages/airflow/example_dags/example_bash_operator.py took 0.088 seconds
[2024-01-31T10:52:46.905+0100] {processor.py:161} INFO - Started process (PID=28366) to work on /home/ubuntu/.local/lib/python3.10/site-packages/airflow/example_dags/example_bash_operator.py
[2024-01-31T10:52:46.908+0100] {processor.py:830} INFO - Processing file /home/ubuntu/.local/lib/python3.10/site-packages/airflow/example_dags/example_bash_operator.py for tasks to queue
[2024-01-31T10:52:46.909+0100] {logging_mixin.py:188} INFO - [2024-01-31T10:52:46.908+0100] {dagbag.py:538} INFO - Filling up the DagBag from /home/ubuntu/.local/lib/python3.10/site-packages/airflow/example_dags/example_bash_operator.py
[2024-01-31T10:52:46.937+0100] {processor.py:840} INFO - DAG(s) 'example_bash_operator' retrieved from /home/ubuntu/.local/lib/python3.10/site-packages/airflow/example_dags/example_bash_operator.py
[2024-01-31T10:52:46.963+0100] {logging_mixin.py:188} INFO - [2024-01-31T10:52:46.962+0100] {dag.py:3033} INFO - Sync 1 DAGs
[2024-01-31T10:52:46.981+0100] {logging_mixin.py:188} INFO - [2024-01-31T10:52:46.981+0100] {dag.py:3820} INFO - Setting next_dagrun for example_bash_operator to 2024-01-30T00:00:00+00:00, run_after=2024-01-31T00:00:00+00:00
[2024-01-31T10:52:47.013+0100] {processor.py:183} INFO - Processing /home/ubuntu/.local/lib/python3.10/site-packages/airflow/example_dags/example_bash_operator.py took 0.111 seconds
[2024-01-31T10:53:50.276+0100] {processor.py:161} INFO - Started process (PID=28436) to work on /home/ubuntu/.local/lib/python3.10/site-packages/airflow/example_dags/example_bash_operator.py
[2024-01-31T10:53:50.279+0100] {processor.py:830} INFO - Processing file /home/ubuntu/.local/lib/python3.10/site-packages/airflow/example_dags/example_bash_operator.py for tasks to queue
[2024-01-31T10:53:50.280+0100] {logging_mixin.py:188} INFO - [2024-01-31T10:53:50.280+0100] {dagbag.py:538} INFO - Filling up the DagBag from /home/ubuntu/.local/lib/python3.10/site-packages/airflow/example_dags/example_bash_operator.py
[2024-01-31T10:53:50.294+0100] {processor.py:840} INFO - DAG(s) 'example_bash_operator' retrieved from /home/ubuntu/.local/lib/python3.10/site-packages/airflow/example_dags/example_bash_operator.py
[2024-01-31T10:53:50.321+0100] {logging_mixin.py:188} INFO - [2024-01-31T10:53:50.321+0100] {dag.py:3033} INFO - Sync 1 DAGs
[2024-01-31T10:53:50.341+0100] {logging_mixin.py:188} INFO - [2024-01-31T10:53:50.340+0100] {dag.py:3820} INFO - Setting next_dagrun for example_bash_operator to 2024-01-30T00:00:00+00:00, run_after=2024-01-31T00:00:00+00:00
[2024-01-31T10:53:50.370+0100] {processor.py:183} INFO - Processing /home/ubuntu/.local/lib/python3.10/site-packages/airflow/example_dags/example_bash_operator.py took 0.097 seconds
[2024-01-31T10:54:51.669+0100] {processor.py:161} INFO - Started process (PID=28511) to work on /home/ubuntu/.local/lib/python3.10/site-packages/airflow/example_dags/example_bash_operator.py
[2024-01-31T10:54:51.672+0100] {processor.py:830} INFO - Processing file /home/ubuntu/.local/lib/python3.10/site-packages/airflow/example_dags/example_bash_operator.py for tasks to queue
[2024-01-31T10:54:51.673+0100] {logging_mixin.py:188} INFO - [2024-01-31T10:54:51.673+0100] {dagbag.py:538} INFO - Filling up the DagBag from /home/ubuntu/.local/lib/python3.10/site-packages/airflow/example_dags/example_bash_operator.py
[2024-01-31T10:54:51.686+0100] {processor.py:840} INFO - DAG(s) 'example_bash_operator' retrieved from /home/ubuntu/.local/lib/python3.10/site-packages/airflow/example_dags/example_bash_operator.py
[2024-01-31T10:54:51.720+0100] {logging_mixin.py:188} INFO - [2024-01-31T10:54:51.719+0100] {dag.py:3033} INFO - Sync 1 DAGs
[2024-01-31T10:54:51.739+0100] {logging_mixin.py:188} INFO - [2024-01-31T10:54:51.739+0100] {dag.py:3820} INFO - Setting next_dagrun for example_bash_operator to 2024-01-30T00:00:00+00:00, run_after=2024-01-31T00:00:00+00:00
[2024-01-31T10:54:51.767+0100] {processor.py:183} INFO - Processing /home/ubuntu/.local/lib/python3.10/site-packages/airflow/example_dags/example_bash_operator.py took 0.106 seconds
[2024-01-31T10:55:58.152+0100] {processor.py:161} INFO - Started process (PID=28585) to work on /home/ubuntu/.local/lib/python3.10/site-packages/airflow/example_dags/example_bash_operator.py
[2024-01-31T10:55:58.166+0100] {processor.py:830} INFO - Processing file /home/ubuntu/.local/lib/python3.10/site-packages/airflow/example_dags/example_bash_operator.py for tasks to queue
[2024-01-31T10:55:58.167+0100] {logging_mixin.py:188} INFO - [2024-01-31T10:55:58.167+0100] {dagbag.py:538} INFO - Filling up the DagBag from /home/ubuntu/.local/lib/python3.10/site-packages/airflow/example_dags/example_bash_operator.py
[2024-01-31T10:55:58.179+0100] {processor.py:840} INFO - DAG(s) 'example_bash_operator' retrieved from /home/ubuntu/.local/lib/python3.10/site-packages/airflow/example_dags/example_bash_operator.py
[2024-01-31T10:55:58.205+0100] {logging_mixin.py:188} INFO - [2024-01-31T10:55:58.205+0100] {dag.py:3033} INFO - Sync 1 DAGs
[2024-01-31T10:55:58.224+0100] {logging_mixin.py:188} INFO - [2024-01-31T10:55:58.224+0100] {dag.py:3820} INFO - Setting next_dagrun for example_bash_operator to 2024-01-30T00:00:00+00:00, run_after=2024-01-31T00:00:00+00:00
[2024-01-31T10:55:58.252+0100] {processor.py:183} INFO - Processing /home/ubuntu/.local/lib/python3.10/site-packages/airflow/example_dags/example_bash_operator.py took 0.103 seconds
[2024-01-31T10:57:02.181+0100] {processor.py:161} INFO - Started process (PID=28665) to work on /home/ubuntu/.local/lib/python3.10/site-packages/airflow/example_dags/example_bash_operator.py
[2024-01-31T10:57:02.184+0100] {processor.py:830} INFO - Processing file /home/ubuntu/.local/lib/python3.10/site-packages/airflow/example_dags/example_bash_operator.py for tasks to queue
[2024-01-31T10:57:02.185+0100] {logging_mixin.py:188} INFO - [2024-01-31T10:57:02.184+0100] {dagbag.py:538} INFO - Filling up the DagBag from /home/ubuntu/.local/lib/python3.10/site-packages/airflow/example_dags/example_bash_operator.py
[2024-01-31T10:57:02.198+0100] {processor.py:840} INFO - DAG(s) 'example_bash_operator' retrieved from /home/ubuntu/.local/lib/python3.10/site-packages/airflow/example_dags/example_bash_operator.py
[2024-01-31T10:57:02.224+0100] {logging_mixin.py:188} INFO - [2024-01-31T10:57:02.224+0100] {dag.py:3033} INFO - Sync 1 DAGs
[2024-01-31T10:57:02.243+0100] {logging_mixin.py:188} INFO - [2024-01-31T10:57:02.243+0100] {dag.py:3820} INFO - Setting next_dagrun for example_bash_operator to 2024-01-30T00:00:00+00:00, run_after=2024-01-31T00:00:00+00:00
[2024-01-31T10:57:02.272+0100] {processor.py:183} INFO - Processing /home/ubuntu/.local/lib/python3.10/site-packages/airflow/example_dags/example_bash_operator.py took 0.094 seconds
[2024-01-31T10:57:59.943+0100] {processor.py:161} INFO - Started process (PID=28731) to work on /home/ubuntu/.local/lib/python3.10/site-packages/airflow/example_dags/example_bash_operator.py
[2024-01-31T10:57:59.944+0100] {processor.py:830} INFO - Processing file /home/ubuntu/.local/lib/python3.10/site-packages/airflow/example_dags/example_bash_operator.py for tasks to queue
[2024-01-31T10:57:59.945+0100] {logging_mixin.py:188} INFO - [2024-01-31T10:57:59.945+0100] {dagbag.py:538} INFO - Filling up the DagBag from /home/ubuntu/.local/lib/python3.10/site-packages/airflow/example_dags/example_bash_operator.py
[2024-01-31T10:57:59.960+0100] {processor.py:840} INFO - DAG(s) 'example_bash_operator' retrieved from /home/ubuntu/.local/lib/python3.10/site-packages/airflow/example_dags/example_bash_operator.py
[2024-01-31T10:57:59.985+0100] {logging_mixin.py:188} INFO - [2024-01-31T10:57:59.985+0100] {dag.py:3033} INFO - Sync 1 DAGs
[2024-01-31T10:58:00.005+0100] {logging_mixin.py:188} INFO - [2024-01-31T10:58:00.005+0100] {dag.py:3820} INFO - Setting next_dagrun for example_bash_operator to 2024-01-30T00:00:00+00:00, run_after=2024-01-31T00:00:00+00:00
[2024-01-31T10:58:00.048+0100] {processor.py:183} INFO - Processing /home/ubuntu/.local/lib/python3.10/site-packages/airflow/example_dags/example_bash_operator.py took 0.109 seconds
[2024-01-31T10:58:59.745+0100] {processor.py:161} INFO - Started process (PID=28803) to work on /home/ubuntu/.local/lib/python3.10/site-packages/airflow/example_dags/example_bash_operator.py
[2024-01-31T10:58:59.747+0100] {processor.py:830} INFO - Processing file /home/ubuntu/.local/lib/python3.10/site-packages/airflow/example_dags/example_bash_operator.py for tasks to queue
[2024-01-31T10:58:59.748+0100] {logging_mixin.py:188} INFO - [2024-01-31T10:58:59.748+0100] {dagbag.py:538} INFO - Filling up the DagBag from /home/ubuntu/.local/lib/python3.10/site-packages/airflow/example_dags/example_bash_operator.py
[2024-01-31T10:58:59.761+0100] {processor.py:840} INFO - DAG(s) 'example_bash_operator' retrieved from /home/ubuntu/.local/lib/python3.10/site-packages/airflow/example_dags/example_bash_operator.py
[2024-01-31T10:58:59.786+0100] {logging_mixin.py:188} INFO - [2024-01-31T10:58:59.786+0100] {dag.py:3033} INFO - Sync 1 DAGs
[2024-01-31T10:58:59.803+0100] {logging_mixin.py:188} INFO - [2024-01-31T10:58:59.803+0100] {dag.py:3820} INFO - Setting next_dagrun for example_bash_operator to 2024-01-30T00:00:00+00:00, run_after=2024-01-31T00:00:00+00:00
[2024-01-31T10:58:59.835+0100] {processor.py:183} INFO - Processing /home/ubuntu/.local/lib/python3.10/site-packages/airflow/example_dags/example_bash_operator.py took 0.093 seconds
[2024-01-31T11:00:02.822+0100] {processor.py:161} INFO - Started process (PID=28876) to work on /home/ubuntu/.local/lib/python3.10/site-packages/airflow/example_dags/example_bash_operator.py
[2024-01-31T11:00:02.824+0100] {processor.py:830} INFO - Processing file /home/ubuntu/.local/lib/python3.10/site-packages/airflow/example_dags/example_bash_operator.py for tasks to queue
[2024-01-31T11:00:02.825+0100] {logging_mixin.py:188} INFO - [2024-01-31T11:00:02.825+0100] {dagbag.py:538} INFO - Filling up the DagBag from /home/ubuntu/.local/lib/python3.10/site-packages/airflow/example_dags/example_bash_operator.py
[2024-01-31T11:00:02.840+0100] {processor.py:840} INFO - DAG(s) 'example_bash_operator' retrieved from /home/ubuntu/.local/lib/python3.10/site-packages/airflow/example_dags/example_bash_operator.py
[2024-01-31T11:00:02.864+0100] {logging_mixin.py:188} INFO - [2024-01-31T11:00:02.863+0100] {dag.py:3033} INFO - Sync 1 DAGs
[2024-01-31T11:00:02.882+0100] {logging_mixin.py:188} INFO - [2024-01-31T11:00:02.881+0100] {dag.py:3820} INFO - Setting next_dagrun for example_bash_operator to 2024-01-30T00:00:00+00:00, run_after=2024-01-31T00:00:00+00:00
[2024-01-31T11:00:02.912+0100] {processor.py:183} INFO - Processing /home/ubuntu/.local/lib/python3.10/site-packages/airflow/example_dags/example_bash_operator.py took 0.094 seconds
[2024-01-31T11:01:06.085+0100] {processor.py:161} INFO - Started process (PID=28951) to work on /home/ubuntu/.local/lib/python3.10/site-packages/airflow/example_dags/example_bash_operator.py
[2024-01-31T11:01:06.098+0100] {processor.py:830} INFO - Processing file /home/ubuntu/.local/lib/python3.10/site-packages/airflow/example_dags/example_bash_operator.py for tasks to queue
[2024-01-31T11:01:06.099+0100] {logging_mixin.py:188} INFO - [2024-01-31T11:01:06.099+0100] {dagbag.py:538} INFO - Filling up the DagBag from /home/ubuntu/.local/lib/python3.10/site-packages/airflow/example_dags/example_bash_operator.py
[2024-01-31T11:01:06.112+0100] {processor.py:840} INFO - DAG(s) 'example_bash_operator' retrieved from /home/ubuntu/.local/lib/python3.10/site-packages/airflow/example_dags/example_bash_operator.py
[2024-01-31T11:01:06.135+0100] {logging_mixin.py:188} INFO - [2024-01-31T11:01:06.135+0100] {dag.py:3033} INFO - Sync 1 DAGs
[2024-01-31T11:01:06.155+0100] {logging_mixin.py:188} INFO - [2024-01-31T11:01:06.155+0100] {dag.py:3820} INFO - Setting next_dagrun for example_bash_operator to 2024-01-30T00:00:00+00:00, run_after=2024-01-31T00:00:00+00:00
[2024-01-31T11:01:06.181+0100] {processor.py:183} INFO - Processing /home/ubuntu/.local/lib/python3.10/site-packages/airflow/example_dags/example_bash_operator.py took 0.100 seconds
[2024-01-31T11:02:08.608+0100] {processor.py:161} INFO - Started process (PID=29021) to work on /home/ubuntu/.local/lib/python3.10/site-packages/airflow/example_dags/example_bash_operator.py
[2024-01-31T11:02:08.629+0100] {processor.py:830} INFO - Processing file /home/ubuntu/.local/lib/python3.10/site-packages/airflow/example_dags/example_bash_operator.py for tasks to queue
[2024-01-31T11:02:08.630+0100] {logging_mixin.py:188} INFO - [2024-01-31T11:02:08.630+0100] {dagbag.py:538} INFO - Filling up the DagBag from /home/ubuntu/.local/lib/python3.10/site-packages/airflow/example_dags/example_bash_operator.py
[2024-01-31T11:02:08.643+0100] {processor.py:840} INFO - DAG(s) 'example_bash_operator' retrieved from /home/ubuntu/.local/lib/python3.10/site-packages/airflow/example_dags/example_bash_operator.py
[2024-01-31T11:02:08.671+0100] {logging_mixin.py:188} INFO - [2024-01-31T11:02:08.671+0100] {dag.py:3033} INFO - Sync 1 DAGs
[2024-01-31T11:02:08.691+0100] {logging_mixin.py:188} INFO - [2024-01-31T11:02:08.690+0100] {dag.py:3820} INFO - Setting next_dagrun for example_bash_operator to 2024-01-30T00:00:00+00:00, run_after=2024-01-31T00:00:00+00:00
[2024-01-31T11:02:08.727+0100] {processor.py:183} INFO - Processing /home/ubuntu/.local/lib/python3.10/site-packages/airflow/example_dags/example_bash_operator.py took 0.122 seconds
[2024-01-31T11:03:08.909+0100] {processor.py:161} INFO - Started process (PID=29096) to work on /home/ubuntu/.local/lib/python3.10/site-packages/airflow/example_dags/example_bash_operator.py
[2024-01-31T11:03:08.921+0100] {processor.py:830} INFO - Processing file /home/ubuntu/.local/lib/python3.10/site-packages/airflow/example_dags/example_bash_operator.py for tasks to queue
[2024-01-31T11:03:08.922+0100] {logging_mixin.py:188} INFO - [2024-01-31T11:03:08.922+0100] {dagbag.py:538} INFO - Filling up the DagBag from /home/ubuntu/.local/lib/python3.10/site-packages/airflow/example_dags/example_bash_operator.py
[2024-01-31T11:03:08.936+0100] {processor.py:840} INFO - DAG(s) 'example_bash_operator' retrieved from /home/ubuntu/.local/lib/python3.10/site-packages/airflow/example_dags/example_bash_operator.py
[2024-01-31T11:03:08.961+0100] {logging_mixin.py:188} INFO - [2024-01-31T11:03:08.960+0100] {dag.py:3033} INFO - Sync 1 DAGs
[2024-01-31T11:03:08.981+0100] {logging_mixin.py:188} INFO - [2024-01-31T11:03:08.981+0100] {dag.py:3820} INFO - Setting next_dagrun for example_bash_operator to 2024-01-30T00:00:00+00:00, run_after=2024-01-31T00:00:00+00:00
[2024-01-31T11:03:09.007+0100] {processor.py:183} INFO - Processing /home/ubuntu/.local/lib/python3.10/site-packages/airflow/example_dags/example_bash_operator.py took 0.102 seconds
[2024-01-31T11:04:09.702+0100] {processor.py:161} INFO - Started process (PID=29173) to work on /home/ubuntu/.local/lib/python3.10/site-packages/airflow/example_dags/example_bash_operator.py
[2024-01-31T11:04:09.705+0100] {processor.py:830} INFO - Processing file /home/ubuntu/.local/lib/python3.10/site-packages/airflow/example_dags/example_bash_operator.py for tasks to queue
[2024-01-31T11:04:09.706+0100] {logging_mixin.py:188} INFO - [2024-01-31T11:04:09.705+0100] {dagbag.py:538} INFO - Filling up the DagBag from /home/ubuntu/.local/lib/python3.10/site-packages/airflow/example_dags/example_bash_operator.py
[2024-01-31T11:04:09.720+0100] {processor.py:840} INFO - DAG(s) 'example_bash_operator' retrieved from /home/ubuntu/.local/lib/python3.10/site-packages/airflow/example_dags/example_bash_operator.py
[2024-01-31T11:04:09.746+0100] {logging_mixin.py:188} INFO - [2024-01-31T11:04:09.746+0100] {dag.py:3033} INFO - Sync 1 DAGs
[2024-01-31T11:04:09.764+0100] {logging_mixin.py:188} INFO - [2024-01-31T11:04:09.764+0100] {dag.py:3820} INFO - Setting next_dagrun for example_bash_operator to 2024-01-30T00:00:00+00:00, run_after=2024-01-31T00:00:00+00:00
[2024-01-31T11:04:09.793+0100] {processor.py:183} INFO - Processing /home/ubuntu/.local/lib/python3.10/site-packages/airflow/example_dags/example_bash_operator.py took 0.096 seconds
[2024-01-31T11:05:12.740+0100] {processor.py:161} INFO - Started process (PID=29247) to work on /home/ubuntu/.local/lib/python3.10/site-packages/airflow/example_dags/example_bash_operator.py
[2024-01-31T11:05:12.742+0100] {processor.py:830} INFO - Processing file /home/ubuntu/.local/lib/python3.10/site-packages/airflow/example_dags/example_bash_operator.py for tasks to queue
[2024-01-31T11:05:12.743+0100] {logging_mixin.py:188} INFO - [2024-01-31T11:05:12.742+0100] {dagbag.py:538} INFO - Filling up the DagBag from /home/ubuntu/.local/lib/python3.10/site-packages/airflow/example_dags/example_bash_operator.py
[2024-01-31T11:05:12.757+0100] {processor.py:840} INFO - DAG(s) 'example_bash_operator' retrieved from /home/ubuntu/.local/lib/python3.10/site-packages/airflow/example_dags/example_bash_operator.py
[2024-01-31T11:05:12.781+0100] {logging_mixin.py:188} INFO - [2024-01-31T11:05:12.781+0100] {dag.py:3033} INFO - Sync 1 DAGs
[2024-01-31T11:05:12.799+0100] {logging_mixin.py:188} INFO - [2024-01-31T11:05:12.799+0100] {dag.py:3820} INFO - Setting next_dagrun for example_bash_operator to 2024-01-30T00:00:00+00:00, run_after=2024-01-31T00:00:00+00:00
[2024-01-31T11:05:12.823+0100] {processor.py:183} INFO - Processing /home/ubuntu/.local/lib/python3.10/site-packages/airflow/example_dags/example_bash_operator.py took 0.087 seconds
[2024-01-31T11:06:08.430+0100] {processor.py:161} INFO - Started process (PID=29317) to work on /home/ubuntu/.local/lib/python3.10/site-packages/airflow/example_dags/example_bash_operator.py
[2024-01-31T11:06:08.433+0100] {processor.py:830} INFO - Processing file /home/ubuntu/.local/lib/python3.10/site-packages/airflow/example_dags/example_bash_operator.py for tasks to queue
[2024-01-31T11:06:08.434+0100] {logging_mixin.py:188} INFO - [2024-01-31T11:06:08.433+0100] {dagbag.py:538} INFO - Filling up the DagBag from /home/ubuntu/.local/lib/python3.10/site-packages/airflow/example_dags/example_bash_operator.py
[2024-01-31T11:06:08.446+0100] {processor.py:840} INFO - DAG(s) 'example_bash_operator' retrieved from /home/ubuntu/.local/lib/python3.10/site-packages/airflow/example_dags/example_bash_operator.py
[2024-01-31T11:06:08.472+0100] {logging_mixin.py:188} INFO - [2024-01-31T11:06:08.472+0100] {dag.py:3033} INFO - Sync 1 DAGs
[2024-01-31T11:06:08.490+0100] {logging_mixin.py:188} INFO - [2024-01-31T11:06:08.490+0100] {dag.py:3820} INFO - Setting next_dagrun for example_bash_operator to 2024-01-30T00:00:00+00:00, run_after=2024-01-31T00:00:00+00:00
[2024-01-31T11:06:08.518+0100] {processor.py:183} INFO - Processing /home/ubuntu/.local/lib/python3.10/site-packages/airflow/example_dags/example_bash_operator.py took 0.091 seconds
[2024-01-31T11:07:11.044+0100] {processor.py:161} INFO - Started process (PID=29388) to work on /home/ubuntu/.local/lib/python3.10/site-packages/airflow/example_dags/example_bash_operator.py
[2024-01-31T11:07:11.047+0100] {processor.py:830} INFO - Processing file /home/ubuntu/.local/lib/python3.10/site-packages/airflow/example_dags/example_bash_operator.py for tasks to queue
[2024-01-31T11:07:11.048+0100] {logging_mixin.py:188} INFO - [2024-01-31T11:07:11.048+0100] {dagbag.py:538} INFO - Filling up the DagBag from /home/ubuntu/.local/lib/python3.10/site-packages/airflow/example_dags/example_bash_operator.py
[2024-01-31T11:07:11.062+0100] {processor.py:840} INFO - DAG(s) 'example_bash_operator' retrieved from /home/ubuntu/.local/lib/python3.10/site-packages/airflow/example_dags/example_bash_operator.py
[2024-01-31T11:07:11.089+0100] {logging_mixin.py:188} INFO - [2024-01-31T11:07:11.089+0100] {dag.py:3033} INFO - Sync 1 DAGs
[2024-01-31T11:07:11.110+0100] {logging_mixin.py:188} INFO - [2024-01-31T11:07:11.110+0100] {dag.py:3820} INFO - Setting next_dagrun for example_bash_operator to 2024-01-30T00:00:00+00:00, run_after=2024-01-31T00:00:00+00:00
[2024-01-31T11:07:11.141+0100] {processor.py:183} INFO - Processing /home/ubuntu/.local/lib/python3.10/site-packages/airflow/example_dags/example_bash_operator.py took 0.100 seconds
[2024-01-31T11:08:12.248+0100] {processor.py:161} INFO - Started process (PID=29462) to work on /home/ubuntu/.local/lib/python3.10/site-packages/airflow/example_dags/example_bash_operator.py
[2024-01-31T11:08:12.251+0100] {processor.py:830} INFO - Processing file /home/ubuntu/.local/lib/python3.10/site-packages/airflow/example_dags/example_bash_operator.py for tasks to queue
[2024-01-31T11:08:12.252+0100] {logging_mixin.py:188} INFO - [2024-01-31T11:08:12.251+0100] {dagbag.py:538} INFO - Filling up the DagBag from /home/ubuntu/.local/lib/python3.10/site-packages/airflow/example_dags/example_bash_operator.py
[2024-01-31T11:08:12.266+0100] {processor.py:840} INFO - DAG(s) 'example_bash_operator' retrieved from /home/ubuntu/.local/lib/python3.10/site-packages/airflow/example_dags/example_bash_operator.py
[2024-01-31T11:08:12.295+0100] {logging_mixin.py:188} INFO - [2024-01-31T11:08:12.295+0100] {dag.py:3033} INFO - Sync 1 DAGs
[2024-01-31T11:08:12.315+0100] {logging_mixin.py:188} INFO - [2024-01-31T11:08:12.315+0100] {dag.py:3820} INFO - Setting next_dagrun for example_bash_operator to 2024-01-30T00:00:00+00:00, run_after=2024-01-31T00:00:00+00:00
[2024-01-31T11:08:12.342+0100] {processor.py:183} INFO - Processing /home/ubuntu/.local/lib/python3.10/site-packages/airflow/example_dags/example_bash_operator.py took 0.098 seconds
[2024-01-31T11:09:18.238+0100] {processor.py:161} INFO - Started process (PID=29533) to work on /home/ubuntu/.local/lib/python3.10/site-packages/airflow/example_dags/example_bash_operator.py
[2024-01-31T11:09:18.241+0100] {processor.py:830} INFO - Processing file /home/ubuntu/.local/lib/python3.10/site-packages/airflow/example_dags/example_bash_operator.py for tasks to queue
[2024-01-31T11:09:18.243+0100] {logging_mixin.py:188} INFO - [2024-01-31T11:09:18.242+0100] {dagbag.py:538} INFO - Filling up the DagBag from /home/ubuntu/.local/lib/python3.10/site-packages/airflow/example_dags/example_bash_operator.py
[2024-01-31T11:09:18.259+0100] {processor.py:840} INFO - DAG(s) 'example_bash_operator' retrieved from /home/ubuntu/.local/lib/python3.10/site-packages/airflow/example_dags/example_bash_operator.py
[2024-01-31T11:09:18.287+0100] {logging_mixin.py:188} INFO - [2024-01-31T11:09:18.287+0100] {dag.py:3033} INFO - Sync 1 DAGs
[2024-01-31T11:09:18.319+0100] {logging_mixin.py:188} INFO - [2024-01-31T11:09:18.319+0100] {dag.py:3820} INFO - Setting next_dagrun for example_bash_operator to 2024-01-30T00:00:00+00:00, run_after=2024-01-31T00:00:00+00:00
[2024-01-31T11:09:18.347+0100] {processor.py:183} INFO - Processing /home/ubuntu/.local/lib/python3.10/site-packages/airflow/example_dags/example_bash_operator.py took 0.114 seconds
[2024-01-31T11:10:22.839+0100] {processor.py:161} INFO - Started process (PID=29609) to work on /home/ubuntu/.local/lib/python3.10/site-packages/airflow/example_dags/example_bash_operator.py
[2024-01-31T11:10:22.841+0100] {processor.py:830} INFO - Processing file /home/ubuntu/.local/lib/python3.10/site-packages/airflow/example_dags/example_bash_operator.py for tasks to queue
[2024-01-31T11:10:22.842+0100] {logging_mixin.py:188} INFO - [2024-01-31T11:10:22.841+0100] {dagbag.py:538} INFO - Filling up the DagBag from /home/ubuntu/.local/lib/python3.10/site-packages/airflow/example_dags/example_bash_operator.py
[2024-01-31T11:10:22.856+0100] {processor.py:840} INFO - DAG(s) 'example_bash_operator' retrieved from /home/ubuntu/.local/lib/python3.10/site-packages/airflow/example_dags/example_bash_operator.py
[2024-01-31T11:10:22.882+0100] {logging_mixin.py:188} INFO - [2024-01-31T11:10:22.882+0100] {dag.py:3033} INFO - Sync 1 DAGs
[2024-01-31T11:10:22.901+0100] {logging_mixin.py:188} INFO - [2024-01-31T11:10:22.900+0100] {dag.py:3820} INFO - Setting next_dagrun for example_bash_operator to 2024-01-30T00:00:00+00:00, run_after=2024-01-31T00:00:00+00:00
[2024-01-31T11:10:22.935+0100] {processor.py:183} INFO - Processing /home/ubuntu/.local/lib/python3.10/site-packages/airflow/example_dags/example_bash_operator.py took 0.100 seconds
[2024-01-31T11:11:22.385+0100] {processor.py:161} INFO - Started process (PID=29677) to work on /home/ubuntu/.local/lib/python3.10/site-packages/airflow/example_dags/example_bash_operator.py
[2024-01-31T11:11:22.390+0100] {processor.py:830} INFO - Processing file /home/ubuntu/.local/lib/python3.10/site-packages/airflow/example_dags/example_bash_operator.py for tasks to queue
[2024-01-31T11:11:22.392+0100] {logging_mixin.py:188} INFO - [2024-01-31T11:11:22.391+0100] {dagbag.py:538} INFO - Filling up the DagBag from /home/ubuntu/.local/lib/python3.10/site-packages/airflow/example_dags/example_bash_operator.py
[2024-01-31T11:11:22.424+0100] {processor.py:840} INFO - DAG(s) 'example_bash_operator' retrieved from /home/ubuntu/.local/lib/python3.10/site-packages/airflow/example_dags/example_bash_operator.py
[2024-01-31T11:11:22.485+0100] {logging_mixin.py:188} INFO - [2024-01-31T11:11:22.485+0100] {dag.py:3033} INFO - Sync 1 DAGs
[2024-01-31T11:11:22.518+0100] {logging_mixin.py:188} INFO - [2024-01-31T11:11:22.518+0100] {dag.py:3820} INFO - Setting next_dagrun for example_bash_operator to 2024-01-30T00:00:00+00:00, run_after=2024-01-31T00:00:00+00:00
[2024-01-31T11:11:22.561+0100] {processor.py:183} INFO - Processing /home/ubuntu/.local/lib/python3.10/site-packages/airflow/example_dags/example_bash_operator.py took 0.184 seconds
[2024-01-31T11:12:26.823+0100] {processor.py:161} INFO - Started process (PID=29748) to work on /home/ubuntu/.local/lib/python3.10/site-packages/airflow/example_dags/example_bash_operator.py
[2024-01-31T11:12:26.826+0100] {processor.py:830} INFO - Processing file /home/ubuntu/.local/lib/python3.10/site-packages/airflow/example_dags/example_bash_operator.py for tasks to queue
[2024-01-31T11:12:26.828+0100] {logging_mixin.py:188} INFO - [2024-01-31T11:12:26.827+0100] {dagbag.py:538} INFO - Filling up the DagBag from /home/ubuntu/.local/lib/python3.10/site-packages/airflow/example_dags/example_bash_operator.py
[2024-01-31T11:12:26.845+0100] {processor.py:840} INFO - DAG(s) 'example_bash_operator' retrieved from /home/ubuntu/.local/lib/python3.10/site-packages/airflow/example_dags/example_bash_operator.py
[2024-01-31T11:12:26.876+0100] {logging_mixin.py:188} INFO - [2024-01-31T11:12:26.876+0100] {dag.py:3033} INFO - Sync 1 DAGs
[2024-01-31T11:12:26.911+0100] {logging_mixin.py:188} INFO - [2024-01-31T11:12:26.911+0100] {dag.py:3820} INFO - Setting next_dagrun for example_bash_operator to 2024-01-30T00:00:00+00:00, run_after=2024-01-31T00:00:00+00:00
[2024-01-31T11:12:26.959+0100] {processor.py:183} INFO - Processing /home/ubuntu/.local/lib/python3.10/site-packages/airflow/example_dags/example_bash_operator.py took 0.140 seconds
[2024-01-31T11:13:13.096+0100] {processor.py:161} INFO - Started process (PID=29799) to work on /home/ubuntu/.local/lib/python3.10/site-packages/airflow/example_dags/example_bash_operator.py
[2024-01-31T11:13:13.098+0100] {processor.py:830} INFO - Processing file /home/ubuntu/.local/lib/python3.10/site-packages/airflow/example_dags/example_bash_operator.py for tasks to queue
[2024-01-31T11:13:13.099+0100] {logging_mixin.py:188} INFO - [2024-01-31T11:13:13.099+0100] {dagbag.py:538} INFO - Filling up the DagBag from /home/ubuntu/.local/lib/python3.10/site-packages/airflow/example_dags/example_bash_operator.py
[2024-01-31T11:13:13.114+0100] {processor.py:840} INFO - DAG(s) 'example_bash_operator' retrieved from /home/ubuntu/.local/lib/python3.10/site-packages/airflow/example_dags/example_bash_operator.py
[2024-01-31T11:13:13.137+0100] {logging_mixin.py:188} INFO - [2024-01-31T11:13:13.137+0100] {dag.py:3033} INFO - Sync 1 DAGs
[2024-01-31T11:13:13.155+0100] {logging_mixin.py:188} INFO - [2024-01-31T11:13:13.155+0100] {dag.py:3820} INFO - Setting next_dagrun for example_bash_operator to 2024-01-30T00:00:00+00:00, run_after=2024-01-31T00:00:00+00:00
[2024-01-31T11:13:13.183+0100] {processor.py:183} INFO - Processing /home/ubuntu/.local/lib/python3.10/site-packages/airflow/example_dags/example_bash_operator.py took 0.091 seconds
[2024-01-31T11:14:12.932+0100] {processor.py:161} INFO - Started process (PID=29874) to work on /home/ubuntu/.local/lib/python3.10/site-packages/airflow/example_dags/example_bash_operator.py
[2024-01-31T11:14:12.936+0100] {processor.py:830} INFO - Processing file /home/ubuntu/.local/lib/python3.10/site-packages/airflow/example_dags/example_bash_operator.py for tasks to queue
[2024-01-31T11:14:12.939+0100] {logging_mixin.py:188} INFO - [2024-01-31T11:14:12.937+0100] {dagbag.py:538} INFO - Filling up the DagBag from /home/ubuntu/.local/lib/python3.10/site-packages/airflow/example_dags/example_bash_operator.py
[2024-01-31T11:14:12.965+0100] {processor.py:840} INFO - DAG(s) 'example_bash_operator' retrieved from /home/ubuntu/.local/lib/python3.10/site-packages/airflow/example_dags/example_bash_operator.py
[2024-01-31T11:14:13.003+0100] {logging_mixin.py:188} INFO - [2024-01-31T11:14:13.003+0100] {dag.py:3033} INFO - Sync 1 DAGs
[2024-01-31T11:14:13.034+0100] {logging_mixin.py:188} INFO - [2024-01-31T11:14:13.034+0100] {dag.py:3820} INFO - Setting next_dagrun for example_bash_operator to 2024-01-30T00:00:00+00:00, run_after=2024-01-31T00:00:00+00:00
[2024-01-31T11:14:13.135+0100] {processor.py:183} INFO - Processing /home/ubuntu/.local/lib/python3.10/site-packages/airflow/example_dags/example_bash_operator.py took 0.211 seconds
[2024-01-31T11:15:31.653+0100] {processor.py:161} INFO - Started process (PID=30548) to work on /home/ubuntu/.local/lib/python3.10/site-packages/airflow/example_dags/example_bash_operator.py
[2024-01-31T11:15:31.658+0100] {processor.py:830} INFO - Processing file /home/ubuntu/.local/lib/python3.10/site-packages/airflow/example_dags/example_bash_operator.py for tasks to queue
[2024-01-31T11:15:31.659+0100] {logging_mixin.py:188} INFO - [2024-01-31T11:15:31.658+0100] {dagbag.py:538} INFO - Filling up the DagBag from /home/ubuntu/.local/lib/python3.10/site-packages/airflow/example_dags/example_bash_operator.py
[2024-01-31T11:15:31.671+0100] {processor.py:840} INFO - DAG(s) 'example_bash_operator' retrieved from /home/ubuntu/.local/lib/python3.10/site-packages/airflow/example_dags/example_bash_operator.py
[2024-01-31T11:15:31.698+0100] {logging_mixin.py:188} INFO - [2024-01-31T11:15:31.698+0100] {dag.py:3033} INFO - Sync 1 DAGs
[2024-01-31T11:15:31.718+0100] {logging_mixin.py:188} INFO - [2024-01-31T11:15:31.718+0100] {dag.py:3820} INFO - Setting next_dagrun for example_bash_operator to 2024-01-30T00:00:00+00:00, run_after=2024-01-31T00:00:00+00:00
[2024-01-31T11:15:31.747+0100] {processor.py:183} INFO - Processing /home/ubuntu/.local/lib/python3.10/site-packages/airflow/example_dags/example_bash_operator.py took 0.098 seconds
[2024-01-31T11:16:22.503+0100] {processor.py:161} INFO - Started process (PID=30608) to work on /home/ubuntu/.local/lib/python3.10/site-packages/airflow/example_dags/example_bash_operator.py
[2024-01-31T11:16:22.505+0100] {processor.py:830} INFO - Processing file /home/ubuntu/.local/lib/python3.10/site-packages/airflow/example_dags/example_bash_operator.py for tasks to queue
[2024-01-31T11:16:22.506+0100] {logging_mixin.py:188} INFO - [2024-01-31T11:16:22.505+0100] {dagbag.py:538} INFO - Filling up the DagBag from /home/ubuntu/.local/lib/python3.10/site-packages/airflow/example_dags/example_bash_operator.py
[2024-01-31T11:16:22.519+0100] {processor.py:840} INFO - DAG(s) 'example_bash_operator' retrieved from /home/ubuntu/.local/lib/python3.10/site-packages/airflow/example_dags/example_bash_operator.py
[2024-01-31T11:16:22.548+0100] {logging_mixin.py:188} INFO - [2024-01-31T11:16:22.548+0100] {dag.py:3033} INFO - Sync 1 DAGs
[2024-01-31T11:16:22.570+0100] {logging_mixin.py:188} INFO - [2024-01-31T11:16:22.570+0100] {dag.py:3820} INFO - Setting next_dagrun for example_bash_operator to 2024-01-30T00:00:00+00:00, run_after=2024-01-31T00:00:00+00:00
[2024-01-31T11:16:22.607+0100] {processor.py:183} INFO - Processing /home/ubuntu/.local/lib/python3.10/site-packages/airflow/example_dags/example_bash_operator.py took 0.109 seconds
[2024-01-31T11:17:10.473+0100] {processor.py:161} INFO - Started process (PID=30664) to work on /home/ubuntu/.local/lib/python3.10/site-packages/airflow/example_dags/example_bash_operator.py
[2024-01-31T11:17:10.475+0100] {processor.py:830} INFO - Processing file /home/ubuntu/.local/lib/python3.10/site-packages/airflow/example_dags/example_bash_operator.py for tasks to queue
[2024-01-31T11:17:10.478+0100] {logging_mixin.py:188} INFO - [2024-01-31T11:17:10.476+0100] {dagbag.py:538} INFO - Filling up the DagBag from /home/ubuntu/.local/lib/python3.10/site-packages/airflow/example_dags/example_bash_operator.py
[2024-01-31T11:17:10.503+0100] {processor.py:840} INFO - DAG(s) 'example_bash_operator' retrieved from /home/ubuntu/.local/lib/python3.10/site-packages/airflow/example_dags/example_bash_operator.py
[2024-01-31T11:17:10.540+0100] {logging_mixin.py:188} INFO - [2024-01-31T11:17:10.539+0100] {dag.py:3033} INFO - Sync 1 DAGs
[2024-01-31T11:17:10.581+0100] {logging_mixin.py:188} INFO - [2024-01-31T11:17:10.581+0100] {dag.py:3820} INFO - Setting next_dagrun for example_bash_operator to 2024-01-30T00:00:00+00:00, run_after=2024-01-31T00:00:00+00:00
[2024-01-31T11:17:10.643+0100] {processor.py:183} INFO - Processing /home/ubuntu/.local/lib/python3.10/site-packages/airflow/example_dags/example_bash_operator.py took 0.180 seconds
[2024-01-31T11:18:12.041+0100] {processor.py:161} INFO - Started process (PID=30721) to work on /home/ubuntu/.local/lib/python3.10/site-packages/airflow/example_dags/example_bash_operator.py
[2024-01-31T11:18:12.044+0100] {processor.py:830} INFO - Processing file /home/ubuntu/.local/lib/python3.10/site-packages/airflow/example_dags/example_bash_operator.py for tasks to queue
[2024-01-31T11:18:12.047+0100] {logging_mixin.py:188} INFO - [2024-01-31T11:18:12.046+0100] {dagbag.py:538} INFO - Filling up the DagBag from /home/ubuntu/.local/lib/python3.10/site-packages/airflow/example_dags/example_bash_operator.py
[2024-01-31T11:18:12.066+0100] {processor.py:840} INFO - DAG(s) 'example_bash_operator' retrieved from /home/ubuntu/.local/lib/python3.10/site-packages/airflow/example_dags/example_bash_operator.py
[2024-01-31T11:18:12.104+0100] {logging_mixin.py:188} INFO - [2024-01-31T11:18:12.104+0100] {dag.py:3033} INFO - Sync 1 DAGs
[2024-01-31T11:18:12.126+0100] {logging_mixin.py:188} INFO - [2024-01-31T11:18:12.125+0100] {dag.py:3820} INFO - Setting next_dagrun for example_bash_operator to 2024-01-30T00:00:00+00:00, run_after=2024-01-31T00:00:00+00:00
[2024-01-31T11:18:12.153+0100] {processor.py:183} INFO - Processing /home/ubuntu/.local/lib/python3.10/site-packages/airflow/example_dags/example_bash_operator.py took 0.123 seconds
[2024-01-31T11:19:06.048+0100] {processor.py:161} INFO - Started process (PID=30778) to work on /home/ubuntu/.local/lib/python3.10/site-packages/airflow/example_dags/example_bash_operator.py
[2024-01-31T11:19:06.049+0100] {processor.py:830} INFO - Processing file /home/ubuntu/.local/lib/python3.10/site-packages/airflow/example_dags/example_bash_operator.py for tasks to queue
[2024-01-31T11:19:06.051+0100] {logging_mixin.py:188} INFO - [2024-01-31T11:19:06.050+0100] {dagbag.py:538} INFO - Filling up the DagBag from /home/ubuntu/.local/lib/python3.10/site-packages/airflow/example_dags/example_bash_operator.py
[2024-01-31T11:19:06.064+0100] {processor.py:840} INFO - DAG(s) 'example_bash_operator' retrieved from /home/ubuntu/.local/lib/python3.10/site-packages/airflow/example_dags/example_bash_operator.py
[2024-01-31T11:19:06.097+0100] {logging_mixin.py:188} INFO - [2024-01-31T11:19:06.097+0100] {dag.py:3033} INFO - Sync 1 DAGs
[2024-01-31T11:19:06.118+0100] {logging_mixin.py:188} INFO - [2024-01-31T11:19:06.118+0100] {dag.py:3820} INFO - Setting next_dagrun for example_bash_operator to 2024-01-30T00:00:00+00:00, run_after=2024-01-31T00:00:00+00:00
[2024-01-31T11:19:06.151+0100] {processor.py:183} INFO - Processing /home/ubuntu/.local/lib/python3.10/site-packages/airflow/example_dags/example_bash_operator.py took 0.107 seconds
[2024-01-31T11:19:54.608+0100] {processor.py:161} INFO - Started process (PID=30831) to work on /home/ubuntu/.local/lib/python3.10/site-packages/airflow/example_dags/example_bash_operator.py
[2024-01-31T11:19:54.610+0100] {processor.py:830} INFO - Processing file /home/ubuntu/.local/lib/python3.10/site-packages/airflow/example_dags/example_bash_operator.py for tasks to queue
[2024-01-31T11:19:54.611+0100] {logging_mixin.py:188} INFO - [2024-01-31T11:19:54.611+0100] {dagbag.py:538} INFO - Filling up the DagBag from /home/ubuntu/.local/lib/python3.10/site-packages/airflow/example_dags/example_bash_operator.py
[2024-01-31T11:19:54.625+0100] {processor.py:840} INFO - DAG(s) 'example_bash_operator' retrieved from /home/ubuntu/.local/lib/python3.10/site-packages/airflow/example_dags/example_bash_operator.py
[2024-01-31T11:19:54.661+0100] {logging_mixin.py:188} INFO - [2024-01-31T11:19:54.661+0100] {dag.py:3033} INFO - Sync 1 DAGs
[2024-01-31T11:19:54.700+0100] {logging_mixin.py:188} INFO - [2024-01-31T11:19:54.700+0100] {dag.py:3820} INFO - Setting next_dagrun for example_bash_operator to 2024-01-30T00:00:00+00:00, run_after=2024-01-31T00:00:00+00:00
[2024-01-31T11:19:54.751+0100] {processor.py:183} INFO - Processing /home/ubuntu/.local/lib/python3.10/site-packages/airflow/example_dags/example_bash_operator.py took 0.147 seconds
[2024-01-31T11:20:41.376+0100] {processor.py:161} INFO - Started process (PID=30886) to work on /home/ubuntu/.local/lib/python3.10/site-packages/airflow/example_dags/example_bash_operator.py
[2024-01-31T11:20:41.379+0100] {processor.py:830} INFO - Processing file /home/ubuntu/.local/lib/python3.10/site-packages/airflow/example_dags/example_bash_operator.py for tasks to queue
[2024-01-31T11:20:41.380+0100] {logging_mixin.py:188} INFO - [2024-01-31T11:20:41.379+0100] {dagbag.py:538} INFO - Filling up the DagBag from /home/ubuntu/.local/lib/python3.10/site-packages/airflow/example_dags/example_bash_operator.py
[2024-01-31T11:20:41.394+0100] {processor.py:840} INFO - DAG(s) 'example_bash_operator' retrieved from /home/ubuntu/.local/lib/python3.10/site-packages/airflow/example_dags/example_bash_operator.py
[2024-01-31T11:20:41.422+0100] {logging_mixin.py:188} INFO - [2024-01-31T11:20:41.422+0100] {dag.py:3033} INFO - Sync 1 DAGs
[2024-01-31T11:20:41.447+0100] {logging_mixin.py:188} INFO - [2024-01-31T11:20:41.446+0100] {dag.py:3820} INFO - Setting next_dagrun for example_bash_operator to 2024-01-30T00:00:00+00:00, run_after=2024-01-31T00:00:00+00:00
[2024-01-31T11:20:41.476+0100] {processor.py:183} INFO - Processing /home/ubuntu/.local/lib/python3.10/site-packages/airflow/example_dags/example_bash_operator.py took 0.104 seconds
[2024-01-31T11:21:45.636+0100] {processor.py:161} INFO - Started process (PID=30957) to work on /home/ubuntu/.local/lib/python3.10/site-packages/airflow/example_dags/example_bash_operator.py
[2024-01-31T11:21:45.638+0100] {processor.py:830} INFO - Processing file /home/ubuntu/.local/lib/python3.10/site-packages/airflow/example_dags/example_bash_operator.py for tasks to queue
[2024-01-31T11:21:45.640+0100] {logging_mixin.py:188} INFO - [2024-01-31T11:21:45.639+0100] {dagbag.py:538} INFO - Filling up the DagBag from /home/ubuntu/.local/lib/python3.10/site-packages/airflow/example_dags/example_bash_operator.py
[2024-01-31T11:21:45.664+0100] {processor.py:840} INFO - DAG(s) 'example_bash_operator' retrieved from /home/ubuntu/.local/lib/python3.10/site-packages/airflow/example_dags/example_bash_operator.py
[2024-01-31T11:21:45.768+0100] {logging_mixin.py:188} INFO - [2024-01-31T11:21:45.767+0100] {dag.py:3033} INFO - Sync 1 DAGs
[2024-01-31T11:21:45.804+0100] {logging_mixin.py:188} INFO - [2024-01-31T11:21:45.804+0100] {dag.py:3820} INFO - Setting next_dagrun for example_bash_operator to 2024-01-30T00:00:00+00:00, run_after=2024-01-31T00:00:00+00:00
[2024-01-31T11:21:45.837+0100] {processor.py:183} INFO - Processing /home/ubuntu/.local/lib/python3.10/site-packages/airflow/example_dags/example_bash_operator.py took 0.206 seconds
[2024-01-31T11:22:47.710+0100] {processor.py:161} INFO - Started process (PID=31032) to work on /home/ubuntu/.local/lib/python3.10/site-packages/airflow/example_dags/example_bash_operator.py
[2024-01-31T11:22:47.712+0100] {processor.py:830} INFO - Processing file /home/ubuntu/.local/lib/python3.10/site-packages/airflow/example_dags/example_bash_operator.py for tasks to queue
[2024-01-31T11:22:47.713+0100] {logging_mixin.py:188} INFO - [2024-01-31T11:22:47.712+0100] {dagbag.py:538} INFO - Filling up the DagBag from /home/ubuntu/.local/lib/python3.10/site-packages/airflow/example_dags/example_bash_operator.py
[2024-01-31T11:22:47.730+0100] {processor.py:840} INFO - DAG(s) 'example_bash_operator' retrieved from /home/ubuntu/.local/lib/python3.10/site-packages/airflow/example_dags/example_bash_operator.py
[2024-01-31T11:22:47.758+0100] {logging_mixin.py:188} INFO - [2024-01-31T11:22:47.757+0100] {dag.py:3033} INFO - Sync 1 DAGs
[2024-01-31T11:22:47.777+0100] {logging_mixin.py:188} INFO - [2024-01-31T11:22:47.777+0100] {dag.py:3820} INFO - Setting next_dagrun for example_bash_operator to 2024-01-30T00:00:00+00:00, run_after=2024-01-31T00:00:00+00:00
[2024-01-31T11:22:47.805+0100] {processor.py:183} INFO - Processing /home/ubuntu/.local/lib/python3.10/site-packages/airflow/example_dags/example_bash_operator.py took 0.101 seconds
[2024-01-31T11:23:54.102+0100] {processor.py:161} INFO - Started process (PID=31109) to work on /home/ubuntu/.local/lib/python3.10/site-packages/airflow/example_dags/example_bash_operator.py
[2024-01-31T11:23:54.104+0100] {processor.py:830} INFO - Processing file /home/ubuntu/.local/lib/python3.10/site-packages/airflow/example_dags/example_bash_operator.py for tasks to queue
[2024-01-31T11:23:54.105+0100] {logging_mixin.py:188} INFO - [2024-01-31T11:23:54.105+0100] {dagbag.py:538} INFO - Filling up the DagBag from /home/ubuntu/.local/lib/python3.10/site-packages/airflow/example_dags/example_bash_operator.py
[2024-01-31T11:23:54.118+0100] {processor.py:840} INFO - DAG(s) 'example_bash_operator' retrieved from /home/ubuntu/.local/lib/python3.10/site-packages/airflow/example_dags/example_bash_operator.py
[2024-01-31T11:23:54.143+0100] {logging_mixin.py:188} INFO - [2024-01-31T11:23:54.143+0100] {dag.py:3033} INFO - Sync 1 DAGs
[2024-01-31T11:23:54.163+0100] {logging_mixin.py:188} INFO - [2024-01-31T11:23:54.163+0100] {dag.py:3820} INFO - Setting next_dagrun for example_bash_operator to 2024-01-30T00:00:00+00:00, run_after=2024-01-31T00:00:00+00:00
[2024-01-31T11:23:54.193+0100] {processor.py:183} INFO - Processing /home/ubuntu/.local/lib/python3.10/site-packages/airflow/example_dags/example_bash_operator.py took 0.095 seconds
[2024-01-31T11:24:59.818+0100] {processor.py:161} INFO - Started process (PID=31184) to work on /home/ubuntu/.local/lib/python3.10/site-packages/airflow/example_dags/example_bash_operator.py
[2024-01-31T11:24:59.821+0100] {processor.py:830} INFO - Processing file /home/ubuntu/.local/lib/python3.10/site-packages/airflow/example_dags/example_bash_operator.py for tasks to queue
[2024-01-31T11:24:59.822+0100] {logging_mixin.py:188} INFO - [2024-01-31T11:24:59.821+0100] {dagbag.py:538} INFO - Filling up the DagBag from /home/ubuntu/.local/lib/python3.10/site-packages/airflow/example_dags/example_bash_operator.py
[2024-01-31T11:24:59.834+0100] {processor.py:840} INFO - DAG(s) 'example_bash_operator' retrieved from /home/ubuntu/.local/lib/python3.10/site-packages/airflow/example_dags/example_bash_operator.py
[2024-01-31T11:24:59.859+0100] {logging_mixin.py:188} INFO - [2024-01-31T11:24:59.859+0100] {dag.py:3033} INFO - Sync 1 DAGs
[2024-01-31T11:24:59.879+0100] {logging_mixin.py:188} INFO - [2024-01-31T11:24:59.878+0100] {dag.py:3820} INFO - Setting next_dagrun for example_bash_operator to 2024-01-30T00:00:00+00:00, run_after=2024-01-31T00:00:00+00:00
[2024-01-31T11:24:59.903+0100] {processor.py:183} INFO - Processing /home/ubuntu/.local/lib/python3.10/site-packages/airflow/example_dags/example_bash_operator.py took 0.089 seconds
[2024-01-31T11:25:55.902+0100] {processor.py:161} INFO - Started process (PID=31237) to work on /home/ubuntu/.local/lib/python3.10/site-packages/airflow/example_dags/example_bash_operator.py
[2024-01-31T11:25:55.904+0100] {processor.py:830} INFO - Processing file /home/ubuntu/.local/lib/python3.10/site-packages/airflow/example_dags/example_bash_operator.py for tasks to queue
[2024-01-31T11:25:55.906+0100] {logging_mixin.py:188} INFO - [2024-01-31T11:25:55.905+0100] {dagbag.py:538} INFO - Filling up the DagBag from /home/ubuntu/.local/lib/python3.10/site-packages/airflow/example_dags/example_bash_operator.py
[2024-01-31T11:25:55.921+0100] {processor.py:840} INFO - DAG(s) 'example_bash_operator' retrieved from /home/ubuntu/.local/lib/python3.10/site-packages/airflow/example_dags/example_bash_operator.py
[2024-01-31T11:25:55.949+0100] {logging_mixin.py:188} INFO - [2024-01-31T11:25:55.949+0100] {dag.py:3033} INFO - Sync 1 DAGs
[2024-01-31T11:25:55.973+0100] {logging_mixin.py:188} INFO - [2024-01-31T11:25:55.973+0100] {dag.py:3820} INFO - Setting next_dagrun for example_bash_operator to 2024-01-30T00:00:00+00:00, run_after=2024-01-31T00:00:00+00:00
[2024-01-31T11:25:56.009+0100] {processor.py:183} INFO - Processing /home/ubuntu/.local/lib/python3.10/site-packages/airflow/example_dags/example_bash_operator.py took 0.111 seconds
                                                                                                                                                                                                                                                                                                                                                                                                                                                                                                                                                                                                                                                                                                                                                                                                                                                                                                                                                                                                                                                                                                                                                                                                                                                                                                                                                                                                 