[2024-01-28T22:54:56.342+0100] {processor.py:161} INFO - Started process (PID=15361) to work on /home/ubuntu/airflow/dags/meteo.py
[2024-01-28T22:54:56.344+0100] {processor.py:830} INFO - Processing file /home/ubuntu/airflow/dags/meteo.py for tasks to queue
[2024-01-28T22:54:56.348+0100] {logging_mixin.py:188} INFO - [2024-01-28T22:54:56.346+0100] {dagbag.py:538} INFO - Filling up the DagBag from /home/ubuntu/airflow/dags/meteo.py
[2024-01-28T22:54:56.377+0100] {processor.py:840} INFO - DAG(s) 'exemple_dag' retrieved from /home/ubuntu/airflow/dags/meteo.py
[2024-01-28T22:54:56.391+0100] {logging_mixin.py:188} INFO - [2024-01-28T22:54:56.390+0100] {dag.py:3033} INFO - Sync 1 DAGs
[2024-01-28T22:54:56.444+0100] {logging_mixin.py:188} INFO - [2024-01-28T22:54:56.444+0100] {dag.py:3820} INFO - Setting next_dagrun for exemple_dag to 2024-01-01T00:00:00+00:00, run_after=2024-01-02T00:00:00+00:00
[2024-01-28T22:54:56.496+0100] {processor.py:183} INFO - Processing /home/ubuntu/airflow/dags/meteo.py took 0.163 seconds
[2024-01-28T22:56:31.412+0100] {processor.py:161} INFO - Started process (PID=15549) to work on /home/ubuntu/airflow/dags/meteo.py
[2024-01-28T22:56:31.415+0100] {processor.py:830} INFO - Processing file /home/ubuntu/airflow/dags/meteo.py for tasks to queue
[2024-01-28T22:56:31.417+0100] {logging_mixin.py:188} INFO - [2024-01-28T22:56:31.416+0100] {dagbag.py:538} INFO - Filling up the DagBag from /home/ubuntu/airflow/dags/meteo.py
[2024-01-28T22:56:31.438+0100] {processor.py:840} INFO - DAG(s) 'exemple_dag' retrieved from /home/ubuntu/airflow/dags/meteo.py
[2024-01-28T22:56:31.451+0100] {logging_mixin.py:188} INFO - [2024-01-28T22:56:31.451+0100] {dag.py:3033} INFO - Sync 1 DAGs
[2024-01-28T22:56:31.481+0100] {logging_mixin.py:188} INFO - [2024-01-28T22:56:31.481+0100] {dag.py:3820} INFO - Setting next_dagrun for exemple_dag to 2024-01-01T00:00:00+00:00, run_after=2024-01-02T00:00:00+00:00
[2024-01-28T22:56:31.517+0100] {processor.py:183} INFO - Processing /home/ubuntu/airflow/dags/meteo.py took 0.110 seconds
[2024-01-28T22:57:40.813+0100] {processor.py:161} INFO - Started process (PID=15636) to work on /home/ubuntu/airflow/dags/meteo.py
[2024-01-28T22:57:40.819+0100] {processor.py:830} INFO - Processing file /home/ubuntu/airflow/dags/meteo.py for tasks to queue
[2024-01-28T22:57:40.821+0100] {logging_mixin.py:188} INFO - [2024-01-28T22:57:40.820+0100] {dagbag.py:538} INFO - Filling up the DagBag from /home/ubuntu/airflow/dags/meteo.py
[2024-01-28T22:57:40.833+0100] {processor.py:840} INFO - DAG(s) 'exemple_dag' retrieved from /home/ubuntu/airflow/dags/meteo.py
[2024-01-28T22:57:41.013+0100] {logging_mixin.py:188} INFO - [2024-01-28T22:57:41.013+0100] {dag.py:3033} INFO - Sync 1 DAGs
[2024-01-28T22:57:41.082+0100] {logging_mixin.py:188} INFO - [2024-01-28T22:57:41.082+0100] {dag.py:3820} INFO - Setting next_dagrun for exemple_dag to 2024-01-01T00:00:00+00:00, run_after=2024-01-02T00:00:00+00:00
[2024-01-28T22:57:41.150+0100] {processor.py:183} INFO - Processing /home/ubuntu/airflow/dags/meteo.py took 0.344 seconds
[2024-01-28T22:58:16.124+0100] {processor.py:161} INFO - Started process (PID=15671) to work on /home/ubuntu/airflow/dags/meteo.py
[2024-01-28T22:58:16.126+0100] {processor.py:830} INFO - Processing file /home/ubuntu/airflow/dags/meteo.py for tasks to queue
[2024-01-28T22:58:16.128+0100] {logging_mixin.py:188} INFO - [2024-01-28T22:58:16.127+0100] {dagbag.py:538} INFO - Filling up the DagBag from /home/ubuntu/airflow/dags/meteo.py
[2024-01-28T22:58:16.135+0100] {processor.py:840} INFO - DAG(s) 'exemple_dag' retrieved from /home/ubuntu/airflow/dags/meteo.py
[2024-01-28T22:58:16.158+0100] {logging_mixin.py:188} INFO - [2024-01-28T22:58:16.158+0100] {dag.py:3033} INFO - Sync 1 DAGs
[2024-01-28T22:58:16.194+0100] {logging_mixin.py:188} INFO - [2024-01-28T22:58:16.194+0100] {dag.py:3820} INFO - Setting next_dagrun for exemple_dag to 2024-01-01T00:00:00+00:00, run_after=2024-01-02T00:00:00+00:00
[2024-01-28T22:58:16.238+0100] {processor.py:183} INFO - Processing /home/ubuntu/airflow/dags/meteo.py took 0.117 seconds
[2024-01-28T22:58:50.108+0100] {processor.py:161} INFO - Started process (PID=15732) to work on /home/ubuntu/airflow/dags/meteo.py
[2024-01-28T22:58:50.112+0100] {processor.py:830} INFO - Processing file /home/ubuntu/airflow/dags/meteo.py for tasks to queue
[2024-01-28T22:58:50.114+0100] {logging_mixin.py:188} INFO - [2024-01-28T22:58:50.113+0100] {dagbag.py:538} INFO - Filling up the DagBag from /home/ubuntu/airflow/dags/meteo.py
[2024-01-28T22:58:50.125+0100] {processor.py:840} INFO - DAG(s) 'exemple_dag' retrieved from /home/ubuntu/airflow/dags/meteo.py
[2024-01-28T22:58:50.157+0100] {logging_mixin.py:188} INFO - [2024-01-28T22:58:50.157+0100] {dag.py:3033} INFO - Sync 1 DAGs
[2024-01-28T22:58:50.199+0100] {logging_mixin.py:188} INFO - [2024-01-28T22:58:50.198+0100] {dag.py:3820} INFO - Setting next_dagrun for exemple_dag to 2024-01-01T00:00:00+00:00, run_after=2024-01-02T00:00:00+00:00
[2024-01-28T22:58:50.243+0100] {processor.py:183} INFO - Processing /home/ubuntu/airflow/dags/meteo.py took 0.142 seconds
[2024-01-28T22:59:20.352+0100] {processor.py:161} INFO - Started process (PID=15767) to work on /home/ubuntu/airflow/dags/meteo.py
[2024-01-28T22:59:20.355+0100] {processor.py:830} INFO - Processing file /home/ubuntu/airflow/dags/meteo.py for tasks to queue
[2024-01-28T22:59:20.357+0100] {logging_mixin.py:188} INFO - [2024-01-28T22:59:20.356+0100] {dagbag.py:538} INFO - Filling up the DagBag from /home/ubuntu/airflow/dags/meteo.py
[2024-01-28T22:59:20.367+0100] {processor.py:840} INFO - DAG(s) 'exemple_dag' retrieved from /home/ubuntu/airflow/dags/meteo.py
[2024-01-28T22:59:20.383+0100] {logging_mixin.py:188} INFO - [2024-01-28T22:59:20.383+0100] {dag.py:3033} INFO - Sync 1 DAGs
[2024-01-28T22:59:20.402+0100] {logging_mixin.py:188} INFO - [2024-01-28T22:59:20.402+0100] {dag.py:3820} INFO - Setting next_dagrun for exemple_dag to 2024-01-01T00:00:00+00:00, run_after=2024-01-02T00:00:00+00:00
[2024-01-28T22:59:20.438+0100] {processor.py:183} INFO - Processing /home/ubuntu/airflow/dags/meteo.py took 0.090 seconds
[2024-01-28T23:00:06.651+0100] {processor.py:161} INFO - Started process (PID=15819) to work on /home/ubuntu/airflow/dags/meteo.py
[2024-01-28T23:00:06.653+0100] {processor.py:830} INFO - Processing file /home/ubuntu/airflow/dags/meteo.py for tasks to queue
[2024-01-28T23:00:06.656+0100] {logging_mixin.py:188} INFO - [2024-01-28T23:00:06.655+0100] {dagbag.py:538} INFO - Filling up the DagBag from /home/ubuntu/airflow/dags/meteo.py
[2024-01-28T23:00:06.664+0100] {processor.py:840} INFO - DAG(s) 'exemple_dag' retrieved from /home/ubuntu/airflow/dags/meteo.py
[2024-01-28T23:00:06.681+0100] {logging_mixin.py:188} INFO - [2024-01-28T23:00:06.681+0100] {dag.py:3033} INFO - Sync 1 DAGs
[2024-01-28T23:00:06.701+0100] {logging_mixin.py:188} INFO - [2024-01-28T23:00:06.701+0100] {dag.py:3820} INFO - Setting next_dagrun for exemple_dag to 2024-01-01T00:00:00+00:00, run_after=2024-01-02T00:00:00+00:00
[2024-01-28T23:00:06.742+0100] {processor.py:183} INFO - Processing /home/ubuntu/airflow/dags/meteo.py took 0.095 seconds
[2024-01-28T23:00:55.172+0100] {processor.py:161} INFO - Started process (PID=15871) to work on /home/ubuntu/airflow/dags/meteo.py
[2024-01-28T23:00:55.179+0100] {processor.py:830} INFO - Processing file /home/ubuntu/airflow/dags/meteo.py for tasks to queue
[2024-01-28T23:00:55.181+0100] {logging_mixin.py:188} INFO - [2024-01-28T23:00:55.180+0100] {dagbag.py:538} INFO - Filling up the DagBag from /home/ubuntu/airflow/dags/meteo.py
[2024-01-28T23:00:55.189+0100] {processor.py:840} INFO - DAG(s) 'exemple_dag' retrieved from /home/ubuntu/airflow/dags/meteo.py
[2024-01-28T23:00:55.205+0100] {logging_mixin.py:188} INFO - [2024-01-28T23:00:55.204+0100] {dag.py:3033} INFO - Sync 1 DAGs
[2024-01-28T23:00:55.226+0100] {logging_mixin.py:188} INFO - [2024-01-28T23:00:55.226+0100] {dag.py:3820} INFO - Setting next_dagrun for exemple_dag to 2024-01-01T00:00:00+00:00, run_after=2024-01-02T00:00:00+00:00
[2024-01-28T23:00:55.258+0100] {processor.py:183} INFO - Processing /home/ubuntu/airflow/dags/meteo.py took 0.091 seconds
[2024-01-28T23:01:38.691+0100] {processor.py:161} INFO - Started process (PID=15920) to work on /home/ubuntu/airflow/dags/meteo.py
[2024-01-28T23:01:38.696+0100] {processor.py:830} INFO - Processing file /home/ubuntu/airflow/dags/meteo.py for tasks to queue
[2024-01-28T23:01:38.700+0100] {logging_mixin.py:188} INFO - [2024-01-28T23:01:38.699+0100] {dagbag.py:538} INFO - Filling up the DagBag from /home/ubuntu/airflow/dags/meteo.py
[2024-01-28T23:01:38.721+0100] {processor.py:840} INFO - DAG(s) 'exemple_dag' retrieved from /home/ubuntu/airflow/dags/meteo.py
[2024-01-28T23:01:38.744+0100] {logging_mixin.py:188} INFO - [2024-01-28T23:01:38.743+0100] {dag.py:3033} INFO - Sync 1 DAGs
[2024-01-28T23:01:38.785+0100] {logging_mixin.py:188} INFO - [2024-01-28T23:01:38.780+0100] {dag.py:3820} INFO - Setting next_dagrun for exemple_dag to 2024-01-01T00:00:00+00:00, run_after=2024-01-02T00:00:00+00:00
[2024-01-28T23:01:38.849+0100] {processor.py:183} INFO - Processing /home/ubuntu/airflow/dags/meteo.py took 0.162 seconds
[2024-01-28T23:02:23.640+0100] {processor.py:161} INFO - Started process (PID=15979) to work on /home/ubuntu/airflow/dags/meteo.py
[2024-01-28T23:02:23.644+0100] {processor.py:830} INFO - Processing file /home/ubuntu/airflow/dags/meteo.py for tasks to queue
[2024-01-28T23:02:23.646+0100] {logging_mixin.py:188} INFO - [2024-01-28T23:02:23.645+0100] {dagbag.py:538} INFO - Filling up the DagBag from /home/ubuntu/airflow/dags/meteo.py
[2024-01-28T23:02:23.657+0100] {processor.py:840} INFO - DAG(s) 'exemple_dag' retrieved from /home/ubuntu/airflow/dags/meteo.py
[2024-01-28T23:02:23.680+0100] {logging_mixin.py:188} INFO - [2024-01-28T23:02:23.679+0100] {dag.py:3033} INFO - Sync 1 DAGs
[2024-01-28T23:02:23.711+0100] {logging_mixin.py:188} INFO - [2024-01-28T23:02:23.711+0100] {dag.py:3820} INFO - Setting next_dagrun for exemple_dag to 2024-01-01T00:00:00+00:00, run_after=2024-01-02T00:00:00+00:00
[2024-01-28T23:02:23.750+0100] {processor.py:183} INFO - Processing /home/ubuntu/airflow/dags/meteo.py took 0.115 seconds
[2024-01-28T23:03:08.190+0100] {processor.py:161} INFO - Started process (PID=16030) to work on /home/ubuntu/airflow/dags/meteo.py
[2024-01-28T23:03:08.192+0100] {processor.py:830} INFO - Processing file /home/ubuntu/airflow/dags/meteo.py for tasks to queue
[2024-01-28T23:03:08.196+0100] {logging_mixin.py:188} INFO - [2024-01-28T23:03:08.193+0100] {dagbag.py:538} INFO - Filling up the DagBag from /home/ubuntu/airflow/dags/meteo.py
[2024-01-28T23:03:08.210+0100] {processor.py:840} INFO - DAG(s) 'exemple_dag' retrieved from /home/ubuntu/airflow/dags/meteo.py
[2024-01-28T23:03:08.237+0100] {logging_mixin.py:188} INFO - [2024-01-28T23:03:08.237+0100] {dag.py:3033} INFO - Sync 1 DAGs
[2024-01-28T23:03:08.265+0100] {logging_mixin.py:188} INFO - [2024-01-28T23:03:08.265+0100] {dag.py:3820} INFO - Setting next_dagrun for exemple_dag to 2024-01-01T00:00:00+00:00, run_after=2024-01-02T00:00:00+00:00
[2024-01-28T23:03:08.304+0100] {processor.py:183} INFO - Processing /home/ubuntu/airflow/dags/meteo.py took 0.122 seconds
[2024-01-28T23:04:00.924+0100] {processor.py:161} INFO - Started process (PID=16091) to work on /home/ubuntu/airflow/dags/meteo.py
[2024-01-28T23:04:00.928+0100] {processor.py:830} INFO - Processing file /home/ubuntu/airflow/dags/meteo.py for tasks to queue
[2024-01-28T23:04:00.929+0100] {logging_mixin.py:188} INFO - [2024-01-28T23:04:00.929+0100] {dagbag.py:538} INFO - Filling up the DagBag from /home/ubuntu/airflow/dags/meteo.py
[2024-01-28T23:04:00.939+0100] {processor.py:840} INFO - DAG(s) 'exemple_dag' retrieved from /home/ubuntu/airflow/dags/meteo.py
[2024-01-28T23:04:00.954+0100] {logging_mixin.py:188} INFO - [2024-01-28T23:04:00.954+0100] {dag.py:3033} INFO - Sync 1 DAGs
[2024-01-28T23:04:00.974+0100] {logging_mixin.py:188} INFO - [2024-01-28T23:04:00.973+0100] {dag.py:3820} INFO - Setting next_dagrun for exemple_dag to 2024-01-01T00:00:00+00:00, run_after=2024-01-02T00:00:00+00:00
[2024-01-28T23:04:01.016+0100] {processor.py:183} INFO - Processing /home/ubuntu/airflow/dags/meteo.py took 0.095 seconds
[2024-01-28T23:04:46.778+0100] {processor.py:161} INFO - Started process (PID=16144) to work on /home/ubuntu/airflow/dags/meteo.py
[2024-01-28T23:04:46.780+0100] {processor.py:830} INFO - Processing file /home/ubuntu/airflow/dags/meteo.py for tasks to queue
[2024-01-28T23:04:46.781+0100] {logging_mixin.py:188} INFO - [2024-01-28T23:04:46.781+0100] {dagbag.py:538} INFO - Filling up the DagBag from /home/ubuntu/airflow/dags/meteo.py
[2024-01-28T23:04:46.788+0100] {processor.py:840} INFO - DAG(s) 'exemple_dag' retrieved from /home/ubuntu/airflow/dags/meteo.py
[2024-01-28T23:04:46.804+0100] {logging_mixin.py:188} INFO - [2024-01-28T23:04:46.804+0100] {dag.py:3033} INFO - Sync 1 DAGs
[2024-01-28T23:04:46.826+0100] {logging_mixin.py:188} INFO - [2024-01-28T23:04:46.825+0100] {dag.py:3820} INFO - Setting next_dagrun for exemple_dag to 2024-01-01T00:00:00+00:00, run_after=2024-01-02T00:00:00+00:00
[2024-01-28T23:04:46.854+0100] {processor.py:183} INFO - Processing /home/ubuntu/airflow/dags/meteo.py took 0.080 seconds
[2024-01-28T23:05:29.850+0100] {processor.py:161} INFO - Started process (PID=16193) to work on /home/ubuntu/airflow/dags/meteo.py
[2024-01-28T23:05:29.853+0100] {processor.py:830} INFO - Processing file /home/ubuntu/airflow/dags/meteo.py for tasks to queue
[2024-01-28T23:05:29.855+0100] {logging_mixin.py:188} INFO - [2024-01-28T23:05:29.854+0100] {dagbag.py:538} INFO - Filling up the DagBag from /home/ubuntu/airflow/dags/meteo.py
[2024-01-28T23:05:29.862+0100] {processor.py:840} INFO - DAG(s) 'exemple_dag' retrieved from /home/ubuntu/airflow/dags/meteo.py
[2024-01-28T23:05:29.877+0100] {logging_mixin.py:188} INFO - [2024-01-28T23:05:29.877+0100] {dag.py:3033} INFO - Sync 1 DAGs
[2024-01-28T23:05:29.896+0100] {logging_mixin.py:188} INFO - [2024-01-28T23:05:29.895+0100] {dag.py:3820} INFO - Setting next_dagrun for exemple_dag to 2024-01-01T00:00:00+00:00, run_after=2024-01-02T00:00:00+00:00
[2024-01-28T23:05:29.922+0100] {processor.py:183} INFO - Processing /home/ubuntu/airflow/dags/meteo.py took 0.075 seconds
[2024-01-28T23:06:10.034+0100] {processor.py:161} INFO - Started process (PID=16243) to work on /home/ubuntu/airflow/dags/meteo.py
[2024-01-28T23:06:10.037+0100] {processor.py:830} INFO - Processing file /home/ubuntu/airflow/dags/meteo.py for tasks to queue
[2024-01-28T23:06:10.039+0100] {logging_mixin.py:188} INFO - [2024-01-28T23:06:10.039+0100] {dagbag.py:538} INFO - Filling up the DagBag from /home/ubuntu/airflow/dags/meteo.py
[2024-01-28T23:06:10.046+0100] {processor.py:840} INFO - DAG(s) 'exemple_dag' retrieved from /home/ubuntu/airflow/dags/meteo.py
[2024-01-28T23:06:10.061+0100] {logging_mixin.py:188} INFO - [2024-01-28T23:06:10.061+0100] {dag.py:3033} INFO - Sync 1 DAGs
[2024-01-28T23:06:10.086+0100] {logging_mixin.py:188} INFO - [2024-01-28T23:06:10.086+0100] {dag.py:3820} INFO - Setting next_dagrun for exemple_dag to 2024-01-01T00:00:00+00:00, run_after=2024-01-02T00:00:00+00:00
[2024-01-28T23:06:10.132+0100] {processor.py:183} INFO - Processing /home/ubuntu/airflow/dags/meteo.py took 0.101 seconds
[2024-01-28T23:06:53.449+0100] {processor.py:161} INFO - Started process (PID=16290) to work on /home/ubuntu/airflow/dags/meteo.py
[2024-01-28T23:06:53.452+0100] {processor.py:830} INFO - Processing file /home/ubuntu/airflow/dags/meteo.py for tasks to queue
[2024-01-28T23:06:53.453+0100] {logging_mixin.py:188} INFO - [2024-01-28T23:06:53.453+0100] {dagbag.py:538} INFO - Filling up the DagBag from /home/ubuntu/airflow/dags/meteo.py
[2024-01-28T23:06:53.461+0100] {processor.py:840} INFO - DAG(s) 'exemple_dag' retrieved from /home/ubuntu/airflow/dags/meteo.py
[2024-01-28T23:06:53.476+0100] {logging_mixin.py:188} INFO - [2024-01-28T23:06:53.476+0100] {dag.py:3033} INFO - Sync 1 DAGs
[2024-01-28T23:06:53.497+0100] {logging_mixin.py:188} INFO - [2024-01-28T23:06:53.496+0100] {dag.py:3820} INFO - Setting next_dagrun for exemple_dag to 2024-01-01T00:00:00+00:00, run_after=2024-01-02T00:00:00+00:00
[2024-01-28T23:06:53.524+0100] {processor.py:183} INFO - Processing /home/ubuntu/airflow/dags/meteo.py took 0.078 seconds
[2024-01-28T23:07:36.028+0100] {processor.py:161} INFO - Started process (PID=16339) to work on /home/ubuntu/airflow/dags/meteo.py
[2024-01-28T23:07:36.030+0100] {processor.py:830} INFO - Processing file /home/ubuntu/airflow/dags/meteo.py for tasks to queue
[2024-01-28T23:07:36.031+0100] {logging_mixin.py:188} INFO - [2024-01-28T23:07:36.031+0100] {dagbag.py:538} INFO - Filling up the DagBag from /home/ubuntu/airflow/dags/meteo.py
[2024-01-28T23:07:36.039+0100] {processor.py:840} INFO - DAG(s) 'exemple_dag' retrieved from /home/ubuntu/airflow/dags/meteo.py
[2024-01-28T23:07:36.055+0100] {logging_mixin.py:188} INFO - [2024-01-28T23:07:36.055+0100] {dag.py:3033} INFO - Sync 1 DAGs
[2024-01-28T23:07:36.075+0100] {logging_mixin.py:188} INFO - [2024-01-28T23:07:36.075+0100] {dag.py:3820} INFO - Setting next_dagrun for exemple_dag to 2024-01-01T00:00:00+00:00, run_after=2024-01-02T00:00:00+00:00
[2024-01-28T23:07:36.115+0100] {processor.py:183} INFO - Processing /home/ubuntu/airflow/dags/meteo.py took 0.093 seconds
[2024-01-28T23:08:17.703+0100] {processor.py:161} INFO - Started process (PID=16387) to work on /home/ubuntu/airflow/dags/meteo.py
[2024-01-28T23:08:17.716+0100] {processor.py:830} INFO - Processing file /home/ubuntu/airflow/dags/meteo.py for tasks to queue
[2024-01-28T23:08:17.718+0100] {logging_mixin.py:188} INFO - [2024-01-28T23:08:17.718+0100] {dagbag.py:538} INFO - Filling up the DagBag from /home/ubuntu/airflow/dags/meteo.py
[2024-01-28T23:08:17.725+0100] {processor.py:840} INFO - DAG(s) 'exemple_dag' retrieved from /home/ubuntu/airflow/dags/meteo.py
[2024-01-28T23:08:17.739+0100] {logging_mixin.py:188} INFO - [2024-01-28T23:08:17.738+0100] {dag.py:3033} INFO - Sync 1 DAGs
[2024-01-28T23:08:17.758+0100] {logging_mixin.py:188} INFO - [2024-01-28T23:08:17.758+0100] {dag.py:3820} INFO - Setting next_dagrun for exemple_dag to 2024-01-01T00:00:00+00:00, run_after=2024-01-02T00:00:00+00:00
[2024-01-28T23:08:17.794+0100] {processor.py:183} INFO - Processing /home/ubuntu/airflow/dags/meteo.py took 0.094 seconds
[2024-01-28T23:08:57.875+0100] {processor.py:161} INFO - Started process (PID=16436) to work on /home/ubuntu/airflow/dags/meteo.py
[2024-01-28T23:08:57.877+0100] {processor.py:830} INFO - Processing file /home/ubuntu/airflow/dags/meteo.py for tasks to queue
[2024-01-28T23:08:57.879+0100] {logging_mixin.py:188} INFO - [2024-01-28T23:08:57.878+0100] {dagbag.py:538} INFO - Filling up the DagBag from /home/ubuntu/airflow/dags/meteo.py
[2024-01-28T23:08:57.886+0100] {processor.py:840} INFO - DAG(s) 'exemple_dag' retrieved from /home/ubuntu/airflow/dags/meteo.py
[2024-01-28T23:08:57.900+0100] {logging_mixin.py:188} INFO - [2024-01-28T23:08:57.900+0100] {dag.py:3033} INFO - Sync 1 DAGs
[2024-01-28T23:08:57.919+0100] {logging_mixin.py:188} INFO - [2024-01-28T23:08:57.918+0100] {dag.py:3820} INFO - Setting next_dagrun for exemple_dag to 2024-01-01T00:00:00+00:00, run_after=2024-01-02T00:00:00+00:00
[2024-01-28T23:08:57.959+0100] {processor.py:183} INFO - Processing /home/ubuntu/airflow/dags/meteo.py took 0.087 seconds
[2024-01-28T23:09:40.709+0100] {processor.py:161} INFO - Started process (PID=16485) to work on /home/ubuntu/airflow/dags/meteo.py
[2024-01-28T23:09:40.711+0100] {processor.py:830} INFO - Processing file /home/ubuntu/airflow/dags/meteo.py for tasks to queue
[2024-01-28T23:09:40.713+0100] {logging_mixin.py:188} INFO - [2024-01-28T23:09:40.712+0100] {dagbag.py:538} INFO - Filling up the DagBag from /home/ubuntu/airflow/dags/meteo.py
[2024-01-28T23:09:40.719+0100] {processor.py:840} INFO - DAG(s) 'exemple_dag' retrieved from /home/ubuntu/airflow/dags/meteo.py
[2024-01-28T23:09:40.733+0100] {logging_mixin.py:188} INFO - [2024-01-28T23:09:40.733+0100] {dag.py:3033} INFO - Sync 1 DAGs
[2024-01-28T23:09:40.749+0100] {logging_mixin.py:188} INFO - [2024-01-28T23:09:40.749+0100] {dag.py:3820} INFO - Setting next_dagrun for exemple_dag to 2024-01-01T00:00:00+00:00, run_after=2024-01-02T00:00:00+00:00
[2024-01-28T23:09:40.778+0100] {processor.py:183} INFO - Processing /home/ubuntu/airflow/dags/meteo.py took 0.072 seconds
[2024-01-28T23:10:23.868+0100] {processor.py:161} INFO - Started process (PID=16535) to work on /home/ubuntu/airflow/dags/meteo.py
[2024-01-28T23:10:23.871+0100] {processor.py:830} INFO - Processing file /home/ubuntu/airflow/dags/meteo.py for tasks to queue
[2024-01-28T23:10:23.872+0100] {logging_mixin.py:188} INFO - [2024-01-28T23:10:23.872+0100] {dagbag.py:538} INFO - Filling up the DagBag from /home/ubuntu/airflow/dags/meteo.py
[2024-01-28T23:10:23.881+0100] {processor.py:840} INFO - DAG(s) 'exemple_dag' retrieved from /home/ubuntu/airflow/dags/meteo.py
[2024-01-28T23:10:23.897+0100] {logging_mixin.py:188} INFO - [2024-01-28T23:10:23.896+0100] {dag.py:3033} INFO - Sync 1 DAGs
[2024-01-28T23:10:23.916+0100] {logging_mixin.py:188} INFO - [2024-01-28T23:10:23.916+0100] {dag.py:3820} INFO - Setting next_dagrun for exemple_dag to 2024-01-01T00:00:00+00:00, run_after=2024-01-02T00:00:00+00:00
[2024-01-28T23:10:23.943+0100] {processor.py:183} INFO - Processing /home/ubuntu/airflow/dags/meteo.py took 0.078 seconds
[2024-01-28T23:11:02.955+0100] {processor.py:161} INFO - Started process (PID=16585) to work on /home/ubuntu/airflow/dags/meteo.py
[2024-01-28T23:11:02.957+0100] {processor.py:830} INFO - Processing file /home/ubuntu/airflow/dags/meteo.py for tasks to queue
[2024-01-28T23:11:02.958+0100] {logging_mixin.py:188} INFO - [2024-01-28T23:11:02.958+0100] {dagbag.py:538} INFO - Filling up the DagBag from /home/ubuntu/airflow/dags/meteo.py
[2024-01-28T23:11:02.966+0100] {processor.py:840} INFO - DAG(s) 'exemple_dag' retrieved from /home/ubuntu/airflow/dags/meteo.py
[2024-01-28T23:11:02.980+0100] {logging_mixin.py:188} INFO - [2024-01-28T23:11:02.980+0100] {dag.py:3033} INFO - Sync 1 DAGs
[2024-01-28T23:11:02.999+0100] {logging_mixin.py:188} INFO - [2024-01-28T23:11:02.999+0100] {dag.py:3820} INFO - Setting next_dagrun for exemple_dag to 2024-01-01T00:00:00+00:00, run_after=2024-01-02T00:00:00+00:00
[2024-01-28T23:11:03.028+0100] {processor.py:183} INFO - Processing /home/ubuntu/airflow/dags/meteo.py took 0.077 seconds
[2024-01-28T23:11:45.091+0100] {processor.py:161} INFO - Started process (PID=16638) to work on /home/ubuntu/airflow/dags/meteo.py
[2024-01-28T23:11:45.101+0100] {processor.py:830} INFO - Processing file /home/ubuntu/airflow/dags/meteo.py for tasks to queue
[2024-01-28T23:11:45.104+0100] {logging_mixin.py:188} INFO - [2024-01-28T23:11:45.104+0100] {dagbag.py:538} INFO - Filling up the DagBag from /home/ubuntu/airflow/dags/meteo.py
[2024-01-28T23:11:45.117+0100] {processor.py:840} INFO - DAG(s) 'exemple_dag' retrieved from /home/ubuntu/airflow/dags/meteo.py
[2024-01-28T23:11:45.152+0100] {logging_mixin.py:188} INFO - [2024-01-28T23:11:45.152+0100] {dag.py:3033} INFO - Sync 1 DAGs
[2024-01-28T23:11:45.194+0100] {logging_mixin.py:188} INFO - [2024-01-28T23:11:45.193+0100] {dag.py:3820} INFO - Setting next_dagrun for exemple_dag to 2024-01-01T00:00:00+00:00, run_after=2024-01-02T00:00:00+00:00
[2024-01-28T23:11:45.261+0100] {processor.py:183} INFO - Processing /home/ubuntu/airflow/dags/meteo.py took 0.178 seconds
[2024-01-28T23:12:35.028+0100] {processor.py:161} INFO - Started process (PID=16699) to work on /home/ubuntu/airflow/dags/meteo.py
[2024-01-28T23:12:35.030+0100] {processor.py:830} INFO - Processing file /home/ubuntu/airflow/dags/meteo.py for tasks to queue
[2024-01-28T23:12:35.032+0100] {logging_mixin.py:188} INFO - [2024-01-28T23:12:35.031+0100] {dagbag.py:538} INFO - Filling up the DagBag from /home/ubuntu/airflow/dags/meteo.py
[2024-01-28T23:12:35.041+0100] {processor.py:840} INFO - DAG(s) 'exemple_dag' retrieved from /home/ubuntu/airflow/dags/meteo.py
[2024-01-28T23:12:35.061+0100] {logging_mixin.py:188} INFO - [2024-01-28T23:12:35.061+0100] {dag.py:3033} INFO - Sync 1 DAGs
[2024-01-28T23:12:35.082+0100] {logging_mixin.py:188} INFO - [2024-01-28T23:12:35.081+0100] {dag.py:3820} INFO - Setting next_dagrun for exemple_dag to 2024-01-01T00:00:00+00:00, run_after=2024-01-02T00:00:00+00:00
[2024-01-28T23:12:35.110+0100] {processor.py:183} INFO - Processing /home/ubuntu/airflow/dags/meteo.py took 0.088 seconds
[2024-01-28T23:13:18.207+0100] {processor.py:161} INFO - Started process (PID=16750) to work on /home/ubuntu/airflow/dags/meteo.py
[2024-01-28T23:13:18.212+0100] {processor.py:830} INFO - Processing file /home/ubuntu/airflow/dags/meteo.py for tasks to queue
[2024-01-28T23:13:18.213+0100] {logging_mixin.py:188} INFO - [2024-01-28T23:13:18.212+0100] {dagbag.py:538} INFO - Filling up the DagBag from /home/ubuntu/airflow/dags/meteo.py
[2024-01-28T23:13:18.220+0100] {processor.py:840} INFO - DAG(s) 'exemple_dag' retrieved from /home/ubuntu/airflow/dags/meteo.py
[2024-01-28T23:13:18.235+0100] {logging_mixin.py:188} INFO - [2024-01-28T23:13:18.235+0100] {dag.py:3033} INFO - Sync 1 DAGs
[2024-01-28T23:13:18.253+0100] {logging_mixin.py:188} INFO - [2024-01-28T23:13:18.253+0100] {dag.py:3820} INFO - Setting next_dagrun for exemple_dag to 2024-01-01T00:00:00+00:00, run_after=2024-01-02T00:00:00+00:00
[2024-01-28T23:13:18.303+0100] {processor.py:183} INFO - Processing /home/ubuntu/airflow/dags/meteo.py took 0.099 seconds
[2024-01-28T23:13:57.782+0100] {processor.py:161} INFO - Started process (PID=16795) to work on /home/ubuntu/airflow/dags/meteo.py
[2024-01-28T23:13:57.784+0100] {processor.py:830} INFO - Processing file /home/ubuntu/airflow/dags/meteo.py for tasks to queue
[2024-01-28T23:13:57.786+0100] {logging_mixin.py:188} INFO - [2024-01-28T23:13:57.785+0100] {dagbag.py:538} INFO - Filling up the DagBag from /home/ubuntu/airflow/dags/meteo.py
[2024-01-28T23:13:57.793+0100] {processor.py:840} INFO - DAG(s) 'exemple_dag' retrieved from /home/ubuntu/airflow/dags/meteo.py
[2024-01-28T23:13:57.808+0100] {logging_mixin.py:188} INFO - [2024-01-28T23:13:57.808+0100] {dag.py:3033} INFO - Sync 1 DAGs
[2024-01-28T23:13:57.828+0100] {logging_mixin.py:188} INFO - [2024-01-28T23:13:57.828+0100] {dag.py:3820} INFO - Setting next_dagrun for exemple_dag to 2024-01-01T00:00:00+00:00, run_after=2024-01-02T00:00:00+00:00
[2024-01-28T23:13:57.857+0100] {processor.py:183} INFO - Processing /home/ubuntu/airflow/dags/meteo.py took 0.079 seconds
[2024-01-28T23:14:38.300+0100] {processor.py:161} INFO - Started process (PID=16844) to work on /home/ubuntu/airflow/dags/meteo.py
[2024-01-28T23:14:38.303+0100] {processor.py:830} INFO - Processing file /home/ubuntu/airflow/dags/meteo.py for tasks to queue
[2024-01-28T23:14:38.304+0100] {logging_mixin.py:188} INFO - [2024-01-28T23:14:38.304+0100] {dagbag.py:538} INFO - Filling up the DagBag from /home/ubuntu/airflow/dags/meteo.py
[2024-01-28T23:14:38.312+0100] {processor.py:840} INFO - DAG(s) 'exemple_dag' retrieved from /home/ubuntu/airflow/dags/meteo.py
[2024-01-28T23:14:38.327+0100] {logging_mixin.py:188} INFO - [2024-01-28T23:14:38.326+0100] {dag.py:3033} INFO - Sync 1 DAGs
[2024-01-28T23:14:38.347+0100] {logging_mixin.py:188} INFO - [2024-01-28T23:14:38.347+0100] {dag.py:3820} INFO - Setting next_dagrun for exemple_dag to 2024-01-01T00:00:00+00:00, run_after=2024-01-02T00:00:00+00:00
[2024-01-28T23:14:38.379+0100] {processor.py:183} INFO - Processing /home/ubuntu/airflow/dags/meteo.py took 0.083 seconds
[2024-01-28T23:15:19.779+0100] {processor.py:161} INFO - Started process (PID=16892) to work on /home/ubuntu/airflow/dags/meteo.py
[2024-01-28T23:15:19.781+0100] {processor.py:830} INFO - Processing file /home/ubuntu/airflow/dags/meteo.py for tasks to queue
[2024-01-28T23:15:19.782+0100] {logging_mixin.py:188} INFO - [2024-01-28T23:15:19.782+0100] {dagbag.py:538} INFO - Filling up the DagBag from /home/ubuntu/airflow/dags/meteo.py
[2024-01-28T23:15:19.790+0100] {processor.py:840} INFO - DAG(s) 'exemple_dag' retrieved from /home/ubuntu/airflow/dags/meteo.py
[2024-01-28T23:15:19.806+0100] {logging_mixin.py:188} INFO - [2024-01-28T23:15:19.806+0100] {dag.py:3033} INFO - Sync 1 DAGs
[2024-01-28T23:15:19.826+0100] {logging_mixin.py:188} INFO - [2024-01-28T23:15:19.826+0100] {dag.py:3820} INFO - Setting next_dagrun for exemple_dag to 2024-01-01T00:00:00+00:00, run_after=2024-01-02T00:00:00+00:00
[2024-01-28T23:15:19.855+0100] {processor.py:183} INFO - Processing /home/ubuntu/airflow/dags/meteo.py took 0.079 seconds
[2024-01-28T23:16:03.832+0100] {processor.py:161} INFO - Started process (PID=16956) to work on /home/ubuntu/airflow/dags/meteo.py
[2024-01-28T23:16:03.834+0100] {processor.py:830} INFO - Processing file /home/ubuntu/airflow/dags/meteo.py for tasks to queue
[2024-01-28T23:16:03.835+0100] {logging_mixin.py:188} INFO - [2024-01-28T23:16:03.835+0100] {dagbag.py:538} INFO - Filling up the DagBag from /home/ubuntu/airflow/dags/meteo.py
[2024-01-28T23:16:03.843+0100] {processor.py:840} INFO - DAG(s) 'exemple_dag' retrieved from /home/ubuntu/airflow/dags/meteo.py
[2024-01-28T23:16:03.858+0100] {logging_mixin.py:188} INFO - [2024-01-28T23:16:03.858+0100] {dag.py:3033} INFO - Sync 1 DAGs
[2024-01-28T23:16:03.878+0100] {logging_mixin.py:188} INFO - [2024-01-28T23:16:03.878+0100] {dag.py:3820} INFO - Setting next_dagrun for exemple_dag to 2024-01-01T00:00:00+00:00, run_after=2024-01-02T00:00:00+00:00
[2024-01-28T23:16:03.906+0100] {processor.py:183} INFO - Processing /home/ubuntu/airflow/dags/meteo.py took 0.078 seconds
[2024-01-28T23:16:48.883+0100] {processor.py:161} INFO - Started process (PID=17011) to work on /home/ubuntu/airflow/dags/meteo.py
[2024-01-28T23:16:48.885+0100] {processor.py:830} INFO - Processing file /home/ubuntu/airflow/dags/meteo.py for tasks to queue
[2024-01-28T23:16:48.886+0100] {logging_mixin.py:188} INFO - [2024-01-28T23:16:48.886+0100] {dagbag.py:538} INFO - Filling up the DagBag from /home/ubuntu/airflow/dags/meteo.py
[2024-01-28T23:16:48.893+0100] {processor.py:840} INFO - DAG(s) 'exemple_dag' retrieved from /home/ubuntu/airflow/dags/meteo.py
[2024-01-28T23:16:48.907+0100] {logging_mixin.py:188} INFO - [2024-01-28T23:16:48.906+0100] {dag.py:3033} INFO - Sync 1 DAGs
[2024-01-28T23:16:48.923+0100] {logging_mixin.py:188} INFO - [2024-01-28T23:16:48.923+0100] {dag.py:3820} INFO - Setting next_dagrun for exemple_dag to 2024-01-01T00:00:00+00:00, run_after=2024-01-02T00:00:00+00:00
[2024-01-28T23:16:48.959+0100] {processor.py:183} INFO - Processing /home/ubuntu/airflow/dags/meteo.py took 0.079 seconds
[2024-01-28T23:17:30.258+0100] {processor.py:161} INFO - Started process (PID=17063) to work on /home/ubuntu/airflow/dags/meteo.py
[2024-01-28T23:17:30.260+0100] {processor.py:830} INFO - Processing file /home/ubuntu/airflow/dags/meteo.py for tasks to queue
[2024-01-28T23:17:30.261+0100] {logging_mixin.py:188} INFO - [2024-01-28T23:17:30.261+0100] {dagbag.py:538} INFO - Filling up the DagBag from /home/ubuntu/airflow/dags/meteo.py
[2024-01-28T23:17:30.267+0100] {processor.py:840} INFO - DAG(s) 'exemple_dag' retrieved from /home/ubuntu/airflow/dags/meteo.py
[2024-01-28T23:17:30.281+0100] {logging_mixin.py:188} INFO - [2024-01-28T23:17:30.280+0100] {dag.py:3033} INFO - Sync 1 DAGs
[2024-01-28T23:17:30.299+0100] {logging_mixin.py:188} INFO - [2024-01-28T23:17:30.299+0100] {dag.py:3820} INFO - Setting next_dagrun for exemple_dag to 2024-01-01T00:00:00+00:00, run_after=2024-01-02T00:00:00+00:00
[2024-01-28T23:17:30.326+0100] {processor.py:183} INFO - Processing /home/ubuntu/airflow/dags/meteo.py took 0.071 seconds
[2024-01-28T23:18:11.709+0100] {processor.py:161} INFO - Started process (PID=17112) to work on /home/ubuntu/airflow/dags/meteo.py
[2024-01-28T23:18:11.712+0100] {processor.py:830} INFO - Processing file /home/ubuntu/airflow/dags/meteo.py for tasks to queue
[2024-01-28T23:18:11.714+0100] {logging_mixin.py:188} INFO - [2024-01-28T23:18:11.713+0100] {dagbag.py:538} INFO - Filling up the DagBag from /home/ubuntu/airflow/dags/meteo.py
[2024-01-28T23:18:11.720+0100] {processor.py:840} INFO - DAG(s) 'exemple_dag' retrieved from /home/ubuntu/airflow/dags/meteo.py
[2024-01-28T23:18:11.734+0100] {logging_mixin.py:188} INFO - [2024-01-28T23:18:11.734+0100] {dag.py:3033} INFO - Sync 1 DAGs
[2024-01-28T23:18:11.750+0100] {logging_mixin.py:188} INFO - [2024-01-28T23:18:11.749+0100] {dag.py:3820} INFO - Setting next_dagrun for exemple_dag to 2024-01-01T00:00:00+00:00, run_after=2024-01-02T00:00:00+00:00
[2024-01-28T23:18:11.783+0100] {processor.py:183} INFO - Processing /home/ubuntu/airflow/dags/meteo.py took 0.076 seconds
[2024-01-28T23:18:54.812+0100] {processor.py:161} INFO - Started process (PID=17161) to work on /home/ubuntu/airflow/dags/meteo.py
[2024-01-28T23:18:54.825+0100] {processor.py:830} INFO - Processing file /home/ubuntu/airflow/dags/meteo.py for tasks to queue
[2024-01-28T23:18:54.827+0100] {logging_mixin.py:188} INFO - [2024-01-28T23:18:54.827+0100] {dagbag.py:538} INFO - Filling up the DagBag from /home/ubuntu/airflow/dags/meteo.py
[2024-01-28T23:18:54.835+0100] {processor.py:840} INFO - DAG(s) 'exemple_dag' retrieved from /home/ubuntu/airflow/dags/meteo.py
[2024-01-28T23:18:54.849+0100] {logging_mixin.py:188} INFO - [2024-01-28T23:18:54.849+0100] {dag.py:3033} INFO - Sync 1 DAGs
[2024-01-28T23:18:54.869+0100] {logging_mixin.py:188} INFO - [2024-01-28T23:18:54.868+0100] {dag.py:3820} INFO - Setting next_dagrun for exemple_dag to 2024-01-01T00:00:00+00:00, run_after=2024-01-02T00:00:00+00:00
[2024-01-28T23:18:54.897+0100] {processor.py:183} INFO - Processing /home/ubuntu/airflow/dags/meteo.py took 0.090 seconds
[2024-01-28T23:19:35.343+0100] {processor.py:161} INFO - Started process (PID=17211) to work on /home/ubuntu/airflow/dags/meteo.py
[2024-01-28T23:19:35.345+0100] {processor.py:830} INFO - Processing file /home/ubuntu/airflow/dags/meteo.py for tasks to queue
[2024-01-28T23:19:35.347+0100] {logging_mixin.py:188} INFO - [2024-01-28T23:19:35.347+0100] {dagbag.py:538} INFO - Filling up the DagBag from /home/ubuntu/airflow/dags/meteo.py
[2024-01-28T23:19:35.354+0100] {processor.py:840} INFO - DAG(s) 'exemple_dag' retrieved from /home/ubuntu/airflow/dags/meteo.py
[2024-01-28T23:19:35.370+0100] {logging_mixin.py:188} INFO - [2024-01-28T23:19:35.370+0100] {dag.py:3033} INFO - Sync 1 DAGs
[2024-01-28T23:19:35.391+0100] {logging_mixin.py:188} INFO - [2024-01-28T23:19:35.391+0100] {dag.py:3820} INFO - Setting next_dagrun for exemple_dag to 2024-01-01T00:00:00+00:00, run_after=2024-01-02T00:00:00+00:00
[2024-01-28T23:19:35.421+0100] {processor.py:183} INFO - Processing /home/ubuntu/airflow/dags/meteo.py took 0.082 seconds
[2024-01-28T23:20:17.156+0100] {processor.py:161} INFO - Started process (PID=17260) to work on /home/ubuntu/airflow/dags/meteo.py
[2024-01-28T23:20:17.159+0100] {processor.py:830} INFO - Processing file /home/ubuntu/airflow/dags/meteo.py for tasks to queue
[2024-01-28T23:20:17.160+0100] {logging_mixin.py:188} INFO - [2024-01-28T23:20:17.159+0100] {dagbag.py:538} INFO - Filling up the DagBag from /home/ubuntu/airflow/dags/meteo.py
[2024-01-28T23:20:17.167+0100] {processor.py:840} INFO - DAG(s) 'exemple_dag' retrieved from /home/ubuntu/airflow/dags/meteo.py
[2024-01-28T23:20:17.183+0100] {logging_mixin.py:188} INFO - [2024-01-28T23:20:17.182+0100] {dag.py:3033} INFO - Sync 1 DAGs
[2024-01-28T23:20:17.201+0100] {logging_mixin.py:188} INFO - [2024-01-28T23:20:17.201+0100] {dag.py:3820} INFO - Setting next_dagrun for exemple_dag to 2024-01-01T00:00:00+00:00, run_after=2024-01-02T00:00:00+00:00
[2024-01-28T23:20:17.227+0100] {processor.py:183} INFO - Processing /home/ubuntu/airflow/dags/meteo.py took 0.074 seconds
[2024-01-28T23:20:59.887+0100] {processor.py:161} INFO - Started process (PID=17310) to work on /home/ubuntu/airflow/dags/meteo.py
[2024-01-28T23:20:59.890+0100] {processor.py:830} INFO - Processing file /home/ubuntu/airflow/dags/meteo.py for tasks to queue
[2024-01-28T23:20:59.892+0100] {logging_mixin.py:188} INFO - [2024-01-28T23:20:59.891+0100] {dagbag.py:538} INFO - Filling up the DagBag from /home/ubuntu/airflow/dags/meteo.py
[2024-01-28T23:20:59.900+0100] {processor.py:840} INFO - DAG(s) 'exemple_dag' retrieved from /home/ubuntu/airflow/dags/meteo.py
[2024-01-28T23:20:59.918+0100] {logging_mixin.py:188} INFO - [2024-01-28T23:20:59.918+0100] {dag.py:3033} INFO - Sync 1 DAGs
[2024-01-28T23:20:59.941+0100] {logging_mixin.py:188} INFO - [2024-01-28T23:20:59.941+0100] {dag.py:3820} INFO - Setting next_dagrun for exemple_dag to 2024-01-01T00:00:00+00:00, run_after=2024-01-02T00:00:00+00:00
[2024-01-28T23:20:59.974+0100] {processor.py:183} INFO - Processing /home/ubuntu/airflow/dags/meteo.py took 0.091 seconds
[2024-01-28T23:21:42.521+0100] {processor.py:161} INFO - Started process (PID=17357) to work on /home/ubuntu/airflow/dags/meteo.py
[2024-01-28T23:21:42.524+0100] {processor.py:830} INFO - Processing file /home/ubuntu/airflow/dags/meteo.py for tasks to queue
[2024-01-28T23:21:42.525+0100] {logging_mixin.py:188} INFO - [2024-01-28T23:21:42.525+0100] {dagbag.py:538} INFO - Filling up the DagBag from /home/ubuntu/airflow/dags/meteo.py
[2024-01-28T23:21:42.532+0100] {processor.py:840} INFO - DAG(s) 'exemple_dag' retrieved from /home/ubuntu/airflow/dags/meteo.py
[2024-01-28T23:21:42.550+0100] {logging_mixin.py:188} INFO - [2024-01-28T23:21:42.550+0100] {dag.py:3033} INFO - Sync 1 DAGs
[2024-01-28T23:21:42.579+0100] {logging_mixin.py:188} INFO - [2024-01-28T23:21:42.579+0100] {dag.py:3820} INFO - Setting next_dagrun for exemple_dag to 2024-01-01T00:00:00+00:00, run_after=2024-01-02T00:00:00+00:00
[2024-01-28T23:21:42.609+0100] {processor.py:183} INFO - Processing /home/ubuntu/airflow/dags/meteo.py took 0.091 seconds
[2024-01-28T23:22:24.965+0100] {processor.py:161} INFO - Started process (PID=17407) to work on /home/ubuntu/airflow/dags/meteo.py
[2024-01-28T23:22:24.968+0100] {processor.py:830} INFO - Processing file /home/ubuntu/airflow/dags/meteo.py for tasks to queue
[2024-01-28T23:22:24.970+0100] {logging_mixin.py:188} INFO - [2024-01-28T23:22:24.969+0100] {dagbag.py:538} INFO - Filling up the DagBag from /home/ubuntu/airflow/dags/meteo.py
[2024-01-28T23:22:24.978+0100] {processor.py:840} INFO - DAG(s) 'exemple_dag' retrieved from /home/ubuntu/airflow/dags/meteo.py
[2024-01-28T23:22:24.997+0100] {logging_mixin.py:188} INFO - [2024-01-28T23:22:24.997+0100] {dag.py:3033} INFO - Sync 1 DAGs
[2024-01-28T23:22:25.021+0100] {logging_mixin.py:188} INFO - [2024-01-28T23:22:25.020+0100] {dag.py:3820} INFO - Setting next_dagrun for exemple_dag to 2024-01-01T00:00:00+00:00, run_after=2024-01-02T00:00:00+00:00
[2024-01-28T23:22:25.053+0100] {processor.py:183} INFO - Processing /home/ubuntu/airflow/dags/meteo.py took 0.092 seconds
[2024-01-28T23:23:06.611+0100] {processor.py:161} INFO - Started process (PID=17454) to work on /home/ubuntu/airflow/dags/meteo.py
[2024-01-28T23:23:06.613+0100] {processor.py:830} INFO - Processing file /home/ubuntu/airflow/dags/meteo.py for tasks to queue
[2024-01-28T23:23:06.615+0100] {logging_mixin.py:188} INFO - [2024-01-28T23:23:06.615+0100] {dagbag.py:538} INFO - Filling up the DagBag from /home/ubuntu/airflow/dags/meteo.py
[2024-01-28T23:23:06.622+0100] {processor.py:840} INFO - DAG(s) 'exemple_dag' retrieved from /home/ubuntu/airflow/dags/meteo.py
[2024-01-28T23:23:06.640+0100] {logging_mixin.py:188} INFO - [2024-01-28T23:23:06.639+0100] {dag.py:3033} INFO - Sync 1 DAGs
[2024-01-28T23:23:06.662+0100] {logging_mixin.py:188} INFO - [2024-01-28T23:23:06.662+0100] {dag.py:3820} INFO - Setting next_dagrun for exemple_dag to 2024-01-01T00:00:00+00:00, run_after=2024-01-02T00:00:00+00:00
[2024-01-28T23:23:06.688+0100] {processor.py:183} INFO - Processing /home/ubuntu/airflow/dags/meteo.py took 0.081 seconds
[2024-01-28T23:23:52.211+0100] {processor.py:161} INFO - Started process (PID=17503) to work on /home/ubuntu/airflow/dags/meteo.py
[2024-01-28T23:23:52.214+0100] {processor.py:830} INFO - Processing file /home/ubuntu/airflow/dags/meteo.py for tasks to queue
[2024-01-28T23:23:52.215+0100] {logging_mixin.py:188} INFO - [2024-01-28T23:23:52.215+0100] {dagbag.py:538} INFO - Filling up the DagBag from /home/ubuntu/airflow/dags/meteo.py
[2024-01-28T23:23:52.223+0100] {processor.py:840} INFO - DAG(s) 'exemple_dag' retrieved from /home/ubuntu/airflow/dags/meteo.py
[2024-01-28T23:23:52.239+0100] {logging_mixin.py:188} INFO - [2024-01-28T23:23:52.238+0100] {dag.py:3033} INFO - Sync 1 DAGs
[2024-01-28T23:23:52.260+0100] {logging_mixin.py:188} INFO - [2024-01-28T23:23:52.260+0100] {dag.py:3820} INFO - Setting next_dagrun for exemple_dag to 2024-01-01T00:00:00+00:00, run_after=2024-01-02T00:00:00+00:00
[2024-01-28T23:23:52.287+0100] {processor.py:183} INFO - Processing /home/ubuntu/airflow/dags/meteo.py took 0.079 seconds
[2024-01-28T23:24:41.538+0100] {processor.py:161} INFO - Started process (PID=17557) to work on /home/ubuntu/airflow/dags/meteo.py
[2024-01-28T23:24:41.540+0100] {processor.py:830} INFO - Processing file /home/ubuntu/airflow/dags/meteo.py for tasks to queue
[2024-01-28T23:24:41.542+0100] {logging_mixin.py:188} INFO - [2024-01-28T23:24:41.541+0100] {dagbag.py:538} INFO - Filling up the DagBag from /home/ubuntu/airflow/dags/meteo.py
[2024-01-28T23:24:41.550+0100] {processor.py:840} INFO - DAG(s) 'exemple_dag' retrieved from /home/ubuntu/airflow/dags/meteo.py
[2024-01-28T23:24:41.569+0100] {logging_mixin.py:188} INFO - [2024-01-28T23:24:41.568+0100] {dag.py:3033} INFO - Sync 1 DAGs
[2024-01-28T23:24:41.592+0100] {logging_mixin.py:188} INFO - [2024-01-28T23:24:41.592+0100] {dag.py:3820} INFO - Setting next_dagrun for exemple_dag to 2024-01-01T00:00:00+00:00, run_after=2024-01-02T00:00:00+00:00
[2024-01-28T23:24:41.630+0100] {processor.py:183} INFO - Processing /home/ubuntu/airflow/dags/meteo.py took 0.095 seconds
[2024-01-28T23:25:30.636+0100] {processor.py:161} INFO - Started process (PID=17610) to work on /home/ubuntu/airflow/dags/meteo.py
[2024-01-28T23:25:30.639+0100] {processor.py:830} INFO - Processing file /home/ubuntu/airflow/dags/meteo.py for tasks to queue
[2024-01-28T23:25:30.641+0100] {logging_mixin.py:188} INFO - [2024-01-28T23:25:30.640+0100] {dagbag.py:538} INFO - Filling up the DagBag from /home/ubuntu/airflow/dags/meteo.py
[2024-01-28T23:25:30.649+0100] {processor.py:840} INFO - DAG(s) 'exemple_dag' retrieved from /home/ubuntu/airflow/dags/meteo.py
[2024-01-28T23:25:30.666+0100] {logging_mixin.py:188} INFO - [2024-01-28T23:25:30.666+0100] {dag.py:3033} INFO - Sync 1 DAGs
[2024-01-28T23:25:30.686+0100] {logging_mixin.py:188} INFO - [2024-01-28T23:25:30.686+0100] {dag.py:3820} INFO - Setting next_dagrun for exemple_dag to 2024-01-01T00:00:00+00:00, run_after=2024-01-02T00:00:00+00:00
[2024-01-28T23:25:30.729+0100] {processor.py:183} INFO - Processing /home/ubuntu/airflow/dags/meteo.py took 0.098 seconds
[2024-01-28T23:26:15.125+0100] {processor.py:161} INFO - Started process (PID=17664) to work on /home/ubuntu/airflow/dags/meteo.py
[2024-01-28T23:26:15.127+0100] {processor.py:830} INFO - Processing file /home/ubuntu/airflow/dags/meteo.py for tasks to queue
[2024-01-28T23:26:15.129+0100] {logging_mixin.py:188} INFO - [2024-01-28T23:26:15.129+0100] {dagbag.py:538} INFO - Filling up the DagBag from /home/ubuntu/airflow/dags/meteo.py
[2024-01-28T23:26:15.141+0100] {processor.py:840} INFO - DAG(s) 'exemple_dag' retrieved from /home/ubuntu/airflow/dags/meteo.py
[2024-01-28T23:26:15.163+0100] {logging_mixin.py:188} INFO - [2024-01-28T23:26:15.163+0100] {dag.py:3033} INFO - Sync 1 DAGs
[2024-01-28T23:26:15.185+0100] {logging_mixin.py:188} INFO - [2024-01-28T23:26:15.184+0100] {dag.py:3820} INFO - Setting next_dagrun for exemple_dag to 2024-01-01T00:00:00+00:00, run_after=2024-01-02T00:00:00+00:00
[2024-01-28T23:26:15.217+0100] {processor.py:183} INFO - Processing /home/ubuntu/airflow/dags/meteo.py took 0.098 seconds
[2024-01-28T23:26:56.931+0100] {processor.py:161} INFO - Started process (PID=17711) to work on /home/ubuntu/airflow/dags/meteo.py
[2024-01-28T23:26:56.933+0100] {processor.py:830} INFO - Processing file /home/ubuntu/airflow/dags/meteo.py for tasks to queue
[2024-01-28T23:26:56.935+0100] {logging_mixin.py:188} INFO - [2024-01-28T23:26:56.934+0100] {dagbag.py:538} INFO - Filling up the DagBag from /home/ubuntu/airflow/dags/meteo.py
[2024-01-28T23:26:56.942+0100] {processor.py:840} INFO - DAG(s) 'exemple_dag' retrieved from /home/ubuntu/airflow/dags/meteo.py
[2024-01-28T23:26:56.959+0100] {logging_mixin.py:188} INFO - [2024-01-28T23:26:56.959+0100] {dag.py:3033} INFO - Sync 1 DAGs
[2024-01-28T23:26:56.979+0100] {logging_mixin.py:188} INFO - [2024-01-28T23:26:56.979+0100] {dag.py:3820} INFO - Setting next_dagrun for exemple_dag to 2024-01-01T00:00:00+00:00, run_after=2024-01-02T00:00:00+00:00
[2024-01-28T23:26:57.013+0100] {processor.py:183} INFO - Processing /home/ubuntu/airflow/dags/meteo.py took 0.085 seconds
[2024-01-28T23:27:39.154+0100] {processor.py:161} INFO - Started process (PID=17764) to work on /home/ubuntu/airflow/dags/meteo.py
[2024-01-28T23:27:39.157+0100] {processor.py:830} INFO - Processing file /home/ubuntu/airflow/dags/meteo.py for tasks to queue
[2024-01-28T23:27:39.159+0100] {logging_mixin.py:188} INFO - [2024-01-28T23:27:39.158+0100] {dagbag.py:538} INFO - Filling up the DagBag from /home/ubuntu/airflow/dags/meteo.py
[2024-01-28T23:27:39.165+0100] {processor.py:840} INFO - DAG(s) 'exemple_dag' retrieved from /home/ubuntu/airflow/dags/meteo.py
[2024-01-28T23:27:39.180+0100] {logging_mixin.py:188} INFO - [2024-01-28T23:27:39.179+0100] {dag.py:3033} INFO - Sync 1 DAGs
[2024-01-28T23:27:39.196+0100] {logging_mixin.py:188} INFO - [2024-01-28T23:27:39.196+0100] {dag.py:3820} INFO - Setting next_dagrun for exemple_dag to 2024-01-01T00:00:00+00:00, run_after=2024-01-02T00:00:00+00:00
[2024-01-28T23:27:39.255+0100] {processor.py:183} INFO - Processing /home/ubuntu/airflow/dags/meteo.py took 0.104 seconds
[2024-01-28T23:28:21.311+0100] {processor.py:161} INFO - Started process (PID=17812) to work on /home/ubuntu/airflow/dags/meteo.py
[2024-01-28T23:28:21.313+0100] {processor.py:830} INFO - Processing file /home/ubuntu/airflow/dags/meteo.py for tasks to queue
[2024-01-28T23:28:21.315+0100] {logging_mixin.py:188} INFO - [2024-01-28T23:28:21.314+0100] {dagbag.py:538} INFO - Filling up the DagBag from /home/ubuntu/airflow/dags/meteo.py
[2024-01-28T23:28:21.324+0100] {processor.py:840} INFO - DAG(s) 'exemple_dag' retrieved from /home/ubuntu/airflow/dags/meteo.py
[2024-01-28T23:28:21.340+0100] {logging_mixin.py:188} INFO - [2024-01-28T23:28:21.340+0100] {dag.py:3033} INFO - Sync 1 DAGs
[2024-01-28T23:28:21.361+0100] {logging_mixin.py:188} INFO - [2024-01-28T23:28:21.361+0100] {dag.py:3820} INFO - Setting next_dagrun for exemple_dag to 2024-01-01T00:00:00+00:00, run_after=2024-01-02T00:00:00+00:00
[2024-01-28T23:28:21.389+0100] {processor.py:183} INFO - Processing /home/ubuntu/airflow/dags/meteo.py took 0.081 seconds
[2024-01-28T23:29:04.951+0100] {processor.py:161} INFO - Started process (PID=17865) to work on /home/ubuntu/airflow/dags/meteo.py
[2024-01-28T23:29:04.954+0100] {processor.py:830} INFO - Processing file /home/ubuntu/airflow/dags/meteo.py for tasks to queue
[2024-01-28T23:29:04.958+0100] {logging_mixin.py:188} INFO - [2024-01-28T23:29:04.956+0100] {dagbag.py:538} INFO - Filling up the DagBag from /home/ubuntu/airflow/dags/meteo.py
[2024-01-28T23:29:04.975+0100] {processor.py:840} INFO - DAG(s) 'exemple_dag' retrieved from /home/ubuntu/airflow/dags/meteo.py
[2024-01-28T23:29:04.991+0100] {logging_mixin.py:188} INFO - [2024-01-28T23:29:04.991+0100] {dag.py:3033} INFO - Sync 1 DAGs
[2024-01-28T23:29:05.013+0100] {logging_mixin.py:188} INFO - [2024-01-28T23:29:05.012+0100] {dag.py:3820} INFO - Setting next_dagrun for exemple_dag to 2024-01-01T00:00:00+00:00, run_after=2024-01-02T00:00:00+00:00
[2024-01-28T23:29:05.038+0100] {processor.py:183} INFO - Processing /home/ubuntu/airflow/dags/meteo.py took 0.093 seconds
[2024-01-28T23:29:50.287+0100] {processor.py:161} INFO - Started process (PID=17913) to work on /home/ubuntu/airflow/dags/meteo.py
[2024-01-28T23:29:50.294+0100] {processor.py:830} INFO - Processing file /home/ubuntu/airflow/dags/meteo.py for tasks to queue
[2024-01-28T23:29:50.295+0100] {logging_mixin.py:188} INFO - [2024-01-28T23:29:50.295+0100] {dagbag.py:538} INFO - Filling up the DagBag from /home/ubuntu/airflow/dags/meteo.py
[2024-01-28T23:29:50.303+0100] {processor.py:840} INFO - DAG(s) 'exemple_dag' retrieved from /home/ubuntu/airflow/dags/meteo.py
[2024-01-28T23:29:50.317+0100] {logging_mixin.py:188} INFO - [2024-01-28T23:29:50.317+0100] {dag.py:3033} INFO - Sync 1 DAGs
[2024-01-28T23:29:50.334+0100] {logging_mixin.py:188} INFO - [2024-01-28T23:29:50.334+0100] {dag.py:3820} INFO - Setting next_dagrun for exemple_dag to 2024-01-01T00:00:00+00:00, run_after=2024-01-02T00:00:00+00:00
[2024-01-28T23:29:50.362+0100] {processor.py:183} INFO - Processing /home/ubuntu/airflow/dags/meteo.py took 0.078 seconds
[2024-01-28T23:30:33.878+0100] {processor.py:161} INFO - Started process (PID=17967) to work on /home/ubuntu/airflow/dags/meteo.py
[2024-01-28T23:30:33.882+0100] {processor.py:830} INFO - Processing file /home/ubuntu/airflow/dags/meteo.py for tasks to queue
[2024-01-28T23:30:33.883+0100] {logging_mixin.py:188} INFO - [2024-01-28T23:30:33.883+0100] {dagbag.py:538} INFO - Filling up the DagBag from /home/ubuntu/airflow/dags/meteo.py
[2024-01-28T23:30:33.891+0100] {processor.py:840} INFO - DAG(s) 'exemple_dag' retrieved from /home/ubuntu/airflow/dags/meteo.py
[2024-01-28T23:30:33.906+0100] {logging_mixin.py:188} INFO - [2024-01-28T23:30:33.906+0100] {dag.py:3033} INFO - Sync 1 DAGs
[2024-01-28T23:30:33.926+0100] {logging_mixin.py:188} INFO - [2024-01-28T23:30:33.926+0100] {dag.py:3820} INFO - Setting next_dagrun for exemple_dag to 2024-01-01T00:00:00+00:00, run_after=2024-01-02T00:00:00+00:00
[2024-01-28T23:30:33.956+0100] {processor.py:183} INFO - Processing /home/ubuntu/airflow/dags/meteo.py took 0.081 seconds
[2024-01-28T23:31:17.642+0100] {processor.py:161} INFO - Started process (PID=18016) to work on /home/ubuntu/airflow/dags/meteo.py
[2024-01-28T23:31:17.644+0100] {processor.py:830} INFO - Processing file /home/ubuntu/airflow/dags/meteo.py for tasks to queue
[2024-01-28T23:31:17.645+0100] {logging_mixin.py:188} INFO - [2024-01-28T23:31:17.645+0100] {dagbag.py:538} INFO - Filling up the DagBag from /home/ubuntu/airflow/dags/meteo.py
[2024-01-28T23:31:17.653+0100] {processor.py:840} INFO - DAG(s) 'exemple_dag' retrieved from /home/ubuntu/airflow/dags/meteo.py
[2024-01-28T23:31:17.667+0100] {logging_mixin.py:188} INFO - [2024-01-28T23:31:17.667+0100] {dag.py:3033} INFO - Sync 1 DAGs
[2024-01-28T23:31:17.685+0100] {logging_mixin.py:188} INFO - [2024-01-28T23:31:17.685+0100] {dag.py:3820} INFO - Setting next_dagrun for exemple_dag to 2024-01-01T00:00:00+00:00, run_after=2024-01-02T00:00:00+00:00
[2024-01-28T23:31:17.721+0100] {processor.py:183} INFO - Processing /home/ubuntu/airflow/dags/meteo.py took 0.082 seconds
[2024-01-28T23:32:05.945+0100] {processor.py:161} INFO - Started process (PID=18069) to work on /home/ubuntu/airflow/dags/meteo.py
[2024-01-28T23:32:05.947+0100] {processor.py:830} INFO - Processing file /home/ubuntu/airflow/dags/meteo.py for tasks to queue
[2024-01-28T23:32:05.948+0100] {logging_mixin.py:188} INFO - [2024-01-28T23:32:05.948+0100] {dagbag.py:538} INFO - Filling up the DagBag from /home/ubuntu/airflow/dags/meteo.py
[2024-01-28T23:32:05.956+0100] {processor.py:840} INFO - DAG(s) 'exemple_dag' retrieved from /home/ubuntu/airflow/dags/meteo.py
[2024-01-28T23:32:05.972+0100] {logging_mixin.py:188} INFO - [2024-01-28T23:32:05.971+0100] {dag.py:3033} INFO - Sync 1 DAGs
[2024-01-28T23:32:05.992+0100] {logging_mixin.py:188} INFO - [2024-01-28T23:32:05.991+0100] {dag.py:3820} INFO - Setting next_dagrun for exemple_dag to 2024-01-01T00:00:00+00:00, run_after=2024-01-02T00:00:00+00:00
[2024-01-28T23:32:06.019+0100] {processor.py:183} INFO - Processing /home/ubuntu/airflow/dags/meteo.py took 0.083 seconds
[2024-01-28T23:32:58.259+0100] {processor.py:161} INFO - Started process (PID=18129) to work on /home/ubuntu/airflow/dags/meteo.py
[2024-01-28T23:32:58.263+0100] {processor.py:830} INFO - Processing file /home/ubuntu/airflow/dags/meteo.py for tasks to queue
[2024-01-28T23:32:58.267+0100] {logging_mixin.py:188} INFO - [2024-01-28T23:32:58.265+0100] {dagbag.py:538} INFO - Filling up the DagBag from /home/ubuntu/airflow/dags/meteo.py
[2024-01-28T23:32:58.279+0100] {processor.py:840} INFO - DAG(s) 'exemple_dag' retrieved from /home/ubuntu/airflow/dags/meteo.py
[2024-01-28T23:32:58.311+0100] {logging_mixin.py:188} INFO - [2024-01-28T23:32:58.310+0100] {dag.py:3033} INFO - Sync 1 DAGs
[2024-01-28T23:32:58.344+0100] {logging_mixin.py:188} INFO - [2024-01-28T23:32:58.343+0100] {dag.py:3820} INFO - Setting next_dagrun for exemple_dag to 2024-01-01T00:00:00+00:00, run_after=2024-01-02T00:00:00+00:00
[2024-01-28T23:32:58.389+0100] {processor.py:183} INFO - Processing /home/ubuntu/airflow/dags/meteo.py took 0.140 seconds
[2024-01-28T23:33:42.303+0100] {processor.py:161} INFO - Started process (PID=18179) to work on /home/ubuntu/airflow/dags/meteo.py
[2024-01-28T23:33:42.309+0100] {processor.py:830} INFO - Processing file /home/ubuntu/airflow/dags/meteo.py for tasks to queue
[2024-01-28T23:33:42.312+0100] {logging_mixin.py:188} INFO - [2024-01-28T23:33:42.311+0100] {dagbag.py:538} INFO - Filling up the DagBag from /home/ubuntu/airflow/dags/meteo.py
[2024-01-28T23:33:42.327+0100] {processor.py:840} INFO - DAG(s) 'exemple_dag' retrieved from /home/ubuntu/airflow/dags/meteo.py
[2024-01-28T23:33:42.358+0100] {logging_mixin.py:188} INFO - [2024-01-28T23:33:42.358+0100] {dag.py:3033} INFO - Sync 1 DAGs
[2024-01-28T23:33:42.403+0100] {logging_mixin.py:188} INFO - [2024-01-28T23:33:42.402+0100] {dag.py:3820} INFO - Setting next_dagrun for exemple_dag to 2024-01-01T00:00:00+00:00, run_after=2024-01-02T00:00:00+00:00
[2024-01-28T23:33:42.449+0100] {processor.py:183} INFO - Processing /home/ubuntu/airflow/dags/meteo.py took 0.157 seconds
[2024-01-28T23:34:20.425+0100] {processor.py:161} INFO - Started process (PID=18221) to work on /home/ubuntu/airflow/dags/meteo.py
[2024-01-28T23:34:20.426+0100] {processor.py:830} INFO - Processing file /home/ubuntu/airflow/dags/meteo.py for tasks to queue
[2024-01-28T23:34:20.428+0100] {logging_mixin.py:188} INFO - [2024-01-28T23:34:20.427+0100] {dagbag.py:538} INFO - Filling up the DagBag from /home/ubuntu/airflow/dags/meteo.py
[2024-01-28T23:34:20.436+0100] {processor.py:840} INFO - DAG(s) 'exemple_dag' retrieved from /home/ubuntu/airflow/dags/meteo.py
[2024-01-28T23:34:20.457+0100] {logging_mixin.py:188} INFO - [2024-01-28T23:34:20.457+0100] {dag.py:3033} INFO - Sync 1 DAGs
[2024-01-28T23:34:20.588+0100] {logging_mixin.py:188} INFO - [2024-01-28T23:34:20.588+0100] {dag.py:3820} INFO - Setting next_dagrun for exemple_dag to 2024-01-01T00:00:00+00:00, run_after=2024-01-02T00:00:00+00:00
[2024-01-28T23:34:20.630+0100] {processor.py:183} INFO - Processing /home/ubuntu/airflow/dags/meteo.py took 0.209 seconds
[2024-01-28T23:35:14.339+0100] {processor.py:161} INFO - Started process (PID=18277) to work on /home/ubuntu/airflow/dags/meteo.py
[2024-01-28T23:35:14.342+0100] {processor.py:830} INFO - Processing file /home/ubuntu/airflow/dags/meteo.py for tasks to queue
[2024-01-28T23:35:14.343+0100] {logging_mixin.py:188} INFO - [2024-01-28T23:35:14.343+0100] {dagbag.py:538} INFO - Filling up the DagBag from /home/ubuntu/airflow/dags/meteo.py
[2024-01-28T23:35:14.350+0100] {processor.py:840} INFO - DAG(s) 'exemple_dag' retrieved from /home/ubuntu/airflow/dags/meteo.py
[2024-01-28T23:35:14.365+0100] {logging_mixin.py:188} INFO - [2024-01-28T23:35:14.365+0100] {dag.py:3033} INFO - Sync 1 DAGs
[2024-01-28T23:35:14.384+0100] {logging_mixin.py:188} INFO - [2024-01-28T23:35:14.384+0100] {dag.py:3820} INFO - Setting next_dagrun for exemple_dag to 2024-01-01T00:00:00+00:00, run_after=2024-01-02T00:00:00+00:00
[2024-01-28T23:35:14.413+0100] {processor.py:183} INFO - Processing /home/ubuntu/airflow/dags/meteo.py took 0.076 seconds
[2024-01-28T23:36:01.656+0100] {processor.py:161} INFO - Started process (PID=18331) to work on /home/ubuntu/airflow/dags/meteo.py
[2024-01-28T23:36:01.659+0100] {processor.py:830} INFO - Processing file /home/ubuntu/airflow/dags/meteo.py for tasks to queue
[2024-01-28T23:36:01.665+0100] {logging_mixin.py:188} INFO - [2024-01-28T23:36:01.664+0100] {dagbag.py:538} INFO - Filling up the DagBag from /home/ubuntu/airflow/dags/meteo.py
[2024-01-28T23:36:01.674+0100] {processor.py:840} INFO - DAG(s) 'exemple_dag' retrieved from /home/ubuntu/airflow/dags/meteo.py
[2024-01-28T23:36:01.693+0100] {logging_mixin.py:188} INFO - [2024-01-28T23:36:01.693+0100] {dag.py:3033} INFO - Sync 1 DAGs
[2024-01-28T23:36:01.815+0100] {logging_mixin.py:188} INFO - [2024-01-28T23:36:01.815+0100] {dag.py:3820} INFO - Setting next_dagrun for exemple_dag to 2024-01-01T00:00:00+00:00, run_after=2024-01-02T00:00:00+00:00
[2024-01-28T23:36:01.839+0100] {processor.py:183} INFO - Processing /home/ubuntu/airflow/dags/meteo.py took 0.187 seconds
[2024-01-28T23:36:49.811+0100] {processor.py:161} INFO - Started process (PID=18382) to work on /home/ubuntu/airflow/dags/meteo.py
[2024-01-28T23:36:49.813+0100] {processor.py:830} INFO - Processing file /home/ubuntu/airflow/dags/meteo.py for tasks to queue
[2024-01-28T23:36:49.814+0100] {logging_mixin.py:188} INFO - [2024-01-28T23:36:49.814+0100] {dagbag.py:538} INFO - Filling up the DagBag from /home/ubuntu/airflow/dags/meteo.py
[2024-01-28T23:36:49.826+0100] {processor.py:840} INFO - DAG(s) 'exemple_dag' retrieved from /home/ubuntu/airflow/dags/meteo.py
[2024-01-28T23:36:49.848+0100] {logging_mixin.py:188} INFO - [2024-01-28T23:36:49.848+0100] {dag.py:3033} INFO - Sync 1 DAGs
[2024-01-28T23:36:49.877+0100] {logging_mixin.py:188} INFO - [2024-01-28T23:36:49.877+0100] {dag.py:3820} INFO - Setting next_dagrun for exemple_dag to 2024-01-01T00:00:00+00:00, run_after=2024-01-02T00:00:00+00:00
[2024-01-28T23:36:49.913+0100] {processor.py:183} INFO - Processing /home/ubuntu/airflow/dags/meteo.py took 0.111 seconds
[2024-01-28T23:37:40.909+0100] {processor.py:161} INFO - Started process (PID=18671) to work on /home/ubuntu/airflow/dags/meteo.py
[2024-01-28T23:37:40.912+0100] {processor.py:830} INFO - Processing file /home/ubuntu/airflow/dags/meteo.py for tasks to queue
[2024-01-28T23:37:40.914+0100] {logging_mixin.py:188} INFO - [2024-01-28T23:37:40.913+0100] {dagbag.py:538} INFO - Filling up the DagBag from /home/ubuntu/airflow/dags/meteo.py
[2024-01-28T23:37:40.925+0100] {processor.py:840} INFO - DAG(s) 'exemple_dag' retrieved from /home/ubuntu/airflow/dags/meteo.py
[2024-01-28T23:37:42.050+0100] {logging_mixin.py:188} INFO - [2024-01-28T23:37:42.050+0100] {dag.py:3033} INFO - Sync 1 DAGs
[2024-01-28T23:37:42.081+0100] {logging_mixin.py:188} INFO - [2024-01-28T23:37:42.081+0100] {dag.py:3820} INFO - Setting next_dagrun for exemple_dag to 2024-01-01T00:00:00+00:00, run_after=2024-01-02T00:00:00+00:00
[2024-01-28T23:37:42.584+0100] {processor.py:183} INFO - Processing /home/ubuntu/airflow/dags/meteo.py took 1.679 seconds
[2024-01-28T23:38:22.084+0100] {processor.py:161} INFO - Started process (PID=19171) to work on /home/ubuntu/airflow/dags/meteo.py
[2024-01-28T23:38:22.086+0100] {processor.py:830} INFO - Processing file /home/ubuntu/airflow/dags/meteo.py for tasks to queue
[2024-01-28T23:38:22.087+0100] {logging_mixin.py:188} INFO - [2024-01-28T23:38:22.087+0100] {dagbag.py:538} INFO - Filling up the DagBag from /home/ubuntu/airflow/dags/meteo.py
[2024-01-28T23:38:22.095+0100] {processor.py:840} INFO - DAG(s) 'exemple_dag' retrieved from /home/ubuntu/airflow/dags/meteo.py
[2024-01-28T23:38:22.110+0100] {logging_mixin.py:188} INFO - [2024-01-28T23:38:22.110+0100] {dag.py:3033} INFO - Sync 1 DAGs
[2024-01-28T23:38:22.129+0100] {logging_mixin.py:188} INFO - [2024-01-28T23:38:22.129+0100] {dag.py:3820} INFO - Setting next_dagrun for exemple_dag to 2024-01-01T00:00:00+00:00, run_after=2024-01-02T00:00:00+00:00
[2024-01-28T23:38:22.170+0100] {processor.py:183} INFO - Processing /home/ubuntu/airflow/dags/meteo.py took 0.091 seconds
[2024-01-28T23:38:53.646+0100] {processor.py:161} INFO - Started process (PID=19201) to work on /home/ubuntu/airflow/dags/meteo.py
[2024-01-28T23:38:53.649+0100] {processor.py:830} INFO - Processing file /home/ubuntu/airflow/dags/meteo.py for tasks to queue
[2024-01-28T23:38:53.651+0100] {logging_mixin.py:188} INFO - [2024-01-28T23:38:53.650+0100] {dagbag.py:538} INFO - Filling up the DagBag from /home/ubuntu/airflow/dags/meteo.py
[2024-01-28T23:38:53.664+0100] {processor.py:840} INFO - DAG(s) 'exemple_dag' retrieved from /home/ubuntu/airflow/dags/meteo.py
[2024-01-28T23:38:53.691+0100] {logging_mixin.py:188} INFO - [2024-01-28T23:38:53.690+0100] {dag.py:3033} INFO - Sync 1 DAGs
[2024-01-28T23:38:53.837+0100] {logging_mixin.py:188} INFO - [2024-01-28T23:38:53.837+0100] {dag.py:3820} INFO - Setting next_dagrun for exemple_dag to 2024-01-01T00:00:00+00:00, run_after=2024-01-02T00:00:00+00:00
[2024-01-28T23:38:53.867+0100] {processor.py:183} INFO - Processing /home/ubuntu/airflow/dags/meteo.py took 0.226 seconds
[2024-01-28T23:39:42.999+0100] {processor.py:161} INFO - Started process (PID=19253) to work on /home/ubuntu/airflow/dags/meteo.py
[2024-01-28T23:39:43.003+0100] {processor.py:830} INFO - Processing file /home/ubuntu/airflow/dags/meteo.py for tasks to queue
[2024-01-28T23:39:43.004+0100] {logging_mixin.py:188} INFO - [2024-01-28T23:39:43.003+0100] {dagbag.py:538} INFO - Filling up the DagBag from /home/ubuntu/airflow/dags/meteo.py
[2024-01-28T23:39:43.011+0100] {processor.py:840} INFO - DAG(s) 'exemple_dag' retrieved from /home/ubuntu/airflow/dags/meteo.py
[2024-01-28T23:39:43.026+0100] {logging_mixin.py:188} INFO - [2024-01-28T23:39:43.026+0100] {dag.py:3033} INFO - Sync 1 DAGs
[2024-01-28T23:39:43.045+0100] {logging_mixin.py:188} INFO - [2024-01-28T23:39:43.045+0100] {dag.py:3820} INFO - Setting next_dagrun for exemple_dag to 2024-01-01T00:00:00+00:00, run_after=2024-01-02T00:00:00+00:00
[2024-01-28T23:39:43.108+0100] {processor.py:183} INFO - Processing /home/ubuntu/airflow/dags/meteo.py took 0.113 seconds
[2024-01-28T23:40:25.034+0100] {processor.py:161} INFO - Started process (PID=19303) to work on /home/ubuntu/airflow/dags/meteo.py
[2024-01-28T23:40:25.036+0100] {processor.py:830} INFO - Processing file /home/ubuntu/airflow/dags/meteo.py for tasks to queue
[2024-01-28T23:40:25.037+0100] {logging_mixin.py:188} INFO - [2024-01-28T23:40:25.037+0100] {dagbag.py:538} INFO - Filling up the DagBag from /home/ubuntu/airflow/dags/meteo.py
[2024-01-28T23:40:25.045+0100] {processor.py:840} INFO - DAG(s) 'exemple_dag' retrieved from /home/ubuntu/airflow/dags/meteo.py
[2024-01-28T23:40:25.061+0100] {logging_mixin.py:188} INFO - [2024-01-28T23:40:25.061+0100] {dag.py:3033} INFO - Sync 1 DAGs
[2024-01-28T23:40:25.080+0100] {logging_mixin.py:188} INFO - [2024-01-28T23:40:25.080+0100] {dag.py:3820} INFO - Setting next_dagrun for exemple_dag to 2024-01-01T00:00:00+00:00, run_after=2024-01-02T00:00:00+00:00
[2024-01-28T23:40:25.108+0100] {processor.py:183} INFO - Processing /home/ubuntu/airflow/dags/meteo.py took 0.077 seconds
[2024-01-28T23:41:04.916+0100] {processor.py:161} INFO - Started process (PID=19366) to work on /home/ubuntu/airflow/dags/meteo.py
[2024-01-28T23:41:04.919+0100] {processor.py:830} INFO - Processing file /home/ubuntu/airflow/dags/meteo.py for tasks to queue
[2024-01-28T23:41:04.920+0100] {logging_mixin.py:188} INFO - [2024-01-28T23:41:04.919+0100] {dagbag.py:538} INFO - Filling up the DagBag from /home/ubuntu/airflow/dags/meteo.py
[2024-01-28T23:41:04.927+0100] {processor.py:840} INFO - DAG(s) 'exemple_dag' retrieved from /home/ubuntu/airflow/dags/meteo.py
[2024-01-28T23:41:04.945+0100] {logging_mixin.py:188} INFO - [2024-01-28T23:41:04.945+0100] {dag.py:3033} INFO - Sync 1 DAGs
[2024-01-28T23:41:04.966+0100] {logging_mixin.py:188} INFO - [2024-01-28T23:41:04.966+0100] {dag.py:3820} INFO - Setting next_dagrun for exemple_dag to 2024-01-01T00:00:00+00:00, run_after=2024-01-02T00:00:00+00:00
[2024-01-28T23:41:05.001+0100] {processor.py:183} INFO - Processing /home/ubuntu/airflow/dags/meteo.py took 0.089 seconds
[2024-01-28T23:41:44.322+0100] {processor.py:161} INFO - Started process (PID=19412) to work on /home/ubuntu/airflow/dags/meteo.py
[2024-01-28T23:41:44.327+0100] {processor.py:830} INFO - Processing file /home/ubuntu/airflow/dags/meteo.py for tasks to queue
[2024-01-28T23:41:44.328+0100] {logging_mixin.py:188} INFO - [2024-01-28T23:41:44.327+0100] {dagbag.py:538} INFO - Filling up the DagBag from /home/ubuntu/airflow/dags/meteo.py
[2024-01-28T23:41:44.337+0100] {processor.py:840} INFO - DAG(s) 'exemple_dag' retrieved from /home/ubuntu/airflow/dags/meteo.py
[2024-01-28T23:41:44.361+0100] {logging_mixin.py:188} INFO - [2024-01-28T23:41:44.361+0100] {dag.py:3033} INFO - Sync 1 DAGs
[2024-01-28T23:41:44.394+0100] {logging_mixin.py:188} INFO - [2024-01-28T23:41:44.394+0100] {dag.py:3820} INFO - Setting next_dagrun for exemple_dag to 2024-01-01T00:00:00+00:00, run_after=2024-01-02T00:00:00+00:00
[2024-01-28T23:41:44.449+0100] {processor.py:183} INFO - Processing /home/ubuntu/airflow/dags/meteo.py took 0.134 seconds
[2024-01-28T23:42:25.285+0100] {processor.py:161} INFO - Started process (PID=19459) to work on /home/ubuntu/airflow/dags/meteo.py
[2024-01-28T23:42:25.287+0100] {processor.py:830} INFO - Processing file /home/ubuntu/airflow/dags/meteo.py for tasks to queue
[2024-01-28T23:42:25.289+0100] {logging_mixin.py:188} INFO - [2024-01-28T23:42:25.289+0100] {dagbag.py:538} INFO - Filling up the DagBag from /home/ubuntu/airflow/dags/meteo.py
[2024-01-28T23:42:25.299+0100] {processor.py:840} INFO - DAG(s) 'exemple_dag' retrieved from /home/ubuntu/airflow/dags/meteo.py
[2024-01-28T23:42:25.317+0100] {logging_mixin.py:188} INFO - [2024-01-28T23:42:25.317+0100] {dag.py:3033} INFO - Sync 1 DAGs
[2024-01-28T23:42:25.339+0100] {logging_mixin.py:188} INFO - [2024-01-28T23:42:25.339+0100] {dag.py:3820} INFO - Setting next_dagrun for exemple_dag to 2024-01-01T00:00:00+00:00, run_after=2024-01-02T00:00:00+00:00
[2024-01-28T23:42:25.380+0100] {processor.py:183} INFO - Processing /home/ubuntu/airflow/dags/meteo.py took 0.099 seconds
[2024-01-28T23:43:09.898+0100] {processor.py:161} INFO - Started process (PID=19511) to work on /home/ubuntu/airflow/dags/meteo.py
[2024-01-28T23:43:09.901+0100] {processor.py:830} INFO - Processing file /home/ubuntu/airflow/dags/meteo.py for tasks to queue
[2024-01-28T23:43:09.902+0100] {logging_mixin.py:188} INFO - [2024-01-28T23:43:09.902+0100] {dagbag.py:538} INFO - Filling up the DagBag from /home/ubuntu/airflow/dags/meteo.py
[2024-01-28T23:43:09.909+0100] {processor.py:840} INFO - DAG(s) 'exemple_dag' retrieved from /home/ubuntu/airflow/dags/meteo.py
[2024-01-28T23:43:09.925+0100] {logging_mixin.py:188} INFO - [2024-01-28T23:43:09.925+0100] {dag.py:3033} INFO - Sync 1 DAGs
[2024-01-28T23:43:09.947+0100] {logging_mixin.py:188} INFO - [2024-01-28T23:43:09.947+0100] {dag.py:3820} INFO - Setting next_dagrun for exemple_dag to 2024-01-01T00:00:00+00:00, run_after=2024-01-02T00:00:00+00:00
[2024-01-28T23:43:09.982+0100] {processor.py:183} INFO - Processing /home/ubuntu/airflow/dags/meteo.py took 0.087 seconds
[2024-01-28T23:43:55.027+0100] {processor.py:161} INFO - Started process (PID=19558) to work on /home/ubuntu/airflow/dags/meteo.py
[2024-01-28T23:43:55.029+0100] {processor.py:830} INFO - Processing file /home/ubuntu/airflow/dags/meteo.py for tasks to queue
[2024-01-28T23:43:55.031+0100] {logging_mixin.py:188} INFO - [2024-01-28T23:43:55.030+0100] {dagbag.py:538} INFO - Filling up the DagBag from /home/ubuntu/airflow/dags/meteo.py
[2024-01-28T23:43:55.039+0100] {processor.py:840} INFO - DAG(s) 'exemple_dag' retrieved from /home/ubuntu/airflow/dags/meteo.py
[2024-01-28T23:43:55.058+0100] {logging_mixin.py:188} INFO - [2024-01-28T23:43:55.058+0100] {dag.py:3033} INFO - Sync 1 DAGs
[2024-01-28T23:43:55.081+0100] {logging_mixin.py:188} INFO - [2024-01-28T23:43:55.081+0100] {dag.py:3820} INFO - Setting next_dagrun for exemple_dag to 2024-01-01T00:00:00+00:00, run_after=2024-01-02T00:00:00+00:00
[2024-01-28T23:43:55.117+0100] {processor.py:183} INFO - Processing /home/ubuntu/airflow/dags/meteo.py took 0.094 seconds
[2024-01-28T23:44:41.801+0100] {processor.py:161} INFO - Started process (PID=19611) to work on /home/ubuntu/airflow/dags/meteo.py
[2024-01-28T23:44:41.803+0100] {processor.py:830} INFO - Processing file /home/ubuntu/airflow/dags/meteo.py for tasks to queue
[2024-01-28T23:44:41.805+0100] {logging_mixin.py:188} INFO - [2024-01-28T23:44:41.804+0100] {dagbag.py:538} INFO - Filling up the DagBag from /home/ubuntu/airflow/dags/meteo.py
[2024-01-28T23:44:41.813+0100] {processor.py:840} INFO - DAG(s) 'exemple_dag' retrieved from /home/ubuntu/airflow/dags/meteo.py
[2024-01-28T23:44:41.828+0100] {logging_mixin.py:188} INFO - [2024-01-28T23:44:41.828+0100] {dag.py:3033} INFO - Sync 1 DAGs
[2024-01-28T23:44:41.852+0100] {logging_mixin.py:188} INFO - [2024-01-28T23:44:41.852+0100] {dag.py:3820} INFO - Setting next_dagrun for exemple_dag to 2024-01-01T00:00:00+00:00, run_after=2024-01-02T00:00:00+00:00
[2024-01-28T23:44:41.882+0100] {processor.py:183} INFO - Processing /home/ubuntu/airflow/dags/meteo.py took 0.085 seconds
[2024-01-28T23:45:27.721+0100] {processor.py:161} INFO - Started process (PID=19662) to work on /home/ubuntu/airflow/dags/meteo.py
[2024-01-28T23:45:27.723+0100] {processor.py:830} INFO - Processing file /home/ubuntu/airflow/dags/meteo.py for tasks to queue
[2024-01-28T23:45:27.724+0100] {logging_mixin.py:188} INFO - [2024-01-28T23:45:27.724+0100] {dagbag.py:538} INFO - Filling up the DagBag from /home/ubuntu/airflow/dags/meteo.py
[2024-01-28T23:45:27.732+0100] {processor.py:840} INFO - DAG(s) 'exemple_dag' retrieved from /home/ubuntu/airflow/dags/meteo.py
[2024-01-28T23:45:27.749+0100] {logging_mixin.py:188} INFO - [2024-01-28T23:45:27.749+0100] {dag.py:3033} INFO - Sync 1 DAGs
[2024-01-28T23:45:27.773+0100] {logging_mixin.py:188} INFO - [2024-01-28T23:45:27.773+0100] {dag.py:3820} INFO - Setting next_dagrun for exemple_dag to 2024-01-01T00:00:00+00:00, run_after=2024-01-02T00:00:00+00:00
[2024-01-28T23:45:27.800+0100] {processor.py:183} INFO - Processing /home/ubuntu/airflow/dags/meteo.py took 0.083 seconds
[2024-01-28T23:46:14.491+0100] {processor.py:161} INFO - Started process (PID=19720) to work on /home/ubuntu/airflow/dags/meteo.py
[2024-01-28T23:46:14.492+0100] {processor.py:830} INFO - Processing file /home/ubuntu/airflow/dags/meteo.py for tasks to queue
[2024-01-28T23:46:14.493+0100] {logging_mixin.py:188} INFO - [2024-01-28T23:46:14.493+0100] {dagbag.py:538} INFO - Filling up the DagBag from /home/ubuntu/airflow/dags/meteo.py
[2024-01-28T23:46:14.501+0100] {processor.py:840} INFO - DAG(s) 'exemple_dag' retrieved from /home/ubuntu/airflow/dags/meteo.py
[2024-01-28T23:46:14.518+0100] {logging_mixin.py:188} INFO - [2024-01-28T23:46:14.518+0100] {dag.py:3033} INFO - Sync 1 DAGs
[2024-01-28T23:46:14.537+0100] {logging_mixin.py:188} INFO - [2024-01-28T23:46:14.537+0100] {dag.py:3820} INFO - Setting next_dagrun for exemple_dag to 2024-01-01T00:00:00+00:00, run_after=2024-01-02T00:00:00+00:00
[2024-01-28T23:46:14.567+0100] {processor.py:183} INFO - Processing /home/ubuntu/airflow/dags/meteo.py took 0.080 seconds
[2024-01-28T23:46:51.466+0100] {processor.py:161} INFO - Started process (PID=19765) to work on /home/ubuntu/airflow/dags/meteo.py
[2024-01-28T23:46:51.468+0100] {processor.py:830} INFO - Processing file /home/ubuntu/airflow/dags/meteo.py for tasks to queue
[2024-01-28T23:46:51.469+0100] {logging_mixin.py:188} INFO - [2024-01-28T23:46:51.469+0100] {dagbag.py:538} INFO - Filling up the DagBag from /home/ubuntu/airflow/dags/meteo.py
[2024-01-28T23:46:51.478+0100] {processor.py:840} INFO - DAG(s) 'exemple_dag' retrieved from /home/ubuntu/airflow/dags/meteo.py
[2024-01-28T23:46:51.496+0100] {logging_mixin.py:188} INFO - [2024-01-28T23:46:51.496+0100] {dag.py:3033} INFO - Sync 1 DAGs
[2024-01-28T23:46:51.521+0100] {logging_mixin.py:188} INFO - [2024-01-28T23:46:51.521+0100] {dag.py:3820} INFO - Setting next_dagrun for exemple_dag to 2024-01-01T00:00:00+00:00, run_after=2024-01-02T00:00:00+00:00
[2024-01-28T23:46:51.550+0100] {processor.py:183} INFO - Processing /home/ubuntu/airflow/dags/meteo.py took 0.089 seconds
[2024-01-28T23:47:30.087+0100] {processor.py:161} INFO - Started process (PID=19811) to work on /home/ubuntu/airflow/dags/meteo.py
[2024-01-28T23:47:30.089+0100] {processor.py:830} INFO - Processing file /home/ubuntu/airflow/dags/meteo.py for tasks to queue
[2024-01-28T23:47:30.091+0100] {logging_mixin.py:188} INFO - [2024-01-28T23:47:30.090+0100] {dagbag.py:538} INFO - Filling up the DagBag from /home/ubuntu/airflow/dags/meteo.py
[2024-01-28T23:47:30.098+0100] {processor.py:840} INFO - DAG(s) 'exemple_dag' retrieved from /home/ubuntu/airflow/dags/meteo.py
[2024-01-28T23:47:30.112+0100] {logging_mixin.py:188} INFO - [2024-01-28T23:47:30.111+0100] {dag.py:3033} INFO - Sync 1 DAGs
[2024-01-28T23:47:30.131+0100] {logging_mixin.py:188} INFO - [2024-01-28T23:47:30.130+0100] {dag.py:3820} INFO - Setting next_dagrun for exemple_dag to 2024-01-01T00:00:00+00:00, run_after=2024-01-02T00:00:00+00:00
[2024-01-28T23:47:30.159+0100] {processor.py:183} INFO - Processing /home/ubuntu/airflow/dags/meteo.py took 0.076 seconds
[2024-01-28T23:48:07.417+0100] {processor.py:161} INFO - Started process (PID=19856) to work on /home/ubuntu/airflow/dags/meteo.py
[2024-01-28T23:48:07.419+0100] {processor.py:830} INFO - Processing file /home/ubuntu/airflow/dags/meteo.py for tasks to queue
[2024-01-28T23:48:07.420+0100] {logging_mixin.py:188} INFO - [2024-01-28T23:48:07.419+0100] {dagbag.py:538} INFO - Filling up the DagBag from /home/ubuntu/airflow/dags/meteo.py
[2024-01-28T23:48:07.428+0100] {processor.py:840} INFO - DAG(s) 'exemple_dag' retrieved from /home/ubuntu/airflow/dags/meteo.py
[2024-01-28T23:48:07.445+0100] {logging_mixin.py:188} INFO - [2024-01-28T23:48:07.445+0100] {dag.py:3033} INFO - Sync 1 DAGs
[2024-01-28T23:48:07.467+0100] {logging_mixin.py:188} INFO - [2024-01-28T23:48:07.467+0100] {dag.py:3820} INFO - Setting next_dagrun for exemple_dag to 2024-01-01T00:00:00+00:00, run_after=2024-01-02T00:00:00+00:00
[2024-01-28T23:48:07.496+0100] {processor.py:183} INFO - Processing /home/ubuntu/airflow/dags/meteo.py took 0.082 seconds
[2024-01-28T23:48:45.176+0100] {processor.py:161} INFO - Started process (PID=19901) to work on /home/ubuntu/airflow/dags/meteo.py
[2024-01-28T23:48:45.186+0100] {processor.py:830} INFO - Processing file /home/ubuntu/airflow/dags/meteo.py for tasks to queue
[2024-01-28T23:48:45.189+0100] {logging_mixin.py:188} INFO - [2024-01-28T23:48:45.186+0100] {dagbag.py:538} INFO - Filling up the DagBag from /home/ubuntu/airflow/dags/meteo.py
[2024-01-28T23:48:45.200+0100] {processor.py:840} INFO - DAG(s) 'exemple_dag' retrieved from /home/ubuntu/airflow/dags/meteo.py
[2024-01-28T23:48:45.214+0100] {logging_mixin.py:188} INFO - [2024-01-28T23:48:45.214+0100] {dag.py:3033} INFO - Sync 1 DAGs
[2024-01-28T23:48:45.234+0100] {logging_mixin.py:188} INFO - [2024-01-28T23:48:45.234+0100] {dag.py:3820} INFO - Setting next_dagrun for exemple_dag to 2024-01-01T00:00:00+00:00, run_after=2024-01-02T00:00:00+00:00
[2024-01-28T23:48:45.263+0100] {processor.py:183} INFO - Processing /home/ubuntu/airflow/dags/meteo.py took 0.090 seconds
[2024-01-28T23:49:19.271+0100] {processor.py:161} INFO - Started process (PID=19938) to work on /home/ubuntu/airflow/dags/meteo.py
[2024-01-28T23:49:19.273+0100] {processor.py:830} INFO - Processing file /home/ubuntu/airflow/dags/meteo.py for tasks to queue
[2024-01-28T23:49:19.274+0100] {logging_mixin.py:188} INFO - [2024-01-28T23:49:19.274+0100] {dagbag.py:538} INFO - Filling up the DagBag from /home/ubuntu/airflow/dags/meteo.py
[2024-01-28T23:49:19.281+0100] {processor.py:840} INFO - DAG(s) 'exemple_dag' retrieved from /home/ubuntu/airflow/dags/meteo.py
[2024-01-28T23:49:19.298+0100] {logging_mixin.py:188} INFO - [2024-01-28T23:49:19.298+0100] {dag.py:3033} INFO - Sync 1 DAGs
[2024-01-28T23:49:19.318+0100] {logging_mixin.py:188} INFO - [2024-01-28T23:49:19.317+0100] {dag.py:3820} INFO - Setting next_dagrun for exemple_dag to 2024-01-01T00:00:00+00:00, run_after=2024-01-02T00:00:00+00:00
[2024-01-28T23:49:19.347+0100] {processor.py:183} INFO - Processing /home/ubuntu/airflow/dags/meteo.py took 0.080 seconds
[2024-01-28T23:49:59.229+0100] {processor.py:161} INFO - Started process (PID=19985) to work on /home/ubuntu/airflow/dags/meteo.py
[2024-01-28T23:49:59.232+0100] {processor.py:830} INFO - Processing file /home/ubuntu/airflow/dags/meteo.py for tasks to queue
[2024-01-28T23:49:59.233+0100] {logging_mixin.py:188} INFO - [2024-01-28T23:49:59.233+0100] {dagbag.py:538} INFO - Filling up the DagBag from /home/ubuntu/airflow/dags/meteo.py
[2024-01-28T23:49:59.241+0100] {processor.py:840} INFO - DAG(s) 'exemple_dag' retrieved from /home/ubuntu/airflow/dags/meteo.py
[2024-01-28T23:49:59.258+0100] {logging_mixin.py:188} INFO - [2024-01-28T23:49:59.257+0100] {dag.py:3033} INFO - Sync 1 DAGs
[2024-01-28T23:49:59.279+0100] {logging_mixin.py:188} INFO - [2024-01-28T23:49:59.279+0100] {dag.py:3820} INFO - Setting next_dagrun for exemple_dag to 2024-01-01T00:00:00+00:00, run_after=2024-01-02T00:00:00+00:00
[2024-01-28T23:49:59.319+0100] {processor.py:183} INFO - Processing /home/ubuntu/airflow/dags/meteo.py took 0.094 seconds
[2024-01-28T23:50:40.330+0100] {processor.py:161} INFO - Started process (PID=20033) to work on /home/ubuntu/airflow/dags/meteo.py
[2024-01-28T23:50:40.332+0100] {processor.py:830} INFO - Processing file /home/ubuntu/airflow/dags/meteo.py for tasks to queue
[2024-01-28T23:50:40.333+0100] {logging_mixin.py:188} INFO - [2024-01-28T23:50:40.332+0100] {dagbag.py:538} INFO - Filling up the DagBag from /home/ubuntu/airflow/dags/meteo.py
[2024-01-28T23:50:40.339+0100] {processor.py:840} INFO - DAG(s) 'exemple_dag' retrieved from /home/ubuntu/airflow/dags/meteo.py
[2024-01-28T23:50:40.353+0100] {logging_mixin.py:188} INFO - [2024-01-28T23:50:40.353+0100] {dag.py:3033} INFO - Sync 1 DAGs
[2024-01-28T23:50:40.374+0100] {logging_mixin.py:188} INFO - [2024-01-28T23:50:40.374+0100] {dag.py:3820} INFO - Setting next_dagrun for exemple_dag to 2024-01-01T00:00:00+00:00, run_after=2024-01-02T00:00:00+00:00
[2024-01-28T23:50:40.406+0100] {processor.py:183} INFO - Processing /home/ubuntu/airflow/dags/meteo.py took 0.079 seconds
[2024-01-28T23:51:24.207+0100] {processor.py:161} INFO - Started process (PID=20083) to work on /home/ubuntu/airflow/dags/meteo.py
[2024-01-28T23:51:24.209+0100] {processor.py:830} INFO - Processing file /home/ubuntu/airflow/dags/meteo.py for tasks to queue
[2024-01-28T23:51:24.210+0100] {logging_mixin.py:188} INFO - [2024-01-28T23:51:24.210+0100] {dagbag.py:538} INFO - Filling up the DagBag from /home/ubuntu/airflow/dags/meteo.py
[2024-01-28T23:51:24.218+0100] {processor.py:840} INFO - DAG(s) 'exemple_dag' retrieved from /home/ubuntu/airflow/dags/meteo.py
[2024-01-28T23:51:24.237+0100] {logging_mixin.py:188} INFO - [2024-01-28T23:51:24.237+0100] {dag.py:3033} INFO - Sync 1 DAGs
[2024-01-28T23:51:24.264+0100] {logging_mixin.py:188} INFO - [2024-01-28T23:51:24.264+0100] {dag.py:3820} INFO - Setting next_dagrun for exemple_dag to 2024-01-01T00:00:00+00:00, run_after=2024-01-02T00:00:00+00:00
[2024-01-28T23:51:24.295+0100] {processor.py:183} INFO - Processing /home/ubuntu/airflow/dags/meteo.py took 0.093 seconds
[2024-01-28T23:52:05.426+0100] {processor.py:161} INFO - Started process (PID=20132) to work on /home/ubuntu/airflow/dags/meteo.py
[2024-01-28T23:52:05.428+0100] {processor.py:830} INFO - Processing file /home/ubuntu/airflow/dags/meteo.py for tasks to queue
[2024-01-28T23:52:05.429+0100] {logging_mixin.py:188} INFO - [2024-01-28T23:52:05.429+0100] {dagbag.py:538} INFO - Filling up the DagBag from /home/ubuntu/airflow/dags/meteo.py
[2024-01-28T23:52:05.438+0100] {processor.py:840} INFO - DAG(s) 'exemple_dag' retrieved from /home/ubuntu/airflow/dags/meteo.py
[2024-01-28T23:52:05.455+0100] {logging_mixin.py:188} INFO - [2024-01-28T23:52:05.454+0100] {dag.py:3033} INFO - Sync 1 DAGs
[2024-01-28T23:52:05.476+0100] {logging_mixin.py:188} INFO - [2024-01-28T23:52:05.476+0100] {dag.py:3820} INFO - Setting next_dagrun for exemple_dag to 2024-01-01T00:00:00+00:00, run_after=2024-01-02T00:00:00+00:00
[2024-01-28T23:52:05.504+0100] {processor.py:183} INFO - Processing /home/ubuntu/airflow/dags/meteo.py took 0.083 seconds
[2024-01-28T23:52:47.110+0100] {processor.py:161} INFO - Started process (PID=20182) to work on /home/ubuntu/airflow/dags/meteo.py
[2024-01-28T23:52:47.114+0100] {processor.py:830} INFO - Processing file /home/ubuntu/airflow/dags/meteo.py for tasks to queue
[2024-01-28T23:52:47.115+0100] {logging_mixin.py:188} INFO - [2024-01-28T23:52:47.114+0100] {dagbag.py:538} INFO - Filling up the DagBag from /home/ubuntu/airflow/dags/meteo.py
[2024-01-28T23:52:47.123+0100] {processor.py:840} INFO - DAG(s) 'exemple_dag' retrieved from /home/ubuntu/airflow/dags/meteo.py
[2024-01-28T23:52:47.141+0100] {logging_mixin.py:188} INFO - [2024-01-28T23:52:47.140+0100] {dag.py:3033} INFO - Sync 1 DAGs
[2024-01-28T23:52:47.161+0100] {logging_mixin.py:188} INFO - [2024-01-28T23:52:47.161+0100] {dag.py:3820} INFO - Setting next_dagrun for exemple_dag to 2024-01-01T00:00:00+00:00, run_after=2024-01-02T00:00:00+00:00
[2024-01-28T23:52:47.197+0100] {processor.py:183} INFO - Processing /home/ubuntu/airflow/dags/meteo.py took 0.091 seconds
[2024-01-28T23:53:27.322+0100] {processor.py:161} INFO - Started process (PID=20230) to work on /home/ubuntu/airflow/dags/meteo.py
[2024-01-28T23:53:27.324+0100] {processor.py:830} INFO - Processing file /home/ubuntu/airflow/dags/meteo.py for tasks to queue
[2024-01-28T23:53:27.325+0100] {logging_mixin.py:188} INFO - [2024-01-28T23:53:27.324+0100] {dagbag.py:538} INFO - Filling up the DagBag from /home/ubuntu/airflow/dags/meteo.py
[2024-01-28T23:53:27.333+0100] {processor.py:840} INFO - DAG(s) 'exemple_dag' retrieved from /home/ubuntu/airflow/dags/meteo.py
[2024-01-28T23:53:27.349+0100] {logging_mixin.py:188} INFO - [2024-01-28T23:53:27.349+0100] {dag.py:3033} INFO - Sync 1 DAGs
[2024-01-28T23:53:27.370+0100] {logging_mixin.py:188} INFO - [2024-01-28T23:53:27.370+0100] {dag.py:3820} INFO - Setting next_dagrun for exemple_dag to 2024-01-01T00:00:00+00:00, run_after=2024-01-02T00:00:00+00:00
[2024-01-28T23:53:27.400+0100] {processor.py:183} INFO - Processing /home/ubuntu/airflow/dags/meteo.py took 0.082 seconds
[2024-01-28T23:54:10.189+0100] {processor.py:161} INFO - Started process (PID=20280) to work on /home/ubuntu/airflow/dags/meteo.py
[2024-01-28T23:54:10.191+0100] {processor.py:830} INFO - Processing file /home/ubuntu/airflow/dags/meteo.py for tasks to queue
[2024-01-28T23:54:10.192+0100] {logging_mixin.py:188} INFO - [2024-01-28T23:54:10.192+0100] {dagbag.py:538} INFO - Filling up the DagBag from /home/ubuntu/airflow/dags/meteo.py
[2024-01-28T23:54:10.203+0100] {processor.py:840} INFO - DAG(s) 'exemple_dag' retrieved from /home/ubuntu/airflow/dags/meteo.py
[2024-01-28T23:54:10.220+0100] {logging_mixin.py:188} INFO - [2024-01-28T23:54:10.219+0100] {dag.py:3033} INFO - Sync 1 DAGs
[2024-01-28T23:54:10.244+0100] {logging_mixin.py:188} INFO - [2024-01-28T23:54:10.244+0100] {dag.py:3820} INFO - Setting next_dagrun for exemple_dag to 2024-01-01T00:00:00+00:00, run_after=2024-01-02T00:00:00+00:00
[2024-01-28T23:54:10.275+0100] {processor.py:183} INFO - Processing /home/ubuntu/airflow/dags/meteo.py took 0.091 seconds
[2024-01-28T23:54:54.027+0100] {processor.py:161} INFO - Started process (PID=20337) to work on /home/ubuntu/airflow/dags/meteo.py
[2024-01-28T23:54:54.029+0100] {processor.py:830} INFO - Processing file /home/ubuntu/airflow/dags/meteo.py for tasks to queue
[2024-01-28T23:54:54.031+0100] {logging_mixin.py:188} INFO - [2024-01-28T23:54:54.030+0100] {dagbag.py:538} INFO - Filling up the DagBag from /home/ubuntu/airflow/dags/meteo.py
[2024-01-28T23:54:54.038+0100] {processor.py:840} INFO - DAG(s) 'exemple_dag' retrieved from /home/ubuntu/airflow/dags/meteo.py
[2024-01-28T23:54:54.055+0100] {logging_mixin.py:188} INFO - [2024-01-28T23:54:54.054+0100] {dag.py:3033} INFO - Sync 1 DAGs
[2024-01-28T23:54:54.075+0100] {logging_mixin.py:188} INFO - [2024-01-28T23:54:54.075+0100] {dag.py:3820} INFO - Setting next_dagrun for exemple_dag to 2024-01-01T00:00:00+00:00, run_after=2024-01-02T00:00:00+00:00
[2024-01-28T23:54:54.109+0100] {processor.py:183} INFO - Processing /home/ubuntu/airflow/dags/meteo.py took 0.086 seconds
[2024-01-28T23:55:30.427+0100] {processor.py:161} INFO - Started process (PID=20382) to work on /home/ubuntu/airflow/dags/meteo.py
[2024-01-28T23:55:30.431+0100] {processor.py:830} INFO - Processing file /home/ubuntu/airflow/dags/meteo.py for tasks to queue
[2024-01-28T23:55:30.432+0100] {logging_mixin.py:188} INFO - [2024-01-28T23:55:30.431+0100] {dagbag.py:538} INFO - Filling up the DagBag from /home/ubuntu/airflow/dags/meteo.py
[2024-01-28T23:55:30.438+0100] {processor.py:840} INFO - DAG(s) 'exemple_dag' retrieved from /home/ubuntu/airflow/dags/meteo.py
[2024-01-28T23:55:30.453+0100] {logging_mixin.py:188} INFO - [2024-01-28T23:55:30.453+0100] {dag.py:3033} INFO - Sync 1 DAGs
[2024-01-28T23:55:30.473+0100] {logging_mixin.py:188} INFO - [2024-01-28T23:55:30.473+0100] {dag.py:3820} INFO - Setting next_dagrun for exemple_dag to 2024-01-01T00:00:00+00:00, run_after=2024-01-02T00:00:00+00:00
[2024-01-28T23:55:30.504+0100] {processor.py:183} INFO - Processing /home/ubuntu/airflow/dags/meteo.py took 0.080 seconds
[2024-01-28T23:56:12.390+0100] {processor.py:161} INFO - Started process (PID=20439) to work on /home/ubuntu/airflow/dags/meteo.py
[2024-01-28T23:56:12.392+0100] {processor.py:830} INFO - Processing file /home/ubuntu/airflow/dags/meteo.py for tasks to queue
[2024-01-28T23:56:12.394+0100] {logging_mixin.py:188} INFO - [2024-01-28T23:56:12.393+0100] {dagbag.py:538} INFO - Filling up the DagBag from /home/ubuntu/airflow/dags/meteo.py
[2024-01-28T23:56:12.402+0100] {processor.py:840} INFO - DAG(s) 'exemple_dag' retrieved from /home/ubuntu/airflow/dags/meteo.py
[2024-01-28T23:56:12.419+0100] {logging_mixin.py:188} INFO - [2024-01-28T23:56:12.419+0100] {dag.py:3033} INFO - Sync 1 DAGs
[2024-01-28T23:56:12.440+0100] {logging_mixin.py:188} INFO - [2024-01-28T23:56:12.440+0100] {dag.py:3820} INFO - Setting next_dagrun for exemple_dag to 2024-01-01T00:00:00+00:00, run_after=2024-01-02T00:00:00+00:00
[2024-01-28T23:56:12.472+0100] {processor.py:183} INFO - Processing /home/ubuntu/airflow/dags/meteo.py took 0.086 seconds
[2024-01-28T23:56:51.964+0100] {processor.py:161} INFO - Started process (PID=20488) to work on /home/ubuntu/airflow/dags/meteo.py
[2024-01-28T23:56:51.966+0100] {processor.py:830} INFO - Processing file /home/ubuntu/airflow/dags/meteo.py for tasks to queue
[2024-01-28T23:56:51.967+0100] {logging_mixin.py:188} INFO - [2024-01-28T23:56:51.967+0100] {dagbag.py:538} INFO - Filling up the DagBag from /home/ubuntu/airflow/dags/meteo.py
[2024-01-28T23:56:51.975+0100] {processor.py:840} INFO - DAG(s) 'exemple_dag' retrieved from /home/ubuntu/airflow/dags/meteo.py
[2024-01-28T23:56:51.994+0100] {logging_mixin.py:188} INFO - [2024-01-28T23:56:51.994+0100] {dag.py:3033} INFO - Sync 1 DAGs
[2024-01-28T23:56:52.016+0100] {logging_mixin.py:188} INFO - [2024-01-28T23:56:52.016+0100] {dag.py:3820} INFO - Setting next_dagrun for exemple_dag to 2024-01-01T00:00:00+00:00, run_after=2024-01-02T00:00:00+00:00
[2024-01-28T23:56:52.042+0100] {processor.py:183} INFO - Processing /home/ubuntu/airflow/dags/meteo.py took 0.082 seconds
[2024-01-28T23:57:30.255+0100] {processor.py:161} INFO - Started process (PID=20529) to work on /home/ubuntu/airflow/dags/meteo.py
[2024-01-28T23:57:30.257+0100] {processor.py:830} INFO - Processing file /home/ubuntu/airflow/dags/meteo.py for tasks to queue
[2024-01-28T23:57:30.258+0100] {logging_mixin.py:188} INFO - [2024-01-28T23:57:30.258+0100] {dagbag.py:538} INFO - Filling up the DagBag from /home/ubuntu/airflow/dags/meteo.py
[2024-01-28T23:57:30.266+0100] {processor.py:840} INFO - DAG(s) 'exemple_dag' retrieved from /home/ubuntu/airflow/dags/meteo.py
[2024-01-28T23:57:30.281+0100] {logging_mixin.py:188} INFO - [2024-01-28T23:57:30.281+0100] {dag.py:3033} INFO - Sync 1 DAGs
[2024-01-28T23:57:30.299+0100] {logging_mixin.py:188} INFO - [2024-01-28T23:57:30.298+0100] {dag.py:3820} INFO - Setting next_dagrun for exemple_dag to 2024-01-01T00:00:00+00:00, run_after=2024-01-02T00:00:00+00:00
[2024-01-28T23:57:30.333+0100] {processor.py:183} INFO - Processing /home/ubuntu/airflow/dags/meteo.py took 0.081 seconds
[2024-01-28T23:58:13.339+0100] {processor.py:161} INFO - Started process (PID=20578) to work on /home/ubuntu/airflow/dags/meteo.py
[2024-01-28T23:58:13.341+0100] {processor.py:830} INFO - Processing file /home/ubuntu/airflow/dags/meteo.py for tasks to queue
[2024-01-28T23:58:13.343+0100] {logging_mixin.py:188} INFO - [2024-01-28T23:58:13.343+0100] {dagbag.py:538} INFO - Filling up the DagBag from /home/ubuntu/airflow/dags/meteo.py
[2024-01-28T23:58:13.350+0100] {processor.py:840} INFO - DAG(s) 'exemple_dag' retrieved from /home/ubuntu/airflow/dags/meteo.py
[2024-01-28T23:58:13.364+0100] {logging_mixin.py:188} INFO - [2024-01-28T23:58:13.364+0100] {dag.py:3033} INFO - Sync 1 DAGs
[2024-01-28T23:58:13.381+0100] {logging_mixin.py:188} INFO - [2024-01-28T23:58:13.381+0100] {dag.py:3820} INFO - Setting next_dagrun for exemple_dag to 2024-01-01T00:00:00+00:00, run_after=2024-01-02T00:00:00+00:00
[2024-01-28T23:58:13.420+0100] {processor.py:183} INFO - Processing /home/ubuntu/airflow/dags/meteo.py took 0.084 seconds
[2024-01-28T23:58:52.185+0100] {processor.py:161} INFO - Started process (PID=20624) to work on /home/ubuntu/airflow/dags/meteo.py
[2024-01-28T23:58:52.188+0100] {processor.py:830} INFO - Processing file /home/ubuntu/airflow/dags/meteo.py for tasks to queue
[2024-01-28T23:58:52.189+0100] {logging_mixin.py:188} INFO - [2024-01-28T23:58:52.189+0100] {dagbag.py:538} INFO - Filling up the DagBag from /home/ubuntu/airflow/dags/meteo.py
[2024-01-28T23:58:52.197+0100] {processor.py:840} INFO - DAG(s) 'exemple_dag' retrieved from /home/ubuntu/airflow/dags/meteo.py
[2024-01-28T23:58:52.216+0100] {logging_mixin.py:188} INFO - [2024-01-28T23:58:52.216+0100] {dag.py:3033} INFO - Sync 1 DAGs
[2024-01-28T23:58:52.243+0100] {logging_mixin.py:188} INFO - [2024-01-28T23:58:52.243+0100] {dag.py:3820} INFO - Setting next_dagrun for exemple_dag to 2024-01-01T00:00:00+00:00, run_after=2024-01-02T00:00:00+00:00
[2024-01-28T23:58:52.271+0100] {processor.py:183} INFO - Processing /home/ubuntu/airflow/dags/meteo.py took 0.089 seconds
[2024-01-28T23:59:33.762+0100] {processor.py:161} INFO - Started process (PID=20672) to work on /home/ubuntu/airflow/dags/meteo.py
[2024-01-28T23:59:33.765+0100] {processor.py:830} INFO - Processing file /home/ubuntu/airflow/dags/meteo.py for tasks to queue
[2024-01-28T23:59:33.766+0100] {logging_mixin.py:188} INFO - [2024-01-28T23:59:33.766+0100] {dagbag.py:538} INFO - Filling up the DagBag from /home/ubuntu/airflow/dags/meteo.py
[2024-01-28T23:59:33.773+0100] {processor.py:840} INFO - DAG(s) 'exemple_dag' retrieved from /home/ubuntu/airflow/dags/meteo.py
[2024-01-28T23:59:33.788+0100] {logging_mixin.py:188} INFO - [2024-01-28T23:59:33.788+0100] {dag.py:3033} INFO - Sync 1 DAGs
[2024-01-28T23:59:33.811+0100] {logging_mixin.py:188} INFO - [2024-01-28T23:59:33.810+0100] {dag.py:3820} INFO - Setting next_dagrun for exemple_dag to 2024-01-01T00:00:00+00:00, run_after=2024-01-02T00:00:00+00:00
[2024-01-28T23:59:33.850+0100] {processor.py:183} INFO - Processing /home/ubuntu/airflow/dags/meteo.py took 0.091 seconds
[2024-01-29T00:00:18.970+0100] {processor.py:161} INFO - Started process (PID=20730) to work on /home/ubuntu/airflow/dags/meteo.py
[2024-01-29T00:00:18.974+0100] {processor.py:830} INFO - Processing file /home/ubuntu/airflow/dags/meteo.py for tasks to queue
[2024-01-29T00:00:18.976+0100] {logging_mixin.py:188} INFO - [2024-01-29T00:00:18.975+0100] {dagbag.py:538} INFO - Filling up the DagBag from /home/ubuntu/airflow/dags/meteo.py
[2024-01-29T00:00:18.983+0100] {processor.py:840} INFO - DAG(s) 'exemple_dag' retrieved from /home/ubuntu/airflow/dags/meteo.py
[2024-01-29T00:00:18.998+0100] {logging_mixin.py:188} INFO - [2024-01-29T00:00:18.998+0100] {dag.py:3033} INFO - Sync 1 DAGs
[2024-01-29T00:00:19.020+0100] {logging_mixin.py:188} INFO - [2024-01-29T00:00:19.019+0100] {dag.py:3820} INFO - Setting next_dagrun for exemple_dag to 2024-01-01T00:00:00+00:00, run_after=2024-01-02T00:00:00+00:00
[2024-01-29T00:00:19.055+0100] {processor.py:183} INFO - Processing /home/ubuntu/airflow/dags/meteo.py took 0.088 seconds
[2024-01-29T00:00:58.735+0100] {processor.py:161} INFO - Started process (PID=20870) to work on /home/ubuntu/airflow/dags/meteo.py
[2024-01-29T00:00:58.736+0100] {processor.py:830} INFO - Processing file /home/ubuntu/airflow/dags/meteo.py for tasks to queue
[2024-01-29T00:00:58.737+0100] {logging_mixin.py:188} INFO - [2024-01-29T00:00:58.737+0100] {dagbag.py:538} INFO - Filling up the DagBag from /home/ubuntu/airflow/dags/meteo.py
[2024-01-29T00:00:58.745+0100] {processor.py:840} INFO - DAG(s) 'exemple_dag' retrieved from /home/ubuntu/airflow/dags/meteo.py
[2024-01-29T00:00:58.762+0100] {logging_mixin.py:188} INFO - [2024-01-29T00:00:58.762+0100] {dag.py:3033} INFO - Sync 1 DAGs
[2024-01-29T00:00:58.782+0100] {logging_mixin.py:188} INFO - [2024-01-29T00:00:58.782+0100] {dag.py:3820} INFO - Setting next_dagrun for exemple_dag to 2024-01-01T00:00:00+00:00, run_after=2024-01-02T00:00:00+00:00
[2024-01-29T00:00:58.813+0100] {processor.py:183} INFO - Processing /home/ubuntu/airflow/dags/meteo.py took 0.083 seconds
[2024-01-29T00:01:37.882+0100] {processor.py:161} INFO - Started process (PID=20918) to work on /home/ubuntu/airflow/dags/meteo.py
[2024-01-29T00:01:37.884+0100] {processor.py:830} INFO - Processing file /home/ubuntu/airflow/dags/meteo.py for tasks to queue
[2024-01-29T00:01:37.887+0100] {logging_mixin.py:188} INFO - [2024-01-29T00:01:37.886+0100] {dagbag.py:538} INFO - Filling up the DagBag from /home/ubuntu/airflow/dags/meteo.py
[2024-01-29T00:01:37.894+0100] {processor.py:840} INFO - DAG(s) 'exemple_dag' retrieved from /home/ubuntu/airflow/dags/meteo.py
[2024-01-29T00:01:37.908+0100] {logging_mixin.py:188} INFO - [2024-01-29T00:01:37.908+0100] {dag.py:3033} INFO - Sync 1 DAGs
[2024-01-29T00:01:37.946+0100] {logging_mixin.py:188} INFO - [2024-01-29T00:01:37.945+0100] {dag.py:3820} INFO - Setting next_dagrun for exemple_dag to 2024-01-01T00:00:00+00:00, run_after=2024-01-02T00:00:00+00:00
[2024-01-29T00:01:37.973+0100] {processor.py:183} INFO - Processing /home/ubuntu/airflow/dags/meteo.py took 0.094 seconds
[2024-01-29T00:02:15.476+0100] {processor.py:161} INFO - Started process (PID=20971) to work on /home/ubuntu/airflow/dags/meteo.py
[2024-01-29T00:02:15.478+0100] {processor.py:830} INFO - Processing file /home/ubuntu/airflow/dags/meteo.py for tasks to queue
[2024-01-29T00:02:15.479+0100] {logging_mixin.py:188} INFO - [2024-01-29T00:02:15.479+0100] {dagbag.py:538} INFO - Filling up the DagBag from /home/ubuntu/airflow/dags/meteo.py
[2024-01-29T00:02:15.487+0100] {processor.py:840} INFO - DAG(s) 'exemple_dag' retrieved from /home/ubuntu/airflow/dags/meteo.py
[2024-01-29T00:02:15.504+0100] {logging_mixin.py:188} INFO - [2024-01-29T00:02:15.504+0100] {dag.py:3033} INFO - Sync 1 DAGs
[2024-01-29T00:02:15.530+0100] {logging_mixin.py:188} INFO - [2024-01-29T00:02:15.530+0100] {dag.py:3820} INFO - Setting next_dagrun for exemple_dag to 2024-01-01T00:00:00+00:00, run_after=2024-01-02T00:00:00+00:00
[2024-01-29T00:02:15.569+0100] {processor.py:183} INFO - Processing /home/ubuntu/airflow/dags/meteo.py took 0.098 seconds
