[2024-01-31T01:01:17.926+0100] {processor.py:161} INFO - Started process (PID=26509) to work on /home/ubuntu/airflow/dags/meteoDag.py
[2024-01-31T01:01:17.927+0100] {processor.py:830} INFO - Processing file /home/ubuntu/airflow/dags/meteoDag.py for tasks to queue
[2024-01-31T01:01:17.929+0100] {logging_mixin.py:188} INFO - [2024-01-31T01:01:17.929+0100] {dagbag.py:538} INFO - Filling up the DagBag from /home/ubuntu/airflow/dags/meteoDag.py
[2024-01-31T01:01:17.977+0100] {processor.py:840} INFO - DAG(s) 'meteo_dag' retrieved from /home/ubuntu/airflow/dags/meteoDag.py
[2024-01-31T01:01:18.028+0100] {logging_mixin.py:188} INFO - [2024-01-31T01:01:18.028+0100] {dag.py:3033} INFO - Sync 1 DAGs
[2024-01-31T01:01:18.054+0100] {logging_mixin.py:188} INFO - [2024-01-31T01:01:18.054+0100] {dag.py:3820} INFO - Setting next_dagrun for meteo_dag to 2024-01-31T00:00:00+00:00, run_after=2024-02-01T00:00:00+00:00
[2024-01-31T01:01:18.092+0100] {processor.py:183} INFO - Processing /home/ubuntu/airflow/dags/meteoDag.py took 0.170 seconds
[2024-01-31T01:02:15.876+0100] {processor.py:161} INFO - Started process (PID=26566) to work on /home/ubuntu/airflow/dags/meteoDag.py
[2024-01-31T01:02:15.879+0100] {processor.py:830} INFO - Processing file /home/ubuntu/airflow/dags/meteoDag.py for tasks to queue
[2024-01-31T01:02:15.880+0100] {logging_mixin.py:188} INFO - [2024-01-31T01:02:15.879+0100] {dagbag.py:538} INFO - Filling up the DagBag from /home/ubuntu/airflow/dags/meteoDag.py
[2024-01-31T01:02:15.894+0100] {processor.py:840} INFO - DAG(s) 'meteo_dag' retrieved from /home/ubuntu/airflow/dags/meteoDag.py
[2024-01-31T01:02:15.913+0100] {logging_mixin.py:188} INFO - [2024-01-31T01:02:15.912+0100] {dag.py:3033} INFO - Sync 1 DAGs
[2024-01-31T01:02:15.931+0100] {logging_mixin.py:188} INFO - [2024-01-31T01:02:15.931+0100] {dag.py:3820} INFO - Setting next_dagrun for meteo_dag to 2024-01-31T00:00:00+00:00, run_after=2024-02-01T00:00:00+00:00
[2024-01-31T01:02:15.962+0100] {processor.py:183} INFO - Processing /home/ubuntu/airflow/dags/meteoDag.py took 0.090 seconds
[2024-01-31T10:29:21.027+0100] {processor.py:161} INFO - Started process (PID=26686) to work on /home/ubuntu/airflow/dags/meteoDag.py
[2024-01-31T10:29:21.041+0100] {processor.py:830} INFO - Processing file /home/ubuntu/airflow/dags/meteoDag.py for tasks to queue
[2024-01-31T10:29:21.055+0100] {logging_mixin.py:188} INFO - [2024-01-31T10:29:21.050+0100] {dagbag.py:538} INFO - Filling up the DagBag from /home/ubuntu/airflow/dags/meteoDag.py
[2024-01-31T10:29:21.077+0100] {processor.py:840} INFO - DAG(s) 'meteo_dag' retrieved from /home/ubuntu/airflow/dags/meteoDag.py
[2024-01-31T10:29:21.129+0100] {logging_mixin.py:188} INFO - [2024-01-31T10:29:21.126+0100] {dag.py:3033} INFO - Sync 1 DAGs
[2024-01-31T10:29:21.226+0100] {logging_mixin.py:188} INFO - [2024-01-31T10:29:21.226+0100] {dag.py:3820} INFO - Setting next_dagrun for meteo_dag to 2024-01-31T00:00:00+00:00, run_after=2024-02-01T00:00:00+00:00
[2024-01-31T10:29:21.265+0100] {processor.py:183} INFO - Processing /home/ubuntu/airflow/dags/meteoDag.py took 0.268 seconds
[2024-01-31T10:30:00.692+0100] {processor.py:161} INFO - Started process (PID=26729) to work on /home/ubuntu/airflow/dags/meteoDag.py
[2024-01-31T10:30:00.695+0100] {processor.py:830} INFO - Processing file /home/ubuntu/airflow/dags/meteoDag.py for tasks to queue
[2024-01-31T10:30:00.696+0100] {logging_mixin.py:188} INFO - [2024-01-31T10:30:00.695+0100] {dagbag.py:538} INFO - Filling up the DagBag from /home/ubuntu/airflow/dags/meteoDag.py
[2024-01-31T10:30:00.708+0100] {processor.py:840} INFO - DAG(s) 'meteo_dag' retrieved from /home/ubuntu/airflow/dags/meteoDag.py
[2024-01-31T10:30:00.727+0100] {logging_mixin.py:188} INFO - [2024-01-31T10:30:00.727+0100] {dag.py:3033} INFO - Sync 1 DAGs
[2024-01-31T10:30:00.745+0100] {logging_mixin.py:188} INFO - [2024-01-31T10:30:00.745+0100] {dag.py:3820} INFO - Setting next_dagrun for meteo_dag to 2024-01-31T00:00:00+00:00, run_after=2024-02-01T00:00:00+00:00
[2024-01-31T10:30:00.773+0100] {processor.py:183} INFO - Processing /home/ubuntu/airflow/dags/meteoDag.py took 0.085 seconds
[2024-01-31T10:30:40.129+0100] {processor.py:161} INFO - Started process (PID=26775) to work on /home/ubuntu/airflow/dags/meteoDag.py
[2024-01-31T10:30:40.132+0100] {processor.py:830} INFO - Processing file /home/ubuntu/airflow/dags/meteoDag.py for tasks to queue
[2024-01-31T10:30:40.133+0100] {logging_mixin.py:188} INFO - [2024-01-31T10:30:40.132+0100] {dagbag.py:538} INFO - Filling up the DagBag from /home/ubuntu/airflow/dags/meteoDag.py
[2024-01-31T10:30:40.145+0100] {processor.py:840} INFO - DAG(s) 'meteo_dag' retrieved from /home/ubuntu/airflow/dags/meteoDag.py
[2024-01-31T10:30:40.163+0100] {logging_mixin.py:188} INFO - [2024-01-31T10:30:40.162+0100] {dag.py:3033} INFO - Sync 1 DAGs
[2024-01-31T10:30:40.180+0100] {logging_mixin.py:188} INFO - [2024-01-31T10:30:40.180+0100] {dag.py:3820} INFO - Setting next_dagrun for meteo_dag to 2024-01-31T00:00:00+00:00, run_after=2024-02-01T00:00:00+00:00
[2024-01-31T10:30:40.211+0100] {processor.py:183} INFO - Processing /home/ubuntu/airflow/dags/meteoDag.py took 0.085 seconds
[2024-01-31T10:31:21.526+0100] {processor.py:161} INFO - Started process (PID=26823) to work on /home/ubuntu/airflow/dags/meteoDag.py
[2024-01-31T10:31:21.529+0100] {processor.py:830} INFO - Processing file /home/ubuntu/airflow/dags/meteoDag.py for tasks to queue
[2024-01-31T10:31:21.530+0100] {logging_mixin.py:188} INFO - [2024-01-31T10:31:21.530+0100] {dagbag.py:538} INFO - Filling up the DagBag from /home/ubuntu/airflow/dags/meteoDag.py
[2024-01-31T10:31:21.541+0100] {processor.py:840} INFO - DAG(s) 'meteo_dag' retrieved from /home/ubuntu/airflow/dags/meteoDag.py
[2024-01-31T10:31:21.558+0100] {logging_mixin.py:188} INFO - [2024-01-31T10:31:21.558+0100] {dag.py:3033} INFO - Sync 1 DAGs
[2024-01-31T10:31:21.576+0100] {logging_mixin.py:188} INFO - [2024-01-31T10:31:21.576+0100] {dag.py:3820} INFO - Setting next_dagrun for meteo_dag to 2024-01-31T00:00:00+00:00, run_after=2024-02-01T00:00:00+00:00
[2024-01-31T10:31:21.603+0100] {processor.py:183} INFO - Processing /home/ubuntu/airflow/dags/meteoDag.py took 0.080 seconds
[2024-01-31T10:31:59.488+0100] {processor.py:161} INFO - Started process (PID=26870) to work on /home/ubuntu/airflow/dags/meteoDag.py
[2024-01-31T10:31:59.490+0100] {processor.py:830} INFO - Processing file /home/ubuntu/airflow/dags/meteoDag.py for tasks to queue
[2024-01-31T10:31:59.491+0100] {logging_mixin.py:188} INFO - [2024-01-31T10:31:59.491+0100] {dagbag.py:538} INFO - Filling up the DagBag from /home/ubuntu/airflow/dags/meteoDag.py
[2024-01-31T10:31:59.503+0100] {processor.py:840} INFO - DAG(s) 'meteo_dag' retrieved from /home/ubuntu/airflow/dags/meteoDag.py
[2024-01-31T10:31:59.521+0100] {logging_mixin.py:188} INFO - [2024-01-31T10:31:59.520+0100] {dag.py:3033} INFO - Sync 1 DAGs
[2024-01-31T10:31:59.538+0100] {logging_mixin.py:188} INFO - [2024-01-31T10:31:59.538+0100] {dag.py:3820} INFO - Setting next_dagrun for meteo_dag to 2024-01-31T00:00:00+00:00, run_after=2024-02-01T00:00:00+00:00
[2024-01-31T10:31:59.564+0100] {processor.py:183} INFO - Processing /home/ubuntu/airflow/dags/meteoDag.py took 0.080 seconds
[2024-01-31T10:32:38.486+0100] {processor.py:161} INFO - Started process (PID=26916) to work on /home/ubuntu/airflow/dags/meteoDag.py
[2024-01-31T10:32:38.488+0100] {processor.py:830} INFO - Processing file /home/ubuntu/airflow/dags/meteoDag.py for tasks to queue
[2024-01-31T10:32:38.489+0100] {logging_mixin.py:188} INFO - [2024-01-31T10:32:38.488+0100] {dagbag.py:538} INFO - Filling up the DagBag from /home/ubuntu/airflow/dags/meteoDag.py
[2024-01-31T10:32:38.500+0100] {processor.py:840} INFO - DAG(s) 'meteo_dag' retrieved from /home/ubuntu/airflow/dags/meteoDag.py
[2024-01-31T10:32:38.522+0100] {logging_mixin.py:188} INFO - [2024-01-31T10:32:38.522+0100] {dag.py:3033} INFO - Sync 1 DAGs
[2024-01-31T10:32:38.539+0100] {logging_mixin.py:188} INFO - [2024-01-31T10:32:38.539+0100] {dag.py:3820} INFO - Setting next_dagrun for meteo_dag to 2024-01-31T00:00:00+00:00, run_after=2024-02-01T00:00:00+00:00
[2024-01-31T10:32:38.572+0100] {processor.py:183} INFO - Processing /home/ubuntu/airflow/dags/meteoDag.py took 0.089 seconds
[2024-01-31T10:33:20.378+0100] {processor.py:161} INFO - Started process (PID=26964) to work on /home/ubuntu/airflow/dags/meteoDag.py
[2024-01-31T10:33:20.381+0100] {processor.py:830} INFO - Processing file /home/ubuntu/airflow/dags/meteoDag.py for tasks to queue
[2024-01-31T10:33:20.382+0100] {logging_mixin.py:188} INFO - [2024-01-31T10:33:20.381+0100] {dagbag.py:538} INFO - Filling up the DagBag from /home/ubuntu/airflow/dags/meteoDag.py
[2024-01-31T10:33:20.394+0100] {processor.py:840} INFO - DAG(s) 'meteo_dag' retrieved from /home/ubuntu/airflow/dags/meteoDag.py
[2024-01-31T10:33:20.411+0100] {logging_mixin.py:188} INFO - [2024-01-31T10:33:20.411+0100] {dag.py:3033} INFO - Sync 1 DAGs
[2024-01-31T10:33:20.429+0100] {logging_mixin.py:188} INFO - [2024-01-31T10:33:20.429+0100] {dag.py:3820} INFO - Setting next_dagrun for meteo_dag to 2024-01-31T00:00:00+00:00, run_after=2024-02-01T00:00:00+00:00
[2024-01-31T10:33:20.458+0100] {processor.py:183} INFO - Processing /home/ubuntu/airflow/dags/meteoDag.py took 0.083 seconds
[2024-01-31T10:34:01.621+0100] {processor.py:161} INFO - Started process (PID=27013) to work on /home/ubuntu/airflow/dags/meteoDag.py
[2024-01-31T10:34:01.624+0100] {processor.py:830} INFO - Processing file /home/ubuntu/airflow/dags/meteoDag.py for tasks to queue
[2024-01-31T10:34:01.625+0100] {logging_mixin.py:188} INFO - [2024-01-31T10:34:01.625+0100] {dagbag.py:538} INFO - Filling up the DagBag from /home/ubuntu/airflow/dags/meteoDag.py
[2024-01-31T10:34:01.637+0100] {processor.py:840} INFO - DAG(s) 'meteo_dag' retrieved from /home/ubuntu/airflow/dags/meteoDag.py
[2024-01-31T10:34:01.655+0100] {logging_mixin.py:188} INFO - [2024-01-31T10:34:01.655+0100] {dag.py:3033} INFO - Sync 1 DAGs
[2024-01-31T10:34:01.672+0100] {logging_mixin.py:188} INFO - [2024-01-31T10:34:01.672+0100] {dag.py:3820} INFO - Setting next_dagrun for meteo_dag to 2024-01-31T00:00:00+00:00, run_after=2024-02-01T00:00:00+00:00
[2024-01-31T10:34:01.700+0100] {processor.py:183} INFO - Processing /home/ubuntu/airflow/dags/meteoDag.py took 0.082 seconds
[2024-01-31T10:34:43.514+0100] {processor.py:161} INFO - Started process (PID=27097) to work on /home/ubuntu/airflow/dags/meteoDag.py
[2024-01-31T10:34:43.516+0100] {processor.py:830} INFO - Processing file /home/ubuntu/airflow/dags/meteoDag.py for tasks to queue
[2024-01-31T10:34:43.517+0100] {logging_mixin.py:188} INFO - [2024-01-31T10:34:43.517+0100] {dagbag.py:538} INFO - Filling up the DagBag from /home/ubuntu/airflow/dags/meteoDag.py
[2024-01-31T10:34:43.532+0100] {processor.py:840} INFO - DAG(s) 'meteo_dag' retrieved from /home/ubuntu/airflow/dags/meteoDag.py
[2024-01-31T10:34:43.551+0100] {logging_mixin.py:188} INFO - [2024-01-31T10:34:43.551+0100] {dag.py:3033} INFO - Sync 1 DAGs
[2024-01-31T10:34:43.572+0100] {logging_mixin.py:188} INFO - [2024-01-31T10:34:43.572+0100] {dag.py:3820} INFO - Setting next_dagrun for meteo_dag to 2024-01-31T00:00:00+00:00, run_after=2024-02-01T00:00:00+00:00
[2024-01-31T10:34:43.603+0100] {processor.py:183} INFO - Processing /home/ubuntu/airflow/dags/meteoDag.py took 0.093 seconds
[2024-01-31T10:35:29.024+0100] {processor.py:161} INFO - Started process (PID=27147) to work on /home/ubuntu/airflow/dags/meteoDag.py
[2024-01-31T10:35:29.027+0100] {processor.py:830} INFO - Processing file /home/ubuntu/airflow/dags/meteoDag.py for tasks to queue
[2024-01-31T10:35:29.029+0100] {logging_mixin.py:188} INFO - [2024-01-31T10:35:29.028+0100] {dagbag.py:538} INFO - Filling up the DagBag from /home/ubuntu/airflow/dags/meteoDag.py
[2024-01-31T10:35:29.043+0100] {processor.py:840} INFO - DAG(s) 'meteo_dag' retrieved from /home/ubuntu/airflow/dags/meteoDag.py
[2024-01-31T10:35:29.067+0100] {logging_mixin.py:188} INFO - [2024-01-31T10:35:29.066+0100] {dag.py:3033} INFO - Sync 1 DAGs
[2024-01-31T10:35:29.096+0100] {logging_mixin.py:188} INFO - [2024-01-31T10:35:29.095+0100] {dag.py:3820} INFO - Setting next_dagrun for meteo_dag to 2024-01-31T00:00:00+00:00, run_after=2024-02-01T00:00:00+00:00
[2024-01-31T10:35:29.130+0100] {processor.py:183} INFO - Processing /home/ubuntu/airflow/dags/meteoDag.py took 0.110 seconds
[2024-01-31T10:36:14.931+0100] {processor.py:161} INFO - Started process (PID=27201) to work on /home/ubuntu/airflow/dags/meteoDag.py
[2024-01-31T10:36:14.933+0100] {processor.py:830} INFO - Processing file /home/ubuntu/airflow/dags/meteoDag.py for tasks to queue
[2024-01-31T10:36:14.935+0100] {logging_mixin.py:188} INFO - [2024-01-31T10:36:14.934+0100] {dagbag.py:538} INFO - Filling up the DagBag from /home/ubuntu/airflow/dags/meteoDag.py
[2024-01-31T10:36:14.946+0100] {processor.py:840} INFO - DAG(s) 'meteo_dag' retrieved from /home/ubuntu/airflow/dags/meteoDag.py
[2024-01-31T10:36:14.968+0100] {logging_mixin.py:188} INFO - [2024-01-31T10:36:14.967+0100] {dag.py:3033} INFO - Sync 1 DAGs
[2024-01-31T10:36:14.988+0100] {logging_mixin.py:188} INFO - [2024-01-31T10:36:14.987+0100] {dag.py:3820} INFO - Setting next_dagrun for meteo_dag to 2024-01-31T00:00:00+00:00, run_after=2024-02-01T00:00:00+00:00
[2024-01-31T10:36:15.022+0100] {processor.py:183} INFO - Processing /home/ubuntu/airflow/dags/meteoDag.py took 0.095 seconds
[2024-01-31T10:36:57.077+0100] {processor.py:161} INFO - Started process (PID=27250) to work on /home/ubuntu/airflow/dags/meteoDag.py
[2024-01-31T10:36:57.079+0100] {processor.py:830} INFO - Processing file /home/ubuntu/airflow/dags/meteoDag.py for tasks to queue
[2024-01-31T10:36:57.080+0100] {logging_mixin.py:188} INFO - [2024-01-31T10:36:57.079+0100] {dagbag.py:538} INFO - Filling up the DagBag from /home/ubuntu/airflow/dags/meteoDag.py
[2024-01-31T10:36:57.092+0100] {processor.py:840} INFO - DAG(s) 'meteo_dag' retrieved from /home/ubuntu/airflow/dags/meteoDag.py
[2024-01-31T10:36:57.123+0100] {logging_mixin.py:188} INFO - [2024-01-31T10:36:57.123+0100] {dag.py:3033} INFO - Sync 1 DAGs
[2024-01-31T10:36:57.154+0100] {logging_mixin.py:188} INFO - [2024-01-31T10:36:57.153+0100] {dag.py:3820} INFO - Setting next_dagrun for meteo_dag to 2024-01-31T00:00:00+00:00, run_after=2024-02-01T00:00:00+00:00
[2024-01-31T10:36:57.191+0100] {processor.py:183} INFO - Processing /home/ubuntu/airflow/dags/meteoDag.py took 0.118 seconds
[2024-01-31T10:37:40.439+0100] {processor.py:161} INFO - Started process (PID=27299) to work on /home/ubuntu/airflow/dags/meteoDag.py
[2024-01-31T10:37:40.448+0100] {processor.py:830} INFO - Processing file /home/ubuntu/airflow/dags/meteoDag.py for tasks to queue
[2024-01-31T10:37:40.450+0100] {logging_mixin.py:188} INFO - [2024-01-31T10:37:40.449+0100] {dagbag.py:538} INFO - Filling up the DagBag from /home/ubuntu/airflow/dags/meteoDag.py
[2024-01-31T10:37:40.462+0100] {processor.py:840} INFO - DAG(s) 'meteo_dag' retrieved from /home/ubuntu/airflow/dags/meteoDag.py
[2024-01-31T10:37:40.479+0100] {logging_mixin.py:188} INFO - [2024-01-31T10:37:40.479+0100] {dag.py:3033} INFO - Sync 1 DAGs
[2024-01-31T10:37:40.504+0100] {logging_mixin.py:188} INFO - [2024-01-31T10:37:40.504+0100] {dag.py:3820} INFO - Setting next_dagrun for meteo_dag to 2024-01-31T00:00:00+00:00, run_after=2024-02-01T00:00:00+00:00
[2024-01-31T10:37:40.533+0100] {processor.py:183} INFO - Processing /home/ubuntu/airflow/dags/meteoDag.py took 0.097 seconds
[2024-01-31T10:38:22.225+0100] {processor.py:161} INFO - Started process (PID=27349) to work on /home/ubuntu/airflow/dags/meteoDag.py
[2024-01-31T10:38:22.227+0100] {processor.py:830} INFO - Processing file /home/ubuntu/airflow/dags/meteoDag.py for tasks to queue
[2024-01-31T10:38:22.228+0100] {logging_mixin.py:188} INFO - [2024-01-31T10:38:22.228+0100] {dagbag.py:538} INFO - Filling up the DagBag from /home/ubuntu/airflow/dags/meteoDag.py
[2024-01-31T10:38:22.241+0100] {processor.py:840} INFO - DAG(s) 'meteo_dag' retrieved from /home/ubuntu/airflow/dags/meteoDag.py
[2024-01-31T10:38:22.258+0100] {logging_mixin.py:188} INFO - [2024-01-31T10:38:22.258+0100] {dag.py:3033} INFO - Sync 1 DAGs
[2024-01-31T10:38:22.276+0100] {logging_mixin.py:188} INFO - [2024-01-31T10:38:22.275+0100] {dag.py:3820} INFO - Setting next_dagrun for meteo_dag to 2024-01-31T00:00:00+00:00, run_after=2024-02-01T00:00:00+00:00
[2024-01-31T10:38:22.308+0100] {processor.py:183} INFO - Processing /home/ubuntu/airflow/dags/meteoDag.py took 0.087 seconds
[2024-01-31T10:39:06.022+0100] {processor.py:161} INFO - Started process (PID=27399) to work on /home/ubuntu/airflow/dags/meteoDag.py
[2024-01-31T10:39:06.025+0100] {processor.py:830} INFO - Processing file /home/ubuntu/airflow/dags/meteoDag.py for tasks to queue
[2024-01-31T10:39:06.035+0100] {logging_mixin.py:188} INFO - [2024-01-31T10:39:06.034+0100] {dagbag.py:538} INFO - Filling up the DagBag from /home/ubuntu/airflow/dags/meteoDag.py
[2024-01-31T10:39:06.048+0100] {processor.py:840} INFO - DAG(s) 'meteo_dag' retrieved from /home/ubuntu/airflow/dags/meteoDag.py
[2024-01-31T10:39:06.066+0100] {logging_mixin.py:188} INFO - [2024-01-31T10:39:06.066+0100] {dag.py:3033} INFO - Sync 1 DAGs
[2024-01-31T10:39:06.083+0100] {logging_mixin.py:188} INFO - [2024-01-31T10:39:06.083+0100] {dag.py:3820} INFO - Setting next_dagrun for meteo_dag to 2024-01-31T00:00:00+00:00, run_after=2024-02-01T00:00:00+00:00
[2024-01-31T10:39:06.118+0100] {processor.py:183} INFO - Processing /home/ubuntu/airflow/dags/meteoDag.py took 0.101 seconds
[2024-01-31T10:39:47.859+0100] {processor.py:161} INFO - Started process (PID=27447) to work on /home/ubuntu/airflow/dags/meteoDag.py
[2024-01-31T10:39:47.861+0100] {processor.py:830} INFO - Processing file /home/ubuntu/airflow/dags/meteoDag.py for tasks to queue
[2024-01-31T10:39:47.863+0100] {logging_mixin.py:188} INFO - [2024-01-31T10:39:47.863+0100] {dagbag.py:538} INFO - Filling up the DagBag from /home/ubuntu/airflow/dags/meteoDag.py
[2024-01-31T10:39:47.874+0100] {processor.py:840} INFO - DAG(s) 'meteo_dag' retrieved from /home/ubuntu/airflow/dags/meteoDag.py
[2024-01-31T10:39:47.890+0100] {logging_mixin.py:188} INFO - [2024-01-31T10:39:47.890+0100] {dag.py:3033} INFO - Sync 1 DAGs
[2024-01-31T10:39:47.908+0100] {logging_mixin.py:188} INFO - [2024-01-31T10:39:47.907+0100] {dag.py:3820} INFO - Setting next_dagrun for meteo_dag to 2024-01-31T00:00:00+00:00, run_after=2024-02-01T00:00:00+00:00
[2024-01-31T10:39:47.952+0100] {processor.py:183} INFO - Processing /home/ubuntu/airflow/dags/meteoDag.py took 0.097 seconds
[2024-01-31T10:40:27.200+0100] {processor.py:161} INFO - Started process (PID=27497) to work on /home/ubuntu/airflow/dags/meteoDag.py
[2024-01-31T10:40:27.201+0100] {processor.py:830} INFO - Processing file /home/ubuntu/airflow/dags/meteoDag.py for tasks to queue
[2024-01-31T10:40:27.203+0100] {logging_mixin.py:188} INFO - [2024-01-31T10:40:27.202+0100] {dagbag.py:538} INFO - Filling up the DagBag from /home/ubuntu/airflow/dags/meteoDag.py
[2024-01-31T10:40:27.215+0100] {processor.py:840} INFO - DAG(s) 'meteo_dag' retrieved from /home/ubuntu/airflow/dags/meteoDag.py
[2024-01-31T10:40:27.235+0100] {logging_mixin.py:188} INFO - [2024-01-31T10:40:27.234+0100] {dag.py:3033} INFO - Sync 1 DAGs
[2024-01-31T10:40:27.252+0100] {logging_mixin.py:188} INFO - [2024-01-31T10:40:27.252+0100] {dag.py:3820} INFO - Setting next_dagrun for meteo_dag to 2024-01-31T00:00:00+00:00, run_after=2024-02-01T00:00:00+00:00
[2024-01-31T10:40:27.281+0100] {processor.py:183} INFO - Processing /home/ubuntu/airflow/dags/meteoDag.py took 0.086 seconds
[2024-01-31T10:41:04.361+0100] {processor.py:161} INFO - Started process (PID=27543) to work on /home/ubuntu/airflow/dags/meteoDag.py
[2024-01-31T10:41:04.363+0100] {processor.py:830} INFO - Processing file /home/ubuntu/airflow/dags/meteoDag.py for tasks to queue
[2024-01-31T10:41:04.364+0100] {logging_mixin.py:188} INFO - [2024-01-31T10:41:04.364+0100] {dagbag.py:538} INFO - Filling up the DagBag from /home/ubuntu/airflow/dags/meteoDag.py
[2024-01-31T10:41:04.377+0100] {processor.py:840} INFO - DAG(s) 'meteo_dag' retrieved from /home/ubuntu/airflow/dags/meteoDag.py
[2024-01-31T10:41:04.396+0100] {logging_mixin.py:188} INFO - [2024-01-31T10:41:04.395+0100] {dag.py:3033} INFO - Sync 1 DAGs
[2024-01-31T10:41:04.415+0100] {logging_mixin.py:188} INFO - [2024-01-31T10:41:04.415+0100] {dag.py:3820} INFO - Setting next_dagrun for meteo_dag to 2024-01-31T00:00:00+00:00, run_after=2024-02-01T00:00:00+00:00
[2024-01-31T10:41:04.454+0100] {processor.py:183} INFO - Processing /home/ubuntu/airflow/dags/meteoDag.py took 0.098 seconds
[2024-01-31T10:41:46.313+0100] {processor.py:161} INFO - Started process (PID=27588) to work on /home/ubuntu/airflow/dags/meteoDag.py
[2024-01-31T10:41:46.316+0100] {processor.py:830} INFO - Processing file /home/ubuntu/airflow/dags/meteoDag.py for tasks to queue
[2024-01-31T10:41:46.317+0100] {logging_mixin.py:188} INFO - [2024-01-31T10:41:46.317+0100] {dagbag.py:538} INFO - Filling up the DagBag from /home/ubuntu/airflow/dags/meteoDag.py
[2024-01-31T10:41:46.333+0100] {processor.py:840} INFO - DAG(s) 'meteo_dag' retrieved from /home/ubuntu/airflow/dags/meteoDag.py
[2024-01-31T10:41:46.355+0100] {logging_mixin.py:188} INFO - [2024-01-31T10:41:46.354+0100] {dag.py:3033} INFO - Sync 1 DAGs
[2024-01-31T10:41:46.378+0100] {logging_mixin.py:188} INFO - [2024-01-31T10:41:46.378+0100] {dag.py:3820} INFO - Setting next_dagrun for meteo_dag to 2024-01-31T00:00:00+00:00, run_after=2024-02-01T00:00:00+00:00
[2024-01-31T10:41:46.410+0100] {processor.py:183} INFO - Processing /home/ubuntu/airflow/dags/meteoDag.py took 0.101 seconds
[2024-01-31T10:42:27.017+0100] {processor.py:161} INFO - Started process (PID=27639) to work on /home/ubuntu/airflow/dags/meteoDag.py
[2024-01-31T10:42:27.019+0100] {processor.py:830} INFO - Processing file /home/ubuntu/airflow/dags/meteoDag.py for tasks to queue
[2024-01-31T10:42:27.021+0100] {logging_mixin.py:188} INFO - [2024-01-31T10:42:27.020+0100] {dagbag.py:538} INFO - Filling up the DagBag from /home/ubuntu/airflow/dags/meteoDag.py
[2024-01-31T10:42:27.032+0100] {processor.py:840} INFO - DAG(s) 'meteo_dag' retrieved from /home/ubuntu/airflow/dags/meteoDag.py
[2024-01-31T10:42:27.050+0100] {logging_mixin.py:188} INFO - [2024-01-31T10:42:27.049+0100] {dag.py:3033} INFO - Sync 1 DAGs
[2024-01-31T10:42:27.069+0100] {logging_mixin.py:188} INFO - [2024-01-31T10:42:27.068+0100] {dag.py:3820} INFO - Setting next_dagrun for meteo_dag to 2024-01-31T00:00:00+00:00, run_after=2024-02-01T00:00:00+00:00
[2024-01-31T10:42:27.096+0100] {processor.py:183} INFO - Processing /home/ubuntu/airflow/dags/meteoDag.py took 0.083 seconds
[2024-01-31T10:43:06.697+0100] {processor.py:161} INFO - Started process (PID=27692) to work on /home/ubuntu/airflow/dags/meteoDag.py
[2024-01-31T10:43:06.701+0100] {processor.py:830} INFO - Processing file /home/ubuntu/airflow/dags/meteoDag.py for tasks to queue
[2024-01-31T10:43:06.706+0100] {logging_mixin.py:188} INFO - [2024-01-31T10:43:06.705+0100] {dagbag.py:538} INFO - Filling up the DagBag from /home/ubuntu/airflow/dags/meteoDag.py
[2024-01-31T10:43:06.724+0100] {processor.py:840} INFO - DAG(s) 'meteo_dag' retrieved from /home/ubuntu/airflow/dags/meteoDag.py
[2024-01-31T10:43:06.748+0100] {logging_mixin.py:188} INFO - [2024-01-31T10:43:06.748+0100] {dag.py:3033} INFO - Sync 1 DAGs
[2024-01-31T10:43:06.769+0100] {logging_mixin.py:188} INFO - [2024-01-31T10:43:06.769+0100] {dag.py:3820} INFO - Setting next_dagrun for meteo_dag to 2024-01-31T00:00:00+00:00, run_after=2024-02-01T00:00:00+00:00
[2024-01-31T10:43:06.802+0100] {processor.py:183} INFO - Processing /home/ubuntu/airflow/dags/meteoDag.py took 0.110 seconds
[2024-01-31T10:43:42.718+0100] {processor.py:161} INFO - Started process (PID=27729) to work on /home/ubuntu/airflow/dags/meteoDag.py
[2024-01-31T10:43:42.720+0100] {processor.py:830} INFO - Processing file /home/ubuntu/airflow/dags/meteoDag.py for tasks to queue
[2024-01-31T10:43:42.722+0100] {logging_mixin.py:188} INFO - [2024-01-31T10:43:42.721+0100] {dagbag.py:538} INFO - Filling up the DagBag from /home/ubuntu/airflow/dags/meteoDag.py
[2024-01-31T10:43:42.737+0100] {processor.py:840} INFO - DAG(s) 'meteo_dag' retrieved from /home/ubuntu/airflow/dags/meteoDag.py
[2024-01-31T10:43:42.753+0100] {logging_mixin.py:188} INFO - [2024-01-31T10:43:42.753+0100] {dag.py:3033} INFO - Sync 1 DAGs
[2024-01-31T10:43:42.770+0100] {logging_mixin.py:188} INFO - [2024-01-31T10:43:42.770+0100] {dag.py:3820} INFO - Setting next_dagrun for meteo_dag to 2024-01-31T00:00:00+00:00, run_after=2024-02-01T00:00:00+00:00
[2024-01-31T10:43:42.798+0100] {processor.py:183} INFO - Processing /home/ubuntu/airflow/dags/meteoDag.py took 0.084 seconds
[2024-01-31T10:44:22.725+0100] {processor.py:161} INFO - Started process (PID=27776) to work on /home/ubuntu/airflow/dags/meteoDag.py
[2024-01-31T10:44:22.727+0100] {processor.py:830} INFO - Processing file /home/ubuntu/airflow/dags/meteoDag.py for tasks to queue
[2024-01-31T10:44:22.728+0100] {logging_mixin.py:188} INFO - [2024-01-31T10:44:22.728+0100] {dagbag.py:538} INFO - Filling up the DagBag from /home/ubuntu/airflow/dags/meteoDag.py
[2024-01-31T10:44:22.741+0100] {processor.py:840} INFO - DAG(s) 'meteo_dag' retrieved from /home/ubuntu/airflow/dags/meteoDag.py
[2024-01-31T10:44:22.759+0100] {logging_mixin.py:188} INFO - [2024-01-31T10:44:22.759+0100] {dag.py:3033} INFO - Sync 1 DAGs
[2024-01-31T10:44:22.777+0100] {logging_mixin.py:188} INFO - [2024-01-31T10:44:22.776+0100] {dag.py:3820} INFO - Setting next_dagrun for meteo_dag to 2024-01-31T00:00:00+00:00, run_after=2024-02-01T00:00:00+00:00
[2024-01-31T10:44:22.804+0100] {processor.py:183} INFO - Processing /home/ubuntu/airflow/dags/meteoDag.py took 0.083 seconds
[2024-01-31T10:45:05.116+0100] {processor.py:161} INFO - Started process (PID=27826) to work on /home/ubuntu/airflow/dags/meteoDag.py
[2024-01-31T10:45:05.119+0100] {processor.py:830} INFO - Processing file /home/ubuntu/airflow/dags/meteoDag.py for tasks to queue
[2024-01-31T10:45:05.120+0100] {logging_mixin.py:188} INFO - [2024-01-31T10:45:05.119+0100] {dagbag.py:538} INFO - Filling up the DagBag from /home/ubuntu/airflow/dags/meteoDag.py
[2024-01-31T10:45:05.132+0100] {processor.py:840} INFO - DAG(s) 'meteo_dag' retrieved from /home/ubuntu/airflow/dags/meteoDag.py
[2024-01-31T10:45:05.149+0100] {logging_mixin.py:188} INFO - [2024-01-31T10:45:05.149+0100] {dag.py:3033} INFO - Sync 1 DAGs
[2024-01-31T10:45:05.167+0100] {logging_mixin.py:188} INFO - [2024-01-31T10:45:05.167+0100] {dag.py:3820} INFO - Setting next_dagrun for meteo_dag to 2024-01-31T00:00:00+00:00, run_after=2024-02-01T00:00:00+00:00
[2024-01-31T10:45:05.197+0100] {processor.py:183} INFO - Processing /home/ubuntu/airflow/dags/meteoDag.py took 0.085 seconds
[2024-01-31T10:45:46.720+0100] {processor.py:161} INFO - Started process (PID=27873) to work on /home/ubuntu/airflow/dags/meteoDag.py
[2024-01-31T10:45:46.722+0100] {processor.py:830} INFO - Processing file /home/ubuntu/airflow/dags/meteoDag.py for tasks to queue
[2024-01-31T10:45:46.723+0100] {logging_mixin.py:188} INFO - [2024-01-31T10:45:46.723+0100] {dagbag.py:538} INFO - Filling up the DagBag from /home/ubuntu/airflow/dags/meteoDag.py
[2024-01-31T10:45:46.736+0100] {processor.py:840} INFO - DAG(s) 'meteo_dag' retrieved from /home/ubuntu/airflow/dags/meteoDag.py
[2024-01-31T10:45:46.753+0100] {logging_mixin.py:188} INFO - [2024-01-31T10:45:46.753+0100] {dag.py:3033} INFO - Sync 1 DAGs
[2024-01-31T10:45:46.771+0100] {logging_mixin.py:188} INFO - [2024-01-31T10:45:46.771+0100] {dag.py:3820} INFO - Setting next_dagrun for meteo_dag to 2024-01-31T00:00:00+00:00, run_after=2024-02-01T00:00:00+00:00
[2024-01-31T10:45:46.796+0100] {processor.py:183} INFO - Processing /home/ubuntu/airflow/dags/meteoDag.py took 0.080 seconds
[2024-01-31T10:46:24.934+0100] {processor.py:161} INFO - Started process (PID=27922) to work on /home/ubuntu/airflow/dags/meteoDag.py
[2024-01-31T10:46:24.936+0100] {processor.py:830} INFO - Processing file /home/ubuntu/airflow/dags/meteoDag.py for tasks to queue
[2024-01-31T10:46:24.938+0100] {logging_mixin.py:188} INFO - [2024-01-31T10:46:24.937+0100] {dagbag.py:538} INFO - Filling up the DagBag from /home/ubuntu/airflow/dags/meteoDag.py
[2024-01-31T10:46:24.955+0100] {processor.py:840} INFO - DAG(s) 'meteo_dag' retrieved from /home/ubuntu/airflow/dags/meteoDag.py
[2024-01-31T10:46:24.978+0100] {logging_mixin.py:188} INFO - [2024-01-31T10:46:24.978+0100] {dag.py:3033} INFO - Sync 1 DAGs
[2024-01-31T10:46:25.001+0100] {logging_mixin.py:188} INFO - [2024-01-31T10:46:25.001+0100] {dag.py:3820} INFO - Setting next_dagrun for meteo_dag to 2024-01-31T00:00:00+00:00, run_after=2024-02-01T00:00:00+00:00
[2024-01-31T10:46:25.033+0100] {processor.py:183} INFO - Processing /home/ubuntu/airflow/dags/meteoDag.py took 0.103 seconds
[2024-01-31T10:47:03.996+0100] {processor.py:161} INFO - Started process (PID=27969) to work on /home/ubuntu/airflow/dags/meteoDag.py
[2024-01-31T10:47:03.999+0100] {processor.py:830} INFO - Processing file /home/ubuntu/airflow/dags/meteoDag.py for tasks to queue
[2024-01-31T10:47:04.000+0100] {logging_mixin.py:188} INFO - [2024-01-31T10:47:03.999+0100] {dagbag.py:538} INFO - Filling up the DagBag from /home/ubuntu/airflow/dags/meteoDag.py
[2024-01-31T10:47:04.011+0100] {processor.py:840} INFO - DAG(s) 'meteo_dag' retrieved from /home/ubuntu/airflow/dags/meteoDag.py
[2024-01-31T10:47:04.028+0100] {logging_mixin.py:188} INFO - [2024-01-31T10:47:04.028+0100] {dag.py:3033} INFO - Sync 1 DAGs
[2024-01-31T10:47:04.047+0100] {logging_mixin.py:188} INFO - [2024-01-31T10:47:04.047+0100] {dag.py:3820} INFO - Setting next_dagrun for meteo_dag to 2024-01-31T00:00:00+00:00, run_after=2024-02-01T00:00:00+00:00
[2024-01-31T10:47:04.080+0100] {processor.py:183} INFO - Processing /home/ubuntu/airflow/dags/meteoDag.py took 0.087 seconds
[2024-01-31T10:47:45.704+0100] {processor.py:161} INFO - Started process (PID=28015) to work on /home/ubuntu/airflow/dags/meteoDag.py
[2024-01-31T10:47:45.706+0100] {processor.py:830} INFO - Processing file /home/ubuntu/airflow/dags/meteoDag.py for tasks to queue
[2024-01-31T10:47:45.707+0100] {logging_mixin.py:188} INFO - [2024-01-31T10:47:45.707+0100] {dagbag.py:538} INFO - Filling up the DagBag from /home/ubuntu/airflow/dags/meteoDag.py
[2024-01-31T10:47:45.719+0100] {processor.py:840} INFO - DAG(s) 'meteo_dag' retrieved from /home/ubuntu/airflow/dags/meteoDag.py
[2024-01-31T10:47:45.735+0100] {logging_mixin.py:188} INFO - [2024-01-31T10:47:45.735+0100] {dag.py:3033} INFO - Sync 1 DAGs
[2024-01-31T10:47:45.752+0100] {logging_mixin.py:188} INFO - [2024-01-31T10:47:45.752+0100] {dag.py:3820} INFO - Setting next_dagrun for meteo_dag to 2024-01-31T00:00:00+00:00, run_after=2024-02-01T00:00:00+00:00
[2024-01-31T10:47:45.781+0100] {processor.py:183} INFO - Processing /home/ubuntu/airflow/dags/meteoDag.py took 0.081 seconds
[2024-01-31T10:48:25.876+0100] {processor.py:161} INFO - Started process (PID=28062) to work on /home/ubuntu/airflow/dags/meteoDag.py
[2024-01-31T10:48:25.878+0100] {processor.py:830} INFO - Processing file /home/ubuntu/airflow/dags/meteoDag.py for tasks to queue
[2024-01-31T10:48:25.879+0100] {logging_mixin.py:188} INFO - [2024-01-31T10:48:25.878+0100] {dagbag.py:538} INFO - Filling up the DagBag from /home/ubuntu/airflow/dags/meteoDag.py
[2024-01-31T10:48:25.890+0100] {processor.py:840} INFO - DAG(s) 'meteo_dag' retrieved from /home/ubuntu/airflow/dags/meteoDag.py
[2024-01-31T10:48:25.908+0100] {logging_mixin.py:188} INFO - [2024-01-31T10:48:25.907+0100] {dag.py:3033} INFO - Sync 1 DAGs
[2024-01-31T10:48:25.925+0100] {logging_mixin.py:188} INFO - [2024-01-31T10:48:25.925+0100] {dag.py:3820} INFO - Setting next_dagrun for meteo_dag to 2024-01-31T00:00:00+00:00, run_after=2024-02-01T00:00:00+00:00
[2024-01-31T10:48:25.956+0100] {processor.py:183} INFO - Processing /home/ubuntu/airflow/dags/meteoDag.py took 0.086 seconds
[2024-01-31T10:49:10.259+0100] {processor.py:161} INFO - Started process (PID=28113) to work on /home/ubuntu/airflow/dags/meteoDag.py
[2024-01-31T10:49:10.262+0100] {processor.py:830} INFO - Processing file /home/ubuntu/airflow/dags/meteoDag.py for tasks to queue
[2024-01-31T10:49:10.263+0100] {logging_mixin.py:188} INFO - [2024-01-31T10:49:10.263+0100] {dagbag.py:538} INFO - Filling up the DagBag from /home/ubuntu/airflow/dags/meteoDag.py
[2024-01-31T10:49:10.276+0100] {processor.py:840} INFO - DAG(s) 'meteo_dag' retrieved from /home/ubuntu/airflow/dags/meteoDag.py
[2024-01-31T10:49:10.294+0100] {logging_mixin.py:188} INFO - [2024-01-31T10:49:10.294+0100] {dag.py:3033} INFO - Sync 1 DAGs
[2024-01-31T10:49:10.314+0100] {logging_mixin.py:188} INFO - [2024-01-31T10:49:10.314+0100] {dag.py:3820} INFO - Setting next_dagrun for meteo_dag to 2024-01-31T00:00:00+00:00, run_after=2024-02-01T00:00:00+00:00
[2024-01-31T10:49:10.339+0100] {processor.py:183} INFO - Processing /home/ubuntu/airflow/dags/meteoDag.py took 0.083 seconds
[2024-01-31T10:49:51.475+0100] {processor.py:161} INFO - Started process (PID=28160) to work on /home/ubuntu/airflow/dags/meteoDag.py
[2024-01-31T10:49:51.478+0100] {processor.py:830} INFO - Processing file /home/ubuntu/airflow/dags/meteoDag.py for tasks to queue
[2024-01-31T10:49:51.479+0100] {logging_mixin.py:188} INFO - [2024-01-31T10:49:51.479+0100] {dagbag.py:538} INFO - Filling up the DagBag from /home/ubuntu/airflow/dags/meteoDag.py
[2024-01-31T10:49:51.499+0100] {processor.py:840} INFO - DAG(s) 'meteo_dag' retrieved from /home/ubuntu/airflow/dags/meteoDag.py
[2024-01-31T10:49:51.517+0100] {logging_mixin.py:188} INFO - [2024-01-31T10:49:51.516+0100] {dag.py:3033} INFO - Sync 1 DAGs
[2024-01-31T10:49:51.535+0100] {logging_mixin.py:188} INFO - [2024-01-31T10:49:51.535+0100] {dag.py:3820} INFO - Setting next_dagrun for meteo_dag to 2024-01-31T00:00:00+00:00, run_after=2024-02-01T00:00:00+00:00
[2024-01-31T10:49:51.565+0100] {processor.py:183} INFO - Processing /home/ubuntu/airflow/dags/meteoDag.py took 0.094 seconds
[2024-01-31T10:50:28.611+0100] {processor.py:161} INFO - Started process (PID=28199) to work on /home/ubuntu/airflow/dags/meteoDag.py
[2024-01-31T10:50:28.613+0100] {processor.py:830} INFO - Processing file /home/ubuntu/airflow/dags/meteoDag.py for tasks to queue
[2024-01-31T10:50:28.614+0100] {logging_mixin.py:188} INFO - [2024-01-31T10:50:28.614+0100] {dagbag.py:538} INFO - Filling up the DagBag from /home/ubuntu/airflow/dags/meteoDag.py
[2024-01-31T10:50:28.627+0100] {processor.py:840} INFO - DAG(s) 'meteo_dag' retrieved from /home/ubuntu/airflow/dags/meteoDag.py
[2024-01-31T10:50:28.646+0100] {logging_mixin.py:188} INFO - [2024-01-31T10:50:28.645+0100] {dag.py:3033} INFO - Sync 1 DAGs
[2024-01-31T10:50:28.664+0100] {logging_mixin.py:188} INFO - [2024-01-31T10:50:28.664+0100] {dag.py:3820} INFO - Setting next_dagrun for meteo_dag to 2024-01-31T00:00:00+00:00, run_after=2024-02-01T00:00:00+00:00
[2024-01-31T10:50:28.697+0100] {processor.py:183} INFO - Processing /home/ubuntu/airflow/dags/meteoDag.py took 0.091 seconds
[2024-01-31T10:51:11.327+0100] {processor.py:161} INFO - Started process (PID=28249) to work on /home/ubuntu/airflow/dags/meteoDag.py
[2024-01-31T10:51:11.329+0100] {processor.py:830} INFO - Processing file /home/ubuntu/airflow/dags/meteoDag.py for tasks to queue
[2024-01-31T10:51:11.330+0100] {logging_mixin.py:188} INFO - [2024-01-31T10:51:11.330+0100] {dagbag.py:538} INFO - Filling up the DagBag from /home/ubuntu/airflow/dags/meteoDag.py
[2024-01-31T10:51:11.341+0100] {processor.py:840} INFO - DAG(s) 'meteo_dag' retrieved from /home/ubuntu/airflow/dags/meteoDag.py
[2024-01-31T10:51:11.369+0100] {logging_mixin.py:188} INFO - [2024-01-31T10:51:11.368+0100] {dag.py:3033} INFO - Sync 1 DAGs
[2024-01-31T10:51:11.389+0100] {logging_mixin.py:188} INFO - [2024-01-31T10:51:11.389+0100] {dag.py:3820} INFO - Setting next_dagrun for meteo_dag to 2024-01-31T00:00:00+00:00, run_after=2024-02-01T00:00:00+00:00
[2024-01-31T10:51:11.417+0100] {processor.py:183} INFO - Processing /home/ubuntu/airflow/dags/meteoDag.py took 0.093 seconds
[2024-01-31T10:51:50.677+0100] {processor.py:161} INFO - Started process (PID=28296) to work on /home/ubuntu/airflow/dags/meteoDag.py
[2024-01-31T10:51:50.678+0100] {processor.py:830} INFO - Processing file /home/ubuntu/airflow/dags/meteoDag.py for tasks to queue
[2024-01-31T10:51:50.680+0100] {logging_mixin.py:188} INFO - [2024-01-31T10:51:50.679+0100] {dagbag.py:538} INFO - Filling up the DagBag from /home/ubuntu/airflow/dags/meteoDag.py
[2024-01-31T10:51:50.698+0100] {processor.py:840} INFO - DAG(s) 'meteo_dag' retrieved from /home/ubuntu/airflow/dags/meteoDag.py
[2024-01-31T10:51:50.716+0100] {logging_mixin.py:188} INFO - [2024-01-31T10:51:50.716+0100] {dag.py:3033} INFO - Sync 1 DAGs
[2024-01-31T10:51:50.735+0100] {logging_mixin.py:188} INFO - [2024-01-31T10:51:50.735+0100] {dag.py:3820} INFO - Setting next_dagrun for meteo_dag to 2024-01-31T00:00:00+00:00, run_after=2024-02-01T00:00:00+00:00
[2024-01-31T10:51:50.762+0100] {processor.py:183} INFO - Processing /home/ubuntu/airflow/dags/meteoDag.py took 0.089 seconds
[2024-01-31T10:52:30.953+0100] {processor.py:161} INFO - Started process (PID=28345) to work on /home/ubuntu/airflow/dags/meteoDag.py
[2024-01-31T10:52:30.960+0100] {processor.py:830} INFO - Processing file /home/ubuntu/airflow/dags/meteoDag.py for tasks to queue
[2024-01-31T10:52:30.962+0100] {logging_mixin.py:188} INFO - [2024-01-31T10:52:30.961+0100] {dagbag.py:538} INFO - Filling up the DagBag from /home/ubuntu/airflow/dags/meteoDag.py
[2024-01-31T10:52:30.976+0100] {processor.py:840} INFO - DAG(s) 'meteo_dag' retrieved from /home/ubuntu/airflow/dags/meteoDag.py
[2024-01-31T10:52:30.996+0100] {logging_mixin.py:188} INFO - [2024-01-31T10:52:30.996+0100] {dag.py:3033} INFO - Sync 1 DAGs
[2024-01-31T10:52:31.019+0100] {logging_mixin.py:188} INFO - [2024-01-31T10:52:31.018+0100] {dag.py:3820} INFO - Setting next_dagrun for meteo_dag to 2024-01-31T00:00:00+00:00, run_after=2024-02-01T00:00:00+00:00
[2024-01-31T10:52:31.050+0100] {processor.py:183} INFO - Processing /home/ubuntu/airflow/dags/meteoDag.py took 0.101 seconds
[2024-01-31T10:53:13.156+0100] {processor.py:161} INFO - Started process (PID=28395) to work on /home/ubuntu/airflow/dags/meteoDag.py
[2024-01-31T10:53:13.158+0100] {processor.py:830} INFO - Processing file /home/ubuntu/airflow/dags/meteoDag.py for tasks to queue
[2024-01-31T10:53:13.159+0100] {logging_mixin.py:188} INFO - [2024-01-31T10:53:13.159+0100] {dagbag.py:538} INFO - Filling up the DagBag from /home/ubuntu/airflow/dags/meteoDag.py
[2024-01-31T10:53:13.174+0100] {processor.py:840} INFO - DAG(s) 'meteo_dag' retrieved from /home/ubuntu/airflow/dags/meteoDag.py
[2024-01-31T10:53:13.192+0100] {logging_mixin.py:188} INFO - [2024-01-31T10:53:13.192+0100] {dag.py:3033} INFO - Sync 1 DAGs
[2024-01-31T10:53:13.209+0100] {logging_mixin.py:188} INFO - [2024-01-31T10:53:13.209+0100] {dag.py:3820} INFO - Setting next_dagrun for meteo_dag to 2024-01-31T00:00:00+00:00, run_after=2024-02-01T00:00:00+00:00
[2024-01-31T10:53:13.257+0100] {processor.py:183} INFO - Processing /home/ubuntu/airflow/dags/meteoDag.py took 0.112 seconds
[2024-01-31T10:53:56.560+0100] {processor.py:161} INFO - Started process (PID=28442) to work on /home/ubuntu/airflow/dags/meteoDag.py
[2024-01-31T10:53:56.562+0100] {processor.py:830} INFO - Processing file /home/ubuntu/airflow/dags/meteoDag.py for tasks to queue
[2024-01-31T10:53:56.564+0100] {logging_mixin.py:188} INFO - [2024-01-31T10:53:56.563+0100] {dagbag.py:538} INFO - Filling up the DagBag from /home/ubuntu/airflow/dags/meteoDag.py
[2024-01-31T10:53:56.577+0100] {processor.py:840} INFO - DAG(s) 'meteo_dag' retrieved from /home/ubuntu/airflow/dags/meteoDag.py
[2024-01-31T10:53:56.593+0100] {logging_mixin.py:188} INFO - [2024-01-31T10:53:56.593+0100] {dag.py:3033} INFO - Sync 1 DAGs
[2024-01-31T10:53:56.611+0100] {logging_mixin.py:188} INFO - [2024-01-31T10:53:56.610+0100] {dag.py:3820} INFO - Setting next_dagrun for meteo_dag to 2024-01-31T00:00:00+00:00, run_after=2024-02-01T00:00:00+00:00
[2024-01-31T10:53:56.647+0100] {processor.py:183} INFO - Processing /home/ubuntu/airflow/dags/meteoDag.py took 0.092 seconds
[2024-01-31T10:54:36.077+0100] {processor.py:161} INFO - Started process (PID=28489) to work on /home/ubuntu/airflow/dags/meteoDag.py
[2024-01-31T10:54:36.079+0100] {processor.py:830} INFO - Processing file /home/ubuntu/airflow/dags/meteoDag.py for tasks to queue
[2024-01-31T10:54:36.081+0100] {logging_mixin.py:188} INFO - [2024-01-31T10:54:36.080+0100] {dagbag.py:538} INFO - Filling up the DagBag from /home/ubuntu/airflow/dags/meteoDag.py
[2024-01-31T10:54:36.095+0100] {processor.py:840} INFO - DAG(s) 'meteo_dag' retrieved from /home/ubuntu/airflow/dags/meteoDag.py
[2024-01-31T10:54:36.116+0100] {logging_mixin.py:188} INFO - [2024-01-31T10:54:36.116+0100] {dag.py:3033} INFO - Sync 1 DAGs
[2024-01-31T10:54:36.135+0100] {logging_mixin.py:188} INFO - [2024-01-31T10:54:36.134+0100] {dag.py:3820} INFO - Setting next_dagrun for meteo_dag to 2024-01-31T00:00:00+00:00, run_after=2024-02-01T00:00:00+00:00
[2024-01-31T10:54:36.160+0100] {processor.py:183} INFO - Processing /home/ubuntu/airflow/dags/meteoDag.py took 0.097 seconds
[2024-01-31T10:55:19.977+0100] {processor.py:161} INFO - Started process (PID=28540) to work on /home/ubuntu/airflow/dags/meteoDag.py
[2024-01-31T10:55:19.980+0100] {processor.py:830} INFO - Processing file /home/ubuntu/airflow/dags/meteoDag.py for tasks to queue
[2024-01-31T10:55:19.981+0100] {logging_mixin.py:188} INFO - [2024-01-31T10:55:19.981+0100] {dagbag.py:538} INFO - Filling up the DagBag from /home/ubuntu/airflow/dags/meteoDag.py
[2024-01-31T10:55:19.993+0100] {processor.py:840} INFO - DAG(s) 'meteo_dag' retrieved from /home/ubuntu/airflow/dags/meteoDag.py
[2024-01-31T10:55:20.013+0100] {logging_mixin.py:188} INFO - [2024-01-31T10:55:20.013+0100] {dag.py:3033} INFO - Sync 1 DAGs
[2024-01-31T10:55:20.031+0100] {logging_mixin.py:188} INFO - [2024-01-31T10:55:20.031+0100] {dag.py:3820} INFO - Setting next_dagrun for meteo_dag to 2024-01-31T00:00:00+00:00, run_after=2024-02-01T00:00:00+00:00
[2024-01-31T10:55:20.088+0100] {processor.py:183} INFO - Processing /home/ubuntu/airflow/dags/meteoDag.py took 0.115 seconds
[2024-01-31T10:56:03.887+0100] {processor.py:161} INFO - Started process (PID=28593) to work on /home/ubuntu/airflow/dags/meteoDag.py
[2024-01-31T10:56:03.890+0100] {processor.py:830} INFO - Processing file /home/ubuntu/airflow/dags/meteoDag.py for tasks to queue
[2024-01-31T10:56:03.891+0100] {logging_mixin.py:188} INFO - [2024-01-31T10:56:03.891+0100] {dagbag.py:538} INFO - Filling up the DagBag from /home/ubuntu/airflow/dags/meteoDag.py
[2024-01-31T10:56:03.903+0100] {processor.py:840} INFO - DAG(s) 'meteo_dag' retrieved from /home/ubuntu/airflow/dags/meteoDag.py
[2024-01-31T10:56:03.920+0100] {logging_mixin.py:188} INFO - [2024-01-31T10:56:03.920+0100] {dag.py:3033} INFO - Sync 1 DAGs
[2024-01-31T10:56:03.938+0100] {logging_mixin.py:188} INFO - [2024-01-31T10:56:03.938+0100] {dag.py:3820} INFO - Setting next_dagrun for meteo_dag to 2024-01-31T00:00:00+00:00, run_after=2024-02-01T00:00:00+00:00
[2024-01-31T10:56:03.965+0100] {processor.py:183} INFO - Processing /home/ubuntu/airflow/dags/meteoDag.py took 0.084 seconds
[2024-01-31T10:56:46.697+0100] {processor.py:161} INFO - Started process (PID=28642) to work on /home/ubuntu/airflow/dags/meteoDag.py
[2024-01-31T10:56:46.700+0100] {processor.py:830} INFO - Processing file /home/ubuntu/airflow/dags/meteoDag.py for tasks to queue
[2024-01-31T10:56:46.702+0100] {logging_mixin.py:188} INFO - [2024-01-31T10:56:46.702+0100] {dagbag.py:538} INFO - Filling up the DagBag from /home/ubuntu/airflow/dags/meteoDag.py
[2024-01-31T10:56:46.715+0100] {processor.py:840} INFO - DAG(s) 'meteo_dag' retrieved from /home/ubuntu/airflow/dags/meteoDag.py
[2024-01-31T10:56:46.733+0100] {logging_mixin.py:188} INFO - [2024-01-31T10:56:46.733+0100] {dag.py:3033} INFO - Sync 1 DAGs
[2024-01-31T10:56:46.751+0100] {logging_mixin.py:188} INFO - [2024-01-31T10:56:46.751+0100] {dag.py:3820} INFO - Setting next_dagrun for meteo_dag to 2024-01-31T00:00:00+00:00, run_after=2024-02-01T00:00:00+00:00
[2024-01-31T10:56:46.780+0100] {processor.py:183} INFO - Processing /home/ubuntu/airflow/dags/meteoDag.py took 0.087 seconds
[2024-01-31T10:57:28.305+0100] {processor.py:161} INFO - Started process (PID=28692) to work on /home/ubuntu/airflow/dags/meteoDag.py
[2024-01-31T10:57:28.308+0100] {processor.py:830} INFO - Processing file /home/ubuntu/airflow/dags/meteoDag.py for tasks to queue
[2024-01-31T10:57:28.309+0100] {logging_mixin.py:188} INFO - [2024-01-31T10:57:28.308+0100] {dagbag.py:538} INFO - Filling up the DagBag from /home/ubuntu/airflow/dags/meteoDag.py
[2024-01-31T10:57:28.323+0100] {processor.py:840} INFO - DAG(s) 'meteo_dag' retrieved from /home/ubuntu/airflow/dags/meteoDag.py
[2024-01-31T10:57:28.340+0100] {logging_mixin.py:188} INFO - [2024-01-31T10:57:28.340+0100] {dag.py:3033} INFO - Sync 1 DAGs
[2024-01-31T10:57:28.357+0100] {logging_mixin.py:188} INFO - [2024-01-31T10:57:28.357+0100] {dag.py:3820} INFO - Setting next_dagrun for meteo_dag to 2024-01-31T00:00:00+00:00, run_after=2024-02-01T00:00:00+00:00
[2024-01-31T10:57:28.390+0100] {processor.py:183} INFO - Processing /home/ubuntu/airflow/dags/meteoDag.py took 0.088 seconds
[2024-01-31T10:58:06.216+0100] {processor.py:161} INFO - Started process (PID=28739) to work on /home/ubuntu/airflow/dags/meteoDag.py
[2024-01-31T10:58:06.219+0100] {processor.py:830} INFO - Processing file /home/ubuntu/airflow/dags/meteoDag.py for tasks to queue
[2024-01-31T10:58:06.220+0100] {logging_mixin.py:188} INFO - [2024-01-31T10:58:06.219+0100] {dagbag.py:538} INFO - Filling up the DagBag from /home/ubuntu/airflow/dags/meteoDag.py
[2024-01-31T10:58:06.231+0100] {processor.py:840} INFO - DAG(s) 'meteo_dag' retrieved from /home/ubuntu/airflow/dags/meteoDag.py
[2024-01-31T10:58:06.249+0100] {logging_mixin.py:188} INFO - [2024-01-31T10:58:06.249+0100] {dag.py:3033} INFO - Sync 1 DAGs
[2024-01-31T10:58:06.269+0100] {logging_mixin.py:188} INFO - [2024-01-31T10:58:06.269+0100] {dag.py:3820} INFO - Setting next_dagrun for meteo_dag to 2024-01-31T00:00:00+00:00, run_after=2024-02-01T00:00:00+00:00
[2024-01-31T10:58:06.311+0100] {processor.py:183} INFO - Processing /home/ubuntu/airflow/dags/meteoDag.py took 0.099 seconds
[2024-01-31T10:58:45.755+0100] {processor.py:161} INFO - Started process (PID=28783) to work on /home/ubuntu/airflow/dags/meteoDag.py
[2024-01-31T10:58:45.757+0100] {processor.py:830} INFO - Processing file /home/ubuntu/airflow/dags/meteoDag.py for tasks to queue
[2024-01-31T10:58:45.759+0100] {logging_mixin.py:188} INFO - [2024-01-31T10:58:45.758+0100] {dagbag.py:538} INFO - Filling up the DagBag from /home/ubuntu/airflow/dags/meteoDag.py
[2024-01-31T10:58:45.773+0100] {processor.py:840} INFO - DAG(s) 'meteo_dag' retrieved from /home/ubuntu/airflow/dags/meteoDag.py
[2024-01-31T10:58:45.791+0100] {logging_mixin.py:188} INFO - [2024-01-31T10:58:45.790+0100] {dag.py:3033} INFO - Sync 1 DAGs
[2024-01-31T10:58:45.808+0100] {logging_mixin.py:188} INFO - [2024-01-31T10:58:45.807+0100] {dag.py:3820} INFO - Setting next_dagrun for meteo_dag to 2024-01-31T00:00:00+00:00, run_after=2024-02-01T00:00:00+00:00
[2024-01-31T10:58:45.843+0100] {processor.py:183} INFO - Processing /home/ubuntu/airflow/dags/meteoDag.py took 0.091 seconds
[2024-01-31T10:59:27.208+0100] {processor.py:161} INFO - Started process (PID=28832) to work on /home/ubuntu/airflow/dags/meteoDag.py
[2024-01-31T10:59:27.210+0100] {processor.py:830} INFO - Processing file /home/ubuntu/airflow/dags/meteoDag.py for tasks to queue
[2024-01-31T10:59:27.211+0100] {logging_mixin.py:188} INFO - [2024-01-31T10:59:27.211+0100] {dagbag.py:538} INFO - Filling up the DagBag from /home/ubuntu/airflow/dags/meteoDag.py
[2024-01-31T10:59:27.223+0100] {processor.py:840} INFO - DAG(s) 'meteo_dag' retrieved from /home/ubuntu/airflow/dags/meteoDag.py
[2024-01-31T10:59:27.241+0100] {logging_mixin.py:188} INFO - [2024-01-31T10:59:27.241+0100] {dag.py:3033} INFO - Sync 1 DAGs
[2024-01-31T10:59:27.259+0100] {logging_mixin.py:188} INFO - [2024-01-31T10:59:27.259+0100] {dag.py:3820} INFO - Setting next_dagrun for meteo_dag to 2024-01-31T00:00:00+00:00, run_after=2024-02-01T00:00:00+00:00
[2024-01-31T10:59:27.291+0100] {processor.py:183} INFO - Processing /home/ubuntu/airflow/dags/meteoDag.py took 0.087 seconds
[2024-01-31T11:00:09.125+0100] {processor.py:161} INFO - Started process (PID=28882) to work on /home/ubuntu/airflow/dags/meteoDag.py
[2024-01-31T11:00:09.128+0100] {processor.py:830} INFO - Processing file /home/ubuntu/airflow/dags/meteoDag.py for tasks to queue
[2024-01-31T11:00:09.129+0100] {logging_mixin.py:188} INFO - [2024-01-31T11:00:09.128+0100] {dagbag.py:538} INFO - Filling up the DagBag from /home/ubuntu/airflow/dags/meteoDag.py
[2024-01-31T11:00:09.142+0100] {processor.py:840} INFO - DAG(s) 'meteo_dag' retrieved from /home/ubuntu/airflow/dags/meteoDag.py
[2024-01-31T11:00:09.160+0100] {logging_mixin.py:188} INFO - [2024-01-31T11:00:09.159+0100] {dag.py:3033} INFO - Sync 1 DAGs
[2024-01-31T11:00:09.176+0100] {logging_mixin.py:188} INFO - [2024-01-31T11:00:09.176+0100] {dag.py:3820} INFO - Setting next_dagrun for meteo_dag to 2024-01-31T00:00:00+00:00, run_after=2024-02-01T00:00:00+00:00
[2024-01-31T11:00:09.207+0100] {processor.py:183} INFO - Processing /home/ubuntu/airflow/dags/meteoDag.py took 0.085 seconds
[2024-01-31T11:00:51.779+0100] {processor.py:161} INFO - Started process (PID=28929) to work on /home/ubuntu/airflow/dags/meteoDag.py
[2024-01-31T11:00:51.782+0100] {processor.py:830} INFO - Processing file /home/ubuntu/airflow/dags/meteoDag.py for tasks to queue
[2024-01-31T11:00:51.783+0100] {logging_mixin.py:188} INFO - [2024-01-31T11:00:51.783+0100] {dagbag.py:538} INFO - Filling up the DagBag from /home/ubuntu/airflow/dags/meteoDag.py
[2024-01-31T11:00:51.795+0100] {processor.py:840} INFO - DAG(s) 'meteo_dag' retrieved from /home/ubuntu/airflow/dags/meteoDag.py
[2024-01-31T11:00:51.814+0100] {logging_mixin.py:188} INFO - [2024-01-31T11:00:51.813+0100] {dag.py:3033} INFO - Sync 1 DAGs
[2024-01-31T11:00:51.834+0100] {logging_mixin.py:188} INFO - [2024-01-31T11:00:51.834+0100] {dag.py:3820} INFO - Setting next_dagrun for meteo_dag to 2024-01-31T00:00:00+00:00, run_after=2024-02-01T00:00:00+00:00
[2024-01-31T11:00:51.871+0100] {processor.py:183} INFO - Processing /home/ubuntu/airflow/dags/meteoDag.py took 0.095 seconds
[2024-01-31T11:01:33.464+0100] {processor.py:161} INFO - Started process (PID=28978) to work on /home/ubuntu/airflow/dags/meteoDag.py
[2024-01-31T11:01:33.466+0100] {processor.py:830} INFO - Processing file /home/ubuntu/airflow/dags/meteoDag.py for tasks to queue
[2024-01-31T11:01:33.467+0100] {logging_mixin.py:188} INFO - [2024-01-31T11:01:33.466+0100] {dagbag.py:538} INFO - Filling up the DagBag from /home/ubuntu/airflow/dags/meteoDag.py
[2024-01-31T11:01:33.479+0100] {processor.py:840} INFO - DAG(s) 'meteo_dag' retrieved from /home/ubuntu/airflow/dags/meteoDag.py
[2024-01-31T11:01:33.496+0100] {logging_mixin.py:188} INFO - [2024-01-31T11:01:33.496+0100] {dag.py:3033} INFO - Sync 1 DAGs
[2024-01-31T11:01:33.513+0100] {logging_mixin.py:188} INFO - [2024-01-31T11:01:33.513+0100] {dag.py:3820} INFO - Setting next_dagrun for meteo_dag to 2024-01-31T00:00:00+00:00, run_after=2024-02-01T00:00:00+00:00
[2024-01-31T11:01:33.544+0100] {processor.py:183} INFO - Processing /home/ubuntu/airflow/dags/meteoDag.py took 0.084 seconds
[2024-01-31T11:02:14.409+0100] {processor.py:161} INFO - Started process (PID=29027) to work on /home/ubuntu/airflow/dags/meteoDag.py
[2024-01-31T11:02:14.411+0100] {processor.py:830} INFO - Processing file /home/ubuntu/airflow/dags/meteoDag.py for tasks to queue
[2024-01-31T11:02:14.413+0100] {logging_mixin.py:188} INFO - [2024-01-31T11:02:14.412+0100] {dagbag.py:538} INFO - Filling up the DagBag from /home/ubuntu/airflow/dags/meteoDag.py
[2024-01-31T11:02:14.424+0100] {processor.py:840} INFO - DAG(s) 'meteo_dag' retrieved from /home/ubuntu/airflow/dags/meteoDag.py
[2024-01-31T11:02:14.444+0100] {logging_mixin.py:188} INFO - [2024-01-31T11:02:14.444+0100] {dag.py:3033} INFO - Sync 1 DAGs
[2024-01-31T11:02:14.465+0100] {logging_mixin.py:188} INFO - [2024-01-31T11:02:14.464+0100] {dag.py:3820} INFO - Setting next_dagrun for meteo_dag to 2024-01-31T00:00:00+00:00, run_after=2024-02-01T00:00:00+00:00
[2024-01-31T11:02:14.495+0100] {processor.py:183} INFO - Processing /home/ubuntu/airflow/dags/meteoDag.py took 0.090 seconds
[2024-01-31T11:02:55.842+0100] {processor.py:161} INFO - Started process (PID=29074) to work on /home/ubuntu/airflow/dags/meteoDag.py
[2024-01-31T11:02:55.844+0100] {processor.py:830} INFO - Processing file /home/ubuntu/airflow/dags/meteoDag.py for tasks to queue
[2024-01-31T11:02:55.845+0100] {logging_mixin.py:188} INFO - [2024-01-31T11:02:55.845+0100] {dagbag.py:538} INFO - Filling up the DagBag from /home/ubuntu/airflow/dags/meteoDag.py
[2024-01-31T11:02:55.857+0100] {processor.py:840} INFO - DAG(s) 'meteo_dag' retrieved from /home/ubuntu/airflow/dags/meteoDag.py
[2024-01-31T11:02:55.874+0100] {logging_mixin.py:188} INFO - [2024-01-31T11:02:55.874+0100] {dag.py:3033} INFO - Sync 1 DAGs
[2024-01-31T11:02:55.892+0100] {logging_mixin.py:188} INFO - [2024-01-31T11:02:55.891+0100] {dag.py:3820} INFO - Setting next_dagrun for meteo_dag to 2024-01-31T00:00:00+00:00, run_after=2024-02-01T00:00:00+00:00
[2024-01-31T11:02:55.921+0100] {processor.py:183} INFO - Processing /home/ubuntu/airflow/dags/meteoDag.py took 0.082 seconds
[2024-01-31T11:03:34.256+0100] {processor.py:161} INFO - Started process (PID=29121) to work on /home/ubuntu/airflow/dags/meteoDag.py
[2024-01-31T11:03:34.258+0100] {processor.py:830} INFO - Processing file /home/ubuntu/airflow/dags/meteoDag.py for tasks to queue
[2024-01-31T11:03:34.260+0100] {logging_mixin.py:188} INFO - [2024-01-31T11:03:34.259+0100] {dagbag.py:538} INFO - Filling up the DagBag from /home/ubuntu/airflow/dags/meteoDag.py
[2024-01-31T11:03:34.272+0100] {processor.py:840} INFO - DAG(s) 'meteo_dag' retrieved from /home/ubuntu/airflow/dags/meteoDag.py
[2024-01-31T11:03:34.294+0100] {logging_mixin.py:188} INFO - [2024-01-31T11:03:34.294+0100] {dag.py:3033} INFO - Sync 1 DAGs
[2024-01-31T11:03:34.313+0100] {logging_mixin.py:188} INFO - [2024-01-31T11:03:34.313+0100] {dag.py:3820} INFO - Setting next_dagrun for meteo_dag to 2024-01-31T00:00:00+00:00, run_after=2024-02-01T00:00:00+00:00
[2024-01-31T11:03:34.343+0100] {processor.py:183} INFO - Processing /home/ubuntu/airflow/dags/meteoDag.py took 0.091 seconds
[2024-01-31T11:04:16.039+0100] {processor.py:161} INFO - Started process (PID=29179) to work on /home/ubuntu/airflow/dags/meteoDag.py
[2024-01-31T11:04:16.042+0100] {processor.py:830} INFO - Processing file /home/ubuntu/airflow/dags/meteoDag.py for tasks to queue
[2024-01-31T11:04:16.043+0100] {logging_mixin.py:188} INFO - [2024-01-31T11:04:16.043+0100] {dagbag.py:538} INFO - Filling up the DagBag from /home/ubuntu/airflow/dags/meteoDag.py
[2024-01-31T11:04:16.054+0100] {processor.py:840} INFO - DAG(s) 'meteo_dag' retrieved from /home/ubuntu/airflow/dags/meteoDag.py
[2024-01-31T11:04:16.068+0100] {logging_mixin.py:188} INFO - [2024-01-31T11:04:16.068+0100] {dag.py:3033} INFO - Sync 1 DAGs
[2024-01-31T11:04:16.086+0100] {logging_mixin.py:188} INFO - [2024-01-31T11:04:16.086+0100] {dag.py:3820} INFO - Setting next_dagrun for meteo_dag to 2024-01-31T00:00:00+00:00, run_after=2024-02-01T00:00:00+00:00
[2024-01-31T11:04:16.116+0100] {processor.py:183} INFO - Processing /home/ubuntu/airflow/dags/meteoDag.py took 0.080 seconds
[2024-01-31T11:04:57.110+0100] {processor.py:161} INFO - Started process (PID=29225) to work on /home/ubuntu/airflow/dags/meteoDag.py
[2024-01-31T11:04:57.112+0100] {processor.py:830} INFO - Processing file /home/ubuntu/airflow/dags/meteoDag.py for tasks to queue
[2024-01-31T11:04:57.113+0100] {logging_mixin.py:188} INFO - [2024-01-31T11:04:57.112+0100] {dagbag.py:538} INFO - Filling up the DagBag from /home/ubuntu/airflow/dags/meteoDag.py
[2024-01-31T11:04:57.126+0100] {processor.py:840} INFO - DAG(s) 'meteo_dag' retrieved from /home/ubuntu/airflow/dags/meteoDag.py
[2024-01-31T11:04:57.149+0100] {logging_mixin.py:188} INFO - [2024-01-31T11:04:57.148+0100] {dag.py:3033} INFO - Sync 1 DAGs
[2024-01-31T11:04:57.168+0100] {logging_mixin.py:188} INFO - [2024-01-31T11:04:57.168+0100] {dag.py:3820} INFO - Setting next_dagrun for meteo_dag to 2024-01-31T00:00:00+00:00, run_after=2024-02-01T00:00:00+00:00
[2024-01-31T11:04:57.201+0100] {processor.py:183} INFO - Processing /home/ubuntu/airflow/dags/meteoDag.py took 0.095 seconds
[2024-01-31T11:05:37.694+0100] {processor.py:161} INFO - Started process (PID=29274) to work on /home/ubuntu/airflow/dags/meteoDag.py
[2024-01-31T11:05:37.700+0100] {processor.py:830} INFO - Processing file /home/ubuntu/airflow/dags/meteoDag.py for tasks to queue
[2024-01-31T11:05:37.702+0100] {logging_mixin.py:188} INFO - [2024-01-31T11:05:37.701+0100] {dagbag.py:538} INFO - Filling up the DagBag from /home/ubuntu/airflow/dags/meteoDag.py
[2024-01-31T11:05:37.713+0100] {processor.py:840} INFO - DAG(s) 'meteo_dag' retrieved from /home/ubuntu/airflow/dags/meteoDag.py
[2024-01-31T11:05:37.729+0100] {logging_mixin.py:188} INFO - [2024-01-31T11:05:37.729+0100] {dag.py:3033} INFO - Sync 1 DAGs
[2024-01-31T11:05:37.745+0100] {logging_mixin.py:188} INFO - [2024-01-31T11:05:37.745+0100] {dag.py:3820} INFO - Setting next_dagrun for meteo_dag to 2024-01-31T00:00:00+00:00, run_after=2024-02-01T00:00:00+00:00
[2024-01-31T11:05:37.771+0100] {processor.py:183} INFO - Processing /home/ubuntu/airflow/dags/meteoDag.py took 0.080 seconds
[2024-01-31T11:06:14.866+0100] {processor.py:161} INFO - Started process (PID=29323) to work on /home/ubuntu/airflow/dags/meteoDag.py
[2024-01-31T11:06:14.869+0100] {processor.py:830} INFO - Processing file /home/ubuntu/airflow/dags/meteoDag.py for tasks to queue
[2024-01-31T11:06:14.870+0100] {logging_mixin.py:188} INFO - [2024-01-31T11:06:14.870+0100] {dagbag.py:538} INFO - Filling up the DagBag from /home/ubuntu/airflow/dags/meteoDag.py
[2024-01-31T11:06:14.882+0100] {processor.py:840} INFO - DAG(s) 'meteo_dag' retrieved from /home/ubuntu/airflow/dags/meteoDag.py
[2024-01-31T11:06:14.898+0100] {logging_mixin.py:188} INFO - [2024-01-31T11:06:14.898+0100] {dag.py:3033} INFO - Sync 1 DAGs
[2024-01-31T11:06:14.917+0100] {logging_mixin.py:188} INFO - [2024-01-31T11:06:14.917+0100] {dag.py:3820} INFO - Setting next_dagrun for meteo_dag to 2024-01-31T00:00:00+00:00, run_after=2024-02-01T00:00:00+00:00
[2024-01-31T11:06:14.947+0100] {processor.py:183} INFO - Processing /home/ubuntu/airflow/dags/meteoDag.py took 0.085 seconds
[2024-01-31T11:06:55.566+0100] {processor.py:161} INFO - Started process (PID=29370) to work on /home/ubuntu/airflow/dags/meteoDag.py
[2024-01-31T11:06:55.568+0100] {processor.py:830} INFO - Processing file /home/ubuntu/airflow/dags/meteoDag.py for tasks to queue
[2024-01-31T11:06:55.569+0100] {logging_mixin.py:188} INFO - [2024-01-31T11:06:55.568+0100] {dagbag.py:538} INFO - Filling up the DagBag from /home/ubuntu/airflow/dags/meteoDag.py
[2024-01-31T11:06:55.581+0100] {processor.py:840} INFO - DAG(s) 'meteo_dag' retrieved from /home/ubuntu/airflow/dags/meteoDag.py
[2024-01-31T11:06:55.599+0100] {logging_mixin.py:188} INFO - [2024-01-31T11:06:55.598+0100] {dag.py:3033} INFO - Sync 1 DAGs
[2024-01-31T11:06:55.617+0100] {logging_mixin.py:188} INFO - [2024-01-31T11:06:55.616+0100] {dag.py:3820} INFO - Setting next_dagrun for meteo_dag to 2024-01-31T00:00:00+00:00, run_after=2024-02-01T00:00:00+00:00
[2024-01-31T11:06:55.645+0100] {processor.py:183} INFO - Processing /home/ubuntu/airflow/dags/meteoDag.py took 0.083 seconds
[2024-01-31T11:07:38.365+0100] {processor.py:161} INFO - Started process (PID=29420) to work on /home/ubuntu/airflow/dags/meteoDag.py
[2024-01-31T11:07:38.367+0100] {processor.py:830} INFO - Processing file /home/ubuntu/airflow/dags/meteoDag.py for tasks to queue
[2024-01-31T11:07:38.369+0100] {logging_mixin.py:188} INFO - [2024-01-31T11:07:38.369+0100] {dagbag.py:538} INFO - Filling up the DagBag from /home/ubuntu/airflow/dags/meteoDag.py
[2024-01-31T11:07:38.384+0100] {processor.py:840} INFO - DAG(s) 'meteo_dag' retrieved from /home/ubuntu/airflow/dags/meteoDag.py
[2024-01-31T11:07:38.403+0100] {logging_mixin.py:188} INFO - [2024-01-31T11:07:38.403+0100] {dag.py:3033} INFO - Sync 1 DAGs
[2024-01-31T11:07:38.423+0100] {logging_mixin.py:188} INFO - [2024-01-31T11:07:38.423+0100] {dag.py:3820} INFO - Setting next_dagrun for meteo_dag to 2024-01-31T00:00:00+00:00, run_after=2024-02-01T00:00:00+00:00
[2024-01-31T11:07:38.450+0100] {processor.py:183} INFO - Processing /home/ubuntu/airflow/dags/meteoDag.py took 0.089 seconds
[2024-01-31T11:08:18.261+0100] {processor.py:161} INFO - Started process (PID=29468) to work on /home/ubuntu/airflow/dags/meteoDag.py
[2024-01-31T11:08:18.263+0100] {processor.py:830} INFO - Processing file /home/ubuntu/airflow/dags/meteoDag.py for tasks to queue
[2024-01-31T11:08:18.264+0100] {logging_mixin.py:188} INFO - [2024-01-31T11:08:18.264+0100] {dagbag.py:538} INFO - Filling up the DagBag from /home/ubuntu/airflow/dags/meteoDag.py
[2024-01-31T11:08:18.277+0100] {processor.py:840} INFO - DAG(s) 'meteo_dag' retrieved from /home/ubuntu/airflow/dags/meteoDag.py
[2024-01-31T11:08:18.295+0100] {logging_mixin.py:188} INFO - [2024-01-31T11:08:18.295+0100] {dag.py:3033} INFO - Sync 1 DAGs
[2024-01-31T11:08:18.315+0100] {logging_mixin.py:188} INFO - [2024-01-31T11:08:18.315+0100] {dag.py:3820} INFO - Setting next_dagrun for meteo_dag to 2024-01-31T00:00:00+00:00, run_after=2024-02-01T00:00:00+00:00
[2024-01-31T11:08:18.346+0100] {processor.py:183} INFO - Processing /home/ubuntu/airflow/dags/meteoDag.py took 0.088 seconds
[2024-01-31T11:09:01.612+0100] {processor.py:161} INFO - Started process (PID=29517) to work on /home/ubuntu/airflow/dags/meteoDag.py
[2024-01-31T11:09:01.615+0100] {processor.py:830} INFO - Processing file /home/ubuntu/airflow/dags/meteoDag.py for tasks to queue
[2024-01-31T11:09:01.616+0100] {logging_mixin.py:188} INFO - [2024-01-31T11:09:01.616+0100] {dagbag.py:538} INFO - Filling up the DagBag from /home/ubuntu/airflow/dags/meteoDag.py
[2024-01-31T11:09:01.628+0100] {processor.py:840} INFO - DAG(s) 'meteo_dag' retrieved from /home/ubuntu/airflow/dags/meteoDag.py
[2024-01-31T11:09:01.645+0100] {logging_mixin.py:188} INFO - [2024-01-31T11:09:01.645+0100] {dag.py:3033} INFO - Sync 1 DAGs
[2024-01-31T11:09:01.665+0100] {logging_mixin.py:188} INFO - [2024-01-31T11:09:01.665+0100] {dag.py:3820} INFO - Setting next_dagrun for meteo_dag to 2024-01-31T00:00:00+00:00, run_after=2024-02-01T00:00:00+00:00
[2024-01-31T11:09:01.699+0100] {processor.py:183} INFO - Processing /home/ubuntu/airflow/dags/meteoDag.py took 0.091 seconds
[2024-01-31T11:09:46.449+0100] {processor.py:161} INFO - Started process (PID=29566) to work on /home/ubuntu/airflow/dags/meteoDag.py
[2024-01-31T11:09:46.452+0100] {processor.py:830} INFO - Processing file /home/ubuntu/airflow/dags/meteoDag.py for tasks to queue
[2024-01-31T11:09:46.453+0100] {logging_mixin.py:188} INFO - [2024-01-31T11:09:46.453+0100] {dagbag.py:538} INFO - Filling up the DagBag from /home/ubuntu/airflow/dags/meteoDag.py
[2024-01-31T11:09:46.465+0100] {processor.py:840} INFO - DAG(s) 'meteo_dag' retrieved from /home/ubuntu/airflow/dags/meteoDag.py
[2024-01-31T11:09:46.484+0100] {logging_mixin.py:188} INFO - [2024-01-31T11:09:46.484+0100] {dag.py:3033} INFO - Sync 1 DAGs
[2024-01-31T11:09:46.501+0100] {logging_mixin.py:188} INFO - [2024-01-31T11:09:46.501+0100] {dag.py:3820} INFO - Setting next_dagrun for meteo_dag to 2024-01-31T00:00:00+00:00, run_after=2024-02-01T00:00:00+00:00
[2024-01-31T11:09:46.528+0100] {processor.py:183} INFO - Processing /home/ubuntu/airflow/dags/meteoDag.py took 0.082 seconds
[2024-01-31T11:10:29.163+0100] {processor.py:161} INFO - Started process (PID=29615) to work on /home/ubuntu/airflow/dags/meteoDag.py
[2024-01-31T11:10:29.165+0100] {processor.py:830} INFO - Processing file /home/ubuntu/airflow/dags/meteoDag.py for tasks to queue
[2024-01-31T11:10:29.166+0100] {logging_mixin.py:188} INFO - [2024-01-31T11:10:29.166+0100] {dagbag.py:538} INFO - Filling up the DagBag from /home/ubuntu/airflow/dags/meteoDag.py
[2024-01-31T11:10:29.180+0100] {processor.py:840} INFO - DAG(s) 'meteo_dag' retrieved from /home/ubuntu/airflow/dags/meteoDag.py
[2024-01-31T11:10:29.197+0100] {logging_mixin.py:188} INFO - [2024-01-31T11:10:29.197+0100] {dag.py:3033} INFO - Sync 1 DAGs
[2024-01-31T11:10:29.215+0100] {logging_mixin.py:188} INFO - [2024-01-31T11:10:29.215+0100] {dag.py:3820} INFO - Setting next_dagrun for meteo_dag to 2024-01-31T00:00:00+00:00, run_after=2024-02-01T00:00:00+00:00
[2024-01-31T11:10:29.243+0100] {processor.py:183} INFO - Processing /home/ubuntu/airflow/dags/meteoDag.py took 0.085 seconds
[2024-01-31T11:11:08.908+0100] {processor.py:161} INFO - Started process (PID=29664) to work on /home/ubuntu/airflow/dags/meteoDag.py
[2024-01-31T11:11:08.910+0100] {processor.py:830} INFO - Processing file /home/ubuntu/airflow/dags/meteoDag.py for tasks to queue
[2024-01-31T11:11:08.911+0100] {logging_mixin.py:188} INFO - [2024-01-31T11:11:08.911+0100] {dagbag.py:538} INFO - Filling up the DagBag from /home/ubuntu/airflow/dags/meteoDag.py
[2024-01-31T11:11:08.923+0100] {processor.py:840} INFO - DAG(s) 'meteo_dag' retrieved from /home/ubuntu/airflow/dags/meteoDag.py
[2024-01-31T11:11:08.942+0100] {logging_mixin.py:188} INFO - [2024-01-31T11:11:08.941+0100] {dag.py:3033} INFO - Sync 1 DAGs
[2024-01-31T11:11:08.962+0100] {logging_mixin.py:188} INFO - [2024-01-31T11:11:08.961+0100] {dag.py:3820} INFO - Setting next_dagrun for meteo_dag to 2024-01-31T00:00:00+00:00, run_after=2024-02-01T00:00:00+00:00
[2024-01-31T11:11:08.991+0100] {processor.py:183} INFO - Processing /home/ubuntu/airflow/dags/meteoDag.py took 0.087 seconds
[2024-01-31T11:11:49.307+0100] {processor.py:161} INFO - Started process (PID=29703) to work on /home/ubuntu/airflow/dags/meteoDag.py
[2024-01-31T11:11:49.310+0100] {processor.py:830} INFO - Processing file /home/ubuntu/airflow/dags/meteoDag.py for tasks to queue
[2024-01-31T11:11:49.311+0100] {logging_mixin.py:188} INFO - [2024-01-31T11:11:49.311+0100] {dagbag.py:538} INFO - Filling up the DagBag from /home/ubuntu/airflow/dags/meteoDag.py
[2024-01-31T11:11:49.324+0100] {processor.py:840} INFO - DAG(s) 'meteo_dag' retrieved from /home/ubuntu/airflow/dags/meteoDag.py
[2024-01-31T11:11:49.342+0100] {logging_mixin.py:188} INFO - [2024-01-31T11:11:49.342+0100] {dag.py:3033} INFO - Sync 1 DAGs
[2024-01-31T11:11:49.362+0100] {logging_mixin.py:188} INFO - [2024-01-31T11:11:49.362+0100] {dag.py:3820} INFO - Setting next_dagrun for meteo_dag to 2024-01-31T00:00:00+00:00, run_after=2024-02-01T00:00:00+00:00
[2024-01-31T11:11:49.393+0100] {processor.py:183} INFO - Processing /home/ubuntu/airflow/dags/meteoDag.py took 0.092 seconds
[2024-01-31T11:12:34.339+0100] {processor.py:161} INFO - Started process (PID=29754) to work on /home/ubuntu/airflow/dags/meteoDag.py
[2024-01-31T11:12:34.341+0100] {processor.py:830} INFO - Processing file /home/ubuntu/airflow/dags/meteoDag.py for tasks to queue
[2024-01-31T11:12:34.342+0100] {logging_mixin.py:188} INFO - [2024-01-31T11:12:34.342+0100] {dagbag.py:538} INFO - Filling up the DagBag from /home/ubuntu/airflow/dags/meteoDag.py
[2024-01-31T11:12:34.356+0100] {processor.py:840} INFO - DAG(s) 'meteo_dag' retrieved from /home/ubuntu/airflow/dags/meteoDag.py
[2024-01-31T11:12:34.373+0100] {logging_mixin.py:188} INFO - [2024-01-31T11:12:34.373+0100] {dag.py:3033} INFO - Sync 1 DAGs
[2024-01-31T11:12:34.392+0100] {logging_mixin.py:188} INFO - [2024-01-31T11:12:34.391+0100] {dag.py:3820} INFO - Setting next_dagrun for meteo_dag to 2024-01-31T00:00:00+00:00, run_after=2024-02-01T00:00:00+00:00
[2024-01-31T11:12:34.425+0100] {processor.py:183} INFO - Processing /home/ubuntu/airflow/dags/meteoDag.py took 0.091 seconds
[2024-01-31T11:13:21.312+0100] {processor.py:161} INFO - Started process (PID=29807) to work on /home/ubuntu/airflow/dags/meteoDag.py
[2024-01-31T11:13:21.315+0100] {processor.py:830} INFO - Processing file /home/ubuntu/airflow/dags/meteoDag.py for tasks to queue
[2024-01-31T11:13:21.316+0100] {logging_mixin.py:188} INFO - [2024-01-31T11:13:21.315+0100] {dagbag.py:538} INFO - Filling up the DagBag from /home/ubuntu/airflow/dags/meteoDag.py
[2024-01-31T11:13:21.328+0100] {processor.py:840} INFO - DAG(s) 'meteo_dag' retrieved from /home/ubuntu/airflow/dags/meteoDag.py
[2024-01-31T11:13:21.344+0100] {logging_mixin.py:188} INFO - [2024-01-31T11:13:21.344+0100] {dag.py:3033} INFO - Sync 1 DAGs
[2024-01-31T11:13:21.361+0100] {logging_mixin.py:188} INFO - [2024-01-31T11:13:21.361+0100] {dag.py:3820} INFO - Setting next_dagrun for meteo_dag to 2024-01-31T00:00:00+00:00, run_after=2024-02-01T00:00:00+00:00
[2024-01-31T11:13:21.387+0100] {processor.py:183} INFO - Processing /home/ubuntu/airflow/dags/meteoDag.py took 0.079 seconds
[2024-01-31T11:14:02.604+0100] {processor.py:161} INFO - Started process (PID=29858) to work on /home/ubuntu/airflow/dags/meteoDag.py
[2024-01-31T11:14:02.607+0100] {processor.py:830} INFO - Processing file /home/ubuntu/airflow/dags/meteoDag.py for tasks to queue
[2024-01-31T11:14:02.608+0100] {logging_mixin.py:188} INFO - [2024-01-31T11:14:02.607+0100] {dagbag.py:538} INFO - Filling up the DagBag from /home/ubuntu/airflow/dags/meteoDag.py
[2024-01-31T11:14:02.620+0100] {processor.py:840} INFO - DAG(s) 'meteo_dag' retrieved from /home/ubuntu/airflow/dags/meteoDag.py
[2024-01-31T11:14:02.637+0100] {logging_mixin.py:188} INFO - [2024-01-31T11:14:02.637+0100] {dag.py:3033} INFO - Sync 1 DAGs
[2024-01-31T11:14:02.655+0100] {logging_mixin.py:188} INFO - [2024-01-31T11:14:02.655+0100] {dag.py:3820} INFO - Setting next_dagrun for meteo_dag to 2024-01-31T00:00:00+00:00, run_after=2024-02-01T00:00:00+00:00
[2024-01-31T11:14:02.691+0100] {processor.py:183} INFO - Processing /home/ubuntu/airflow/dags/meteoDag.py took 0.091 seconds
[2024-01-31T11:15:02.199+0100] {processor.py:161} INFO - Started process (PID=30521) to work on /home/ubuntu/airflow/dags/meteoDag.py
[2024-01-31T11:15:02.202+0100] {processor.py:830} INFO - Processing file /home/ubuntu/airflow/dags/meteoDag.py for tasks to queue
[2024-01-31T11:15:02.204+0100] {logging_mixin.py:188} INFO - [2024-01-31T11:15:02.203+0100] {dagbag.py:538} INFO - Filling up the DagBag from /home/ubuntu/airflow/dags/meteoDag.py
[2024-01-31T11:15:02.224+0100] {processor.py:840} INFO - DAG(s) 'meteo_dag' retrieved from /home/ubuntu/airflow/dags/meteoDag.py
[2024-01-31T11:15:02.245+0100] {logging_mixin.py:188} INFO - [2024-01-31T11:15:02.245+0100] {dag.py:3033} INFO - Sync 1 DAGs
[2024-01-31T11:15:02.274+0100] {logging_mixin.py:188} INFO - [2024-01-31T11:15:02.274+0100] {dag.py:3820} INFO - Setting next_dagrun for meteo_dag to 2024-01-31T00:00:00+00:00, run_after=2024-02-01T00:00:00+00:00
[2024-01-31T11:15:02.317+0100] {processor.py:183} INFO - Processing /home/ubuntu/airflow/dags/meteoDag.py took 0.124 seconds
[2024-01-31T11:15:45.153+0100] {processor.py:161} INFO - Started process (PID=30562) to work on /home/ubuntu/airflow/dags/meteoDag.py
[2024-01-31T11:15:45.157+0100] {processor.py:830} INFO - Processing file /home/ubuntu/airflow/dags/meteoDag.py for tasks to queue
[2024-01-31T11:15:45.158+0100] {logging_mixin.py:188} INFO - [2024-01-31T11:15:45.158+0100] {dagbag.py:538} INFO - Filling up the DagBag from /home/ubuntu/airflow/dags/meteoDag.py
[2024-01-31T11:15:45.173+0100] {processor.py:840} INFO - DAG(s) 'meteo_dag' retrieved from /home/ubuntu/airflow/dags/meteoDag.py
[2024-01-31T11:15:45.193+0100] {logging_mixin.py:188} INFO - [2024-01-31T11:15:45.192+0100] {dag.py:3033} INFO - Sync 1 DAGs
[2024-01-31T11:15:45.217+0100] {logging_mixin.py:188} INFO - [2024-01-31T11:15:45.217+0100] {dag.py:3820} INFO - Setting next_dagrun for meteo_dag to 2024-01-31T00:00:00+00:00, run_after=2024-02-01T00:00:00+00:00
[2024-01-31T11:15:45.247+0100] {processor.py:183} INFO - Processing /home/ubuntu/airflow/dags/meteoDag.py took 0.099 seconds
[2024-01-31T11:16:35.685+0100] {processor.py:161} INFO - Started process (PID=30619) to work on /home/ubuntu/airflow/dags/meteoDag.py
[2024-01-31T11:16:35.687+0100] {processor.py:830} INFO - Processing file /home/ubuntu/airflow/dags/meteoDag.py for tasks to queue
[2024-01-31T11:16:35.688+0100] {logging_mixin.py:188} INFO - [2024-01-31T11:16:35.687+0100] {dagbag.py:538} INFO - Filling up the DagBag from /home/ubuntu/airflow/dags/meteoDag.py
[2024-01-31T11:16:35.708+0100] {processor.py:840} INFO - DAG(s) 'meteo_dag' retrieved from /home/ubuntu/airflow/dags/meteoDag.py
[2024-01-31T11:16:35.736+0100] {logging_mixin.py:188} INFO - [2024-01-31T11:16:35.736+0100] {dag.py:3033} INFO - Sync 1 DAGs
[2024-01-31T11:16:35.755+0100] {logging_mixin.py:188} INFO - [2024-01-31T11:16:35.754+0100] {dag.py:3820} INFO - Setting next_dagrun for meteo_dag to 2024-01-31T00:00:00+00:00, run_after=2024-02-01T00:00:00+00:00
[2024-01-31T11:16:35.790+0100] {processor.py:183} INFO - Processing /home/ubuntu/airflow/dags/meteoDag.py took 0.114 seconds
[2024-01-31T11:17:23.805+0100] {processor.py:161} INFO - Started process (PID=30674) to work on /home/ubuntu/airflow/dags/meteoDag.py
[2024-01-31T11:17:23.814+0100] {processor.py:830} INFO - Processing file /home/ubuntu/airflow/dags/meteoDag.py for tasks to queue
[2024-01-31T11:17:23.818+0100] {logging_mixin.py:188} INFO - [2024-01-31T11:17:23.816+0100] {dagbag.py:538} INFO - Filling up the DagBag from /home/ubuntu/airflow/dags/meteoDag.py
[2024-01-31T11:17:23.856+0100] {processor.py:840} INFO - DAG(s) 'meteo_dag' retrieved from /home/ubuntu/airflow/dags/meteoDag.py
[2024-01-31T11:17:23.906+0100] {logging_mixin.py:188} INFO - [2024-01-31T11:17:23.906+0100] {dag.py:3033} INFO - Sync 1 DAGs
[2024-01-31T11:17:23.952+0100] {logging_mixin.py:188} INFO - [2024-01-31T11:17:23.952+0100] {dag.py:3820} INFO - Setting next_dagrun for meteo_dag to 2024-01-31T00:00:00+00:00, run_after=2024-02-01T00:00:00+00:00
[2024-01-31T11:17:24.008+0100] {processor.py:183} INFO - Processing /home/ubuntu/airflow/dags/meteoDag.py took 0.214 seconds
[2024-01-31T11:17:55.192+0100] {processor.py:161} INFO - Started process (PID=30698) to work on /home/ubuntu/airflow/dags/meteoDag.py
[2024-01-31T11:17:55.200+0100] {processor.py:830} INFO - Processing file /home/ubuntu/airflow/dags/meteoDag.py for tasks to queue
[2024-01-31T11:17:55.205+0100] {logging_mixin.py:188} INFO - [2024-01-31T11:17:55.204+0100] {dagbag.py:538} INFO - Filling up the DagBag from /home/ubuntu/airflow/dags/meteoDag.py
[2024-01-31T11:17:55.247+0100] {processor.py:840} INFO - DAG(s) 'meteo_dag' retrieved from /home/ubuntu/airflow/dags/meteoDag.py
[2024-01-31T11:17:55.307+0100] {logging_mixin.py:188} INFO - [2024-01-31T11:17:55.306+0100] {dag.py:3033} INFO - Sync 1 DAGs
[2024-01-31T11:17:55.374+0100] {logging_mixin.py:188} INFO - [2024-01-31T11:17:55.373+0100] {dag.py:3820} INFO - Setting next_dagrun for meteo_dag to 2024-01-31T00:00:00+00:00, run_after=2024-02-01T00:00:00+00:00
[2024-01-31T11:17:55.464+0100] {processor.py:183} INFO - Processing /home/ubuntu/airflow/dags/meteoDag.py took 0.281 seconds
[2024-01-31T11:18:25.759+0100] {processor.py:161} INFO - Started process (PID=30733) to work on /home/ubuntu/airflow/dags/meteoDag.py
[2024-01-31T11:18:25.762+0100] {processor.py:830} INFO - Processing file /home/ubuntu/airflow/dags/meteoDag.py for tasks to queue
[2024-01-31T11:18:25.763+0100] {logging_mixin.py:188} INFO - [2024-01-31T11:18:25.763+0100] {dagbag.py:538} INFO - Filling up the DagBag from /home/ubuntu/airflow/dags/meteoDag.py
[2024-01-31T11:18:25.778+0100] {processor.py:840} INFO - DAG(s) 'meteo_dag' retrieved from /home/ubuntu/airflow/dags/meteoDag.py
[2024-01-31T11:18:25.796+0100] {logging_mixin.py:188} INFO - [2024-01-31T11:18:25.796+0100] {dag.py:3033} INFO - Sync 1 DAGs
[2024-01-31T11:18:25.814+0100] {logging_mixin.py:188} INFO - [2024-01-31T11:18:25.814+0100] {dag.py:3820} INFO - Setting next_dagrun for meteo_dag to 2024-01-31T00:00:00+00:00, run_after=2024-02-01T00:00:00+00:00
[2024-01-31T11:18:25.846+0100] {processor.py:183} INFO - Processing /home/ubuntu/airflow/dags/meteoDag.py took 0.092 seconds
[2024-01-31T11:19:14.785+0100] {processor.py:161} INFO - Started process (PID=30786) to work on /home/ubuntu/airflow/dags/meteoDag.py
[2024-01-31T11:19:14.787+0100] {processor.py:830} INFO - Processing file /home/ubuntu/airflow/dags/meteoDag.py for tasks to queue
[2024-01-31T11:19:14.789+0100] {logging_mixin.py:188} INFO - [2024-01-31T11:19:14.788+0100] {dagbag.py:538} INFO - Filling up the DagBag from /home/ubuntu/airflow/dags/meteoDag.py
[2024-01-31T11:19:14.800+0100] {processor.py:840} INFO - DAG(s) 'meteo_dag' retrieved from /home/ubuntu/airflow/dags/meteoDag.py
[2024-01-31T11:19:14.822+0100] {logging_mixin.py:188} INFO - [2024-01-31T11:19:14.822+0100] {dag.py:3033} INFO - Sync 1 DAGs
[2024-01-31T11:19:14.847+0100] {logging_mixin.py:188} INFO - [2024-01-31T11:19:14.847+0100] {dag.py:3820} INFO - Setting next_dagrun for meteo_dag to 2024-01-31T00:00:00+00:00, run_after=2024-02-01T00:00:00+00:00
[2024-01-31T11:19:14.875+0100] {processor.py:183} INFO - Processing /home/ubuntu/airflow/dags/meteoDag.py took 0.095 seconds
[2024-01-31T11:20:02.349+0100] {processor.py:161} INFO - Started process (PID=30842) to work on /home/ubuntu/airflow/dags/meteoDag.py
[2024-01-31T11:20:02.355+0100] {processor.py:830} INFO - Processing file /home/ubuntu/airflow/dags/meteoDag.py for tasks to queue
[2024-01-31T11:20:02.356+0100] {logging_mixin.py:188} INFO - [2024-01-31T11:20:02.356+0100] {dagbag.py:538} INFO - Filling up the DagBag from /home/ubuntu/airflow/dags/meteoDag.py
[2024-01-31T11:20:02.371+0100] {processor.py:840} INFO - DAG(s) 'meteo_dag' retrieved from /home/ubuntu/airflow/dags/meteoDag.py
[2024-01-31T11:20:02.391+0100] {logging_mixin.py:188} INFO - [2024-01-31T11:20:02.390+0100] {dag.py:3033} INFO - Sync 1 DAGs
[2024-01-31T11:20:02.412+0100] {logging_mixin.py:188} INFO - [2024-01-31T11:20:02.412+0100] {dag.py:3820} INFO - Setting next_dagrun for meteo_dag to 2024-01-31T00:00:00+00:00, run_after=2024-02-01T00:00:00+00:00
[2024-01-31T11:20:02.448+0100] {processor.py:183} INFO - Processing /home/ubuntu/airflow/dags/meteoDag.py took 0.103 seconds
[2024-01-31T11:20:46.428+0100] {processor.py:161} INFO - Started process (PID=30892) to work on /home/ubuntu/airflow/dags/meteoDag.py
[2024-01-31T11:20:46.431+0100] {processor.py:830} INFO - Processing file /home/ubuntu/airflow/dags/meteoDag.py for tasks to queue
[2024-01-31T11:20:46.433+0100] {logging_mixin.py:188} INFO - [2024-01-31T11:20:46.432+0100] {dagbag.py:538} INFO - Filling up the DagBag from /home/ubuntu/airflow/dags/meteoDag.py
[2024-01-31T11:20:46.447+0100] {processor.py:840} INFO - DAG(s) 'meteo_dag' retrieved from /home/ubuntu/airflow/dags/meteoDag.py
[2024-01-31T11:20:46.464+0100] {logging_mixin.py:188} INFO - [2024-01-31T11:20:46.464+0100] {dag.py:3033} INFO - Sync 1 DAGs
[2024-01-31T11:20:46.481+0100] {logging_mixin.py:188} INFO - [2024-01-31T11:20:46.481+0100] {dag.py:3820} INFO - Setting next_dagrun for meteo_dag to 2024-01-31T00:00:00+00:00, run_after=2024-02-01T00:00:00+00:00
[2024-01-31T11:20:46.513+0100] {processor.py:183} INFO - Processing /home/ubuntu/airflow/dags/meteoDag.py took 0.089 seconds
[2024-01-31T11:21:30.391+0100] {processor.py:161} INFO - Started process (PID=30941) to work on /home/ubuntu/airflow/dags/meteoDag.py
[2024-01-31T11:21:30.394+0100] {processor.py:830} INFO - Processing file /home/ubuntu/airflow/dags/meteoDag.py for tasks to queue
[2024-01-31T11:21:30.396+0100] {logging_mixin.py:188} INFO - [2024-01-31T11:21:30.395+0100] {dagbag.py:538} INFO - Filling up the DagBag from /home/ubuntu/airflow/dags/meteoDag.py
[2024-01-31T11:21:30.409+0100] {processor.py:840} INFO - DAG(s) 'meteo_dag' retrieved from /home/ubuntu/airflow/dags/meteoDag.py
[2024-01-31T11:21:30.426+0100] {logging_mixin.py:188} INFO - [2024-01-31T11:21:30.425+0100] {dag.py:3033} INFO - Sync 1 DAGs
[2024-01-31T11:21:30.449+0100] {logging_mixin.py:188} INFO - [2024-01-31T11:21:30.448+0100] {dag.py:3820} INFO - Setting next_dagrun for meteo_dag to 2024-01-31T00:00:00+00:00, run_after=2024-02-01T00:00:00+00:00
[2024-01-31T11:21:30.476+0100] {processor.py:183} INFO - Processing /home/ubuntu/airflow/dags/meteoDag.py took 0.088 seconds
[2024-01-31T11:22:12.074+0100] {processor.py:161} INFO - Started process (PID=30990) to work on /home/ubuntu/airflow/dags/meteoDag.py
[2024-01-31T11:22:12.077+0100] {processor.py:830} INFO - Processing file /home/ubuntu/airflow/dags/meteoDag.py for tasks to queue
[2024-01-31T11:22:12.078+0100] {logging_mixin.py:188} INFO - [2024-01-31T11:22:12.078+0100] {dagbag.py:538} INFO - Filling up the DagBag from /home/ubuntu/airflow/dags/meteoDag.py
[2024-01-31T11:22:12.093+0100] {processor.py:840} INFO - DAG(s) 'meteo_dag' retrieved from /home/ubuntu/airflow/dags/meteoDag.py
[2024-01-31T11:22:12.114+0100] {logging_mixin.py:188} INFO - [2024-01-31T11:22:12.114+0100] {dag.py:3033} INFO - Sync 1 DAGs
[2024-01-31T11:22:12.133+0100] {logging_mixin.py:188} INFO - [2024-01-31T11:22:12.133+0100] {dag.py:3820} INFO - Setting next_dagrun for meteo_dag to 2024-01-31T00:00:00+00:00, run_after=2024-02-01T00:00:00+00:00
[2024-01-31T11:22:12.165+0100] {processor.py:183} INFO - Processing /home/ubuntu/airflow/dags/meteoDag.py took 0.094 seconds
[2024-01-31T11:22:53.623+0100] {processor.py:161} INFO - Started process (PID=31038) to work on /home/ubuntu/airflow/dags/meteoDag.py
[2024-01-31T11:22:53.631+0100] {processor.py:830} INFO - Processing file /home/ubuntu/airflow/dags/meteoDag.py for tasks to queue
[2024-01-31T11:22:53.634+0100] {logging_mixin.py:188} INFO - [2024-01-31T11:22:53.633+0100] {dagbag.py:538} INFO - Filling up the DagBag from /home/ubuntu/airflow/dags/meteoDag.py
[2024-01-31T11:22:53.647+0100] {processor.py:840} INFO - DAG(s) 'meteo_dag' retrieved from /home/ubuntu/airflow/dags/meteoDag.py
[2024-01-31T11:22:53.664+0100] {logging_mixin.py:188} INFO - [2024-01-31T11:22:53.664+0100] {dag.py:3033} INFO - Sync 1 DAGs
[2024-01-31T11:22:53.682+0100] {logging_mixin.py:188} INFO - [2024-01-31T11:22:53.682+0100] {dag.py:3820} INFO - Setting next_dagrun for meteo_dag to 2024-01-31T00:00:00+00:00, run_after=2024-02-01T00:00:00+00:00
[2024-01-31T11:22:53.725+0100] {processor.py:183} INFO - Processing /home/ubuntu/airflow/dags/meteoDag.py took 0.106 seconds
[2024-01-31T11:23:38.552+0100] {processor.py:161} INFO - Started process (PID=31087) to work on /home/ubuntu/airflow/dags/meteoDag.py
[2024-01-31T11:23:38.555+0100] {processor.py:830} INFO - Processing file /home/ubuntu/airflow/dags/meteoDag.py for tasks to queue
[2024-01-31T11:23:38.557+0100] {logging_mixin.py:188} INFO - [2024-01-31T11:23:38.556+0100] {dagbag.py:538} INFO - Filling up the DagBag from /home/ubuntu/airflow/dags/meteoDag.py
[2024-01-31T11:23:38.575+0100] {processor.py:840} INFO - DAG(s) 'meteo_dag' retrieved from /home/ubuntu/airflow/dags/meteoDag.py
[2024-01-31T11:23:38.599+0100] {logging_mixin.py:188} INFO - [2024-01-31T11:23:38.598+0100] {dag.py:3033} INFO - Sync 1 DAGs
[2024-01-31T11:23:38.617+0100] {logging_mixin.py:188} INFO - [2024-01-31T11:23:38.617+0100] {dag.py:3820} INFO - Setting next_dagrun for meteo_dag to 2024-01-31T00:00:00+00:00, run_after=2024-02-01T00:00:00+00:00
[2024-01-31T11:23:38.652+0100] {processor.py:183} INFO - Processing /home/ubuntu/airflow/dags/meteoDag.py took 0.105 seconds
[2024-01-31T11:24:20.296+0100] {processor.py:161} INFO - Started process (PID=31143) to work on /home/ubuntu/airflow/dags/meteoDag.py
[2024-01-31T11:24:20.298+0100] {processor.py:830} INFO - Processing file /home/ubuntu/airflow/dags/meteoDag.py for tasks to queue
[2024-01-31T11:24:20.299+0100] {logging_mixin.py:188} INFO - [2024-01-31T11:24:20.299+0100] {dagbag.py:538} INFO - Filling up the DagBag from /home/ubuntu/airflow/dags/meteoDag.py
[2024-01-31T11:24:20.312+0100] {processor.py:840} INFO - DAG(s) 'meteo_dag' retrieved from /home/ubuntu/airflow/dags/meteoDag.py
[2024-01-31T11:24:20.331+0100] {logging_mixin.py:188} INFO - [2024-01-31T11:24:20.331+0100] {dag.py:3033} INFO - Sync 1 DAGs
[2024-01-31T11:24:20.353+0100] {logging_mixin.py:188} INFO - [2024-01-31T11:24:20.353+0100] {dag.py:3820} INFO - Setting next_dagrun for meteo_dag to 2024-01-31T00:00:00+00:00, run_after=2024-02-01T00:00:00+00:00
[2024-01-31T11:24:20.531+0100] {processor.py:183} INFO - Processing /home/ubuntu/airflow/dags/meteoDag.py took 0.239 seconds
[2024-01-31T11:25:07.247+0100] {processor.py:161} INFO - Started process (PID=31193) to work on /home/ubuntu/airflow/dags/meteoDag.py
[2024-01-31T11:25:07.249+0100] {processor.py:830} INFO - Processing file /home/ubuntu/airflow/dags/meteoDag.py for tasks to queue
[2024-01-31T11:25:07.251+0100] {logging_mixin.py:188} INFO - [2024-01-31T11:25:07.251+0100] {dagbag.py:538} INFO - Filling up the DagBag from /home/ubuntu/airflow/dags/meteoDag.py
[2024-01-31T11:25:07.263+0100] {processor.py:840} INFO - DAG(s) 'meteo_dag' retrieved from /home/ubuntu/airflow/dags/meteoDag.py
[2024-01-31T11:25:07.280+0100] {logging_mixin.py:188} INFO - [2024-01-31T11:25:07.280+0100] {dag.py:3033} INFO - Sync 1 DAGs
[2024-01-31T11:25:07.296+0100] {logging_mixin.py:188} INFO - [2024-01-31T11:25:07.296+0100] {dag.py:3820} INFO - Setting next_dagrun for meteo_dag to 2024-01-31T00:00:00+00:00, run_after=2024-02-01T00:00:00+00:00
[2024-01-31T11:25:07.325+0100] {processor.py:183} INFO - Processing /home/ubuntu/airflow/dags/meteoDag.py took 0.081 seconds
[2024-01-31T11:26:08.580+0100] {processor.py:161} INFO - Started process (PID=31250) to work on /home/ubuntu/airflow/dags/meteoDag.py
[2024-01-31T11:26:08.585+0100] {processor.py:830} INFO - Processing file /home/ubuntu/airflow/dags/meteoDag.py for tasks to queue
[2024-01-31T11:26:08.592+0100] {logging_mixin.py:188} INFO - [2024-01-31T11:26:08.589+0100] {dagbag.py:538} INFO - Filling up the DagBag from /home/ubuntu/airflow/dags/meteoDag.py
[2024-01-31T11:26:08.637+0100] {processor.py:840} INFO - DAG(s) 'meteo_dag' retrieved from /home/ubuntu/airflow/dags/meteoDag.py
[2024-01-31T11:26:08.709+0100] {logging_mixin.py:188} INFO - [2024-01-31T11:26:08.709+0100] {dag.py:3033} INFO - Sync 1 DAGs
[2024-01-31T11:26:08.807+0100] {logging_mixin.py:188} INFO - [2024-01-31T11:26:08.805+0100] {dag.py:3820} INFO - Setting next_dagrun for meteo_dag to 2024-01-31T00:00:00+00:00, run_after=2024-02-01T00:00:00+00:00
[2024-01-31T11:26:09.277+0100] {processor.py:183} INFO - Processing /home/ubuntu/airflow/dags/meteoDag.py took 0.711 seconds
[2024-01-31T11:26:47.326+0100] {processor.py:161} INFO - Started process (PID=31279) to work on /home/ubuntu/airflow/dags/meteoDag.py
[2024-01-31T11:26:47.333+0100] {processor.py:830} INFO - Processing file /home/ubuntu/airflow/dags/meteoDag.py for tasks to queue
[2024-01-31T11:26:47.336+0100] {logging_mixin.py:188} INFO - [2024-01-31T11:26:47.335+0100] {dagbag.py:538} INFO - Filling up the DagBag from /home/ubuntu/airflow/dags/meteoDag.py
[2024-01-31T11:26:47.353+0100] {processor.py:840} INFO - DAG(s) 'meteo_dag' retrieved from /home/ubuntu/airflow/dags/meteoDag.py
[2024-01-31T11:26:47.374+0100] {logging_mixin.py:188} INFO - [2024-01-31T11:26:47.374+0100] {dag.py:3033} INFO - Sync 1 DAGs
[2024-01-31T11:26:47.397+0100] {logging_mixin.py:188} INFO - [2024-01-31T11:26:47.397+0100] {dag.py:3820} INFO - Setting next_dagrun for meteo_dag to 2024-01-31T00:00:00+00:00, run_after=2024-02-01T00:00:00+00:00
[2024-01-31T11:26:47.427+0100] {processor.py:183} INFO - Processing /home/ubuntu/airflow/dags/meteoDag.py took 0.105 seconds
