[2024-02-02T08:37:58.226+0100] {processor.py:161} INFO - Started process (PID=23808) to work on /home/ubuntu/.local/lib/python3.10/site-packages/airflow/example_dags/example_xcom.py
[2024-02-02T08:37:58.231+0100] {processor.py:830} INFO - Processing file /home/ubuntu/.local/lib/python3.10/site-packages/airflow/example_dags/example_xcom.py for tasks to queue
[2024-02-02T08:37:58.233+0100] {logging_mixin.py:188} INFO - [2024-02-02T08:37:58.233+0100] {dagbag.py:538} INFO - Filling up the DagBag from /home/ubuntu/.local/lib/python3.10/site-packages/airflow/example_dags/example_xcom.py
[2024-02-02T08:37:58.248+0100] {processor.py:840} INFO - DAG(s) 'example_xcom' retrieved from /home/ubuntu/.local/lib/python3.10/site-packages/airflow/example_dags/example_xcom.py
[2024-02-02T08:37:58.290+0100] {logging_mixin.py:188} INFO - [2024-02-02T08:37:58.288+0100] {dag.py:3033} INFO - Sync 1 DAGs
[2024-02-02T08:37:58.329+0100] {logging_mixin.py:188} INFO - [2024-02-02T08:37:58.328+0100] {dag.py:3820} INFO - Setting next_dagrun for example_xcom to 2021-01-01T00:00:00+00:00, run_after=2021-01-01T00:00:00+00:00
[2024-02-02T08:37:58.380+0100] {processor.py:183} INFO - Processing /home/ubuntu/.local/lib/python3.10/site-packages/airflow/example_dags/example_xcom.py took 0.163 seconds
[2024-02-02T08:38:49.321+0100] {processor.py:161} INFO - Started process (PID=23869) to work on /home/ubuntu/.local/lib/python3.10/site-packages/airflow/example_dags/example_xcom.py
[2024-02-02T08:38:49.323+0100] {processor.py:830} INFO - Processing file /home/ubuntu/.local/lib/python3.10/site-packages/airflow/example_dags/example_xcom.py for tasks to queue
[2024-02-02T08:38:49.325+0100] {logging_mixin.py:188} INFO - [2024-02-02T08:38:49.324+0100] {dagbag.py:538} INFO - Filling up the DagBag from /home/ubuntu/.local/lib/python3.10/site-packages/airflow/example_dags/example_xcom.py
[2024-02-02T08:38:49.333+0100] {processor.py:840} INFO - DAG(s) 'example_xcom' retrieved from /home/ubuntu/.local/lib/python3.10/site-packages/airflow/example_dags/example_xcom.py
[2024-02-02T08:38:49.352+0100] {logging_mixin.py:188} INFO - [2024-02-02T08:38:49.352+0100] {dag.py:3033} INFO - Sync 1 DAGs
[2024-02-02T08:38:49.372+0100] {logging_mixin.py:188} INFO - [2024-02-02T08:38:49.372+0100] {dag.py:3820} INFO - Setting next_dagrun for example_xcom to 2021-01-01T00:00:00+00:00, run_after=2021-01-01T00:00:00+00:00
[2024-02-02T08:38:49.439+0100] {processor.py:183} INFO - Processing /home/ubuntu/.local/lib/python3.10/site-packages/airflow/example_dags/example_xcom.py took 0.121 seconds
[2024-02-02T08:39:32.391+0100] {processor.py:161} INFO - Started process (PID=23923) to work on /home/ubuntu/.local/lib/python3.10/site-packages/airflow/example_dags/example_xcom.py
[2024-02-02T08:39:32.394+0100] {processor.py:830} INFO - Processing file /home/ubuntu/.local/lib/python3.10/site-packages/airflow/example_dags/example_xcom.py for tasks to queue
[2024-02-02T08:39:32.395+0100] {logging_mixin.py:188} INFO - [2024-02-02T08:39:32.394+0100] {dagbag.py:538} INFO - Filling up the DagBag from /home/ubuntu/.local/lib/python3.10/site-packages/airflow/example_dags/example_xcom.py
[2024-02-02T08:39:32.404+0100] {processor.py:840} INFO - DAG(s) 'example_xcom' retrieved from /home/ubuntu/.local/lib/python3.10/site-packages/airflow/example_dags/example_xcom.py
[2024-02-02T08:39:32.424+0100] {logging_mixin.py:188} INFO - [2024-02-02T08:39:32.424+0100] {dag.py:3033} INFO - Sync 1 DAGs
[2024-02-02T08:39:32.447+0100] {logging_mixin.py:188} INFO - [2024-02-02T08:39:32.447+0100] {dag.py:3820} INFO - Setting next_dagrun for example_xcom to 2021-01-01T00:00:00+00:00, run_after=2021-01-01T00:00:00+00:00
[2024-02-02T08:39:32.479+0100] {processor.py:183} INFO - Processing /home/ubuntu/.local/lib/python3.10/site-packages/airflow/example_dags/example_xcom.py took 0.093 seconds
[2024-02-02T12:41:00.455+0100] {processor.py:161} INFO - Started process (PID=4512) to work on /home/ubuntu/.local/lib/python3.10/site-packages/airflow/example_dags/example_xcom.py
[2024-02-02T12:41:00.463+0100] {processor.py:830} INFO - Processing file /home/ubuntu/.local/lib/python3.10/site-packages/airflow/example_dags/example_xcom.py for tasks to queue
[2024-02-02T12:41:00.467+0100] {logging_mixin.py:188} INFO - [2024-02-02T12:41:00.466+0100] {dagbag.py:538} INFO - Filling up the DagBag from /home/ubuntu/.local/lib/python3.10/site-packages/airflow/example_dags/example_xcom.py
[2024-02-02T12:41:00.523+0100] {processor.py:840} INFO - DAG(s) 'example_xcom' retrieved from /home/ubuntu/.local/lib/python3.10/site-packages/airflow/example_dags/example_xcom.py
[2024-02-02T12:41:00.592+0100] {logging_mixin.py:188} INFO - [2024-02-02T12:41:00.591+0100] {dag.py:3033} INFO - Sync 1 DAGs
[2024-02-02T12:41:00.702+0100] {logging_mixin.py:188} INFO - [2024-02-02T12:41:00.702+0100] {dag.py:3820} INFO - Setting next_dagrun for example_xcom to 2021-01-01T00:00:00+00:00, run_after=2021-01-01T00:00:00+00:00
[2024-02-02T12:41:00.745+0100] {processor.py:183} INFO - Processing /home/ubuntu/.local/lib/python3.10/site-packages/airflow/example_dags/example_xcom.py took 0.311 seconds
[2024-02-02T12:42:25.026+0100] {processor.py:161} INFO - Started process (PID=4635) to work on /home/ubuntu/.local/lib/python3.10/site-packages/airflow/example_dags/example_xcom.py
[2024-02-02T12:42:25.028+0100] {processor.py:830} INFO - Processing file /home/ubuntu/.local/lib/python3.10/site-packages/airflow/example_dags/example_xcom.py for tasks to queue
[2024-02-02T12:42:25.030+0100] {logging_mixin.py:188} INFO - [2024-02-02T12:42:25.030+0100] {dagbag.py:538} INFO - Filling up the DagBag from /home/ubuntu/.local/lib/python3.10/site-packages/airflow/example_dags/example_xcom.py
[2024-02-02T12:42:25.042+0100] {processor.py:840} INFO - DAG(s) 'example_xcom' retrieved from /home/ubuntu/.local/lib/python3.10/site-packages/airflow/example_dags/example_xcom.py
[2024-02-02T12:42:25.165+0100] {logging_mixin.py:188} INFO - [2024-02-02T12:42:25.165+0100] {dag.py:3033} INFO - Sync 1 DAGs
[2024-02-02T12:42:25.213+0100] {logging_mixin.py:188} INFO - [2024-02-02T12:42:25.212+0100] {dag.py:3820} INFO - Setting next_dagrun for example_xcom to 2021-01-01T00:00:00+00:00, run_after=2021-01-01T00:00:00+00:00
[2024-02-02T12:42:25.315+0100] {processor.py:183} INFO - Processing /home/ubuntu/.local/lib/python3.10/site-packages/airflow/example_dags/example_xcom.py took 0.293 seconds
[2024-02-02T12:43:35.250+0100] {processor.py:161} INFO - Started process (PID=4740) to work on /home/ubuntu/.local/lib/python3.10/site-packages/airflow/example_dags/example_xcom.py
[2024-02-02T12:43:35.267+0100] {processor.py:830} INFO - Processing file /home/ubuntu/.local/lib/python3.10/site-packages/airflow/example_dags/example_xcom.py for tasks to queue
[2024-02-02T12:43:35.272+0100] {logging_mixin.py:188} INFO - [2024-02-02T12:43:35.271+0100] {dagbag.py:538} INFO - Filling up the DagBag from /home/ubuntu/.local/lib/python3.10/site-packages/airflow/example_dags/example_xcom.py
[2024-02-02T12:43:35.320+0100] {processor.py:840} INFO - DAG(s) 'example_xcom' retrieved from /home/ubuntu/.local/lib/python3.10/site-packages/airflow/example_dags/example_xcom.py
[2024-02-02T12:43:35.371+0100] {logging_mixin.py:188} INFO - [2024-02-02T12:43:35.371+0100] {dag.py:3033} INFO - Sync 1 DAGs
[2024-02-02T12:43:35.403+0100] {logging_mixin.py:188} INFO - [2024-02-02T12:43:35.403+0100] {dag.py:3820} INFO - Setting next_dagrun for example_xcom to 2021-01-01T00:00:00+00:00, run_after=2021-01-01T00:00:00+00:00
[2024-02-02T12:43:35.482+0100] {processor.py:183} INFO - Processing /home/ubuntu/.local/lib/python3.10/site-packages/airflow/example_dags/example_xcom.py took 0.246 seconds
[2024-02-02T12:44:51.732+0100] {processor.py:161} INFO - Started process (PID=4837) to work on /home/ubuntu/.local/lib/python3.10/site-packages/airflow/example_dags/example_xcom.py
[2024-02-02T12:44:51.736+0100] {processor.py:830} INFO - Processing file /home/ubuntu/.local/lib/python3.10/site-packages/airflow/example_dags/example_xcom.py for tasks to queue
[2024-02-02T12:44:51.738+0100] {logging_mixin.py:188} INFO - [2024-02-02T12:44:51.737+0100] {dagbag.py:538} INFO - Filling up the DagBag from /home/ubuntu/.local/lib/python3.10/site-packages/airflow/example_dags/example_xcom.py
[2024-02-02T12:44:51.772+0100] {processor.py:840} INFO - DAG(s) 'example_xcom' retrieved from /home/ubuntu/.local/lib/python3.10/site-packages/airflow/example_dags/example_xcom.py
[2024-02-02T12:44:51.851+0100] {logging_mixin.py:188} INFO - [2024-02-02T12:44:51.850+0100] {dag.py:3033} INFO - Sync 1 DAGs
[2024-02-02T12:44:51.900+0100] {logging_mixin.py:188} INFO - [2024-02-02T12:44:51.899+0100] {dag.py:3820} INFO - Setting next_dagrun for example_xcom to 2021-01-01T00:00:00+00:00, run_after=2021-01-01T00:00:00+00:00
[2024-02-02T12:44:51.959+0100] {processor.py:183} INFO - Processing /home/ubuntu/.local/lib/python3.10/site-packages/airflow/example_dags/example_xcom.py took 0.233 seconds
[2024-02-02T12:46:09.747+0100] {processor.py:161} INFO - Started process (PID=4912) to work on /home/ubuntu/.local/lib/python3.10/site-packages/airflow/example_dags/example_xcom.py
[2024-02-02T12:46:09.751+0100] {processor.py:830} INFO - Processing file /home/ubuntu/.local/lib/python3.10/site-packages/airflow/example_dags/example_xcom.py for tasks to queue
[2024-02-02T12:46:09.758+0100] {logging_mixin.py:188} INFO - [2024-02-02T12:46:09.757+0100] {dagbag.py:538} INFO - Filling up the DagBag from /home/ubuntu/.local/lib/python3.10/site-packages/airflow/example_dags/example_xcom.py
[2024-02-02T12:46:09.788+0100] {processor.py:840} INFO - DAG(s) 'example_xcom' retrieved from /home/ubuntu/.local/lib/python3.10/site-packages/airflow/example_dags/example_xcom.py
[2024-02-02T12:46:09.817+0100] {logging_mixin.py:188} INFO - [2024-02-02T12:46:09.817+0100] {dag.py:3033} INFO - Sync 1 DAGs
[2024-02-02T12:46:09.886+0100] {logging_mixin.py:188} INFO - [2024-02-02T12:46:09.885+0100] {dag.py:3820} INFO - Setting next_dagrun for example_xcom to 2021-01-01T00:00:00+00:00, run_after=2021-01-01T00:00:00+00:00
[2024-02-02T12:46:09.973+0100] {processor.py:183} INFO - Processing /home/ubuntu/.local/lib/python3.10/site-packages/airflow/example_dags/example_xcom.py took 0.232 seconds
[2024-02-02T12:47:31.532+0100] {processor.py:161} INFO - Started process (PID=4987) to work on /home/ubuntu/.local/lib/python3.10/site-packages/airflow/example_dags/example_xcom.py
[2024-02-02T12:47:31.537+0100] {processor.py:830} INFO - Processing file /home/ubuntu/.local/lib/python3.10/site-packages/airflow/example_dags/example_xcom.py for tasks to queue
[2024-02-02T12:47:31.539+0100] {logging_mixin.py:188} INFO - [2024-02-02T12:47:31.538+0100] {dagbag.py:538} INFO - Filling up the DagBag from /home/ubuntu/.local/lib/python3.10/site-packages/airflow/example_dags/example_xcom.py
[2024-02-02T12:47:31.555+0100] {processor.py:840} INFO - DAG(s) 'example_xcom' retrieved from /home/ubuntu/.local/lib/python3.10/site-packages/airflow/example_dags/example_xcom.py
[2024-02-02T12:47:31.613+0100] {logging_mixin.py:188} INFO - [2024-02-02T12:47:31.612+0100] {dag.py:3033} INFO - Sync 1 DAGs
[2024-02-02T12:47:31.751+0100] {logging_mixin.py:188} INFO - [2024-02-02T12:47:31.750+0100] {dag.py:3820} INFO - Setting next_dagrun for example_xcom to 2021-01-01T00:00:00+00:00, run_after=2021-01-01T00:00:00+00:00
[2024-02-02T12:47:31.848+0100] {processor.py:183} INFO - Processing /home/ubuntu/.local/lib/python3.10/site-packages/airflow/example_dags/example_xcom.py took 0.324 seconds
[2024-02-02T12:48:15.291+0100] {processor.py:161} INFO - Started process (PID=5025) to work on /home/ubuntu/.local/lib/python3.10/site-packages/airflow/example_dags/example_xcom.py
[2024-02-02T12:48:15.299+0100] {processor.py:830} INFO - Processing file /home/ubuntu/.local/lib/python3.10/site-packages/airflow/example_dags/example_xcom.py for tasks to queue
[2024-02-02T12:48:15.303+0100] {logging_mixin.py:188} INFO - [2024-02-02T12:48:15.302+0100] {dagbag.py:538} INFO - Filling up the DagBag from /home/ubuntu/.local/lib/python3.10/site-packages/airflow/example_dags/example_xcom.py
[2024-02-02T12:48:15.321+0100] {processor.py:840} INFO - DAG(s) 'example_xcom' retrieved from /home/ubuntu/.local/lib/python3.10/site-packages/airflow/example_dags/example_xcom.py
[2024-02-02T12:48:15.372+0100] {logging_mixin.py:188} INFO - [2024-02-02T12:48:15.372+0100] {dag.py:3033} INFO - Sync 1 DAGs
[2024-02-02T12:48:15.463+0100] {logging_mixin.py:188} INFO - [2024-02-02T12:48:15.463+0100] {dag.py:3820} INFO - Setting next_dagrun for example_xcom to 2021-01-01T00:00:00+00:00, run_after=2021-01-01T00:00:00+00:00
[2024-02-02T12:48:15.571+0100] {processor.py:183} INFO - Processing /home/ubuntu/.local/lib/python3.10/site-packages/airflow/example_dags/example_xcom.py took 0.286 seconds
[2024-02-02T12:49:00.783+0100] {processor.py:161} INFO - Started process (PID=5066) to work on /home/ubuntu/.local/lib/python3.10/site-packages/airflow/example_dags/example_xcom.py
[2024-02-02T12:49:00.814+0100] {processor.py:830} INFO - Processing file /home/ubuntu/.local/lib/python3.10/site-packages/airflow/example_dags/example_xcom.py for tasks to queue
[2024-02-02T12:49:00.819+0100] {logging_mixin.py:188} INFO - [2024-02-02T12:49:00.815+0100] {dagbag.py:538} INFO - Filling up the DagBag from /home/ubuntu/.local/lib/python3.10/site-packages/airflow/example_dags/example_xcom.py
[2024-02-02T12:49:00.853+0100] {processor.py:840} INFO - DAG(s) 'example_xcom' retrieved from /home/ubuntu/.local/lib/python3.10/site-packages/airflow/example_dags/example_xcom.py
[2024-02-02T12:49:00.922+0100] {logging_mixin.py:188} INFO - [2024-02-02T12:49:00.922+0100] {dag.py:3033} INFO - Sync 1 DAGs
[2024-02-02T12:49:01.159+0100] {logging_mixin.py:188} INFO - [2024-02-02T12:49:01.158+0100] {dag.py:3820} INFO - Setting next_dagrun for example_xcom to 2021-01-01T00:00:00+00:00, run_after=2021-01-01T00:00:00+00:00
[2024-02-02T12:49:01.270+0100] {processor.py:183} INFO - Processing /home/ubuntu/.local/lib/python3.10/site-packages/airflow/example_dags/example_xcom.py took 0.502 seconds
[2024-02-02T12:49:44.157+0100] {processor.py:161} INFO - Started process (PID=5103) to work on /home/ubuntu/.local/lib/python3.10/site-packages/airflow/example_dags/example_xcom.py
[2024-02-02T12:49:44.159+0100] {processor.py:830} INFO - Processing file /home/ubuntu/.local/lib/python3.10/site-packages/airflow/example_dags/example_xcom.py for tasks to queue
[2024-02-02T12:49:44.161+0100] {logging_mixin.py:188} INFO - [2024-02-02T12:49:44.160+0100] {dagbag.py:538} INFO - Filling up the DagBag from /home/ubuntu/.local/lib/python3.10/site-packages/airflow/example_dags/example_xcom.py
[2024-02-02T12:49:44.174+0100] {processor.py:840} INFO - DAG(s) 'example_xcom' retrieved from /home/ubuntu/.local/lib/python3.10/site-packages/airflow/example_dags/example_xcom.py
[2024-02-02T12:49:44.227+0100] {logging_mixin.py:188} INFO - [2024-02-02T12:49:44.226+0100] {dag.py:3033} INFO - Sync 1 DAGs
[2024-02-02T12:49:44.279+0100] {logging_mixin.py:188} INFO - [2024-02-02T12:49:44.279+0100] {dag.py:3820} INFO - Setting next_dagrun for example_xcom to 2021-01-01T00:00:00+00:00, run_after=2021-01-01T00:00:00+00:00
[2024-02-02T12:49:44.442+0100] {processor.py:183} INFO - Processing /home/ubuntu/.local/lib/python3.10/site-packages/airflow/example_dags/example_xcom.py took 0.298 seconds
[2024-02-02T12:51:01.857+0100] {processor.py:161} INFO - Started process (PID=5170) to work on /home/ubuntu/.local/lib/python3.10/site-packages/airflow/example_dags/example_xcom.py
[2024-02-02T12:51:01.862+0100] {processor.py:830} INFO - Processing file /home/ubuntu/.local/lib/python3.10/site-packages/airflow/example_dags/example_xcom.py for tasks to queue
[2024-02-02T12:51:01.866+0100] {logging_mixin.py:188} INFO - [2024-02-02T12:51:01.865+0100] {dagbag.py:538} INFO - Filling up the DagBag from /home/ubuntu/.local/lib/python3.10/site-packages/airflow/example_dags/example_xcom.py
[2024-02-02T12:51:01.915+0100] {processor.py:840} INFO - DAG(s) 'example_xcom' retrieved from /home/ubuntu/.local/lib/python3.10/site-packages/airflow/example_dags/example_xcom.py
[2024-02-02T12:51:01.997+0100] {logging_mixin.py:188} INFO - [2024-02-02T12:51:01.993+0100] {dag.py:3033} INFO - Sync 1 DAGs
[2024-02-02T12:51:02.053+0100] {logging_mixin.py:188} INFO - [2024-02-02T12:51:02.053+0100] {dag.py:3820} INFO - Setting next_dagrun for example_xcom to 2021-01-01T00:00:00+00:00, run_after=2021-01-01T00:00:00+00:00
[2024-02-02T12:51:02.135+0100] {processor.py:183} INFO - Processing /home/ubuntu/.local/lib/python3.10/site-packages/airflow/example_dags/example_xcom.py took 0.282 seconds
[2024-02-02T12:52:15.768+0100] {processor.py:161} INFO - Started process (PID=5235) to work on /home/ubuntu/.local/lib/python3.10/site-packages/airflow/example_dags/example_xcom.py
[2024-02-02T12:52:15.777+0100] {processor.py:830} INFO - Processing file /home/ubuntu/.local/lib/python3.10/site-packages/airflow/example_dags/example_xcom.py for tasks to queue
[2024-02-02T12:52:15.778+0100] {logging_mixin.py:188} INFO - [2024-02-02T12:52:15.778+0100] {dagbag.py:538} INFO - Filling up the DagBag from /home/ubuntu/.local/lib/python3.10/site-packages/airflow/example_dags/example_xcom.py
[2024-02-02T12:52:15.794+0100] {processor.py:840} INFO - DAG(s) 'example_xcom' retrieved from /home/ubuntu/.local/lib/python3.10/site-packages/airflow/example_dags/example_xcom.py
[2024-02-02T12:52:15.834+0100] {logging_mixin.py:188} INFO - [2024-02-02T12:52:15.834+0100] {dag.py:3033} INFO - Sync 1 DAGs
[2024-02-02T12:52:15.902+0100] {logging_mixin.py:188} INFO - [2024-02-02T12:52:15.902+0100] {dag.py:3820} INFO - Setting next_dagrun for example_xcom to 2021-01-01T00:00:00+00:00, run_after=2021-01-01T00:00:00+00:00
[2024-02-02T12:52:16.001+0100] {processor.py:183} INFO - Processing /home/ubuntu/.local/lib/python3.10/site-packages/airflow/example_dags/example_xcom.py took 0.240 seconds
[2024-02-02T12:53:28.974+0100] {processor.py:161} INFO - Started process (PID=5302) to work on /home/ubuntu/.local/lib/python3.10/site-packages/airflow/example_dags/example_xcom.py
[2024-02-02T12:53:29.000+0100] {processor.py:830} INFO - Processing file /home/ubuntu/.local/lib/python3.10/site-packages/airflow/example_dags/example_xcom.py for tasks to queue
[2024-02-02T12:53:29.003+0100] {logging_mixin.py:188} INFO - [2024-02-02T12:53:29.003+0100] {dagbag.py:538} INFO - Filling up the DagBag from /home/ubuntu/.local/lib/python3.10/site-packages/airflow/example_dags/example_xcom.py
[2024-02-02T12:53:29.041+0100] {processor.py:840} INFO - DAG(s) 'example_xcom' retrieved from /home/ubuntu/.local/lib/python3.10/site-packages/airflow/example_dags/example_xcom.py
[2024-02-02T12:53:29.085+0100] {logging_mixin.py:188} INFO - [2024-02-02T12:53:29.085+0100] {dag.py:3033} INFO - Sync 1 DAGs
[2024-02-02T12:53:29.136+0100] {logging_mixin.py:188} INFO - [2024-02-02T12:53:29.136+0100] {dag.py:3820} INFO - Setting next_dagrun for example_xcom to 2021-01-01T00:00:00+00:00, run_after=2021-01-01T00:00:00+00:00
[2024-02-02T12:53:29.214+0100] {processor.py:183} INFO - Processing /home/ubuntu/.local/lib/python3.10/site-packages/airflow/example_dags/example_xcom.py took 0.264 seconds
[2024-02-02T12:54:10.566+0100] {processor.py:161} INFO - Started process (PID=5337) to work on /home/ubuntu/.local/lib/python3.10/site-packages/airflow/example_dags/example_xcom.py
[2024-02-02T12:54:10.569+0100] {processor.py:830} INFO - Processing file /home/ubuntu/.local/lib/python3.10/site-packages/airflow/example_dags/example_xcom.py for tasks to queue
[2024-02-02T12:54:10.571+0100] {logging_mixin.py:188} INFO - [2024-02-02T12:54:10.570+0100] {dagbag.py:538} INFO - Filling up the DagBag from /home/ubuntu/.local/lib/python3.10/site-packages/airflow/example_dags/example_xcom.py
[2024-02-02T12:54:10.599+0100] {processor.py:840} INFO - DAG(s) 'example_xcom' retrieved from /home/ubuntu/.local/lib/python3.10/site-packages/airflow/example_dags/example_xcom.py
[2024-02-02T12:54:10.695+0100] {logging_mixin.py:188} INFO - [2024-02-02T12:54:10.695+0100] {dag.py:3033} INFO - Sync 1 DAGs
[2024-02-02T12:54:10.764+0100] {logging_mixin.py:188} INFO - [2024-02-02T12:54:10.764+0100] {dag.py:3820} INFO - Setting next_dagrun for example_xcom to 2021-01-01T00:00:00+00:00, run_after=2021-01-01T00:00:00+00:00
[2024-02-02T12:54:10.826+0100] {processor.py:183} INFO - Processing /home/ubuntu/.local/lib/python3.10/site-packages/airflow/example_dags/example_xcom.py took 0.295 seconds
[2024-02-02T12:55:23.686+0100] {processor.py:161} INFO - Started process (PID=5399) to work on /home/ubuntu/.local/lib/python3.10/site-packages/airflow/example_dags/example_xcom.py
[2024-02-02T12:55:23.725+0100] {processor.py:830} INFO - Processing file /home/ubuntu/.local/lib/python3.10/site-packages/airflow/example_dags/example_xcom.py for tasks to queue
[2024-02-02T12:55:23.727+0100] {logging_mixin.py:188} INFO - [2024-02-02T12:55:23.726+0100] {dagbag.py:538} INFO - Filling up the DagBag from /home/ubuntu/.local/lib/python3.10/site-packages/airflow/example_dags/example_xcom.py
[2024-02-02T12:55:23.759+0100] {processor.py:840} INFO - DAG(s) 'example_xcom' retrieved from /home/ubuntu/.local/lib/python3.10/site-packages/airflow/example_dags/example_xcom.py
[2024-02-02T12:55:23.806+0100] {logging_mixin.py:188} INFO - [2024-02-02T12:55:23.806+0100] {dag.py:3033} INFO - Sync 1 DAGs
[2024-02-02T12:55:23.905+0100] {logging_mixin.py:188} INFO - [2024-02-02T12:55:23.894+0100] {dag.py:3820} INFO - Setting next_dagrun for example_xcom to 2021-01-01T00:00:00+00:00, run_after=2021-01-01T00:00:00+00:00
[2024-02-02T12:55:24.134+0100] {processor.py:183} INFO - Processing /home/ubuntu/.local/lib/python3.10/site-packages/airflow/example_dags/example_xcom.py took 0.494 seconds
[2024-02-02T12:56:39.552+0100] {processor.py:161} INFO - Started process (PID=5462) to work on /home/ubuntu/.local/lib/python3.10/site-packages/airflow/example_dags/example_xcom.py
[2024-02-02T12:56:39.557+0100] {processor.py:830} INFO - Processing file /home/ubuntu/.local/lib/python3.10/site-packages/airflow/example_dags/example_xcom.py for tasks to queue
[2024-02-02T12:56:39.559+0100] {logging_mixin.py:188} INFO - [2024-02-02T12:56:39.558+0100] {dagbag.py:538} INFO - Filling up the DagBag from /home/ubuntu/.local/lib/python3.10/site-packages/airflow/example_dags/example_xcom.py
[2024-02-02T12:56:39.586+0100] {processor.py:840} INFO - DAG(s) 'example_xcom' retrieved from /home/ubuntu/.local/lib/python3.10/site-packages/airflow/example_dags/example_xcom.py
[2024-02-02T12:56:39.696+0100] {logging_mixin.py:188} INFO - [2024-02-02T12:56:39.696+0100] {dag.py:3033} INFO - Sync 1 DAGs
[2024-02-02T12:56:39.764+0100] {logging_mixin.py:188} INFO - [2024-02-02T12:56:39.764+0100] {dag.py:3820} INFO - Setting next_dagrun for example_xcom to 2021-01-01T00:00:00+00:00, run_after=2021-01-01T00:00:00+00:00
[2024-02-02T12:56:39.821+0100] {processor.py:183} INFO - Processing /home/ubuntu/.local/lib/python3.10/site-packages/airflow/example_dags/example_xcom.py took 0.273 seconds
[2024-02-02T12:57:51.439+0100] {processor.py:161} INFO - Started process (PID=5540) to work on /home/ubuntu/.local/lib/python3.10/site-packages/airflow/example_dags/example_xcom.py
[2024-02-02T12:57:51.445+0100] {processor.py:830} INFO - Processing file /home/ubuntu/.local/lib/python3.10/site-packages/airflow/example_dags/example_xcom.py for tasks to queue
[2024-02-02T12:57:51.447+0100] {logging_mixin.py:188} INFO - [2024-02-02T12:57:51.446+0100] {dagbag.py:538} INFO - Filling up the DagBag from /home/ubuntu/.local/lib/python3.10/site-packages/airflow/example_dags/example_xcom.py
[2024-02-02T12:57:51.479+0100] {processor.py:840} INFO - DAG(s) 'example_xcom' retrieved from /home/ubuntu/.local/lib/python3.10/site-packages/airflow/example_dags/example_xcom.py
[2024-02-02T12:57:51.619+0100] {logging_mixin.py:188} INFO - [2024-02-02T12:57:51.619+0100] {dag.py:3033} INFO - Sync 1 DAGs
[2024-02-02T12:57:51.683+0100] {logging_mixin.py:188} INFO - [2024-02-02T12:57:51.682+0100] {dag.py:3820} INFO - Setting next_dagrun for example_xcom to 2021-01-01T00:00:00+00:00, run_after=2021-01-01T00:00:00+00:00
[2024-02-02T12:57:51.793+0100] {processor.py:183} INFO - Processing /home/ubuntu/.local/lib/python3.10/site-packages/airflow/example_dags/example_xcom.py took 0.361 seconds
[2024-02-02T12:58:38.226+0100] {processor.py:161} INFO - Started process (PID=5583) to work on /home/ubuntu/.local/lib/python3.10/site-packages/airflow/example_dags/example_xcom.py
[2024-02-02T12:58:38.228+0100] {processor.py:830} INFO - Processing file /home/ubuntu/.local/lib/python3.10/site-packages/airflow/example_dags/example_xcom.py for tasks to queue
[2024-02-02T12:58:38.230+0100] {logging_mixin.py:188} INFO - [2024-02-02T12:58:38.229+0100] {dagbag.py:538} INFO - Filling up the DagBag from /home/ubuntu/.local/lib/python3.10/site-packages/airflow/example_dags/example_xcom.py
[2024-02-02T12:58:38.246+0100] {processor.py:840} INFO - DAG(s) 'example_xcom' retrieved from /home/ubuntu/.local/lib/python3.10/site-packages/airflow/example_dags/example_xcom.py
[2024-02-02T12:58:38.307+0100] {logging_mixin.py:188} INFO - [2024-02-02T12:58:38.306+0100] {dag.py:3033} INFO - Sync 1 DAGs
[2024-02-02T12:58:38.349+0100] {logging_mixin.py:188} INFO - [2024-02-02T12:58:38.349+0100] {dag.py:3820} INFO - Setting next_dagrun for example_xcom to 2021-01-01T00:00:00+00:00, run_after=2021-01-01T00:00:00+00:00
[2024-02-02T12:58:38.469+0100] {processor.py:183} INFO - Processing /home/ubuntu/.local/lib/python3.10/site-packages/airflow/example_dags/example_xcom.py took 0.304 seconds
[2024-02-02T12:59:26.253+0100] {processor.py:161} INFO - Started process (PID=5736) to work on /home/ubuntu/.local/lib/python3.10/site-packages/airflow/example_dags/example_xcom.py
[2024-02-02T12:59:26.265+0100] {processor.py:830} INFO - Processing file /home/ubuntu/.local/lib/python3.10/site-packages/airflow/example_dags/example_xcom.py for tasks to queue
[2024-02-02T12:59:26.279+0100] {logging_mixin.py:188} INFO - [2024-02-02T12:59:26.278+0100] {dagbag.py:538} INFO - Filling up the DagBag from /home/ubuntu/.local/lib/python3.10/site-packages/airflow/example_dags/example_xcom.py
[2024-02-02T12:59:26.366+0100] {processor.py:840} INFO - DAG(s) 'example_xcom' retrieved from /home/ubuntu/.local/lib/python3.10/site-packages/airflow/example_dags/example_xcom.py
[2024-02-02T12:59:26.588+0100] {logging_mixin.py:188} INFO - [2024-02-02T12:59:26.588+0100] {dag.py:3033} INFO - Sync 1 DAGs
[2024-02-02T12:59:26.685+0100] {logging_mixin.py:188} INFO - [2024-02-02T12:59:26.685+0100] {dag.py:3820} INFO - Setting next_dagrun for example_xcom to 2021-01-01T00:00:00+00:00, run_after=2021-01-01T00:00:00+00:00
[2024-02-02T12:59:26.865+0100] {processor.py:183} INFO - Processing /home/ubuntu/.local/lib/python3.10/site-packages/airflow/example_dags/example_xcom.py took 0.669 seconds
[2024-02-02T13:00:38.779+0100] {processor.py:161} INFO - Started process (PID=6216) to work on /home/ubuntu/.local/lib/python3.10/site-packages/airflow/example_dags/example_xcom.py
[2024-02-02T13:00:38.822+0100] {processor.py:830} INFO - Processing file /home/ubuntu/.local/lib/python3.10/site-packages/airflow/example_dags/example_xcom.py for tasks to queue
[2024-02-02T13:00:38.825+0100] {logging_mixin.py:188} INFO - [2024-02-02T13:00:38.824+0100] {dagbag.py:538} INFO - Filling up the DagBag from /home/ubuntu/.local/lib/python3.10/site-packages/airflow/example_dags/example_xcom.py
[2024-02-02T13:00:38.858+0100] {processor.py:840} INFO - DAG(s) 'example_xcom' retrieved from /home/ubuntu/.local/lib/python3.10/site-packages/airflow/example_dags/example_xcom.py
[2024-02-02T13:00:39.070+0100] {logging_mixin.py:188} INFO - [2024-02-02T13:00:39.069+0100] {dag.py:3033} INFO - Sync 1 DAGs
[2024-02-02T13:00:39.211+0100] {logging_mixin.py:188} INFO - [2024-02-02T13:00:39.211+0100] {dag.py:3820} INFO - Setting next_dagrun for example_xcom to 2021-01-01T00:00:00+00:00, run_after=2021-01-01T00:00:00+00:00
[2024-02-02T13:00:39.310+0100] {processor.py:183} INFO - Processing /home/ubuntu/.local/lib/python3.10/site-packages/airflow/example_dags/example_xcom.py took 0.560 seconds
[2024-02-02T13:02:32.745+0100] {processor.py:161} INFO - Started process (PID=6410) to work on /home/ubuntu/.local/lib/python3.10/site-packages/airflow/example_dags/example_xcom.py
[2024-02-02T13:02:32.928+0100] {processor.py:830} INFO - Processing file /home/ubuntu/.local/lib/python3.10/site-packages/airflow/example_dags/example_xcom.py for tasks to queue
[2024-02-02T13:02:32.930+0100] {logging_mixin.py:188} INFO - [2024-02-02T13:02:32.929+0100] {dagbag.py:538} INFO - Filling up the DagBag from /home/ubuntu/.local/lib/python3.10/site-packages/airflow/example_dags/example_xcom.py
[2024-02-02T13:02:33.005+0100] {processor.py:840} INFO - DAG(s) 'example_xcom' retrieved from /home/ubuntu/.local/lib/python3.10/site-packages/airflow/example_dags/example_xcom.py
[2024-02-02T13:02:33.181+0100] {logging_mixin.py:188} INFO - [2024-02-02T13:02:33.181+0100] {dag.py:3033} INFO - Sync 1 DAGs
[2024-02-02T13:02:33.269+0100] {logging_mixin.py:188} INFO - [2024-02-02T13:02:33.268+0100] {dag.py:3820} INFO - Setting next_dagrun for example_xcom to 2021-01-01T00:00:00+00:00, run_after=2021-01-01T00:00:00+00:00
[2024-02-02T13:02:33.728+0100] {processor.py:183} INFO - Processing /home/ubuntu/.local/lib/python3.10/site-packages/airflow/example_dags/example_xcom.py took 1.017 seconds
[2024-02-02T13:04:12.866+0100] {processor.py:161} INFO - Started process (PID=6573) to work on /home/ubuntu/.local/lib/python3.10/site-packages/airflow/example_dags/example_xcom.py
[2024-02-02T13:04:12.921+0100] {processor.py:830} INFO - Processing file /home/ubuntu/.local/lib/python3.10/site-packages/airflow/example_dags/example_xcom.py for tasks to queue
[2024-02-02T13:04:12.926+0100] {logging_mixin.py:188} INFO - [2024-02-02T13:04:12.922+0100] {dagbag.py:538} INFO - Filling up the DagBag from /home/ubuntu/.local/lib/python3.10/site-packages/airflow/example_dags/example_xcom.py
[2024-02-02T13:04:12.990+0100] {processor.py:840} INFO - DAG(s) 'example_xcom' retrieved from /home/ubuntu/.local/lib/python3.10/site-packages/airflow/example_dags/example_xcom.py
[2024-02-02T13:04:13.160+0100] {logging_mixin.py:188} INFO - [2024-02-02T13:04:13.160+0100] {dag.py:3033} INFO - Sync 1 DAGs
[2024-02-02T13:04:13.330+0100] {logging_mixin.py:188} INFO - [2024-02-02T13:04:13.330+0100] {dag.py:3820} INFO - Setting next_dagrun for example_xcom to 2021-01-01T00:00:00+00:00, run_after=2021-01-01T00:00:00+00:00
[2024-02-02T13:04:13.909+0100] {processor.py:183} INFO - Processing /home/ubuntu/.local/lib/python3.10/site-packages/airflow/example_dags/example_xcom.py took 1.048 seconds
[2024-02-02T13:05:16.984+0100] {processor.py:161} INFO - Started process (PID=6670) to work on /home/ubuntu/.local/lib/python3.10/site-packages/airflow/example_dags/example_xcom.py
[2024-02-02T13:05:16.995+0100] {processor.py:830} INFO - Processing file /home/ubuntu/.local/lib/python3.10/site-packages/airflow/example_dags/example_xcom.py for tasks to queue
[2024-02-02T13:05:17.020+0100] {logging_mixin.py:188} INFO - [2024-02-02T13:05:17.012+0100] {dagbag.py:538} INFO - Filling up the DagBag from /home/ubuntu/.local/lib/python3.10/site-packages/airflow/example_dags/example_xcom.py
[2024-02-02T13:05:17.063+0100] {processor.py:840} INFO - DAG(s) 'example_xcom' retrieved from /home/ubuntu/.local/lib/python3.10/site-packages/airflow/example_dags/example_xcom.py
[2024-02-02T13:05:17.201+0100] {logging_mixin.py:188} INFO - [2024-02-02T13:05:17.197+0100] {dag.py:3033} INFO - Sync 1 DAGs
[2024-02-02T13:05:17.308+0100] {logging_mixin.py:188} INFO - [2024-02-02T13:05:17.307+0100] {dag.py:3820} INFO - Setting next_dagrun for example_xcom to 2021-01-01T00:00:00+00:00, run_after=2021-01-01T00:00:00+00:00
[2024-02-02T13:05:17.519+0100] {processor.py:183} INFO - Processing /home/ubuntu/.local/lib/python3.10/site-packages/airflow/example_dags/example_xcom.py took 0.544 seconds
[2024-02-02T13:06:21.385+0100] {processor.py:161} INFO - Started process (PID=6716) to work on /home/ubuntu/.local/lib/python3.10/site-packages/airflow/example_dags/example_xcom.py
[2024-02-02T13:06:21.389+0100] {processor.py:830} INFO - Processing file /home/ubuntu/.local/lib/python3.10/site-packages/airflow/example_dags/example_xcom.py for tasks to queue
[2024-02-02T13:06:21.390+0100] {logging_mixin.py:188} INFO - [2024-02-02T13:06:21.390+0100] {dagbag.py:538} INFO - Filling up the DagBag from /home/ubuntu/.local/lib/python3.10/site-packages/airflow/example_dags/example_xcom.py
[2024-02-02T13:06:21.402+0100] {processor.py:840} INFO - DAG(s) 'example_xcom' retrieved from /home/ubuntu/.local/lib/python3.10/site-packages/airflow/example_dags/example_xcom.py
[2024-02-02T13:06:21.420+0100] {logging_mixin.py:188} INFO - [2024-02-02T13:06:21.419+0100] {dag.py:3033} INFO - Sync 1 DAGs
[2024-02-02T13:06:21.451+0100] {logging_mixin.py:188} INFO - [2024-02-02T13:06:21.450+0100] {dag.py:3820} INFO - Setting next_dagrun for example_xcom to 2021-01-01T00:00:00+00:00, run_after=2021-01-01T00:00:00+00:00
[2024-02-02T13:06:21.501+0100] {processor.py:183} INFO - Processing /home/ubuntu/.local/lib/python3.10/site-packages/airflow/example_dags/example_xcom.py took 0.119 seconds
[2024-02-02T13:07:29.833+0100] {processor.py:161} INFO - Started process (PID=6788) to work on /home/ubuntu/.local/lib/python3.10/site-packages/airflow/example_dags/example_xcom.py
[2024-02-02T13:07:29.840+0100] {processor.py:830} INFO - Processing file /home/ubuntu/.local/lib/python3.10/site-packages/airflow/example_dags/example_xcom.py for tasks to queue
[2024-02-02T13:07:29.847+0100] {logging_mixin.py:188} INFO - [2024-02-02T13:07:29.846+0100] {dagbag.py:538} INFO - Filling up the DagBag from /home/ubuntu/.local/lib/python3.10/site-packages/airflow/example_dags/example_xcom.py
[2024-02-02T13:07:29.889+0100] {processor.py:840} INFO - DAG(s) 'example_xcom' retrieved from /home/ubuntu/.local/lib/python3.10/site-packages/airflow/example_dags/example_xcom.py
[2024-02-02T13:07:30.019+0100] {logging_mixin.py:188} INFO - [2024-02-02T13:07:30.019+0100] {dag.py:3033} INFO - Sync 1 DAGs
[2024-02-02T13:07:30.064+0100] {logging_mixin.py:188} INFO - [2024-02-02T13:07:30.064+0100] {dag.py:3820} INFO - Setting next_dagrun for example_xcom to 2021-01-01T00:00:00+00:00, run_after=2021-01-01T00:00:00+00:00
[2024-02-02T13:07:30.127+0100] {processor.py:183} INFO - Processing /home/ubuntu/.local/lib/python3.10/site-packages/airflow/example_dags/example_xcom.py took 0.309 seconds
[2024-02-02T13:08:36.515+0100] {processor.py:161} INFO - Started process (PID=6869) to work on /home/ubuntu/.local/lib/python3.10/site-packages/airflow/example_dags/example_xcom.py
[2024-02-02T13:08:36.519+0100] {processor.py:830} INFO - Processing file /home/ubuntu/.local/lib/python3.10/site-packages/airflow/example_dags/example_xcom.py for tasks to queue
[2024-02-02T13:08:36.521+0100] {logging_mixin.py:188} INFO - [2024-02-02T13:08:36.520+0100] {dagbag.py:538} INFO - Filling up the DagBag from /home/ubuntu/.local/lib/python3.10/site-packages/airflow/example_dags/example_xcom.py
[2024-02-02T13:08:36.531+0100] {processor.py:840} INFO - DAG(s) 'example_xcom' retrieved from /home/ubuntu/.local/lib/python3.10/site-packages/airflow/example_dags/example_xcom.py
[2024-02-02T13:08:36.554+0100] {logging_mixin.py:188} INFO - [2024-02-02T13:08:36.554+0100] {dag.py:3033} INFO - Sync 1 DAGs
[2024-02-02T13:08:36.579+0100] {logging_mixin.py:188} INFO - [2024-02-02T13:08:36.578+0100] {dag.py:3820} INFO - Setting next_dagrun for example_xcom to 2021-01-01T00:00:00+00:00, run_after=2021-01-01T00:00:00+00:00
[2024-02-02T13:08:36.643+0100] {processor.py:183} INFO - Processing /home/ubuntu/.local/lib/python3.10/site-packages/airflow/example_dags/example_xcom.py took 0.132 seconds
[2024-02-02T13:09:35.204+0100] {processor.py:161} INFO - Started process (PID=6944) to work on /home/ubuntu/.local/lib/python3.10/site-packages/airflow/example_dags/example_xcom.py
[2024-02-02T13:09:35.207+0100] {processor.py:830} INFO - Processing file /home/ubuntu/.local/lib/python3.10/site-packages/airflow/example_dags/example_xcom.py for tasks to queue
[2024-02-02T13:09:35.209+0100] {logging_mixin.py:188} INFO - [2024-02-02T13:09:35.209+0100] {dagbag.py:538} INFO - Filling up the DagBag from /home/ubuntu/.local/lib/python3.10/site-packages/airflow/example_dags/example_xcom.py
[2024-02-02T13:09:35.219+0100] {processor.py:840} INFO - DAG(s) 'example_xcom' retrieved from /home/ubuntu/.local/lib/python3.10/site-packages/airflow/example_dags/example_xcom.py
[2024-02-02T13:09:35.238+0100] {logging_mixin.py:188} INFO - [2024-02-02T13:09:35.238+0100] {dag.py:3033} INFO - Sync 1 DAGs
[2024-02-02T13:09:35.258+0100] {logging_mixin.py:188} INFO - [2024-02-02T13:09:35.258+0100] {dag.py:3820} INFO - Setting next_dagrun for example_xcom to 2021-01-01T00:00:00+00:00, run_after=2021-01-01T00:00:00+00:00
[2024-02-02T13:09:35.290+0100] {processor.py:183} INFO - Processing /home/ubuntu/.local/lib/python3.10/site-packages/airflow/example_dags/example_xcom.py took 0.089 seconds
[2024-02-02T13:10:24.115+0100] {processor.py:161} INFO - Started process (PID=7087) to work on /home/ubuntu/.local/lib/python3.10/site-packages/airflow/example_dags/example_xcom.py
[2024-02-02T13:10:24.149+0100] {processor.py:830} INFO - Processing file /home/ubuntu/.local/lib/python3.10/site-packages/airflow/example_dags/example_xcom.py for tasks to queue
[2024-02-02T13:10:24.150+0100] {logging_mixin.py:188} INFO - [2024-02-02T13:10:24.150+0100] {dagbag.py:538} INFO - Filling up the DagBag from /home/ubuntu/.local/lib/python3.10/site-packages/airflow/example_dags/example_xcom.py
[2024-02-02T13:10:24.179+0100] {processor.py:840} INFO - DAG(s) 'example_xcom' retrieved from /home/ubuntu/.local/lib/python3.10/site-packages/airflow/example_dags/example_xcom.py
[2024-02-02T13:10:24.247+0100] {logging_mixin.py:188} INFO - [2024-02-02T13:10:24.247+0100] {dag.py:3033} INFO - Sync 1 DAGs
[2024-02-02T13:10:24.462+0100] {logging_mixin.py:188} INFO - [2024-02-02T13:10:24.462+0100] {dag.py:3820} INFO - Setting next_dagrun for example_xcom to 2021-01-01T00:00:00+00:00, run_after=2021-01-01T00:00:00+00:00
[2024-02-02T13:10:24.758+0100] {processor.py:183} INFO - Processing /home/ubuntu/.local/lib/python3.10/site-packages/airflow/example_dags/example_xcom.py took 0.663 seconds
