[2024-02-02T08:38:09.914+0100] {processor.py:161} INFO - Started process (PID=23826) to work on /home/ubuntu/.local/lib/python3.10/site-packages/airflow/example_dags/example_short_circuit_operator.py
[2024-02-02T08:38:09.915+0100] {processor.py:830} INFO - Processing file /home/ubuntu/.local/lib/python3.10/site-packages/airflow/example_dags/example_short_circuit_operator.py for tasks to queue
[2024-02-02T08:38:09.916+0100] {logging_mixin.py:188} INFO - [2024-02-02T08:38:09.915+0100] {dagbag.py:538} INFO - Filling up the DagBag from /home/ubuntu/.local/lib/python3.10/site-packages/airflow/example_dags/example_short_circuit_operator.py
[2024-02-02T08:38:09.924+0100] {processor.py:840} INFO - DAG(s) 'example_short_circuit_operator' retrieved from /home/ubuntu/.local/lib/python3.10/site-packages/airflow/example_dags/example_short_circuit_operator.py
[2024-02-02T08:38:09.951+0100] {logging_mixin.py:188} INFO - [2024-02-02T08:38:09.951+0100] {dag.py:3033} INFO - Sync 1 DAGs
[2024-02-02T08:38:09.972+0100] {logging_mixin.py:188} INFO - [2024-02-02T08:38:09.972+0100] {dag.py:3820} INFO - Setting next_dagrun for example_short_circuit_operator to 2024-02-01T00:00:00+00:00, run_after=2024-02-02T00:00:00+00:00
[2024-02-02T08:38:10.001+0100] {processor.py:183} INFO - Processing /home/ubuntu/.local/lib/python3.10/site-packages/airflow/example_dags/example_short_circuit_operator.py took 0.091 seconds
[2024-02-02T08:38:59.568+0100] {processor.py:161} INFO - Started process (PID=23888) to work on /home/ubuntu/.local/lib/python3.10/site-packages/airflow/example_dags/example_short_circuit_operator.py
[2024-02-02T08:38:59.570+0100] {processor.py:830} INFO - Processing file /home/ubuntu/.local/lib/python3.10/site-packages/airflow/example_dags/example_short_circuit_operator.py for tasks to queue
[2024-02-02T08:38:59.571+0100] {logging_mixin.py:188} INFO - [2024-02-02T08:38:59.571+0100] {dagbag.py:538} INFO - Filling up the DagBag from /home/ubuntu/.local/lib/python3.10/site-packages/airflow/example_dags/example_short_circuit_operator.py
[2024-02-02T08:38:59.578+0100] {processor.py:840} INFO - DAG(s) 'example_short_circuit_operator' retrieved from /home/ubuntu/.local/lib/python3.10/site-packages/airflow/example_dags/example_short_circuit_operator.py
[2024-02-02T08:38:59.598+0100] {logging_mixin.py:188} INFO - [2024-02-02T08:38:59.598+0100] {dag.py:3033} INFO - Sync 1 DAGs
[2024-02-02T08:38:59.617+0100] {logging_mixin.py:188} INFO - [2024-02-02T08:38:59.616+0100] {dag.py:3820} INFO - Setting next_dagrun for example_short_circuit_operator to 2024-02-01T00:00:00+00:00, run_after=2024-02-02T00:00:00+00:00
[2024-02-02T08:38:59.647+0100] {processor.py:183} INFO - Processing /home/ubuntu/.local/lib/python3.10/site-packages/airflow/example_dags/example_short_circuit_operator.py took 0.082 seconds
[2024-02-02T08:39:55.948+0100] {processor.py:161} INFO - Started process (PID=24036) to work on /home/ubuntu/.local/lib/python3.10/site-packages/airflow/example_dags/example_short_circuit_operator.py
[2024-02-02T08:39:55.959+0100] {processor.py:830} INFO - Processing file /home/ubuntu/.local/lib/python3.10/site-packages/airflow/example_dags/example_short_circuit_operator.py for tasks to queue
[2024-02-02T08:39:55.963+0100] {logging_mixin.py:188} INFO - [2024-02-02T08:39:55.962+0100] {dagbag.py:538} INFO - Filling up the DagBag from /home/ubuntu/.local/lib/python3.10/site-packages/airflow/example_dags/example_short_circuit_operator.py
[2024-02-02T08:39:56.003+0100] {processor.py:840} INFO - DAG(s) 'example_short_circuit_operator' retrieved from /home/ubuntu/.local/lib/python3.10/site-packages/airflow/example_dags/example_short_circuit_operator.py
[2024-02-02T08:39:56.229+0100] {logging_mixin.py:188} INFO - [2024-02-02T08:39:56.228+0100] {dag.py:3033} INFO - Sync 1 DAGs
[2024-02-02T08:39:56.289+0100] {logging_mixin.py:188} INFO - [2024-02-02T08:39:56.288+0100] {dag.py:3820} INFO - Setting next_dagrun for example_short_circuit_operator to 2024-02-01T00:00:00+00:00, run_after=2024-02-02T00:00:00+00:00
[2024-02-02T08:39:56.907+0100] {processor.py:183} INFO - Processing /home/ubuntu/.local/lib/python3.10/site-packages/airflow/example_dags/example_short_circuit_operator.py took 0.970 seconds
[2024-02-02T12:41:31.870+0100] {processor.py:161} INFO - Started process (PID=4586) to work on /home/ubuntu/.local/lib/python3.10/site-packages/airflow/example_dags/example_short_circuit_operator.py
[2024-02-02T12:41:31.891+0100] {processor.py:830} INFO - Processing file /home/ubuntu/.local/lib/python3.10/site-packages/airflow/example_dags/example_short_circuit_operator.py for tasks to queue
[2024-02-02T12:41:31.894+0100] {logging_mixin.py:188} INFO - [2024-02-02T12:41:31.893+0100] {dagbag.py:538} INFO - Filling up the DagBag from /home/ubuntu/.local/lib/python3.10/site-packages/airflow/example_dags/example_short_circuit_operator.py
[2024-02-02T12:41:31.923+0100] {processor.py:840} INFO - DAG(s) 'example_short_circuit_operator' retrieved from /home/ubuntu/.local/lib/python3.10/site-packages/airflow/example_dags/example_short_circuit_operator.py
[2024-02-02T12:41:32.207+0100] {logging_mixin.py:188} INFO - [2024-02-02T12:41:32.206+0100] {dag.py:3033} INFO - Sync 1 DAGs
[2024-02-02T12:41:32.245+0100] {logging_mixin.py:188} INFO - [2024-02-02T12:41:32.245+0100] {dag.py:3820} INFO - Setting next_dagrun for example_short_circuit_operator to 2024-02-01T00:00:00+00:00, run_after=2024-02-02T00:00:00+00:00
[2024-02-02T12:41:32.295+0100] {processor.py:183} INFO - Processing /home/ubuntu/.local/lib/python3.10/site-packages/airflow/example_dags/example_short_circuit_operator.py took 0.442 seconds
[2024-02-02T12:42:38.236+0100] {processor.py:161} INFO - Started process (PID=4666) to work on /home/ubuntu/.local/lib/python3.10/site-packages/airflow/example_dags/example_short_circuit_operator.py
[2024-02-02T12:42:38.238+0100] {processor.py:830} INFO - Processing file /home/ubuntu/.local/lib/python3.10/site-packages/airflow/example_dags/example_short_circuit_operator.py for tasks to queue
[2024-02-02T12:42:38.240+0100] {logging_mixin.py:188} INFO - [2024-02-02T12:42:38.239+0100] {dagbag.py:538} INFO - Filling up the DagBag from /home/ubuntu/.local/lib/python3.10/site-packages/airflow/example_dags/example_short_circuit_operator.py
[2024-02-02T12:42:38.259+0100] {processor.py:840} INFO - DAG(s) 'example_short_circuit_operator' retrieved from /home/ubuntu/.local/lib/python3.10/site-packages/airflow/example_dags/example_short_circuit_operator.py
[2024-02-02T12:42:38.285+0100] {logging_mixin.py:188} INFO - [2024-02-02T12:42:38.284+0100] {dag.py:3033} INFO - Sync 1 DAGs
[2024-02-02T12:42:38.317+0100] {logging_mixin.py:188} INFO - [2024-02-02T12:42:38.316+0100] {dag.py:3820} INFO - Setting next_dagrun for example_short_circuit_operator to 2024-02-01T00:00:00+00:00, run_after=2024-02-02T00:00:00+00:00
[2024-02-02T12:42:38.349+0100] {processor.py:183} INFO - Processing /home/ubuntu/.local/lib/python3.10/site-packages/airflow/example_dags/example_short_circuit_operator.py took 0.117 seconds
[2024-02-02T12:43:49.535+0100] {processor.py:161} INFO - Started process (PID=4757) to work on /home/ubuntu/.local/lib/python3.10/site-packages/airflow/example_dags/example_short_circuit_operator.py
[2024-02-02T12:43:49.538+0100] {processor.py:830} INFO - Processing file /home/ubuntu/.local/lib/python3.10/site-packages/airflow/example_dags/example_short_circuit_operator.py for tasks to queue
[2024-02-02T12:43:49.540+0100] {logging_mixin.py:188} INFO - [2024-02-02T12:43:49.539+0100] {dagbag.py:538} INFO - Filling up the DagBag from /home/ubuntu/.local/lib/python3.10/site-packages/airflow/example_dags/example_short_circuit_operator.py
[2024-02-02T12:43:49.584+0100] {processor.py:840} INFO - DAG(s) 'example_short_circuit_operator' retrieved from /home/ubuntu/.local/lib/python3.10/site-packages/airflow/example_dags/example_short_circuit_operator.py
[2024-02-02T12:43:49.661+0100] {logging_mixin.py:188} INFO - [2024-02-02T12:43:49.660+0100] {dag.py:3033} INFO - Sync 1 DAGs
[2024-02-02T12:43:49.747+0100] {logging_mixin.py:188} INFO - [2024-02-02T12:43:49.747+0100] {dag.py:3820} INFO - Setting next_dagrun for example_short_circuit_operator to 2024-02-01T00:00:00+00:00, run_after=2024-02-02T00:00:00+00:00
[2024-02-02T12:43:49.901+0100] {processor.py:183} INFO - Processing /home/ubuntu/.local/lib/python3.10/site-packages/airflow/example_dags/example_short_circuit_operator.py took 0.373 seconds
[2024-02-02T12:45:04.510+0100] {processor.py:161} INFO - Started process (PID=4858) to work on /home/ubuntu/.local/lib/python3.10/site-packages/airflow/example_dags/example_short_circuit_operator.py
[2024-02-02T12:45:04.514+0100] {processor.py:830} INFO - Processing file /home/ubuntu/.local/lib/python3.10/site-packages/airflow/example_dags/example_short_circuit_operator.py for tasks to queue
[2024-02-02T12:45:04.519+0100] {logging_mixin.py:188} INFO - [2024-02-02T12:45:04.516+0100] {dagbag.py:538} INFO - Filling up the DagBag from /home/ubuntu/.local/lib/python3.10/site-packages/airflow/example_dags/example_short_circuit_operator.py
[2024-02-02T12:45:04.586+0100] {processor.py:840} INFO - DAG(s) 'example_short_circuit_operator' retrieved from /home/ubuntu/.local/lib/python3.10/site-packages/airflow/example_dags/example_short_circuit_operator.py
[2024-02-02T12:45:04.644+0100] {logging_mixin.py:188} INFO - [2024-02-02T12:45:04.644+0100] {dag.py:3033} INFO - Sync 1 DAGs
[2024-02-02T12:45:04.693+0100] {logging_mixin.py:188} INFO - [2024-02-02T12:45:04.692+0100] {dag.py:3820} INFO - Setting next_dagrun for example_short_circuit_operator to 2024-02-01T00:00:00+00:00, run_after=2024-02-02T00:00:00+00:00
[2024-02-02T12:45:04.752+0100] {processor.py:183} INFO - Processing /home/ubuntu/.local/lib/python3.10/site-packages/airflow/example_dags/example_short_circuit_operator.py took 0.248 seconds
[2024-02-02T12:46:23.521+0100] {processor.py:161} INFO - Started process (PID=4929) to work on /home/ubuntu/.local/lib/python3.10/site-packages/airflow/example_dags/example_short_circuit_operator.py
[2024-02-02T12:46:23.524+0100] {processor.py:830} INFO - Processing file /home/ubuntu/.local/lib/python3.10/site-packages/airflow/example_dags/example_short_circuit_operator.py for tasks to queue
[2024-02-02T12:46:23.526+0100] {logging_mixin.py:188} INFO - [2024-02-02T12:46:23.525+0100] {dagbag.py:538} INFO - Filling up the DagBag from /home/ubuntu/.local/lib/python3.10/site-packages/airflow/example_dags/example_short_circuit_operator.py
[2024-02-02T12:46:23.543+0100] {processor.py:840} INFO - DAG(s) 'example_short_circuit_operator' retrieved from /home/ubuntu/.local/lib/python3.10/site-packages/airflow/example_dags/example_short_circuit_operator.py
[2024-02-02T12:46:23.603+0100] {logging_mixin.py:188} INFO - [2024-02-02T12:46:23.602+0100] {dag.py:3033} INFO - Sync 1 DAGs
[2024-02-02T12:46:23.732+0100] {logging_mixin.py:188} INFO - [2024-02-02T12:46:23.731+0100] {dag.py:3820} INFO - Setting next_dagrun for example_short_circuit_operator to 2024-02-01T00:00:00+00:00, run_after=2024-02-02T00:00:00+00:00
[2024-02-02T12:46:23.813+0100] {processor.py:183} INFO - Processing /home/ubuntu/.local/lib/python3.10/site-packages/airflow/example_dags/example_short_circuit_operator.py took 0.318 seconds
[2024-02-02T12:47:46.692+0100] {processor.py:161} INFO - Started process (PID=5004) to work on /home/ubuntu/.local/lib/python3.10/site-packages/airflow/example_dags/example_short_circuit_operator.py
[2024-02-02T12:47:46.713+0100] {processor.py:830} INFO - Processing file /home/ubuntu/.local/lib/python3.10/site-packages/airflow/example_dags/example_short_circuit_operator.py for tasks to queue
[2024-02-02T12:47:46.721+0100] {logging_mixin.py:188} INFO - [2024-02-02T12:47:46.720+0100] {dagbag.py:538} INFO - Filling up the DagBag from /home/ubuntu/.local/lib/python3.10/site-packages/airflow/example_dags/example_short_circuit_operator.py
[2024-02-02T12:47:46.755+0100] {processor.py:840} INFO - DAG(s) 'example_short_circuit_operator' retrieved from /home/ubuntu/.local/lib/python3.10/site-packages/airflow/example_dags/example_short_circuit_operator.py
[2024-02-02T12:47:46.813+0100] {logging_mixin.py:188} INFO - [2024-02-02T12:47:46.812+0100] {dag.py:3033} INFO - Sync 1 DAGs
[2024-02-02T12:47:47.080+0100] {logging_mixin.py:188} INFO - [2024-02-02T12:47:47.080+0100] {dag.py:3820} INFO - Setting next_dagrun for example_short_circuit_operator to 2024-02-01T00:00:00+00:00, run_after=2024-02-02T00:00:00+00:00
[2024-02-02T12:47:47.214+0100] {processor.py:183} INFO - Processing /home/ubuntu/.local/lib/python3.10/site-packages/airflow/example_dags/example_short_circuit_operator.py took 0.530 seconds
[2024-02-02T12:49:15.416+0100] {processor.py:161} INFO - Started process (PID=5082) to work on /home/ubuntu/.local/lib/python3.10/site-packages/airflow/example_dags/example_short_circuit_operator.py
[2024-02-02T12:49:15.419+0100] {processor.py:830} INFO - Processing file /home/ubuntu/.local/lib/python3.10/site-packages/airflow/example_dags/example_short_circuit_operator.py for tasks to queue
[2024-02-02T12:49:15.421+0100] {logging_mixin.py:188} INFO - [2024-02-02T12:49:15.420+0100] {dagbag.py:538} INFO - Filling up the DagBag from /home/ubuntu/.local/lib/python3.10/site-packages/airflow/example_dags/example_short_circuit_operator.py
[2024-02-02T12:49:15.438+0100] {processor.py:840} INFO - DAG(s) 'example_short_circuit_operator' retrieved from /home/ubuntu/.local/lib/python3.10/site-packages/airflow/example_dags/example_short_circuit_operator.py
[2024-02-02T12:49:15.502+0100] {logging_mixin.py:188} INFO - [2024-02-02T12:49:15.502+0100] {dag.py:3033} INFO - Sync 1 DAGs
[2024-02-02T12:49:15.579+0100] {logging_mixin.py:188} INFO - [2024-02-02T12:49:15.578+0100] {dag.py:3820} INFO - Setting next_dagrun for example_short_circuit_operator to 2024-02-01T00:00:00+00:00, run_after=2024-02-02T00:00:00+00:00
[2024-02-02T12:49:15.633+0100] {processor.py:183} INFO - Processing /home/ubuntu/.local/lib/python3.10/site-packages/airflow/example_dags/example_short_circuit_operator.py took 0.227 seconds
[2024-02-02T12:50:34.579+0100] {processor.py:161} INFO - Started process (PID=5147) to work on /home/ubuntu/.local/lib/python3.10/site-packages/airflow/example_dags/example_short_circuit_operator.py
[2024-02-02T12:50:34.605+0100] {processor.py:830} INFO - Processing file /home/ubuntu/.local/lib/python3.10/site-packages/airflow/example_dags/example_short_circuit_operator.py for tasks to queue
[2024-02-02T12:50:34.614+0100] {logging_mixin.py:188} INFO - [2024-02-02T12:50:34.607+0100] {dagbag.py:538} INFO - Filling up the DagBag from /home/ubuntu/.local/lib/python3.10/site-packages/airflow/example_dags/example_short_circuit_operator.py
[2024-02-02T12:50:34.645+0100] {processor.py:840} INFO - DAG(s) 'example_short_circuit_operator' retrieved from /home/ubuntu/.local/lib/python3.10/site-packages/airflow/example_dags/example_short_circuit_operator.py
[2024-02-02T12:50:34.712+0100] {logging_mixin.py:188} INFO - [2024-02-02T12:50:34.711+0100] {dag.py:3033} INFO - Sync 1 DAGs
[2024-02-02T12:50:34.778+0100] {logging_mixin.py:188} INFO - [2024-02-02T12:50:34.777+0100] {dag.py:3820} INFO - Setting next_dagrun for example_short_circuit_operator to 2024-02-01T00:00:00+00:00, run_after=2024-02-02T00:00:00+00:00
[2024-02-02T12:50:34.907+0100] {processor.py:183} INFO - Processing /home/ubuntu/.local/lib/python3.10/site-packages/airflow/example_dags/example_short_circuit_operator.py took 0.338 seconds
[2024-02-02T12:51:53.788+0100] {processor.py:161} INFO - Started process (PID=5215) to work on /home/ubuntu/.local/lib/python3.10/site-packages/airflow/example_dags/example_short_circuit_operator.py
[2024-02-02T12:51:53.808+0100] {processor.py:830} INFO - Processing file /home/ubuntu/.local/lib/python3.10/site-packages/airflow/example_dags/example_short_circuit_operator.py for tasks to queue
[2024-02-02T12:51:53.823+0100] {logging_mixin.py:188} INFO - [2024-02-02T12:51:53.809+0100] {dagbag.py:538} INFO - Filling up the DagBag from /home/ubuntu/.local/lib/python3.10/site-packages/airflow/example_dags/example_short_circuit_operator.py
[2024-02-02T12:51:53.856+0100] {processor.py:840} INFO - DAG(s) 'example_short_circuit_operator' retrieved from /home/ubuntu/.local/lib/python3.10/site-packages/airflow/example_dags/example_short_circuit_operator.py
[2024-02-02T12:51:53.901+0100] {logging_mixin.py:188} INFO - [2024-02-02T12:51:53.901+0100] {dag.py:3033} INFO - Sync 1 DAGs
[2024-02-02T12:51:53.955+0100] {logging_mixin.py:188} INFO - [2024-02-02T12:51:53.954+0100] {dag.py:3820} INFO - Setting next_dagrun for example_short_circuit_operator to 2024-02-01T00:00:00+00:00, run_after=2024-02-02T00:00:00+00:00
[2024-02-02T12:51:54.169+0100] {processor.py:183} INFO - Processing /home/ubuntu/.local/lib/python3.10/site-packages/airflow/example_dags/example_short_circuit_operator.py took 0.393 seconds
[2024-02-02T12:53:05.338+0100] {processor.py:161} INFO - Started process (PID=5278) to work on /home/ubuntu/.local/lib/python3.10/site-packages/airflow/example_dags/example_short_circuit_operator.py
[2024-02-02T12:53:05.344+0100] {processor.py:830} INFO - Processing file /home/ubuntu/.local/lib/python3.10/site-packages/airflow/example_dags/example_short_circuit_operator.py for tasks to queue
[2024-02-02T12:53:05.346+0100] {logging_mixin.py:188} INFO - [2024-02-02T12:53:05.345+0100] {dagbag.py:538} INFO - Filling up the DagBag from /home/ubuntu/.local/lib/python3.10/site-packages/airflow/example_dags/example_short_circuit_operator.py
[2024-02-02T12:53:05.354+0100] {processor.py:840} INFO - DAG(s) 'example_short_circuit_operator' retrieved from /home/ubuntu/.local/lib/python3.10/site-packages/airflow/example_dags/example_short_circuit_operator.py
[2024-02-02T12:53:05.371+0100] {logging_mixin.py:188} INFO - [2024-02-02T12:53:05.371+0100] {dag.py:3033} INFO - Sync 1 DAGs
[2024-02-02T12:53:05.388+0100] {logging_mixin.py:188} INFO - [2024-02-02T12:53:05.388+0100] {dag.py:3820} INFO - Setting next_dagrun for example_short_circuit_operator to 2024-02-01T00:00:00+00:00, run_after=2024-02-02T00:00:00+00:00
[2024-02-02T12:53:05.454+0100] {processor.py:183} INFO - Processing /home/ubuntu/.local/lib/python3.10/site-packages/airflow/example_dags/example_short_circuit_operator.py took 0.122 seconds
[2024-02-02T12:54:25.347+0100] {processor.py:161} INFO - Started process (PID=5355) to work on /home/ubuntu/.local/lib/python3.10/site-packages/airflow/example_dags/example_short_circuit_operator.py
[2024-02-02T12:54:25.376+0100] {processor.py:830} INFO - Processing file /home/ubuntu/.local/lib/python3.10/site-packages/airflow/example_dags/example_short_circuit_operator.py for tasks to queue
[2024-02-02T12:54:25.381+0100] {logging_mixin.py:188} INFO - [2024-02-02T12:54:25.381+0100] {dagbag.py:538} INFO - Filling up the DagBag from /home/ubuntu/.local/lib/python3.10/site-packages/airflow/example_dags/example_short_circuit_operator.py
[2024-02-02T12:54:25.423+0100] {processor.py:840} INFO - DAG(s) 'example_short_circuit_operator' retrieved from /home/ubuntu/.local/lib/python3.10/site-packages/airflow/example_dags/example_short_circuit_operator.py
[2024-02-02T12:54:25.472+0100] {logging_mixin.py:188} INFO - [2024-02-02T12:54:25.471+0100] {dag.py:3033} INFO - Sync 1 DAGs
[2024-02-02T12:54:25.513+0100] {logging_mixin.py:188} INFO - [2024-02-02T12:54:25.512+0100] {dag.py:3820} INFO - Setting next_dagrun for example_short_circuit_operator to 2024-02-01T00:00:00+00:00, run_after=2024-02-02T00:00:00+00:00
[2024-02-02T12:54:25.693+0100] {processor.py:183} INFO - Processing /home/ubuntu/.local/lib/python3.10/site-packages/airflow/example_dags/example_short_circuit_operator.py took 0.358 seconds
[2024-02-02T12:55:37.580+0100] {processor.py:161} INFO - Started process (PID=5415) to work on /home/ubuntu/.local/lib/python3.10/site-packages/airflow/example_dags/example_short_circuit_operator.py
[2024-02-02T12:55:37.586+0100] {processor.py:830} INFO - Processing file /home/ubuntu/.local/lib/python3.10/site-packages/airflow/example_dags/example_short_circuit_operator.py for tasks to queue
[2024-02-02T12:55:37.591+0100] {logging_mixin.py:188} INFO - [2024-02-02T12:55:37.590+0100] {dagbag.py:538} INFO - Filling up the DagBag from /home/ubuntu/.local/lib/python3.10/site-packages/airflow/example_dags/example_short_circuit_operator.py
[2024-02-02T12:55:37.614+0100] {processor.py:840} INFO - DAG(s) 'example_short_circuit_operator' retrieved from /home/ubuntu/.local/lib/python3.10/site-packages/airflow/example_dags/example_short_circuit_operator.py
[2024-02-02T12:55:37.699+0100] {logging_mixin.py:188} INFO - [2024-02-02T12:55:37.698+0100] {dag.py:3033} INFO - Sync 1 DAGs
[2024-02-02T12:55:37.859+0100] {logging_mixin.py:188} INFO - [2024-02-02T12:55:37.858+0100] {dag.py:3820} INFO - Setting next_dagrun for example_short_circuit_operator to 2024-02-01T00:00:00+00:00, run_after=2024-02-02T00:00:00+00:00
[2024-02-02T12:55:37.938+0100] {processor.py:183} INFO - Processing /home/ubuntu/.local/lib/python3.10/site-packages/airflow/example_dags/example_short_circuit_operator.py took 0.371 seconds
[2024-02-02T12:56:52.359+0100] {processor.py:161} INFO - Started process (PID=5479) to work on /home/ubuntu/.local/lib/python3.10/site-packages/airflow/example_dags/example_short_circuit_operator.py
[2024-02-02T12:56:52.376+0100] {processor.py:830} INFO - Processing file /home/ubuntu/.local/lib/python3.10/site-packages/airflow/example_dags/example_short_circuit_operator.py for tasks to queue
[2024-02-02T12:56:52.377+0100] {logging_mixin.py:188} INFO - [2024-02-02T12:56:52.377+0100] {dagbag.py:538} INFO - Filling up the DagBag from /home/ubuntu/.local/lib/python3.10/site-packages/airflow/example_dags/example_short_circuit_operator.py
[2024-02-02T12:56:52.427+0100] {processor.py:840} INFO - DAG(s) 'example_short_circuit_operator' retrieved from /home/ubuntu/.local/lib/python3.10/site-packages/airflow/example_dags/example_short_circuit_operator.py
[2024-02-02T12:56:52.470+0100] {logging_mixin.py:188} INFO - [2024-02-02T12:56:52.470+0100] {dag.py:3033} INFO - Sync 1 DAGs
[2024-02-02T12:56:52.512+0100] {logging_mixin.py:188} INFO - [2024-02-02T12:56:52.512+0100] {dag.py:3820} INFO - Setting next_dagrun for example_short_circuit_operator to 2024-02-01T00:00:00+00:00, run_after=2024-02-02T00:00:00+00:00
[2024-02-02T12:56:52.560+0100] {processor.py:183} INFO - Processing /home/ubuntu/.local/lib/python3.10/site-packages/airflow/example_dags/example_short_circuit_operator.py took 0.211 seconds
[2024-02-02T12:58:06.718+0100] {processor.py:161} INFO - Started process (PID=5556) to work on /home/ubuntu/.local/lib/python3.10/site-packages/airflow/example_dags/example_short_circuit_operator.py
[2024-02-02T12:58:06.742+0100] {processor.py:830} INFO - Processing file /home/ubuntu/.local/lib/python3.10/site-packages/airflow/example_dags/example_short_circuit_operator.py for tasks to queue
[2024-02-02T12:58:06.749+0100] {logging_mixin.py:188} INFO - [2024-02-02T12:58:06.743+0100] {dagbag.py:538} INFO - Filling up the DagBag from /home/ubuntu/.local/lib/python3.10/site-packages/airflow/example_dags/example_short_circuit_operator.py
[2024-02-02T12:58:06.806+0100] {processor.py:840} INFO - DAG(s) 'example_short_circuit_operator' retrieved from /home/ubuntu/.local/lib/python3.10/site-packages/airflow/example_dags/example_short_circuit_operator.py
[2024-02-02T12:58:06.924+0100] {logging_mixin.py:188} INFO - [2024-02-02T12:58:06.924+0100] {dag.py:3033} INFO - Sync 1 DAGs
[2024-02-02T12:58:07.015+0100] {logging_mixin.py:188} INFO - [2024-02-02T12:58:07.015+0100] {dag.py:3820} INFO - Setting next_dagrun for example_short_circuit_operator to 2024-02-01T00:00:00+00:00, run_after=2024-02-02T00:00:00+00:00
[2024-02-02T12:58:07.111+0100] {processor.py:183} INFO - Processing /home/ubuntu/.local/lib/python3.10/site-packages/airflow/example_dags/example_short_circuit_operator.py took 0.402 seconds
[2024-02-02T12:59:48.939+0100] {processor.py:161} INFO - Started process (PID=5891) to work on /home/ubuntu/.local/lib/python3.10/site-packages/airflow/example_dags/example_short_circuit_operator.py
[2024-02-02T12:59:48.947+0100] {processor.py:830} INFO - Processing file /home/ubuntu/.local/lib/python3.10/site-packages/airflow/example_dags/example_short_circuit_operator.py for tasks to queue
[2024-02-02T12:59:48.969+0100] {logging_mixin.py:188} INFO - [2024-02-02T12:59:48.957+0100] {dagbag.py:538} INFO - Filling up the DagBag from /home/ubuntu/.local/lib/python3.10/site-packages/airflow/example_dags/example_short_circuit_operator.py
[2024-02-02T12:59:49.064+0100] {processor.py:840} INFO - DAG(s) 'example_short_circuit_operator' retrieved from /home/ubuntu/.local/lib/python3.10/site-packages/airflow/example_dags/example_short_circuit_operator.py
[2024-02-02T12:59:49.290+0100] {logging_mixin.py:188} INFO - [2024-02-02T12:59:49.289+0100] {dag.py:3033} INFO - Sync 1 DAGs
[2024-02-02T12:59:49.362+0100] {logging_mixin.py:188} INFO - [2024-02-02T12:59:49.361+0100] {dag.py:3820} INFO - Setting next_dagrun for example_short_circuit_operator to 2024-02-01T00:00:00+00:00, run_after=2024-02-02T00:00:00+00:00
[2024-02-02T12:59:49.502+0100] {processor.py:183} INFO - Processing /home/ubuntu/.local/lib/python3.10/site-packages/airflow/example_dags/example_short_circuit_operator.py took 0.576 seconds
[2024-02-02T13:03:07.519+0100] {processor.py:161} INFO - Started process (PID=6449) to work on /home/ubuntu/.local/lib/python3.10/site-packages/airflow/example_dags/example_short_circuit_operator.py
[2024-02-02T13:03:07.534+0100] {processor.py:830} INFO - Processing file /home/ubuntu/.local/lib/python3.10/site-packages/airflow/example_dags/example_short_circuit_operator.py for tasks to queue
[2024-02-02T13:03:07.536+0100] {logging_mixin.py:188} INFO - [2024-02-02T13:03:07.535+0100] {dagbag.py:538} INFO - Filling up the DagBag from /home/ubuntu/.local/lib/python3.10/site-packages/airflow/example_dags/example_short_circuit_operator.py
[2024-02-02T13:03:07.566+0100] {processor.py:840} INFO - DAG(s) 'example_short_circuit_operator' retrieved from /home/ubuntu/.local/lib/python3.10/site-packages/airflow/example_dags/example_short_circuit_operator.py
[2024-02-02T13:03:07.642+0100] {logging_mixin.py:188} INFO - [2024-02-02T13:03:07.642+0100] {dag.py:3033} INFO - Sync 1 DAGs
[2024-02-02T13:03:07.789+0100] {logging_mixin.py:188} INFO - [2024-02-02T13:03:07.789+0100] {dag.py:3820} INFO - Setting next_dagrun for example_short_circuit_operator to 2024-02-01T00:00:00+00:00, run_after=2024-02-02T00:00:00+00:00
[2024-02-02T13:03:07.946+0100] {processor.py:183} INFO - Processing /home/ubuntu/.local/lib/python3.10/site-packages/airflow/example_dags/example_short_circuit_operator.py took 0.438 seconds
[2024-02-02T13:04:33.557+0100] {processor.py:161} INFO - Started process (PID=6595) to work on /home/ubuntu/.local/lib/python3.10/site-packages/airflow/example_dags/example_short_circuit_operator.py
[2024-02-02T13:04:33.561+0100] {processor.py:830} INFO - Processing file /home/ubuntu/.local/lib/python3.10/site-packages/airflow/example_dags/example_short_circuit_operator.py for tasks to queue
[2024-02-02T13:04:33.563+0100] {logging_mixin.py:188} INFO - [2024-02-02T13:04:33.562+0100] {dagbag.py:538} INFO - Filling up the DagBag from /home/ubuntu/.local/lib/python3.10/site-packages/airflow/example_dags/example_short_circuit_operator.py
[2024-02-02T13:04:33.584+0100] {processor.py:840} INFO - DAG(s) 'example_short_circuit_operator' retrieved from /home/ubuntu/.local/lib/python3.10/site-packages/airflow/example_dags/example_short_circuit_operator.py
[2024-02-02T13:04:33.742+0100] {logging_mixin.py:188} INFO - [2024-02-02T13:04:33.742+0100] {dag.py:3033} INFO - Sync 1 DAGs
[2024-02-02T13:04:33.853+0100] {logging_mixin.py:188} INFO - [2024-02-02T13:04:33.852+0100] {dag.py:3820} INFO - Setting next_dagrun for example_short_circuit_operator to 2024-02-01T00:00:00+00:00, run_after=2024-02-02T00:00:00+00:00
[2024-02-02T13:04:33.933+0100] {processor.py:183} INFO - Processing /home/ubuntu/.local/lib/python3.10/site-packages/airflow/example_dags/example_short_circuit_operator.py took 0.382 seconds
[2024-02-02T13:06:28.372+0100] {processor.py:161} INFO - Started process (PID=6723) to work on /home/ubuntu/.local/lib/python3.10/site-packages/airflow/example_dags/example_short_circuit_operator.py
[2024-02-02T13:06:28.379+0100] {processor.py:830} INFO - Processing file /home/ubuntu/.local/lib/python3.10/site-packages/airflow/example_dags/example_short_circuit_operator.py for tasks to queue
[2024-02-02T13:06:28.383+0100] {logging_mixin.py:188} INFO - [2024-02-02T13:06:28.382+0100] {dagbag.py:538} INFO - Filling up the DagBag from /home/ubuntu/.local/lib/python3.10/site-packages/airflow/example_dags/example_short_circuit_operator.py
[2024-02-02T13:06:28.418+0100] {processor.py:840} INFO - DAG(s) 'example_short_circuit_operator' retrieved from /home/ubuntu/.local/lib/python3.10/site-packages/airflow/example_dags/example_short_circuit_operator.py
[2024-02-02T13:06:28.468+0100] {logging_mixin.py:188} INFO - [2024-02-02T13:06:28.468+0100] {dag.py:3033} INFO - Sync 1 DAGs
[2024-02-02T13:06:28.513+0100] {logging_mixin.py:188} INFO - [2024-02-02T13:06:28.512+0100] {dag.py:3820} INFO - Setting next_dagrun for example_short_circuit_operator to 2024-02-01T00:00:00+00:00, run_after=2024-02-02T00:00:00+00:00
[2024-02-02T13:06:28.604+0100] {processor.py:183} INFO - Processing /home/ubuntu/.local/lib/python3.10/site-packages/airflow/example_dags/example_short_circuit_operator.py took 0.261 seconds
[2024-02-02T13:07:36.889+0100] {processor.py:161} INFO - Started process (PID=6800) to work on /home/ubuntu/.local/lib/python3.10/site-packages/airflow/example_dags/example_short_circuit_operator.py
[2024-02-02T13:07:36.891+0100] {processor.py:830} INFO - Processing file /home/ubuntu/.local/lib/python3.10/site-packages/airflow/example_dags/example_short_circuit_operator.py for tasks to queue
[2024-02-02T13:07:36.892+0100] {logging_mixin.py:188} INFO - [2024-02-02T13:07:36.892+0100] {dagbag.py:538} INFO - Filling up the DagBag from /home/ubuntu/.local/lib/python3.10/site-packages/airflow/example_dags/example_short_circuit_operator.py
[2024-02-02T13:07:36.903+0100] {processor.py:840} INFO - DAG(s) 'example_short_circuit_operator' retrieved from /home/ubuntu/.local/lib/python3.10/site-packages/airflow/example_dags/example_short_circuit_operator.py
[2024-02-02T13:07:36.926+0100] {logging_mixin.py:188} INFO - [2024-02-02T13:07:36.926+0100] {dag.py:3033} INFO - Sync 1 DAGs
[2024-02-02T13:07:36.953+0100] {logging_mixin.py:188} INFO - [2024-02-02T13:07:36.953+0100] {dag.py:3820} INFO - Setting next_dagrun for example_short_circuit_operator to 2024-02-01T00:00:00+00:00, run_after=2024-02-02T00:00:00+00:00
[2024-02-02T13:07:36.988+0100] {processor.py:183} INFO - Processing /home/ubuntu/.local/lib/python3.10/site-packages/airflow/example_dags/example_short_circuit_operator.py took 0.103 seconds
[2024-02-02T13:08:44.791+0100] {processor.py:161} INFO - Started process (PID=6876) to work on /home/ubuntu/.local/lib/python3.10/site-packages/airflow/example_dags/example_short_circuit_operator.py
[2024-02-02T13:08:44.795+0100] {processor.py:830} INFO - Processing file /home/ubuntu/.local/lib/python3.10/site-packages/airflow/example_dags/example_short_circuit_operator.py for tasks to queue
[2024-02-02T13:08:44.797+0100] {logging_mixin.py:188} INFO - [2024-02-02T13:08:44.796+0100] {dagbag.py:538} INFO - Filling up the DagBag from /home/ubuntu/.local/lib/python3.10/site-packages/airflow/example_dags/example_short_circuit_operator.py
[2024-02-02T13:08:44.808+0100] {processor.py:840} INFO - DAG(s) 'example_short_circuit_operator' retrieved from /home/ubuntu/.local/lib/python3.10/site-packages/airflow/example_dags/example_short_circuit_operator.py
[2024-02-02T13:08:44.829+0100] {logging_mixin.py:188} INFO - [2024-02-02T13:08:44.829+0100] {dag.py:3033} INFO - Sync 1 DAGs
[2024-02-02T13:08:44.854+0100] {logging_mixin.py:188} INFO - [2024-02-02T13:08:44.853+0100] {dag.py:3820} INFO - Setting next_dagrun for example_short_circuit_operator to 2024-02-01T00:00:00+00:00, run_after=2024-02-02T00:00:00+00:00
[2024-02-02T13:08:44.890+0100] {processor.py:183} INFO - Processing /home/ubuntu/.local/lib/python3.10/site-packages/airflow/example_dags/example_short_circuit_operator.py took 0.102 seconds
[2024-02-02T13:09:41.757+0100] {processor.py:161} INFO - Started process (PID=6951) to work on /home/ubuntu/.local/lib/python3.10/site-packages/airflow/example_dags/example_short_circuit_operator.py
[2024-02-02T13:09:41.760+0100] {processor.py:830} INFO - Processing file /home/ubuntu/.local/lib/python3.10/site-packages/airflow/example_dags/example_short_circuit_operator.py for tasks to queue
[2024-02-02T13:09:41.761+0100] {logging_mixin.py:188} INFO - [2024-02-02T13:09:41.761+0100] {dagbag.py:538} INFO - Filling up the DagBag from /home/ubuntu/.local/lib/python3.10/site-packages/airflow/example_dags/example_short_circuit_operator.py
[2024-02-02T13:09:41.771+0100] {processor.py:840} INFO - DAG(s) 'example_short_circuit_operator' retrieved from /home/ubuntu/.local/lib/python3.10/site-packages/airflow/example_dags/example_short_circuit_operator.py
[2024-02-02T13:09:41.793+0100] {logging_mixin.py:188} INFO - [2024-02-02T13:09:41.792+0100] {dag.py:3033} INFO - Sync 1 DAGs
[2024-02-02T13:09:41.812+0100] {logging_mixin.py:188} INFO - [2024-02-02T13:09:41.812+0100] {dag.py:3820} INFO - Setting next_dagrun for example_short_circuit_operator to 2024-02-01T00:00:00+00:00, run_after=2024-02-02T00:00:00+00:00
[2024-02-02T13:09:41.841+0100] {processor.py:183} INFO - Processing /home/ubuntu/.local/lib/python3.10/site-packages/airflow/example_dags/example_short_circuit_operator.py took 0.087 seconds
[2024-02-02T13:10:35.405+0100] {processor.py:161} INFO - Started process (PID=7466) to work on /home/ubuntu/.local/lib/python3.10/site-packages/airflow/example_dags/example_short_circuit_operator.py
[2024-02-02T13:10:35.412+0100] {processor.py:830} INFO - Processing file /home/ubuntu/.local/lib/python3.10/site-packages/airflow/example_dags/example_short_circuit_operator.py for tasks to queue
[2024-02-02T13:10:35.416+0100] {logging_mixin.py:188} INFO - [2024-02-02T13:10:35.415+0100] {dagbag.py:538} INFO - Filling up the DagBag from /home/ubuntu/.local/lib/python3.10/site-packages/airflow/example_dags/example_short_circuit_operator.py
[2024-02-02T13:10:35.460+0100] {processor.py:840} INFO - DAG(s) 'example_short_circuit_operator' retrieved from /home/ubuntu/.local/lib/python3.10/site-packages/airflow/example_dags/example_short_circuit_operator.py
[2024-02-02T13:10:35.565+0100] {logging_mixin.py:188} INFO - [2024-02-02T13:10:35.565+0100] {dag.py:3033} INFO - Sync 1 DAGs
[2024-02-02T13:10:35.637+0100] {logging_mixin.py:188} INFO - [2024-02-02T13:10:35.636+0100] {dag.py:3820} INFO - Setting next_dagrun for example_short_circuit_operator to 2024-02-01T00:00:00+00:00, run_after=2024-02-02T00:00:00+00:00
[2024-02-02T13:10:35.815+0100] {processor.py:183} INFO - Processing /home/ubuntu/.local/lib/python3.10/site-packages/airflow/example_dags/example_short_circuit_operator.py took 0.431 seconds
