[2024-02-02T08:37:57.874+0100] {processor.py:161} INFO - Started process (PID=23807) to work on /home/ubuntu/.local/lib/python3.10/site-packages/airflow/example_dags/example_trigger_target_dag.py
[2024-02-02T08:37:57.882+0100] {processor.py:830} INFO - Processing file /home/ubuntu/.local/lib/python3.10/site-packages/airflow/example_dags/example_trigger_target_dag.py for tasks to queue
[2024-02-02T08:37:57.884+0100] {logging_mixin.py:188} INFO - [2024-02-02T08:37:57.883+0100] {dagbag.py:538} INFO - Filling up the DagBag from /home/ubuntu/.local/lib/python3.10/site-packages/airflow/example_dags/example_trigger_target_dag.py
[2024-02-02T08:37:57.897+0100] {processor.py:840} INFO - DAG(s) 'example_trigger_target_dag' retrieved from /home/ubuntu/.local/lib/python3.10/site-packages/airflow/example_dags/example_trigger_target_dag.py
[2024-02-02T08:37:57.942+0100] {logging_mixin.py:188} INFO - [2024-02-02T08:37:57.942+0100] {dag.py:3033} INFO - Sync 1 DAGs
[2024-02-02T08:37:57.968+0100] {logging_mixin.py:188} INFO - [2024-02-02T08:37:57.967+0100] {dag.py:3820} INFO - Setting next_dagrun for example_trigger_target_dag to None, run_after=None
[2024-02-02T08:37:58.014+0100] {processor.py:183} INFO - Processing /home/ubuntu/.local/lib/python3.10/site-packages/airflow/example_dags/example_trigger_target_dag.py took 0.150 seconds
[2024-02-02T08:38:48.761+0100] {processor.py:161} INFO - Started process (PID=23867) to work on /home/ubuntu/.local/lib/python3.10/site-packages/airflow/example_dags/example_trigger_target_dag.py
[2024-02-02T08:38:48.763+0100] {processor.py:830} INFO - Processing file /home/ubuntu/.local/lib/python3.10/site-packages/airflow/example_dags/example_trigger_target_dag.py for tasks to queue
[2024-02-02T08:38:48.764+0100] {logging_mixin.py:188} INFO - [2024-02-02T08:38:48.764+0100] {dagbag.py:538} INFO - Filling up the DagBag from /home/ubuntu/.local/lib/python3.10/site-packages/airflow/example_dags/example_trigger_target_dag.py
[2024-02-02T08:38:48.774+0100] {processor.py:840} INFO - DAG(s) 'example_trigger_target_dag' retrieved from /home/ubuntu/.local/lib/python3.10/site-packages/airflow/example_dags/example_trigger_target_dag.py
[2024-02-02T08:38:48.794+0100] {logging_mixin.py:188} INFO - [2024-02-02T08:38:48.793+0100] {dag.py:3033} INFO - Sync 1 DAGs
[2024-02-02T08:38:48.806+0100] {logging_mixin.py:188} INFO - [2024-02-02T08:38:48.806+0100] {dag.py:3820} INFO - Setting next_dagrun for example_trigger_target_dag to None, run_after=None
[2024-02-02T08:38:48.849+0100] {processor.py:183} INFO - Processing /home/ubuntu/.local/lib/python3.10/site-packages/airflow/example_dags/example_trigger_target_dag.py took 0.094 seconds
[2024-02-02T08:39:31.238+0100] {processor.py:161} INFO - Started process (PID=23922) to work on /home/ubuntu/.local/lib/python3.10/site-packages/airflow/example_dags/example_trigger_target_dag.py
[2024-02-02T08:39:31.240+0100] {processor.py:830} INFO - Processing file /home/ubuntu/.local/lib/python3.10/site-packages/airflow/example_dags/example_trigger_target_dag.py for tasks to queue
[2024-02-02T08:39:31.241+0100] {logging_mixin.py:188} INFO - [2024-02-02T08:39:31.241+0100] {dagbag.py:538} INFO - Filling up the DagBag from /home/ubuntu/.local/lib/python3.10/site-packages/airflow/example_dags/example_trigger_target_dag.py
[2024-02-02T08:39:31.248+0100] {processor.py:840} INFO - DAG(s) 'example_trigger_target_dag' retrieved from /home/ubuntu/.local/lib/python3.10/site-packages/airflow/example_dags/example_trigger_target_dag.py
[2024-02-02T08:39:31.267+0100] {logging_mixin.py:188} INFO - [2024-02-02T08:39:31.266+0100] {dag.py:3033} INFO - Sync 1 DAGs
[2024-02-02T08:39:31.279+0100] {logging_mixin.py:188} INFO - [2024-02-02T08:39:31.279+0100] {dag.py:3820} INFO - Setting next_dagrun for example_trigger_target_dag to None, run_after=None
[2024-02-02T08:39:31.309+0100] {processor.py:183} INFO - Processing /home/ubuntu/.local/lib/python3.10/site-packages/airflow/example_dags/example_trigger_target_dag.py took 0.075 seconds
[2024-02-02T12:40:59.052+0100] {processor.py:161} INFO - Started process (PID=4507) to work on /home/ubuntu/.local/lib/python3.10/site-packages/airflow/example_dags/example_trigger_target_dag.py
[2024-02-02T12:40:59.061+0100] {processor.py:830} INFO - Processing file /home/ubuntu/.local/lib/python3.10/site-packages/airflow/example_dags/example_trigger_target_dag.py for tasks to queue
[2024-02-02T12:40:59.067+0100] {logging_mixin.py:188} INFO - [2024-02-02T12:40:59.065+0100] {dagbag.py:538} INFO - Filling up the DagBag from /home/ubuntu/.local/lib/python3.10/site-packages/airflow/example_dags/example_trigger_target_dag.py
[2024-02-02T12:40:59.158+0100] {processor.py:840} INFO - DAG(s) 'example_trigger_target_dag' retrieved from /home/ubuntu/.local/lib/python3.10/site-packages/airflow/example_dags/example_trigger_target_dag.py
[2024-02-02T12:40:59.218+0100] {logging_mixin.py:188} INFO - [2024-02-02T12:40:59.217+0100] {dag.py:3033} INFO - Sync 1 DAGs
[2024-02-02T12:40:59.278+0100] {logging_mixin.py:188} INFO - [2024-02-02T12:40:59.277+0100] {dag.py:3820} INFO - Setting next_dagrun for example_trigger_target_dag to None, run_after=None
[2024-02-02T12:40:59.394+0100] {processor.py:183} INFO - Processing /home/ubuntu/.local/lib/python3.10/site-packages/airflow/example_dags/example_trigger_target_dag.py took 0.400 seconds
[2024-02-02T12:42:23.554+0100] {processor.py:161} INFO - Started process (PID=4634) to work on /home/ubuntu/.local/lib/python3.10/site-packages/airflow/example_dags/example_trigger_target_dag.py
[2024-02-02T12:42:23.557+0100] {processor.py:830} INFO - Processing file /home/ubuntu/.local/lib/python3.10/site-packages/airflow/example_dags/example_trigger_target_dag.py for tasks to queue
[2024-02-02T12:42:23.558+0100] {logging_mixin.py:188} INFO - [2024-02-02T12:42:23.557+0100] {dagbag.py:538} INFO - Filling up the DagBag from /home/ubuntu/.local/lib/python3.10/site-packages/airflow/example_dags/example_trigger_target_dag.py
[2024-02-02T12:42:23.575+0100] {processor.py:840} INFO - DAG(s) 'example_trigger_target_dag' retrieved from /home/ubuntu/.local/lib/python3.10/site-packages/airflow/example_dags/example_trigger_target_dag.py
[2024-02-02T12:42:23.855+0100] {logging_mixin.py:188} INFO - [2024-02-02T12:42:23.850+0100] {dag.py:3033} INFO - Sync 1 DAGs
[2024-02-02T12:42:23.873+0100] {logging_mixin.py:188} INFO - [2024-02-02T12:42:23.873+0100] {dag.py:3820} INFO - Setting next_dagrun for example_trigger_target_dag to None, run_after=None
[2024-02-02T12:42:23.903+0100] {processor.py:183} INFO - Processing /home/ubuntu/.local/lib/python3.10/site-packages/airflow/example_dags/example_trigger_target_dag.py took 0.357 seconds
[2024-02-02T12:43:33.869+0100] {processor.py:161} INFO - Started process (PID=4739) to work on /home/ubuntu/.local/lib/python3.10/site-packages/airflow/example_dags/example_trigger_target_dag.py
[2024-02-02T12:43:33.872+0100] {processor.py:830} INFO - Processing file /home/ubuntu/.local/lib/python3.10/site-packages/airflow/example_dags/example_trigger_target_dag.py for tasks to queue
[2024-02-02T12:43:33.874+0100] {logging_mixin.py:188} INFO - [2024-02-02T12:43:33.873+0100] {dagbag.py:538} INFO - Filling up the DagBag from /home/ubuntu/.local/lib/python3.10/site-packages/airflow/example_dags/example_trigger_target_dag.py
[2024-02-02T12:43:33.895+0100] {processor.py:840} INFO - DAG(s) 'example_trigger_target_dag' retrieved from /home/ubuntu/.local/lib/python3.10/site-packages/airflow/example_dags/example_trigger_target_dag.py
[2024-02-02T12:43:33.934+0100] {logging_mixin.py:188} INFO - [2024-02-02T12:43:33.933+0100] {dag.py:3033} INFO - Sync 1 DAGs
[2024-02-02T12:43:33.967+0100] {logging_mixin.py:188} INFO - [2024-02-02T12:43:33.966+0100] {dag.py:3820} INFO - Setting next_dagrun for example_trigger_target_dag to None, run_after=None
[2024-02-02T12:43:34.095+0100] {processor.py:183} INFO - Processing /home/ubuntu/.local/lib/python3.10/site-packages/airflow/example_dags/example_trigger_target_dag.py took 0.235 seconds
[2024-02-02T12:44:50.304+0100] {processor.py:161} INFO - Started process (PID=4836) to work on /home/ubuntu/.local/lib/python3.10/site-packages/airflow/example_dags/example_trigger_target_dag.py
[2024-02-02T12:44:50.309+0100] {processor.py:830} INFO - Processing file /home/ubuntu/.local/lib/python3.10/site-packages/airflow/example_dags/example_trigger_target_dag.py for tasks to queue
[2024-02-02T12:44:50.311+0100] {logging_mixin.py:188} INFO - [2024-02-02T12:44:50.310+0100] {dagbag.py:538} INFO - Filling up the DagBag from /home/ubuntu/.local/lib/python3.10/site-packages/airflow/example_dags/example_trigger_target_dag.py
[2024-02-02T12:44:50.329+0100] {processor.py:840} INFO - DAG(s) 'example_trigger_target_dag' retrieved from /home/ubuntu/.local/lib/python3.10/site-packages/airflow/example_dags/example_trigger_target_dag.py
[2024-02-02T12:44:50.366+0100] {logging_mixin.py:188} INFO - [2024-02-02T12:44:50.366+0100] {dag.py:3033} INFO - Sync 1 DAGs
[2024-02-02T12:44:50.409+0100] {logging_mixin.py:188} INFO - [2024-02-02T12:44:50.409+0100] {dag.py:3820} INFO - Setting next_dagrun for example_trigger_target_dag to None, run_after=None
[2024-02-02T12:44:50.517+0100] {processor.py:183} INFO - Processing /home/ubuntu/.local/lib/python3.10/site-packages/airflow/example_dags/example_trigger_target_dag.py took 0.219 seconds
[2024-02-02T12:46:08.293+0100] {processor.py:161} INFO - Started process (PID=4911) to work on /home/ubuntu/.local/lib/python3.10/site-packages/airflow/example_dags/example_trigger_target_dag.py
[2024-02-02T12:46:08.296+0100] {processor.py:830} INFO - Processing file /home/ubuntu/.local/lib/python3.10/site-packages/airflow/example_dags/example_trigger_target_dag.py for tasks to queue
[2024-02-02T12:46:08.297+0100] {logging_mixin.py:188} INFO - [2024-02-02T12:46:08.297+0100] {dagbag.py:538} INFO - Filling up the DagBag from /home/ubuntu/.local/lib/python3.10/site-packages/airflow/example_dags/example_trigger_target_dag.py
[2024-02-02T12:46:08.313+0100] {processor.py:840} INFO - DAG(s) 'example_trigger_target_dag' retrieved from /home/ubuntu/.local/lib/python3.10/site-packages/airflow/example_dags/example_trigger_target_dag.py
[2024-02-02T12:46:08.353+0100] {logging_mixin.py:188} INFO - [2024-02-02T12:46:08.353+0100] {dag.py:3033} INFO - Sync 1 DAGs
[2024-02-02T12:46:08.387+0100] {logging_mixin.py:188} INFO - [2024-02-02T12:46:08.387+0100] {dag.py:3820} INFO - Setting next_dagrun for example_trigger_target_dag to None, run_after=None
[2024-02-02T12:46:08.529+0100] {processor.py:183} INFO - Processing /home/ubuntu/.local/lib/python3.10/site-packages/airflow/example_dags/example_trigger_target_dag.py took 0.242 seconds
[2024-02-02T12:47:29.937+0100] {processor.py:161} INFO - Started process (PID=4986) to work on /home/ubuntu/.local/lib/python3.10/site-packages/airflow/example_dags/example_trigger_target_dag.py
[2024-02-02T12:47:29.948+0100] {processor.py:830} INFO - Processing file /home/ubuntu/.local/lib/python3.10/site-packages/airflow/example_dags/example_trigger_target_dag.py for tasks to queue
[2024-02-02T12:47:29.950+0100] {logging_mixin.py:188} INFO - [2024-02-02T12:47:29.950+0100] {dagbag.py:538} INFO - Filling up the DagBag from /home/ubuntu/.local/lib/python3.10/site-packages/airflow/example_dags/example_trigger_target_dag.py
[2024-02-02T12:47:29.973+0100] {processor.py:840} INFO - DAG(s) 'example_trigger_target_dag' retrieved from /home/ubuntu/.local/lib/python3.10/site-packages/airflow/example_dags/example_trigger_target_dag.py
[2024-02-02T12:47:30.113+0100] {logging_mixin.py:188} INFO - [2024-02-02T12:47:30.113+0100] {dag.py:3033} INFO - Sync 1 DAGs
[2024-02-02T12:47:30.153+0100] {logging_mixin.py:188} INFO - [2024-02-02T12:47:30.153+0100] {dag.py:3820} INFO - Setting next_dagrun for example_trigger_target_dag to None, run_after=None
[2024-02-02T12:47:30.228+0100] {processor.py:183} INFO - Processing /home/ubuntu/.local/lib/python3.10/site-packages/airflow/example_dags/example_trigger_target_dag.py took 0.306 seconds
[2024-02-02T12:48:13.926+0100] {processor.py:161} INFO - Started process (PID=5024) to work on /home/ubuntu/.local/lib/python3.10/site-packages/airflow/example_dags/example_trigger_target_dag.py
[2024-02-02T12:48:13.934+0100] {processor.py:830} INFO - Processing file /home/ubuntu/.local/lib/python3.10/site-packages/airflow/example_dags/example_trigger_target_dag.py for tasks to queue
[2024-02-02T12:48:13.937+0100] {logging_mixin.py:188} INFO - [2024-02-02T12:48:13.936+0100] {dagbag.py:538} INFO - Filling up the DagBag from /home/ubuntu/.local/lib/python3.10/site-packages/airflow/example_dags/example_trigger_target_dag.py
[2024-02-02T12:48:13.955+0100] {processor.py:840} INFO - DAG(s) 'example_trigger_target_dag' retrieved from /home/ubuntu/.local/lib/python3.10/site-packages/airflow/example_dags/example_trigger_target_dag.py
[2024-02-02T12:48:13.998+0100] {logging_mixin.py:188} INFO - [2024-02-02T12:48:13.998+0100] {dag.py:3033} INFO - Sync 1 DAGs
[2024-02-02T12:48:14.020+0100] {logging_mixin.py:188} INFO - [2024-02-02T12:48:14.019+0100] {dag.py:3820} INFO - Setting next_dagrun for example_trigger_target_dag to None, run_after=None
[2024-02-02T12:48:14.078+0100] {processor.py:183} INFO - Processing /home/ubuntu/.local/lib/python3.10/site-packages/airflow/example_dags/example_trigger_target_dag.py took 0.158 seconds
[2024-02-02T12:48:59.320+0100] {processor.py:161} INFO - Started process (PID=5065) to work on /home/ubuntu/.local/lib/python3.10/site-packages/airflow/example_dags/example_trigger_target_dag.py
[2024-02-02T12:48:59.323+0100] {processor.py:830} INFO - Processing file /home/ubuntu/.local/lib/python3.10/site-packages/airflow/example_dags/example_trigger_target_dag.py for tasks to queue
[2024-02-02T12:48:59.328+0100] {logging_mixin.py:188} INFO - [2024-02-02T12:48:59.326+0100] {dagbag.py:538} INFO - Filling up the DagBag from /home/ubuntu/.local/lib/python3.10/site-packages/airflow/example_dags/example_trigger_target_dag.py
[2024-02-02T12:48:59.393+0100] {processor.py:840} INFO - DAG(s) 'example_trigger_target_dag' retrieved from /home/ubuntu/.local/lib/python3.10/site-packages/airflow/example_dags/example_trigger_target_dag.py
[2024-02-02T12:48:59.471+0100] {logging_mixin.py:188} INFO - [2024-02-02T12:48:59.471+0100] {dag.py:3033} INFO - Sync 1 DAGs
[2024-02-02T12:48:59.535+0100] {logging_mixin.py:188} INFO - [2024-02-02T12:48:59.535+0100] {dag.py:3820} INFO - Setting next_dagrun for example_trigger_target_dag to None, run_after=None
[2024-02-02T12:48:59.614+0100] {processor.py:183} INFO - Processing /home/ubuntu/.local/lib/python3.10/site-packages/airflow/example_dags/example_trigger_target_dag.py took 0.298 seconds
[2024-02-02T12:49:42.640+0100] {processor.py:161} INFO - Started process (PID=5102) to work on /home/ubuntu/.local/lib/python3.10/site-packages/airflow/example_dags/example_trigger_target_dag.py
[2024-02-02T12:49:42.643+0100] {processor.py:830} INFO - Processing file /home/ubuntu/.local/lib/python3.10/site-packages/airflow/example_dags/example_trigger_target_dag.py for tasks to queue
[2024-02-02T12:49:42.645+0100] {logging_mixin.py:188} INFO - [2024-02-02T12:49:42.644+0100] {dagbag.py:538} INFO - Filling up the DagBag from /home/ubuntu/.local/lib/python3.10/site-packages/airflow/example_dags/example_trigger_target_dag.py
[2024-02-02T12:49:42.663+0100] {processor.py:840} INFO - DAG(s) 'example_trigger_target_dag' retrieved from /home/ubuntu/.local/lib/python3.10/site-packages/airflow/example_dags/example_trigger_target_dag.py
[2024-02-02T12:49:42.711+0100] {logging_mixin.py:188} INFO - [2024-02-02T12:49:42.711+0100] {dag.py:3033} INFO - Sync 1 DAGs
[2024-02-02T12:49:42.764+0100] {logging_mixin.py:188} INFO - [2024-02-02T12:49:42.764+0100] {dag.py:3820} INFO - Setting next_dagrun for example_trigger_target_dag to None, run_after=None
[2024-02-02T12:49:42.839+0100] {processor.py:183} INFO - Processing /home/ubuntu/.local/lib/python3.10/site-packages/airflow/example_dags/example_trigger_target_dag.py took 0.204 seconds
[2024-02-02T12:51:00.659+0100] {processor.py:161} INFO - Started process (PID=5169) to work on /home/ubuntu/.local/lib/python3.10/site-packages/airflow/example_dags/example_trigger_target_dag.py
[2024-02-02T12:51:00.680+0100] {processor.py:830} INFO - Processing file /home/ubuntu/.local/lib/python3.10/site-packages/airflow/example_dags/example_trigger_target_dag.py for tasks to queue
[2024-02-02T12:51:00.683+0100] {logging_mixin.py:188} INFO - [2024-02-02T12:51:00.682+0100] {dagbag.py:538} INFO - Filling up the DagBag from /home/ubuntu/.local/lib/python3.10/site-packages/airflow/example_dags/example_trigger_target_dag.py
[2024-02-02T12:51:00.702+0100] {processor.py:840} INFO - DAG(s) 'example_trigger_target_dag' retrieved from /home/ubuntu/.local/lib/python3.10/site-packages/airflow/example_dags/example_trigger_target_dag.py
[2024-02-02T12:51:00.759+0100] {logging_mixin.py:188} INFO - [2024-02-02T12:51:00.759+0100] {dag.py:3033} INFO - Sync 1 DAGs
[2024-02-02T12:51:00.794+0100] {logging_mixin.py:188} INFO - [2024-02-02T12:51:00.794+0100] {dag.py:3820} INFO - Setting next_dagrun for example_trigger_target_dag to None, run_after=None
[2024-02-02T12:51:00.919+0100] {processor.py:183} INFO - Processing /home/ubuntu/.local/lib/python3.10/site-packages/airflow/example_dags/example_trigger_target_dag.py took 0.289 seconds
[2024-02-02T12:52:14.975+0100] {processor.py:161} INFO - Started process (PID=5234) to work on /home/ubuntu/.local/lib/python3.10/site-packages/airflow/example_dags/example_trigger_target_dag.py
[2024-02-02T12:52:14.981+0100] {processor.py:830} INFO - Processing file /home/ubuntu/.local/lib/python3.10/site-packages/airflow/example_dags/example_trigger_target_dag.py for tasks to queue
[2024-02-02T12:52:14.983+0100] {logging_mixin.py:188} INFO - [2024-02-02T12:52:14.982+0100] {dagbag.py:538} INFO - Filling up the DagBag from /home/ubuntu/.local/lib/python3.10/site-packages/airflow/example_dags/example_trigger_target_dag.py
[2024-02-02T12:52:15.002+0100] {processor.py:840} INFO - DAG(s) 'example_trigger_target_dag' retrieved from /home/ubuntu/.local/lib/python3.10/site-packages/airflow/example_dags/example_trigger_target_dag.py
[2024-02-02T12:52:15.058+0100] {logging_mixin.py:188} INFO - [2024-02-02T12:52:15.058+0100] {dag.py:3033} INFO - Sync 1 DAGs
[2024-02-02T12:52:15.088+0100] {logging_mixin.py:188} INFO - [2024-02-02T12:52:15.088+0100] {dag.py:3820} INFO - Setting next_dagrun for example_trigger_target_dag to None, run_after=None
[2024-02-02T12:52:15.169+0100] {processor.py:183} INFO - Processing /home/ubuntu/.local/lib/python3.10/site-packages/airflow/example_dags/example_trigger_target_dag.py took 0.218 seconds
[2024-02-02T12:53:28.269+0100] {processor.py:161} INFO - Started process (PID=5301) to work on /home/ubuntu/.local/lib/python3.10/site-packages/airflow/example_dags/example_trigger_target_dag.py
[2024-02-02T12:53:28.271+0100] {processor.py:830} INFO - Processing file /home/ubuntu/.local/lib/python3.10/site-packages/airflow/example_dags/example_trigger_target_dag.py for tasks to queue
[2024-02-02T12:53:28.272+0100] {logging_mixin.py:188} INFO - [2024-02-02T12:53:28.272+0100] {dagbag.py:538} INFO - Filling up the DagBag from /home/ubuntu/.local/lib/python3.10/site-packages/airflow/example_dags/example_trigger_target_dag.py
[2024-02-02T12:53:28.291+0100] {processor.py:840} INFO - DAG(s) 'example_trigger_target_dag' retrieved from /home/ubuntu/.local/lib/python3.10/site-packages/airflow/example_dags/example_trigger_target_dag.py
[2024-02-02T12:53:28.328+0100] {logging_mixin.py:188} INFO - [2024-02-02T12:53:28.328+0100] {dag.py:3033} INFO - Sync 1 DAGs
[2024-02-02T12:53:28.365+0100] {logging_mixin.py:188} INFO - [2024-02-02T12:53:28.365+0100] {dag.py:3820} INFO - Setting next_dagrun for example_trigger_target_dag to None, run_after=None
[2024-02-02T12:53:28.587+0100] {processor.py:183} INFO - Processing /home/ubuntu/.local/lib/python3.10/site-packages/airflow/example_dags/example_trigger_target_dag.py took 0.326 seconds
[2024-02-02T12:54:09.299+0100] {processor.py:161} INFO - Started process (PID=5336) to work on /home/ubuntu/.local/lib/python3.10/site-packages/airflow/example_dags/example_trigger_target_dag.py
[2024-02-02T12:54:09.323+0100] {processor.py:830} INFO - Processing file /home/ubuntu/.local/lib/python3.10/site-packages/airflow/example_dags/example_trigger_target_dag.py for tasks to queue
[2024-02-02T12:54:09.325+0100] {logging_mixin.py:188} INFO - [2024-02-02T12:54:09.324+0100] {dagbag.py:538} INFO - Filling up the DagBag from /home/ubuntu/.local/lib/python3.10/site-packages/airflow/example_dags/example_trigger_target_dag.py
[2024-02-02T12:54:09.354+0100] {processor.py:840} INFO - DAG(s) 'example_trigger_target_dag' retrieved from /home/ubuntu/.local/lib/python3.10/site-packages/airflow/example_dags/example_trigger_target_dag.py
[2024-02-02T12:54:09.375+0100] {logging_mixin.py:188} INFO - [2024-02-02T12:54:09.375+0100] {dag.py:3033} INFO - Sync 1 DAGs
[2024-02-02T12:54:09.404+0100] {logging_mixin.py:188} INFO - [2024-02-02T12:54:09.404+0100] {dag.py:3820} INFO - Setting next_dagrun for example_trigger_target_dag to None, run_after=None
[2024-02-02T12:54:09.457+0100] {processor.py:183} INFO - Processing /home/ubuntu/.local/lib/python3.10/site-packages/airflow/example_dags/example_trigger_target_dag.py took 0.166 seconds
[2024-02-02T12:54:51.413+0100] {processor.py:161} INFO - Started process (PID=5374) to work on /home/ubuntu/.local/lib/python3.10/site-packages/airflow/example_dags/example_trigger_target_dag.py
[2024-02-02T12:54:51.436+0100] {processor.py:830} INFO - Processing file /home/ubuntu/.local/lib/python3.10/site-packages/airflow/example_dags/example_trigger_target_dag.py for tasks to queue
[2024-02-02T12:54:51.437+0100] {logging_mixin.py:188} INFO - [2024-02-02T12:54:51.437+0100] {dagbag.py:538} INFO - Filling up the DagBag from /home/ubuntu/.local/lib/python3.10/site-packages/airflow/example_dags/example_trigger_target_dag.py
[2024-02-02T12:54:51.468+0100] {processor.py:840} INFO - DAG(s) 'example_trigger_target_dag' retrieved from /home/ubuntu/.local/lib/python3.10/site-packages/airflow/example_dags/example_trigger_target_dag.py
[2024-02-02T12:54:51.513+0100] {logging_mixin.py:188} INFO - [2024-02-02T12:54:51.512+0100] {dag.py:3033} INFO - Sync 1 DAGs
[2024-02-02T12:54:51.548+0100] {logging_mixin.py:188} INFO - [2024-02-02T12:54:51.547+0100] {dag.py:3820} INFO - Setting next_dagrun for example_trigger_target_dag to None, run_after=None
[2024-02-02T12:54:51.647+0100] {processor.py:183} INFO - Processing /home/ubuntu/.local/lib/python3.10/site-packages/airflow/example_dags/example_trigger_target_dag.py took 0.246 seconds
[2024-02-02T12:56:02.651+0100] {processor.py:161} INFO - Started process (PID=5434) to work on /home/ubuntu/.local/lib/python3.10/site-packages/airflow/example_dags/example_trigger_target_dag.py
[2024-02-02T12:56:02.662+0100] {processor.py:830} INFO - Processing file /home/ubuntu/.local/lib/python3.10/site-packages/airflow/example_dags/example_trigger_target_dag.py for tasks to queue
[2024-02-02T12:56:02.665+0100] {logging_mixin.py:188} INFO - [2024-02-02T12:56:02.663+0100] {dagbag.py:538} INFO - Filling up the DagBag from /home/ubuntu/.local/lib/python3.10/site-packages/airflow/example_dags/example_trigger_target_dag.py
[2024-02-02T12:56:02.682+0100] {processor.py:840} INFO - DAG(s) 'example_trigger_target_dag' retrieved from /home/ubuntu/.local/lib/python3.10/site-packages/airflow/example_dags/example_trigger_target_dag.py
[2024-02-02T12:56:02.761+0100] {logging_mixin.py:188} INFO - [2024-02-02T12:56:02.757+0100] {dag.py:3033} INFO - Sync 1 DAGs
[2024-02-02T12:56:02.787+0100] {logging_mixin.py:188} INFO - [2024-02-02T12:56:02.786+0100] {dag.py:3820} INFO - Setting next_dagrun for example_trigger_target_dag to None, run_after=None
[2024-02-02T12:56:02.899+0100] {processor.py:183} INFO - Processing /home/ubuntu/.local/lib/python3.10/site-packages/airflow/example_dags/example_trigger_target_dag.py took 0.261 seconds
[2024-02-02T12:57:15.386+0100] {processor.py:161} INFO - Started process (PID=5497) to work on /home/ubuntu/.local/lib/python3.10/site-packages/airflow/example_dags/example_trigger_target_dag.py
[2024-02-02T12:57:15.395+0100] {processor.py:830} INFO - Processing file /home/ubuntu/.local/lib/python3.10/site-packages/airflow/example_dags/example_trigger_target_dag.py for tasks to queue
[2024-02-02T12:57:15.396+0100] {logging_mixin.py:188} INFO - [2024-02-02T12:57:15.396+0100] {dagbag.py:538} INFO - Filling up the DagBag from /home/ubuntu/.local/lib/python3.10/site-packages/airflow/example_dags/example_trigger_target_dag.py
[2024-02-02T12:57:15.438+0100] {processor.py:840} INFO - DAG(s) 'example_trigger_target_dag' retrieved from /home/ubuntu/.local/lib/python3.10/site-packages/airflow/example_dags/example_trigger_target_dag.py
[2024-02-02T12:57:15.518+0100] {logging_mixin.py:188} INFO - [2024-02-02T12:57:15.517+0100] {dag.py:3033} INFO - Sync 1 DAGs
[2024-02-02T12:57:15.539+0100] {logging_mixin.py:188} INFO - [2024-02-02T12:57:15.539+0100] {dag.py:3820} INFO - Setting next_dagrun for example_trigger_target_dag to None, run_after=None
[2024-02-02T12:57:15.625+0100] {processor.py:183} INFO - Processing /home/ubuntu/.local/lib/python3.10/site-packages/airflow/example_dags/example_trigger_target_dag.py took 0.246 seconds
[2024-02-02T12:58:37.649+0100] {processor.py:161} INFO - Started process (PID=5582) to work on /home/ubuntu/.local/lib/python3.10/site-packages/airflow/example_dags/example_trigger_target_dag.py
[2024-02-02T12:58:37.659+0100] {processor.py:830} INFO - Processing file /home/ubuntu/.local/lib/python3.10/site-packages/airflow/example_dags/example_trigger_target_dag.py for tasks to queue
[2024-02-02T12:58:37.662+0100] {logging_mixin.py:188} INFO - [2024-02-02T12:58:37.661+0100] {dagbag.py:538} INFO - Filling up the DagBag from /home/ubuntu/.local/lib/python3.10/site-packages/airflow/example_dags/example_trigger_target_dag.py
[2024-02-02T12:58:37.692+0100] {processor.py:840} INFO - DAG(s) 'example_trigger_target_dag' retrieved from /home/ubuntu/.local/lib/python3.10/site-packages/airflow/example_dags/example_trigger_target_dag.py
[2024-02-02T12:58:37.753+0100] {logging_mixin.py:188} INFO - [2024-02-02T12:58:37.753+0100] {dag.py:3033} INFO - Sync 1 DAGs
[2024-02-02T12:58:37.825+0100] {logging_mixin.py:188} INFO - [2024-02-02T12:58:37.819+0100] {dag.py:3820} INFO - Setting next_dagrun for example_trigger_target_dag to None, run_after=None
[2024-02-02T12:58:37.936+0100] {processor.py:183} INFO - Processing /home/ubuntu/.local/lib/python3.10/site-packages/airflow/example_dags/example_trigger_target_dag.py took 0.303 seconds
[2024-02-02T12:59:24.460+0100] {processor.py:161} INFO - Started process (PID=5709) to work on /home/ubuntu/.local/lib/python3.10/site-packages/airflow/example_dags/example_trigger_target_dag.py
[2024-02-02T12:59:24.470+0100] {processor.py:830} INFO - Processing file /home/ubuntu/.local/lib/python3.10/site-packages/airflow/example_dags/example_trigger_target_dag.py for tasks to queue
[2024-02-02T12:59:24.472+0100] {logging_mixin.py:188} INFO - [2024-02-02T12:59:24.471+0100] {dagbag.py:538} INFO - Filling up the DagBag from /home/ubuntu/.local/lib/python3.10/site-packages/airflow/example_dags/example_trigger_target_dag.py
[2024-02-02T12:59:24.494+0100] {processor.py:840} INFO - DAG(s) 'example_trigger_target_dag' retrieved from /home/ubuntu/.local/lib/python3.10/site-packages/airflow/example_dags/example_trigger_target_dag.py
[2024-02-02T12:59:24.564+0100] {logging_mixin.py:188} INFO - [2024-02-02T12:59:24.563+0100] {dag.py:3033} INFO - Sync 1 DAGs
[2024-02-02T12:59:24.715+0100] {logging_mixin.py:188} INFO - [2024-02-02T12:59:24.714+0100] {dag.py:3820} INFO - Setting next_dagrun for example_trigger_target_dag to None, run_after=None
[2024-02-02T12:59:24.908+0100] {processor.py:183} INFO - Processing /home/ubuntu/.local/lib/python3.10/site-packages/airflow/example_dags/example_trigger_target_dag.py took 0.465 seconds
[2024-02-02T13:00:36.611+0100] {processor.py:161} INFO - Started process (PID=6215) to work on /home/ubuntu/.local/lib/python3.10/site-packages/airflow/example_dags/example_trigger_target_dag.py
[2024-02-02T13:00:36.679+0100] {processor.py:830} INFO - Processing file /home/ubuntu/.local/lib/python3.10/site-packages/airflow/example_dags/example_trigger_target_dag.py for tasks to queue
[2024-02-02T13:00:36.683+0100] {logging_mixin.py:188} INFO - [2024-02-02T13:00:36.682+0100] {dagbag.py:538} INFO - Filling up the DagBag from /home/ubuntu/.local/lib/python3.10/site-packages/airflow/example_dags/example_trigger_target_dag.py
[2024-02-02T13:00:36.768+0100] {processor.py:840} INFO - DAG(s) 'example_trigger_target_dag' retrieved from /home/ubuntu/.local/lib/python3.10/site-packages/airflow/example_dags/example_trigger_target_dag.py
[2024-02-02T13:00:36.990+0100] {logging_mixin.py:188} INFO - [2024-02-02T13:00:36.985+0100] {dag.py:3033} INFO - Sync 1 DAGs
[2024-02-02T13:00:37.108+0100] {logging_mixin.py:188} INFO - [2024-02-02T13:00:37.107+0100] {dag.py:3820} INFO - Setting next_dagrun for example_trigger_target_dag to None, run_after=None
[2024-02-02T13:00:37.257+0100] {processor.py:183} INFO - Processing /home/ubuntu/.local/lib/python3.10/site-packages/airflow/example_dags/example_trigger_target_dag.py took 0.775 seconds
[2024-02-02T13:02:29.340+0100] {processor.py:161} INFO - Started process (PID=6408) to work on /home/ubuntu/.local/lib/python3.10/site-packages/airflow/example_dags/example_trigger_target_dag.py
[2024-02-02T13:02:29.388+0100] {processor.py:830} INFO - Processing file /home/ubuntu/.local/lib/python3.10/site-packages/airflow/example_dags/example_trigger_target_dag.py for tasks to queue
[2024-02-02T13:02:29.394+0100] {logging_mixin.py:188} INFO - [2024-02-02T13:02:29.393+0100] {dagbag.py:538} INFO - Filling up the DagBag from /home/ubuntu/.local/lib/python3.10/site-packages/airflow/example_dags/example_trigger_target_dag.py
[2024-02-02T13:02:29.427+0100] {processor.py:840} INFO - DAG(s) 'example_trigger_target_dag' retrieved from /home/ubuntu/.local/lib/python3.10/site-packages/airflow/example_dags/example_trigger_target_dag.py
[2024-02-02T13:02:29.776+0100] {logging_mixin.py:188} INFO - [2024-02-02T13:02:29.775+0100] {dag.py:3033} INFO - Sync 1 DAGs
[2024-02-02T13:02:30.015+0100] {logging_mixin.py:188} INFO - [2024-02-02T13:02:29.898+0100] {dag.py:3820} INFO - Setting next_dagrun for example_trigger_target_dag to None, run_after=None
[2024-02-02T13:02:30.818+0100] {processor.py:183} INFO - Processing /home/ubuntu/.local/lib/python3.10/site-packages/airflow/example_dags/example_trigger_target_dag.py took 1.622 seconds
[2024-02-02T13:04:11.479+0100] {processor.py:161} INFO - Started process (PID=6571) to work on /home/ubuntu/.local/lib/python3.10/site-packages/airflow/example_dags/example_trigger_target_dag.py
[2024-02-02T13:04:11.492+0100] {processor.py:830} INFO - Processing file /home/ubuntu/.local/lib/python3.10/site-packages/airflow/example_dags/example_trigger_target_dag.py for tasks to queue
[2024-02-02T13:04:11.494+0100] {logging_mixin.py:188} INFO - [2024-02-02T13:04:11.493+0100] {dagbag.py:538} INFO - Filling up the DagBag from /home/ubuntu/.local/lib/python3.10/site-packages/airflow/example_dags/example_trigger_target_dag.py
[2024-02-02T13:04:11.518+0100] {processor.py:840} INFO - DAG(s) 'example_trigger_target_dag' retrieved from /home/ubuntu/.local/lib/python3.10/site-packages/airflow/example_dags/example_trigger_target_dag.py
[2024-02-02T13:04:11.549+0100] {logging_mixin.py:188} INFO - [2024-02-02T13:04:11.549+0100] {dag.py:3033} INFO - Sync 1 DAGs
[2024-02-02T13:04:11.562+0100] {logging_mixin.py:188} INFO - [2024-02-02T13:04:11.562+0100] {dag.py:3820} INFO - Setting next_dagrun for example_trigger_target_dag to None, run_after=None
[2024-02-02T13:04:11.771+0100] {processor.py:183} INFO - Processing /home/ubuntu/.local/lib/python3.10/site-packages/airflow/example_dags/example_trigger_target_dag.py took 0.296 seconds
[2024-02-02T13:05:15.128+0100] {processor.py:161} INFO - Started process (PID=6669) to work on /home/ubuntu/.local/lib/python3.10/site-packages/airflow/example_dags/example_trigger_target_dag.py
[2024-02-02T13:05:15.146+0100] {processor.py:830} INFO - Processing file /home/ubuntu/.local/lib/python3.10/site-packages/airflow/example_dags/example_trigger_target_dag.py for tasks to queue
[2024-02-02T13:05:15.147+0100] {logging_mixin.py:188} INFO - [2024-02-02T13:05:15.147+0100] {dagbag.py:538} INFO - Filling up the DagBag from /home/ubuntu/.local/lib/python3.10/site-packages/airflow/example_dags/example_trigger_target_dag.py
[2024-02-02T13:05:15.203+0100] {processor.py:840} INFO - DAG(s) 'example_trigger_target_dag' retrieved from /home/ubuntu/.local/lib/python3.10/site-packages/airflow/example_dags/example_trigger_target_dag.py
[2024-02-02T13:05:15.317+0100] {logging_mixin.py:188} INFO - [2024-02-02T13:05:15.317+0100] {dag.py:3033} INFO - Sync 1 DAGs
[2024-02-02T13:05:15.409+0100] {logging_mixin.py:188} INFO - [2024-02-02T13:05:15.409+0100] {dag.py:3820} INFO - Setting next_dagrun for example_trigger_target_dag to None, run_after=None
[2024-02-02T13:05:15.588+0100] {processor.py:183} INFO - Processing /home/ubuntu/.local/lib/python3.10/site-packages/airflow/example_dags/example_trigger_target_dag.py took 0.473 seconds
[2024-02-02T13:06:20.249+0100] {processor.py:161} INFO - Started process (PID=6715) to work on /home/ubuntu/.local/lib/python3.10/site-packages/airflow/example_dags/example_trigger_target_dag.py
[2024-02-02T13:06:20.253+0100] {processor.py:830} INFO - Processing file /home/ubuntu/.local/lib/python3.10/site-packages/airflow/example_dags/example_trigger_target_dag.py for tasks to queue
[2024-02-02T13:06:20.255+0100] {logging_mixin.py:188} INFO - [2024-02-02T13:06:20.254+0100] {dagbag.py:538} INFO - Filling up the DagBag from /home/ubuntu/.local/lib/python3.10/site-packages/airflow/example_dags/example_trigger_target_dag.py
[2024-02-02T13:06:20.264+0100] {processor.py:840} INFO - DAG(s) 'example_trigger_target_dag' retrieved from /home/ubuntu/.local/lib/python3.10/site-packages/airflow/example_dags/example_trigger_target_dag.py
[2024-02-02T13:06:20.284+0100] {logging_mixin.py:188} INFO - [2024-02-02T13:06:20.283+0100] {dag.py:3033} INFO - Sync 1 DAGs
[2024-02-02T13:06:20.296+0100] {logging_mixin.py:188} INFO - [2024-02-02T13:06:20.296+0100] {dag.py:3820} INFO - Setting next_dagrun for example_trigger_target_dag to None, run_after=None
[2024-02-02T13:06:20.326+0100] {processor.py:183} INFO - Processing /home/ubuntu/.local/lib/python3.10/site-packages/airflow/example_dags/example_trigger_target_dag.py took 0.083 seconds
[2024-02-02T13:07:27.890+0100] {processor.py:161} INFO - Started process (PID=6787) to work on /home/ubuntu/.local/lib/python3.10/site-packages/airflow/example_dags/example_trigger_target_dag.py
[2024-02-02T13:07:27.908+0100] {processor.py:830} INFO - Processing file /home/ubuntu/.local/lib/python3.10/site-packages/airflow/example_dags/example_trigger_target_dag.py for tasks to queue
[2024-02-02T13:07:27.912+0100] {logging_mixin.py:188} INFO - [2024-02-02T13:07:27.911+0100] {dagbag.py:538} INFO - Filling up the DagBag from /home/ubuntu/.local/lib/python3.10/site-packages/airflow/example_dags/example_trigger_target_dag.py
[2024-02-02T13:07:27.936+0100] {processor.py:840} INFO - DAG(s) 'example_trigger_target_dag' retrieved from /home/ubuntu/.local/lib/python3.10/site-packages/airflow/example_dags/example_trigger_target_dag.py
[2024-02-02T13:07:28.122+0100] {logging_mixin.py:188} INFO - [2024-02-02T13:07:28.121+0100] {dag.py:3033} INFO - Sync 1 DAGs
[2024-02-02T13:07:28.173+0100] {logging_mixin.py:188} INFO - [2024-02-02T13:07:28.173+0100] {dag.py:3820} INFO - Setting next_dagrun for example_trigger_target_dag to None, run_after=None
[2024-02-02T13:07:28.388+0100] {processor.py:183} INFO - Processing /home/ubuntu/.local/lib/python3.10/site-packages/airflow/example_dags/example_trigger_target_dag.py took 0.506 seconds
[2024-02-02T13:08:35.273+0100] {processor.py:161} INFO - Started process (PID=6868) to work on /home/ubuntu/.local/lib/python3.10/site-packages/airflow/example_dags/example_trigger_target_dag.py
[2024-02-02T13:08:35.288+0100] {processor.py:830} INFO - Processing file /home/ubuntu/.local/lib/python3.10/site-packages/airflow/example_dags/example_trigger_target_dag.py for tasks to queue
[2024-02-02T13:08:35.304+0100] {logging_mixin.py:188} INFO - [2024-02-02T13:08:35.294+0100] {dagbag.py:538} INFO - Filling up the DagBag from /home/ubuntu/.local/lib/python3.10/site-packages/airflow/example_dags/example_trigger_target_dag.py
[2024-02-02T13:08:35.321+0100] {processor.py:840} INFO - DAG(s) 'example_trigger_target_dag' retrieved from /home/ubuntu/.local/lib/python3.10/site-packages/airflow/example_dags/example_trigger_target_dag.py
[2024-02-02T13:08:35.366+0100] {logging_mixin.py:188} INFO - [2024-02-02T13:08:35.366+0100] {dag.py:3033} INFO - Sync 1 DAGs
[2024-02-02T13:08:35.386+0100] {logging_mixin.py:188} INFO - [2024-02-02T13:08:35.386+0100] {dag.py:3820} INFO - Setting next_dagrun for example_trigger_target_dag to None, run_after=None
[2024-02-02T13:08:35.432+0100] {processor.py:183} INFO - Processing /home/ubuntu/.local/lib/python3.10/site-packages/airflow/example_dags/example_trigger_target_dag.py took 0.171 seconds
[2024-02-02T13:09:34.015+0100] {processor.py:161} INFO - Started process (PID=6943) to work on /home/ubuntu/.local/lib/python3.10/site-packages/airflow/example_dags/example_trigger_target_dag.py
[2024-02-02T13:09:34.020+0100] {processor.py:830} INFO - Processing file /home/ubuntu/.local/lib/python3.10/site-packages/airflow/example_dags/example_trigger_target_dag.py for tasks to queue
[2024-02-02T13:09:34.022+0100] {logging_mixin.py:188} INFO - [2024-02-02T13:09:34.021+0100] {dagbag.py:538} INFO - Filling up the DagBag from /home/ubuntu/.local/lib/python3.10/site-packages/airflow/example_dags/example_trigger_target_dag.py
[2024-02-02T13:09:34.036+0100] {processor.py:840} INFO - DAG(s) 'example_trigger_target_dag' retrieved from /home/ubuntu/.local/lib/python3.10/site-packages/airflow/example_dags/example_trigger_target_dag.py
[2024-02-02T13:09:34.060+0100] {logging_mixin.py:188} INFO - [2024-02-02T13:09:34.060+0100] {dag.py:3033} INFO - Sync 1 DAGs
[2024-02-02T13:09:34.079+0100] {logging_mixin.py:188} INFO - [2024-02-02T13:09:34.079+0100] {dag.py:3820} INFO - Setting next_dagrun for example_trigger_target_dag to None, run_after=None
[2024-02-02T13:09:34.123+0100] {processor.py:183} INFO - Processing /home/ubuntu/.local/lib/python3.10/site-packages/airflow/example_dags/example_trigger_target_dag.py took 0.112 seconds
[2024-02-02T13:10:23.536+0100] {processor.py:161} INFO - Started process (PID=7080) to work on /home/ubuntu/.local/lib/python3.10/site-packages/airflow/example_dags/example_trigger_target_dag.py
[2024-02-02T13:10:23.547+0100] {processor.py:830} INFO - Processing file /home/ubuntu/.local/lib/python3.10/site-packages/airflow/example_dags/example_trigger_target_dag.py for tasks to queue
[2024-02-02T13:10:23.549+0100] {logging_mixin.py:188} INFO - [2024-02-02T13:10:23.548+0100] {dagbag.py:538} INFO - Filling up the DagBag from /home/ubuntu/.local/lib/python3.10/site-packages/airflow/example_dags/example_trigger_target_dag.py
[2024-02-02T13:10:23.562+0100] {processor.py:840} INFO - DAG(s) 'example_trigger_target_dag' retrieved from /home/ubuntu/.local/lib/python3.10/site-packages/airflow/example_dags/example_trigger_target_dag.py
[2024-02-02T13:10:23.594+0100] {logging_mixin.py:188} INFO - [2024-02-02T13:10:23.593+0100] {dag.py:3033} INFO - Sync 1 DAGs
[2024-02-02T13:10:23.613+0100] {logging_mixin.py:188} INFO - [2024-02-02T13:10:23.613+0100] {dag.py:3820} INFO - Setting next_dagrun for example_trigger_target_dag to None, run_after=None
[2024-02-02T13:10:23.679+0100] {processor.py:183} INFO - Processing /home/ubuntu/.local/lib/python3.10/site-packages/airflow/example_dags/example_trigger_target_dag.py took 0.149 seconds
