[2024-02-02T08:38:13.905+0100] {processor.py:161} INFO - Started process (PID=23830) to work on /home/ubuntu/.local/lib/python3.10/site-packages/airflow/example_dags/example_branch_python_dop_operator_3.py
[2024-02-02T08:38:13.906+0100] {processor.py:830} INFO - Processing file /home/ubuntu/.local/lib/python3.10/site-packages/airflow/example_dags/example_branch_python_dop_operator_3.py for tasks to queue
[2024-02-02T08:38:13.907+0100] {logging_mixin.py:188} INFO - [2024-02-02T08:38:13.907+0100] {dagbag.py:538} INFO - Filling up the DagBag from /home/ubuntu/.local/lib/python3.10/site-packages/airflow/example_dags/example_branch_python_dop_operator_3.py
[2024-02-02T08:38:13.916+0100] {processor.py:840} INFO - DAG(s) 'example_branch_dop_operator_v3' retrieved from /home/ubuntu/.local/lib/python3.10/site-packages/airflow/example_dags/example_branch_python_dop_operator_3.py
[2024-02-02T08:38:13.933+0100] {logging_mixin.py:188} INFO - [2024-02-02T08:38:13.933+0100] {dag.py:3033} INFO - Sync 1 DAGs
[2024-02-02T08:38:13.951+0100] {logging_mixin.py:188} INFO - [2024-02-02T08:38:13.950+0100] {dag.py:3820} INFO - Setting next_dagrun for example_branch_dop_operator_v3 to 2024-02-02T07:37:00+00:00, run_after=2024-02-02T07:38:00+00:00
[2024-02-02T08:38:14.002+0100] {processor.py:183} INFO - Processing /home/ubuntu/.local/lib/python3.10/site-packages/airflow/example_dags/example_branch_python_dop_operator_3.py took 0.102 seconds
[2024-02-02T08:39:03.917+0100] {processor.py:161} INFO - Started process (PID=23892) to work on /home/ubuntu/.local/lib/python3.10/site-packages/airflow/example_dags/example_branch_python_dop_operator_3.py
[2024-02-02T08:39:03.920+0100] {processor.py:830} INFO - Processing file /home/ubuntu/.local/lib/python3.10/site-packages/airflow/example_dags/example_branch_python_dop_operator_3.py for tasks to queue
[2024-02-02T08:39:03.922+0100] {logging_mixin.py:188} INFO - [2024-02-02T08:39:03.921+0100] {dagbag.py:538} INFO - Filling up the DagBag from /home/ubuntu/.local/lib/python3.10/site-packages/airflow/example_dags/example_branch_python_dop_operator_3.py
[2024-02-02T08:39:03.934+0100] {processor.py:840} INFO - DAG(s) 'example_branch_dop_operator_v3' retrieved from /home/ubuntu/.local/lib/python3.10/site-packages/airflow/example_dags/example_branch_python_dop_operator_3.py
[2024-02-02T08:39:03.955+0100] {logging_mixin.py:188} INFO - [2024-02-02T08:39:03.955+0100] {dag.py:3033} INFO - Sync 1 DAGs
[2024-02-02T08:39:03.987+0100] {logging_mixin.py:188} INFO - [2024-02-02T08:39:03.987+0100] {dag.py:3820} INFO - Setting next_dagrun for example_branch_dop_operator_v3 to 2024-02-02T07:38:00+00:00, run_after=2024-02-02T07:39:00+00:00
[2024-02-02T08:39:04.020+0100] {processor.py:183} INFO - Processing /home/ubuntu/.local/lib/python3.10/site-packages/airflow/example_dags/example_branch_python_dop_operator_3.py took 0.107 seconds
[2024-02-02T12:41:36.495+0100] {processor.py:161} INFO - Started process (PID=4590) to work on /home/ubuntu/.local/lib/python3.10/site-packages/airflow/example_dags/example_branch_python_dop_operator_3.py
[2024-02-02T12:41:36.498+0100] {processor.py:830} INFO - Processing file /home/ubuntu/.local/lib/python3.10/site-packages/airflow/example_dags/example_branch_python_dop_operator_3.py for tasks to queue
[2024-02-02T12:41:36.499+0100] {logging_mixin.py:188} INFO - [2024-02-02T12:41:36.498+0100] {dagbag.py:538} INFO - Filling up the DagBag from /home/ubuntu/.local/lib/python3.10/site-packages/airflow/example_dags/example_branch_python_dop_operator_3.py
[2024-02-02T12:41:36.513+0100] {processor.py:840} INFO - DAG(s) 'example_branch_dop_operator_v3' retrieved from /home/ubuntu/.local/lib/python3.10/site-packages/airflow/example_dags/example_branch_python_dop_operator_3.py
[2024-02-02T12:41:36.666+0100] {logging_mixin.py:188} INFO - [2024-02-02T12:41:36.666+0100] {dag.py:3033} INFO - Sync 1 DAGs
[2024-02-02T12:41:36.703+0100] {logging_mixin.py:188} INFO - [2024-02-02T12:41:36.703+0100] {dag.py:3820} INFO - Setting next_dagrun for example_branch_dop_operator_v3 to 2024-02-02T11:40:00+00:00, run_after=2024-02-02T11:41:00+00:00
[2024-02-02T12:41:36.744+0100] {processor.py:183} INFO - Processing /home/ubuntu/.local/lib/python3.10/site-packages/airflow/example_dags/example_branch_python_dop_operator_3.py took 0.253 seconds
[2024-02-02T12:42:42.236+0100] {processor.py:161} INFO - Started process (PID=4674) to work on /home/ubuntu/.local/lib/python3.10/site-packages/airflow/example_dags/example_branch_python_dop_operator_3.py
[2024-02-02T12:42:42.239+0100] {processor.py:830} INFO - Processing file /home/ubuntu/.local/lib/python3.10/site-packages/airflow/example_dags/example_branch_python_dop_operator_3.py for tasks to queue
[2024-02-02T12:42:42.241+0100] {logging_mixin.py:188} INFO - [2024-02-02T12:42:42.240+0100] {dagbag.py:538} INFO - Filling up the DagBag from /home/ubuntu/.local/lib/python3.10/site-packages/airflow/example_dags/example_branch_python_dop_operator_3.py
[2024-02-02T12:42:42.253+0100] {processor.py:840} INFO - DAG(s) 'example_branch_dop_operator_v3' retrieved from /home/ubuntu/.local/lib/python3.10/site-packages/airflow/example_dags/example_branch_python_dop_operator_3.py
[2024-02-02T12:42:42.271+0100] {logging_mixin.py:188} INFO - [2024-02-02T12:42:42.271+0100] {dag.py:3033} INFO - Sync 1 DAGs
[2024-02-02T12:42:42.321+0100] {logging_mixin.py:188} INFO - [2024-02-02T12:42:42.321+0100] {dag.py:3820} INFO - Setting next_dagrun for example_branch_dop_operator_v3 to 2024-02-02T11:41:00+00:00, run_after=2024-02-02T11:42:00+00:00
[2024-02-02T12:42:42.357+0100] {processor.py:183} INFO - Processing /home/ubuntu/.local/lib/python3.10/site-packages/airflow/example_dags/example_branch_python_dop_operator_3.py took 0.127 seconds
[2024-02-02T12:43:55.112+0100] {processor.py:161} INFO - Started process (PID=4761) to work on /home/ubuntu/.local/lib/python3.10/site-packages/airflow/example_dags/example_branch_python_dop_operator_3.py
[2024-02-02T12:43:55.114+0100] {processor.py:830} INFO - Processing file /home/ubuntu/.local/lib/python3.10/site-packages/airflow/example_dags/example_branch_python_dop_operator_3.py for tasks to queue
[2024-02-02T12:43:55.115+0100] {logging_mixin.py:188} INFO - [2024-02-02T12:43:55.115+0100] {dagbag.py:538} INFO - Filling up the DagBag from /home/ubuntu/.local/lib/python3.10/site-packages/airflow/example_dags/example_branch_python_dop_operator_3.py
[2024-02-02T12:43:55.142+0100] {processor.py:840} INFO - DAG(s) 'example_branch_dop_operator_v3' retrieved from /home/ubuntu/.local/lib/python3.10/site-packages/airflow/example_dags/example_branch_python_dop_operator_3.py
[2024-02-02T12:43:55.174+0100] {logging_mixin.py:188} INFO - [2024-02-02T12:43:55.173+0100] {dag.py:3033} INFO - Sync 1 DAGs
[2024-02-02T12:43:55.261+0100] {logging_mixin.py:188} INFO - [2024-02-02T12:43:55.256+0100] {dag.py:3820} INFO - Setting next_dagrun for example_branch_dop_operator_v3 to 2024-02-02T11:42:00+00:00, run_after=2024-02-02T11:43:00+00:00
[2024-02-02T12:43:55.369+0100] {processor.py:183} INFO - Processing /home/ubuntu/.local/lib/python3.10/site-packages/airflow/example_dags/example_branch_python_dop_operator_3.py took 0.262 seconds
[2024-02-02T12:45:10.446+0100] {processor.py:161} INFO - Started process (PID=4863) to work on /home/ubuntu/.local/lib/python3.10/site-packages/airflow/example_dags/example_branch_python_dop_operator_3.py
[2024-02-02T12:45:10.449+0100] {processor.py:830} INFO - Processing file /home/ubuntu/.local/lib/python3.10/site-packages/airflow/example_dags/example_branch_python_dop_operator_3.py for tasks to queue
[2024-02-02T12:45:10.451+0100] {logging_mixin.py:188} INFO - [2024-02-02T12:45:10.450+0100] {dagbag.py:538} INFO - Filling up the DagBag from /home/ubuntu/.local/lib/python3.10/site-packages/airflow/example_dags/example_branch_python_dop_operator_3.py
[2024-02-02T12:45:10.474+0100] {processor.py:840} INFO - DAG(s) 'example_branch_dop_operator_v3' retrieved from /home/ubuntu/.local/lib/python3.10/site-packages/airflow/example_dags/example_branch_python_dop_operator_3.py
[2024-02-02T12:45:10.543+0100] {logging_mixin.py:188} INFO - [2024-02-02T12:45:10.543+0100] {dag.py:3033} INFO - Sync 1 DAGs
[2024-02-02T12:45:10.603+0100] {logging_mixin.py:188} INFO - [2024-02-02T12:45:10.603+0100] {dag.py:3820} INFO - Setting next_dagrun for example_branch_dop_operator_v3 to 2024-02-02T11:44:00+00:00, run_after=2024-02-02T11:45:00+00:00
[2024-02-02T12:45:10.656+0100] {processor.py:183} INFO - Processing /home/ubuntu/.local/lib/python3.10/site-packages/airflow/example_dags/example_branch_python_dop_operator_3.py took 0.214 seconds
[2024-02-02T12:46:29.078+0100] {processor.py:161} INFO - Started process (PID=4933) to work on /home/ubuntu/.local/lib/python3.10/site-packages/airflow/example_dags/example_branch_python_dop_operator_3.py
[2024-02-02T12:46:29.082+0100] {processor.py:830} INFO - Processing file /home/ubuntu/.local/lib/python3.10/site-packages/airflow/example_dags/example_branch_python_dop_operator_3.py for tasks to queue
[2024-02-02T12:46:29.086+0100] {logging_mixin.py:188} INFO - [2024-02-02T12:46:29.084+0100] {dagbag.py:538} INFO - Filling up the DagBag from /home/ubuntu/.local/lib/python3.10/site-packages/airflow/example_dags/example_branch_python_dop_operator_3.py
[2024-02-02T12:46:29.123+0100] {processor.py:840} INFO - DAG(s) 'example_branch_dop_operator_v3' retrieved from /home/ubuntu/.local/lib/python3.10/site-packages/airflow/example_dags/example_branch_python_dop_operator_3.py
[2024-02-02T12:46:29.155+0100] {logging_mixin.py:188} INFO - [2024-02-02T12:46:29.155+0100] {dag.py:3033} INFO - Sync 1 DAGs
[2024-02-02T12:46:29.231+0100] {logging_mixin.py:188} INFO - [2024-02-02T12:46:29.231+0100] {dag.py:3820} INFO - Setting next_dagrun for example_branch_dop_operator_v3 to 2024-02-02T11:45:00+00:00, run_after=2024-02-02T11:46:00+00:00
[2024-02-02T12:46:29.282+0100] {processor.py:183} INFO - Processing /home/ubuntu/.local/lib/python3.10/site-packages/airflow/example_dags/example_branch_python_dop_operator_3.py took 0.214 seconds
[2024-02-02T12:47:52.935+0100] {processor.py:161} INFO - Started process (PID=5009) to work on /home/ubuntu/.local/lib/python3.10/site-packages/airflow/example_dags/example_branch_python_dop_operator_3.py
[2024-02-02T12:47:52.966+0100] {processor.py:830} INFO - Processing file /home/ubuntu/.local/lib/python3.10/site-packages/airflow/example_dags/example_branch_python_dop_operator_3.py for tasks to queue
[2024-02-02T12:47:52.967+0100] {logging_mixin.py:188} INFO - [2024-02-02T12:47:52.967+0100] {dagbag.py:538} INFO - Filling up the DagBag from /home/ubuntu/.local/lib/python3.10/site-packages/airflow/example_dags/example_branch_python_dop_operator_3.py
[2024-02-02T12:47:52.987+0100] {processor.py:840} INFO - DAG(s) 'example_branch_dop_operator_v3' retrieved from /home/ubuntu/.local/lib/python3.10/site-packages/airflow/example_dags/example_branch_python_dop_operator_3.py
[2024-02-02T12:47:53.048+0100] {logging_mixin.py:188} INFO - [2024-02-02T12:47:53.048+0100] {dag.py:3033} INFO - Sync 1 DAGs
[2024-02-02T12:47:53.090+0100] {logging_mixin.py:188} INFO - [2024-02-02T12:47:53.088+0100] {dag.py:3820} INFO - Setting next_dagrun for example_branch_dop_operator_v3 to 2024-02-02T11:46:00+00:00, run_after=2024-02-02T11:47:00+00:00
[2024-02-02T12:47:53.279+0100] {processor.py:183} INFO - Processing /home/ubuntu/.local/lib/python3.10/site-packages/airflow/example_dags/example_branch_python_dop_operator_3.py took 0.358 seconds
[2024-02-02T12:49:20.232+0100] {processor.py:161} INFO - Started process (PID=5086) to work on /home/ubuntu/.local/lib/python3.10/site-packages/airflow/example_dags/example_branch_python_dop_operator_3.py
[2024-02-02T12:49:20.237+0100] {processor.py:830} INFO - Processing file /home/ubuntu/.local/lib/python3.10/site-packages/airflow/example_dags/example_branch_python_dop_operator_3.py for tasks to queue
[2024-02-02T12:49:20.239+0100] {logging_mixin.py:188} INFO - [2024-02-02T12:49:20.238+0100] {dagbag.py:538} INFO - Filling up the DagBag from /home/ubuntu/.local/lib/python3.10/site-packages/airflow/example_dags/example_branch_python_dop_operator_3.py
[2024-02-02T12:49:20.266+0100] {processor.py:840} INFO - DAG(s) 'example_branch_dop_operator_v3' retrieved from /home/ubuntu/.local/lib/python3.10/site-packages/airflow/example_dags/example_branch_python_dop_operator_3.py
[2024-02-02T12:49:20.311+0100] {logging_mixin.py:188} INFO - [2024-02-02T12:49:20.311+0100] {dag.py:3033} INFO - Sync 1 DAGs
[2024-02-02T12:49:20.385+0100] {logging_mixin.py:188} INFO - [2024-02-02T12:49:20.385+0100] {dag.py:3820} INFO - Setting next_dagrun for example_branch_dop_operator_v3 to 2024-02-02T11:48:00+00:00, run_after=2024-02-02T11:49:00+00:00
[2024-02-02T12:49:20.460+0100] {processor.py:183} INFO - Processing /home/ubuntu/.local/lib/python3.10/site-packages/airflow/example_dags/example_branch_python_dop_operator_3.py took 0.237 seconds
[2024-02-02T12:50:40.961+0100] {processor.py:161} INFO - Started process (PID=5153) to work on /home/ubuntu/.local/lib/python3.10/site-packages/airflow/example_dags/example_branch_python_dop_operator_3.py
[2024-02-02T12:50:40.973+0100] {processor.py:830} INFO - Processing file /home/ubuntu/.local/lib/python3.10/site-packages/airflow/example_dags/example_branch_python_dop_operator_3.py for tasks to queue
[2024-02-02T12:50:40.977+0100] {logging_mixin.py:188} INFO - [2024-02-02T12:50:40.976+0100] {dagbag.py:538} INFO - Filling up the DagBag from /home/ubuntu/.local/lib/python3.10/site-packages/airflow/example_dags/example_branch_python_dop_operator_3.py
[2024-02-02T12:50:41.007+0100] {processor.py:840} INFO - DAG(s) 'example_branch_dop_operator_v3' retrieved from /home/ubuntu/.local/lib/python3.10/site-packages/airflow/example_dags/example_branch_python_dop_operator_3.py
[2024-02-02T12:50:41.200+0100] {logging_mixin.py:188} INFO - [2024-02-02T12:50:41.200+0100] {dag.py:3033} INFO - Sync 1 DAGs
[2024-02-02T12:50:41.270+0100] {logging_mixin.py:188} INFO - [2024-02-02T12:50:41.270+0100] {dag.py:3820} INFO - Setting next_dagrun for example_branch_dop_operator_v3 to 2024-02-02T11:49:00+00:00, run_after=2024-02-02T11:50:00+00:00
[2024-02-02T12:50:41.356+0100] {processor.py:183} INFO - Processing /home/ubuntu/.local/lib/python3.10/site-packages/airflow/example_dags/example_branch_python_dop_operator_3.py took 0.414 seconds
[2024-02-02T12:51:58.129+0100] {processor.py:161} INFO - Started process (PID=5219) to work on /home/ubuntu/.local/lib/python3.10/site-packages/airflow/example_dags/example_branch_python_dop_operator_3.py
[2024-02-02T12:51:58.132+0100] {processor.py:830} INFO - Processing file /home/ubuntu/.local/lib/python3.10/site-packages/airflow/example_dags/example_branch_python_dop_operator_3.py for tasks to queue
[2024-02-02T12:51:58.134+0100] {logging_mixin.py:188} INFO - [2024-02-02T12:51:58.133+0100] {dagbag.py:538} INFO - Filling up the DagBag from /home/ubuntu/.local/lib/python3.10/site-packages/airflow/example_dags/example_branch_python_dop_operator_3.py
[2024-02-02T12:51:58.156+0100] {processor.py:840} INFO - DAG(s) 'example_branch_dop_operator_v3' retrieved from /home/ubuntu/.local/lib/python3.10/site-packages/airflow/example_dags/example_branch_python_dop_operator_3.py
[2024-02-02T12:51:58.205+0100] {logging_mixin.py:188} INFO - [2024-02-02T12:51:58.204+0100] {dag.py:3033} INFO - Sync 1 DAGs
[2024-02-02T12:51:58.276+0100] {logging_mixin.py:188} INFO - [2024-02-02T12:51:58.275+0100] {dag.py:3820} INFO - Setting next_dagrun for example_branch_dop_operator_v3 to 2024-02-02T11:50:00+00:00, run_after=2024-02-02T11:51:00+00:00
[2024-02-02T12:51:58.426+0100] {processor.py:183} INFO - Processing /home/ubuntu/.local/lib/python3.10/site-packages/airflow/example_dags/example_branch_python_dop_operator_3.py took 0.302 seconds
[2024-02-02T12:53:10.807+0100] {processor.py:161} INFO - Started process (PID=5282) to work on /home/ubuntu/.local/lib/python3.10/site-packages/airflow/example_dags/example_branch_python_dop_operator_3.py
[2024-02-02T12:53:10.810+0100] {processor.py:830} INFO - Processing file /home/ubuntu/.local/lib/python3.10/site-packages/airflow/example_dags/example_branch_python_dop_operator_3.py for tasks to queue
[2024-02-02T12:53:10.811+0100] {logging_mixin.py:188} INFO - [2024-02-02T12:53:10.811+0100] {dagbag.py:538} INFO - Filling up the DagBag from /home/ubuntu/.local/lib/python3.10/site-packages/airflow/example_dags/example_branch_python_dop_operator_3.py
[2024-02-02T12:53:10.832+0100] {processor.py:840} INFO - DAG(s) 'example_branch_dop_operator_v3' retrieved from /home/ubuntu/.local/lib/python3.10/site-packages/airflow/example_dags/example_branch_python_dop_operator_3.py
[2024-02-02T12:53:10.874+0100] {logging_mixin.py:188} INFO - [2024-02-02T12:53:10.873+0100] {dag.py:3033} INFO - Sync 1 DAGs
[2024-02-02T12:53:10.954+0100] {logging_mixin.py:188} INFO - [2024-02-02T12:53:10.953+0100] {dag.py:3820} INFO - Setting next_dagrun for example_branch_dop_operator_v3 to 2024-02-02T11:52:00+00:00, run_after=2024-02-02T11:53:00+00:00
[2024-02-02T12:53:11.065+0100] {processor.py:183} INFO - Processing /home/ubuntu/.local/lib/python3.10/site-packages/airflow/example_dags/example_branch_python_dop_operator_3.py took 0.265 seconds
[2024-02-02T12:54:30.317+0100] {processor.py:161} INFO - Started process (PID=5359) to work on /home/ubuntu/.local/lib/python3.10/site-packages/airflow/example_dags/example_branch_python_dop_operator_3.py
[2024-02-02T12:54:30.323+0100] {processor.py:830} INFO - Processing file /home/ubuntu/.local/lib/python3.10/site-packages/airflow/example_dags/example_branch_python_dop_operator_3.py for tasks to queue
[2024-02-02T12:54:30.327+0100] {logging_mixin.py:188} INFO - [2024-02-02T12:54:30.325+0100] {dagbag.py:538} INFO - Filling up the DagBag from /home/ubuntu/.local/lib/python3.10/site-packages/airflow/example_dags/example_branch_python_dop_operator_3.py
[2024-02-02T12:54:30.372+0100] {processor.py:840} INFO - DAG(s) 'example_branch_dop_operator_v3' retrieved from /home/ubuntu/.local/lib/python3.10/site-packages/airflow/example_dags/example_branch_python_dop_operator_3.py
[2024-02-02T12:54:30.436+0100] {logging_mixin.py:188} INFO - [2024-02-02T12:54:30.436+0100] {dag.py:3033} INFO - Sync 1 DAGs
[2024-02-02T12:54:30.555+0100] {logging_mixin.py:188} INFO - [2024-02-02T12:54:30.553+0100] {dag.py:3820} INFO - Setting next_dagrun for example_branch_dop_operator_v3 to 2024-02-02T11:53:00+00:00, run_after=2024-02-02T11:54:00+00:00
[2024-02-02T12:54:30.657+0100] {processor.py:183} INFO - Processing /home/ubuntu/.local/lib/python3.10/site-packages/airflow/example_dags/example_branch_python_dop_operator_3.py took 0.350 seconds
[2024-02-02T12:55:43.319+0100] {processor.py:161} INFO - Started process (PID=5419) to work on /home/ubuntu/.local/lib/python3.10/site-packages/airflow/example_dags/example_branch_python_dop_operator_3.py
[2024-02-02T12:55:43.329+0100] {processor.py:830} INFO - Processing file /home/ubuntu/.local/lib/python3.10/site-packages/airflow/example_dags/example_branch_python_dop_operator_3.py for tasks to queue
[2024-02-02T12:55:43.331+0100] {logging_mixin.py:188} INFO - [2024-02-02T12:55:43.330+0100] {dagbag.py:538} INFO - Filling up the DagBag from /home/ubuntu/.local/lib/python3.10/site-packages/airflow/example_dags/example_branch_python_dop_operator_3.py
[2024-02-02T12:55:43.350+0100] {processor.py:840} INFO - DAG(s) 'example_branch_dop_operator_v3' retrieved from /home/ubuntu/.local/lib/python3.10/site-packages/airflow/example_dags/example_branch_python_dop_operator_3.py
[2024-02-02T12:55:43.411+0100] {logging_mixin.py:188} INFO - [2024-02-02T12:55:43.410+0100] {dag.py:3033} INFO - Sync 1 DAGs
[2024-02-02T12:55:43.483+0100] {logging_mixin.py:188} INFO - [2024-02-02T12:55:43.480+0100] {dag.py:3820} INFO - Setting next_dagrun for example_branch_dop_operator_v3 to 2024-02-02T11:54:00+00:00, run_after=2024-02-02T11:55:00+00:00
[2024-02-02T12:55:43.673+0100] {processor.py:183} INFO - Processing /home/ubuntu/.local/lib/python3.10/site-packages/airflow/example_dags/example_branch_python_dop_operator_3.py took 0.363 seconds
[2024-02-02T12:56:57.565+0100] {processor.py:161} INFO - Started process (PID=5484) to work on /home/ubuntu/.local/lib/python3.10/site-packages/airflow/example_dags/example_branch_python_dop_operator_3.py
[2024-02-02T12:56:57.568+0100] {processor.py:830} INFO - Processing file /home/ubuntu/.local/lib/python3.10/site-packages/airflow/example_dags/example_branch_python_dop_operator_3.py for tasks to queue
[2024-02-02T12:56:57.570+0100] {logging_mixin.py:188} INFO - [2024-02-02T12:56:57.569+0100] {dagbag.py:538} INFO - Filling up the DagBag from /home/ubuntu/.local/lib/python3.10/site-packages/airflow/example_dags/example_branch_python_dop_operator_3.py
[2024-02-02T12:56:57.595+0100] {processor.py:840} INFO - DAG(s) 'example_branch_dop_operator_v3' retrieved from /home/ubuntu/.local/lib/python3.10/site-packages/airflow/example_dags/example_branch_python_dop_operator_3.py
[2024-02-02T12:56:57.648+0100] {logging_mixin.py:188} INFO - [2024-02-02T12:56:57.648+0100] {dag.py:3033} INFO - Sync 1 DAGs
[2024-02-02T12:56:57.723+0100] {logging_mixin.py:188} INFO - [2024-02-02T12:56:57.722+0100] {dag.py:3820} INFO - Setting next_dagrun for example_branch_dop_operator_v3 to 2024-02-02T11:55:00+00:00, run_after=2024-02-02T11:56:00+00:00
[2024-02-02T12:56:57.773+0100] {processor.py:183} INFO - Processing /home/ubuntu/.local/lib/python3.10/site-packages/airflow/example_dags/example_branch_python_dop_operator_3.py took 0.214 seconds
[2024-02-02T12:58:13.441+0100] {processor.py:161} INFO - Started process (PID=5560) to work on /home/ubuntu/.local/lib/python3.10/site-packages/airflow/example_dags/example_branch_python_dop_operator_3.py
[2024-02-02T12:58:13.444+0100] {processor.py:830} INFO - Processing file /home/ubuntu/.local/lib/python3.10/site-packages/airflow/example_dags/example_branch_python_dop_operator_3.py for tasks to queue
[2024-02-02T12:58:13.446+0100] {logging_mixin.py:188} INFO - [2024-02-02T12:58:13.445+0100] {dagbag.py:538} INFO - Filling up the DagBag from /home/ubuntu/.local/lib/python3.10/site-packages/airflow/example_dags/example_branch_python_dop_operator_3.py
[2024-02-02T12:58:13.496+0100] {processor.py:840} INFO - DAG(s) 'example_branch_dop_operator_v3' retrieved from /home/ubuntu/.local/lib/python3.10/site-packages/airflow/example_dags/example_branch_python_dop_operator_3.py
[2024-02-02T12:58:13.571+0100] {logging_mixin.py:188} INFO - [2024-02-02T12:58:13.571+0100] {dag.py:3033} INFO - Sync 1 DAGs
[2024-02-02T12:58:13.667+0100] {logging_mixin.py:188} INFO - [2024-02-02T12:58:13.667+0100] {dag.py:3820} INFO - Setting next_dagrun for example_branch_dop_operator_v3 to 2024-02-02T11:57:00+00:00, run_after=2024-02-02T11:58:00+00:00
[2024-02-02T12:58:13.788+0100] {processor.py:183} INFO - Processing /home/ubuntu/.local/lib/python3.10/site-packages/airflow/example_dags/example_branch_python_dop_operator_3.py took 0.355 seconds
[2024-02-02T12:59:55.738+0100] {processor.py:161} INFO - Started process (PID=5983) to work on /home/ubuntu/.local/lib/python3.10/site-packages/airflow/example_dags/example_branch_python_dop_operator_3.py
[2024-02-02T12:59:55.745+0100] {processor.py:830} INFO - Processing file /home/ubuntu/.local/lib/python3.10/site-packages/airflow/example_dags/example_branch_python_dop_operator_3.py for tasks to queue
[2024-02-02T12:59:55.749+0100] {logging_mixin.py:188} INFO - [2024-02-02T12:59:55.747+0100] {dagbag.py:538} INFO - Filling up the DagBag from /home/ubuntu/.local/lib/python3.10/site-packages/airflow/example_dags/example_branch_python_dop_operator_3.py
[2024-02-02T12:59:55.976+0100] {processor.py:840} INFO - DAG(s) 'example_branch_dop_operator_v3' retrieved from /home/ubuntu/.local/lib/python3.10/site-packages/airflow/example_dags/example_branch_python_dop_operator_3.py
[2024-02-02T12:59:56.172+0100] {logging_mixin.py:188} INFO - [2024-02-02T12:59:56.172+0100] {dag.py:3033} INFO - Sync 1 DAGs
[2024-02-02T12:59:56.367+0100] {logging_mixin.py:188} INFO - [2024-02-02T12:59:56.366+0100] {dag.py:3820} INFO - Setting next_dagrun for example_branch_dop_operator_v3 to 2024-02-02T11:58:00+00:00, run_after=2024-02-02T11:59:00+00:00
[2024-02-02T12:59:56.747+0100] {processor.py:183} INFO - Processing /home/ubuntu/.local/lib/python3.10/site-packages/airflow/example_dags/example_branch_python_dop_operator_3.py took 1.030 seconds
[2024-02-02T13:03:15.364+0100] {processor.py:161} INFO - Started process (PID=6459) to work on /home/ubuntu/.local/lib/python3.10/site-packages/airflow/example_dags/example_branch_python_dop_operator_3.py
[2024-02-02T13:03:15.375+0100] {processor.py:830} INFO - Processing file /home/ubuntu/.local/lib/python3.10/site-packages/airflow/example_dags/example_branch_python_dop_operator_3.py for tasks to queue
[2024-02-02T13:03:15.377+0100] {logging_mixin.py:188} INFO - [2024-02-02T13:03:15.376+0100] {dagbag.py:538} INFO - Filling up the DagBag from /home/ubuntu/.local/lib/python3.10/site-packages/airflow/example_dags/example_branch_python_dop_operator_3.py
[2024-02-02T13:03:15.533+0100] {processor.py:840} INFO - DAG(s) 'example_branch_dop_operator_v3' retrieved from /home/ubuntu/.local/lib/python3.10/site-packages/airflow/example_dags/example_branch_python_dop_operator_3.py
[2024-02-02T13:03:15.647+0100] {logging_mixin.py:188} INFO - [2024-02-02T13:03:15.647+0100] {dag.py:3033} INFO - Sync 1 DAGs
[2024-02-02T13:03:16.245+0100] {logging_mixin.py:188} INFO - [2024-02-02T13:03:16.245+0100] {dag.py:3820} INFO - Setting next_dagrun for example_branch_dop_operator_v3 to 2024-02-02T12:02:00+00:00, run_after=2024-02-02T12:03:00+00:00
[2024-02-02T13:03:16.388+0100] {processor.py:183} INFO - Processing /home/ubuntu/.local/lib/python3.10/site-packages/airflow/example_dags/example_branch_python_dop_operator_3.py took 1.075 seconds
[2024-02-02T13:04:39.614+0100] {processor.py:161} INFO - Started process (PID=6601) to work on /home/ubuntu/.local/lib/python3.10/site-packages/airflow/example_dags/example_branch_python_dop_operator_3.py
[2024-02-02T13:04:39.619+0100] {processor.py:830} INFO - Processing file /home/ubuntu/.local/lib/python3.10/site-packages/airflow/example_dags/example_branch_python_dop_operator_3.py for tasks to queue
[2024-02-02T13:04:39.621+0100] {logging_mixin.py:188} INFO - [2024-02-02T13:04:39.620+0100] {dagbag.py:538} INFO - Filling up the DagBag from /home/ubuntu/.local/lib/python3.10/site-packages/airflow/example_dags/example_branch_python_dop_operator_3.py
[2024-02-02T13:04:39.647+0100] {processor.py:840} INFO - DAG(s) 'example_branch_dop_operator_v3' retrieved from /home/ubuntu/.local/lib/python3.10/site-packages/airflow/example_dags/example_branch_python_dop_operator_3.py
[2024-02-02T13:04:39.689+0100] {logging_mixin.py:188} INFO - [2024-02-02T13:04:39.689+0100] {dag.py:3033} INFO - Sync 1 DAGs
[2024-02-02T13:04:39.800+0100] {logging_mixin.py:188} INFO - [2024-02-02T13:04:39.800+0100] {dag.py:3820} INFO - Setting next_dagrun for example_branch_dop_operator_v3 to 2024-02-02T12:03:00+00:00, run_after=2024-02-02T12:04:00+00:00
[2024-02-02T13:04:39.903+0100] {processor.py:183} INFO - Processing /home/ubuntu/.local/lib/python3.10/site-packages/airflow/example_dags/example_branch_python_dop_operator_3.py took 0.305 seconds
[2024-02-02T13:06:33.975+0100] {processor.py:161} INFO - Started process (PID=6730) to work on /home/ubuntu/.local/lib/python3.10/site-packages/airflow/example_dags/example_branch_python_dop_operator_3.py
[2024-02-02T13:06:33.986+0100] {processor.py:830} INFO - Processing file /home/ubuntu/.local/lib/python3.10/site-packages/airflow/example_dags/example_branch_python_dop_operator_3.py for tasks to queue
[2024-02-02T13:06:33.990+0100] {logging_mixin.py:188} INFO - [2024-02-02T13:06:33.988+0100] {dagbag.py:538} INFO - Filling up the DagBag from /home/ubuntu/.local/lib/python3.10/site-packages/airflow/example_dags/example_branch_python_dop_operator_3.py
[2024-02-02T13:06:34.030+0100] {processor.py:840} INFO - DAG(s) 'example_branch_dop_operator_v3' retrieved from /home/ubuntu/.local/lib/python3.10/site-packages/airflow/example_dags/example_branch_python_dop_operator_3.py
[2024-02-02T13:06:34.160+0100] {logging_mixin.py:188} INFO - [2024-02-02T13:06:34.160+0100] {dag.py:3033} INFO - Sync 1 DAGs
[2024-02-02T13:06:34.245+0100] {logging_mixin.py:188} INFO - [2024-02-02T13:06:34.245+0100] {dag.py:3820} INFO - Setting next_dagrun for example_branch_dop_operator_v3 to 2024-02-02T12:05:00+00:00, run_after=2024-02-02T12:06:00+00:00
[2024-02-02T13:06:34.457+0100] {processor.py:183} INFO - Processing /home/ubuntu/.local/lib/python3.10/site-packages/airflow/example_dags/example_branch_python_dop_operator_3.py took 0.491 seconds
[2024-02-02T13:07:41.632+0100] {processor.py:161} INFO - Started process (PID=6804) to work on /home/ubuntu/.local/lib/python3.10/site-packages/airflow/example_dags/example_branch_python_dop_operator_3.py
[2024-02-02T13:07:41.634+0100] {processor.py:830} INFO - Processing file /home/ubuntu/.local/lib/python3.10/site-packages/airflow/example_dags/example_branch_python_dop_operator_3.py for tasks to queue
[2024-02-02T13:07:41.635+0100] {logging_mixin.py:188} INFO - [2024-02-02T13:07:41.635+0100] {dagbag.py:538} INFO - Filling up the DagBag from /home/ubuntu/.local/lib/python3.10/site-packages/airflow/example_dags/example_branch_python_dop_operator_3.py
[2024-02-02T13:07:41.647+0100] {processor.py:840} INFO - DAG(s) 'example_branch_dop_operator_v3' retrieved from /home/ubuntu/.local/lib/python3.10/site-packages/airflow/example_dags/example_branch_python_dop_operator_3.py
[2024-02-02T13:07:41.668+0100] {logging_mixin.py:188} INFO - [2024-02-02T13:07:41.667+0100] {dag.py:3033} INFO - Sync 1 DAGs
[2024-02-02T13:07:41.694+0100] {logging_mixin.py:188} INFO - [2024-02-02T13:07:41.694+0100] {dag.py:3820} INFO - Setting next_dagrun for example_branch_dop_operator_v3 to 2024-02-02T12:06:00+00:00, run_after=2024-02-02T12:07:00+00:00
[2024-02-02T13:07:41.729+0100] {processor.py:183} INFO - Processing /home/ubuntu/.local/lib/python3.10/site-packages/airflow/example_dags/example_branch_python_dop_operator_3.py took 0.101 seconds
[2024-02-02T13:08:49.249+0100] {processor.py:161} INFO - Started process (PID=6880) to work on /home/ubuntu/.local/lib/python3.10/site-packages/airflow/example_dags/example_branch_python_dop_operator_3.py
[2024-02-02T13:08:49.283+0100] {processor.py:830} INFO - Processing file /home/ubuntu/.local/lib/python3.10/site-packages/airflow/example_dags/example_branch_python_dop_operator_3.py for tasks to queue
[2024-02-02T13:08:49.284+0100] {logging_mixin.py:188} INFO - [2024-02-02T13:08:49.284+0100] {dagbag.py:538} INFO - Filling up the DagBag from /home/ubuntu/.local/lib/python3.10/site-packages/airflow/example_dags/example_branch_python_dop_operator_3.py
[2024-02-02T13:08:49.378+0100] {processor.py:840} INFO - DAG(s) 'example_branch_dop_operator_v3' retrieved from /home/ubuntu/.local/lib/python3.10/site-packages/airflow/example_dags/example_branch_python_dop_operator_3.py
[2024-02-02T13:08:49.454+0100] {logging_mixin.py:188} INFO - [2024-02-02T13:08:49.453+0100] {dag.py:3033} INFO - Sync 1 DAGs
[2024-02-02T13:08:49.543+0100] {logging_mixin.py:188} INFO - [2024-02-02T13:08:49.543+0100] {dag.py:3820} INFO - Setting next_dagrun for example_branch_dop_operator_v3 to 2024-02-02T12:07:00+00:00, run_after=2024-02-02T12:08:00+00:00
[2024-02-02T13:08:49.747+0100] {processor.py:183} INFO - Processing /home/ubuntu/.local/lib/python3.10/site-packages/airflow/example_dags/example_branch_python_dop_operator_3.py took 0.510 seconds
[2024-02-02T13:09:45.531+0100] {processor.py:161} INFO - Started process (PID=6955) to work on /home/ubuntu/.local/lib/python3.10/site-packages/airflow/example_dags/example_branch_python_dop_operator_3.py
[2024-02-02T13:09:45.533+0100] {processor.py:830} INFO - Processing file /home/ubuntu/.local/lib/python3.10/site-packages/airflow/example_dags/example_branch_python_dop_operator_3.py for tasks to queue
[2024-02-02T13:09:45.534+0100] {logging_mixin.py:188} INFO - [2024-02-02T13:09:45.534+0100] {dagbag.py:538} INFO - Filling up the DagBag from /home/ubuntu/.local/lib/python3.10/site-packages/airflow/example_dags/example_branch_python_dop_operator_3.py
[2024-02-02T13:09:45.545+0100] {processor.py:840} INFO - DAG(s) 'example_branch_dop_operator_v3' retrieved from /home/ubuntu/.local/lib/python3.10/site-packages/airflow/example_dags/example_branch_python_dop_operator_3.py
[2024-02-02T13:09:45.563+0100] {logging_mixin.py:188} INFO - [2024-02-02T13:09:45.563+0100] {dag.py:3033} INFO - Sync 1 DAGs
[2024-02-02T13:09:45.603+0100] {logging_mixin.py:188} INFO - [2024-02-02T13:09:45.603+0100] {dag.py:3820} INFO - Setting next_dagrun for example_branch_dop_operator_v3 to 2024-02-02T12:08:00+00:00, run_after=2024-02-02T12:09:00+00:00
[2024-02-02T13:09:45.652+0100] {processor.py:183} INFO - Processing /home/ubuntu/.local/lib/python3.10/site-packages/airflow/example_dags/example_branch_python_dop_operator_3.py took 0.125 seconds
[2024-02-02T13:10:42.807+0100] {processor.py:161} INFO - Started process (PID=7520) to work on /home/ubuntu/.local/lib/python3.10/site-packages/airflow/example_dags/example_branch_python_dop_operator_3.py
[2024-02-02T13:10:42.839+0100] {processor.py:830} INFO - Processing file /home/ubuntu/.local/lib/python3.10/site-packages/airflow/example_dags/example_branch_python_dop_operator_3.py for tasks to queue
[2024-02-02T13:10:42.850+0100] {logging_mixin.py:188} INFO - [2024-02-02T13:10:42.842+0100] {dagbag.py:538} INFO - Filling up the DagBag from /home/ubuntu/.local/lib/python3.10/site-packages/airflow/example_dags/example_branch_python_dop_operator_3.py
[2024-02-02T13:10:43.180+0100] {processor.py:840} INFO - DAG(s) 'example_branch_dop_operator_v3' retrieved from /home/ubuntu/.local/lib/python3.10/site-packages/airflow/example_dags/example_branch_python_dop_operator_3.py
[2024-02-02T13:10:43.623+0100] {logging_mixin.py:188} INFO - [2024-02-02T13:10:43.599+0100] {dag.py:3033} INFO - Sync 1 DAGs
[2024-02-02T13:10:44.039+0100] {logging_mixin.py:188} INFO - [2024-02-02T13:10:44.039+0100] {dag.py:3820} INFO - Setting next_dagrun for example_branch_dop_operator_v3 to 2024-02-02T12:09:00+00:00, run_after=2024-02-02T12:10:00+00:00
[2024-02-02T13:10:44.137+0100] {processor.py:183} INFO - Processing /home/ubuntu/.local/lib/python3.10/site-packages/airflow/example_dags/example_branch_python_dop_operator_3.py took 1.374 seconds
