[2024-02-02T08:38:34.734+0100] {processor.py:161} INFO - Started process (PID=23853) to work on /home/ubuntu/.local/lib/python3.10/site-packages/airflow/example_dags/example_kubernetes_executor.py
[2024-02-02T08:38:34.735+0100] {processor.py:830} INFO - Processing file /home/ubuntu/.local/lib/python3.10/site-packages/airflow/example_dags/example_kubernetes_executor.py for tasks to queue
[2024-02-02T08:38:34.736+0100] {logging_mixin.py:188} INFO - [2024-02-02T08:38:34.735+0100] {dagbag.py:538} INFO - Filling up the DagBag from /home/ubuntu/.local/lib/python3.10/site-packages/airflow/example_dags/example_kubernetes_executor.py
[2024-02-02T08:38:34.926+0100] {processor.py:840} INFO - DAG(s) 'example_kubernetes_executor' retrieved from /home/ubuntu/.local/lib/python3.10/site-packages/airflow/example_dags/example_kubernetes_executor.py
[2024-02-02T08:38:34.948+0100] {logging_mixin.py:188} WARNING - /home/ubuntu/.local/lib/python3.10/site-packages/airflow/serialization/serialized_objects.py:1563 DeprecationWarning: This module is deprecated. The `cncf.kubernetes` provider before version 7.4.0 uses this module - you should migrate to a newer version of `cncf.kubernetes` to get rid of this warning. If you import the module via `airflow.kubernetes` import, please use `cncf.kubernetes' provider 7.4.0+ and switch all your imports to use `apache.airflow.providers.cncf.kubernetes` to get rid of the warning.
[2024-02-02T08:38:34.962+0100] {logging_mixin.py:188} INFO - [2024-02-02T08:38:34.961+0100] {dag.py:3033} INFO - Sync 1 DAGs
[2024-02-02T08:38:34.980+0100] {logging_mixin.py:188} INFO - [2024-02-02T08:38:34.979+0100] {dag.py:3820} INFO - Setting next_dagrun for example_kubernetes_executor to None, run_after=None
[2024-02-02T08:38:35.056+0100] {processor.py:183} INFO - Processing /home/ubuntu/.local/lib/python3.10/site-packages/airflow/example_dags/example_kubernetes_executor.py took 0.326 seconds
[2024-02-02T08:39:38.388+0100] {processor.py:161} INFO - Started process (PID=23948) to work on /home/ubuntu/.local/lib/python3.10/site-packages/airflow/example_dags/example_kubernetes_executor.py
[2024-02-02T08:39:38.390+0100] {processor.py:830} INFO - Processing file /home/ubuntu/.local/lib/python3.10/site-packages/airflow/example_dags/example_kubernetes_executor.py for tasks to queue
[2024-02-02T08:39:38.391+0100] {logging_mixin.py:188} INFO - [2024-02-02T08:39:38.390+0100] {dagbag.py:538} INFO - Filling up the DagBag from /home/ubuntu/.local/lib/python3.10/site-packages/airflow/example_dags/example_kubernetes_executor.py
[2024-02-02T08:39:38.701+0100] {processor.py:840} INFO - DAG(s) 'example_kubernetes_executor' retrieved from /home/ubuntu/.local/lib/python3.10/site-packages/airflow/example_dags/example_kubernetes_executor.py
[2024-02-02T08:39:38.711+0100] {logging_mixin.py:188} WARNING - /home/ubuntu/.local/lib/python3.10/site-packages/airflow/serialization/serialized_objects.py:1563 DeprecationWarning: This module is deprecated. The `cncf.kubernetes` provider before version 7.4.0 uses this module - you should migrate to a newer version of `cncf.kubernetes` to get rid of this warning. If you import the module via `airflow.kubernetes` import, please use `cncf.kubernetes' provider 7.4.0+ and switch all your imports to use `apache.airflow.providers.cncf.kubernetes` to get rid of the warning.
[2024-02-02T08:39:38.718+0100] {logging_mixin.py:188} INFO - [2024-02-02T08:39:38.718+0100] {dag.py:3033} INFO - Sync 1 DAGs
[2024-02-02T08:39:38.725+0100] {logging_mixin.py:188} INFO - [2024-02-02T08:39:38.725+0100] {dag.py:3820} INFO - Setting next_dagrun for example_kubernetes_executor to None, run_after=None
[2024-02-02T08:39:38.790+0100] {processor.py:183} INFO - Processing /home/ubuntu/.local/lib/python3.10/site-packages/airflow/example_dags/example_kubernetes_executor.py took 0.406 seconds
[2024-02-02T12:42:03.694+0100] {processor.py:161} INFO - Started process (PID=4614) to work on /home/ubuntu/.local/lib/python3.10/site-packages/airflow/example_dags/example_kubernetes_executor.py
[2024-02-02T12:42:03.703+0100] {processor.py:830} INFO - Processing file /home/ubuntu/.local/lib/python3.10/site-packages/airflow/example_dags/example_kubernetes_executor.py for tasks to queue
[2024-02-02T12:42:03.704+0100] {logging_mixin.py:188} INFO - [2024-02-02T12:42:03.704+0100] {dagbag.py:538} INFO - Filling up the DagBag from /home/ubuntu/.local/lib/python3.10/site-packages/airflow/example_dags/example_kubernetes_executor.py
[2024-02-02T12:42:05.362+0100] {processor.py:840} INFO - DAG(s) 'example_kubernetes_executor' retrieved from /home/ubuntu/.local/lib/python3.10/site-packages/airflow/example_dags/example_kubernetes_executor.py
[2024-02-02T12:42:05.376+0100] {logging_mixin.py:188} WARNING - /home/ubuntu/.local/lib/python3.10/site-packages/airflow/serialization/serialized_objects.py:1563 DeprecationWarning: This module is deprecated. The `cncf.kubernetes` provider before version 7.4.0 uses this module - you should migrate to a newer version of `cncf.kubernetes` to get rid of this warning. If you import the module via `airflow.kubernetes` import, please use `cncf.kubernetes' provider 7.4.0+ and switch all your imports to use `apache.airflow.providers.cncf.kubernetes` to get rid of the warning.
[2024-02-02T12:42:05.454+0100] {logging_mixin.py:188} INFO - [2024-02-02T12:42:05.453+0100] {dag.py:3033} INFO - Sync 1 DAGs
[2024-02-02T12:42:05.462+0100] {logging_mixin.py:188} INFO - [2024-02-02T12:42:05.462+0100] {dag.py:3820} INFO - Setting next_dagrun for example_kubernetes_executor to None, run_after=None
[2024-02-02T12:42:05.490+0100] {processor.py:183} INFO - Processing /home/ubuntu/.local/lib/python3.10/site-packages/airflow/example_dags/example_kubernetes_executor.py took 1.799 seconds
[2024-02-02T12:43:14.978+0100] {processor.py:161} INFO - Started process (PID=4721) to work on /home/ubuntu/.local/lib/python3.10/site-packages/airflow/example_dags/example_kubernetes_executor.py
[2024-02-02T12:43:14.983+0100] {processor.py:830} INFO - Processing file /home/ubuntu/.local/lib/python3.10/site-packages/airflow/example_dags/example_kubernetes_executor.py for tasks to queue
[2024-02-02T12:43:14.986+0100] {logging_mixin.py:188} INFO - [2024-02-02T12:43:14.985+0100] {dagbag.py:538} INFO - Filling up the DagBag from /home/ubuntu/.local/lib/python3.10/site-packages/airflow/example_dags/example_kubernetes_executor.py
[2024-02-02T12:43:15.945+0100] {processor.py:840} INFO - DAG(s) 'example_kubernetes_executor' retrieved from /home/ubuntu/.local/lib/python3.10/site-packages/airflow/example_dags/example_kubernetes_executor.py
[2024-02-02T12:43:15.982+0100] {logging_mixin.py:188} WARNING - /home/ubuntu/.local/lib/python3.10/site-packages/airflow/serialization/serialized_objects.py:1563 DeprecationWarning: This module is deprecated. The `cncf.kubernetes` provider before version 7.4.0 uses this module - you should migrate to a newer version of `cncf.kubernetes` to get rid of this warning. If you import the module via `airflow.kubernetes` import, please use `cncf.kubernetes' provider 7.4.0+ and switch all your imports to use `apache.airflow.providers.cncf.kubernetes` to get rid of the warning.
[2024-02-02T12:43:16.006+0100] {logging_mixin.py:188} INFO - [2024-02-02T12:43:16.005+0100] {dag.py:3033} INFO - Sync 1 DAGs
[2024-02-02T12:43:16.027+0100] {logging_mixin.py:188} INFO - [2024-02-02T12:43:16.027+0100] {dag.py:3820} INFO - Setting next_dagrun for example_kubernetes_executor to None, run_after=None
[2024-02-02T12:43:16.171+0100] {processor.py:183} INFO - Processing /home/ubuntu/.local/lib/python3.10/site-packages/airflow/example_dags/example_kubernetes_executor.py took 1.202 seconds
[2024-02-02T12:44:32.565+0100] {processor.py:161} INFO - Started process (PID=4790) to work on /home/ubuntu/.local/lib/python3.10/site-packages/airflow/example_dags/example_kubernetes_executor.py
[2024-02-02T12:44:32.578+0100] {processor.py:830} INFO - Processing file /home/ubuntu/.local/lib/python3.10/site-packages/airflow/example_dags/example_kubernetes_executor.py for tasks to queue
[2024-02-02T12:44:32.580+0100] {logging_mixin.py:188} INFO - [2024-02-02T12:44:32.579+0100] {dagbag.py:538} INFO - Filling up the DagBag from /home/ubuntu/.local/lib/python3.10/site-packages/airflow/example_dags/example_kubernetes_executor.py
[2024-02-02T12:44:33.423+0100] {processor.py:840} INFO - DAG(s) 'example_kubernetes_executor' retrieved from /home/ubuntu/.local/lib/python3.10/site-packages/airflow/example_dags/example_kubernetes_executor.py
[2024-02-02T12:44:33.474+0100] {logging_mixin.py:188} WARNING - /home/ubuntu/.local/lib/python3.10/site-packages/airflow/serialization/serialized_objects.py:1563 DeprecationWarning: This module is deprecated. The `cncf.kubernetes` provider before version 7.4.0 uses this module - you should migrate to a newer version of `cncf.kubernetes` to get rid of this warning. If you import the module via `airflow.kubernetes` import, please use `cncf.kubernetes' provider 7.4.0+ and switch all your imports to use `apache.airflow.providers.cncf.kubernetes` to get rid of the warning.
[2024-02-02T12:44:33.508+0100] {logging_mixin.py:188} INFO - [2024-02-02T12:44:33.508+0100] {dag.py:3033} INFO - Sync 1 DAGs
[2024-02-02T12:44:33.527+0100] {logging_mixin.py:188} INFO - [2024-02-02T12:44:33.527+0100] {dag.py:3820} INFO - Setting next_dagrun for example_kubernetes_executor to None, run_after=None
[2024-02-02T12:44:33.587+0100] {processor.py:183} INFO - Processing /home/ubuntu/.local/lib/python3.10/site-packages/airflow/example_dags/example_kubernetes_executor.py took 1.057 seconds
[2024-02-02T12:45:49.147+0100] {processor.py:161} INFO - Started process (PID=4896) to work on /home/ubuntu/.local/lib/python3.10/site-packages/airflow/example_dags/example_kubernetes_executor.py
[2024-02-02T12:45:49.159+0100] {processor.py:830} INFO - Processing file /home/ubuntu/.local/lib/python3.10/site-packages/airflow/example_dags/example_kubernetes_executor.py for tasks to queue
[2024-02-02T12:45:49.163+0100] {logging_mixin.py:188} INFO - [2024-02-02T12:45:49.160+0100] {dagbag.py:538} INFO - Filling up the DagBag from /home/ubuntu/.local/lib/python3.10/site-packages/airflow/example_dags/example_kubernetes_executor.py
[2024-02-02T12:45:50.043+0100] {processor.py:840} INFO - DAG(s) 'example_kubernetes_executor' retrieved from /home/ubuntu/.local/lib/python3.10/site-packages/airflow/example_dags/example_kubernetes_executor.py
[2024-02-02T12:45:50.082+0100] {logging_mixin.py:188} WARNING - /home/ubuntu/.local/lib/python3.10/site-packages/airflow/serialization/serialized_objects.py:1563 DeprecationWarning: This module is deprecated. The `cncf.kubernetes` provider before version 7.4.0 uses this module - you should migrate to a newer version of `cncf.kubernetes` to get rid of this warning. If you import the module via `airflow.kubernetes` import, please use `cncf.kubernetes' provider 7.4.0+ and switch all your imports to use `apache.airflow.providers.cncf.kubernetes` to get rid of the warning.
[2024-02-02T12:45:50.098+0100] {logging_mixin.py:188} INFO - [2024-02-02T12:45:50.097+0100] {dag.py:3033} INFO - Sync 1 DAGs
[2024-02-02T12:45:50.134+0100] {logging_mixin.py:188} INFO - [2024-02-02T12:45:50.133+0100] {dag.py:3820} INFO - Setting next_dagrun for example_kubernetes_executor to None, run_after=None
[2024-02-02T12:45:50.249+0100] {processor.py:183} INFO - Processing /home/ubuntu/.local/lib/python3.10/site-packages/airflow/example_dags/example_kubernetes_executor.py took 1.109 seconds
[2024-02-02T12:47:07.758+0100] {processor.py:161} INFO - Started process (PID=4971) to work on /home/ubuntu/.local/lib/python3.10/site-packages/airflow/example_dags/example_kubernetes_executor.py
[2024-02-02T12:47:07.761+0100] {processor.py:830} INFO - Processing file /home/ubuntu/.local/lib/python3.10/site-packages/airflow/example_dags/example_kubernetes_executor.py for tasks to queue
[2024-02-02T12:47:07.764+0100] {logging_mixin.py:188} INFO - [2024-02-02T12:47:07.763+0100] {dagbag.py:538} INFO - Filling up the DagBag from /home/ubuntu/.local/lib/python3.10/site-packages/airflow/example_dags/example_kubernetes_executor.py
[2024-02-02T12:47:08.569+0100] {processor.py:840} INFO - DAG(s) 'example_kubernetes_executor' retrieved from /home/ubuntu/.local/lib/python3.10/site-packages/airflow/example_dags/example_kubernetes_executor.py
[2024-02-02T12:47:08.588+0100] {logging_mixin.py:188} WARNING - /home/ubuntu/.local/lib/python3.10/site-packages/airflow/serialization/serialized_objects.py:1563 DeprecationWarning: This module is deprecated. The `cncf.kubernetes` provider before version 7.4.0 uses this module - you should migrate to a newer version of `cncf.kubernetes` to get rid of this warning. If you import the module via `airflow.kubernetes` import, please use `cncf.kubernetes' provider 7.4.0+ and switch all your imports to use `apache.airflow.providers.cncf.kubernetes` to get rid of the warning.
[2024-02-02T12:47:08.606+0100] {logging_mixin.py:188} INFO - [2024-02-02T12:47:08.604+0100] {dag.py:3033} INFO - Sync 1 DAGs
[2024-02-02T12:47:08.635+0100] {logging_mixin.py:188} INFO - [2024-02-02T12:47:08.635+0100] {dag.py:3820} INFO - Setting next_dagrun for example_kubernetes_executor to None, run_after=None
[2024-02-02T12:47:08.794+0100] {processor.py:183} INFO - Processing /home/ubuntu/.local/lib/python3.10/site-packages/airflow/example_dags/example_kubernetes_executor.py took 1.044 seconds
[2024-02-02T12:48:37.389+0100] {processor.py:161} INFO - Started process (PID=5049) to work on /home/ubuntu/.local/lib/python3.10/site-packages/airflow/example_dags/example_kubernetes_executor.py
[2024-02-02T12:48:37.407+0100] {processor.py:830} INFO - Processing file /home/ubuntu/.local/lib/python3.10/site-packages/airflow/example_dags/example_kubernetes_executor.py for tasks to queue
[2024-02-02T12:48:37.421+0100] {logging_mixin.py:188} INFO - [2024-02-02T12:48:37.419+0100] {dagbag.py:538} INFO - Filling up the DagBag from /home/ubuntu/.local/lib/python3.10/site-packages/airflow/example_dags/example_kubernetes_executor.py
[2024-02-02T12:48:38.722+0100] {processor.py:840} INFO - DAG(s) 'example_kubernetes_executor' retrieved from /home/ubuntu/.local/lib/python3.10/site-packages/airflow/example_dags/example_kubernetes_executor.py
[2024-02-02T12:48:38.753+0100] {logging_mixin.py:188} WARNING - /home/ubuntu/.local/lib/python3.10/site-packages/airflow/serialization/serialized_objects.py:1563 DeprecationWarning: This module is deprecated. The `cncf.kubernetes` provider before version 7.4.0 uses this module - you should migrate to a newer version of `cncf.kubernetes` to get rid of this warning. If you import the module via `airflow.kubernetes` import, please use `cncf.kubernetes' provider 7.4.0+ and switch all your imports to use `apache.airflow.providers.cncf.kubernetes` to get rid of the warning.
[2024-02-02T12:48:38.796+0100] {logging_mixin.py:188} INFO - [2024-02-02T12:48:38.795+0100] {dag.py:3033} INFO - Sync 1 DAGs
[2024-02-02T12:48:38.856+0100] {logging_mixin.py:188} INFO - [2024-02-02T12:48:38.856+0100] {dag.py:3820} INFO - Setting next_dagrun for example_kubernetes_executor to None, run_after=None
[2024-02-02T12:48:39.160+0100] {processor.py:183} INFO - Processing /home/ubuntu/.local/lib/python3.10/site-packages/airflow/example_dags/example_kubernetes_executor.py took 1.780 seconds
[2024-02-02T12:50:02.062+0100] {processor.py:161} INFO - Started process (PID=5118) to work on /home/ubuntu/.local/lib/python3.10/site-packages/airflow/example_dags/example_kubernetes_executor.py
[2024-02-02T12:50:02.066+0100] {processor.py:830} INFO - Processing file /home/ubuntu/.local/lib/python3.10/site-packages/airflow/example_dags/example_kubernetes_executor.py for tasks to queue
[2024-02-02T12:50:02.069+0100] {logging_mixin.py:188} INFO - [2024-02-02T12:50:02.068+0100] {dagbag.py:538} INFO - Filling up the DagBag from /home/ubuntu/.local/lib/python3.10/site-packages/airflow/example_dags/example_kubernetes_executor.py
[2024-02-02T12:50:03.109+0100] {processor.py:840} INFO - DAG(s) 'example_kubernetes_executor' retrieved from /home/ubuntu/.local/lib/python3.10/site-packages/airflow/example_dags/example_kubernetes_executor.py
[2024-02-02T12:50:03.132+0100] {logging_mixin.py:188} WARNING - /home/ubuntu/.local/lib/python3.10/site-packages/airflow/serialization/serialized_objects.py:1563 DeprecationWarning: This module is deprecated. The `cncf.kubernetes` provider before version 7.4.0 uses this module - you should migrate to a newer version of `cncf.kubernetes` to get rid of this warning. If you import the module via `airflow.kubernetes` import, please use `cncf.kubernetes' provider 7.4.0+ and switch all your imports to use `apache.airflow.providers.cncf.kubernetes` to get rid of the warning.
[2024-02-02T12:50:03.185+0100] {logging_mixin.py:188} INFO - [2024-02-02T12:50:03.183+0100] {dag.py:3033} INFO - Sync 1 DAGs
[2024-02-02T12:50:03.217+0100] {logging_mixin.py:188} INFO - [2024-02-02T12:50:03.217+0100] {dag.py:3820} INFO - Setting next_dagrun for example_kubernetes_executor to None, run_after=None
[2024-02-02T12:50:03.279+0100] {processor.py:183} INFO - Processing /home/ubuntu/.local/lib/python3.10/site-packages/airflow/example_dags/example_kubernetes_executor.py took 1.224 seconds
[2024-02-02T12:51:20.888+0100] {processor.py:161} INFO - Started process (PID=5185) to work on /home/ubuntu/.local/lib/python3.10/site-packages/airflow/example_dags/example_kubernetes_executor.py
[2024-02-02T12:51:20.892+0100] {processor.py:830} INFO - Processing file /home/ubuntu/.local/lib/python3.10/site-packages/airflow/example_dags/example_kubernetes_executor.py for tasks to queue
[2024-02-02T12:51:20.894+0100] {logging_mixin.py:188} INFO - [2024-02-02T12:51:20.893+0100] {dagbag.py:538} INFO - Filling up the DagBag from /home/ubuntu/.local/lib/python3.10/site-packages/airflow/example_dags/example_kubernetes_executor.py
[2024-02-02T12:51:21.792+0100] {processor.py:840} INFO - DAG(s) 'example_kubernetes_executor' retrieved from /home/ubuntu/.local/lib/python3.10/site-packages/airflow/example_dags/example_kubernetes_executor.py
[2024-02-02T12:51:21.817+0100] {logging_mixin.py:188} WARNING - /home/ubuntu/.local/lib/python3.10/site-packages/airflow/serialization/serialized_objects.py:1563 DeprecationWarning: This module is deprecated. The `cncf.kubernetes` provider before version 7.4.0 uses this module - you should migrate to a newer version of `cncf.kubernetes` to get rid of this warning. If you import the module via `airflow.kubernetes` import, please use `cncf.kubernetes' provider 7.4.0+ and switch all your imports to use `apache.airflow.providers.cncf.kubernetes` to get rid of the warning.
[2024-02-02T12:51:21.835+0100] {logging_mixin.py:188} INFO - [2024-02-02T12:51:21.834+0100] {dag.py:3033} INFO - Sync 1 DAGs
[2024-02-02T12:51:21.879+0100] {logging_mixin.py:188} INFO - [2024-02-02T12:51:21.879+0100] {dag.py:3820} INFO - Setting next_dagrun for example_kubernetes_executor to None, run_after=None
[2024-02-02T12:51:21.956+0100] {processor.py:183} INFO - Processing /home/ubuntu/.local/lib/python3.10/site-packages/airflow/example_dags/example_kubernetes_executor.py took 1.076 seconds
[2024-02-02T12:52:33.753+0100] {processor.py:161} INFO - Started process (PID=5249) to work on /home/ubuntu/.local/lib/python3.10/site-packages/airflow/example_dags/example_kubernetes_executor.py
[2024-02-02T12:52:33.760+0100] {processor.py:830} INFO - Processing file /home/ubuntu/.local/lib/python3.10/site-packages/airflow/example_dags/example_kubernetes_executor.py for tasks to queue
[2024-02-02T12:52:33.762+0100] {logging_mixin.py:188} INFO - [2024-02-02T12:52:33.761+0100] {dagbag.py:538} INFO - Filling up the DagBag from /home/ubuntu/.local/lib/python3.10/site-packages/airflow/example_dags/example_kubernetes_executor.py
[2024-02-02T12:52:34.529+0100] {processor.py:840} INFO - DAG(s) 'example_kubernetes_executor' retrieved from /home/ubuntu/.local/lib/python3.10/site-packages/airflow/example_dags/example_kubernetes_executor.py
[2024-02-02T12:52:34.564+0100] {logging_mixin.py:188} WARNING - /home/ubuntu/.local/lib/python3.10/site-packages/airflow/serialization/serialized_objects.py:1563 DeprecationWarning: This module is deprecated. The `cncf.kubernetes` provider before version 7.4.0 uses this module - you should migrate to a newer version of `cncf.kubernetes` to get rid of this warning. If you import the module via `airflow.kubernetes` import, please use `cncf.kubernetes' provider 7.4.0+ and switch all your imports to use `apache.airflow.providers.cncf.kubernetes` to get rid of the warning.
[2024-02-02T12:52:34.624+0100] {logging_mixin.py:188} INFO - [2024-02-02T12:52:34.624+0100] {dag.py:3033} INFO - Sync 1 DAGs
[2024-02-02T12:52:34.651+0100] {logging_mixin.py:188} INFO - [2024-02-02T12:52:34.651+0100] {dag.py:3820} INFO - Setting next_dagrun for example_kubernetes_executor to None, run_after=None
[2024-02-02T12:52:34.706+0100] {processor.py:183} INFO - Processing /home/ubuntu/.local/lib/python3.10/site-packages/airflow/example_dags/example_kubernetes_executor.py took 0.956 seconds
[2024-02-02T12:53:50.401+0100] {processor.py:161} INFO - Started process (PID=5322) to work on /home/ubuntu/.local/lib/python3.10/site-packages/airflow/example_dags/example_kubernetes_executor.py
[2024-02-02T12:53:50.404+0100] {processor.py:830} INFO - Processing file /home/ubuntu/.local/lib/python3.10/site-packages/airflow/example_dags/example_kubernetes_executor.py for tasks to queue
[2024-02-02T12:53:50.406+0100] {logging_mixin.py:188} INFO - [2024-02-02T12:53:50.405+0100] {dagbag.py:538} INFO - Filling up the DagBag from /home/ubuntu/.local/lib/python3.10/site-packages/airflow/example_dags/example_kubernetes_executor.py
[2024-02-02T12:53:51.352+0100] {processor.py:840} INFO - DAG(s) 'example_kubernetes_executor' retrieved from /home/ubuntu/.local/lib/python3.10/site-packages/airflow/example_dags/example_kubernetes_executor.py
[2024-02-02T12:53:51.377+0100] {logging_mixin.py:188} WARNING - /home/ubuntu/.local/lib/python3.10/site-packages/airflow/serialization/serialized_objects.py:1563 DeprecationWarning: This module is deprecated. The `cncf.kubernetes` provider before version 7.4.0 uses this module - you should migrate to a newer version of `cncf.kubernetes` to get rid of this warning. If you import the module via `airflow.kubernetes` import, please use `cncf.kubernetes' provider 7.4.0+ and switch all your imports to use `apache.airflow.providers.cncf.kubernetes` to get rid of the warning.
[2024-02-02T12:53:51.407+0100] {logging_mixin.py:188} INFO - [2024-02-02T12:53:51.407+0100] {dag.py:3033} INFO - Sync 1 DAGs
[2024-02-02T12:53:51.444+0100] {logging_mixin.py:188} INFO - [2024-02-02T12:53:51.444+0100] {dag.py:3820} INFO - Setting next_dagrun for example_kubernetes_executor to None, run_after=None
[2024-02-02T12:53:51.576+0100] {processor.py:183} INFO - Processing /home/ubuntu/.local/lib/python3.10/site-packages/airflow/example_dags/example_kubernetes_executor.py took 1.188 seconds
[2024-02-02T12:55:07.602+0100] {processor.py:161} INFO - Started process (PID=5388) to work on /home/ubuntu/.local/lib/python3.10/site-packages/airflow/example_dags/example_kubernetes_executor.py
[2024-02-02T12:55:07.628+0100] {processor.py:830} INFO - Processing file /home/ubuntu/.local/lib/python3.10/site-packages/airflow/example_dags/example_kubernetes_executor.py for tasks to queue
[2024-02-02T12:55:07.650+0100] {logging_mixin.py:188} INFO - [2024-02-02T12:55:07.649+0100] {dagbag.py:538} INFO - Filling up the DagBag from /home/ubuntu/.local/lib/python3.10/site-packages/airflow/example_dags/example_kubernetes_executor.py
[2024-02-02T12:55:08.646+0100] {processor.py:840} INFO - DAG(s) 'example_kubernetes_executor' retrieved from /home/ubuntu/.local/lib/python3.10/site-packages/airflow/example_dags/example_kubernetes_executor.py
[2024-02-02T12:55:08.682+0100] {logging_mixin.py:188} WARNING - /home/ubuntu/.local/lib/python3.10/site-packages/airflow/serialization/serialized_objects.py:1563 DeprecationWarning: This module is deprecated. The `cncf.kubernetes` provider before version 7.4.0 uses this module - you should migrate to a newer version of `cncf.kubernetes` to get rid of this warning. If you import the module via `airflow.kubernetes` import, please use `cncf.kubernetes' provider 7.4.0+ and switch all your imports to use `apache.airflow.providers.cncf.kubernetes` to get rid of the warning.
[2024-02-02T12:55:08.722+0100] {logging_mixin.py:188} INFO - [2024-02-02T12:55:08.721+0100] {dag.py:3033} INFO - Sync 1 DAGs
[2024-02-02T12:55:08.739+0100] {logging_mixin.py:188} INFO - [2024-02-02T12:55:08.738+0100] {dag.py:3820} INFO - Setting next_dagrun for example_kubernetes_executor to None, run_after=None
[2024-02-02T12:55:08.784+0100] {processor.py:183} INFO - Processing /home/ubuntu/.local/lib/python3.10/site-packages/airflow/example_dags/example_kubernetes_executor.py took 1.193 seconds
[2024-02-02T12:56:20.594+0100] {processor.py:161} INFO - Started process (PID=5449) to work on /home/ubuntu/.local/lib/python3.10/site-packages/airflow/example_dags/example_kubernetes_executor.py
[2024-02-02T12:56:20.606+0100] {processor.py:830} INFO - Processing file /home/ubuntu/.local/lib/python3.10/site-packages/airflow/example_dags/example_kubernetes_executor.py for tasks to queue
[2024-02-02T12:56:20.609+0100] {logging_mixin.py:188} INFO - [2024-02-02T12:56:20.609+0100] {dagbag.py:538} INFO - Filling up the DagBag from /home/ubuntu/.local/lib/python3.10/site-packages/airflow/example_dags/example_kubernetes_executor.py
[2024-02-02T12:56:21.438+0100] {processor.py:840} INFO - DAG(s) 'example_kubernetes_executor' retrieved from /home/ubuntu/.local/lib/python3.10/site-packages/airflow/example_dags/example_kubernetes_executor.py
[2024-02-02T12:56:21.469+0100] {logging_mixin.py:188} WARNING - /home/ubuntu/.local/lib/python3.10/site-packages/airflow/serialization/serialized_objects.py:1563 DeprecationWarning: This module is deprecated. The `cncf.kubernetes` provider before version 7.4.0 uses this module - you should migrate to a newer version of `cncf.kubernetes` to get rid of this warning. If you import the module via `airflow.kubernetes` import, please use `cncf.kubernetes' provider 7.4.0+ and switch all your imports to use `apache.airflow.providers.cncf.kubernetes` to get rid of the warning.
[2024-02-02T12:56:21.482+0100] {logging_mixin.py:188} INFO - [2024-02-02T12:56:21.481+0100] {dag.py:3033} INFO - Sync 1 DAGs
[2024-02-02T12:56:21.510+0100] {logging_mixin.py:188} INFO - [2024-02-02T12:56:21.510+0100] {dag.py:3820} INFO - Setting next_dagrun for example_kubernetes_executor to None, run_after=None
[2024-02-02T12:56:21.610+0100] {processor.py:183} INFO - Processing /home/ubuntu/.local/lib/python3.10/site-packages/airflow/example_dags/example_kubernetes_executor.py took 1.022 seconds
[2024-02-02T12:57:33.259+0100] {processor.py:161} INFO - Started process (PID=5527) to work on /home/ubuntu/.local/lib/python3.10/site-packages/airflow/example_dags/example_kubernetes_executor.py
[2024-02-02T12:57:33.261+0100] {processor.py:830} INFO - Processing file /home/ubuntu/.local/lib/python3.10/site-packages/airflow/example_dags/example_kubernetes_executor.py for tasks to queue
[2024-02-02T12:57:33.265+0100] {logging_mixin.py:188} INFO - [2024-02-02T12:57:33.264+0100] {dagbag.py:538} INFO - Filling up the DagBag from /home/ubuntu/.local/lib/python3.10/site-packages/airflow/example_dags/example_kubernetes_executor.py
[2024-02-02T12:57:34.124+0100] {processor.py:840} INFO - DAG(s) 'example_kubernetes_executor' retrieved from /home/ubuntu/.local/lib/python3.10/site-packages/airflow/example_dags/example_kubernetes_executor.py
[2024-02-02T12:57:34.193+0100] {logging_mixin.py:188} WARNING - /home/ubuntu/.local/lib/python3.10/site-packages/airflow/serialization/serialized_objects.py:1563 DeprecationWarning: This module is deprecated. The `cncf.kubernetes` provider before version 7.4.0 uses this module - you should migrate to a newer version of `cncf.kubernetes` to get rid of this warning. If you import the module via `airflow.kubernetes` import, please use `cncf.kubernetes' provider 7.4.0+ and switch all your imports to use `apache.airflow.providers.cncf.kubernetes` to get rid of the warning.
[2024-02-02T12:57:34.217+0100] {logging_mixin.py:188} INFO - [2024-02-02T12:57:34.215+0100] {dag.py:3033} INFO - Sync 1 DAGs
[2024-02-02T12:57:34.237+0100] {logging_mixin.py:188} INFO - [2024-02-02T12:57:34.237+0100] {dag.py:3820} INFO - Setting next_dagrun for example_kubernetes_executor to None, run_after=None
[2024-02-02T12:57:34.323+0100] {processor.py:183} INFO - Processing /home/ubuntu/.local/lib/python3.10/site-packages/airflow/example_dags/example_kubernetes_executor.py took 1.070 seconds
[2024-02-02T12:59:00.789+0100] {processor.py:161} INFO - Started process (PID=5600) to work on /home/ubuntu/.local/lib/python3.10/site-packages/airflow/example_dags/example_kubernetes_executor.py
[2024-02-02T12:59:00.793+0100] {processor.py:830} INFO - Processing file /home/ubuntu/.local/lib/python3.10/site-packages/airflow/example_dags/example_kubernetes_executor.py for tasks to queue
[2024-02-02T12:59:00.796+0100] {logging_mixin.py:188} INFO - [2024-02-02T12:59:00.794+0100] {dagbag.py:538} INFO - Filling up the DagBag from /home/ubuntu/.local/lib/python3.10/site-packages/airflow/example_dags/example_kubernetes_executor.py
[2024-02-02T12:59:02.049+0100] {processor.py:840} INFO - DAG(s) 'example_kubernetes_executor' retrieved from /home/ubuntu/.local/lib/python3.10/site-packages/airflow/example_dags/example_kubernetes_executor.py
[2024-02-02T12:59:02.125+0100] {logging_mixin.py:188} WARNING - /home/ubuntu/.local/lib/python3.10/site-packages/airflow/serialization/serialized_objects.py:1563 DeprecationWarning: This module is deprecated. The `cncf.kubernetes` provider before version 7.4.0 uses this module - you should migrate to a newer version of `cncf.kubernetes` to get rid of this warning. If you import the module via `airflow.kubernetes` import, please use `cncf.kubernetes' provider 7.4.0+ and switch all your imports to use `apache.airflow.providers.cncf.kubernetes` to get rid of the warning.
[2024-02-02T12:59:02.238+0100] {logging_mixin.py:188} INFO - [2024-02-02T12:59:02.237+0100] {dag.py:3033} INFO - Sync 1 DAGs
[2024-02-02T12:59:02.293+0100] {logging_mixin.py:188} INFO - [2024-02-02T12:59:02.292+0100] {dag.py:3820} INFO - Setting next_dagrun for example_kubernetes_executor to None, run_after=None
[2024-02-02T12:59:02.398+0100] {processor.py:183} INFO - Processing /home/ubuntu/.local/lib/python3.10/site-packages/airflow/example_dags/example_kubernetes_executor.py took 1.616 seconds
[2024-02-02T13:01:40.556+0100] {processor.py:161} INFO - Started process (PID=6335) to work on /home/ubuntu/.local/lib/python3.10/site-packages/airflow/example_dags/example_kubernetes_executor.py
[2024-02-02T13:01:40.587+0100] {processor.py:830} INFO - Processing file /home/ubuntu/.local/lib/python3.10/site-packages/airflow/example_dags/example_kubernetes_executor.py for tasks to queue
[2024-02-02T13:01:40.588+0100] {logging_mixin.py:188} INFO - [2024-02-02T13:01:40.588+0100] {dagbag.py:538} INFO - Filling up the DagBag from /home/ubuntu/.local/lib/python3.10/site-packages/airflow/example_dags/example_kubernetes_executor.py
[2024-02-02T13:01:53.967+0100] {processor.py:840} INFO - DAG(s) 'example_kubernetes_executor' retrieved from /home/ubuntu/.local/lib/python3.10/site-packages/airflow/example_dags/example_kubernetes_executor.py
[2024-02-02T13:01:54.529+0100] {logging_mixin.py:188} WARNING - /home/ubuntu/.local/lib/python3.10/site-packages/airflow/serialization/serialized_objects.py:1563 DeprecationWarning: This module is deprecated. The `cncf.kubernetes` provider before version 7.4.0 uses this module - you should migrate to a newer version of `cncf.kubernetes` to get rid of this warning. If you import the module via `airflow.kubernetes` import, please use `cncf.kubernetes' provider 7.4.0+ and switch all your imports to use `apache.airflow.providers.cncf.kubernetes` to get rid of the warning.
[2024-02-02T13:01:54.613+0100] {logging_mixin.py:188} INFO - [2024-02-02T13:01:54.613+0100] {dag.py:3033} INFO - Sync 1 DAGs
[2024-02-02T13:01:54.791+0100] {logging_mixin.py:188} INFO - [2024-02-02T13:01:54.790+0100] {dag.py:3820} INFO - Setting next_dagrun for example_kubernetes_executor to None, run_after=None
[2024-02-02T13:01:55.250+0100] {processor.py:183} INFO - Processing /home/ubuntu/.local/lib/python3.10/site-packages/airflow/example_dags/example_kubernetes_executor.py took 14.759 seconds
[2024-02-02T13:04:49.106+0100] {processor.py:161} INFO - Started process (PID=6610) to work on /home/ubuntu/.local/lib/python3.10/site-packages/airflow/example_dags/example_kubernetes_executor.py
[2024-02-02T13:04:49.116+0100] {processor.py:830} INFO - Processing file /home/ubuntu/.local/lib/python3.10/site-packages/airflow/example_dags/example_kubernetes_executor.py for tasks to queue
[2024-02-02T13:04:49.118+0100] {logging_mixin.py:188} INFO - [2024-02-02T13:04:49.117+0100] {dagbag.py:538} INFO - Filling up the DagBag from /home/ubuntu/.local/lib/python3.10/site-packages/airflow/example_dags/example_kubernetes_executor.py
[2024-02-02T13:04:52.405+0100] {processor.py:840} INFO - DAG(s) 'example_kubernetes_executor' retrieved from /home/ubuntu/.local/lib/python3.10/site-packages/airflow/example_dags/example_kubernetes_executor.py
[2024-02-02T13:04:52.459+0100] {logging_mixin.py:188} WARNING - /home/ubuntu/.local/lib/python3.10/site-packages/airflow/serialization/serialized_objects.py:1563 DeprecationWarning: This module is deprecated. The `cncf.kubernetes` provider before version 7.4.0 uses this module - you should migrate to a newer version of `cncf.kubernetes` to get rid of this warning. If you import the module via `airflow.kubernetes` import, please use `cncf.kubernetes' provider 7.4.0+ and switch all your imports to use `apache.airflow.providers.cncf.kubernetes` to get rid of the warning.
[2024-02-02T13:04:52.516+0100] {logging_mixin.py:188} INFO - [2024-02-02T13:04:52.515+0100] {dag.py:3033} INFO - Sync 1 DAGs
[2024-02-02T13:04:52.607+0100] {logging_mixin.py:188} INFO - [2024-02-02T13:04:52.604+0100] {dag.py:3820} INFO - Setting next_dagrun for example_kubernetes_executor to None, run_after=None
[2024-02-02T13:04:52.838+0100] {processor.py:183} INFO - Processing /home/ubuntu/.local/lib/python3.10/site-packages/airflow/example_dags/example_kubernetes_executor.py took 3.738 seconds
[2024-02-02T13:06:40.481+0100] {processor.py:161} INFO - Started process (PID=6735) to work on /home/ubuntu/.local/lib/python3.10/site-packages/airflow/example_dags/example_kubernetes_executor.py
[2024-02-02T13:06:40.483+0100] {processor.py:830} INFO - Processing file /home/ubuntu/.local/lib/python3.10/site-packages/airflow/example_dags/example_kubernetes_executor.py for tasks to queue
[2024-02-02T13:06:40.486+0100] {logging_mixin.py:188} INFO - [2024-02-02T13:06:40.485+0100] {dagbag.py:538} INFO - Filling up the DagBag from /home/ubuntu/.local/lib/python3.10/site-packages/airflow/example_dags/example_kubernetes_executor.py
[2024-02-02T13:06:41.977+0100] {processor.py:840} INFO - DAG(s) 'example_kubernetes_executor' retrieved from /home/ubuntu/.local/lib/python3.10/site-packages/airflow/example_dags/example_kubernetes_executor.py
[2024-02-02T13:06:42.018+0100] {logging_mixin.py:188} WARNING - /home/ubuntu/.local/lib/python3.10/site-packages/airflow/serialization/serialized_objects.py:1563 DeprecationWarning: This module is deprecated. The `cncf.kubernetes` provider before version 7.4.0 uses this module - you should migrate to a newer version of `cncf.kubernetes` to get rid of this warning. If you import the module via `airflow.kubernetes` import, please use `cncf.kubernetes' provider 7.4.0+ and switch all your imports to use `apache.airflow.providers.cncf.kubernetes` to get rid of the warning.
[2024-02-02T13:06:42.092+0100] {logging_mixin.py:188} INFO - [2024-02-02T13:06:42.091+0100] {dag.py:3033} INFO - Sync 1 DAGs
[2024-02-02T13:06:42.142+0100] {logging_mixin.py:188} INFO - [2024-02-02T13:06:42.142+0100] {dag.py:3820} INFO - Setting next_dagrun for example_kubernetes_executor to None, run_after=None
[2024-02-02T13:06:42.198+0100] {processor.py:183} INFO - Processing /home/ubuntu/.local/lib/python3.10/site-packages/airflow/example_dags/example_kubernetes_executor.py took 1.720 seconds
[2024-02-02T13:07:46.824+0100] {processor.py:161} INFO - Started process (PID=6809) to work on /home/ubuntu/.local/lib/python3.10/site-packages/airflow/example_dags/example_kubernetes_executor.py
[2024-02-02T13:07:46.827+0100] {processor.py:830} INFO - Processing file /home/ubuntu/.local/lib/python3.10/site-packages/airflow/example_dags/example_kubernetes_executor.py for tasks to queue
[2024-02-02T13:07:46.829+0100] {logging_mixin.py:188} INFO - [2024-02-02T13:07:46.829+0100] {dagbag.py:538} INFO - Filling up the DagBag from /home/ubuntu/.local/lib/python3.10/site-packages/airflow/example_dags/example_kubernetes_executor.py
[2024-02-02T13:07:48.982+0100] {processor.py:840} INFO - DAG(s) 'example_kubernetes_executor' retrieved from /home/ubuntu/.local/lib/python3.10/site-packages/airflow/example_dags/example_kubernetes_executor.py
[2024-02-02T13:07:49.020+0100] {logging_mixin.py:188} WARNING - /home/ubuntu/.local/lib/python3.10/site-packages/airflow/serialization/serialized_objects.py:1563 DeprecationWarning: This module is deprecated. The `cncf.kubernetes` provider before version 7.4.0 uses this module - you should migrate to a newer version of `cncf.kubernetes` to get rid of this warning. If you import the module via `airflow.kubernetes` import, please use `cncf.kubernetes' provider 7.4.0+ and switch all your imports to use `apache.airflow.providers.cncf.kubernetes` to get rid of the warning.
[2024-02-02T13:07:49.046+0100] {logging_mixin.py:188} INFO - [2024-02-02T13:07:49.043+0100] {dag.py:3033} INFO - Sync 1 DAGs
[2024-02-02T13:07:49.069+0100] {logging_mixin.py:188} INFO - [2024-02-02T13:07:49.069+0100] {dag.py:3820} INFO - Setting next_dagrun for example_kubernetes_executor to None, run_after=None
[2024-02-02T13:07:49.124+0100] {processor.py:183} INFO - Processing /home/ubuntu/.local/lib/python3.10/site-packages/airflow/example_dags/example_kubernetes_executor.py took 2.303 seconds
[2024-02-02T13:08:55.736+0100] {processor.py:161} INFO - Started process (PID=6896) to work on /home/ubuntu/.local/lib/python3.10/site-packages/airflow/example_dags/example_kubernetes_executor.py
[2024-02-02T13:08:55.739+0100] {processor.py:830} INFO - Processing file /home/ubuntu/.local/lib/python3.10/site-packages/airflow/example_dags/example_kubernetes_executor.py for tasks to queue
[2024-02-02T13:08:55.740+0100] {logging_mixin.py:188} INFO - [2024-02-02T13:08:55.740+0100] {dagbag.py:538} INFO - Filling up the DagBag from /home/ubuntu/.local/lib/python3.10/site-packages/airflow/example_dags/example_kubernetes_executor.py
[2024-02-02T13:08:57.343+0100] {processor.py:840} INFO - DAG(s) 'example_kubernetes_executor' retrieved from /home/ubuntu/.local/lib/python3.10/site-packages/airflow/example_dags/example_kubernetes_executor.py
[2024-02-02T13:08:57.368+0100] {logging_mixin.py:188} WARNING - /home/ubuntu/.local/lib/python3.10/site-packages/airflow/serialization/serialized_objects.py:1563 DeprecationWarning: This module is deprecated. The `cncf.kubernetes` provider before version 7.4.0 uses this module - you should migrate to a newer version of `cncf.kubernetes` to get rid of this warning. If you import the module via `airflow.kubernetes` import, please use `cncf.kubernetes' provider 7.4.0+ and switch all your imports to use `apache.airflow.providers.cncf.kubernetes` to get rid of the warning.
[2024-02-02T13:08:57.383+0100] {logging_mixin.py:188} INFO - [2024-02-02T13:08:57.382+0100] {dag.py:3033} INFO - Sync 1 DAGs
[2024-02-02T13:08:57.398+0100] {logging_mixin.py:188} INFO - [2024-02-02T13:08:57.397+0100] {dag.py:3820} INFO - Setting next_dagrun for example_kubernetes_executor to None, run_after=None
[2024-02-02T13:08:57.448+0100] {processor.py:183} INFO - Processing /home/ubuntu/.local/lib/python3.10/site-packages/airflow/example_dags/example_kubernetes_executor.py took 1.714 seconds
[2024-02-02T13:09:50.815+0100] {processor.py:161} INFO - Started process (PID=6961) to work on /home/ubuntu/.local/lib/python3.10/site-packages/airflow/example_dags/example_kubernetes_executor.py
[2024-02-02T13:09:50.817+0100] {processor.py:830} INFO - Processing file /home/ubuntu/.local/lib/python3.10/site-packages/airflow/example_dags/example_kubernetes_executor.py for tasks to queue
[2024-02-02T13:09:50.819+0100] {logging_mixin.py:188} INFO - [2024-02-02T13:09:50.818+0100] {dagbag.py:538} INFO - Filling up the DagBag from /home/ubuntu/.local/lib/python3.10/site-packages/airflow/example_dags/example_kubernetes_executor.py
[2024-02-02T13:09:51.990+0100] {processor.py:840} INFO - DAG(s) 'example_kubernetes_executor' retrieved from /home/ubuntu/.local/lib/python3.10/site-packages/airflow/example_dags/example_kubernetes_executor.py
[2024-02-02T13:09:52.011+0100] {logging_mixin.py:188} WARNING - /home/ubuntu/.local/lib/python3.10/site-packages/airflow/serialization/serialized_objects.py:1563 DeprecationWarning: This module is deprecated. The `cncf.kubernetes` provider before version 7.4.0 uses this module - you should migrate to a newer version of `cncf.kubernetes` to get rid of this warning. If you import the module via `airflow.kubernetes` import, please use `cncf.kubernetes' provider 7.4.0+ and switch all your imports to use `apache.airflow.providers.cncf.kubernetes` to get rid of the warning.
[2024-02-02T13:09:52.026+0100] {logging_mixin.py:188} INFO - [2024-02-02T13:09:52.026+0100] {dag.py:3033} INFO - Sync 1 DAGs
[2024-02-02T13:09:52.038+0100] {logging_mixin.py:188} INFO - [2024-02-02T13:09:52.037+0100] {dag.py:3820} INFO - Setting next_dagrun for example_kubernetes_executor to None, run_after=None
[2024-02-02T13:09:52.066+0100] {processor.py:183} INFO - Processing /home/ubuntu/.local/lib/python3.10/site-packages/airflow/example_dags/example_kubernetes_executor.py took 1.256 seconds
